Scenario - Timing Task
Logfile written - 03/13/2019 18:55:25

Subject	Trial	Event Type	Code	Time	TTime	Uncertainty	Duration	Uncertainty	ReqTime	ReqDur	Stim Type	Pair Index

10	1	Picture	Instruction	1166	0	1	44318	1	0	next	other	0
10	1	Response	1	40365	39199	0
10	2	Picture	ITI	45484	0	1	10496	1	0	next	other	0
10	3	Sound	Stimuli	55500	0	442			0		other	0
10	4	Picture	Feedback	85970	0	1	20160	1	0	next	other	0
10	5	Picture	ITI	106130	0	1	10163	1	0	next	other	0
10	6	Sound	Stimuli	116132	0	1			0		other	0
10	7	Picture	Feedback	151282	0	1	20160	1	0	next	other	0
10	8	Picture	ITI	171441	0	1	10163	1	0	next	other	0
10	9	Sound	Stimuli	181443	0	1			0		other	0
10	10	Picture	Feedback	211594	0	1	20160	1	0	next	other	0
10	11	Picture	ITI	231754	0	1	10163	1	0	next	other	0
10	12	Sound	Stimuli	241755	0	1			0		other	0
10	13	Picture	Feedback	276739	0	1	20160	1	0	next	other	0
10	14	Picture	ITI	296898	0	1	10163	1	0	next	other	0
10	15	Sound	Stimuli	306900	0	1			0		other	0
10	16	Picture	Feedback	336885	0	1	20160	1	0	next	other	0
10	16	Response	4	349765	12880	1
10	17	Picture	ITI	357045	0	1	10163	1	0	next	other	0
10	17	Response	3	360750	3705	1
10	17	Response	3	366497	9453	1
10	18	Sound	Stimuli	367046	0	1			0		other	0
10	19	Picture	Feedback	402196	0	1	20160	1	0	next	other	0
10	20	Picture	ITI	422356	0	1	10163	1	0	next	other	0
10	21	Sound	Stimuli	432357	0	1			0		other	0
10	22	Picture	Feedback	462342	0	1	20160	1	0	next	other	0
10	23	Picture	ITI	482502	0	1	10163	1	0	next	other	0
10	24	Sound	Stimuli	492503	0	1			0		other	0
10	25	Picture	Feedback	527653	0	1	20160	1	0	next	other	0
10	26	Picture	ITI	547813	0	1	10163	1	0	next	other	0
10	27	Sound	Stimuli	557814	0	1			0		other	0
10	28	Picture	Feedback	587966	0	1	20160	1	0	next	other	0
10	29	Picture	ITI	608125	0	1	10163	1	0	next	other	0
10	30	Sound	Stimuli	618127	0	1			0		other	0
10	31	Picture	Feedback	653277	0	1	20160	1	0	next	other	0
10	32	Picture	End_Block	673437	0	1	34488	1	0	next	other	0
10	32	Response	1	707877	34440	0
10	33	Picture	ITI	707925	0	1	10163	1	0	next	other	0
10	34	Picture	Break	718088	0	1	21659	1	0	next	other	0
10	34	Response	1	739716	21628	0
10	35	Picture	ITI	739747	0	1	10163	1	0	next	other	0
10	36	Picture	Instruction	749910	0	1	44651	1	0	next	other	0
10	36	Response	1	789395	39485	0
10	37	Picture	ITI	794562	0	1	27824	1	0	next	other	0
10	38	Sound	Practice	812283	0	1			0		other	0
10	38	Picture	response	822386	10102	1	5332	1	10000	25000	hit	48
10	38	Port Input	2	827670	15387	1
10	38	Response	4	827670	15387	1
10	39	Picture	ITI	837714	0	1	20326	1	0	next	other	0
10	40	Sound	Practice	847915	0	1			0		other	0
10	40	Picture	response	858040	10125	1	4332	1	10000	25000	hit	53
10	40	Port Input	2	862239	14324	1
10	40	Response	4	862239	14324	1
10	41	Picture	ITI	872369	0	1	26491	1	0	next	other	0
10	42	Sound	Practice	888710	0	1			0		other	0
10	42	Picture	response	898860	10150	1	4665	1	10000	25000	incorrect	58
10	42	Port Input	1	903470	14761	1
10	42	Response	3	903470	14761	1
10	43	Picture	ITI	913521	0	1	32656	1	0	next	other	0
10	44	Sound	Practice	931013	0	1			0		other	0
10	44	Picture	response	946177	15164	1	4332	1	15000	25000	hit	63
10	44	Port Input	1	950325	19312	1
10	44	Response	3	950325	19312	1
10	45	Picture	ITI	960505	0	1	30156	1	0	next	other	0
10	46	Sound	Practice	975496	0	1			0		other	0
10	46	Picture	response	990661	15165	1	5831	1	15000	25000	hit	68
10	46	Port Input	1	996440	20944	1
10	46	Response	3	996440	20944	1
10	47	Picture	ITI	1006489	0	1	22326	1	0	next	other	0
10	48	Sound	Practice	1018741	0	1			0		other	0
10	48	Picture	response	1028815	10074	1	4832	1	10000	25000	hit	73
10	48	Port Input	2	1033487	14746	1
10	48	Response	4	1033487	14746	1
10	49	Picture	ITI	1043643	0	1	27157	1	0	next	other	0
10	50	Sound	Practice	1055625	0	1			0		other	0
10	50	Picture	response	1070801	15176	1	6664	1	15000	25000	hit	78
10	50	Port Input	1	1077280	21655	1
10	50	Response	3	1077280	21655	1
10	51	Picture	ITI	1087462	0	1	27657	1	0	next	other	0
10	52	Sound	Practice	1105073	0	1			0		other	0
10	52	Picture	response	1115119	10046	1	6331	1	10000	25000	hit	83
10	52	Port Input	2	1121406	16333	1
10	52	Response	4	1121406	16333	1
10	53	Picture	ITI	1131447	0	1	21826	1	0	next	other	0
10	54	Sound	Practice	1143138	0	1			0		other	0
10	54	Picture	response	1153273	10135	1	6664	1	10000	25000	hit	88
10	54	Port Input	2	1159744	16606	1
10	54	Response	4	1159744	16606	1
10	55	Picture	ITI	1169934	0	1	20993	1	0	next	other	0
10	56	Sound	Practice	1180815	0	1			0		other	0
10	56	Picture	response	1190926	10111	1	6498	1	10000	25000	hit	93
10	56	Port Input	2	1197259	16444	1
10	56	Response	4	1197259	16444	1
10	57	Picture	ITI	1207421	0	1	31989	1	0	next	other	0
10	58	Sound	Practice	1224282	0	1			0		other	0
10	58	Picture	response	1239410	15128	1	5332	1	15000	25000	hit	98
10	58	Port Input	1	1244571	20289	1
10	58	Response	3	1244571	20289	1
10	59	Picture	ITI	1254738	0	1	34655	1	0	next	other	0
10	60	Sound	Practice	1274279	0	1			0		other	0
10	60	Picture	response	1289393	15113	1	5332	1	15000	25000	hit	103
10	60	Port Input	1	1294622	20343	1
10	60	Response	3	1294622	20343	1
10	61	Picture	ITI	1304721	0	1	20160	1	0	next	other	0
10	62	Sound	Practice	1314752	0	1			0		other	0
10	62	Picture	response	1324881	10128	1	5165	1	10000	25000	hit	108
10	62	Port Input	2	1330003	15251	1
10	62	Response	4	1330003	15251	1
10	63	Picture	ITI	1340042	0	1	30156	1	0	next	other	0
10	64	Sound	Practice	1355164	0	1			0		other	0
10	64	Picture	response	1370199	15035	1	4332	1	15000	25000	hit	113
10	64	Port Input	1	1374369	19205	1
10	64	Response	3	1374369	19205	1
10	65	Picture	ITI	1384527	0	1	28157	1	0	next	other	0
10	66	Sound	Practice	1402658	0	1			0		other	0
10	66	Picture	response	1412684	10026	1	8331	1	10000	25000	hit	118
10	66	Port Input	2	1420942	18284	1
10	66	Response	4	1420942	18284	1
10	67	Picture	ITI	1431011	0	1	26158	1	0	next	other	0
10	68	Sound	Practice	1447142	0	1			0		other	0
10	68	Picture	response	1457169	10026	1	4332	1	10000	25000	hit	123
10	68	Port Input	2	1461445	14303	1
10	68	Response	4	1461445	14303	1
10	69	Picture	ITI	1471497	0	1	32322	1	0	next	other	0
10	70	Sound	Practice	1488719	0	1			0		other	0
10	70	Picture	response	1503820	15101	1	4498	1	15000	25000	hit	128
10	70	Port Input	1	1508144	19425	1
10	70	Response	3	1508144	19425	1
10	71	Picture	ITI	1518315	0	1	27990	1	0	next	other	0
10	72	Sound	Practice	1531236	0	1			0		other	0
10	72	Picture	response	1546305	15069	1	5498	1	15000	25000	hit	133
10	72	Port Input	1	1551666	20430	1
10	72	Response	3	1551666	20430	1
10	73	Picture	ITI	1561800	0	1	34322	1	0	next	other	0
10	74	Sound	Practice	1580982	0	1			0		other	0
10	74	Picture	response	1596121	15140	1	6331	1	15000	25000	hit	138
10	74	Port Input	1	1602352	21371	1
10	74	Response	3	1602352	21371	1
10	75	Picture	ITI	1612449	0	1	27324	1	0	next	other	0
10	76	Sound	Practice	1629601	0	1			0		other	0
10	76	Picture	response	1639773	10173	1	4832	1	10000	25000	hit	143
10	76	Port Input	2	1644532	14931	1
10	76	Response	4	1644532	14931	1
10	77	Picture	ITI	1654601	0	1	25491	1	0	next	other	0
10	78	Sound	Practice	1670033	0	1			0		other	0
10	78	Picture	response	1680093	10060	1	6331	1	10000	25000	hit	148
10	78	Port Input	2	1686295	16262	1
10	78	Response	4	1686295	16262	1
10	79	Picture	ITI	1696420	0	1	26491	1	0	next	other	0
10	80	Sound	Practice	1707842	0	1			0		other	0
10	80	Picture	response	1722911	15070	1	4998	1	15000	25000	hit	153
10	80	Port Input	1	1727704	19862	1
10	80	Response	3	1727704	19862	1
10	81	Picture	ITI	1737740	0	1	28823	1	0	next	other	0
10	82	Sound	Practice	1751471	0	1			0		other	0
10	82	Picture	response	1766563	15092	1	3999	1	15000	25000	hit	158
10	82	Port Input	1	1770435	18964	1
10	82	Response	3	1770435	18964	1
10	83	Picture	ITI	1780558	0	1	26824	1	0	next	other	0
10	84	Sound	Practice	1797300	0	1			0		other	0
10	84	Picture	response	1807383	10083	1	5998	1	10000	25000	hit	163
10	84	Port Input	2	1813239	15939	1
10	84	Response	4	1813239	15939	1
10	85	Picture	ITI	1823377	0	1	29490	1	0	next	other	0
10	86	Sound	Practice	1837799	0	1			0		other	0
10	86	Picture	response	1852867	15068	1	4998	1	15000	25000	hit	168
10	86	Port Input	1	1857730	19932	1
10	86	Response	3	1857730	19932	1
10	87	Picture	Break	1867862	0	1	16828	1	0	next	other	0
10	87	Response	1	1884502	16640	0
10	88	Picture	Instruction	1884689	0	1	25491	1	0	next	other	0
10	88	Response	1	1910022	25332	0
10	89	Picture	ITI	1910181	0	1	15162	1	0	next	other	0
10	90	Picture	ITI	1925342	0	1	29323	1	0	next	other	0
10	91	Sound	test	1941394	0	1			0		other	0
10	91	Picture	response	1954666	13272	1	8997	1	13100	25000	incorrect	178
10	91	Port Input	1	1963486	22092	1
10	91	Response	3	1963486	22092	1
10	92	Picture	ITI	1964662	0	1	23492	1	0	next	other	0
10	93	Sound	test	1977283	0	1			0		other	0
10	93	Picture	response	1988154	10871	1	9997	1	10700	25000	incorrect	183
10	93	Port Input	1	1998002	20719	1
10	93	Response	3	1998002	20719	1
10	94	Picture	ITI	1999150	0	1	26991	1	0	next	other	0
10	95	Sound	test	2011982	0	1			0		other	0
10	95	Picture	response	2026141	14160	1	6831	1	14020	25000	incorrect	188
10	95	Port Input	1	2032893	20911	1
10	95	Response	3	2032893	20911	1
10	96	Picture	ITI	2033972	0	1	25325	1	0	next	other	0
10	97	Sound	test	2046983	0	1			0		other	0
10	97	Picture	response	2059296	12313	1	6998	1	12250	25000	incorrect	193
10	97	Port Input	2	2066118	19135	1
10	97	Response	4	2066118	19135	1
10	98	Picture	ITI	2067127	0	1	29157	1	0	next	other	0
10	99	Sound	test	2082188	0	1			0		other	0
10	99	Picture	response	2096284	14095	1	5998	1	14020	25000	incorrect	198
10	99	Port Input	1	2102081	19893	1
10	99	Response	3	2102081	19893	1
10	100	Picture	ITI	2103115	0	1	20993	1	0	next	other	0
10	101	Sound	test	2113366	0	1			0		other	0
10	101	Picture	response	2124108	10742	1	4498	1	10700	25000	incorrect	203
10	101	Port Input	2	2128434	15068	1
10	101	Response	4	2128434	15068	1
10	102	Picture	ITI	2129439	0	1	20493	1	0	next	other	0
10	103	Sound	test	2139821	0	1			0		other	0
10	103	Picture	response	2149932	10112	1	3499	1	10000	25000	incorrect	208
10	103	Port Input	2	2153351	13530	1
10	103	Response	4	2153351	13530	1
10	104	Picture	ITI	2154431	0	1	23825	1	0	next	other	0
10	105	Sound	test	2167462	0	1			0		other	0
10	105	Picture	response	2178256	10794	1	6498	1	10700	25000	incorrect	213
10	105	Port Input	2	2184618	17156	1
10	105	Response	4	2184618	17156	1
10	106	Picture	ITI	2185753	0	1	27491	1	0	next	other	0
10	107	Sound	test	2199075	0	1			0		other	0
10	107	Picture	response	2213244	14169	1	5998	1	14020	25000	incorrect	218
10	107	Port Input	2	2219103	20028	1
10	107	Response	4	2219103	20028	1
10	108	Picture	ITI	2220242	0	1	22492	1	0	next	other	0
10	109	Sound	test	2232663	0	1			0		other	0
10	109	Picture	response	2242734	10071	1	5332	1	10000	25000	incorrect	223
10	109	Port Input	2	2247924	15261	1
10	109	Response	4	2247924	15261	1
10	110	Picture	ITI	2249065	0	1	20160	1	0	next	other	0
10	111	Sound	test	2259066	0	1			0		other	0
10	111	Picture	response	2269225	10159	1	4665	1	10000	25000	incorrect	228
10	111	Port Input	2	2273850	14783	1
10	111	Response	4	2273850	14783	1
10	112	Picture	ITI	2274890	0	1	26324	1	0	next	other	0
10	113	Sound	test	2290471	0	1			0		other	0
10	113	Picture	response	2301214	10743	1	5498	1	10700	25000	incorrect	233
10	113	Port Input	2	2306585	16115	1
10	113	Response	4	2306585	16115	1
10	114	Picture	ITI	2307712	0	1	30823	1	0	next	other	0
10	115	Sound	test	2324363	0	1			0		other	0
10	115	Picture	response	2338534	14172	1	13329	1	14020	25000	incorrect	238
10	115	Port Input	1	2351774	27411	1
10	115	Response	3	2351774	27411	1
10	116	Picture	ITI	2352696	0	1	25825	1	0	next	other	0
10	117	Sound	test	2368357	0	1			0		other	0
10	117	Picture	response	2378521	10163	1	3832	1	10000	25000	incorrect	243
10	117	Port Input	2	2382219	13862	1
10	117	Response	4	2382219	13862	1
10	118	Picture	ITI	2383353	0	1	28823	1	0	next	other	0
10	119	Sound	test	2397124	0	1			0		other	0
10	119	Picture	response	2412176	15052	1	13495	1	15000	25000	incorrect	248
10	119	Port Input	1	2425481	28357	1
10	119	Response	3	2425481	28357	1
10	120	Picture	ITI	2426504	0	1	27990	1	0	next	other	0
10	121	Sound	test	2441256	0	1			0		other	0
10	121	Picture	response	2454495	13239	1	7331	1	13100	25000	incorrect	253
10	121	Port Input	1	2461715	20460	1
10	121	Response	3	2461715	20460	1
10	122	Picture	ITI	2462825	0	1	30656	1	0	next	other	0
10	123	Sound	test	2480307	0	1			0		other	0
10	123	Picture	response	2493482	13175	1	5998	1	13100	25000	incorrect	258
10	123	Port Input	1	2499355	19048	1
10	123	Response	3	2499355	19048	1
10	124	Picture	ITI	2500313	0	1	23659	1	0	next	other	0
10	125	Sound	test	2513244	0	1			0		other	0
10	125	Picture	response	2523971	10727	1	9997	1	10700	25000	incorrect	263
10	125	Port Input	2	2533840	20596	1
10	125	Response	4	2533840	20596	1
10	126	Picture	ITI	2534801	0	1	22992	1	0	next	other	0
10	127	Sound	test	2546202	0	1			0		other	0
10	127	Picture	response	2557793	11591	1	7664	1	11450	25000	incorrect	268
10	127	Port Input	2	2565399	19197	1
10	127	Response	4	2565399	19197	1
10	128	Picture	ITI	2566457	0	1	23825	1	0	next	other	0
10	129	Sound	test	2577098	0	1			0		other	0
10	129	Picture	response	2590282	13184	1	5831	1	13100	25000	incorrect	273
10	129	Port Input	1	2596031	18934	1
10	129	Response	3	2596031	18934	1
10	130	Picture	ITI	2597113	0	1	25491	1	0	next	other	0
10	131	Sound	test	2610994	0	1			0		other	0
10	131	Picture	response	2622604	11610	1	5665	1	11450	25000	incorrect	278
10	131	Port Input	1	2628080	17086	1
10	131	Response	3	2628080	17086	1
10	132	Picture	ITI	2629102	0	1	32989	1	0	next	other	0
10	133	Sound	test	2648893	0	1			0		other	0
10	133	Picture	response	2662091	13197	1	7997	1	13100	25000	incorrect	283
10	133	Port Input	1	2669905	21012	1
10	133	Response	3	2669905	21012	1
10	134	Picture	ITI	2670921	0	1	30989	1	0	next	other	0
10	135	Sound	test	2689592	0	1			0		other	0
10	135	Picture	response	2701910	12318	1	9663	1	12250	25000	incorrect	288
10	135	Port Input	2	2711439	21847	1
10	135	Response	4	2711439	21847	1
10	136	Picture	ITI	2712407	0	1	25825	1	0	next	other	0
10	137	Sound	test	2725808	0	1			0		other	0
10	137	Picture	response	2738231	12423	1	5331	1	12250	25000	incorrect	293
10	137	Port Input	2	2743425	17617	1
10	137	Response	4	2743425	17617	1
10	138	Picture	ITI	2744396	0	1	34655	1	0	next	other	0
10	139	Sound	test	2763967	0	1			0		other	0
10	139	Picture	response	2779051	15083	1	6498	1	15000	25000	incorrect	298
10	139	Port Input	1	2785448	21481	1
10	139	Response	3	2785448	21481	1
10	140	Picture	ITI	2786548	0	1	29990	1	0	next	other	0
10	141	Sound	test	2801499	0	1			0		other	0
10	141	Picture	response	2816538	15038	1	7331	1	15000	25000	incorrect	303
10	141	Port Input	2	2823713	22213	1
10	141	Response	4	2823713	22213	1
10	142	Picture	ITI	2824702	0	1	26491	1	0	next	other	0
10	143	Sound	test	2839573	0	1			0		other	0
10	143	Picture	response	2851193	11620	1	4998	1	11450	25000	incorrect	308
10	143	Port Input	2	2856105	16532	1
10	143	Response	4	2856105	16532	1
10	144	Picture	ITI	2857191	0	1	30656	1	0	next	other	0
10	145	Sound	test	2876972	0	1			0		other	0
10	145	Picture	response	2887847	10875	1	5165	1	10700	25000	incorrect	313
10	145	Port Input	2	2892953	15981	1
10	145	Response	4	2892953	15981	1
10	146	Picture	ITI	2894011	0	1	21159	1	0	next	other	0
10	147	Sound	test	2905073	0	1			0		other	0
10	147	Picture	response	2915171	10098	1	4332	1	10000	25000	incorrect	318
10	147	Port Input	2	2919442	14369	1
10	147	Response	4	2919442	14369	1
10	148	Picture	ITI	2920502	0	1	26824	1	0	next	other	0
10	149	Sound	test	2934914	0	1			0		other	0
10	149	Picture	response	2947327	12413	1	4832	1	12250	25000	incorrect	323
10	149	Port Input	1	2952063	17149	1
10	149	Response	3	2952063	17149	1
10	150	Picture	ITI	2953158	0	1	24158	1	0	next	other	0
10	151	Sound	test	2966559	0	1			0		other	0
10	151	Picture	response	2977316	10757	1	4332	1	10700	25000	incorrect	328
10	151	Port Input	2	2981602	15043	1
10	151	Response	4	2981602	15043	1
10	152	Picture	ITI	2982648	0	1	23325	1	0	next	other	0
10	153	Sound	test	2995829	0	1			0		other	0
10	153	Picture	response	3005973	10144	1	3832	1	10000	25000	incorrect	333
10	153	Port Input	2	3009694	13865	1
10	153	Response	4	3009694	13865	1
10	154	Picture	ITI	3010805	0	1	33488	1	0	next	other	0
10	155	Sound	test	3029166	0	1			0		other	0
10	155	Picture	response	3044293	15127	1	6998	1	15000	25000	incorrect	338
10	155	Port Input	1	3051207	22040	1
10	155	Response	3	3051207	22040	1
10	156	Picture	ITI	3052291	0	1	27491	1	0	next	other	0
10	157	Sound	test	3067492	0	1			0		other	0
10	157	Picture	response	3079781	12289	1	3999	1	12250	25000	incorrect	343
10	157	Port Input	2	3083682	16190	1
10	157	Response	4	3083682	16190	1
10	158	Picture	ITI	3084780	0	1	27824	1	0	next	other	0
10	159	Sound	test	3099431	0	1			0		other	0
10	159	Picture	response	3112603	13173	1	5665	1	13100	25000	incorrect	348
10	159	Port Input	1	3118219	18788	1
10	159	Response	3	3118219	18788	1
10	160	Picture	ITI	3119268	0	1	30823	1	0	next	other	0
10	161	Sound	test	3135049	0	1			0		other	0
10	161	Picture	response	3150091	15042	1	7498	1	15000	25000	incorrect	353
10	161	Port Input	1	3157504	22455	1
10	161	Response	3	3157504	22455	1
10	162	Picture	ITI	3158588	0	1	25991	1	0	next	other	0
10	163	Sound	test	3169509	0	1			0		other	0
10	163	Picture	response	3184579	15070	1	4998	1	15000	25000	incorrect	358
10	163	Port Input	1	3189511	20002	1
10	163	Response	3	3189511	20002	1
10	164	Picture	ITI	3190577	0	1	30156	1	0	next	other	0
10	165	Sound	test	3209118	0	1			0		other	0
10	165	Picture	response	3220733	11615	1	4498	1	11450	25000	incorrect	363
10	165	Port Input	2	3225068	15950	1
10	165	Response	4	3225068	15950	1
10	166	Picture	ITI	3226231	0	1	30156	1	0	next	other	0
10	167	Sound	test	3244783	0	1			0		other	0
10	167	Picture	response	3256388	11605	1	5998	1	11450	25000	incorrect	368
10	167	Port Input	2	3262218	17436	1
10	167	Response	4	3262218	17436	1
10	168	Picture	ITI	3263219	0	1	24825	1	0	next	other	0
10	169	Sound	test	3273900	0	1			0		other	0
10	169	Picture	response	3288043	14144	1	5165	1	14020	25000	incorrect	373
10	169	Port Input	2	3293163	19263	1
10	169	Response	4	3293163	19263	1
10	170	Picture	ITI	3294208	0	1	25658	1	0	next	other	0
10	171	Sound	test	3307579	0	1			0		other	0
10	171	Picture	response	3319866	12287	1	6831	1	12250	25000	incorrect	378
10	171	Port Input	2	3326492	18913	1
10	171	Response	4	3326492	18913	1
10	172	Picture	ITI	3327530	0	1	24825	1	0	next	other	0
10	173	Sound	test	3342171	0	1			0		other	0
10	173	Picture	response	3352355	10184	1	4165	1	10000	25000	incorrect	383
10	173	Port Input	2	3356354	14183	1
10	173	Response	4	3356354	14183	1
10	174	Picture	ITI	3357353	0	1	30156	1	0	next	other	0
10	175	Sound	test	3373414	0	1			0		other	0
10	175	Picture	response	3387510	14095	1	5332	1	14020	25000	incorrect	388
10	175	Port Input	1	3392786	19372	1
10	175	Response	3	3392786	19372	1
10	176	Picture	ITI	3393841	0	1	28657	1	0	next	other	0
10	177	Sound	test	3411662	0	1			0		other	0
10	177	Picture	response	3422498	10836	1	4998	1	10700	25000	incorrect	393
10	177	Port Input	2	3427313	15651	1
10	177	Response	4	3427313	15651	1
10	178	Picture	ITI	3428329	0	1	26158	1	0	next	other	0
10	179	Sound	test	3439450	0	1			0		other	0
10	179	Picture	response	3454487	15037	1	6831	1	15000	25000	incorrect	398
10	179	Port Input	1	3461173	21723	1
10	179	Response	3	3461173	21723	1
10	180	Picture	ITI	3462317	0	1	32322	1	0	next	other	0
10	181	Sound	test	3479509	0	1			0		other	0
10	181	Picture	response	3494640	15131	1	5998	1	15000	25000	incorrect	403
10	181	Port Input	2	3500478	20970	1
10	181	Response	4	3500478	20970	1
10	182	Picture	ITI	3501637	0	1	29490	1	0	next	other	0
10	183	Sound	test	3517078	0	1			0		other	0
10	183	Picture	response	3531127	14049	1	6498	1	14020	25000	incorrect	408
10	183	Port Input	2	3537452	20373	1
10	183	Response	4	3537452	20373	1
10	184	Picture	ITI	3538458	0	1	25991	1	0	next	other	0
10	185	Sound	test	3554319	0	1			0		other	0
10	185	Picture	response	3564449	10130	1	4998	1	10000	25000	incorrect	413
10	185	Port Input	2	3569250	14931	1
10	185	Response	4	3569250	14931	1
10	186	Picture	ITI	3570280	0	1	28824	1	0	next	other	0
10	187	Sound	test	3587492	0	1			0		other	0
10	187	Picture	response	3599104	11612	1	4665	1	11450	25000	incorrect	418
10	187	Port Input	2	3603621	16129	1
10	187	Response	4	3603621	16129	1
10	188	Picture	ITI	3604602	0	1	22659	1	0	next	other	0
10	189	Sound	test	3614973	0	1			0		other	0
10	189	Picture	response	3627261	12288	1	5831	1	12250	25000	incorrect	423
10	189	Port Input	2	3632931	17958	1
10	189	Response	4	3632931	17958	1
10	190	Picture	ITI	3633925	0	1	29490	1	0	next	other	0
10	191	Sound	test	3652587	0	1			0		other	0
10	191	Picture	response	3663415	10829	1	3999	1	10700	25000	incorrect	428
10	191	Port Input	2	3667332	14746	1
10	191	Response	4	3667332	14746	1
10	192	Picture	ITI	3668414	0	1	27657	1	0	next	other	0
10	193	Sound	test	3681925	0	1			0		other	0
10	193	Picture	response	3696071	14146	1	7664	1	14020	25000	incorrect	433
10	193	Port Input	2	3703681	21756	1
10	193	Response	4	3703681	21756	1
10	194	Picture	ITI	3704734	0	1	24658	1	0	next	other	0
10	195	Sound	test	3716196	0	1			0		other	0
10	195	Picture	response	3729393	13197	1	10330	1	13100	25000	incorrect	438
10	195	Port Input	1	3739624	23428	1
10	195	Response	3	3739624	23428	1
10	196	Picture	ITI	3740722	0	1	29823	1	0	next	other	0
10	197	Sound	test	3756354	0	1			0		other	0
10	197	Picture	response	3770545	14192	1	5498	1	14020	25000	incorrect	443
10	197	Port Input	1	3775868	19515	1
10	197	Response	3	3775868	19515	1
10	198	Picture	ITI	3776877	0	1	26158	1	0	next	other	0
10	199	Sound	test	3787908	0	1			0		other	0
10	199	Picture	response	3803034	15126	1	5831	1	15000	25000	incorrect	448
10	199	Port Input	1	3808687	20779	1
10	199	Response	3	3808687	20779	1
10	200	Picture	ITI	3809699	0	1	25325	1	0	next	other	0
10	201	Sound	test	3822700	0	1			0		other	0
10	201	Picture	response	3835023	12323	1	6664	1	12250	25000	incorrect	453
10	201	Port Input	2	3841506	18806	1
10	201	Response	4	3841506	18806	1
10	202	Picture	ITI	3842521	0	1	28990	1	0	next	other	0
10	203	Sound	test	3857432	0	1			0		other	0
10	203	Picture	response	3871511	14079	1	5998	1	14020	25000	incorrect	458
10	203	Port Input	2	3877345	19913	1
10	203	Response	4	3877345	19913	1
10	204	Picture	ITI	3878342	0	1	30156	1	0	next	other	0
10	205	Sound	test	3893463	0	1			0		other	0
10	205	Picture	response	3908498	15035	1	5165	1	15000	25000	incorrect	463
10	205	Port Input	1	3913516	20053	1
10	205	Response	3	3913516	20053	1
10	206	Picture	ITI	3914496	0	1	20326	1	0	next	other	0
10	207	Sound	test	3924788	0	2			0		other	0
10	207	Picture	response	3934823	10035	1	5831	1	10000	25000	incorrect	468
10	207	Port Input	2	3940494	15706	1
10	207	Response	4	3940494	15706	1
10	208	Picture	ITI	3941487	0	1	29157	1	0	next	other	0
10	209	Sound	test	3958228	0	1			0		other	0
10	209	Picture	response	3970644	12416	1	5332	1	12250	25000	incorrect	473
10	209	Port Input	2	3975905	17677	1
10	209	Response	4	3975905	17677	1
10	210	Picture	ITI	3976975	0	1	30989	1	0	next	other	0
10	211	Sound	test	3992926	0	1			0		other	0
10	211	Picture	response	4007964	15038	1	9997	1	15000	25000	incorrect	478
10	211	Port Input	1	4017845	24919	1
10	211	Response	3	4017845	24919	1
10	212	Picture	ITI	4018794	0	1	21659	1	0	next	other	0
10	213	Sound	test	4030385	0	2			0		other	0
10	213	Picture	response	4040453	10068	1	3499	1	10000	25000	incorrect	483
10	213	Port Input	2	4043813	13428	1
10	213	Response	4	4043813	13428	1
10	214	Picture	ITI	4044785	0	2	27157	2	0	next	other	0
10	215	Sound	test	4056846	0	1			0		other	0
10	215	Picture	response	4071942	15096	1	4498	1	15000	25000	incorrect	488
10	215	Port Input	1	4076403	19557	1
10	215	Response	3	4076403	19557	1
10	216	Picture	ITI	4077441	0	1	20660	1	0	next	other	0
10	217	Sound	test	4087942	0	1			0		other	0
10	217	Picture	response	4098100	10158	1	4832	1	10000	25000	incorrect	493
10	217	Port Input	2	4102829	14887	1
10	217	Response	4	4102829	14887	1
10	218	Picture	ITI	4103931	0	1	22159	1	0	next	other	0
10	219	Sound	test	4115963	0	1			0		other	0
10	219	Picture	response	4126091	10128	1	4332	1	10000	25000	incorrect	498
10	219	Port Input	2	4130338	14375	1
10	219	Response	4	4130338	14375	1
10	220	Picture	ITI	4131422	0	1	24158	1	0	next	other	0
10	221	Sound	test	4144803	0	1			0		other	0
10	221	Picture	response	4155581	10777	1	4165	1	10700	25000	incorrect	503
10	221	Port Input	2	4159596	14792	1
10	221	Response	4	4159596	14792	1
10	222	Picture	ITI	4160579	0	1	29323	1	0	next	other	0
10	223	Sound	test	4179020	0	1			0		other	0
10	223	Picture	response	4189902	10882	1	4332	1	10700	25000	incorrect	508
10	223	Port Input	2	4194174	15154	1
10	223	Response	4	4194174	15154	1
10	224	Picture	ITI	4195234	0	1	25158	1	0	next	other	0
10	225	Sound	test	4206315	0	1			0		other	0
10	225	Picture	response	4220392	14077	1	5498	1	14020	25000	incorrect	513
10	225	Port Input	1	4225806	19491	1
10	225	Response	3	4225806	19491	1
10	226	Picture	ITI	4226890	0	1	23825	1	0	next	other	0
10	227	Sound	test	4237501	0	1			0		other	0
10	227	Picture	response	4250715	13214	1	5498	1	13100	25000	incorrect	518
10	227	Port Input	1	4256053	18553	1
10	227	Response	3	4256053	18553	1
10	228	Picture	ITI	4257212	0	1	23325	1	0	next	other	0
10	229	Sound	test	4269004	0	1			0		other	0
10	229	Picture	response	4280538	11534	1	5998	1	11450	25000	incorrect	523
10	229	Port Input	2	4286384	17380	1
10	229	Response	4	4286384	17380	1
10	230	Picture	ITI	4287535	0	1	27324	1	0	next	other	0
10	231	Sound	test	4302527	0	1			0		other	0
10	231	Picture	response	4314859	12332	1	4332	1	12250	25000	incorrect	528
10	231	Port Input	2	4319099	16571	1
10	231	Response	4	4319099	16571	1
10	232	Picture	ITI	4320191	0	1	28990	1	0	next	other	0
10	233	Sound	test	4339052	0	1			0		other	0
10	233	Picture	response	4349181	10129	1	3999	1	10000	25000	incorrect	533
10	233	Port Input	2	4353032	13979	1
10	233	Response	4	4353032	13979	1
10	234	Picture	ITI	4354013	0	1	27657	1	0	next	other	0
10	235	Sound	test	4366494	0	1			0		other	0
10	235	Picture	response	4381670	15176	1	5331	1	15000	25000	incorrect	538
10	235	Port Input	1	4386892	20398	1
10	235	Response	3	4386892	20398	1
10	236	Picture	ITI	4388001	0	1	25158	1	0	next	other	0
10	237	Sound	test	4401653	0	1			0		other	0
10	237	Picture	response	4413159	11507	1	4165	1	11450	25000	incorrect	543
10	237	Port Input	2	4417129	15476	1
10	237	Response	4	4417129	15476	1
10	238	Picture	ITI	4418158	0	1	26491	1	0	next	other	0
10	239	Sound	test	4431429	0	1			0		other	0
10	239	Picture	response	4444648	13220	1	4498	1	13100	25000	incorrect	548
10	239	Port Input	2	4449042	17613	1
10	239	Response	4	4449042	17613	1
10	240	Picture	ITI	4449980	0	1	22326	1	0	next	other	0
10	241	Sound	test	4462161	0	1			0		other	0
10	241	Picture	response	4472306	10145	1	6331	1	10000	25000	incorrect	553
10	241	Port Input	2	4478445	16284	1
10	241	Response	4	4478445	16284	1
10	242	Picture	ITI	4479637	0	1	24158	1	0	next	other	0
10	243	Sound	test	4489658	0	1			0		other	0
10	243	Picture	response	4503795	14137	1	5831	1	14020	25000	incorrect	558
10	243	Port Input	1	4509525	19868	1
10	243	Response	3	4509525	19868	1
10	244	Picture	ITI	4510626	0	1	27657	1	0	next	other	0
10	245	Sound	test	4528157	0	1			0		other	0
10	245	Picture	response	4538283	10126	1	4998	1	10000	25000	incorrect	563
10	245	Port Input	2	4543209	15051	1
10	245	Response	4	4543209	15051	1
10	246	Picture	ITI	4544281	0	1	26158	1	0	next	other	0
10	247	Sound	test	4557232	0	1			0		other	0
10	247	Picture	response	4570439	13206	1	4498	1	13100	25000	incorrect	568
10	247	Port Input	1	4574768	17535	1
10	247	Response	3	4574768	17535	1
10	248	Picture	ITI	4575770	0	1	26158	1	0	next	other	0
10	249	Sound	test	4586832	0	1			0		other	0
10	249	Picture	response	4601928	15096	1	5665	1	15000	25000	incorrect	573
10	249	Port Input	1	4607420	20588	1
10	249	Response	3	4607420	20588	1
10	250	Picture	ITI	4608426	0	1	31489	1	0	next	other	0
10	251	Sound	test	4628297	0	1			0		other	0
10	251	Picture	response	4639915	11618	1	3999	1	11450	25000	incorrect	578
10	251	Port Input	2	4643821	15524	1
10	251	Response	4	4643821	15524	1
10	252	Picture	ITI	4644913	0	1	29823	1	0	next	other	0
10	253	Sound	test	4662365	0	1			0		other	0
10	253	Picture	response	4674737	12372	1	11829	1	12250	25000	incorrect	583
10	253	Port Input	1	4686448	24083	1
10	253	Response	3	4686448	24083	1
10	254	Picture	ITI	4687565	0	1	25658	1	0	next	other	0
10	255	Sound	test	4699947	0	1			0		other	0
10	255	Picture	response	4713223	13277	1	5998	1	13100	25000	incorrect	588
10	255	Port Input	1	4719163	19216	1
10	255	Response	3	4719163	19216	1
10	256	Picture	ITI	4720221	0	1	26991	1	0	next	other	0
10	257	Sound	test	4734922	0	1			0		other	0
10	257	Picture	response	4747212	12290	1	4165	1	12250	25000	incorrect	593
10	257	Port Input	2	4751190	16268	1
10	257	Response	4	4751190	16268	1
10	258	Picture	ITI	4752210	0	1	27491	1	0	next	other	0
10	259	Sound	test	4769551	0	1			0		other	0
10	259	Picture	response	4779701	10149	1	7497	1	10000	25000	incorrect	598
10	259	Port Input	2	4787133	17581	1
10	259	Response	4	4787133	17581	1
10	260	Picture	ITI	4788198	0	1	26158	1	0	next	other	0
10	261	Sound	test	4804179	0	1			0		other	0
10	261	Picture	response	4814356	10177	1	5998	1	10000	25000	incorrect	603
10	261	Port Input	2	4820254	16075	1
10	261	Response	4	4820254	16075	1
10	262	Picture	ITI	4821353	0	1	33822	1	0	next	other	0
10	263	Sound	test	4840984	0	1			0		other	0
10	263	Picture	response	4855175	14191	1	4832	1	14020	25000	incorrect	608
10	263	Port Input	2	4859955	18971	1
10	263	Response	4	4859955	18971	1
10	264	Picture	ITI	4861006	0	1	24658	1	0	next	other	0
10	265	Sound	test	4872478	0	1			0		other	0
10	265	Picture	response	4885664	13187	1	9330	1	13100	25000	incorrect	613
10	265	Port Input	2	4894794	22316	1
10	265	Response	4	4894794	22316	1
10	266	Picture	ITI	4895828	0	1	33322	1	0	next	other	0
10	267	Sound	test	4913989	0	1			0		other	0
10	267	Picture	response	4929150	15161	1	7331	1	15000	25000	incorrect	618
10	267	Port Input	1	4936401	22412	1
10	267	Response	3	4936401	22412	1
10	268	Picture	ITI	4937480	0	1	24158	1	0	next	other	0
10	269	Sound	test	4949321	0	1			0		other	0
10	269	Picture	response	4961639	12317	1	6498	1	12250	25000	incorrect	623
10	269	Port Input	2	4968012	18690	1
10	269	Response	4	4968012	18690	1
10	270	Picture	ITI	4968969	0	1	27824	1	0	next	other	0
10	271	Sound	test	4985911	0	1			0		other	0
10	271	Picture	response	4996793	10883	1	5498	1	10700	25000	incorrect	628
10	271	Port Input	2	5002111	16201	1
10	271	Response	4	5002111	16201	1
10	272	Picture	ITI	5003124	0	1	26491	1	0	next	other	0
10	273	Sound	test	5019576	0	1			0		other	0
10	273	Picture	response	5029615	10040	1	4165	1	10000	25000	incorrect	633
10	273	Port Input	2	5033650	14074	1
10	273	Response	4	5033650	14074	1
10	274	Picture	ITI	5034780	0	1	24492	1	0	next	other	0
10	275	Sound	test	5046882	0	1			0		other	0
10	275	Picture	response	5059272	12390	1	5498	1	12250	25000	incorrect	638
10	275	Port Input	2	5064605	17723	1
10	275	Response	4	5064605	17723	1
10	276	Picture	ITI	5065603	0	1	20660	1	0	next	other	0
10	277	Sound	test	5076084	0	1			0		other	0
10	277	Picture	response	5086263	10178	1	3665	1	10000	25000	incorrect	643
10	277	Port Input	2	5089833	13749	1
10	277	Response	4	5089833	13749	1
10	278	Picture	ITI	5090928	0	1	26658	1	0	next	other	0
10	279	Sound	test	5106109	0	1			0		other	0
10	279	Picture	response	5117585	11476	1	4165	1	11450	25000	incorrect	648
10	279	Port Input	2	5121611	15502	1
10	279	Response	4	5121611	15502	1
10	280	Picture	ITI	5122584	0	1	23992	1	0	next	other	0
10	281	Sound	test	5135065	0	1			0		other	0
10	281	Picture	response	5146575	11511	1	5165	1	11450	25000	incorrect	653
10	281	Port Input	2	5151650	16585	1
10	281	Response	4	5151650	16585	1
10	282	Picture	ITI	5152740	0	1	30990	1	0	next	other	0
10	283	Sound	test	5172241	0	1			0		other	0
10	283	Picture	response	5183729	11488	1	4832	1	11450	25000	incorrect	658
10	283	Port Input	2	5188509	16268	1
10	283	Response	4	5188509	16268	1
10	284	Picture	ITI	5189561	0	1	25491	1	0	next	other	0
10	285	Sound	test	5204982	0	1			0		other	0
10	285	Picture	response	5215052	10070	1	4498	1	10000	25000	incorrect	663
10	285	Port Input	2	5219464	14482	1
10	285	Response	4	5219464	14482	1
10	286	Picture	ITI	5220550	0	1	29323	1	0	next	other	0
10	287	Sound	test	5237511	0	1			0		other	0
10	287	Picture	response	5249873	12362	1	7331	1	12250	25000	incorrect	668
10	287	Port Input	2	5257083	19571	1
10	287	Response	4	5257083	19571	1
10	288	Picture	ITI	5258204	0	1	26324	1	0	next	other	0
10	289	Sound	test	5270475	0	1			0		other	0
10	289	Picture	response	5284528	14053	1	5332	1	14020	25000	incorrect	673
10	289	Port Input	1	5289662	19187	1
10	289	Response	3	5289662	19187	1
10	290	Picture	ITI	5290693	0	1	29823	1	0	next	other	0
10	291	Sound	test	5309744	0	1			0		other	0
10	291	Picture	response	5320516	10772	1	4998	1	10700	25000	incorrect	678
10	291	Port Input	2	5325428	15684	1
10	291	Response	4	5325428	15684	1
10	292	Picture	ITI	5326514	0	1	26991	1	0	next	other	0
10	293	Sound	test	5340325	0	1			0		other	0
10	293	Picture	response	5353505	13180	1	8997	1	13100	25000	incorrect	683
10	293	Port Input	1	5362349	22024	1
10	293	Response	3	5362349	22024	1
10	294	Picture	ITI	5363501	0	1	29657	1	0	next	other	0
10	295	Sound	test	5379983	0	1			0		other	0
10	295	Picture	response	5393158	13175	1	5498	1	13100	25000	incorrect	688
10	295	Port Input	2	5398468	18486	1
10	295	Response	4	5398468	18486	1
10	296	Picture	ITI	5399489	0	1	34322	1	0	next	other	0
10	297	Sound	test	5418720	0	1			0		other	0
10	297	Picture	response	5433811	15090	1	8331	1	15000	25000	incorrect	693
10	297	Port Input	1	5442095	23375	1
10	297	Response	3	5442095	23375	1
10	298	Picture	ITI	5443141	0	1	28490	1	0	next	other	0
10	299	Sound	test	5456592	0	1			0		other	0
10	299	Picture	response	5471631	15039	1	6331	1	15000	25000	incorrect	698
10	299	Port Input	1	5477798	21206	1
10	299	Response	3	5477798	21206	1
10	300	Picture	ITI	5478795	0	1	29990	1	0	next	other	0
10	300	Port Input	1	5479089	294	1
10	300	Response	3	5479089	294	1
10	301	Sound	test	5498057	0	1			0		other	0
10	301	Picture	response	5508785	10728	1	4998	1	10700	25000	incorrect	705
10	301	Port Input	2	5513699	15642	1
10	301	Response	4	5513699	15642	1
10	302	Picture	ITI	5514783	0	1	25825	1	0	next	other	0
10	303	Sound	test	5525434	0	1			0		other	0
10	303	Picture	response	5540607	15173	1	5831	1	15000	25000	incorrect	710
10	303	Port Input	1	5546383	20948	1
10	303	Response	3	5546383	20948	1
10	304	Picture	ITI	5547438	0	1	27157	1	0	next	other	0
10	305	Sound	test	5563110	0	1			0		other	0
10	305	Picture	response	5574596	11486	1	5498	1	11450	25000	incorrect	715
10	305	Port Input	2	5579993	16883	1
10	305	Response	4	5579993	16883	1
10	306	Picture	ITI	5581094	0	1	25491	1	0	next	other	0
10	307	Sound	test	5593295	0	1			0		other	0
10	307	Picture	response	5606585	13290	1	5332	1	13100	25000	incorrect	720
10	307	Port Input	1	5611843	18549	1
10	307	Response	3	5611843	18549	1
10	308	Picture	ITI	5612916	0	1	29490	1	0	next	other	0
10	309	Sound	test	5628257	0	1			0		other	0
10	309	Picture	response	5642406	14149	1	4998	1	14020	25000	incorrect	725
10	309	Port Input	1	5647317	19060	1
10	309	Response	3	5647317	19060	1
10	310	Picture	ITI	5648404	0	1	26491	1	0	next	other	0
10	311	Sound	test	5659775	0	1			0		other	0
10	311	Picture	response	5674895	15120	1	4165	1	15000	25000	incorrect	730
10	311	Port Input	1	5678980	19205	1
10	311	Response	3	5678980	19205	1
10	312	Picture	ITI	5680060	0	1	21659	1	0	next	other	0
10	313	Sound	test	5690201	0	1			0		other	0
10	313	Picture	response	5701719	11518	1	5332	1	11450	25000	incorrect	735
10	313	Port Input	2	5706864	16663	1
10	313	Response	4	5706864	16663	1
10	314	Picture	ITI	5707884	0	1	32489	1	0	next	other	0
10	315	Sound	test	5725335	0	1			0		other	0
10	315	Picture	response	5740373	15037	1	4332	1	15000	25000	incorrect	740
10	315	Port Input	1	5744556	19221	1
10	315	Response	3	5744556	19221	1
10	316	Picture	ITI	5745704	0	1	31323	1	0	next	other	0
10	317	Sound	test	5765485	0	1			0		other	0
10	317	Picture	response	5777027	11541	1	4998	1	11450	25000	incorrect	745
10	317	Port Input	2	5781935	16450	1
10	317	Response	4	5781935	16450	1
10	318	Picture	ITI	5783025	0	1	24325	1	0	next	other	0
10	319	Sound	test	5796496	0	1			0		other	0
10	319	Picture	response	5807350	10854	1	4832	1	10700	25000	incorrect	750
10	319	Port Input	2	5812120	15624	1
10	319	Response	4	5812120	15624	1
10	441	Picture	resume	7022768	0	1	17494	1	0	next	other	0
10	441	Port Input	2	7038946	16178	1
10	441	Response	4	7038946	16178	1
10	442	Picture	ITI	7040262	0	1	10163	1	0	next	other	0
10	443	Picture	ITI	7050425	0	1	30156	1	0	next	other	0
10	444	Sound	test	7069696	0	1			0		other	0
10	444	Picture	response	7080582	10885	1	4832	1	10700	25000	incorrect	759
10	444	Port Input	1	7085311	15615	1
10	444	Response	3	7085311	15615	1
10	445	Picture	ITI	7086246	0	1	24325	1	0	next	other	0
10	446	Sound	test	7099758	0	1			0		other	0
10	446	Picture	response	7110571	10814	1	5332	1	10700	25000	incorrect	764
10	446	Port Input	1	7115819	16061	1
10	446	Response	3	7115819	16061	1
10	447	Picture	ITI	7116902	0	1	24325	1	0	next	other	0
10	448	Sound	test	7131054	0	1			0		other	0
10	448	Picture	response	7141227	10174	1	3665	1	10000	25000	incorrect	769
10	448	Port Input	2	7144712	13659	1
10	448	Response	4	7144712	13659	1
10	449	Picture	ITI	7145726	0	1	24158	1	0	next	other	0
10	450	Sound	test	7156657	0	1			0		other	0
10	450	Picture	response	7169884	13227	1	3999	1	13100	25000	incorrect	774
10	450	Port Input	1	7173824	17167	1
10	450	Response	3	7173824	17167	1
10	451	Picture	ITI	7174883	0	1	21826	1	0	next	other	0
10	452	Sound	test	7185844	0	1			0		other	0
10	452	Picture	response	7196709	10865	1	4832	1	10700	25000	incorrect	779
10	452	Port Input	2	7201468	15625	1
10	452	Response	4	7201468	15625	1
10	453	Picture	ITI	7202540	0	1	28324	1	0	next	other	0
10	454	Sound	test	7220681	0	1			0		other	0
10	454	Picture	response	7230864	10182	1	5498	1	10000	25000	incorrect	784
10	454	Port Input	2	7236214	15533	1
10	454	Response	4	7236214	15533	1
10	455	Picture	ITI	7237195	0	1	32156	1	0	next	other	0
10	456	Sound	test	7256166	0	1			0		other	0
10	456	Picture	response	7269350	13184	1	4332	1	13100	25000	incorrect	789
10	456	Port Input	1	7273603	17437	1
10	456	Response	3	7273603	17437	1
10	457	Picture	ITI	7274682	0	1	29490	1	0	next	other	0
10	458	Sound	test	7292533	0	1			0		other	0
10	458	Picture	response	7304172	11639	1	3999	1	11450	25000	incorrect	794
10	458	Port Input	2	7307995	15461	1
10	458	Response	4	7307995	15461	1
10	459	Picture	ITI	7309004	0	1	29490	1	0	next	other	0
10	460	Sound	test	7326105	0	1			0		other	0
10	460	Picture	response	7338493	12389	1	6831	1	12250	25000	incorrect	799
10	460	Port Input	2	7345218	19113	1
10	460	Response	4	7345218	19113	1
10	461	Picture	ITI	7346324	0	1	24658	1	0	next	other	0
10	462	Sound	test	7360255	0	1			0		other	0
10	462	Picture	response	7370982	10727	1	4499	1	10700	25000	incorrect	804
10	462	Port Input	2	7375309	15053	1
10	462	Response	4	7375309	15053	1
10	463	Picture	ITI	7376314	0	1	24325	1	0	next	other	0
10	464	Sound	test	7390545	0	1			0		other	0
10	464	Picture	response	7400639	10093	1	4332	1	10000	25000	incorrect	809
10	464	Port Input	2	7404900	14355	1
10	464	Response	4	7404900	14355	1
10	465	Picture	ITI	7405970	0	1	29490	1	0	next	other	0
10	466	Sound	test	7424622	0	1			0		other	0
10	466	Picture	response	7435460	10839	1	6331	1	10700	25000	incorrect	814
10	466	Port Input	1	7441707	17085	1
10	466	Response	3	7441707	17085	1
10	467	Picture	ITI	7442791	0	1	23825	1	0	next	other	0
10	468	Sound	test	7455742	0	1			0		other	0
10	468	Picture	response	7466616	10874	1	11996	1	10700	25000	incorrect	819
10	468	Port Input	1	7478482	22740	1
10	468	Response	3	7478482	22740	1
10	469	Picture	ITI	7479445	0	1	27990	1	0	next	other	0
10	470	Sound	test	7493287	0	1			0		other	0
10	470	Picture	response	7507436	14149	1	7164	1	14020	25000	incorrect	824
10	470	Port Input	1	7514529	21242	1
10	470	Response	3	7514529	21242	1
10	471	Picture	ITI	7515600	0	1	26824	1	0	next	other	0
10	472	Sound	test	7527381	0	1			0		other	0
10	472	Picture	response	7542424	15043	1	5998	1	15000	25000	incorrect	829
10	472	Port Input	1	7548358	20977	1
10	472	Response	3	7548358	20977	1
10	473	Picture	ITI	7549421	0	1	24991	1	0	next	other	0
10	474	Sound	test	7561993	0	1			0		other	0
10	474	Picture	response	7574413	12420	1	4998	1	12250	25000	incorrect	834
10	474	Port Input	2	7579323	17331	1
10	474	Response	4	7579323	17331	1
10	475	Picture	ITI	7580411	0	1	29323	1	0	next	other	0
10	476	Sound	test	7599702	0	1			0		other	0
10	476	Picture	response	7609734	10032	1	4498	1	10000	25000	incorrect	839
10	476	Port Input	2	7614069	14367	1
10	476	Response	4	7614069	14367	1
10	477	Picture	ITI	7615066	0	1	33489	1	0	next	other	0
10	478	Sound	test	7633367	0	1			0		other	0
10	478	Picture	response	7648554	15187	1	6831	1	15000	25000	incorrect	844
10	478	Port Input	1	7655228	21861	1
10	478	Response	3	7655228	21861	1
10	479	Picture	ITI	7656385	0	1	22825	1	0	next	other	0
10	480	Sound	test	7669166	0	1			0		other	0
10	480	Picture	response	7679210	10044	1	3999	1	10000	25000	incorrect	849
10	480	Port Input	2	7683163	13997	1
10	480	Response	4	7683163	13997	1
10	481	Picture	ITI	7684209	0	1	27491	1	0	next	other	0
10	482	Sound	test	7701580	0	1			0		other	0
10	482	Picture	response	7711699	10119	1	6165	1	10000	25000	incorrect	854
10	482	Port Input	2	7717742	16162	1
10	482	Response	4	7717742	16162	1
10	483	Picture	ITI	7718864	0	1	24658	1	0	next	other	0
10	484	Sound	test	7733345	0	1			0		other	0
10	484	Picture	response	7743522	10177	1	4332	1	10000	25000	incorrect	859
10	484	Port Input	2	7747677	14332	1
10	484	Response	4	7747677	14332	1
10	485	Picture	ITI	7748687	0	1	29157	1	0	next	other	0
10	486	Sound	test	7763768	0	1			0		other	0
10	486	Picture	response	7777843	14075	1	5831	1	14020	25000	incorrect	864
10	486	Port Input	1	7783577	19809	1
10	486	Response	3	7783577	19809	1
10	487	Picture	ITI	7784674	0	1	27657	1	0	next	other	0
10	488	Sound	test	7800776	0	1			0		other	0
10	488	Picture	response	7812332	11556	1	3999	1	11450	25000	incorrect	869
10	488	Port Input	2	7816230	15454	1
10	488	Response	4	7816230	15454	1
10	489	Picture	ITI	7817330	0	1	28824	1	0	next	other	0
10	490	Sound	test	7833771	0	1			0		other	0
10	490	Picture	response	7846153	12382	1	4332	1	12250	25000	incorrect	874
10	490	Port Input	2	7850329	16558	1
10	490	Response	4	7850329	16558	1
10	491	Picture	ITI	7851485	0	1	27657	1	0	next	other	0
10	492	Sound	test	7865096	0	1			0		other	0
10	492	Picture	response	7879142	14046	1	7164	1	14020	25000	incorrect	879
10	492	Port Input	1	7886220	21124	1
10	492	Response	3	7886220	21124	1
10	493	Picture	ITI	7887306	0	1	22159	1	0	next	other	0
10	494	Sound	test	7899437	0	1			0		other	0
10	494	Picture	response	7909465	10028	1	4165	1	10000	25000	incorrect	884
10	494	Port Input	2	7913437	14000	1
10	494	Response	4	7913437	14000	1
10	495	Picture	ITI	7914463	0	1	26824	1	0	next	other	0
10	496	Sound	test	7928915	0	1			0		other	0
10	496	Picture	response	7941288	12373	1	4332	1	12250	25000	incorrect	889
10	496	Port Input	2	7945485	16571	1
10	496	Response	4	7945485	16571	1
10	497	Picture	ITI	7946452	0	1	29823	1	0	next	other	0
10	498	Sound	test	7965414	0	1			0		other	0
10	498	Picture	response	7976276	10862	1	4665	1	10700	25000	incorrect	894
10	498	Port Input	2	7980782	15369	1
10	498	Response	4	7980782	15369	1
10	499	Picture	ITI	7981774	0	1	21326	1	0	next	other	0
10	500	Sound	test	7992215	0	1			0		other	0
10	500	Picture	response	8003100	10885	1	4498	1	10700	25000	incorrect	899
10	500	Port Input	2	8007427	15212	1
10	500	Response	4	8007427	15212	1
10	501	Picture	ITI	8008431	0	1	29823	1	0	next	other	0
10	502	Sound	test	8028093	0	1			0		other	0
10	502	Picture	response	8038254	10162	1	3832	1	10000	25000	incorrect	904
10	502	Port Input	2	8042037	13944	1
10	502	Response	4	8042037	13944	1
10	503	Picture	ITI	8043086	0	1	23992	1	0	next	other	0
10	504	Sound	test	8055557	0	1			0		other	0
10	504	Picture	response	8067078	11521	1	4998	1	11450	25000	incorrect	909
10	504	Port Input	2	8072013	16456	1
10	504	Response	4	8072013	16456	1
10	505	Picture	ITI	8073076	0	1	24658	1	0	next	other	0
10	506	Sound	test	8086247	0	1			0		other	0
10	506	Picture	response	8097734	11487	1	12163	1	11450	25000	incorrect	914
10	506	Port Input	1	8109767	23520	1
10	506	Response	3	8109767	23520	1
10	507	Picture	ITI	8110730	0	1	27824	1	0	next	other	0
10	508	Sound	test	8125381	0	1			0		other	0
10	508	Picture	response	8138554	13173	1	5998	1	13100	25000	incorrect	919
10	508	Port Input	1	8144492	19111	1
10	508	Response	3	8144492	19111	1
10	509	Picture	ITI	8145551	0	1	33822	1	0	next	other	0
10	510	Sound	test	8164212	0	1			0		other	0
10	510	Picture	response	8179373	15160	1	5831	1	15000	25000	incorrect	924
10	510	Port Input	1	8185161	20949	1
10	510	Response	3	8185161	20949	1
10	511	Picture	ITI	8186204	0	1	31156	1	0	next	other	0
10	512	Sound	test	8205035	0	2			0		other	0
10	512	Picture	response	8217360	12325	1	7164	1	12250	25000	incorrect	929
10	512	Port Input	2	8224384	19348	1
10	512	Response	4	8224384	19348	1
10	513	Picture	ITI	8225357	0	1	28157	1	0	next	other	0
10	514	Sound	test	8238459	0	1			0		other	0
10	514	Picture	response	8253514	15056	1	6165	1	15000	25000	incorrect	934
10	514	Port Input	1	8259597	21139	1
10	514	Response	3	8259597	21139	1
10	515	Picture	ITI	8260679	0	1	21992	1	0	next	other	0
10	516	Sound	test	8272490	0	1			0		other	0
10	516	Picture	response	8282671	10181	1	4832	1	10000	25000	incorrect	939
10	516	Port Input	2	8287439	14950	1
10	516	Response	4	8287439	14950	1
10	517	Picture	ITI	8288502	0	1	24325	1	0	next	other	0
10	518	Sound	test	8298753	0	1			0		other	0
10	518	Picture	response	8312827	14074	1	6831	1	14020	25000	incorrect	944
10	518	Port Input	1	8319488	20734	1
10	518	Response	3	8319488	20734	1
10	519	Picture	ITI	8320491	0	1	23659	1	0	next	other	0
10	520	Sound	test	8334053	0	1			0		other	0
10	520	Picture	response	8344150	10097	1	4165	1	10000	25000	incorrect	949
10	520	Port Input	2	8348152	14100	1
10	520	Response	4	8348152	14100	1
10	521	Picture	ITI	8349148	0	1	24658	1	0	next	other	0
10	522	Sound	test	8359640	0	1			0		other	0
10	522	Picture	response	8373806	14167	1	5498	1	14020	25000	incorrect	954
10	522	Port Input	1	8379107	19467	1
10	522	Response	3	8379107	19467	1
10	523	Picture	ITI	8380138	0	1	28157	1	0	next	other	0
10	524	Sound	test	8393189	0	1			0		other	0
10	524	Picture	response	8408295	15106	1	5332	1	15000	25000	incorrect	959
10	524	Port Input	1	8413540	20351	1
10	524	Response	3	8413540	20351	1
10	525	Picture	ITI	8414626	0	1	22659	1	0	next	other	0
10	526	Sound	test	8426467	0	1			0		other	0
10	526	Picture	response	8437285	10818	1	4498	1	10700	25000	incorrect	964
10	526	Port Input	2	8441715	15248	1
10	526	Response	4	8441715	15248	1
10	527	Picture	ITI	8442783	0	1	32322	1	0	next	other	0
10	528	Sound	test	8460044	0	1			0		other	0
10	528	Picture	response	8475105	15061	1	2999	1	15000	25000	incorrect	969
10	528	Port Input	1	8478064	18020	1
10	528	Response	3	8478064	18020	1
10	529	Picture	ITI	8479104	0	1	25825	1	0	next	other	0
10	530	Sound	test	8489795	0	1			0		other	0
10	530	Picture	response	8504928	15133	1	4665	1	15000	25000	incorrect	974
10	530	Port Input	1	8509529	19734	1
10	530	Response	3	8509529	19734	1
10	531	Picture	ITI	8510593	0	1	24991	1	0	next	other	0
10	532	Sound	test	8523274	0	1			0		other	0
10	532	Picture	response	8535585	12310	1	5498	1	12250	25000	incorrect	979
10	532	Port Input	1	8541026	17751	1
10	532	Response	3	8541026	17751	1
10	533	Picture	ITI	8542082	0	1	25825	1	0	next	other	0
10	534	Sound	test	8554654	0	1			0		other	0
10	534	Picture	response	8567907	13253	1	9497	1	13100	25000	incorrect	984
10	534	Port Input	1	8577249	22596	1
10	534	Response	3	8577249	22596	1
10	535	Picture	ITI	8578237	0	1	23492	1	0	next	other	0
10	536	Sound	test	8591688	0	1			0		other	0
10	536	Picture	response	8601729	10041	1	7331	1	10000	25000	incorrect	989
10	536	Port Input	1	8608913	17225	1
10	536	Response	3	8608913	17225	1
10	537	Picture	ITI	8610059	0	1	31489	1	0	next	other	0
10	538	Sound	test	8629200	0	1			0		other	0
10	538	Picture	response	8641548	12348	1	5998	1	12250	25000	incorrect	994
10	538	Port Input	1	8647448	18247	1
10	538	Response	3	8647448	18247	1
10	539	Picture	ITI	8648546	0	1	23659	1	0	next	other	0
10	540	Sound	test	8662087	0	1			0		other	0
10	540	Picture	response	8672205	10117	1	4998	1	10000	25000	incorrect	999
10	540	Port Input	2	8677018	14931	1
10	540	Response	4	8677018	14931	1
10	541	Picture	ITI	8678036	0	1	26991	1	0	next	other	0
10	542	Sound	test	8692617	0	1			0		other	0
10	542	Picture	response	8705027	12410	1	5165	1	12250	25000	incorrect	1004
10	542	Port Input	1	8709993	17376	1
10	542	Response	3	8709993	17376	1
10	543	Picture	ITI	8711025	0	1	26824	1	0	next	other	0
10	544	Sound	test	8723656	0	1			0		other	0
10	544	Picture	response	8737849	14193	1	6331	1	14020	25000	incorrect	1009
10	544	Port Input	1	8744134	20479	1
10	544	Response	3	8744134	20479	1
10	545	Picture	ITI	8745180	0	1	25491	1	0	next	other	0
10	546	Sound	test	8756481	0	1			0		other	0
10	546	Picture	response	8770671	14190	1	5831	1	14020	25000	incorrect	1014
10	546	Port Input	1	8776454	19973	1
10	546	Response	3	8776454	19973	1
10	547	Picture	ITI	8777502	0	1	29490	1	0	next	other	0
10	548	Sound	test	8792933	0	1			0		other	0
10	548	Picture	response	8806992	14059	1	5165	1	14020	25000	incorrect	1019
10	548	Port Input	1	8812000	19067	1
10	548	Response	3	8812000	19067	1
10	549	Picture	ITI	8813156	0	1	28157	1	0	next	other	0
10	550	Sound	test	8831258	0	1			0		other	0
10	550	Picture	response	8841314	10056	1	4832	1	10000	25000	incorrect	1024
10	550	Port Input	2	8846027	14770	1
10	550	Response	4	8846027	14770	1
10	551	Picture	ITI	8847145	0	1	22659	1	0	next	other	0
10	552	Sound	test	8859706	0	1			0		other	0
10	552	Picture	response	8869804	10098	1	4665	1	10000	25000	incorrect	1029
10	552	Port Input	2	8874286	14580	1
10	552	Response	4	8874286	14580	1
10	553	Picture	ITI	8875302	0	1	28157	1	0	next	other	0
10	554	Sound	test	8889333	0	1			0		other	0
10	554	Picture	response	8903459	14126	1	5332	1	14020	25000	incorrect	1034
10	554	Port Input	1	8908698	19365	1
10	554	Response	3	8908698	19365	1
10	555	Picture	ITI	8909790	0	1	23825	1	0	next	other	0
10	556	Sound	test	8922851	0	1			0		other	0
10	556	Picture	response	8933615	10764	1	2999	1	10700	25000	incorrect	1039
10	556	Port Input	2	8936519	13667	1
10	556	Response	4	8936519	13667	1
10	557	Picture	ITI	8937614	0	1	20326	1	0	next	other	0
10	558	Sound	test	8947855	0	1			0		other	0
10	558	Picture	response	8957940	10085	1	4498	1	10000	25000	incorrect	1044
10	558	Port Input	2	8962351	14496	1
10	558	Response	4	8962351	14496	1
10	559	Picture	ITI	8963438	0	1	23325	1	0	next	other	0
10	560	Sound	test	8974420	0	1			0		other	0
10	560	Picture	response	8986764	12344	1	3832	1	12250	25000	incorrect	1049
10	560	Port Input	2	8990433	16013	1
10	560	Response	4	8990433	16013	1
10	561	Picture	ITI	8991429	0	1	33655	1	0	next	other	0
10	562	Sound	test	9010000	0	1			0		other	0
10	562	Picture	response	9025084	15084	1	4998	1	15000	25000	incorrect	1054
10	562	Port Input	1	9030030	20030	1
10	562	Response	3	9030030	20030	1
10	563	Picture	ITI	9031082	0	1	33322	1	0	next	other	0
10	564	Sound	test	9049303	0	1			0		other	0
10	564	Picture	response	9064404	15101	1	5165	1	15000	25000	incorrect	1059
10	564	Port Input	2	9069481	20178	1
10	564	Response	4	9069481	20178	1
10	565	Picture	ITI	9070569	0	1	25991	1	0	next	other	0
10	566	Sound	test	9083310	0	1			0		other	0
10	566	Picture	response	9096560	13250	1	5998	1	13100	25000	incorrect	1064
10	566	Port Input	1	9102498	19188	1
10	566	Response	3	9102498	19188	1
10	566A	Port Input	1	9103352	853	1
10	567	Picture	ITI	9103557	0	1	29157	1	0	next	other	0
10	568	Sound	test	9117659	0	1			0		other	0
10	568	Picture	response	9132714	15055	1	4832	1	15000	25000	incorrect	1070
10	568	Port Input	1	9137430	19772	1
10	568	Response	3	9137430	19772	1
10	569	Picture	ITI	9138545	0	1	32156	1	0	next	other	0
10	570	Sound	test	9155637	0	1			0		other	0
10	570	Picture	response	9170701	15064	1	4832	1	15000	25000	incorrect	1075
10	570	Port Input	1	9175435	19798	1
10	570	Response	3	9175435	19798	1
10	571	Picture	ITI	9176532	0	1	25658	1	0	next	other	0
10	572	Sound	test	9190624	0	2			0		other	0
10	572	Picture	response	9202190	11567	1	4498	1	11450	25000	incorrect	1080
10	572	Port Input	2	9206536	15912	1
10	572	Response	4	9206536	15912	1
10	573	Picture	ITI	9207522	0	1	26824	1	0	next	other	0
10	574	Sound	test	9221083	0	1			0		other	0
10	574	Picture	response	9234346	13263	1	6498	1	13100	25000	incorrect	1085
10	574	Port Input	1	9240750	19667	1
10	574	Response	3	9240750	19667	1
10	575	Picture	ITI	9241843	0	1	26991	1	0	next	other	0
10	576	Sound	test	9257235	0	1			0		other	0
10	576	Picture	response	9268834	11600	1	3999	1	11450	25000	incorrect	1090
10	576	Port Input	2	9272746	15511	1
10	576	Response	4	9272746	15511	1
10	577	Picture	ITI	9273832	0	1	27990	1	0	next	other	0
10	578	Sound	test	9291784	0	1			0		other	0
10	578	Picture	response	9301823	10039	1	10663	1	10000	25000	incorrect	1095
10	578	Port Input	2	9312333	20549	1
10	578	Response	4	9312333	20549	1
10	579	Picture	ITI	9313319	0	1	27657	1	0	next	other	0
10	580	Sound	test	9329400	0	1			0		other	0
10	580	Picture	response	9340976	11576	1	10996	1	11450	25000	incorrect	1100
10	580	Port Input	1	9351899	22499	1
10	580	Response	3	9351899	22499	1
10	581	Picture	ITI	9352972	0	1	30823	1	0	next	other	0
10	582	Sound	test	9371424	0	1			0		other	0
10	582	Picture	response	9383795	12371	1	4165	1	12250	25000	incorrect	1105
10	582	Port Input	2	9387758	16334	1
10	582	Response	4	9387758	16334	1
10	583	Picture	ITI	9388793	0	1	27990	1	0	next	other	0
10	584	Sound	test	9404484	0	1			0		other	0
10	584	Picture	response	9416784	12299	1	3999	1	12250	25000	incorrect	1110
10	584	Port Input	2	9420723	16238	1
10	584	Response	4	9420723	16238	1
10	585	Picture	ITI	9421782	0	1	29490	1	0	next	other	0
10	586	Sound	test	9437163	0	1			0		other	0
10	586	Picture	response	9451272	14109	1	4832	1	14020	25000	incorrect	1115
10	586	Port Input	1	9455988	18825	1
10	586	Response	3	9455988	18825	1
10	587	Picture	ITI	9457103	0	1	25825	1	0	next	other	0
10	588	Sound	test	9467894	0	1			0		other	0
10	588	Picture	response	9482928	15033	1	6831	1	15000	25000	incorrect	1120
10	588	Port Input	1	9489703	21808	1
10	588	Response	3	9489703	21808	1
10	589	Picture	ITI	9490758	0	1	27157	1	0	next	other	0
10	590	Sound	test	9506350	0	1			0		other	0
10	590	Picture	response	9517916	11566	1	4832	1	11450	25000	incorrect	1125
10	590	Port Input	2	9522626	16276	1
10	590	Response	4	9522626	16276	1
10	591	Picture	ITI	9523747	0	1	33155	1	0	next	other	0
10	592	Sound	test	9543628	0	1			0		other	0
10	592	Picture	response	9556902	13274	1	4165	1	13100	25000	incorrect	1130
10	592	Port Input	1	9560901	17272	1
10	592	Response	3	9560901	17272	1
10	593	Picture	ITI	9562067	0	1	24492	1	0	next	other	0
10	594	Sound	test	9573289	0	1			0		other	0
10	594	Picture	response	9586559	13270	1	7664	1	13100	25000	incorrect	1135
10	594	Port Input	2	9594157	20868	1
10	594	Response	4	9594157	20868	1
10	595	Picture	ITI	9595223	0	1	23825	1	0	next	other	0
10	596	Sound	test	9608884	0	1			0		other	0
10	596	Picture	response	9619048	10164	1	5498	1	10000	25000	incorrect	1140
10	596	Port Input	2	9624362	15479	1
10	596	Response	4	9624362	15479	1
10	597	Picture	ITI	9625379	0	1	26158	1	0	next	other	0
10	598	Sound	test	9639160	0	1			0		other	0
10	598	Picture	response	9651537	12376	1	7997	1	12250	25000	incorrect	1145
10	598	Port Input	1	9659389	20228	1
10	598	Response	3	9659389	20228	1
10	599	Picture	ITI	9660534	0	1	26324	1	0	next	other	0
10	600	Sound	test	9673615	0	1			0		other	0
10	600	Picture	response	9686858	13243	1	9497	1	13100	25000	incorrect	1150
10	600	Port Input	1	9696279	22664	1
10	600	Response	3	9696279	22664	1
10	601	Picture	ITI	9697354	0	1	29323	1	0	next	other	0
10	602	Sound	test	9711646	0	1			0		other	0
10	602	Picture	response	9726678	15032	1	3999	1	15000	25000	incorrect	1155
10	602	Port Input	1	9730587	18941	1
10	602	Response	3	9730587	18941	1
10	603	Picture	ITI	9731676	0	1	29157	1	0	next	other	0
10	604	Sound	test	9745697	0	1			0		other	0
10	604	Picture	response	9760833	15135	1	4832	1	15000	25000	incorrect	1160
10	604	Port Input	1	9765498	19801	1
10	604	Response	3	9765498	19801	1
10	605	Picture	ITI	9766664	0	1	28324	1	0	next	other	0
10	606	Sound	test	9781775	0	1			0		other	0
10	606	Picture	response	9794988	13212	1	11829	1	13100	25000	incorrect	1165
10	606	Port Input	1	9806699	24924	1
10	606	Response	3	9806699	24924	1
10	607	Picture	ITI	9807817	0	1	21992	1	0	next	other	0
10	608	Sound	test	9818198	0	1			0		other	0
10	608	Picture	response	9829809	11611	1	4998	1	11450	25000	incorrect	1170
10	608	Port Input	2	9834718	16520	1
10	608	Response	4	9834718	16520	1
10	609	Picture	ITI	9835807	0	1	33988	1	0	next	other	0
10	610	Sound	test	9854728	0	1			0		other	0
10	610	Picture	response	9869796	15067	1	3999	1	15000	25000	incorrect	1175
10	610	Port Input	1	9873638	18910	1
10	610	Response	3	9873638	18910	1
10	611	Picture	ITI	9874627	0	1	23659	1	0	next	other	0
10	612	Sound	test	9885149	0	1			0		other	0
10	612	Picture	response	9898286	13137	1	4832	1	13100	25000	incorrect	1180
10	612	Port Input	2	9902990	17842	1
10	612	Response	4	9902990	17842	1
10	613	Picture	ITI	9904117	0	1	26158	1	0	next	other	0
10	614	Sound	test	9917118	0	1			0		other	0
10	614	Picture	response	9930275	13157	1	4332	1	13100	25000	incorrect	1185
10	614	Port Input	2	9934445	17327	1
10	614	Response	4	9934445	17327	1
10	615	Picture	ITI	9935440	0	1	22825	1	0	next	other	0
10	616	Sound	test	9947531	0	1			0		other	0
10	616	Picture	response	9958265	10734	1	5498	1	10700	25000	incorrect	1190
10	616	Port Input	2	9963682	16151	1
10	616	Response	4	9963682	16151	1
10	617	Picture	ITI	9964763	0	1	26324	1	0	next	other	0
10	618	Sound	test	9978724	0	1			0		other	0
10	618	Picture	response	9991087	12363	1	6331	1	12250	25000	incorrect	1195
10	618	Port Input	2	9997292	18568	1
10	618	Response	4	9997292	18568	1
10	619	Picture	ITI	9998418	0	1	23492	1	0	next	other	0
10	620	Sound	test	10011090	0	1			0		other	0
10	620	Picture	response	10021910	10821	1	4832	1	10700	25000	incorrect	1200
10	620	Port Input	2	10026686	15596	1
10	620	Response	4	10026686	15596	1
10	621	Picture	ITI	10027742	0	1	29490	1	0	next	other	0
10	622	Sound	test	10045683	0	1			0		other	0
10	622	Picture	response	10057232	11549	1	4332	1	11450	25000	incorrect	1205
10	622	Port Input	2	10061504	15821	1
10	622	Response	4	10061504	15821	1
10	623	Picture	ITI	10062563	0	1	20326	1	0	next	other	0
10	624	Sound	test	10072764	0	1			0		other	0
10	624	Picture	response	10082889	10125	1	4998	1	10000	25000	incorrect	1210
10	624	Port Input	2	10087753	14988	1
10	624	Response	4	10087753	14988	1
10	625	Picture	ITI	10088721	0	1	28324	1	0	next	other	0
10	626	Sound	test	10102842	0	1			0		other	0
10	626	Picture	response	10117044	14202	1	5332	1	14020	25000	incorrect	1215
10	626	Port Input	1	10122175	19333	1
10	626	Response	3	10122175	19333	1
10	627	Picture	ITI	10123209	0	1	27324	1	0	next	other	0
10	628	Sound	test	10137320	0	1			0		other	0
10	628	Picture	response	10150533	13213	1	7497	1	13100	25000	incorrect	1220
10	628	Port Input	2	10157857	20537	1
10	628	Response	4	10157857	20537	1
10	629	Picture	ITI	10158863	0	1	24158	1	0	next	other	0
10	630	Sound	test	10170715	0	1			0		other	0
10	630	Picture	response	10183022	12307	1	5165	1	12250	25000	incorrect	1225
10	630	Port Input	1	10188042	17327	1
10	630	Response	3	10188042	17327	1
10	631	Picture	ITI	10189020	0	1	26991	1	0	next	other	0
10	632	Sound	test	10204431	0	1			0		other	0
10	632	Picture	response	10216011	11580	1	5998	1	11450	25000	incorrect	1230
10	632	Port Input	1	10221954	17523	1
10	632	Response	3	10221954	17523	1
10	633	Picture	ITI	10223008	0	1	29157	1	0	next	other	0
10	634	Sound	test	10241420	0	1			0		other	0
10	634	Picture	response	10252165	10745	1	6831	1	10700	25000	incorrect	1235
10	634	Port Input	2	10258792	17373	1
10	634	Response	4	10258792	17373	1
10	635	Picture	ITI	10259829	0	1	27990	1	0	next	other	0
10	636	Sound	test	10277070	0	1			0		other	0
10	636	Picture	response	10287819	10749	1	5165	1	10700	25000	incorrect	1240
10	636	Port Input	2	10292934	15863	1
10	636	Response	4	10292934	15863	1
10	637	Picture	ITI	10293984	0	1	30823	1	0	next	other	0
10	638	Sound	test	10309675	0	1			0		other	0
10	638	Picture	response	10324807	15132	1	4832	1	15000	25000	incorrect	1245
10	638	Port Input	1	10329563	19888	1
10	638	Response	3	10329563	19888	1
10	639	Picture	ITI	10330638	0	1	33988	1	0	next	other	0
10	640	Sound	test	10349479	0	1			0		other	0
10	640	Picture	response	10364627	15147	1	9830	1	15000	25000	incorrect	1250
10	640	Port Input	1	10374335	24856	1
10	640	Response	3	10374335	24856	1
10	641	Picture	ITI	10375456	0	1	22992	1	0	next	other	0
10	642	Sound	test	10386057	0	1			0		other	0
10	642	Picture	response	10398448	12391	1	7664	1	12250	25000	incorrect	1255
10	642	Port Input	1	10405978	19920	1
10	642	Response	3	10405978	19920	1
10	643	Picture	ITI	10407112	0	1	21659	1	0	next	other	0
10	644	Sound	test	10418663	0	1			0		other	0
10	644	Picture	response	10428771	10108	1	5165	1	10000	25000	incorrect	1260
10	644	Port Input	2	10433768	15104	1
10	644	Response	4	10433768	15104	1
10	645	Picture	ITI	10434769	0	1	33988	1	0	next	other	0
10	646	Sound	test	10454661	0	1			0		other	0
10	646	Picture	response	10468758	14097	1	5665	1	14020	25000	incorrect	1265
10	646	Port Input	1	10474281	19621	1
10	646	Response	3	10474281	19621	1
10	647	Picture	ITI	10475422	0	1	28657	1	0	next	other	0
10	648	Sound	test	10489993	0	1			0		other	0
10	648	Picture	response	10504079	14086	1	5165	1	14020	25000	incorrect	1270
10	648	Port Input	1	10509099	19106	1
10	648	Response	3	10509099	19106	1
10	649	Picture	ITI	10510244	0	1	23825	1	0	next	other	0
10	650	Sound	test	10522535	0	1			0		other	0
10	650	Picture	response	10534069	11534	1	5831	1	11450	25000	incorrect	1275
10	650	Port Input	2	10539825	17291	1
10	650	Response	4	10539825	17291	1
10	651	Picture	ITI	10540900	0	1	34821	1	0	next	other	0
10	652	Sound	test	10560591	0	1			0		other	0
10	652	Picture	response	10575721	15130	1	7164	1	15000	25000	incorrect	1280
10	652	Port Input	1	10582692	22101	1
10	652	Response	3	10582692	22101	1
10	653	Picture	ITI	10583718	0	1	27657	1	0	next	other	0
10	654	Sound	test	10599870	0	1			0		other	0
10	654	Picture	response	10611376	11506	1	3665	1	11450	25000	incorrect	1285
10	654	Port Input	2	10614855	14985	1
10	654	Response	4	10614855	14985	1
10	655	Picture	ITI	10615874	0	1	24658	1	0	next	other	0
10	656	Sound	test	10629015	0	1			0		other	0
10	656	Picture	response	10640532	11517	1	6998	1	11450	25000	incorrect	1290
10	656	Port Input	2	10647486	18471	1
10	656	Response	4	10647486	18471	1
10	657	Picture	ITI	10648530	0	1	26824	1	0	next	other	0
10	658	Sound	test	10662211	0	1			0		other	0
10	658	Picture	response	10675354	13143	1	5498	1	13100	25000	incorrect	1295
10	658	Port Input	2	10680732	18521	1
10	658	Response	4	10680732	18521	1
10	659	Picture	ITI	10681852	0	1	34488	1	0	next	other	0
10	660	Sound	test	10701313	0	1			0		other	0
10	660	Picture	response	10716340	15027	1	5498	1	15000	25000	incorrect	1300
10	660	Port Input	1	10721756	20443	1
10	660	Response	3	10721756	20443	1
10	661	Picture	ITI	10722838	0	1	31323	1	0	next	other	0
10	662	Sound	test	10740869	0	1			0		other	0
10	662	Picture	response	10754160	13291	1	5165	1	13100	25000	incorrect	1305
10	662	Port Input	2	10759260	18392	1
10	662	Response	4	10759260	18392	1
10	663	Picture	ITI	10760325	0	1	24325	1	0	next	other	0
10	664	Sound	test	10773026	0	1			0		other	0
10	664	Picture	response	10784650	11624	1	5165	1	11450	25000	incorrect	1310
10	664	Port Input	2	10789622	16596	1
10	664	Response	4	10789622	16596	1
10	665	Picture	ITI	10790648	0	1	27157	1	0	next	other	0
10	666	Sound	test	10806929	0	1			0		other	0
10	666	Picture	response	10817805	10876	1	5498	1	10700	25000	incorrect	1315
10	666	Port Input	2	10823222	16293	1
10	666	Response	4	10823222	16293	1
10	667	Picture	ITI	10824303	0	1	24658	1	0	next	other	0
10	668	Sound	test	10834794	0	1			0		other	0
10	668	Picture	response	10848961	14167	1	9663	1	14020	25000	incorrect	1320
10	668	Port Input	1	10858425	23631	1
10	668	Response	3	10858425	23631	1
10	669	Picture	ITI	10859458	0	1	33322	1	0	next	other	0
10	670	Sound	test	10877679	0	1			0		other	0
10	670	Picture	response	10892779	15101	1	6831	1	15000	25000	incorrect	1325
10	670	Port Input	1	10899563	21885	1
10	670	Response	3	10899563	21885	1
10	671	Picture	ITI	10900610	0	1	30490	1	0	next	other	0
10	672	Sound	test	10916931	0	1			0		other	0
10	672	Picture	response	10931100	14168	1	7164	1	14020	25000	incorrect	1330
10	672	Port Input	1	10938119	21188	1
10	672	Response	3	10938119	21188	1
10	673	Picture	ITI	10939097	0	1	20160	1	0	next	other	0
10	674	Picture	Instruction	10959257	0	1	199319	1	0	next	other	0
10	674	Quit		11153106	193850	NA


{
   "app": "Presentation Version 20.2 Build 07.25.18",
   "device": "LENOVO 10A8S1PC00",
   "experiment": "{772213B2-5F0F-4A35-9C2F-36954700C7EA}",
   "os": "Windows 7 64 bit",
   "package": "",
   "parameters": {
      "configuration": "Default configuration"
   },
   "scenario": "Timing Task with Dynanometer.sce",
   "subject": "10",
   "timestamp": "2019/03/13 10:36:40 GMT"
}
