Scenario - Timing Task
Logfile written - 03/04/2019 18:38:50

Subject	Trial	Event Type	Code	Time	TTime	Uncertainty	Duration	Uncertainty	ReqTime	ReqDur	Stim Type	Pair Index

10001	1	Picture	Instruction	333	0	1	14995	1	0	next	other	0
10001	1	Response	1	10160	9827	0
10001	2	Picture	ITI	15328	0	1	10496	1	0	next	other	0
10001	3	Sound	Stimuli	25337	0	444			0		other	0
10001	4	Picture	Feedback	55814	0	1	20160	1	0	next	other	0
10001	5	Picture	ITI	75973	0	1	10163	1	0	next	other	0
10001	6	Sound	Stimuli	85975	0	1			0		other	0
10001	7	Picture	Feedback	121124	0	1	20160	1	0	next	other	0
10001	8	Picture	ITI	141284	0	1	10163	1	0	next	other	0
10001	9	Sound	Stimuli	151285	0	1			0		other	0
10001	10	Picture	Feedback	181437	0	1	20160	1	0	next	other	0
10001	11	Picture	ITI	201596	0	1	10163	1	0	next	other	0
10001	12	Sound	Stimuli	211598	0	1			0		other	0
10001	13	Picture	Feedback	246581	0	1	20160	1	0	next	other	0
10001	14	Picture	ITI	266740	0	1	10163	1	0	next	other	0
10001	15	Sound	Stimuli	276742	0	1			0		other	0
10001	16	Picture	Feedback	306727	0	1	20160	1	0	next	other	0
10001	17	Picture	ITI	326886	0	1	10163	1	0	next	other	0
10001	18	Sound	Stimuli	336887	0	1			0		other	0
10001	19	Picture	Feedback	371871	0	1	20160	1	0	next	other	0
10001	20	Picture	ITI	392030	0	1	10163	1	0	next	other	0
10001	21	Sound	Stimuli	402032	0	1			0		other	0
10001	22	Picture	Feedback	432016	0	1	20160	1	0	next	other	0
10001	23	Picture	ITI	452176	0	1	10163	1	0	next	other	0
10001	24	Sound	Stimuli	462178	0	1			0		other	0
10001	25	Picture	Feedback	497327	0	1	20160	1	0	next	other	0
10001	26	Picture	ITI	517487	0	1	10163	1	0	next	other	0
10001	27	Sound	Stimuli	527488	0	1			0		other	0
10001	28	Picture	Feedback	557473	0	1	20160	1	0	next	other	0
10001	29	Picture	ITI	577632	0	1	10163	1	0	next	other	0
10001	30	Sound	Stimuli	587634	0	1			0		other	0
10001	31	Picture	Feedback	622617	0	1	20160	1	0	next	other	0
10001	32	Picture	End_Block	642776	0	1	216092	1	0	next	other	0
10001	32	Response	1	858784	216008	0
10001	33	Picture	ITI	858868	0	1	10163	1	0	next	other	0
10001	34	Picture	Break	869031	0	1	45151	1	0	next	other	0
10001	34	Response	1	914063	45032	0
10001	35	Picture	ITI	914182	0	1	10163	1	0	next	other	0
10001	36	Picture	Instruction	924345	0	1	16328	1	0	next	other	0
10001	36	Response	1	935503	11157	0
10001	37	Picture	ITI	940673	0	1	33155	1	0	next	other	0
10001	38	Sound	Practice	958754	0	1			0		other	0
10001	38	Picture	response	973828	15074	1	3665	1	15000	25000	hit	45
10001	38	Port Input	2	977369	18615	1
10001	38	Response	4	977369	18615	1
10001	39	Picture	ITI	987490	0	1	21326	1	0	next	other	0
10001	40	Sound	Practice	998651	0	1			0		other	0
10001	40	Picture	response	1008816	10165	1	5831	1	10000	25000	hit	50
10001	40	Port Input	1	1014456	15805	1
10001	40	Response	3	1014456	15805	1
10001	41	Picture	ITI	1024644	0	1	32155	1	0	next	other	0
10001	42	Sound	Practice	1041685	0	1			0		other	0
10001	42	Picture	response	1056799	15114	1	2999	1	15000	25000	hit	55
10001	42	Port Input	2	1059614	17929	1
10001	42	Response	4	1059614	17929	1
10001	43	Picture	ITI	1069795	0	1	25324	1	0	next	other	0
10001	44	Sound	Practice	1085036	0	1			0		other	0
10001	44	Picture	response	1095119	10083	1	5332	1	10000	25000	hit	60
10001	44	Port Input	1	1100366	15330	1
10001	44	Response	3	1100366	15330	1
10001	45	Picture	ITI	1110447	0	1	21659	1	0	next	other	0
10001	46	Sound	Practice	1122018	0	1			0		other	0
10001	46	Picture	response	1132106	10088	1	6831	1	10000	25000	hit	65
10001	46	Port Input	1	1138766	16748	1
10001	46	Response	3	1138766	16748	1
10001	47	Picture	ITI	1148934	0	1	33988	1	0	next	other	0
10001	48	Sound	Practice	1167866	0	1			0		other	0
10001	48	Picture	response	1182922	15056	1	3665	1	15000	25000	hit	70
10001	48	Port Input	2	1186516	18650	1
10001	48	Response	4	1186516	18650	1
10001	49	Picture	ITI	1196584	0	1	26991	1	0	next	other	0
10001	50	Sound	Practice	1213525	0	1			0		other	0
10001	50	Picture	response	1223574	10049	1	4332	1	10000	25000	hit	75
10001	50	Port Input	1	1227747	14222	1
10001	50	Response	3	1227747	14222	1
10001	51	Picture	ITI	1237903	0	1	29157	1	0	next	other	0
10001	52	Sound	Practice	1256914	0	1			0		other	0
10001	52	Picture	response	1267059	10145	1	11996	1	10000	25000	hit	80
10001	52	Port Input	1	1278975	22061	1
10001	52	Response	3	1278975	22061	1
10001	53	Picture	ITI	1289052	0	1	25991	1	0	next	other	0
10001	54	Sound	Practice	1304893	0	1			0		other	0
10001	54	Picture	response	1315043	10150	1	4665	1	10000	25000	hit	85
10001	54	Port Input	1	1319571	14678	1
10001	54	Response	3	1319571	14678	1
10001	55	Picture	ITI	1329704	0	1	23159	1	0	next	other	0
10001	56	Sound	Practice	1342756	0	1			0		other	0
10001	56	Picture	response	1352863	10107	1	4665	1	10000	25000	hit	90
10001	56	Port Input	1	1357450	14695	1
10001	56	Response	3	1357450	14695	1
10001	57	Picture	ITI	1367524	0	1	23492	1	0	next	other	0
10001	58	Sound	Practice	1380936	0	1			0		other	0
10001	58	Picture	response	1391016	10080	1	5331	1	10000	25000	hit	95
10001	58	Port Input	1	1396225	15289	1
10001	58	Response	3	1396225	15289	1
10001	59	Picture	ITI	1406344	0	1	22825	1	0	next	other	0
10001	60	Sound	Practice	1419066	0	1			0		other	0
10001	60	Picture	response	1429170	10104	1	4665	1	10000	25000	hit	100
10001	60	Port Input	1	1433729	14664	1
10001	60	Response	3	1433729	14664	1
10001	61	Picture	ITI	1443831	0	1	30156	1	0	next	other	0
10001	62	Sound	Practice	1458863	0	1			0		other	0
10001	62	Picture	response	1473987	15125	1	4165	1	15000	25000	hit	105
10001	62	Port Input	2	1478074	19212	1
10001	62	Response	4	1478074	19212	1
10001	63	Picture	ITI	1488149	0	1	26324	1	0	next	other	0
10001	64	Sound	Practice	1499381	0	1			0		other	0
10001	64	Picture	response	1514473	15093	1	3665	1	15000	25000	hit	110
10001	64	Port Input	2	1518057	18676	1
10001	64	Response	4	1518057	18676	1
10001	65	Picture	ITI	1528135	0	1	28324	1	0	next	other	0
10001	66	Sound	Practice	1546417	0	1			0		other	0
10001	66	Picture	response	1556459	10042	1	5497	2	10000	25000	hit	115
10001	66	Port Input	1	1561860	15443	1
10001	66	Response	3	1561860	15443	1
10001	67	Picture	ITI	1571953	0	1	27324	1	0	next	other	0
10001	68	Sound	Practice	1589125	0	1			0		other	0
10001	68	Picture	response	1599277	10152	1	4832	1	10000	25000	hit	120
10001	68	Port Input	1	1603998	14873	1
10001	68	Response	3	1603998	14873	1
10001	69	Picture	ITI	1614105	0	1	29490	1	0	next	other	0
10001	70	Sound	Practice	1628457	0	1			0		other	0
10001	70	Picture	response	1643595	15138	1	3499	1	15000	25000	hit	125
10001	70	Port Input	2	1646989	18532	1
10001	70	Response	4	1646989	18532	1
10001	71	Picture	ITI	1657090	0	1	25158	1	0	next	other	0
10001	72	Sound	Practice	1672182	0	1			0		other	0
10001	72	Picture	response	1682248	10066	1	7664	1	10000	25000	hit	130
10001	72	Port Input	1	1689866	17684	1
10001	72	Response	3	1689866	17684	1
10001	73	Picture	ITI	1699909	0	1	29656	1	0	next	other	0
10001	74	Sound	Practice	1714530	0	1			0		other	0
10001	74	Picture	response	1729565	15035	1	3832	1	15000	25000	hit	135
10001	74	Port Input	2	1733326	18796	1
10001	74	Response	4	1733326	18796	1
10001	75	Picture	ITI	1743394	0	1	25824	1	0	next	other	0
10001	76	Sound	Practice	1754125	0	1			0		other	0
10001	76	Picture	response	1769218	15093	1	3832	1	15000	25000	hit	140
10001	76	Port Input	2	1772944	18819	1
10001	76	Response	4	1772944	18819	1
10001	77	Picture	ITI	1783047	0	1	30323	1	0	next	other	0
10001	78	Sound	Practice	1798278	0	1			0		other	0
10001	78	Picture	response	1813369	15091	1	4998	1	15000	25000	hit	145
10001	78	Port Input	2	1818205	19927	1
10001	78	Response	4	1818205	19927	1
10001	79	Picture	ITI	1828364	0	1	29490	1	0	next	other	0
10001	80	Sound	Practice	1842816	0	1			0		other	0
10001	80	Picture	response	1857854	15038	1	3999	1	15000	25000	hit	150
10001	80	Port Input	2	1861665	18849	1
10001	80	Response	4	1861665	18849	1
10001	81	Picture	ITI	1871849	0	1	27990	1	0	next	other	0
10001	82	Sound	Practice	1889781	0	1			0		other	0
10001	82	Picture	response	1899839	10059	1	6331	1	10000	25000	hit	155
10001	82	Port Input	1	1906114	16334	1
10001	82	Response	3	1906114	16334	1
10001	83	Picture	ITI	1916167	0	1	34821	1	0	next	other	0
10001	84	Sound	Practice	1935838	0	1			0		other	0
10001	84	Picture	response	1950988	15150	1	4165	1	15000	25000	hit	160
10001	84	Port Input	2	1955092	19254	1
10001	84	Response	4	1955092	19254	1
10001	85	Picture	ITI	1965150	0	1	33155	1	0	next	other	0
10001	86	Sound	Practice	1983231	0	1			0		other	0
10001	86	Picture	response	1998305	15074	1	4832	1	15000	25000	hit	165
10001	86	Port Input	2	2003029	19798	1
10001	86	Response	4	2003029	19798	1
10001	87	Picture	Break	2013133	0	1	17994	1	0	next	other	0
10001	87	Response	1	2031002	17869	0
10001	88	Picture	Instruction	2031127	0	1	36154	1	0	next	other	0
10001	88	Response	1	2067161	36034	0
10001	89	Picture	ITI	2067281	0	1	15161	1	0	next	other	0
10001	89	Port Input	1	2077351	10070	1
10001	89	Response	3	2077351	10070	1
10001	90	Picture	ITI	2082443	0	1	23159	1	0	next	other	0
10001	91	Sound	test	2092444	0	1			0		other	0
10001	91	Picture	response	2105601	13157	1	25158	1	13100	25000	miss	0
10001	92	Picture	ITI	2130926	0	1	23159	1	0	next	other	0
10001	93	Sound	test	2143307	0	1			0		other	0
10001	93	Picture	response	2154084	10777	1	25158	1	10700	25000	miss	0
10001	94	Picture	ITI	2179409	0	1	28990	1	0	next	other	0
10001	94	Port Input	2	2180441	1032	1
10001	94	Response	4	2180441	1032	1
10001	94	Port Input	2	2195861	16452	1
10001	94	Response	4	2195861	16452	1
10001	95	Sound	test	2196800	0	1			0		other	0
10001	95	Port Input	2	2200380	3579	1
10001	95	Picture	response	2208399	11599	1	8664	1	11450	25000	incorrect	188
10001	95	Port Input	2	2217008	20208	1
10001	95	Response	4	2217008	20208	1
10001	96	Picture	ITI	2218062	0	1	30823	1	0	next	other	0
10001	97	Sound	test	2235633	0	1			0		other	0
10001	97	Picture	response	2248885	13251	1	11496	1	13100	25000	incorrect	193
10001	97	Port Input	2	2260332	24699	1
10001	97	Response	4	2260332	24699	1
10001	98	Picture	ITI	2261380	0	1	27990	1	0	next	other	0
10001	99	Sound	test	2276942	0	1			0		other	0
10001	99	Picture	response	2289371	12429	1	20993	1	12250	25000	incorrect	198
10001	99	Port Input	2	2310258	33316	1
10001	99	Response	4	2310258	33316	1
10001	100	Picture	ITI	2311363	0	1	32489	1	0	next	other	0
10001	101	Sound	test	2330664	0	1			0		other	0
10001	101	Picture	response	2343852	13187	1	25158	1	13100	25000	miss	0
10001	102	Picture	ITI	2369176	0	1	28990	1	0	next	other	0
10001	103	Sound	test	2387408	0	1			0		other	0
10001	103	Picture	response	2398166	10759	1	25158	1	10700	25000	miss	0
10001	104	Picture	ITI	2423491	0	1	33655	1	0	next	other	0
10001	104	Port Input	2	2436029	12538	1
10001	104	Response	4	2436029	12538	1
10001	105	Sound	test	2442992	0	1			0		other	0
10001	105	Port Input	2	2450607	7615	1
10001	105	Picture	response	2457146	14154	1	3665	1	14020	25000	incorrect	212
10001	105	Port Input	2	2460634	17642	1
10001	105	Response	4	2460634	17642	1
10001	106	Picture	ITI	2461644	0	1	24158	1	0	next	other	0
10001	107	Sound	test	2473515	0	1			0		other	0
10001	107	Picture	response	2485802	12287	1	3832	1	12250	25000	incorrect	217
10001	107	Port Input	2	2489475	15960	1
10001	107	Response	4	2489475	15960	1
10001	108	Picture	ITI	2490467	0	1	29490	1	0	next	other	0
10001	109	Sound	test	2508449	0	1			0		other	0
10001	109	Picture	response	2519957	11508	1	17494	1	11450	25000	incorrect	222
10001	109	Port Input	2	2537308	28860	1
10001	109	Response	4	2537308	28860	1
10001	110	Picture	ITI	2538451	0	1	28490	1	0	next	other	0
10001	110	Port Input	2	2543160	4709	1
10001	110	Response	4	2543160	4709	1
10001	111	Sound	test	2556172	0	1			0		other	0
10001	111	Picture	response	2566941	10769	1	2166	1	10700	25000	incorrect	229
10001	111	Port Input	1	2568919	12747	1
10001	111	Response	3	2568919	12747	1
10001	112	Picture	ITI	2569940	0	1	30323	1	0	next	other	0
10001	113	Sound	test	2587061	0	1			0		other	0
10001	113	Picture	response	2600263	13202	1	7831	1	13100	25000	incorrect	234
10001	113	Port Input	1	2608037	20976	1
10001	113	Response	3	2608037	20976	1
10001	114	Picture	ITI	2609093	0	1	25370	1	0	next	other	0
10001	115	Sound	test	2621704	0	1			0		other	0
10001	115	Quit		2628831	7127	NA


{
   "app": "Presentation Version 20.2 Build 07.25.18",
   "device": "LENOVO 10A8S1PC00",
   "experiment": "{772213B2-5F0F-4A35-9C2F-36954700C7EA}",
   "os": "Windows 7 64 bit",
   "package": "",
   "parameters": {
      "configuration": "Default configuration"
   },
   "scenario": "Timing Task with Dynanometer.sce",
   "subject": "10001",
   "timestamp": "2019/03/04 10:34:25 GMT"
}
