Scenario - Timing Task
Logfile written - 03/04/2019 18:44:21

Subject	Trial	Event Type	Code	Time	TTime	Uncertainty	Duration	Uncertainty	ReqTime	ReqDur	Stim Type	Pair Index

10000001	1	Picture	Instruction	500	0	1	21992	1	0	next	other	0
10000001	1	Response	1	17441	16941	1
10000001	2	Picture	ITI	22492	0	1	10496	1	0	next	other	0
10000001	3	Sound	Stimuli	32501	0	443			0		other	0
10000001	4	Picture	Feedback	62978	0	1	20160	1	0	next	other	0
10000001	5	Picture	ITI	83138	0	1	10163	1	0	next	other	0
10000001	6	Sound	Stimuli	93139	0	1			0		other	0
10000001	7	Picture	Feedback	128289	0	1	20160	1	0	next	other	0
10000001	8	Picture	ITI	148448	0	1	10163	1	0	next	other	0
10000001	9	Sound	Stimuli	158449	0	1			0		other	0
10000001	10	Picture	Feedback	188601	0	1	20160	1	0	next	other	0
10000001	11	Picture	ITI	208761	0	1	10163	1	0	next	other	0
10000001	12	Sound	Stimuli	218762	0	1			0		other	0
10000001	13	Picture	Feedback	253745	0	1	20160	1	0	next	other	0
10000001	14	Picture	ITI	273905	0	1	10163	1	0	next	other	0
10000001	15	Sound	Stimuli	283906	0	1			0		other	0
10000001	16	Picture	Feedback	314057	0	1	20160	1	0	next	other	0
10000001	17	Picture	ITI	334217	0	1	10163	1	0	next	other	0
10000001	18	Sound	Stimuli	344218	0	1			0		other	0
10000001	19	Picture	Feedback	379368	0	1	20160	1	0	next	other	0
10000001	20	Picture	ITI	399528	0	1	10163	1	0	next	other	0
10000001	21	Sound	Stimuli	409530	0	2			0		other	0
10000001	22	Picture	Feedback	439680	0	1	20160	1	0	next	other	0
10000001	23	Picture	ITI	459840	0	1	10163	1	0	next	other	0
10000001	24	Sound	Stimuli	469841	0	1			0		other	0
10000001	25	Picture	Feedback	504991	0	1	20160	1	0	next	other	0
10000001	26	Picture	ITI	525151	0	1	10163	1	0	next	other	0
10000001	27	Sound	Stimuli	535152	0	1			0		other	0
10000001	28	Picture	Feedback	565137	0	1	20160	1	0	next	other	0
10000001	29	Picture	ITI	585296	0	1	10163	1	0	next	other	0
10000001	30	Sound	Stimuli	595298	0	1			0		other	0
10000001	31	Picture	Feedback	630447	0	1	20160	1	0	next	other	0
10000001	32	Picture	End_Block	650607	0	1	24325	1	0	next	other	0
10000001	32	Response	1	674789	24182	0
10000001	33	Picture	ITI	674932	0	1	10163	1	0	next	other	0
10000001	34	Picture	Break	685095	0	1	28990	1	0	next	other	0
10000001	34	Response	1	713988	28893	0
10000001	35	Picture	ITI	714085	0	1	10163	1	0	next	other	0
10000001	36	Picture	Instruction	724248	0	1	13162	1	0	next	other	0
10000001	36	Response	1	732308	8060	0
10000001	37	Picture	ITI	737410	0	1	32155	1	0	next	other	0
10000001	38	Sound	Practice	754502	0	1			0		other	0
10000001	38	Picture	response	769566	15064	1	2999	1	15000	25000	hit	45
10000001	38	Port Input	2	772491	17990	1
10000001	38	Response	4	772491	17990	1
10000001	39	Picture	ITI	782561	0	1	25491	1	0	next	other	0
10000001	40	Sound	Practice	792953	0	1			0		other	0
10000001	40	Picture	response	808052	15100	1	3832	1	15000	25000	hit	50
10000001	40	Port Input	2	811724	18772	1
10000001	40	Response	4	811724	18772	1
10000001	41	Picture	ITI	821881	0	1	23992	1	0	next	other	0
10000001	42	Sound	Practice	835742	0	1			0		other	0
10000001	42	Picture	response	845872	10130	1	3999	1	10000	25000	hit	55
10000001	42	Port Input	1	849686	13944	1
10000001	42	Response	3	849686	13944	1
10000001	43	Picture	ITI	859868	0	1	25658	1	0	next	other	0
10000001	44	Sound	Practice	870349	0	1			0		other	0
10000001	44	Picture	response	885525	15176	1	6331	1	15000	25000	hit	60
10000001	44	Port Input	2	891782	21433	1
10000001	44	Response	4	891782	21433	1
10000001	45	Picture	ITI	901853	0	1	25491	1	0	next	other	0
10000001	46	Sound	Practice	917244	0	1			0		other	0
10000001	46	Picture	response	927344	10100	1	4665	1	10000	25000	hit	65
10000001	46	Port Input	1	931817	14572	1
10000001	46	Response	3	931817	14572	1
10000001	47	Picture	ITI	942006	0	1	28823	1	0	next	other	0
10000001	48	Sound	Practice	960667	0	1			0		other	0
10000001	48	Picture	response	970829	10162	1	5498	1	10000	25000	hit	70
10000001	48	Port Input	1	976255	15588	1
10000001	48	Response	3	976255	15588	1
10000001	49	Picture	ITI	986324	0	1	28990	1	0	next	other	0
10000001	50	Sound	Practice	1000145	0	1			0		other	0
10000001	50	Picture	response	1015313	15168	1	3499	1	15000	25000	hit	75
10000001	50	Port Input	2	1018653	18508	1
10000001	50	Response	4	1018653	18508	1
10000001	51	Picture	ITI	1028809	0	1	22326	1	0	next	other	0
10000001	52	Sound	Practice	1041090	0	1			0		other	0
10000001	52	Picture	response	1051134	10044	1	6331	1	10000	25000	hit	80
10000001	52	Port Input	1	1057323	16233	1
10000001	52	Response	3	1057323	16233	1
10000001	53	Picture	ITI	1067462	0	1	34488	1	0	next	other	0
10000001	54	Sound	Practice	1086883	0	1			0		other	0
10000001	54	Picture	response	1101950	15067	1	3499	1	15000	25000	hit	85
10000001	54	Port Input	2	1105271	18388	1
10000001	54	Response	4	1105271	18388	1
10000001	55	Picture	ITI	1115445	0	1	26991	1	0	next	other	0
10000001	56	Sound	Practice	1127277	0	1			0		other	0
10000001	56	Picture	response	1142436	15159	1	9330	1	15000	25000	hit	90
10000001	56	Port Input	2	1151646	24369	1
10000001	56	Response	4	1151646	24369	1
10000001	57	Picture	ITI	1161763	0	1	22326	1	0	next	other	0
10000001	58	Sound	Practice	1173914	0	1			0		other	0
10000001	58	Picture	response	1184088	10174	1	3332	1	10000	25000	hit	95
10000001	58	Port Input	1	1187266	13352	1
10000001	58	Response	3	1187266	13352	1
10000001	59	Picture	ITI	1197417	0	1	20493	2	0	next	other	0
10000001	60	Sound	Practice	1207838	0	1			0		other	0
10000001	60	Picture	response	1217910	10071	2	2666	2	10000	25000	hit	100
10000001	60	Port Input	1	1220439	12600	1
10000001	60	Response	3	1220439	12600	1
10000001	61	Picture	ITI	1230572	0	1	26324	1	0	next	other	0
10000001	62	Sound	Practice	1246763	0	1			0		other	0
10000001	62	Port Input	1	1256850	10086	1
10000001	62	Picture	response	1256896	10133	1	3166	1	10000	25000	hit	106
10000001	62	Port Input	1	1259973	13210	1
10000001	62	Response	3	1259973	13210	1
10000001	63	Picture	ITI	1270058	0	1	25824	1	0	next	other	0
10000001	64	Sound	Practice	1285830	0	1			0		other	0
10000001	64	Picture	response	1295883	10053	1	2832	1	10000	25000	hit	111
10000001	64	Port Input	1	1298633	12804	1
10000001	64	Response	3	1298633	12804	1
10000001	65	Picture	ITI	1308712	0	1	25324	1	0	next	other	0
10000001	66	Sound	Practice	1323863	0	1			0		other	0
10000001	66	Picture	response	1334036	10173	1	500	1	10000	25000	hit	116
10000001	66	Port Input	1	1334471	10609	1
10000001	66	Response	3	1334471	10609	1
10000001	67	Picture	ITI	1344532	0	1	23325	1	0	next	other	0
10000001	68	Sound	Practice	1357694	0	1			0		other	0
10000001	68	Picture	response	1367858	10164	1	1166	1	10000	25000	hit	121
10000001	68	Port Input	1	1368831	11138	1
10000001	68	Response	3	1368831	11138	1
10000001	69	Picture	ITI	1379020	0	1	24825	1	0	next	other	0
10000001	70	Sound	Practice	1393792	0	1			0		other	0
10000001	70	Picture	response	1403845	10053	1	2999	1	10000	25000	hit	126
10000001	70	Port Input	1	1406648	12856	1
10000001	70	Response	3	1406648	12856	1
10000001	71	Picture	ITI	1416674	0	1	28823	1	0	next	other	0
10000001	72	Sound	Practice	1430435	0	1			0		other	0
10000001	72	Picture	response	1445497	15062	1	2666	1	15000	25000	hit	131
10000001	72	Port Input	2	1448015	17580	1
10000001	72	Response	4	1448015	17580	1
10000001	73	Picture	ITI	1458160	0	1	34988	1	0	next	other	0
10000001	74	Sound	Practice	1478011	0	1			0		other	0
10000001	74	Port Input	2	1492485	14474	1
10000001	74	Picture	response	1493147	15136	1	2999	1	15000	25000	hit	137
10000001	74	Port Input	2	1496004	17993	1
10000001	74	Response	4	1496004	17993	1
10000001	75	Picture	ITI	1506143	0	1	27157	1	0	next	other	0
10000001	76	Sound	Practice	1523114	0	1			0		other	0
10000001	76	Picture	response	1533300	10186	1	3499	1	10000	25000	hit	142
10000001	76	Port Input	1	1536694	13580	1
10000001	76	Response	3	1536694	13580	1
10000001	77	Picture	ITI	1546795	0	1	26657	1	0	next	other	0
10000001	78	Sound	Practice	1563337	0	1			0		other	0
10000001	78	Picture	response	1573453	10116	1	3166	1	10000	25000	hit	147
10000001	78	Port Input	1	1576531	13194	1
10000001	78	Response	3	1576531	13194	1
10000001	79	Picture	ITI	1586615	0	1	25491	1	0	next	other	0
10000001	80	Sound	Practice	1601916	0	1			0		other	0
10000001	80	Picture	response	1612106	10190	1	4332	1	10000	25000	hit	152
10000001	80	Port Input	1	1616243	14326	1
10000001	80	Response	3	1616243	14326	1
10000001	81	Picture	ITI	1626434	0	1	28657	1	0	next	other	0
10000001	82	Sound	Practice	1644936	0	1			0		other	0
10000001	82	Picture	response	1655091	10155	1	3499	1	10000	25000	hit	157
10000001	82	Port Input	1	1658411	13476	1
10000001	82	Response	3	1658411	13476	1
10000001	83	Picture	ITI	1668586	0	1	25325	1	0	next	other	0
10000001	84	Sound	Practice	1678778	0	1			0		other	0
10000001	84	Picture	response	1693911	15133	1	2499	1	15000	25000	hit	162
10000001	84	Port Input	2	1696218	17440	1
10000001	84	Response	4	1696218	17440	1
10000001	85	Picture	ITI	1706407	0	1	24325	1	0	next	other	0
10000001	86	Sound	Practice	1720638	0	1			0		other	0
10000001	86	Picture	response	1730731	10093	1	3166	1	10000	25000	hit	167
10000001	86	Port Input	1	1733784	13146	1
10000001	86	Response	3	1733784	13146	1
10000001	87	Picture	Break	1743894	0	1	50982	1	0	next	other	0
10000001	87	Response	1	1794768	50875	0
10000001	88	Picture	Instruction	1794876	0	1	55647	1	0	next	other	0
10000001	88	Response	1	1850447	55571	0
10000001	89	Picture	ITI	1850523	0	1	15161	1	0	next	other	0
10000001	89	Port Input	1	1860572	10049	1
10000001	89	Response	3	1860572	10049	1
10000001	90	Picture	ITI	1865685	0	1	24658	1	0	next	other	0
10000001	91	Sound	test	1876256	0	1			0		other	0
10000001	91	Picture	response	1890343	14087	1	2499	1	14020	25000	incorrect	179
10000001	91	Port Input	2	1892756	16500	1
10000001	91	Response	4	1892756	16500	1
10000001	92	Picture	ITI	1893841	0	1	28323	1	0	next	other	0
10000001	93	Sound	test	1908963	0	1			0		other	0
10000001	93	Picture	response	1922165	13202	1	25158	1	13100	25000	miss	0
10000001	94	Picture	ITI	1947489	0	1	25658	1	0	next	other	0
10000001	95	Sound	test	1958991	0	1			0		other	0
10000001	95	Picture	response	1973147	14157	1	25158	1	14020	25000	miss	0
10000001	96	Picture	ITI	1998472	0	1	25658	1	0	next	other	0
10000001	97	Sound	test	2012593	0	1			0		other	0
10000001	97	Picture	response	2024129	11537	1	25158	1	11450	25000	miss	0
10000001	98	Picture	ITI	2049454	0	1	26657	1	0	next	other	0
10000001	99	Sound	test	2061905	0	1			0		other	0
10000001	99	Picture	response	2076111	14206	1	25158	1	14020	25000	miss	0
10000001	100	Picture	ITI	2101436	0	1	23992	1	0	next	other	0
10000001	101	Sound	test	2115277	0	1			0		other	0
10000001	101	Picture	response	2125428	10150	1	10496	1	10000	25000	incorrect	196
10000001	101	Port Input	2	2135867	20590	1
10000001	101	Response	4	2135867	20590	1
10000001	102	Picture	ITI	2136924	0	1	28823	1	0	next	other	0
10000001	102	Port Input	2	2145977	9053	1
10000001	102	Response	4	2145977	9053	1
10000001	103	Sound	test	2155675	0	1			0		other	0
10000001	103	Picture	response	2165747	10072	1	25158	1	10000	25000	miss	0
10000001	104	Picture	ITI	2191071	0	1	24658	1	0	next	other	0
10000001	105	Sound	test	2201653	0	1			0		other	0
10000001	105	Picture	response	2215730	14077	1	25158	1	14020	25000	miss	0
10000001	106	Picture	ITI	2241054	0	1	22825	1	0	next	other	0
10000001	107	Sound	test	2253795	0	1			0		other	0
10000001	107	Picture	response	2263879	10084	1	25158	1	10000	25000	miss	0
10000001	108	Picture	ITI	2289204	0	1	20659	1	0	next	other	0
10000001	109	Sound	test	2299715	0	1			0		other	0
10000001	109	Picture	response	2309863	10148	1	18826	2	10000	25000	incorrect	212
10000001	109	Port Input	2	2328594	28879	1
10000001	109	Response	4	2328594	28879	1
10000001	110	Picture	ITI	2329690	0	1	21659	1	0	next	other	0
10000001	111	Sound	test	2339741	0	1			0		other	0
10000001	111	Picture	response	2351349	11608	1	25158	1	11450	25000	miss	0
10000001	112	Picture	ITI	2376674	0	1	29157	1	0	next	other	0
10000001	113	Sound	test	2393435	0	1			0		other	0
10000001	113	Picture	response	2405830	12395	1	5498	1	12250	25000	incorrect	220
10000001	113	Port Input	2	2411193	17758	1
10000001	113	Response	4	2411193	17758	1
10000001	114	Picture	ITI	2412328	0	1	31322	1	0	next	other	0
10000001	114	Port Input	2	2421126	8798	1
10000001	114	Response	4	2421126	8798	1
10000001	115	Sound	test	2428539	0	1			0		other	0
10000001	115	Picture	response	2443650	15111	1	3665	1	15000	25000	incorrect	227
10000001	115	Port Input	2	2447157	18617	1
10000001	115	Response	4	2447157	18617	1
10000001	116	Picture	ITI	2448149	0	1	32155	1	0	next	other	0
10000001	117	Sound	test	2466180	0	1			0		other	0
10000001	117	Picture	response	2480304	14124	1	25158	1	14020	25000	miss	0
10000001	118	Picture	ITI	2505629	0	1	25658	2	0	next	other	0
10000001	119	Sound	test	2518960	0	1			0		other	0
10000001	119	Picture	response	2531286	12326	2	9830	2	12250	25000	incorrect	235
10000001	119	Port Input	2	2541032	22072	1
10000001	119	Response	4	2541032	22072	1
10000001	120	Picture	ITI	2542116	0	1	27490	1	0	next	other	0
10000001	121	Sound	test	2559537	0	1			0		other	0
10000001	121	Picture	response	2569607	10069	1	12496	1	10000	25000	incorrect	240
10000001	121	Port Input	2	2581972	22435	1
10000001	121	Response	4	2581972	22435	1
10000001	122	Picture	ITI	2583102	0	1	31989	1	0	next	other	0
10000001	123	Sound	test	2600033	0	1			0		other	0
10000001	123	Picture	response	2615091	15058	1	2832	1	15000	25000	incorrect	245
10000001	123	Port Input	2	2617758	17725	1
10000001	123	Response	4	2617758	17725	1
10000001	124	Picture	ITI	2618756	0	1	34988	1	0	next	other	0
10000001	125	Sound	test	2638697	0	1			0		other	0
10000001	125	Picture	response	2653744	15047	1	25158	1	15000	25000	miss	0
10000001	126	Picture	ITI	2679068	0	1	28657	1	0	next	other	0
10000001	127	Sound	test	2693610	0	1			0		other	0
10000001	127	Picture	response	2707725	14115	1	25158	1	14020	25000	miss	0
10000001	128	Picture	ITI	2733050	0	1	23825	1	0	next	other	0
10000001	129	Sound	test	2746121	0	1			0		other	0
10000001	129	Picture	response	2756875	10754	1	25158	1	10700	25000	miss	0
10000001	130	Picture	ITI	2782199	0	1	21992	1	0	next	other	0
10000001	131	Sound	test	2794091	0	1			0		other	0
10000001	131	Picture	response	2804192	10101	1	25158	1	10000	25000	miss	0
10000001	132	Picture	ITI	2829516	0	1	32655	1	0	next	other	0
10000001	133	Sound	test	2848117	0	1			0		other	0
10000001	133	Picture	response	2862172	14054	1	25158	1	14020	25000	miss	0
10000001	134	Picture	ITI	2887496	0	1	23492	1	0	next	other	0
10000001	135	Sound	test	2897857	0	1			0		other	0
10000001	135	Picture	response	2910988	13131	1	25158	1	13100	25000	miss	0
10000001	136	Picture	ITI	2936312	0	1	29663	1	0	next	other	0
10000001	137	Sound	test	2951234	0	1			0		other	0
10000001	137	Quit		2960347	9113	NA


{
   "app": "Presentation Version 20.2 Build 07.25.18",
   "device": "LENOVO 10A8S1PC00",
   "experiment": "{772213B2-5F0F-4A35-9C2F-36954700C7EA}",
   "os": "Windows 7 64 bit",
   "package": "",
   "parameters": {
      "configuration": "Default configuration"
   },
   "scenario": "Timing Task with Dynanometer.sce",
   "subject": "10000001",
   "timestamp": "2019/03/04 10:39:23 GMT"
}
