Scenario - Timing Task
Logfile written - 03/04/2019 18:29:35

Subject	Trial	Event Type	Code	Time	TTime	Uncertainty	Duration	Uncertainty	ReqTime	ReqDur	Stim Type	Pair Index

101	1	Picture	Instruction	500	0	1	35654	1	0	next	other	0
101	1	Response	1	31011	30511	0
101	2	Picture	ITI	36154	0	1	10496	1	0	next	other	0
101	3	Sound	Stimuli	46163	0	380			0		other	0
101	4	Picture	Feedback	76473	0	1	20160	1	0	next	other	0
101	5	Picture	ITI	96633	0	1	10163	1	0	next	other	0
101	6	Sound	Stimuli	106634	0	1			0		other	0
101	7	Picture	Feedback	141784	0	1	20160	1	0	next	other	0
101	8	Picture	ITI	161944	0	1	10163	1	0	next	other	0
101	9	Sound	Stimuli	171945	0	1			0		other	0
101	10	Picture	Feedback	202096	0	1	20160	1	0	next	other	0
101	11	Picture	ITI	222256	0	1	10163	1	0	next	other	0
101	12	Sound	Stimuli	232257	0	1			0		other	0
101	13	Picture	Feedback	267240	0	1	20160	1	0	next	other	0
101	14	Picture	ITI	287400	0	1	10163	1	0	next	other	0
101	15	Sound	Stimuli	297401	0	1			0		other	0
101	16	Picture	Feedback	327386	0	1	20160	1	0	next	other	0
101	17	Picture	ITI	347546	0	1	10163	1	0	next	other	0
101	18	Sound	Stimuli	357547	0	1			0		other	0
101	19	Picture	Feedback	392697	0	1	20160	1	0	next	other	0
101	20	Picture	ITI	412856	0	1	10163	1	0	next	other	0
101	21	Sound	Stimuli	422858	0	1			0		other	0
101	22	Picture	Feedback	452842	0	1	20160	1	0	next	other	0
101	23	Picture	ITI	473002	0	1	10163	1	0	next	other	0
101	24	Sound	Stimuli	483003	0	1			0		other	0
101	25	Picture	Feedback	518153	0	1	20160	1	0	next	other	0
101	26	Picture	ITI	538313	0	1	10163	1	0	next	other	0
101	27	Sound	Stimuli	548314	0	1			0		other	0
101	28	Picture	Feedback	578465	0	1	20160	1	0	next	other	0
101	29	Picture	ITI	598625	0	1	10163	1	0	next	other	0
101	30	Sound	Stimuli	608626	0	1			0		other	0
101	31	Picture	Feedback	643776	0	1	20160	1	0	next	other	0
101	32	Picture	End_Block	663936	0	1	90635	1	0	next	other	0
101	32	Response	1	754517	90582	0
101	33	Picture	ITI	754571	0	1	10163	1	0	next	other	0
101	34	Picture	Break	764734	0	1	35154	1	0	next	other	0
101	34	Response	1	799797	35063	0
101	35	Picture	ITI	799888	0	1	10163	1	0	next	other	0
101	36	Picture	Instruction	810052	0	1	59979	1	0	next	other	0
101	36	Response	1	864916	54864	0
101	37	Picture	ITI	870031	0	1	30323	1	0	next	other	0
101	38	Sound	Practice	885192	0	1			0		other	0
101	38	Picture	response	900354	15161	1	13329	1	15000	25000	hit	45
101	38	Port Input	2	913619	28426	1
101	38	Response	4	913619	28426	1
101	39	Picture	ITI	923679	0	1	30823	1	0	next	other	0
101	40	Sound	Practice	939390	0	1			0		other	0
101	40	Picture	response	954501	15111	1	3166	1	15000	25000	hit	50
101	40	Port Input	2	957568	18177	1
101	40	Response	4	957568	18177	1
101	41	Picture	ITI	967663	0	1	25325	1	0	next	other	0
101	42	Sound	Practice	977945	0	1			0		other	0
101	42	Picture	response	992988	15043	1	3332	1	15000	25000	hit	55
101	42	Port Input	2	996279	18335	1
101	42	Response	4	996279	18335	1
101	43	Picture	ITI	1006317	0	1	21826	1	0	next	other	0
101	44	Sound	Practice	1018028	0	1			0		other	0
101	44	Picture	response	1028142	10114	1	5831	1	10000	25000	hit	60
101	44	Port Input	1	1033929	15901	1
101	44	Response	3	1033929	15901	1
101	45	Picture	ITI	1043970	0	1	31989	1	0	next	other	0
101	46	Sound	Practice	1060822	0	1			0		other	0
101	46	Picture	response	1075959	15137	1	4332	1	15000	25000	hit	65
101	46	Port Input	2	1080221	19399	1
101	46	Response	4	1080221	19399	1
101	47	Picture	ITI	1090287	0	1	28490	1	0	next	other	0
101	48	Sound	Practice	1108629	0	1			0		other	0
101	48	Picture	response	1118778	10149	1	5831	1	10000	25000	hit	70
101	48	Port Input	1	1124524	15895	1
101	48	Response	3	1124524	15895	1
101	49	Picture	ITI	1134605	0	1	28157	1	0	next	other	0
101	50	Sound	Practice	1147677	0	1			0		other	0
101	50	Picture	response	1162762	15085	1	3332	1	15000	25000	hit	75
101	50	Port Input	2	1165943	18266	1
101	50	Response	4	1165943	18266	1
101	51	Picture	ITI	1176091	0	1	28990	1	0	next	other	0
101	52	Sound	Practice	1195032	0	1			0		other	0
101	52	Picture	response	1205081	10049	1	13329	1	10000	25000	hit	80
101	52	Port Input	1	1218336	23303	1
101	52	Response	3	1218336	23303	1
101	53	Picture	ITI	1228406	0	1	32322	1	0	next	other	0
101	54	Sound	Practice	1245628	0	1			0		other	0
101	54	Picture	response	1260728	15101	1	3332	1	15000	25000	hit	85
101	54	Port Input	2	1263971	18344	1
101	54	Response	4	1263971	18344	1
101	55	Picture	ITI	1274057	0	1	26991	1	0	next	other	0
101	56	Sound	Practice	1285958	0	1			0		other	0
101	56	Picture	response	1301048	15089	1	8997	1	15000	25000	hit	90
101	56	Port Input	2	1309888	23930	1
101	56	Response	4	1309888	23930	1
101	57	Picture	ITI	1320041	0	1	25658	1	0	next	other	0
101	58	Sound	Practice	1335582	0	1			0		other	0
101	58	Picture	response	1345699	10116	1	6998	1	10000	25000	hit	95
101	58	Port Input	1	1352577	16995	1
101	58	Response	3	1352577	16995	1
101	59	Picture	ITI	1362693	0	1	28657	1	0	next	other	0
101	60	Sound	Practice	1376214	0	1			0		other	0
101	60	Picture	response	1391349	15135	1	3166	1	15000	25000	hit	100
101	60	Port Input	2	1394371	18157	1
101	60	Response	4	1394371	18157	1
101	61	Picture	ITI	1404512	0	1	21992	1	0	next	other	0
101	62	Sound	Practice	1416333	0	1			0		other	0
101	62	Picture	response	1426504	10171	1	5831	1	10000	25000	hit	105
101	62	Port Input	1	1432156	15823	1
101	62	Response	3	1432156	15823	1
101	63	Picture	ITI	1442332	0	1	32989	1	0	next	other	0
101	64	Sound	Practice	1460193	0	1			0		other	0
101	64	Picture	response	1475320	15127	1	3832	1	15000	25000	hit	110
101	64	Port Input	2	1479104	18911	1
101	64	Response	4	1479104	18911	1
101	65	Picture	ITI	1489149	0	1	34821	1	0	next	other	0
101	66	Sound	Practice	1508810	0	1			0		other	0
101	66	Picture	response	1523970	15160	1	3665	1	15000	25000	hit	115
101	66	Port Input	2	1527592	18782	1
101	66	Response	4	1527592	18782	1
101	67	Picture	ITI	1537632	0	1	27490	1	0	next	other	0
101	68	Sound	Practice	1549953	0	1			0		other	0
101	68	Picture	response	1565122	15169	1	9997	1	15000	25000	hit	120
101	68	Port Input	2	1574915	24962	1
101	68	Response	4	1574915	24962	1
101	69	Picture	ITI	1584949	0	1	25991	1	0	next	other	0
101	70	Sound	Practice	1595780	0	1			0		other	0
101	70	Picture	response	1610940	15160	1	5665	1	15000	25000	hit	125
101	70	Port Input	2	1616552	20772	1
101	70	Response	4	1616552	20772	1
101	71	Picture	ITI	1626601	0	1	31156	1	0	next	other	0
101	72	Sound	Practice	1642642	0	1			0		other	0
101	72	Picture	response	1657757	15114	1	3999	1	15000	25000	hit	130
101	72	Port Input	2	1661564	18921	1
101	72	Response	4	1661564	18921	1
101	73	Picture	ITI	1671752	0	1	32322	1	0	next	other	0
101	74	Sound	Practice	1689043	0	1			0		other	0
101	74	Picture	response	1704074	15031	1	3832	1	15000	25000	hit	135
101	74	Port Input	2	1707741	18697	1
101	74	Response	4	1707741	18697	1
101	75	Picture	ITI	1717903	0	1	27824	1	0	next	other	0
101	76	Sound	Practice	1730664	0	1			0		other	0
101	76	Picture	response	1745726	15062	1	4165	1	15000	25000	hit	140
101	76	Port Input	2	1749816	19152	1
101	76	Response	4	1749816	19152	1
101	77	Picture	ITI	1759888	0	1	26991	1	0	next	other	0
101	78	Sound	Practice	1776739	0	1			0		other	0
101	78	Picture	response	1786879	10139	1	6831	1	10000	25000	hit	145
101	78	Port Input	1	1793629	16890	1
101	78	Response	3	1793629	16890	1
101	79	Picture	ITI	1803706	0	1	30323	1	0	next	other	0
101	80	Sound	Practice	1818888	0	1			0		other	0
101	80	Picture	response	1834029	15141	1	4499	1	15000	25000	hit	150
101	80	Port Input	2	1838380	19492	1
101	80	Response	4	1838380	19492	1
101	81	Picture	ITI	1848524	0	1	20659	1	0	next	other	0
101	82	Sound	Practice	1859005	0	1			0		other	0
101	82	Picture	response	1869183	10178	1	9497	1	10000	25000	hit	155
101	82	Port Input	1	1878570	19565	1
101	82	Response	3	1878570	19565	1
101	83	Picture	ITI	1888677	0	1	26491	1	0	next	other	0
101	84	Sound	Practice	1900058	0	1			0		other	0
101	84	Picture	response	1915167	15109	1	3332	1	15000	25000	hit	160
101	84	Port Input	2	1918427	18369	1
101	84	Response	4	1918427	18369	1
101	85	Picture	ITI	1928496	0	1	21992	1	0	next	other	0
101	86	Sound	Practice	1940368	0	1			0		other	0
101	86	Picture	response	1950488	10121	1	5331	1	10000	25000	hit	165
101	86	Port Input	1	1955692	15324	1
101	86	Response	3	1955692	15324	1
101	87	Picture	Break	1965816	0	1	21159	1	0	next	other	0
101	87	Response	1	1986815	20999	0
101	88	Picture	Instruction	1986976	0	1	109962	1	0	next	other	0
101	88	Response	1	2096813	109837	0
101	89	Picture	ITI	2096938	0	1	15161	1	0	next	other	0
101	90	Picture	ITI	2112099	0	1	30989	1	0	next	other	0
101	91	Sound	test	2127930	0	1			0		other	0
101	91	Picture	response	2143088	15158	1	3165	1	15000	25000	incorrect	175
101	91	Port Input	2	2146200	18270	1
101	91	Response	4	2146200	18270	1
101	92	Picture	ITI	2147253	0	1	29156	1	0	next	other	0
101	93	Sound	test	2162225	0	1			0		other	0
101	93	Picture	response	2176410	14185	1	3499	1	14020	25000	incorrect	180
101	93	Port Input	2	2179758	17533	1
101	93	Response	4	2179758	17533	1
101	94	Picture	ITI	2180742	0	1	27990	1	0	next	other	0
101	95	Sound	test	2194533	0	1			0		other	0
101	95	Picture	response	2208732	14199	1	3332	1	14020	25000	incorrect	185
101	95	Port Input	2	2211941	17408	1
101	95	Response	4	2211941	17408	1
101	96	Picture	ITI	2213064	0	1	30489	1	0	next	other	0
101	97	Sound	test	2232825	0	1			0		other	0
101	97	Picture	response	2243553	10728	1	6831	1	10700	25000	incorrect	190
101	97	Port Input	1	2250237	17411	1
101	97	Response	3	2250237	17411	1
101	98	Picture	ITI	2251384	0	1	28657	1	0	next	other	0
101	99	Sound	test	2265885	0	1			0		other	0
101	99	Picture	response	2280041	14155	1	3999	1	14020	25000	incorrect	195
101	99	Port Input	2	2283899	18014	1
101	99	Response	4	2283899	18014	1
101	100	Picture	ITI	2285039	0	1	25158	1	0	next	other	0
101	101	Sound	test	2297070	0	1			0		other	0
101	101	Picture	response	2310197	13127	1	5165	1	13100	25000	incorrect	200
101	101	Port Input	2	2315281	18211	1
101	101	Response	4	2315281	18211	1
101	102	Picture	ITI	2316361	0	1	28324	1	0	next	other	0
101	103	Sound	test	2334593	0	1			0		other	0
101	103	Picture	response	2344685	10092	1	5831	1	10000	25000	incorrect	205
101	103	Port Input	1	2350400	15807	1
101	103	Response	3	2350400	15807	1
101	104	Picture	ITI	2351516	0	1	23825	1	0	next	other	0
101	105	Sound	test	2364507	0	1			0		other	0
101	105	Picture	response	2375341	10834	1	5165	1	10700	25000	incorrect	210
101	105	Port Input	1	2380408	15901	1
101	105	Response	3	2380408	15901	1
101	106	Picture	ITI	2381505	0	1	24158	1	0	next	other	0
101	107	Sound	test	2391597	0	1			0		other	0
101	107	Picture	response	2405664	14067	1	4498	1	14020	25000	incorrect	215
101	107	Port Input	2	2410050	18454	1
101	107	Response	4	2410050	18454	1
101	108	Picture	ITI	2411162	0	1	23159	1	0	next	other	0
101	109	Sound	test	2423433	0	1			0		other	0
101	109	Picture	response	2434320	10887	1	5998	1	10700	25000	incorrect	220
101	109	Port Input	1	2440204	16771	1
101	109	Response	3	2440204	16771	1
101	110	Picture	ITI	2441318	0	1	32156	1	0	next	other	0
101	111	Sound	test	2458289	0	1			0		other	0
101	111	Picture	response	2473473	15184	1	3665	1	15000	25000	incorrect	225
101	111	Port Input	2	2477010	18721	1
101	111	Response	4	2477010	18721	1
101	112	Picture	ITI	2478138	0	1	25658	1	0	next	other	0
101	113	Sound	test	2488620	0	1			0		other	0
101	113	Picture	response	2503796	15176	1	4498	1	15000	25000	incorrect	230
101	113	Port Input	2	2508225	19605	1
101	113	Response	4	2508225	19605	1
101	114	Picture	ITI	2509294	0	1	28823	1	0	next	other	0
101	115	Sound	test	2522935	0	1			0		other	0
101	115	Picture	response	2538118	15182	1	4498	1	15000	25000	incorrect	235
101	115	Port Input	2	2542502	19566	1
101	115	Response	4	2542502	19566	1
101	116	Picture	ITI	2543616	0	1	30656	1	0	next	other	0
101	117	Sound	test	2562657	0	1			0		other	0
101	117	Picture	response	2574272	11615	1	16661	1	11450	25000	incorrect	240
101	117	Port Input	1	2590740	28084	1
101	117	Response	3	2590740	28084	1
101	118	Picture	ITI	2591765	0	1	30989	1	0	next	other	0
101	119	Sound	test	2609517	0	1			0		other	0
101	119	Picture	response	2622755	13238	1	6331	1	13100	25000	incorrect	245
101	119	Port Input	2	2628973	19456	1
101	119	Response	4	2628973	19456	1
101	120	Picture	ITI	2629919	0	1	23159	1	0	next	other	0
101	121	Sound	test	2640720	0	1			0		other	0
101	121	Picture	response	2653078	12357	1	5165	1	12250	25000	incorrect	250
101	121	Port Input	1	2658064	17344	1
101	121	Response	3	2658064	17344	1
101	122	Picture	ITI	2659075	0	1	32822	1	0	next	other	0
101	123	Sound	test	2678737	0	1			0		other	0
101	123	Picture	response	2691897	13161	1	6165	1	13100	25000	incorrect	255
101	123	Port Input	1	2697984	19247	1
101	123	Response	3	2697984	19247	1
101	124	Picture	ITI	2699062	0	1	26158	1	0	next	other	0
101	125	Sound	test	2715133	0	1			0		other	0
101	125	Picture	response	2725219	10086	1	4998	1	10000	25000	incorrect	260
101	125	Port Input	1	2730147	15014	1
101	125	Response	3	2730147	15014	1
101	126	Picture	ITI	2731217	0	1	29157	1	0	next	other	0
101	127	Sound	test	2745258	0	1			0		other	0
101	127	Picture	response	2760374	15115	1	4498	1	15000	25000	incorrect	265
101	127	Port Input	2	2764819	19560	1
101	127	Response	4	2764819	19560	1
101	128	Picture	ITI	2765872	0	1	26491	1	0	next	other	0
101	129	Sound	test	2782183	0	1			0		other	0
101	129	Picture	response	2792362	10179	1	5665	1	10000	25000	incorrect	270
101	129	Port Input	1	2797825	15642	1
101	129	Response	3	2797825	15642	1
101	130	Picture	ITI	2798860	0	1	25991	1	0	next	other	0
101	131	Sound	test	2811631	0	1			0		other	0
101	131	Picture	response	2824851	13220	1	5165	1	13100	25000	incorrect	275
101	131	Port Input	2	2829810	18179	1
101	131	Response	4	2829810	18179	1
101	132	Picture	ITI	2830849	0	1	23825	1	0	next	other	0
101	133	Sound	test	2844630	0	1			0		other	0
101	133	Picture	response	2854674	10044	1	5831	1	10000	25000	incorrect	280
101	133	Port Input	1	2860442	15812	1
101	133	Response	3	2860442	15812	1
101	134	Picture	ITI	2861505	0	1	29323	1	0	next	other	0
101	135	Sound	test	2875656	0	1			0		other	0
101	135	Picture	response	2890828	15172	1	3832	1	15000	25000	incorrect	285
101	135	Port Input	2	2894573	18917	1
101	135	Response	4	2894573	18917	1
101	136	Picture	ITI	2895660	0	1	25158	1	0	next	other	0
101	137	Sound	test	2905791	0	1			0		other	0
101	137	Picture	response	2920818	15027	1	4832	1	15000	25000	incorrect	290
101	137	Port Input	2	2925517	19726	1
101	137	Response	4	2925517	19726	1
101	138	Picture	ITI	2926649	0	1	29323	1	0	next	other	0
101	139	Sound	test	2940890	0	1			0		other	0
101	139	Picture	response	2955972	15082	1	8497	1	15000	25000	incorrect	295
101	139	Port Input	2	2964323	23433	1
101	139	Response	4	2964323	23433	1
101	140	Picture	ITI	2965469	0	1	29990	1	0	next	other	0
101	141	Sound	test	2983900	0	1			0		other	0
101	141	Picture	response	2995458	11558	1	8997	1	11450	25000	incorrect	300
101	141	Port Input	1	3004305	20405	1
101	141	Response	3	3004305	20405	1
101	142	Picture	ITI	3005455	0	1	33488	1	0	next	other	0
101	143	Sound	test	3024826	0	1			0		other	0
101	143	Picture	response	3038943	14117	1	7164	1	14020	25000	incorrect	305
101	143	Port Input	1	3045995	21168	1
101	143	Response	3	3045995	21168	1
101	144	Picture	ITI	3047107	0	1	25491	1	0	next	other	0
101	145	Sound	test	3060958	0	1			0		other	0
101	145	Picture	response	3072598	11640	1	8664	1	11450	25000	incorrect	310
101	145	Port Input	1	3081114	20156	1
101	145	Response	3	3081114	20156	1
101	146	Picture	ITI	3082262	0	1	32156	1	0	next	other	0
101	147	Sound	test	3099243	0	1			0		other	0
101	147	Picture	response	3114417	15174	1	4998	1	15000	25000	incorrect	315
101	147	Port Input	2	3119316	20073	1
101	147	Response	4	3119316	20073	1
101	148	Picture	ITI	3120415	0	1	28657	1	0	next	other	0
101	149	Sound	test	3135936	0	1			0		other	0
101	149	Picture	response	3149072	13135	1	13495	1	13100	25000	incorrect	320
101	149	Port Input	2	3162495	26558	1
101	149	Response	4	3162495	26558	1
101	150	Picture	ITI	3163567	0	1	25824	1	0	next	other	0
101	151	Sound	test	3176978	0	1			0		other	0
101	151	Picture	response	3189391	12413	1	4998	1	12250	25000	incorrect	325
101	151	Port Input	1	3194335	17357	1
101	151	Response	3	3194335	17357	1
101	152	Picture	ITI	3195389	0	1	32156	1	0	next	other	0
101	153	Sound	test	3212500	0	1			0		other	0
101	153	Picture	response	3227544	15044	1	4665	1	15000	25000	incorrect	330
101	153	Port Input	2	3232161	19661	1
101	153	Response	4	3232161	19661	1
101	154	Picture	ITI	3233209	0	1	30489	1	0	next	other	0
101	155	Sound	test	3251380	0	1			0		other	0
101	155	Picture	response	3263699	12318	1	6331	1	12250	25000	incorrect	335
101	155	Port Input	1	3269895	18514	1
101	155	Response	3	3269895	18514	1
101	156	Picture	ITI	3271029	0	1	31822	1	0	next	other	0
101	157	Sound	test	3287781	0	1			0		other	0
101	157	Picture	response	3302852	15071	1	18494	1	15000	25000	incorrect	340
101	157	Port Input	1	3321288	33508	1
101	157	Response	3	3321288	33508	1
101	158	Picture	ITI	3322345	0	1	21159	1	0	next	other	0
101	159	Sound	test	3333446	0	1			0		other	0
101	159	Picture	response	3343504	10058	1	8164	1	10000	25000	incorrect	345
101	159	Port Input	1	3351504	18058	1
101	159	Response	3	3351504	18058	1
101	160	Picture	ITI	3352501	0	1	31156	1	0	next	other	0
101	161	Sound	test	3369452	0	1			0		other	0
101	161	Picture	response	3383657	14205	1	3999	1	14020	25000	incorrect	350
101	161	Port Input	2	3387498	18046	1
101	161	Response	4	3387498	18046	1
101	162	Picture	ITI	3388655	0	1	27657	1	0	next	other	0
101	163	Sound	test	3401206	0	1			0		other	0
101	163	Picture	response	3416312	15106	1	3665	1	15000	25000	incorrect	355
101	163	Port Input	2	3419817	18611	1
101	163	Response	4	3419817	18611	1
101	164	Picture	ITI	3420811	0	1	28490	1	0	next	other	0
101	165	Sound	test	3434232	0	1			0		other	0
101	165	Picture	response	3449301	15069	1	5498	1	15000	25000	incorrect	360
101	165	Port Input	2	3454635	20403	1
101	165	Response	4	3454635	20403	1
101	166	Picture	ITI	3455632	0	1	26491	1	0	next	other	0
101	167	Sound	test	3468833	0	1			0		other	0
101	167	Picture	response	3482123	13289	1	6331	1	13100	25000	incorrect	365
101	167	Port Input	1	3488359	19526	1
101	167	Response	3	3488359	19526	1
101	168	Picture	ITI	3489453	0	1	26491	1	0	next	other	0
101	169	Sound	test	3503575	0	1			0		other	0
101	169	Picture	response	3515944	12370	1	6998	1	12250	25000	incorrect	370
101	169	Port Input	1	3522750	19175	1
101	169	Response	3	3522750	19175	1
101	170	Picture	ITI	3523775	0	1	25824	1	0	next	other	0
101	171	Sound	test	3538826	0	1			0		other	0
101	171	Picture	response	3549599	10773	1	4332	1	10700	25000	incorrect	375
101	171	Port Input	1	3553840	15014	1
101	171	Response	3	3553840	15014	1
101	172	Picture	ITI	3554931	0	1	23159	1	0	next	other	0
101	173	Sound	test	3567332	0	1			0		other	0
101	173	Picture	response	3578089	10757	1	4498	1	10700	25000	incorrect	380
101	173	Port Input	1	3582515	15183	1
101	173	Response	3	3582515	15183	1
101	174	Picture	ITI	3583587	0	1	25991	1	0	next	other	0
101	175	Sound	test	3599489	0	1			0		other	0
101	175	Picture	response	3609578	10090	1	4832	1	10000	25000	incorrect	385
101	175	Port Input	1	3614251	14762	1
101	175	Response	3	3614251	14762	1
101	176	Picture	ITI	3615243	0	1	32822	1	0	next	other	0
101	177	Sound	test	3634934	0	1			0		other	0
101	177	Picture	response	3648065	13131	1	3832	1	13100	25000	incorrect	390
101	177	Port Input	2	3651745	16810	1
101	177	Response	4	3651745	16810	1
101	178	Picture	ITI	3652730	0	1	28490	1	0	next	other	0
101	179	Sound	test	3668021	0	1			0		other	0
101	179	Picture	response	3681220	13199	1	6498	1	13100	25000	incorrect	395
101	179	Port Input	1	3687531	19509	1
101	179	Response	3	3687531	19509	1
101	180	Picture	ITI	3688551	0	1	26158	1	0	next	other	0
101	181	Sound	test	3701432	0	1			0		other	0
101	181	Picture	response	3714708	13276	1	5831	1	13100	25000	incorrect	400
101	181	Port Input	2	3720443	19011	1
101	181	Response	4	3720443	19011	1
101	182	Picture	ITI	3721539	0	1	29656	1	0	next	other	0
101	183	Sound	test	3741151	0	1			0		other	0
101	183	Picture	response	3751196	10045	1	4832	1	10000	25000	incorrect	405
101	183	Port Input	1	3755969	14818	1
101	183	Response	3	3755969	14818	1
101	184	Picture	ITI	3757027	0	1	21659	1	0	next	other	0
101	185	Sound	test	3768498	0	1			0		other	0
101	185	Picture	response	3778686	10188	1	5498	1	10000	25000	incorrect	410
101	185	Port Input	1	3784102	15604	1
101	185	Response	3	3784102	15604	1
101	186	Picture	ITI	3785184	0	1	29823	1	0	next	other	0
101	187	Sound	test	3804825	0	1			0		other	0
101	187	Picture	response	3815007	10182	1	5165	1	10000	25000	incorrect	415
101	187	Port Input	1	3820086	15261	1
101	187	Response	3	3820086	15261	1
101	188	Picture	ITI	3821171	0	1	21326	1	0	next	other	0
101	189	Sound	test	3832463	0	1			0		other	0
101	189	Picture	response	3842497	10035	1	14328	1	10000	25000	incorrect	420
101	189	Port Input	1	3856726	24263	1
101	189	Response	3	3856726	24263	1
101	190	Picture	ITI	3857825	0	1	32989	1	0	next	other	0
101	191	Sound	test	3877587	0	1			0		other	0
101	191	Picture	response	3890814	13227	1	7164	1	13100	25000	incorrect	425
101	191	Port Input	1	3897916	20329	1
101	191	Response	3	3897916	20329	1
101	192	Picture	ITI	3898978	0	1	29490	1	0	next	other	0
101	193	Sound	test	3918429	0	1			0		other	0
101	193	Picture	response	3928468	10039	1	8497	1	10000	25000	incorrect	430
101	193	Port Input	1	3936836	18407	1
101	193	Response	3	3936836	18407	1
101	194	Picture	ITI	3937798	0	1	22159	1	0	next	other	0
101	195	Sound	test	3949769	0	1			0		other	0
101	195	Picture	response	3959957	10188	1	5998	1	10000	25000	incorrect	435
101	195	Port Input	1	3965802	16033	1
101	195	Response	3	3965802	16033	1
101	196	Picture	ITI	3966787	0	1	23658	1	0	next	other	0
101	197	Sound	test	3980299	0	1			0		other	0
101	197	Picture	response	3990446	10147	1	6165	1	10000	25000	incorrect	440
101	197	Port Input	1	3996549	16250	1
101	197	Response	3	3996549	16250	1
101	198	Picture	ITI	3997610	0	1	28490	1	0	next	other	0
101	199	Sound	test	4012851	0	1			0		other	0
101	199	Picture	response	4026100	13249	1	8664	1	13100	25000	incorrect	445
101	199	Port Input	2	4034698	21847	1
101	199	Response	4	4034698	21847	1
101	200	Picture	ITI	4035763	0	1	32489	1	0	next	other	0
101	201	Sound	test	4053105	0	1			0		other	0
101	201	Picture	response	4068252	15147	1	6498	1	15000	25000	incorrect	450
101	201	Port Input	2	4074649	21544	1
101	201	Response	4	4074649	21544	1
101	202	Picture	ITI	4075583	0	1	24491	1	0	next	other	0
101	203	Sound	test	4089324	0	1			0		other	0
101	203	Picture	response	4100074	10750	1	5331	1	10700	25000	incorrect	455
101	203	Port Input	1	4105323	15999	1
101	203	Response	3	4105323	15999	1
101	204	Picture	ITI	4106406	0	1	29990	1	0	next	other	0
101	205	Sound	test	4125547	0	1			0		other	0
101	205	Picture	response	4136395	10848	1	6664	1	10700	25000	incorrect	460
101	205	Port Input	1	4142890	17343	1
101	205	Response	3	4142890	17343	1
101	206	Picture	ITI	4143893	0	1	31656	1	0	next	other	0
101	207	Sound	test	4163154	0	1			0		other	0
101	207	Picture	response	4175548	12394	1	4332	1	12250	25000	incorrect	465
101	207	Port Input	2	4179706	16553	1
101	207	Response	4	4179706	16553	1
101	208	Picture	ITI	4180713	0	1	32156	1	0	next	other	0
101	209	Sound	test	4197724	0	1			0		other	0
101	209	Picture	response	4212869	15144	1	4332	1	15000	25000	incorrect	470
101	209	Port Input	2	4217023	19299	1
101	209	Response	4	4217023	19299	1
101	210	Picture	ITI	4218033	0	1	32489	1	0	next	other	0
101	211	Sound	test	4236335	0	1			0		other	0
101	211	Picture	response	4250522	14187	1	5831	1	14020	25000	incorrect	475
101	211	Port Input	2	4256277	19942	1
101	211	Response	4	4256277	19942	1
101	212	Picture	ITI	4257353	0	1	25491	1	0	next	other	0
101	213	Sound	test	4271234	0	1			0		other	0
101	213	Picture	response	4282844	11610	1	6831	1	11450	25000	incorrect	480
101	213	Port Input	1	4289501	18267	1
101	213	Response	3	4289501	18267	1
101	214	Picture	ITI	4290508	0	1	25991	1	0	next	other	0
101	215	Sound	test	4306420	0	1			0		other	0
101	215	Picture	response	4316499	10080	1	4832	1	10000	25000	incorrect	485
101	215	Port Input	1	4321268	14849	1
101	215	Response	3	4321268	14849	1
101	216	Picture	ITI	4322331	0	1	31822	1	0	next	other	0
101	217	Sound	test	4341762	0	1			0		other	0
101	217	Picture	response	4354153	12391	1	6331	1	12250	25000	incorrect	490
101	217	Port Input	2	4360355	18593	1
101	217	Response	4	4360355	18593	1
101	218	Picture	ITI	4361484	0	1	33488	1	0	next	other	0
101	219	Sound	test	4380866	0	1			0		other	0
101	219	Picture	response	4394972	14106	1	14162	1	14020	25000	incorrect	495
101	219	Port Input	2	4409062	28197	1
101	219	Response	4	4409062	28197	1
101	220	Picture	ITI	4410133	0	1	28990	1	0	next	other	0
101	221	Sound	test	4427505	0	1			0		other	0
101	221	Picture	response	4439123	11619	1	5831	1	11450	25000	incorrect	500
101	221	Port Input	1	4444796	17292	1
101	221	Response	3	4444796	17292	1
101	222	Picture	ITI	4445788	0	1	22492	1	0	next	other	0
101	223	Sound	test	4457529	0	1			0		other	0
101	223	Picture	response	4468280	10751	1	6998	1	10700	25000	incorrect	505
101	223	Port Input	1	4475106	17577	1
101	223	Response	3	4475106	17577	1
101	224	Picture	ITI	4476110	0	1	23159	1	0	next	other	0
101	225	Sound	test	4488492	0	1			0		other	0
101	225	Picture	response	4499269	10777	1	5498	1	10700	25000	incorrect	510
101	225	Port Input	1	4504707	16215	1
101	225	Response	3	4504707	16215	1
101	226	Picture	ITI	4505767	0	1	26824	1	0	next	other	0
101	227	Sound	test	4519418	0	1			0		other	0
101	227	Picture	response	4532591	13173	1	4498	1	13100	25000	incorrect	515
101	227	Port Input	2	4536912	17494	1
101	227	Response	4	4536912	17494	1
101	228	Picture	ITI	4537922	0	1	30656	1	0	next	other	0
101	229	Sound	test	4556164	0	1			0		other	0
101	229	Picture	response	4568578	12415	1	5498	1	12250	25000	incorrect	520
101	229	Port Input	2	4573999	17836	1
101	229	Response	4	4573999	17836	1
101	230	Picture	ITI	4575076	0	1	25158	1	0	next	other	0
101	231	Sound	test	4587017	0	1			0		other	0
101	231	Picture	response	4600234	13217	1	4832	1	13100	25000	incorrect	525
101	231	Port Input	2	4604944	17926	1
101	231	Response	4	4604944	17926	1
101	232	Picture	ITI	4605899	0	1	28490	1	0	next	other	0
101	233	Sound	test	4623510	0	1			0		other	0
101	233	Picture	response	4634389	10879	1	6331	1	10700	25000	incorrect	530
101	233	Port Input	1	4640678	17168	1
101	233	Response	3	4640678	17168	1
101	234	Picture	ITI	4641720	0	1	28157	1	0	next	other	0
101	235	Sound	test	4656711	0	1			0		other	0
101	235	Picture	response	4669876	13166	1	4998	1	13100	25000	incorrect	535
101	235	Port Input	2	4674725	18014	1
101	235	Response	4	4674725	18014	1
101	236	Picture	ITI	4675708	0	1	28990	1	0	next	other	0
101	237	Sound	test	4689659	0	1			0		other	0
101	237	Picture	response	4704698	15039	1	8997	1	15000	25000	incorrect	540
101	237	Port Input	2	4713624	23965	1
101	237	Response	4	4713624	23965	1
101	238	Picture	ITI	4714694	0	1	26491	1	0	next	other	0
101	239	Sound	test	4726075	0	1			0		other	0
101	239	Picture	response	4741185	15110	1	4832	1	15000	25000	incorrect	545
101	239	Port Input	2	4745912	19837	1
101	239	Response	4	4745912	19837	1
101	240	Picture	ITI	4747016	0	1	27157	1	0	next	other	0
101	241	Sound	test	4759018	0	1			0		other	0
101	241	Picture	response	4774173	15156	1	4332	1	15000	25000	incorrect	550
101	241	Port Input	2	4778408	19390	1
101	241	Response	4	4778408	19390	1
101	242	Picture	ITI	4779505	0	1	26657	1	0	next	other	0
101	243	Sound	test	4793836	0	1			0		other	0
101	243	Picture	response	4806162	12326	1	5331	1	12250	25000	incorrect	555
101	243	Port Input	1	4811352	17515	1
101	243	Response	3	4811352	17515	1
101	244	Picture	ITI	4812494	0	1	28657	1	0	next	other	0
101	245	Sound	test	4829625	0	1			0		other	0
101	245	Picture	response	4841150	11525	1	6998	1	11450	25000	incorrect	560
101	245	Port Input	1	4847981	18356	1
101	245	Response	3	4847981	18356	1
101	246	Picture	ITI	4848981	0	1	30323	1	0	next	other	0
101	247	Sound	test	4865202	0	1			0		other	0
101	247	Picture	response	4879304	14101	1	8330	1	14020	25000	incorrect	565
101	247	Port Input	2	4887495	22293	1
101	247	Response	4	4887495	22293	1
101	248	Picture	ITI	4888467	0	1	29323	1	0	next	other	0
101	249	Sound	test	4906928	0	1			0		other	0
101	249	Picture	response	4917790	10862	1	6165	1	10700	25000	incorrect	570
101	249	Port Input	1	4923885	16956	1
101	249	Response	3	4923885	16956	1
101	250	Picture	ITI	4924954	0	1	27657	1	0	next	other	0
101	251	Sound	test	4941046	0	1			0		other	0
101	251	Picture	response	4952611	11566	1	5665	1	11450	25000	incorrect	575
101	251	Port Input	1	4958182	17136	1
101	251	Response	3	4958182	17136	1
101	252	Picture	ITI	4959276	0	1	25325	1	0	next	other	0
101	253	Sound	test	4972967	0	1			0		other	0
101	253	Picture	response	4984600	11633	1	7331	1	11450	25000	incorrect	580
101	253	Port Input	1	4991875	18908	1
101	253	Response	3	4991875	18908	1
101	254	Picture	ITI	4992931	0	1	21826	1	0	next	other	0
101	255	Sound	test	5004692	0	1			0		other	0
101	255	Picture	response	5014757	10065	1	5331	1	10000	25000	incorrect	585
101	255	Port Input	1	5019957	15265	1
101	255	Response	3	5019957	15265	1
101	256	Picture	ITI	5021088	0	1	28490	1	0	next	other	0
101	257	Sound	test	5035459	0	1			0		other	0
101	257	Picture	response	5049578	14119	1	3665	1	14020	25000	incorrect	590
101	257	Port Input	2	5053067	17608	1
101	257	Response	4	5053067	17608	1
101	258	Picture	ITI	5054076	0	1	27657	1	0	next	other	0
101	259	Sound	test	5071627	0	1			0		other	0
101	259	Picture	response	5081733	10106	1	6831	1	10000	25000	incorrect	595
101	259	Port Input	1	5088436	16809	1
101	259	Response	3	5088436	16809	1
101	260	Picture	ITI	5089564	0	1	25158	1	0	next	other	0
101	261	Sound	test	5103125	0	1			0		other	0
101	261	Picture	response	5114722	11597	1	13329	1	11450	25000	incorrect	600
101	261	Port Input	1	5127867	24742	1
101	261	Response	3	5127867	24742	1
101	262	Picture	ITI	5128883	0	1	23825	1	0	next	other	0
101	263	Sound	test	5141965	0	1			0		other	0
101	263	Picture	response	5152709	10744	1	5165	1	10700	25000	incorrect	605
101	263	Port Input	1	5157666	15701	1
101	263	Response	3	5157666	15701	1
101	264	Picture	ITI	5158706	0	1	23992	1	0	next	other	0
101	265	Sound	test	5171098	0	1			0		other	0
101	265	Picture	response	5182698	11600	1	6998	1	11450	25000	incorrect	610
101	265	Port Input	2	5189496	18398	1
101	265	Response	4	5189496	18398	1
101	266	Picture	ITI	5190529	0	1	22992	1	0	next	other	0
101	267	Sound	test	5201150	0	1			0		other	0
101	267	Picture	response	5213521	12371	1	10996	1	12250	25000	incorrect	615
101	267	Port Input	2	5224334	23184	1
101	267	Response	4	5224334	23184	1
101	268	Picture	ITI	5225517	0	1	30656	1	0	next	other	0
101	269	Sound	test	5242058	0	1			0		other	0
101	269	Picture	response	5256173	14115	1	4832	1	14020	25000	incorrect	620
101	269	Port Input	2	5260922	18864	1
101	269	Response	4	5260922	18864	1
101	270	Picture	ITI	5262004	0	1	27990	1	0	next	other	0
101	271	Sound	test	5278445	0	1			0		other	0
101	271	Picture	response	5289994	11549	1	7164	1	11450	25000	incorrect	625
101	271	Port Input	1	5296968	18523	1
101	271	Response	3	5296968	18523	1
101	272	Picture	ITI	5297991	0	1	28990	1	0	next	other	0
101	273	Sound	test	5311893	0	1			0		other	0
101	273	Picture	response	5326981	15089	1	4332	1	15000	25000	incorrect	630
101	273	Port Input	2	5331182	19290	1
101	273	Response	4	5331182	19290	1
101	274	Picture	ITI	5332313	0	1	25991	1	0	next	other	0
101	275	Sound	test	5346824	0	1			0		other	0
101	275	Picture	response	5358304	11480	1	6498	1	11450	25000	incorrect	635
101	275	Port Input	1	5364615	17791	1
101	275	Response	3	5364615	17791	1
101	276	Picture	ITI	5365635	0	1	28990	1	0	next	other	0
101	277	Sound	test	5382216	0	1			0		other	0
101	277	Picture	response	5394624	12409	1	10163	1	12250	25000	incorrect	640
101	277	Port Input	1	5404691	22476	1
101	277	Response	3	5404691	22476	1
101	278	Picture	ITI	5405787	0	1	23325	1	0	next	other	0
101	279	Sound	test	5417578	0	1			0		other	0
101	279	Picture	response	5429112	11534	1	6331	1	11450	25000	incorrect	645
101	279	Port Input	2	5435386	17808	1
101	279	Response	4	5435386	17808	1
101	280	Picture	ITI	5436443	0	1	23658	1	0	next	other	0
101	281	Sound	test	5450064	0	2			0		other	0
101	281	Picture	response	5460102	10037	1	6165	1	10000	25000	incorrect	650
101	281	Port Input	1	5466133	16068	1
101	281	Response	3	5466133	16068	1
101	282	Picture	ITI	5467266	0	1	27157	1	0	next	other	0
101	283	Sound	test	5483567	0	1			0		other	0
101	283	Picture	response	5494423	10856	1	6164	1	10700	25000	incorrect	655
101	283	Port Input	1	5500451	16884	1
101	283	Response	3	5500451	16884	1
101	284	Picture	ITI	5501587	0	1	24325	1	0	next	other	0
101	285	Sound	test	5515149	0	1			0		other	0
101	285	Picture	response	5525912	10764	1	5332	1	10700	25000	incorrect	660
101	285	Port Input	1	5531093	15945	1
101	285	Response	3	5531093	15945	1
101	286	Picture	ITI	5532077	0	1	27490	1	0	next	other	0
101	287	Sound	test	5545418	0	1			0		other	0
101	287	Picture	response	5559567	14149	1	3332	1	14020	25000	incorrect	665
101	287	Port Input	2	5562829	17411	1
101	287	Response	4	5562829	17411	1
101	288	Picture	ITI	5563899	0	1	25158	1	0	next	other	0
101	289	Sound	test	5575850	0	1			0		other	0
101	289	Picture	response	5589057	13207	1	7664	1	13100	25000	incorrect	670
101	289	Port Input	2	5596616	20766	1
101	289	Response	4	5596616	20766	1
101	290	Picture	ITI	5597554	0	1	24325	1	0	next	other	0
101	291	Sound	test	5609595	0	1			0		other	0
101	291	Picture	response	5621879	12284	1	6331	1	12250	25000	incorrect	675
101	291	Port Input	1	5628154	18559	1
101	291	Response	3	5628154	18559	1
101	292	Picture	ITI	5629210	0	1	31489	1	0	next	other	0
101	293	Sound	test	5649091	0	1			0		other	0
101	293	Picture	response	5660699	11608	1	6498	1	11450	25000	incorrect	680
101	293	Port Input	1	5667085	17994	1
101	293	Response	3	5667085	17994	1
101	294	Picture	ITI	5668196	0	1	22159	1	0	next	other	0
101	295	Sound	test	5680207	0	1			0		other	0
101	295	Picture	response	5690355	10148	1	7664	1	10000	25000	incorrect	685
101	295	Port Input	1	5697863	17655	1
101	295	Response	3	5697863	17655	1
101	296	Picture	ITI	5698852	0	1	22659	1	0	next	other	0
101	297	Sound	test	5709083	0	1			0		other	0
101	297	Picture	response	5721511	12428	1	3999	1	12250	25000	incorrect	690
101	297	Port Input	2	5725319	16236	1
101	297	Response	4	5725319	16236	1
101	298	Picture	ITI	5726342	0	1	22492	1	0	next	other	0
101	299	Sound	test	5738734	0	1			0		other	0
101	299	Picture	response	5748835	10101	1	6331	1	10000	25000	incorrect	695
101	299	Port Input	1	5755067	16333	1
101	299	Response	3	5755067	16333	1
101	300	Picture	ITI	5756165	0	1	29656	1	0	next	other	0
101	301	Sound	test	5771647	0	1			0		other	0
101	301	Picture	response	5785822	14175	1	3499	1	14020	25000	incorrect	700
101	301	Port Input	2	5789218	17571	1
101	301	Response	4	5789218	17571	1
101	302	Picture	ITI	5790154	0	1	26158	1	0	next	other	0
101	303	Sound	test	5802195	0	1			0		other	0
101	303	Picture	response	5816311	14116	1	5331	1	14020	25000	incorrect	705
101	303	Port Input	2	5821485	19290	1
101	303	Response	4	5821485	19290	1
101	304	Picture	ITI	5822476	0	1	27157	1	0	next	other	0
101	305	Sound	test	5838087	0	1			0		other	0
101	305	Picture	response	5849633	11546	1	11663	1	11450	25000	incorrect	710
101	305	Port Input	2	5861123	23036	1
101	305	Response	4	5861123	23036	1
101	306	Picture	ITI	5862129	0	1	22159	1	0	next	other	0
101	307	Sound	test	5874160	0	1			0		other	0
101	307	Picture	response	5884288	10128	1	5498	1	10000	25000	incorrect	715
101	307	Port Input	1	5889642	15482	1
101	307	Response	3	5889642	15482	1
101	308	Picture	ITI	5890785	0	1	24825	1	0	next	other	0
101	309	Sound	test	5901527	0	1			0		other	0
101	309	Picture	response	5915610	14083	1	3999	1	14020	25000	incorrect	720
101	309	Port Input	2	5919462	17936	1
101	309	Response	4	5919462	17936	1
101	310	Picture	ITI	5920608	0	1	24158	1	0	next	other	0
101	311	Sound	test	5933960	0	1			0		other	0
101	311	Picture	response	5944767	10807	1	5998	1	10700	25000	incorrect	725
101	311	Port Input	1	5950573	16614	1
101	311	Response	3	5950573	16614	1
101	312	Picture	ITI	5951597	0	1	31322	1	0	next	other	0
101	313	Sound	test	5970529	0	1			0		other	0
101	313	Picture	response	5982920	12391	1	5998	1	12250	25000	incorrect	730
101	313	Port Input	2	5988827	18298	1
101	313	Response	4	5988827	18298	1
101	314	Picture	ITI	5989917	0	1	28157	1	0	next	other	0
101	315	Sound	test	6005769	0	1			0		other	0
101	315	Picture	response	6018074	12306	1	5998	1	12250	25000	incorrect	735
101	315	Port Input	1	6023978	18209	1
101	315	Response	3	6023978	18209	1
101	316	Picture	ITI	6025072	0	1	26158	1	0	next	other	0
101	317	Sound	test	6036173	0	1			0		other	0
101	317	Picture	response	6051230	15056	1	3832	1	15000	25000	incorrect	740
101	317	Port Input	2	6054964	18791	1
101	317	Response	4	6054964	18791	1
101	318	Picture	ITI	6056061	0	1	30823	1	0	next	other	0
101	319	Sound	test	6074582	0	1			0		other	0
101	319	Picture	response	6086884	12301	1	5665	1	12250	25000	incorrect	745
101	319	Port Input	1	6092468	17886	1
101	319	Response	3	6092468	17886	1
101	441	Picture	resume	7303128	0	1	104464	1	0	next	other	0
101	441	Port Input	2	7406144	103016	1
101	441	Response	4	7406144	103016	1
101	442	Picture	ITI	7407591	0	1	10163	1	0	next	other	0
101	443	Picture	ITI	7417755	0	1	25658	1	0	next	other	0
101	444	Sound	test	7432576	0	1			0		other	0
101	444	Picture	response	7443412	10836	1	10163	1	10700	25000	incorrect	754
101	444	Port Input	2	7453383	20807	1
101	444	Response	4	7453383	20807	1
101	445	Picture	ITI	7454408	0	1	20826	1	0	next	other	0
101	446	Sound	test	7464460	0	1			0		other	0
101	446	Picture	response	7475235	10775	1	4165	1	10700	25000	incorrect	759
101	446	Port Input	1	7479216	14756	1
101	446	Response	3	7479216	14756	1
101	447	Picture	ITI	7480233	0	1	26158	1	0	next	other	0
101	448	Sound	test	7494864	0	1			0		other	0
101	448	Picture	response	7506390	11526	1	5498	1	11450	25000	incorrect	764
101	448	Port Input	1	7511722	16858	1
101	448	Response	3	7511722	16858	1
101	449	Picture	ITI	7512888	0	1	27990	1	0	next	other	0
101	450	Sound	test	7529399	0	1			0		other	0
101	450	Picture	response	7540878	11479	1	8330	1	11450	25000	incorrect	769
101	450	Port Input	2	7549091	19691	1
101	450	Response	4	7549091	19691	1
101	451	Picture	ITI	7550042	0	1	25325	1	0	next	other	0
101	452	Sound	test	7565203	0	1			0		other	0
101	452	Picture	response	7575366	10163	1	5498	1	10000	25000	incorrect	774
101	452	Port Input	1	7580691	15488	1
101	452	Response	3	7580691	15488	1
101	453	Picture	ITI	7581698	0	1	27657	1	0	next	other	0
101	454	Sound	test	7596229	0	1			0		other	0
101	454	Picture	response	7609355	13126	1	4332	1	13100	25000	incorrect	779
101	454	Port Input	2	7613510	17281	1
101	454	Response	4	7613510	17281	1
101	455	Picture	ITI	7614686	0	1	27324	1	0	next	other	0
101	456	Sound	test	7631837	0	1			0		other	0
101	456	Picture	response	7642010	10173	1	6165	1	10000	25000	incorrect	784
101	456	Port Input	1	7648015	16178	1
101	456	Response	3	7648015	16178	1
101	457	Picture	ITI	7649174	0	1	24325	1	0	next	other	0
101	458	Sound	test	7661175	0	1			0		other	0
101	458	Picture	response	7673499	12324	1	7831	1	12250	25000	incorrect	789
101	458	Port Input	2	7681271	20096	1
101	458	Response	4	7681271	20096	1
101	459	Picture	ITI	7682329	0	1	33155	1	0	next	other	0
101	460	Sound	test	7701330	0	1			0		other	0
101	460	Picture	response	7715484	14154	1	4832	1	14020	25000	incorrect	794
101	460	Port Input	2	7720264	18934	1
101	460	Response	4	7720264	18934	1
101	461	Picture	ITI	7721316	0	1	31489	1	0	next	other	0
101	462	Sound	test	7737627	0	1			0		other	0
101	462	Picture	response	7752805	15178	1	3665	1	15000	25000	incorrect	799
101	462	Port Input	2	7756332	18705	1
101	462	Response	4	7756332	18705	1
101	463	Picture	ITI	7757470	0	1	29323	1	0	next	other	0
101	464	Sound	test	7771671	0	1			0		other	0
101	464	Picture	response	7786793	15122	1	6498	1	15000	25000	incorrect	804
101	464	Port Input	2	7793149	21478	1
101	464	Response	4	7793149	21478	1
101	465	Picture	ITI	7794124	0	1	24325	1	0	next	other	0
101	466	Sound	test	7804295	0	1			0		other	0
101	466	Picture	response	7818449	14154	1	4832	1	14020	25000	incorrect	809
101	466	Port Input	2	7823239	18945	1
101	466	Response	4	7823239	18945	1
101	467	Picture	ITI	7824280	0	1	26991	1	0	next	other	0
101	468	Sound	test	7837201	0	1			0		other	0
101	468	Picture	response	7851270	14069	1	5331	1	14020	25000	incorrect	814
101	468	Port Input	1	7856516	19315	1
101	468	Response	3	7856516	19315	1
101	469	Picture	ITI	7857602	0	1	29990	1	0	next	other	0
101	470	Sound	test	7875993	0	1			0		other	0
101	470	Picture	response	7887591	11598	1	8164	1	11450	25000	incorrect	819
101	470	Port Input	1	7895614	19621	1
101	470	Response	3	7895614	19621	1
101	471	Picture	ITI	7896755	0	1	24991	1	0	next	other	0
101	472	Sound	test	7908596	0	1			0		other	0
101	472	Picture	response	7921746	13150	1	6831	1	13100	25000	incorrect	824
101	472	Port Input	1	7928432	19836	1
101	472	Response	3	7928432	19836	1
101	473	Picture	ITI	7929577	0	1	25991	1	0	next	other	0
101	474	Sound	test	7944839	0	1			0		other	0
101	474	Picture	response	7955568	10729	1	6331	1	10700	25000	incorrect	829
101	474	Port Input	1	7961730	16891	1
101	474	Response	3	7961730	16891	1
101	475	Picture	ITI	7962732	0	1	29823	1	0	next	other	0
101	476	Sound	test	7982523	0	1			0		other	0
101	476	Picture	response	7992555	10032	1	11829	1	10000	25000	incorrect	834
101	476	Port Input	1	8004326	21803	1
101	476	Response	3	8004326	21803	1
101	477	Picture	ITI	8005384	0	1	27824	1	0	next	other	0
101	478	Sound	test	8019095	0	1			0		other	0
101	478	Picture	response	8033207	14112	1	5998	1	14020	25000	incorrect	839
101	478	Port Input	2	8039102	20007	1
101	478	Response	4	8039102	20007	1
101	479	Picture	ITI	8040205	0	1	22659	1	0	next	other	0
101	480	Sound	test	8050556	0	1			0		other	0
101	480	Picture	response	8062864	12308	1	6998	1	12250	25000	incorrect	844
101	480	Port Input	2	8069723	19167	1
101	480	Response	4	8069723	19167	1
101	481	Picture	ITI	8070861	0	1	27490	1	0	next	other	0
101	482	Sound	test	8085122	0	1			0		other	0
101	482	Picture	response	8098351	13229	1	4332	1	13100	25000	incorrect	849
101	482	Port Input	2	8102605	17483	1
101	482	Response	4	8102605	17483	1
101	483	Picture	ITI	8103683	0	1	23825	1	0	next	other	0
101	484	Sound	test	8114284	0	1			0		other	0
101	484	Picture	response	8127508	13224	1	6165	1	13100	25000	incorrect	854
101	484	Port Input	2	8133528	19244	1
101	484	Response	4	8133528	19244	1
101	485	Picture	ITI	8134672	0	1	23492	1	0	next	other	0
101	486	Sound	test	8147323	0	1			0		other	0
101	486	Picture	response	8158164	10841	1	8664	1	10700	25000	incorrect	859
101	486	Port Input	1	8166753	19430	1
101	486	Response	3	8166753	19430	1
101	487	Picture	ITI	8167827	0	1	26491	1	0	next	other	0
101	488	Sound	test	8182798	0	1			0		other	0
101	488	Picture	response	8194318	11520	1	6331	1	11450	25000	incorrect	864
101	488	Port Input	1	8200530	17732	1
101	488	Response	3	8200530	17732	1
101	489	Picture	ITI	8201649	0	1	24491	1	0	next	other	0
101	490	Sound	test	8216110	0	1			0		other	0
101	490	Picture	response	8226140	10030	1	7164	1	10000	25000	incorrect	869
101	490	Port Input	1	8233234	17124	1
101	490	Response	3	8233234	17124	1
101	491	Picture	ITI	8234304	0	1	27324	1	0	next	other	0
101	492	Sound	test	8246465	0	1			0		other	0
101	492	Picture	response	8261628	15163	1	3665	1	15000	25000	incorrect	874
101	492	Port Input	2	8265178	18713	1
101	492	Response	4	8265178	18713	1
101	493	Picture	ITI	8266126	0	1	32989	1	0	next	other	0
101	494	Sound	test	8285958	0	1			0		other	0
101	494	Picture	response	8299115	13157	1	8830	1	13100	25000	incorrect	879
101	494	Port Input	2	8307826	21868	1
101	494	Response	4	8307826	21868	1
101	495	Picture	ITI	8308945	0	1	27657	1	0	next	other	0
101	496	Sound	test	8326506	0	1			0		other	0
101	496	Picture	response	8336602	10096	1	7164	1	10000	25000	incorrect	884
101	496	Port Input	1	8343622	17117	1
101	496	Response	3	8343622	17117	1
101	497	Picture	ITI	8344766	0	1	30656	1	0	next	other	0
101	498	Sound	test	8362287	0	1			0		other	0
101	498	Picture	response	8375422	13135	1	11163	1	13100	25000	incorrect	889
101	498	Port Input	2	8386510	24223	1
101	498	Response	4	8386510	24223	1
101	499	Picture	ITI	8387584	0	1	27324	1	0	next	other	0
101	500	Sound	test	8404855	0	1			0		other	0
101	500	Picture	response	8414908	10053	1	9163	1	10000	25000	incorrect	894
101	500	Port Input	2	8423868	19013	1
101	500	Response	4	8423868	19013	1
101	501	Picture	ITI	8424904	0	1	25325	1	0	next	other	0
101	502	Sound	test	8440116	0	1			0		other	0
101	502	Picture	response	8450229	10113	1	6664	1	10000	25000	incorrect	899
101	502	Port Input	1	8456812	16696	1
101	502	Response	3	8456812	16696	1
101	503	Picture	ITI	8457893	0	1	23159	1	0	next	other	0
101	504	Sound	test	8470234	0	1			0		other	0
101	504	Picture	response	8481052	10817	1	11996	1	10700	25000	incorrect	904
101	504	Port Input	2	8493004	22770	1
101	504	Response	4	8493004	22770	1
101	505	Picture	ITI	8494047	0	1	24658	1	0	next	other	0
101	506	Sound	test	8508668	0	1			0		other	0
101	506	Picture	response	8518705	10037	1	5331	1	10000	25000	incorrect	909
101	506	Port Input	1	8523844	15176	1
101	506	Response	3	8523844	15176	1
101	507	Picture	ITI	8524870	0	1	25824	1	0	next	other	0
101	508	Sound	test	8539111	0	1			0		other	0
101	508	Picture	response	8550694	11583	1	9163	1	11450	25000	incorrect	914
101	508	Port Input	2	8559755	20645	1
101	508	Response	4	8559755	20645	1
101	509	Picture	ITI	8560857	0	1	24825	1	0	next	other	0
101	510	Sound	test	8571528	0	1			0		other	0
101	510	Picture	response	8585682	14153	1	3999	1	14020	25000	incorrect	919
101	510	Port Input	2	8589565	18037	1
101	510	Response	4	8589565	18037	1
101	511	Picture	ITI	8590513	0	1	25991	1	0	next	other	0
101	512	Sound	test	8604145	0	1			0		other	0
101	512	Picture	response	8616504	12360	1	3665	1	12250	25000	incorrect	924
101	512	Port Input	2	8620010	15865	1
101	512	Response	4	8620010	15865	1
101	513	Picture	ITI	8621169	0	1	26324	1	0	next	other	0
101	514	Sound	test	8637401	0	1			0		other	0
101	514	Picture	response	8647494	10093	1	6165	1	10000	25000	incorrect	929
101	514	Port Input	1	8653505	16105	1
101	514	Response	3	8653505	16105	1
101	515	Picture	ITI	8654658	0	1	25325	1	0	next	other	0
101	516	Sound	test	8669179	0	1			0		other	0
101	516	Picture	response	8679982	10803	1	6331	1	10700	25000	incorrect	934
101	516	Port Input	2	8686116	16937	1
101	516	Response	4	8686116	16937	1
101	517	Picture	ITI	8687147	0	1	28823	1	0	next	other	0
101	518	Sound	test	8704348	0	1			0		other	0
101	518	Picture	response	8715970	11622	1	5498	1	11450	25000	incorrect	939
101	518	Port Input	2	8721360	17013	1
101	518	Response	4	8721360	17013	1
101	519	Picture	ITI	8722468	0	1	24491	1	0	next	other	0
101	520	Sound	test	8732789	0	1			0		other	0
101	520	Picture	response	8746959	14170	1	3499	1	14020	25000	incorrect	944
101	520	Port Input	2	8750358	17569	1
101	520	Response	4	8750358	17569	1
101	521	Picture	ITI	8751457	0	1	28657	1	0	next	other	0
101	522	Sound	test	8765969	0	1			0		other	0
101	522	Picture	response	8780114	14145	1	4498	1	14020	25000	incorrect	949
101	522	Port Input	2	8784426	18457	1
101	522	Response	4	8784426	18457	1
101	523	Picture	ITI	8785446	0	1	30323	1	0	next	other	0
101	524	Sound	test	8801687	0	1			0		other	0
101	524	Picture	response	8815768	14081	1	3665	1	14020	25000	incorrect	954
101	524	Port Input	2	8819254	17567	1
101	524	Response	4	8819254	17567	1
101	525	Picture	ITI	8820267	0	1	30989	1	0	next	other	0
101	526	Sound	test	8837118	0	1			0		other	0
101	526	Picture	response	8851256	14138	1	3665	1	14020	25000	incorrect	959
101	526	Port Input	2	8854780	17662	1
101	526	Response	4	8854780	17662	1
101	527	Picture	ITI	8855921	0	1	31156	1	0	next	other	0
101	528	Sound	test	8874692	0	1			0		other	0
101	528	Picture	response	8887077	12385	1	4332	1	12250	25000	incorrect	964
101	528	Port Input	2	8891233	16540	1
101	528	Response	4	8891233	16540	1
101	529	Picture	ITI	8892242	0	1	28823	1	0	next	other	0
101	530	Sound	test	8909573	0	1			0		other	0
101	530	Picture	response	8921065	11492	1	7997	1	11450	25000	incorrect	969
101	530	Port Input	1	8928872	19299	1
101	530	Response	3	8928872	19299	1
101	531	Picture	ITI	8929895	0	1	24991	1	0	next	other	0
101	532	Sound	test	8940837	0	1			0		other	0
101	532	Picture	response	8954887	14050	1	3999	1	14020	25000	incorrect	974
101	532	Port Input	2	8958692	17856	1
101	532	Response	4	8958692	17856	1
101	533	Picture	ITI	8959718	0	1	22992	1	0	next	other	0
101	534	Sound	test	8971210	0	1			0		other	0
101	534	Picture	response	8982710	11501	1	4998	1	11450	25000	incorrect	979
101	534	Port Input	2	8987638	16428	1
101	534	Response	4	8987638	16428	1
101	535	Picture	ITI	8988708	0	1	26657	1	0	next	other	0
101	536	Sound	test	9001250	0	1			0		other	0
101	536	Picture	response	9015366	14116	1	4332	1	14020	25000	incorrect	984
101	536	Port Input	2	9019634	18384	1
101	536	Response	4	9019634	18384	1
101	537	Picture	ITI	9020697	0	1	31156	1	0	next	other	0
101	538	Sound	test	9036789	0	1			0		other	0
101	538	Picture	response	9051853	15065	1	4498	1	15000	25000	incorrect	989
101	538	Port Input	2	9056274	19485	1
101	538	Response	4	9056274	19485	1
101	539	Picture	ITI	9057351	0	1	32156	1	0	next	other	0
101	540	Sound	test	9074332	0	1			0		other	0
101	540	Picture	response	9089507	15174	1	4998	1	15000	25000	incorrect	994
101	540	Port Input	2	9094434	20101	1
101	540	Response	4	9094434	20101	1
101	541	Picture	ITI	9095505	0	1	28657	1	0	next	other	0
101	542	Sound	test	9114136	0	1			0		other	0
101	542	Picture	response	9124161	10025	1	5331	1	10000	25000	incorrect	999
101	542	Port Input	1	9129398	15262	1
101	542	Response	3	9129398	15262	1
101	543	Picture	ITI	9130492	0	1	26657	1	0	next	other	0
101	544	Sound	test	9143944	0	1			0		other	0
101	544	Picture	response	9157150	13206	1	5498	1	13100	25000	incorrect	1004
101	544	Port Input	2	9162529	18585	1
101	544	Response	4	9162529	18585	1
101	545	Picture	ITI	9163648	0	1	23325	1	0	next	other	0
101	546	Sound	test	9173759	0	1			0		other	0
101	546	Picture	response	9186973	13214	1	4498	1	13100	25000	incorrect	1009
101	546	Port Input	2	9191287	17528	1
101	546	Response	4	9191287	17528	1
101	547	Picture	ITI	9192304	0	1	28823	1	0	next	other	0
101	548	Sound	test	9210985	0	1			0		other	0
101	548	Picture	response	9221128	10142	1	4832	1	10000	25000	incorrect	1014
101	548	Port Input	1	9225782	14796	1
101	548	Response	3	9225782	14796	1
101	549	Picture	ITI	9226959	0	1	33155	1	0	next	other	0
101	550	Sound	test	9244960	0	1			0		other	0
101	550	Picture	response	9260114	15154	1	3999	1	15000	25000	incorrect	1019
101	550	Port Input	2	9264056	19096	1
101	550	Response	4	9264056	19096	1
101	551	Picture	ITI	9265112	0	1	31156	1	0	next	other	0
101	552	Sound	test	9284684	0	1			0		other	0
101	552	Picture	response	9296268	11585	1	4665	1	11450	25000	incorrect	1024
101	552	Port Input	1	9300790	16106	1
101	552	Response	3	9300790	16106	1
101	553	Picture	ITI	9301933	0	1	30323	1	0	next	other	0
101	554	Sound	test	9321474	0	1			0		other	0
101	554	Picture	response	9332256	10782	1	5498	1	10700	25000	incorrect	1029
101	554	Port Input	1	9337617	16143	1
101	554	Response	3	9337617	16143	1
101	555	Picture	ITI	9338753	0	1	23658	1	0	next	other	0
101	556	Sound	test	9350005	0	1			0		other	0
101	556	Picture	response	9362412	12407	1	5498	1	12250	25000	incorrect	1034
101	556	Port Input	2	9367854	17849	1
101	556	Response	4	9367854	17849	1
101	557	Picture	ITI	9368910	0	1	26158	1	0	next	other	0
101	558	Sound	test	9379961	0	1			0		other	0
101	558	Picture	response	9395067	15106	1	6331	1	15000	25000	incorrect	1039
101	558	Port Input	2	9401193	21232	1
101	558	Response	4	9401193	21232	1
101	559	Picture	ITI	9402231	0	1	30823	1	0	next	other	0
101	560	Sound	test	9419822	0	1			0		other	0
101	560	Picture	response	9433054	13231	1	7831	1	13100	25000	incorrect	1044
101	560	Port Input	1	9440780	20957	1
101	560	Response	3	9440780	20957	1
101	561	Picture	ITI	9441884	0	1	26824	1	0	next	other	0
101	562	Sound	test	9456366	0	1			0		other	0
101	562	Picture	response	9468708	12343	1	8330	1	12250	25000	incorrect	1049
101	562	Port Input	1	9476920	20554	1
101	562	Response	3	9476920	20554	1
101	563	Picture	ITI	9478038	0	1	23992	1	0	next	other	0
101	564	Sound	test	9489740	0	1			0		other	0
101	564	Picture	response	9502030	12290	1	8830	1	12250	25000	incorrect	1054
101	564	Port Input	2	9510748	21009	1
101	564	Response	4	9510748	21009	1
101	565	Picture	ITI	9511693	0	1	25991	1	0	next	other	0
101	566	Sound	test	9526074	0	1			0		other	0
101	566	Picture	response	9537684	11610	1	6664	1	11450	25000	incorrect	1059
101	566	Port Input	1	9544306	18232	1
101	566	Response	3	9544306	18232	1
101	567	Picture	ITI	9545348	0	1	27657	1	0	next	other	0
101	568	Sound	test	9562980	0	1			0		other	0
101	568	Picture	response	9573005	10025	1	6331	1	10000	25000	incorrect	1064
101	568	Port Input	1	9579187	16207	1
101	568	Response	3	9579187	16207	1
101	569	Picture	ITI	9580336	0	1	27824	1	0	next	other	0
101	570	Sound	test	9596547	0	1			0		other	0
101	570	Picture	response	9608160	11612	1	9164	1	11450	25000	incorrect	1069
101	570	Port Input	1	9617159	20612	1
101	570	Response	3	9617159	20612	1
101	571	Picture	ITI	9618156	0	1	28323	1	0	next	other	0
101	572	Sound	test	9634187	0	1			0		other	0
101	572	Picture	response	9646480	12292	1	4998	1	12250	25000	incorrect	1074
101	572	Port Input	1	9651394	17207	1
101	572	Response	3	9651394	17207	1
101	573	Picture	ITI	9652478	0	1	26824	1	0	next	other	0
101	574	Sound	test	9666169	0	1			0		other	0
101	574	Picture	response	9679302	13133	1	3832	1	13100	25000	incorrect	1079
101	574	Port Input	2	9683088	16919	1
101	574	Response	4	9683088	16919	1
101	575	Picture	ITI	9684133	0	1	20826	1	0	next	other	0
101	576	Sound	test	9694895	0	1			0		other	0
101	576	Picture	response	9704959	10065	1	4832	1	10000	25000	incorrect	1084
101	576	Port Input	1	9709670	14776	1
101	576	Response	3	9709670	14776	1
101	577	Picture	ITI	9710791	0	1	28157	1	0	next	other	0
101	578	Sound	test	9724742	0	1			0		other	0
101	578	Picture	response	9738948	14206	1	14495	1	14020	25000	incorrect	1089
101	578	Port Input	1	9753338	28596	1
101	578	Response	3	9753338	28596	1
101	579	Picture	ITI	9754442	0	1	30489	1	0	next	other	0
101	580	Sound	test	9774173	0	1			0		other	0
101	580	Picture	response	9784932	10758	1	5831	1	10700	25000	incorrect	1094
101	580	Port Input	1	9790634	16461	1
101	580	Response	3	9790634	16461	1
101	581	Picture	ITI	9791596	0	1	23825	1	0	next	other	0
101	582	Sound	test	9804677	0	1			0		other	0
101	582	Picture	response	9815421	10744	1	4832	1	10700	25000	incorrect	1099
101	582	Port Input	1	9820111	15433	1
101	582	Response	3	9820111	15433	1
101	583	Picture	ITI	9821252	0	1	32155	1	0	next	other	0
101	584	Sound	test	9838354	0	1			0		other	0
101	584	Picture	response	9853408	15054	1	3499	1	15000	25000	incorrect	1104
101	584	Port Input	2	9856823	18470	1
101	584	Response	4	9856823	18470	1
101	585	Picture	ITI	9857906	0	1	28324	1	0	next	other	0
101	586	Sound	test	9873828	0	1			0		other	0
101	586	Picture	response	9886230	12402	1	10163	1	12250	25000	incorrect	1109
101	586	Port Input	2	9896295	22468	1
101	586	Response	4	9896295	22468	1
101	587	Picture	ITI	9897392	0	1	23492	1	0	next	other	0
101	588	Sound	test	9908474	0	1			0		other	0
101	588	Picture	response	9920884	12411	1	4498	1	12250	25000	incorrect	1114
101	588	Port Input	2	9925262	16788	1
101	588	Response	4	9925262	16788	1
101	589	Picture	ITI	9926382	0	1	21992	1	0	next	other	0
101	590	Sound	test	9938224	0	1			0		other	0
101	590	Picture	response	9948375	10151	1	4998	1	10000	25000	incorrect	1119
101	590	Port Input	1	9953291	15067	1
101	590	Response	3	9953291	15067	1
101	591	Picture	ITI	9954373	0	1	24158	1	0	next	other	0
101	592	Sound	test	9968464	0	1			0		other	0
101	592	Picture	response	9978531	10067	1	4498	1	10000	25000	incorrect	1124
101	592	Port Input	1	9982851	14387	1
101	592	Response	3	9982851	14387	1
101	593	Picture	ITI	9983862	0	1	33822	1	0	next	other	0
101	594	Sound	test	10003544	0	1			0		other	0
101	594	Picture	response	10017684	14140	1	6165	1	14020	25000	incorrect	1129
101	594	Port Input	1	10023749	20205	1
101	594	Response	3	10023749	20205	1
101	595	Picture	ITI	10024682	0	1	20826	1	0	next	other	0
101	596	Sound	test	10034693	0	1			0		other	0
101	596	Picture	response	10045508	10814	1	5998	1	10700	25000	incorrect	1134
101	596	Port Input	1	10051310	16616	1
101	596	Response	3	10051310	16616	1
101	597	Picture	ITI	10052339	0	1	33988	1	0	next	other	0
101	598	Sound	test	10071140	0	1			0		other	0
101	598	Picture	response	10086327	15187	1	3999	1	15000	25000	incorrect	1139
101	598	Port Input	2	10090136	18996	1
101	598	Response	4	10090136	18996	1
101	599	Picture	ITI	10091158	0	1	31322	1	0	next	other	0
101	600	Sound	test	10107420	0	1			0		other	0
101	600	Picture	response	10122481	15061	1	4165	1	15000	25000	incorrect	1144
101	600	Port Input	2	10126537	19117	1
101	600	Response	4	10126537	19117	1
101	601	Picture	ITI	10127479	0	1	24325	1	0	next	other	0
101	602	Sound	test	10138670	0	1			0		other	0
101	602	Picture	response	10151804	13134	1	7497	1	13100	25000	incorrect	1149
101	602	Port Input	2	10159168	20498	1
101	602	Response	4	10159168	20498	1
101	603	Picture	ITI	10160301	0	1	23159	1	0	next	other	0
101	604	Sound	test	10171082	0	1			0		other	0
101	604	Picture	response	10183460	12377	1	11663	1	12250	25000	incorrect	1154
101	604	Port Input	2	10194985	23903	1
101	604	Response	4	10194985	23903	1
101	605	Picture	ITI	10196122	0	1	30989	1	0	next	other	0
101	606	Sound	test	10213023	0	1			0		other	0
101	606	Picture	response	10227111	14088	1	4665	1	14020	25000	incorrect	1159
101	606	Port Input	2	10231688	18665	1
101	606	Response	4	10231688	18665	1
101	607	Picture	ITI	10232776	0	1	24825	1	0	next	other	0
101	608	Sound	test	10246827	0	1			0		other	0
101	608	Picture	response	10257601	10773	1	3832	1	10700	25000	incorrect	1164
101	608	Port Input	1	10261247	14420	1
101	608	Response	3	10261247	14420	1
101	609	Picture	ITI	10262266	0	1	29823	1	0	next	other	0
101	610	Sound	test	10281307	0	1			0		other	0
101	610	Picture	response	10292089	10782	1	4332	1	10700	25000	incorrect	1169
101	610	Port Input	1	10296232	14925	1
101	610	Response	3	10296232	14925	1
101	611	Picture	ITI	10297253	0	1	29157	1	0	next	other	0
101	612	Sound	test	10314065	0	1			0		other	0
101	612	Picture	response	10326410	12345	1	4165	1	12250	25000	incorrect	1174
101	612	Port Input	1	10330383	16319	1
101	612	Response	3	10330383	16319	1
101	613	Picture	ITI	10331408	0	1	26824	1	0	next	other	0
101	614	Sound	test	10347450	0	1			0		other	0
101	614	Picture	response	10358232	10783	1	5831	1	10700	25000	incorrect	1179
101	614	Port Input	1	10364014	16565	1
101	614	Response	3	10364014	16565	1
101	615	Picture	ITI	10365063	0	1	32822	1	0	next	other	0
101	616	Sound	test	10382805	0	1			0		other	0
101	616	Picture	response	10397885	15081	1	3999	1	15000	25000	incorrect	1184
101	616	Port Input	2	10401789	18985	1
101	616	Response	4	10401789	18985	1
101	617	Picture	ITI	10402883	0	1	29990	1	0	next	other	0
101	618	Sound	test	10417795	0	1			0		other	0
101	618	Picture	response	10432873	15078	1	4498	1	15000	25000	incorrect	1189
101	618	Port Input	2	10437200	19406	1
101	618	Response	4	10437200	19406	1
101	619	Picture	ITI	10438204	0	1	30323	1	0	next	other	0
101	620	Sound	test	10453406	0	1			0		other	0
101	620	Picture	response	10468527	15121	1	4665	1	15000	25000	incorrect	1194
101	620	Port Input	2	10473039	19633	1
101	620	Response	4	10473039	19633	1
101	621	Picture	ITI	10474025	0	1	27990	1	0	next	other	0
101	622	Sound	test	10491957	0	1			0		other	0
101	622	Picture	response	10502016	10059	1	5165	1	10000	25000	incorrect	1199
101	622	Port Input	1	10507065	15109	1
101	622	Response	3	10507065	15109	1
101	623	Picture	ITI	10508180	0	1	24325	1	0	next	other	0
101	624	Sound	test	10519271	0	1			0		other	0
101	624	Picture	response	10532505	13234	1	4498	1	13100	25000	incorrect	1204
101	624	Port Input	2	10536885	17614	1
101	624	Response	4	10536885	17614	1
101	625	Picture	ITI	10538003	0	1	23325	1	0	next	other	0
101	626	Sound	test	10549774	0	1			0		other	0
101	626	Picture	response	10561328	11554	1	4498	1	11450	25000	incorrect	1209
101	626	Port Input	1	10565695	15921	1
101	626	Response	3	10565695	15921	1
101	627	Picture	ITI	10566826	0	1	29323	1	0	next	other	0
101	628	Sound	test	10581038	0	1			0		other	0
101	628	Picture	response	10596150	15112	1	9163	1	15000	25000	incorrect	1214
101	628	Port Input	2	10605219	24182	1
101	628	Response	4	10605219	24182	1
101	629	Picture	ITI	10606313	0	1	24158	1	0	next	other	0
101	630	Sound	test	10619734	0	1			0		other	0
101	630	Picture	response	10630471	10737	1	11329	1	10700	25000	incorrect	1219
101	630	Port Input	1	10641682	21948	1
101	630	Response	3	10641682	21948	1
101	631	Picture	ITI	10642800	0	1	28990	1	0	next	other	0
101	632	Sound	test	10656721	0	1			0		other	0
101	632	Picture	response	10671790	15069	1	6331	1	15000	25000	incorrect	1224
101	632	Port Input	2	10677947	21226	1
101	632	Response	4	10677947	21226	1
101	633	Picture	ITI	10679121	0	1	26657	1	0	next	other	0
101	634	Sound	test	10691672	0	1			0		other	0
101	634	Picture	response	10705778	14106	1	8164	1	14020	25000	incorrect	1229
101	634	Port Input	2	10713848	22176	1
101	634	Response	4	10713848	22176	1
101	635	Picture	ITI	10714942	0	1	27157	1	0	next	other	0
101	636	Sound	test	10726923	0	1			0		other	0
101	636	Picture	response	10742099	15176	1	5498	1	15000	25000	incorrect	1234
101	636	Port Input	2	10747406	20483	1
101	636	Response	4	10747406	20483	1
101	637	Picture	ITI	10748430	0	1	23825	1	0	next	other	0
101	638	Sound	test	10760751	0	1			0		other	0
101	638	Picture	response	10772255	11504	1	5831	1	11450	25000	incorrect	1239
101	638	Port Input	1	10778038	17287	1
101	638	Response	3	10778038	17287	1
101	639	Picture	ITI	10779086	0	1	22659	1	0	next	other	0
101	640	Sound	test	10789447	0	1			0		other	0
101	640	Picture	response	10801745	12297	1	6664	1	12250	25000	incorrect	1244
101	640	Port Input	1	10808223	18775	1
101	640	Response	3	10808223	18775	1
101	641	Picture	ITI	10809242	0	1	29157	1	0	next	other	0
101	642	Sound	test	10826853	0	1			0		other	0
101	642	Picture	response	10838399	11545	1	6331	1	11450	25000	incorrect	1249
101	642	Port Input	1	10844613	17759	1
101	642	Response	3	10844613	17759	1
101	643	Picture	ITI	10845729	0	1	34321	1	0	next	other	0
101	644	Sound	test	10864861	0	1			0		other	0
101	644	Picture	response	10880051	15190	1	3832	1	15000	25000	incorrect	1254
101	644	Port Input	2	10883793	18933	1
101	644	Response	4	10883793	18933	1
101	645	Picture	ITI	10884883	0	1	34488	1	0	next	other	0
101	646	Sound	test	10904324	0	1			0		other	0
101	646	Picture	response	10919371	15047	1	4665	1	15000	25000	incorrect	1259
101	646	Port Input	2	10923838	19514	1
101	646	Response	4	10923838	19514	1
101	647	Picture	ITI	10924869	0	1	21659	1	0	next	other	0
101	648	Sound	test	10934920	0	1			0		other	0
101	648	Picture	response	10946528	11608	1	4998	1	11450	25000	incorrect	1264
101	648	Port Input	1	10951357	16437	1
101	648	Response	3	10951357	16437	1
101	649	Picture	ITI	10952526	0	1	24825	1	0	next	other	0
101	650	Sound	test	10967307	0	1			0		other	0
101	650	Picture	response	10977350	10043	1	5332	1	10000	25000	incorrect	1269
101	650	Port Input	1	10982614	15307	1
101	650	Response	3	10982614	15307	1
101	651	Picture	ITI	10983681	0	1	24658	1	0	next	other	0
101	652	Sound	test	10995183	0	1			0		other	0
101	652	Picture	response	11008340	13157	1	4998	1	13100	25000	incorrect	1274
101	652	Port Input	1	11013257	18074	1
101	652	Response	3	11013257	18074	1
101	653	Picture	ITI	11014338	0	1	20326	1	0	next	other	0
101	654	Sound	test	11024639	0	1			0		other	0
101	654	Picture	response	11034664	10025	1	3832	1	10000	25000	incorrect	1279
101	654	Port Input	1	11038454	13815	1
101	654	Response	3	11038454	13815	1
101	655	Picture	ITI	11039495	0	1	29323	1	0	next	other	0
101	656	Sound	test	11056517	0	1			0		other	0
101	656	Picture	response	11068819	12302	1	7164	1	12250	25000	incorrect	1284
101	656	Port Input	1	11075854	19337	1
101	656	Response	3	11075854	19337	1
101	657	Picture	ITI	11076982	0	1	29156	1	0	next	other	0
101	658	Sound	test	11092904	0	1			0		other	0
101	658	Picture	response	11106139	13235	1	4165	1	13100	25000	incorrect	1289
101	658	Port Input	2	11110120	17216	1
101	658	Response	4	11110120	17216	1
101	659	Picture	ITI	11111137	0	1	30489	1	0	next	other	0
101	660	Sound	test	11126528	0	1			0		other	0
101	660	Picture	response	11141627	15098	1	4832	1	15000	25000	incorrect	1294
101	660	Port Input	2	11146374	19846	1
101	660	Response	4	11146374	19846	1
101	661	Picture	ITI	11147458	0	1	23492	1	0	next	other	0
101	662	Sound	test	11160829	0	1			0		other	0
101	662	Picture	response	11170950	10121	1	4998	1	10000	25000	incorrect	1299
101	662	Port Input	1	11175799	14970	1
101	662	Response	3	11175799	14970	1
101	663	Picture	ITI	11176781	0	1	24158	1	0	next	other	0
101	664	Sound	test	11187782	0	1			0		other	0
101	664	Picture	response	11200939	13157	1	6331	1	13100	25000	incorrect	1304
101	664	Port Input	2	11207191	19409	1
101	664	Response	4	11207191	19409	1
101	665	Picture	ITI	11208270	0	1	25824	1	0	next	other	0
101	666	Sound	test	11223311	0	1			0		other	0
101	666	Picture	response	11234094	10783	1	4998	1	10700	25000	incorrect	1309
101	666	Port Input	1	11238937	15626	1
101	666	Response	3	11238937	15626	1
101	667	Picture	ITI	11240092	0	1	29490	1	0	next	other	0
101	668	Sound	test	11259494	0	1			0		other	0
101	668	Picture	response	11269582	10089	1	5331	1	10000	25000	incorrect	1314
101	668	Port Input	1	11274776	15282	1
101	668	Response	3	11274776	15282	1
101	669	Picture	ITI	11275913	0	1	22659	1	0	next	other	0
101	670	Sound	test	11286144	0	1			0		other	0
101	670	Picture	response	11298572	12428	1	14162	1	12250	25000	incorrect	1319
101	670	Port Input	1	11312665	26521	1
101	670	Response	3	11312665	26521	1
101	671	Picture	ITI	11313733	0	1	26491	1	0	next	other	0
101	672	Sound	test	11325175	0	1			0		other	0
101	672	Picture	response	11340224	15050	1	4998	1	15000	25000	incorrect	1324
101	672	Port Input	2	11345026	19851	1
101	672	Response	4	11345026	19851	1
101	673	Picture	ITI	11346056	0	1	11163	1	0	next	other	0
101	674	Picture	Instruction	11357218	0	1	606616	1	0	next	other	0
101	674	Quit		11958069	600851	NA


{
   "app": "Presentation Version 20.2 Build 07.25.18",
   "device": "LENOVO 10A8S1PC00",
   "experiment": "{772213B2-5F0F-4A35-9C2F-36954700C7EA}",
   "os": "Windows 7 64 bit",
   "package": "",
   "parameters": {
      "configuration": "Default configuration"
   },
   "scenario": "Timing Task with Dynanometer.sce",
   "subject": "101",
   "timestamp": "2019/03/04 10:09:34 GMT"
}
