Scenario - Timing Task
Logfile written - 03/06/2019 08:35:43

Subject	Trial	Event Type	Code	Time	TTime	Uncertainty	Duration	Uncertainty	ReqTime	ReqDur	Stim Type	Pair Index

102	1	Picture	Instruction	500	0	1	16328	1	0	next	other	0
102	1	Response	1	11781	11281	0
102	2	Picture	ITI	16827	0	1	10830	1	0	next	other	0
102	3	Sound	Stimuli	26836	0	788			0		other	0
102	4	Picture	Feedback	57480	0	1	13677	1	0	next	other	0
102	4	Quit		65620	8140	NA


{
   "app": "Presentation Version 20.2 Build 07.25.18",
   "device": "LENOVO 10A8S1PC00",
   "experiment": "{772213B2-5F0F-4A35-9C2F-36954700C7EA}",
   "os": "Windows 7 64 bit",
   "package": "",
   "parameters": {
      "configuration": "Default configuration"
   },
   "scenario": "Timing Task with Dynanometer.sce",
   "subject": "102",
   "timestamp": "2019/03/06 00:35:33 GMT"
}
