Scenario - Timing Task
Logfile written - 03/09/2019 09:34:12

Subject	Trial	Event Type	Code	Time	TTime	Uncertainty	Duration	Uncertainty	ReqTime	ReqDur	Stim Type	Pair Index

11	1	Picture	Instruction	500	0	1	336885	1	0	next	other	0
11	1	Response	1	332292	331793	0
11	2	Picture	ITI	337385	0	1	10996	1	0	next	other	0
11	3	Sound	Stimuli	347394	0	866			0		other	0
11	4	Picture	Feedback	378204	0	1	20160	1	0	next	other	0
11	5	Picture	ITI	398364	0	1	10163	1	0	next	other	0
11	6	Sound	Stimuli	408365	0	1			0		other	0
11	7	Picture	Feedback	443515	0	1	20160	1	0	next	other	0
11	8	Picture	ITI	463675	0	1	10163	1	0	next	other	0
11	9	Sound	Stimuli	473676	0	1			0		other	0
11	10	Picture	Feedback	503661	0	1	20160	1	0	next	other	0
11	11	Picture	ITI	523821	0	1	10163	1	0	next	other	0
11	12	Sound	Stimuli	533822	0	1			0		other	0
11	13	Picture	Feedback	568972	0	1	20160	1	0	next	other	0
11	14	Picture	ITI	589132	0	1	10163	1	0	next	other	0
11	15	Sound	Stimuli	599133	0	1			0		other	0
11	16	Picture	Feedback	629285	0	1	20160	1	0	next	other	0
11	17	Picture	ITI	649445	0	1	10163	1	0	next	other	0
11	18	Sound	Stimuli	659446	0	1			0		other	0
11	19	Picture	Feedback	694596	0	1	20160	1	0	next	other	0
11	20	Picture	ITI	714756	0	1	10163	1	0	next	other	0
11	21	Sound	Stimuli	724757	0	1			0		other	0
11	22	Picture	Feedback	754909	0	1	20160	1	0	next	other	0
11	23	Picture	ITI	775068	0	1	10163	1	0	next	other	0
11	24	Sound	Stimuli	785070	0	1			0		other	0
11	25	Picture	Feedback	820053	0	1	20160	1	0	next	other	0
11	26	Picture	ITI	840213	0	1	10163	1	0	next	other	0
11	27	Sound	Stimuli	850214	0	1			0		other	0
11	28	Picture	Feedback	880366	0	1	20160	1	0	next	other	0
11	29	Picture	ITI	900526	0	1	10163	1	0	next	other	0
11	30	Sound	Stimuli	910527	0	1			0		other	0
11	31	Picture	Feedback	945677	0	1	20326	1	0	next	other	0
11	32	Picture	End_Block	966003	0	1	40653	1	0	next	other	0
11	32	Response	1	1006524	40521	0
11	33	Picture	ITI	1006656	0	1	10163	1	0	next	other	0
11	34	Picture	Break	1016819	0	1	16661	1	0	next	other	0
11	34	Response	1	1033324	16504	0
11	35	Picture	ITI	1033480	0	1	10163	1	0	next	other	0
11	36	Picture	Instruction	1043643	0	1	30656	1	0	next	other	0
11	36	Response	1	1069163	25520	0
11	37	Picture	ITI	1074300	0	1	21993	1	0	next	other	0
11	38	Sound	Practice	1086101	0	1			0		other	0
11	38	Picture	response	1096292	10191	1	6664	1	10000	25000	incorrect	45
11	38	Port Input	2	1102864	16763	1
11	38	Response	4	1102864	16763	1
11	39	Picture	ITI	1112953	0	1	25325	1	0	next	other	0
11	40	Sound	Practice	1123144	0	1			0		other	0
11	40	Picture	response	1138278	15133	1	2999	1	15000	25000	hit	50
11	40	Port Input	2	1141105	17960	1
11	40	Response	4	1141105	17960	1
11	41	Picture	ITI	1151273	0	1	24658	1	0	next	other	0
11	42	Sound	Practice	1165905	0	1			0		other	0
11	42	Picture	response	1175932	10027	1	5831	1	10000	25000	hit	55
11	42	Port Input	1	1181574	15669	1
11	42	Response	3	1181574	15669	1
11	43	Picture	ITI	1191759	0	1	32322	1	0	next	other	0
11	44	Sound	Practice	1209011	0	1			0		other	0
11	44	Port Input	2	1222814	13803	1
11	44	Picture	response	1224082	15071	1	2832	1	15000	25000	hit	61
11	44	Port Input	2	1226864	17853	1
11	44	Response	4	1226864	17853	1
11	45	Picture	ITI	1236911	0	1	24325	1	0	next	other	0
11	46	Sound	Practice	1251112	0	1			0		other	0
11	46	Picture	response	1261236	10123	1	8997	1	10000	25000	hit	66
11	46	Port Input	1	1270072	18959	1
11	46	Response	3	1270072	18959	1
11	47	Picture	ITI	1280229	0	1	24992	1	0	next	other	0
11	48	Sound	Practice	1295081	0	1			0		other	0
11	48	Picture	response	1305221	10140	1	25158	1	10000	25000	miss	0
11	48A	Port Input	1	1335768	5222	1
11	49	Picture	ITI	1340709	0	1	25158	1	0	next	other	0
11	50	Sound	Practice	1350830	0	1			0		other	0
11	50	Picture	response	1365867	15036	1	2499	1	15000	25000	hit	75
11	50	Port Input	2	1368210	17379	1
11	50	Response	4	1368210	17379	1
11	51	Picture	ITI	1378362	0	1	29990	1	0	next	other	0
11	52	Sound	Practice	1393234	0	1			0		other	0
11	52	Picture	response	1408352	15118	1	3999	1	15000	25000	hit	80
11	52	Port Input	2	1412146	18912	1
11	52	Response	4	1412146	18912	1
11	53	Picture	ITI	1422181	0	1	29490	1	0	next	other	0
11	54	Sound	Practice	1441602	0	1			0		other	0
11	54	Picture	response	1451671	10069	1	12496	1	10000	25000	hit	85
11	54	Port Input	1	1464026	22424	1
11	54	Response	3	1464026	22424	1
11	55	Picture	ITI	1474163	0	1	33655	1	0	next	other	0
11	56	Sound	Practice	1492674	0	1			0		other	0
11	56	Picture	response	1507818	15144	1	1166	1	15000	25000	hit	90
11	56	Port Input	2	1508796	16121	1
11	56	Response	4	1508796	16121	1
11	57	Picture	ITI	1518981	0	1	32489	1	0	next	other	0
11	58	Sound	Practice	1536282	0	1			0		other	0
11	58	Port Input	2	1548619	12337	1
11	58	Picture	response	1551470	15187	1	500	1	15000	25000	hit	96
11	58	Port Input	2	1551930	15648	1
11	58	Response	4	1551930	15648	1
11	59	Picture	ITI	1561966	0	1	26158	1	0	next	other	0
11	60	Sound	Practice	1573048	0	1			0		other	0
11	60	Port Input	2	1586528	13480	1
11	60	Picture	response	1588124	15076	1	1999	1	15000	25000	hit	102
11	60	Port Input	2	1589942	16895	1
11	60	Response	4	1589942	16895	1
11	61	Picture	ITI	1600120	0	1	33988	1	0	next	other	0
11	62	Sound	Practice	1619061	0	1			0		other	0
11	62	Port Input	2	1632182	13120	1
11	62	Picture	response	1634108	15047	1	4832	1	15000	25000	hit	108
11	62	Port Input	2	1638741	19680	1
11	62	Response	4	1638741	19680	1
11	63	Picture	ITI	1648770	0	1	33655	1	0	next	other	0
11	64	Sound	Practice	1667351	0	1			0		other	0
11	64	Port Input	2	1681574	14222	1
11	64	Picture	response	1682425	15074	1	7497	1	15000	25000	hit	114
11	64	Port Input	2	1689788	22437	1
11	64	Response	4	1689788	22437	1
11	65	Picture	ITI	1699919	0	1	26824	1	0	next	other	0
11	66	Sound	Practice	1711571	0	1			0		other	0
11	66	Picture	response	1726743	15173	1	1833	1	15000	25000	hit	119
11	66	Port Input	2	1728529	16959	1
11	66	Response	4	1728529	16959	1
11	67	Picture	ITI	1738573	0	1	31489	1	0	next	other	0
11	68	Sound	Practice	1754894	0	1			0		other	0
11	68	Port Input	2	1767749	12855	1
11	68	Picture	response	1770062	15168	1	2832	1	15000	25000	hit	125
11	68	Port Input	2	1772695	17801	1
11	68	Response	4	1772695	17801	1
11	69	Picture	ITI	1782724	0	1	25325	1	0	next	other	0
11	70	Sound	Practice	1792926	0	1			0		other	0
11	70	Port Input	2	1807834	14908	1
11	70	Picture	response	1808049	15123	1	4998	1	15000	25000	hit	131
11	70	Port Input	2	1812987	20061	1
11	70	Response	4	1812987	20061	1
11	71	Picture	ITI	1823044	0	1	26324	1	0	next	other	0
11	72	Sound	Practice	1834205	0	1			0		other	0
11	72	Port Input	2	1848855	14649	1
11	72	Picture	response	1849368	15163	1	3832	1	15000	25000	hit	137
11	72	Port Input	2	1853030	18824	1
11	72	Response	4	1853030	18824	1
11	73	Picture	ITI	1863197	0	1	28324	1	0	next	other	0
11	74	Sound	Practice	1876358	0	1			0		other	0
11	74	Picture	response	1891520	15162	1	1999	1	15000	25000	hit	142
11	74	Port Input	2	1893437	17078	1
11	74	Response	4	1893437	17078	1
11	75	Picture	ITI	1903516	0	1	21659	1	0	next	other	0
11	76	Sound	Practice	1915098	0	1			0		other	0
11	76	Picture	response	1925176	10078	1	8997	1	10000	25000	incorrect	147
11	76	Port Input	2	1934104	19006	1
11	76	Response	4	1934104	19006	1
11	77	Picture	ITI	1944169	0	1	32656	1	0	next	other	0
11	78	Sound	Practice	1961761	0	1			0		other	0
11	78	Port Input	2	1975291	13531	1
11	78	Picture	response	1976825	15064	1	5665	1	15000	25000	hit	153
11	78	Port Input	2	1982340	20579	1
11	78	Response	4	1982340	20579	1
11	79	Picture	ITI	1992486	0	1	28324	1	0	next	other	0
11	80	Sound	Practice	2010677	0	1			0		other	0
11	80	Picture	response	2020810	10132	1	6498	1	10000	25000	hit	158
11	80	Port Input	1	2027182	16505	1
11	80	Response	3	2027182	16505	1
11	81	Picture	ITI	2037304	0	1	23492	1	0	next	other	0
11	82	Sound	Practice	2050745	0	1			0		other	0
11	82	Picture	response	2060796	10051	1	6331	1	10000	25000	hit	163
11	82	Port Input	1	2067079	16333	1
11	82	Response	3	2067079	16333	1
11	83	Picture	ITI	2077124	0	1	23325	1	0	next	other	0
11	84	Sound	Practice	2090315	0	1			0		other	0
11	84	Picture	response	2100449	10134	1	1666	1	10000	25000	incorrect	168
11	84	Port Input	2	2101915	11600	1
11	84	Response	4	2101915	11600	1
11	85	Picture	ITI	2111945	0	1	26158	1	0	next	other	0
11	86	Sound	Practice	2123057	0	1			0		other	0
11	86	Port Input	2	2136960	13904	1
11	86	Picture	response	2138103	15046	1	4998	1	15000	25000	hit	174
11	86	Port Input	2	2143051	19995	1
11	86	Response	4	2143051	19995	1
11	87	Picture	Break	2153098	0	1	484834	1	0	next	other	0
11	87	Response	1	2637784	484686	0
11	88	Picture	Instruction	2637932	0	1	55481	1	0	next	other	0
11	88	Response	1	2693223	55291	0
11	89	Picture	ITI	2693413	0	1	15161	1	0	next	other	0
11	90	Picture	ITI	2708575	0	1	26324	1	0	next	other	0
11	91	Sound	test	2724066	0	1			0		other	0
11	91	Picture	response	2734899	10833	1	9497	1	10700	25000	incorrect	184
11	91	Port Input	1	2744344	20278	1
11	91	Response	3	2744344	20278	1
11	92	Picture	ITI	2745395	0	1	25825	1	0	next	other	0
11	93	Sound	test	2759587	0	1			0		other	0
11	93	Picture	response	2771220	11633	1	4332	1	11450	25000	incorrect	189
11	93	Port Input	1	2775422	15835	1
11	93	Response	3	2775422	15835	1
11	94	Picture	ITI	2776552	0	1	23992	1	0	next	other	0
11	95	Sound	test	2790513	0	1			0		other	0
11	95	Picture	response	2800543	10030	1	5165	1	10000	25000	incorrect	194
11	95	Port Input	1	2805511	14998	1
11	95	Response	3	2805511	14998	1
11	96	Picture	ITI	2806541	0	1	23825	1	0	next	other	0
11	97	Sound	test	2820213	0	1			0		other	0
11	97	Picture	response	2830366	10154	1	4998	1	10000	25000	incorrect	199
11	97	Port Input	1	2835267	15054	1
11	97	Response	3	2835267	15054	1
11	98	Picture	ITI	2836364	0	1	28157	1	0	next	other	0
11	99	Sound	test	2850456	0	1			0		other	0
11	99	Picture	response	2864521	14066	1	10830	1	14020	25000	incorrect	204
11	99	Port Input	2	2875288	24833	1
11	99	Response	4	2875288	24833	1
11	100	Picture	ITI	2876351	0	1	24825	1	0	next	other	0
11	101	Sound	test	2888042	0	1			0		other	0
11	101	Picture	response	2901176	13134	1	6331	1	13100	25000	incorrect	209
11	101	Port Input	2	2907304	19262	1
11	101	Response	4	2907304	19262	1
11	102	Picture	ITI	2908340	0	1	29990	1	0	next	other	0
11	103	Sound	test	2927581	0	1			0		other	0
11	103	Picture	response	2938330	10748	1	4998	1	10700	25000	incorrect	214
11	103	Port Input	1	2943286	15705	1
11	103	Response	3	2943286	15705	1
11	104	Picture	ITI	2944328	0	1	27990	1	0	next	other	0
11	105	Sound	test	2962269	0	1			0		other	0
11	105	Picture	response	2972318	10049	1	5332	1	10000	25000	incorrect	219
11	105	Port Input	1	2977581	15312	1
11	105	Response	3	2977581	15312	1
11	106	Picture	ITI	2978649	0	1	30656	1	0	next	other	0
11	107	Sound	test	2996060	0	1			0		other	0
11	107	Picture	response	3009305	13245	1	14495	1	13100	25000	incorrect	224
11	107	Port Input	2	3023610	27550	1
11	107	Response	4	3023610	27550	1
11	108	Picture	ITI	3024633	0	1	29157	1	0	next	other	0
11	109	Sound	test	3042965	0	1			0		other	0
11	109	Picture	response	3053790	10825	1	4998	1	10700	25000	incorrect	229
11	109	Port Input	1	3058613	15649	1
11	109	Response	3	3058613	15649	1
11	110	Picture	ITI	3059621	0	1	26324	1	0	next	other	0
11	111	Sound	test	3072813	0	1			0		other	0
11	111	Picture	response	3085946	13133	1	5165	1	13100	25000	incorrect	234
11	111	Port Input	1	3090920	18107	1
11	111	Response	3	3090920	18107	1
11	112	Picture	ITI	3091944	0	1	27491	1	0	next	other	0
11	113	Sound	test	3109285	0	1			0		other	0
11	113	Picture	response	3119434	10149	1	4665	1	10000	25000	incorrect	239
11	113	Port Input	1	3124049	14764	1
11	113	Response	3	3124049	14764	1
11	114	Picture	ITI	3125099	0	1	25325	1	0	next	other	0
11	115	Sound	test	3135340	0	1			0		other	0
11	115	Picture	response	3150424	15083	1	3665	1	15000	25000	incorrect	244
11	115	Port Input	2	3153961	18621	1
11	115	Response	4	3153961	18621	1
11	116	Picture	ITI	3154922	0	1	29490	1	0	next	other	0
11	117	Sound	test	3173684	0	1			0		other	0
11	117	Picture	response	3184412	10729	1	6998	1	10700	25000	incorrect	249
11	117	Port Input	2	3191255	17572	1
11	117	Response	4	3191255	17572	1
11	118	Picture	ITI	3192243	0	1	28657	1	0	next	other	0
11	119	Sound	test	3210864	0	1			0		other	0
11	119	Picture	response	3220900	10036	1	13995	1	10000	25000	incorrect	254
11	119	Port Input	2	3234848	23984	1
11	119	Response	4	3234848	23984	1
11	120	Picture	ITI	3235895	0	1	31656	1	0	next	other	0
11	121	Sound	test	3252376	0	1			0		other	0
11	121	Picture	response	3267550	15175	1	1166	1	15000	25000	incorrect	259
11	121	Port Input	2	3268571	16195	1
11	121	Response	4	3268571	16195	1
11	122	Picture	ITI	3269550	0	1	23325	1	0	next	other	0
11	123	Sound	test	3282131	0	1			0		other	0
11	123	Picture	response	3292875	10744	1	7831	1	10700	25000	incorrect	264
11	123	Port Input	1	3300617	18486	1
11	123	Response	3	3300617	18486	1
11	124	Picture	ITI	3301705	0	1	28490	1	0	next	other	0
11	125	Sound	test	3318667	0	1			0		other	0
11	125	Picture	response	3330196	11529	1	18827	1	11450	25000	incorrect	269
11	125	Port Input	2	3348936	30270	1
11	125	Response	4	3348936	30270	1
11	126	Picture	ITI	3350022	0	1	29323	1	0	next	other	0
11	127	Sound	test	3365174	0	1			0		other	0
11	127	Picture	response	3379346	14172	1	9830	1	14020	25000	incorrect	274
11	127	Port Input	2	3388968	23795	1
11	127	Response	4	3388968	23795	1
11	128	Picture	ITI	3390009	0	1	25991	1	0	next	other	0
11	129	Sound	test	3401940	0	1			0		other	0
11	129	Picture	response	3416000	14060	1	11996	1	14020	25000	incorrect	279
11	129	Port Input	2	3427907	25967	1
11	129	Response	4	3427907	25967	1
11	130	Picture	ITI	3428995	0	1	26991	1	0	next	other	0
11	131	Sound	test	3440957	0	1			0		other	0
11	131	Picture	response	3455986	15030	1	4665	1	15000	25000	incorrect	284
11	131	Port Input	2	3460454	19497	1
11	131	Response	4	3460454	19497	1
11	132	Picture	ITI	3461484	0	1	31822	1	0	next	other	0
11	133	Sound	test	3479166	0	1			0		other	0
11	133	Picture	response	3493307	14141	1	4498	1	14020	25000	incorrect	289
11	133	Port Input	2	3497633	18467	1
11	133	Response	4	3497633	18467	1
11	134	Picture	ITI	3498638	0	1	30156	1	0	next	other	0
11	135	Sound	test	3513770	0	1			0		other	0
11	135	Picture	response	3528795	15025	1	4499	1	15000	25000	incorrect	294
11	135	Port Input	2	3533250	19481	1
11	135	Response	4	3533250	19481	1
11	136	Picture	ITI	3534293	0	1	23492	1	0	next	other	0
11	137	Sound	test	3547634	0	1			0		other	0
11	137	Picture	response	3557785	10151	1	4498	1	10000	25000	incorrect	299
11	137	Port Input	1	3562184	14550	1
11	137	Response	3	3562184	14550	1
11	138	Picture	ITI	3563283	0	1	23492	1	0	next	other	0
11	139	Sound	test	3573644	0	1			0		other	0
11	139	Picture	response	3586775	13131	1	9830	1	13100	25000	incorrect	304
11	139	Port Input	2	3596510	22866	1
11	139	Response	4	3596510	22866	1
11	140	Picture	ITI	3597604	0	1	28490	1	0	next	other	0
11	141	Sound	test	3611986	0	1			0		other	0
11	141	Picture	response	3626095	14109	1	7497	1	14020	25000	incorrect	309
11	141	Port Input	2	3633482	21496	1
11	141	Response	4	3633482	21496	1
11	142	Picture	ITI	3634592	0	1	29157	1	0	next	other	0
11	143	Sound	test	3650543	0	1			0		other	0
11	143	Picture	response	3663749	13205	1	7664	1	13100	25000	incorrect	314
11	143	Port Input	1	3671358	20815	1
11	143	Response	3	3671358	20815	1
11	144	Picture	ITI	3672412	0	1	24825	1	0	next	other	0
11	145	Sound	test	3685603	0	1			0		other	0
11	145	Picture	response	3697237	11634	1	6331	1	11450	25000	incorrect	319
11	145	Port Input	1	3703467	17864	1
11	145	Response	3	3703467	17864	1
11	146	Picture	ITI	3704568	0	1	26158	1	0	next	other	0
11	147	Sound	test	3715639	0	1			0		other	0
11	147	Picture	response	3730726	15086	1	15828	1	15000	25000	incorrect	324
11	147	Port Input	2	3746383	30744	1
11	147	Response	4	3746383	30744	1
11	148	Picture	ITI	3747553	0	1	29823	1	0	next	other	0
11	149	Sound	test	3763235	0	1			0		other	0
11	149	Picture	response	3777376	14142	1	12162	1	14020	25000	incorrect	329
11	149	Port Input	2	3789487	26252	1
11	149	Response	4	3789487	26252	1
11	150	Picture	ITI	3790539	0	1	24492	1	0	next	other	0
11	151	Sound	test	3802630	0	1			0		other	0
11	151	Picture	response	3815030	12400	1	9830	1	12250	25000	incorrect	334
11	151	Port Input	1	3824719	22089	1
11	151	Response	3	3824719	22089	1
11	152	Picture	ITI	3825860	0	1	28990	1	0	next	other	0
11	153	Sound	test	3842451	0	1			0		other	0
11	153	Picture	response	3854850	12399	1	6331	1	12250	25000	incorrect	339
11	153	Port Input	1	3861066	18615	1
11	153	Response	3	3861066	18615	1
11	154	Picture	ITI	3862181	0	1	32655	1	0	next	other	0
11	155	Sound	test	3880792	0	1			0		other	0
11	155	Picture	response	3894836	14044	1	4998	1	14020	25000	incorrect	344
11	155	Port Input	2	3899754	18962	1
11	155	Response	4	3899754	18962	1
11	156	Picture	ITI	3900834	0	1	28990	1	0	next	other	0
11	157	Sound	test	3916595	0	1			0		other	0
11	157	Picture	response	3929824	13229	1	5831	1	13100	25000	incorrect	349
11	157	Port Input	1	3935455	18860	1
11	157	Response	3	3935455	18860	1
11	158	Picture	ITI	3936489	0	1	29490	1	0	next	other	0
11	159	Sound	test	3953610	0	1			0		other	0
11	159	Picture	response	3965979	12369	1	5831	1	12250	25000	incorrect	354
11	159	Port Input	1	3971677	18067	1
11	159	Response	3	3971677	18067	1
11	160	Picture	ITI	3972810	0	1	27324	1	0	next	other	0
11	161	Sound	test	3985991	0	1			0		other	0
11	161	Picture	response	4000134	14143	1	6165	1	14020	25000	incorrect	359
11	161	Port Input	1	4006253	20262	1
11	161	Response	3	4006253	20262	1
11	162	Picture	ITI	4007298	0	1	26658	1	0	next	other	0
11	163	Sound	test	4019849	0	1			0		other	0
11	163	Picture	response	4033955	14106	1	5831	1	14020	25000	incorrect	364
11	163	Port Input	1	4039674	19825	1
11	163	Response	3	4039674	19825	1
11	164	Picture	ITI	4040786	0	1	24492	1	0	next	other	0
11	165	Sound	test	4052968	0	1			0		other	0
11	165	Picture	response	4065278	12310	1	5498	1	12250	25000	incorrect	369
11	165	Port Input	1	4070617	17649	1
11	165	Response	3	4070617	17649	1
11	166	Picture	ITI	4071609	0	1	29657	1	0	next	other	0
11	167	Sound	test	4088860	0	1			0		other	0
11	167	Picture	response	4101266	12405	1	4998	1	12250	25000	incorrect	374
11	167	Port Input	1	4106214	17353	1
11	167	Response	3	4106214	17353	1
11	168	Picture	ITI	4107264	0	1	30823	1	0	next	other	0
11	169	Sound	test	4125715	0	1			0		other	0
11	169	Picture	response	4138086	12371	1	4332	1	12250	25000	incorrect	379
11	169	Port Input	1	4142373	16658	1
11	169	Response	3	4142373	16658	1
11	170	Picture	ITI	4143418	0	1	31489	1	0	next	other	0
11	171	Sound	test	4162559	0	1			0		other	0
11	171	Picture	response	4174907	12348	1	4998	1	12250	25000	incorrect	384
11	171	Port Input	1	4179718	17159	1
11	171	Response	3	4179718	17159	1
11	172	Picture	ITI	4180739	0	1	28157	1	0	next	other	0
11	173	Sound	test	4193760	0	1			0		other	0
11	173	Picture	response	4208896	15136	1	4998	1	15000	25000	incorrect	389
11	173	Port Input	1	4213795	20035	1
11	173	Response	3	4213795	20035	1
11	174	Picture	ITI	4214894	0	1	29657	1	0	next	other	0
11	175	Sound	test	4233665	0	1			0		other	0
11	175	Picture	response	4244550	10885	1	4165	1	10700	25000	incorrect	394
11	175	Port Input	1	4248580	14915	1
11	175	Response	3	4248580	14915	1
11	176	Picture	ITI	4249715	0	1	25158	1	0	next	other	0
11	177	Sound	test	4264096	0	1			0		other	0
11	177	Picture	response	4274873	10777	1	3665	1	10700	25000	incorrect	399
11	177	Port Input	1	4278367	14271	1
11	177	Response	3	4278367	14271	1
11	178	Picture	ITI	4279538	0	1	33155	1	0	next	other	0
11	179	Sound	test	4297619	0	1			0		other	0
11	179	Picture	response	4312694	15074	1	9663	1	15000	25000	incorrect	404
11	179	Port Input	1	4322293	24674	1
11	179	Response	3	4322293	24674	1
11	180	Picture	ITI	4323357	0	1	25991	1	0	next	other	0
11	181	Sound	test	4334268	0	1			0		other	0
11	181	Picture	response	4349348	15080	1	6998	1	15000	25000	incorrect	409
11	181	Port Input	2	4356203	21935	1
11	181	Response	4	4356203	21935	1
11	182	Picture	ITI	4357345	0	1	26658	1	0	next	other	0
11	183	Sound	test	4368976	0	1			0		other	0
11	183	Picture	response	4384003	15026	1	18327	1	15000	25000	incorrect	414
11	183	Port Input	2	4402128	33152	1
11	183	Response	4	4402128	33152	1
11	184	Picture	ITI	4403163	0	1	23159	1	0	next	other	0
11	185	Sound	test	4416174	0	1			0		other	0
11	185	Picture	response	4426321	10148	1	5332	1	10000	25000	incorrect	419
11	185	Port Input	1	4431592	15419	1
11	185	Response	3	4431592	15419	1
11	186	Picture	ITI	4432653	0	1	24992	1	0	next	other	0
11	187	Sound	test	4446164	0	1			0		other	0
11	187	Picture	response	4457644	11480	1	4665	1	11450	25000	incorrect	424
11	187	Port Input	1	4462108	15945	1
11	187	Response	3	4462108	15945	1
11	188	Picture	ITI	4463142	0	1	25991	1	0	next	other	0
11	189	Sound	test	4473993	0	1			0		other	0
11	189	Picture	response	4489133	15140	1	7497	1	15000	25000	incorrect	429
11	189	Port Input	2	4496518	22525	1
11	189	Response	4	4496518	22525	1
11	190	Picture	ITI	4497630	0	1	21826	1	0	next	other	0
11	191	Sound	test	4509272	0	1			0		other	0
11	191	Picture	response	4519456	10185	1	4832	1	10000	25000	incorrect	434
11	191	Port Input	1	4524129	14858	1
11	191	Response	3	4524129	14858	1
11	192	Picture	ITI	4525121	0	1	24991	1	0	next	other	0
11	193	Sound	test	4538562	0	1			0		other	0
11	193	Picture	response	4550112	11550	1	4832	1	11450	25000	incorrect	439
11	193	Port Input	1	4554739	16177	1
11	193	Response	3	4554739	16177	1
11	194	Picture	ITI	4555777	0	1	25491	1	0	next	other	0
11	195	Sound	test	4567208	0	1			0		other	0
11	195	Picture	response	4581268	14060	1	5498	1	14020	25000	incorrect	444
11	195	Port Input	1	4586640	19431	1
11	195	Response	3	4586640	19431	1
11	196	Picture	ITI	4587600	0	1	29490	1	0	next	other	0
11	197	Sound	test	4604701	0	1			0		other	0
11	197	Picture	response	4617090	12389	1	4998	1	12250	25000	incorrect	449
11	197	Port Input	1	4621935	17234	1
11	197	Response	3	4621935	17234	1
11	198	Picture	ITI	4622921	0	1	22326	1	0	next	other	0
11	199	Sound	test	4633652	0	1			0		other	0
11	199	Picture	response	4645247	11594	1	4665	1	11450	25000	incorrect	454
11	199	Port Input	1	4649744	16091	1
11	199	Response	3	4649744	16091	1
11	200	Picture	ITI	4650745	0	1	30490	1	0	next	other	0
11	201	Sound	test	4670486	0	1			0		other	0
11	201	Picture	response	4681234	10748	1	5998	1	10700	25000	incorrect	459
11	201	Port Input	1	4687058	16572	1
11	201	Response	3	4687058	16572	1
11	202	Picture	ITI	4688232	0	1	24492	1	0	next	other	0
11	203	Sound	test	4702563	0	1			0		other	0
11	203	Picture	response	4712724	10160	1	4332	1	10000	25000	incorrect	464
11	203	Port Input	1	4716949	14386	1
11	203	Response	3	4716949	14386	1
11	204	Picture	ITI	4717888	0	1	27824	1	0	next	other	0
11	205	Sound	test	4734140	0	1			0		other	0
11	205	Picture	response	4745712	11573	1	5665	1	11450	25000	incorrect	469
11	205	Port Input	1	4751255	17116	1
11	205	Response	3	4751255	17116	1
11	206	Picture	ITI	4752210	0	1	28490	1	0	next	other	0
11	207	Sound	test	4767451	0	1			0		other	0
11	207	Picture	response	4780700	13249	1	5498	1	13100	25000	incorrect	474
11	207	Port Input	1	4786092	18641	1
11	207	Response	3	4786092	18641	1
11	208	Picture	ITI	4787198	0	1	27824	1	0	next	other	0
11	209	Sound	test	4799890	0	1			0		other	0
11	209	Picture	response	4815022	15132	1	4832	1	15000	25000	incorrect	479
11	209	Port Input	1	4819742	19852	1
11	209	Response	3	4819742	19852	1
11	210	Picture	ITI	4820687	0	1	24658	1	0	next	other	0
11	211	Sound	test	4833738	0	1			0		other	0
11	211	Picture	response	4845345	11607	1	5332	1	11450	25000	incorrect	484
11	211	Port Input	1	4850539	16801	1
11	211	Response	3	4850539	16801	1
11	212	Picture	ITI	4851510	0	1	29823	1	0	next	other	0
11	213	Sound	test	4868081	0	1			0		other	0
11	213	Picture	response	4881333	13252	1	4998	1	13100	25000	incorrect	489
11	213	Port Input	1	4886281	18201	1
11	213	Response	3	4886281	18201	1
11	214	Picture	ITI	4887331	0	1	33322	1	0	next	other	0
11	215	Sound	test	4906582	0	1			0		other	0
11	215	Picture	response	4920653	14071	1	4165	1	14020	25000	incorrect	494
11	215	Port Input	1	4924658	18076	1
11	215	Response	3	4924658	18076	1
11	216	Picture	ITI	4925817	0	1	26324	1	0	next	other	0
11	217	Sound	test	4942089	0	1			0		other	0
11	217	Picture	response	4952142	10053	1	3832	1	10000	25000	incorrect	499
11	217	Port Input	1	4955809	13720	1
11	217	Response	3	4955809	13720	1
11	218	Picture	ITI	4956807	0	1	29823	1	0	next	other	0
11	219	Sound	test	4974338	0	1			0		other	0
11	219	Picture	response	4986630	12292	1	3832	1	12250	25000	incorrect	504
11	219	Port Input	1	4990417	16079	1
11	219	Response	3	4990417	16079	1
11	220	Picture	ITI	4991462	0	1	29823	1	0	next	other	0
11	221	Sound	test	5009723	0	1			0		other	0
11	221	Picture	response	5021285	11562	1	3665	1	11450	25000	incorrect	509
11	221	Port Input	1	5024806	15083	1
11	221	Response	3	5024806	15083	1
11	222	Picture	ITI	5025783	0	1	23159	1	0	next	other	0
11	223	Sound	test	5038825	0	1			0		other	0
11	223	Picture	response	5048942	10117	1	4499	1	10000	25000	incorrect	514
11	223	Port Input	1	5053385	14561	1
11	223	Response	3	5053385	14561	1
11	224	Picture	ITI	5054440	0	1	25491	1	0	next	other	0
11	225	Sound	test	5069782	0	1			0		other	0
11	225	Picture	response	5079931	10150	1	5998	1	10000	25000	incorrect	519
11	225	Port Input	1	5085765	15983	1
11	225	Response	3	5085765	15983	1
11	226	Picture	ITI	5086929	0	1	30156	1	0	next	other	0
11	227	Sound	test	5103910	0	1			0		other	0
11	227	Picture	response	5117085	13175	1	5831	1	13100	25000	incorrect	524
11	227	Port Input	1	5122798	18888	1
11	227	Response	3	5122798	18888	1
11	228	Picture	ITI	5123916	0	1	34155	1	0	next	other	0
11	229	Sound	test	5143038	0	1			0		other	0
11	229	Picture	response	5158071	15034	1	11330	1	15000	25000	incorrect	529
11	229	Port Input	2	5169223	26185	1
11	229	Response	4	5169223	26185	1
11	230	Picture	ITI	5170234	0	1	30989	1	0	next	other	0
11	231	Sound	test	5188046	0	1			0		other	0
11	231	Picture	response	5201223	13177	1	7664	1	13100	25000	incorrect	534
11	231	Port Input	1	5208839	20792	1
11	231	Response	3	5208839	20792	1
11	232	Picture	ITI	5209887	0	1	27324	1	0	next	other	0
11	233	Sound	test	5224038	0	1			0		other	0
11	233	Picture	response	5237211	13173	1	11329	1	13100	25000	incorrect	539
11	233	Port Input	2	5248371	24333	1
11	233	Response	4	5248371	24333	1
11	234	Picture	ITI	5249540	0	1	28657	1	0	next	other	0
11	235	Sound	test	5264131	0	1			0		other	0
11	235	Picture	response	5278197	14066	1	10496	1	14020	25000	incorrect	544
11	235	Port Input	2	5288538	24407	1
11	235	Response	4	5288538	24407	1
11	236	Picture	ITI	5289527	0	1	22992	1	0	next	other	0
11	237	Sound	test	5302388	0	1			0		other	0
11	237	Picture	response	5312519	10131	1	5665	1	10000	25000	incorrect	549
11	237	Port Input	1	5318128	15740	1
11	237	Response	3	5318128	15740	1
11	238	Picture	ITI	5319183	0	1	29657	1	0	next	other	0
11	239	Sound	test	5335644	0	1			0		other	0
11	239	Picture	response	5348840	13195	1	8664	1	13100	25000	incorrect	554
11	239	Port Input	2	5357389	21745	1
11	239	Response	4	5357389	21745	1
11	240	Picture	ITI	5358503	0	1	28324	1	0	next	other	0
11	241	Sound	test	5373694	0	1			0		other	0
11	241	Picture	response	5386827	13132	1	25158	1	13100	25000	miss	0
11	242	Picture	ITI	5412151	0	1	29657	1	0	next	other	0
11	242	Port Input	2	5423908	11757	1
11	242	Response	4	5423908	11757	1
11	242	Port Input	2	5429509	17358	1
11	242	Response	4	5429509	17358	1
11	243	Sound	test	5431063	0	1			0		other	0
11	243	Picture	response	5441808	10745	1	14828	1	10700	25000	incorrect	566
11	243	Port Input	2	5456433	25371	1
11	243	Response	4	5456433	25371	1
11	244	Picture	ITI	5457469	0	1	31656	1	0	next	other	0
11	245	Sound	test	5476700	0	1			0		other	0
11	245	Picture	response	5489125	12425	1	4332	1	12250	25000	incorrect	571
11	245	Port Input	2	5493342	16641	1
11	245	Response	4	5493342	16641	1
11	246	Picture	ITI	5494290	0	1	26824	1	0	next	other	0
11	247	Sound	test	5506021	0	1			0		other	0
11	247	Picture	response	5521114	15093	1	6998	1	15000	25000	incorrect	576
11	247	Port Input	2	5527960	21939	1
11	247	Response	4	5527960	21939	1
11	248	Picture	ITI	5529111	0	1	27324	1	0	next	other	0
11	249	Sound	test	5546353	0	1			0		other	0
11	249	Picture	response	5556435	10083	1	12329	1	10000	25000	incorrect	581
11	249	Port Input	1	5568648	22295	1
11	249	Response	3	5568648	22295	1
11	250	Picture	ITI	5569764	0	1	34488	1	0	next	other	0
11	251	Sound	test	5589195	0	1			0		other	0
11	251	Picture	response	5604252	15057	1	7997	1	15000	25000	incorrect	586
11	251	Port Input	2	5612126	22931	1
11	251	Response	4	5612126	22931	1
11	252	Picture	ITI	5613083	0	1	25825	1	0	next	other	0
11	253	Sound	test	5628024	0	1			0		other	0
11	253	Picture	response	5638907	10883	1	8164	1	10700	25000	incorrect	591
11	253	Port Input	1	5646952	18928	1
11	253	Response	3	5646952	18928	1
11	254	Picture	ITI	5648071	0	1	29990	1	0	next	other	0
11	255	Sound	test	5666492	0	1			0		other	0
11	255	Picture	response	5678061	11568	1	4332	1	11450	25000	incorrect	596
11	255	Port Input	1	5682299	15807	1
11	255	Response	3	5682299	15807	1
11	256	Picture	ITI	5683392	0	1	28157	1	0	next	other	0
11	257	Sound	test	5698363	0	1			0		other	0
11	257	Picture	response	5711549	13186	1	8330	1	13100	25000	incorrect	601
11	257	Port Input	2	5719697	21334	1
11	257	Response	4	5719697	21334	1
11	258	Picture	ITI	5720713	0	1	23825	1	0	next	other	0
11	259	Sound	test	5732254	0	1			0		other	0
11	259	Picture	response	5744538	12284	1	4998	1	12250	25000	incorrect	606
11	259	Port Input	1	5749464	17210	1
11	259	Response	3	5749464	17210	1
11	260	Picture	ITI	5750536	0	1	27324	1	0	next	other	0
11	261	Sound	test	5767027	0	1			0		other	0
11	261	Picture	response	5777860	10833	1	4498	1	10700	25000	incorrect	611
11	261	Port Input	1	5782260	15233	1
11	261	Response	3	5782260	15233	1
11	262	Picture	ITI	5783358	0	1	29657	1	0	next	other	0
11	263	Sound	test	5798929	0	1			0		other	0
11	263	Picture	response	5813014	14085	1	3999	1	14020	25000	incorrect	616
11	263	Port Input	1	5816899	17969	1
11	263	Response	3	5816899	17969	1
11	264	Picture	ITI	5818013	0	1	24658	1	0	next	other	0
11	265	Sound	test	5832494	0	1			0		other	0
11	265	Picture	response	5842671	10177	1	3665	1	10000	25000	incorrect	621
11	265	Port Input	1	5846248	13754	1
11	265	Response	3	5846248	13754	1
11	266	Picture	ITI	5847336	0	1	31323	1	0	next	other	0
11	267	Sound	test	5865427	0	1			0		other	0
11	267	Picture	response	5878659	13231	1	8164	1	13100	25000	incorrect	626
11	267	Port Input	2	5886739	21311	1
11	267	Response	4	5886739	21311	1
11	268	Picture	ITI	5887822	0	1	26991	1	0	next	other	0
11	269	Sound	test	5903333	0	1			0		other	0
11	269	Picture	response	5914813	11480	1	3665	1	11450	25000	incorrect	631
11	269	Port Input	1	5918379	15046	1
11	269	Response	3	5918379	15046	1
11	270	Picture	ITI	5919478	0	1	32489	1	0	next	other	0
11	271	Sound	test	5936869	0	1			0		other	0
11	271	Picture	response	5951967	15098	1	6998	1	15000	25000	incorrect	636
11	271	Port Input	2	5958880	22010	1
11	271	Response	4	5958880	22010	1
11	272	Picture	ITI	5959964	0	1	31323	1	0	next	other	0
11	273	Sound	test	5979686	0	1			0		other	0
11	273	Picture	response	5991287	11601	1	6331	1	11450	25000	incorrect	641
11	273	Port Input	1	5997464	17779	1
11	273	Response	3	5997464	17779	1
11	274	Picture	ITI	5998618	0	1	25491	1	0	next	other	0
11	275	Sound	test	6011829	0	1			0		other	0
11	275	Picture	response	6024109	12280	1	8330	1	12250	25000	incorrect	646
11	275	Port Input	1	6032249	20420	1
11	275	Response	3	6032249	20420	1
11	276	Picture	ITI	6033273	0	1	31656	1	0	next	other	0
11	277	Sound	test	6052604	0	1			0		other	0
11	277	Picture	response	6064928	12324	1	4665	1	12250	25000	incorrect	651
11	277	Port Input	1	6069428	16824	1
11	277	Response	3	6069428	16824	1
11	278	Picture	ITI	6070426	0	1	29157	1	0	next	other	0
11	279	Sound	test	6089548	0	1			0		other	0
11	279	Picture	response	6099583	10035	1	4832	1	10000	25000	incorrect	656
11	279	Port Input	1	6104265	14717	1
11	279	Response	3	6104265	14717	1
11	280	Picture	ITI	6105415	0	1	28490	1	0	next	other	0
11	281	Sound	test	6123826	0	1			0		other	0
11	281	Picture	response	6133905	10079	1	4998	1	10000	25000	incorrect	661
11	281	Port Input	1	6138769	14943	1
11	281	Response	3	6138769	14943	1
11	282	Picture	ITI	6139903	0	1	29323	1	0	next	other	0
11	283	Sound	test	6154194	0	1			0		other	0
11	283	Picture	response	6169226	15032	1	2333	1	15000	25000	incorrect	666
11	283	Port Input	2	6171388	17194	1
11	283	Response	4	6171388	17194	1
11	284	Picture	ITI	6172392	0	1	22159	1	0	next	other	0
11	285	Sound	test	6183663	0	1			0		other	0
11	285	Picture	response	6194551	10888	1	5165	1	10700	25000	incorrect	671
11	285	Port Input	1	6199540	15877	1
11	285	Response	3	6199540	15877	1
11	286	Picture	ITI	6200715	0	1	29657	1	0	next	other	0
11	287	Sound	test	6220247	0	1			0		other	0
11	287	Picture	response	6230372	10125	1	4332	1	10000	25000	incorrect	676
11	287	Port Input	1	6234585	14339	1
11	287	Response	3	6234585	14339	1
11	288	Picture	ITI	6235703	0	1	27990	1	0	next	other	0
11	289	Sound	test	6251275	0	1			0		other	0
11	289	Picture	response	6263694	12419	1	5831	1	12250	25000	incorrect	681
11	289	Port Input	1	6269411	18137	1
11	289	Response	3	6269411	18137	1
11	290	Picture	ITI	6270358	0	1	29323	1	0	next	other	0
11	291	Sound	test	6284500	0	1			0		other	0
11	291	Picture	response	6299682	15182	1	16828	1	15000	25000	incorrect	686
11	291	Port Input	2	6316388	31888	1
11	291	Response	4	6316388	31888	1
11	292	Picture	ITI	6317509	0	1	24492	1	0	next	other	0
11	293	Sound	test	6331171	0	1			0		other	0
11	293	Picture	response	6342000	10830	1	9663	1	10700	25000	incorrect	691
11	293	Port Input	1	6351599	20429	1
11	293	Response	3	6351599	20429	1
11	294	Picture	ITI	6352663	0	1	28990	1	0	next	other	0
11	295	Sound	test	6370105	0	1			0		other	0
11	295	Picture	response	6381654	11549	1	4832	1	11450	25000	incorrect	696
11	295	Port Input	2	6386415	16311	1
11	295	Response	4	6386415	16311	1
11	296	Picture	ITI	6387485	0	1	33322	1	0	next	other	0
11	297	Sound	test	6406606	0	1			0		other	0
11	297	Picture	response	6420807	14201	1	7164	1	14020	25000	incorrect	701
11	297	Port Input	2	6427770	21164	1
11	297	Response	4	6427770	21164	1
11	298	Picture	ITI	6428804	0	1	23825	1	0	next	other	0
11	299	Sound	test	6441805	0	1			0		other	0
11	299	Picture	response	6452629	10824	1	5665	1	10700	25000	incorrect	706
11	299	Port Input	1	6458182	16376	1
11	299	Response	3	6458182	16376	1
11	300	Picture	ITI	6459294	0	1	23159	1	0	next	other	0
11	301	Sound	test	6472425	0	1			0		other	0
11	301	Picture	response	6482452	10028	1	4332	1	10000	25000	incorrect	711
11	301	Port Input	1	6486709	14284	1
11	301	Response	3	6486709	14284	1
11	302	Picture	ITI	6487784	0	1	27657	1	0	next	other	0
11	303	Sound	test	6500285	0	1			0		other	0
11	303	Picture	response	6515441	15156	1	6498	1	15000	25000	incorrect	716
11	303	Port Input	2	6521879	21594	1
11	303	Response	4	6521879	21594	1
11	304	Picture	ITI	6522939	0	1	34488	1	0	next	other	0
11	305	Sound	test	6542250	0	1			0		other	0
11	305	Picture	response	6557427	15177	1	6664	1	15000	25000	incorrect	721
11	305	Port Input	2	6564004	21754	1
11	305	Response	4	6564004	21754	1
11	306	Picture	ITI	6565091	0	1	26491	1	0	next	other	0
11	307	Sound	test	6579212	0	1			0		other	0
11	307	Picture	response	6591582	12370	1	4165	1	12250	25000	incorrect	726
11	307	Port Input	1	6595571	16359	1
11	307	Response	3	6595571	16359	1
11	308	Picture	ITI	6596580	0	1	26491	1	0	next	other	0
11	309	Sound	test	6608961	0	1			0		other	0
11	309	Picture	response	6623071	14110	1	7497	1	14020	25000	incorrect	731
11	309	Port Input	2	6630397	21436	1
11	309	Response	4	6630397	21436	1
11	310	Picture	ITI	6631402	0	1	21992	1	0	next	other	0
11	311	Sound	test	6643263	0	1			0		other	0
11	311	Picture	response	6653394	10131	1	5665	1	10000	25000	incorrect	736
11	311	Port Input	1	6658946	15683	1
11	311	Response	3	6658946	15683	1
11	312	Picture	ITI	6660058	0	1	25824	1	0	next	other	0
11	313	Sound	test	6674260	0	1			0		other	0
11	313	Picture	response	6685883	11623	1	4832	1	11450	25000	incorrect	741
11	313	Port Input	1	6690628	16368	1
11	313	Response	3	6690628	16368	1
11	314	Picture	ITI	6691714	0	1	28324	1	0	next	other	0
11	315	Sound	test	6708436	0	1			0		other	0
11	315	Picture	response	6720038	11602	1	4332	1	11450	25000	incorrect	746
11	315	Port Input	1	6724246	15810	1
11	315	Response	3	6724246	15810	1
11	316	Picture	ITI	6725369	0	1	34655	1	0	next	other	0
11	317	Sound	test	6744971	0	1			0		other	0
11	317	Picture	response	6760024	15054	1	7664	1	15000	25000	incorrect	751
11	317	Port Input	2	6767641	22671	1
11	317	Response	4	6767641	22671	1
11	318	Picture	ITI	6768688	0	1	25658	1	0	next	other	0
11	319	Sound	test	6783599	0	1			0		other	0
11	319	Picture	response	6794346	10747	1	3999	1	10700	25000	incorrect	756
11	319	Port Input	1	6798241	14641	1
11	319	Response	3	6798241	14641	1
11	441	Picture	resume	8008931	0	1	30823	1	0	next	other	0
11	441	Port Input	1	8038245	29314	1
11	441	Response	3	8038245	29314	1
11	442	Picture	ITI	8039754	0	1	10163	1	0	next	other	0
11	443	Picture	ITI	8049917	0	1	28157	1	0	next	other	0
11	444	Sound	test	8064938	0	1			0		other	0
11	444	Picture	response	8078074	13136	1	11329	1	13100	25000	incorrect	765
11	444	Port Input	2	8089230	24292	1
11	444	Response	4	8089230	24292	1
11	445	Picture	ITI	8090403	0	1	23492	1	0	next	other	0
11	446	Sound	test	8100674	0	1			0		other	0
11	446	Picture	response	8113895	13221	1	7831	1	13100	25000	incorrect	770
11	446	Port Input	1	8121620	20946	1
11	446	Response	3	8121620	20946	1
11	447	Picture	ITI	8122726	0	1	32322	1	0	next	other	0
11	448	Sound	test	8139917	0	1			0		other	0
11	448	Picture	response	8155048	15131	1	11996	1	15000	25000	incorrect	775
11	448	Port Input	2	8166889	26972	1
11	448	Response	4	8166889	26972	1
11	449	Picture	ITI	8167877	0	1	29323	1	0	next	other	0
11	450	Sound	test	8182108	0	1			0		other	0
11	450	Picture	response	8197200	15092	1	3499	1	15000	25000	incorrect	780
11	450	Port Input	2	8200539	18431	1
11	450	Response	4	8200539	18431	1
11	451	Picture	ITI	8201699	0	1	25325	1	0	next	other	0
11	452	Sound	test	8216840	0	1			0		other	0
11	452	Picture	response	8227023	10183	1	5165	1	10000	25000	incorrect	785
11	452	Port Input	1	8232107	15267	1
11	452	Response	3	8232107	15267	1
11	453	Picture	ITI	8233188	0	1	21493	1	0	next	other	0
11	454	Sound	test	8243839	0	1			0		other	0
11	454	Picture	response	8254680	10841	1	6831	1	10700	25000	incorrect	790
11	454	Port Input	1	8261405	17565	1
11	454	Response	3	8261405	17565	1
11	455	Picture	ITI	8262345	0	1	28657	1	0	next	other	0
11	456	Sound	test	8278716	0	1			0		other	0
11	456	Picture	response	8291001	12286	1	4165	1	12250	25000	incorrect	795
11	456	Port Input	1	8295044	16328	1
11	456	Response	3	8295044	16328	1
11	457	Picture	ITI	8296166	0	1	30823	1	0	next	other	0
11	458	Sound	test	8311918	0	1			0		other	0
11	458	Picture	response	8326989	15072	1	6831	1	15000	25000	incorrect	800
11	458	Port Input	2	8333733	21815	1
11	458	Response	4	8333733	21815	1
11	459	Picture	ITI	8334820	0	1	23992	1	0	next	other	0
11	460	Sound	test	8346401	0	1			0		other	0
11	460	Picture	response	8358812	12411	1	3832	1	12250	25000	incorrect	805
11	460	Port Input	1	8362583	16182	1
11	460	Response	3	8362583	16182	1
11	461	Picture	ITI	8363643	0	1	31989	1	0	next	other	0
11	462	Sound	test	8380525	0	1			0		other	0
11	462	Picture	response	8395632	15108	1	11496	1	15000	25000	incorrect	810
11	462	Port Input	2	8407051	26526	1
11	462	Response	4	8407051	26526	1
11	463	Picture	ITI	8408128	0	1	22992	1	0	next	other	0
11	464	Sound	test	8418759	0	1			0		other	0
11	464	Picture	response	8431120	12361	1	4332	1	12250	25000	incorrect	815
11	464	Port Input	1	8435307	16548	1
11	464	Response	3	8435307	16548	1
11	465	Picture	ITI	8436285	0	1	25824	1	0	next	other	0
11	466	Sound	test	8451966	0	1			0		other	0
11	466	Picture	response	8462110	10143	1	5332	1	10000	25000	incorrect	820
11	466	Port Input	1	8467260	15294	1
11	466	Response	3	8467260	15294	1
11	467	Picture	ITI	8468274	0	1	27491	1	0	next	other	0
11	468	Sound	test	8482635	0	1			0		other	0
11	468	Picture	response	8495765	13129	1	10663	1	13100	25000	incorrect	825
11	468	Port Input	1	8506355	23720	1
11	468	Response	3	8506355	23720	1
11	469	Picture	ITI	8507428	0	1	28324	1	0	next	other	0
11	470	Sound	test	8523469	0	1			0		other	0
11	470	Picture	response	8535751	12282	1	4498	1	12250	25000	incorrect	830
11	470	Port Input	2	8540172	16703	1
11	470	Response	4	8540172	16703	1
11	471	Picture	ITI	8541249	0	1	26824	1	0	next	other	0
11	472	Sound	test	8556491	0	1			0		other	0
11	472	Picture	response	8568073	11583	1	6998	1	11450	25000	incorrect	835
11	472	Port Input	2	8574915	18424	1
11	472	Response	4	8574915	18424	1
11	473	Picture	ITI	8576071	0	1	26824	1	0	next	other	0
11	474	Sound	test	8592072	0	1			0		other	0
11	474	Picture	response	8602895	10823	1	8331	1	10700	25000	incorrect	840
11	474	Port Input	1	8611178	19106	1
11	474	Response	3	8611178	19106	1
11	475	Picture	ITI	8612225	0	1	26658	1	0	next	other	0
11	476	Sound	test	8628096	0	1			0		other	0
11	476	Picture	response	8638883	10786	1	7331	1	10700	25000	incorrect	845
11	476	Port Input	1	8646171	18074	1
11	476	Response	3	8646171	18074	1
11	477	Picture	ITI	8647213	0	1	29157	1	0	next	other	0
11	478	Sound	test	8666244	0	1			0		other	0
11	478	Picture	response	8676370	10125	1	4832	1	10000	25000	incorrect	850
11	478	Port Input	1	8681018	14774	1
11	478	Response	3	8681018	14774	1
11	479	Picture	ITI	8682035	0	1	23492	1	0	next	other	0
11	480	Sound	test	8693116	0	1			0		other	0
11	480	Picture	response	8705527	12411	1	5998	1	12250	25000	incorrect	855
11	480	Port Input	1	8711388	18272	1
11	480	Response	3	8711388	18272	1
11	481	Picture	ITI	8712358	0	1	26158	1	0	next	other	0
11	482	Sound	test	8727669	0	1			0		other	0
11	482	Picture	response	8738515	10846	1	4998	1	10700	25000	incorrect	860
11	482	Port Input	1	8743320	15651	1
11	482	Response	3	8743320	15651	1
11	483	Picture	ITI	8744347	0	1	23659	1	0	next	other	0
11	484	Sound	test	8757978	0	1			0		other	0
11	484	Picture	response	8768005	10027	1	4832	1	10000	25000	incorrect	865
11	484	Port Input	1	8772680	14703	1
11	484	Response	3	8772680	14703	1
11	485	Picture	ITI	8773670	0	1	31822	1	0	next	other	0
11	486	Sound	test	8792291	0	1			0		other	0
11	486	Picture	response	8805492	13201	1	18993	1	13100	25000	incorrect	870
11	486	Port Input	1	8824342	32051	1
11	486	Response	3	8824342	32051	1
11	486A	Port Input	2	8825175	832	1
11	487	Picture	ITI	8825486	0	1	25825	1	0	next	other	0
11	488	Sound	test	8839687	0	1			0		other	0
11	488	Picture	response	8851310	11623	1	6831	1	11450	25000	incorrect	876
11	488	Port Input	1	8857982	18295	1
11	488	Response	3	8857982	18295	1
11	489	Picture	ITI	8858974	0	1	23659	1	0	next	other	0
11	490	Sound	test	8872495	0	1			0		other	0
11	490	Picture	response	8882633	10137	1	4832	1	10000	25000	incorrect	881
11	490	Port Input	1	8887331	14836	1
11	490	Response	3	8887331	14836	1
11	491	Picture	ITI	8888464	0	1	26658	1	0	next	other	0
11	492	Sound	test	8905006	0	1			0		other	0
11	492	Picture	response	8915122	10116	1	10996	1	10000	25000	incorrect	886
11	492	Port Input	1	8925937	20932	1
11	492	Response	3	8925937	20932	1
11	493	Picture	ITI	8926951	0	1	23825	1	0	next	other	0
11	494	Sound	test	8938352	0	1			0		other	0
11	494	Picture	response	8950776	12424	1	10663	1	12250	25000	incorrect	891
11	494	Port Input	2	8961399	23046	1
11	494	Response	4	8961399	23046	1
11	495	Picture	ITI	8962439	0	1	28990	1	0	next	other	0
11	496	Sound	test	8980610	0	1			0		other	0
11	496	Picture	response	8991429	10819	1	12829	1	10700	25000	incorrect	896
11	496	Port Input	2	9004096	23486	1
11	496	Response	4	9004096	23486	1
11	497	Picture	ITI	9005091	0	1	27324	1	0	next	other	0
11	498	Sound	test	9017312	0	1			0		other	0
11	498	Picture	response	9032415	15103	1	4832	1	15000	25000	incorrect	901
11	498	Port Input	2	9037100	19788	1
11	498	Response	4	9037100	19788	1
11	499	Picture	ITI	9038080	0	1	21326	1	0	next	other	0
11	500	Sound	test	9048621	0	1			0		other	0
11	500	Picture	response	9059406	10785	1	5831	1	10700	25000	incorrect	906
11	500	Port Input	1	9065118	16497	1
11	500	Response	3	9065118	16497	1
11	501	Picture	ITI	9066237	0	1	31989	1	0	next	other	0
11	502	Sound	test	9084178	0	1			0		other	0
11	502	Picture	response	9098226	14048	1	19660	1	14020	25000	incorrect	911
11	502	Port Input	2	9117706	33528	1
11	502	Response	4	9117706	33528	1
11	503	Picture	ITI	9118885	0	1	22992	1	0	next	other	0
11	504	Sound	test	9129467	0	1			0		other	0
11	504	Picture	response	9141877	12411	1	4998	1	12250	25000	incorrect	916
11	504	Port Input	2	9146816	17350	1
11	504	Response	4	9146816	17350	1
11	505	Picture	ITI	9147875	0	1	23825	1	0	next	other	0
11	506	Sound	test	9160167	0	1			0		other	0
11	506	Picture	response	9171701	11534	1	6664	1	11450	25000	incorrect	921
11	506	Port Input	1	9178321	18155	1
11	506	Response	3	9178321	18155	1
11	507	Picture	ITI	9179365	0	1	26491	1	0	next	other	0
11	508	Sound	test	9195076	0	1			0		other	0
11	508	Picture	response	9205856	10780	1	4832	1	10700	25000	incorrect	926
11	508	Port Input	1	9210566	15490	1
11	508	Response	3	9210566	15490	1
11	509	Picture	ITI	9211687	0	1	29323	1	0	next	other	0
11	510	Sound	test	9229418	0	1			0		other	0
11	510	Picture	response	9241010	11592	1	4332	1	11450	25000	incorrect	931
11	510	Port Input	1	9245236	15817	1
11	510	Response	3	9245236	15817	1
11	511	Picture	ITI	9246342	0	1	24825	1	0	next	other	0
11	512	Sound	test	9258863	0	1			0		other	0
11	512	Picture	response	9271167	12304	1	5498	1	12250	25000	incorrect	936
11	512	Port Input	1	9276543	17680	1
11	512	Response	3	9276543	17680	1
11	513	Picture	ITI	9277664	0	1	29157	1	0	next	other	0
11	514	Sound	test	9296696	0	1			0		other	0
11	514	Picture	response	9306821	10125	1	5498	1	10000	25000	incorrect	941
11	514	Port Input	1	9312254	15559	1
11	514	Response	3	9312254	15559	1
11	515	Picture	ITI	9313319	0	1	27324	1	0	next	other	0
11	516	Sound	test	9327500	0	1			0		other	0
11	516	Picture	response	9340643	13143	1	14995	1	13100	25000	incorrect	946
11	516	Port Input	1	9355462	27962	1
11	516	Response	3	9355462	27962	1
11	517	Picture	ITI	9356471	0	1	25491	1	0	next	other	0
11	518	Sound	test	9371912	0	1			0		other	0
11	518	Picture	response	9381962	10050	1	6498	1	10000	25000	incorrect	951
11	518	Port Input	1	9388331	16419	1
11	518	Response	3	9388331	16419	1
11	519	Picture	ITI	9389460	0	1	32822	1	0	next	other	0
11	520	Sound	test	9409121	0	1			0		other	0
11	520	Picture	response	9422282	13161	1	22992	1	13100	25000	incorrect	956
11	520	Port Input	2	9445209	36088	1
11	520	Response	4	9445209	36088	1
11	521	Picture	ITI	9446274	0	1	24658	1	0	next	other	0
11	522	Sound	test	9457705	0	1			0		other	0
11	522	Picture	response	9470932	13227	1	20160	1	13100	25000	incorrect	961
11	522	Port Input	2	9491050	33345	1
11	522	Response	4	9491050	33345	1
11	523	Picture	ITI	9492091	0	1	26658	1	0	next	other	0
11	524	Sound	test	9503612	0	1			0		other	0
11	524	Picture	response	9518749	15136	1	7997	1	15000	25000	incorrect	966
11	524	Port Input	2	9526564	22951	1
11	524	Response	4	9526564	22951	1
11	525	Picture	ITI	9527579	0	1	26991	1	0	next	other	0
11	526	Sound	test	9543820	0	1			0		other	0
11	526	Picture	response	9554570	10750	1	7331	1	10700	25000	incorrect	971
11	526	Port Input	1	9561838	18017	1
11	526	Response	3	9561838	18017	1
11	527	Picture	ITI	9562900	0	1	29490	1	0	next	other	0
11	528	Sound	test	9578222	0	1			0		other	0
11	528	Picture	response	9592390	14169	1	11496	1	14020	25000	incorrect	976
11	528	Port Input	2	9603723	25501	1
11	528	Response	4	9603723	25501	1
11	529	Picture	ITI	9604886	0	1	28823	1	0	next	other	0
11	530	Sound	test	9618677	0	1			0		other	0
11	530	Picture	response	9633710	15032	1	17661	1	15000	25000	incorrect	981
11	530	Port Input	2	9651251	32574	1
11	530	Response	4	9651251	32574	1
11	531	Picture	ITI	9652370	0	1	24825	1	0	next	other	0
11	532	Sound	test	9666451	0	1			0		other	0
11	532	Picture	response	9677195	10744	1	6498	1	10700	25000	incorrect	986
11	532	Port Input	1	9683527	17076	1
11	532	Response	3	9683527	17076	1
11	533	Picture	ITI	9684525	0	1	29157	1	0	next	other	0
11	534	Sound	test	9703617	0	1			0		other	0
11	534	Picture	response	9713682	10065	1	6664	1	10000	25000	incorrect	991
11	534	Port Input	1	9720248	16631	1
11	534	Response	3	9720248	16631	1
11	535	Picture	ITI	9721346	0	1	33155	1	0	next	other	0
11	536	Sound	test	9740318	0	1			0		other	0
11	536	Picture	response	9754502	14184	1	8664	1	14020	25000	incorrect	996
11	536	Port Input	2	9763070	22753	1
11	536	Response	4	9763070	22753	1
11	537	Picture	ITI	9764165	0	1	22326	1	0	next	other	0
11	538	Sound	test	9776396	0	1			0		other	0
11	538	Picture	response	9786491	10094	1	4665	1	10000	25000	incorrect	1001
11	538	Port Input	1	9790963	14566	1
11	538	Response	3	9790963	14566	1
11	539	Picture	ITI	9791989	0	1	28990	1	0	next	other	0
11	540	Sound	test	9809390	0	1			0		other	0
11	540	Picture	response	9820979	11589	1	14328	1	11450	25000	incorrect	1006
11	540	Port Input	1	9835149	25759	1
11	540	Response	3	9835149	25759	1
11	541	Picture	ITI	9836140	0	1	27491	1	0	next	other	0
11	542	Sound	test	9848482	0	1			0		other	0
11	542	Picture	response	9863631	15149	1	8830	1	15000	25000	incorrect	1011
11	542	Port Input	2	9872307	23826	1
11	542	Response	4	9872307	23826	1
11	543	Picture	ITI	9873461	0	1	32822	1	0	next	other	0
11	544	Sound	test	9891152	0	1			0		other	0
11	544	Picture	response	9906283	15131	1	5498	1	15000	25000	incorrect	1016
11	544	Port Input	2	9911684	20531	1
11	544	Response	4	9911684	20531	1
11	545	Picture	ITI	9912781	0	1	24992	1	0	next	other	0
11	546	Sound	test	9927602	0	1			0		other	0
11	546	Picture	response	9937772	10170	1	5665	1	10000	25000	incorrect	1021
11	546	Port Input	1	9943345	15743	1
11	546	Response	3	9943345	15743	1
11	547	Picture	ITI	9944437	0	1	28324	1	0	next	other	0
11	548	Sound	test	9957678	0	1			0		other	0
11	548	Picture	response	9972760	15082	1	4665	1	15000	25000	incorrect	1026
11	548	Port Input	2	9977276	19598	1
11	548	Response	4	9977276	19598	1
11	549	Picture	ITI	9978259	0	1	27324	1	0	next	other	0
11	550	Sound	test	9993200	0	1			0		other	0
11	550	Picture	response	10005583	12383	1	9830	1	12250	25000	incorrect	1031
11	550	Port Input	1	10015278	22078	1
11	550	Response	3	10015278	22078	1
11	551	Picture	ITI	10016246	0	1	22326	1	0	next	other	0
11	552	Sound	test	10027837	0	1			0		other	0
11	552	Picture	response	10038571	10734	1	7831	1	10700	25000	incorrect	1036
11	552	Port Input	1	10046252	18415	1
11	552	Response	3	10046252	18415	1
11	553	Picture	ITI	10047235	0	1	23492	1	0	next	other	0
11	554	Sound	test	10059106	0	1			0		other	0
11	554	Picture	response	10070727	11621	1	10330	1	11450	25000	incorrect	1041
11	554	Port Input	1	10080859	21753	1
11	554	Response	3	10080859	21753	1
11	555	Picture	ITI	10081890	0	1	28990	1	0	next	other	0
11	556	Sound	test	10097611	0	1			0		other	0
11	556	Picture	response	10110880	13269	1	7497	1	13100	25000	incorrect	1046
11	556	Port Input	1	10118174	20563	1
11	556	Response	3	10118174	20563	1
11	557	Picture	ITI	10119210	0	1	27824	1	0	next	other	0
11	558	Sound	test	10132952	0	1			0		other	0
11	558	Picture	response	10147034	14083	1	9330	1	14020	25000	incorrect	1051
11	558	Port Input	2	10156228	23276	1
11	558	Response	4	10156228	23276	1
11	559	Picture	ITI	10157364	0	1	24991	1	0	next	other	0
11	560	Sound	test	10172325	0	1			0		other	0
11	560	Picture	response	10182355	10030	1	6998	1	10000	25000	incorrect	1056
11	560	Port Input	1	10189305	16980	1
11	560	Response	3	10189305	16980	1
11	561	Picture	ITI	10190353	0	1	31823	1	0	next	other	0
11	562	Sound	test	10207034	0	1			0		other	0
11	562	Picture	response	10222175	15141	1	4498	1	15000	25000	incorrect	1061
11	562	Port Input	2	10226495	19461	1
11	562	Response	4	10226495	19461	1
11	563	Picture	ITI	10227673	0	1	25325	1	0	next	other	0
11	564	Sound	test	10242915	0	1			0		other	0
11	564	Picture	response	10252998	10083	1	5165	1	10000	25000	incorrect	1066
11	564	Port Input	1	10258052	15137	1
11	564	Response	3	10258052	15137	1
11	565	Picture	ITI	10259163	0	1	28824	1	0	next	other	0
11	566	Sound	test	10273864	0	1			0		other	0
11	566	Picture	response	10287986	14122	1	11163	1	14020	25000	incorrect	1071
11	566	Port Input	2	10299084	25220	1
11	566	Response	4	10299084	25220	1
11	567	Picture	ITI	10300149	0	1	34988	1	0	next	other	0
11	568	Sound	test	10320000	0	1			0		other	0
11	568	Picture	response	10335137	15137	1	6831	1	15000	25000	incorrect	1076
11	568	Port Input	2	10341854	21854	1
11	568	Response	4	10341854	21854	1
11	569	Picture	ITI	10342967	0	1	23825	1	0	next	other	0
11	570	Sound	test	10353559	0	1			0		other	0
11	570	Picture	response	10366792	13234	1	5165	1	13100	25000	incorrect	1081
11	570	Port Input	1	10371797	18239	1
11	570	Response	3	10371797	18239	1
11	571	Picture	ITI	10372957	0	1	21826	1	0	next	other	0
11	572	Sound	test	10384678	0	1			0		other	0
11	572	Picture	response	10394783	10105	1	7664	1	10000	25000	incorrect	1086
11	572	Port Input	1	10402251	17572	1
11	572	Response	3	10402251	17572	1
11	573	Picture	ITI	10403280	0	1	24991	1	0	next	other	0
11	574	Sound	test	10417431	0	1			0		other	0
11	574	Picture	response	10428271	10840	1	14828	1	10700	25000	incorrect	1091
11	574	Port Input	1	10442991	25560	1
11	574	Response	3	10442991	25560	1
11	575	Picture	ITI	10444099	0	1	25825	1	0	next	other	0
11	576	Sound	test	10455771	0	1			0		other	0
11	576	Picture	response	10469924	14153	1	13329	1	14020	25000	incorrect	1096
11	576	Port Input	2	10483075	27304	1
11	576	Response	4	10483075	27304	1
11	577	Picture	ITI	10484086	0	1	26491	1	0	next	other	0
11	578	Sound	test	10498247	0	1			0		other	0
11	578	Picture	response	10510577	12330	1	12662	1	12250	25000	incorrect	1101
11	578	Port Input	1	10523055	24808	1
11	578	Response	3	10523055	24808	1
11	579	Picture	ITI	10524072	0	1	32822	1	0	next	other	0
11	580	Sound	test	10542783	0	1			0		other	0
11	580	Picture	response	10556894	14111	1	13662	1	14020	25000	incorrect	1106
11	580	Port Input	2	10570354	27571	1
11	580	Response	4	10570354	27571	1
11	581	Picture	ITI	10571389	0	1	29657	1	0	next	other	0
11	582	Sound	test	10585871	0	1			0		other	0
11	582	Picture	response	10601046	15175	1	7997	1	15000	25000	incorrect	1111
11	582	Port Input	1	10608877	23006	1
11	582	Response	3	10608877	23006	1
11	583	Picture	ITI	10609876	0	1	23825	1	0	next	other	0
11	584	Sound	test	10622157	0	1			0		other	0
11	584	Picture	response	10633701	11544	1	6331	1	11450	25000	incorrect	1116
11	584	Port Input	1	10639976	17818	1
11	584	Response	3	10639976	17818	1
11	585	Picture	ITI	10641032	0	1	21826	1	0	next	other	0
11	586	Sound	test	10651263	0	1			0		other	0
11	586	Picture	response	10662858	11595	1	7664	1	11450	25000	incorrect	1121
11	586	Port Input	2	10670346	19082	1
11	586	Response	4	10670346	19082	1
11	587	Picture	ITI	10671355	0	1	23492	1	0	next	other	0
11	588	Sound	test	10684656	0	1			0		other	0
11	588	Picture	response	10694847	10191	1	13662	1	10000	25000	incorrect	1126
11	588	Port Input	1	10708441	23785	1
11	588	Response	3	10708441	23785	1
11	589	Picture	ITI	10709509	0	1	24325	1	0	next	other	0
11	590	Sound	test	10722250	0	1			0		other	0
11	590	Picture	response	10733834	11584	1	5998	1	11450	25000	incorrect	1131
11	590	Port Input	1	10739790	17540	1
11	590	Response	3	10739790	17540	1
11	591	Picture	ITI	10740831	0	1	27324	1	0	next	other	0
11	592	Sound	test	10754013	0	1			0		other	0
11	592	Picture	response	10768155	14143	1	4165	1	14020	25000	incorrect	1136
11	592	Port Input	1	10772118	18105	1
11	592	Response	3	10772118	18105	1
11	593	Picture	ITI	10773154	0	1	32656	1	0	next	other	0
11	594	Sound	test	10792666	0	1			0		other	0
11	594	Picture	response	10805809	13144	1	15828	1	13100	25000	incorrect	1141
11	594	Port Input	2	10821437	28771	1
11	594	Response	4	10821437	28771	1
11	595	Picture	ITI	10822470	0	1	32489	1	0	next	other	0
11	596	Sound	test	10839791	0	1			0		other	0
11	596	Picture	response	10854959	15168	1	15161	1	15000	25000	incorrect	1146
11	596	Port Input	1	10869923	30132	1
11	596	Response	3	10869923	30132	1
11	597	Picture	ITI	10870954	0	1	31156	1	0	next	other	0
11	598	Sound	test	10889785	0	1			0		other	0
11	598	Picture	response	10902110	12325	1	24325	1	12250	25000	incorrect	1151
11	598	Port Input	1	10926280	36495	1
11	598	Response	3	10926280	36495	1
11	599	Picture	ITI	10927268	0	1	25658	1	0	next	other	0
11	600	Sound	test	10939749	0	1			0		other	0
11	600	Picture	response	10952926	13177	1	5165	1	13100	25000	incorrect	1156
11	600	Port Input	2	10958025	18276	1
11	600	Response	4	10958025	18276	1
11	601	Picture	ITI	10959090	0	1	29490	1	0	next	other	0
11	602	Sound	test	10978501	0	1			0		other	0
11	602	Picture	response	10988580	10079	1	9330	1	10000	25000	incorrect	1161
11	602	Port Input	1	10997796	19295	1
11	602	Response	3	10997796	19295	1
11	603	Picture	ITI	10998910	0	1	27491	1	0	next	other	0
11	604	Sound	test	11015561	0	1			0		other	0
11	604	Picture	response	11026401	10839	1	3999	1	10700	25000	incorrect	1166
11	604	Port Input	1	11030228	14667	1
11	604	Response	3	11030228	14667	1
11	605	Picture	ITI	11031232	0	1	27657	1	0	next	other	0
11	606	Sound	test	11048823	0	1			0		other	0
11	606	Picture	response	11058889	10066	1	7997	1	10000	25000	incorrect	1171
11	606	Port Input	1	11066814	17990	1
11	606	Response	3	11066814	17990	1
11	607	Picture	ITI	11067886	0	1	26658	1	0	next	other	0
11	608	Sound	test	11082988	0	1			0		other	0
11	608	Picture	response	11094544	11556	1	19827	1	11450	25000	incorrect	1176
11	608	Port Input	2	11114280	31292	1
11	608	Response	4	11114280	31292	1
11	609	Picture	ITI	11115370	0	1	28490	1	0	next	other	0
11	610	Sound	test	11129711	0	1			0		other	0
11	610	Picture	response	11143860	14149	1	5831	1	14020	25000	incorrect	1181
11	610	Port Input	1	11149564	19853	1
11	610	Response	3	11149564	19853	1
11	611	Picture	ITI	11150525	0	1	26158	1	0	next	other	0
11	612	Sound	test	11166636	0	1			0		other	0
11	612	Picture	response	11176683	10047	1	4332	1	10000	25000	incorrect	1186
11	612	Port Input	1	11180934	14298	1
11	612	Response	3	11180934	14298	1
11	613	Picture	ITI	11182014	0	1	31656	1	0	next	other	0
11	614	Sound	test	11201395	0	1			0		other	0
11	614	Picture	response	11213670	12275	1	4998	1	12250	25000	incorrect	1191
11	614	Port Input	1	11218519	17124	1
11	614	Response	3	11218519	17124	1
11	615	Picture	ITI	11219668	0	1	29323	1	0	next	other	0
11	616	Sound	test	11235839	0	1			0		other	0
11	616	Picture	response	11248991	13152	1	4332	1	13100	25000	incorrect	1196
11	616	Port Input	1	11253241	17402	1
11	616	Response	3	11253241	17402	1
11	617	Picture	ITI	11254323	0	1	28157	1	0	next	other	0
11	618	Sound	test	11267324	0	1			0		other	0
11	618	Picture	response	11282480	15156	1	5998	1	15000	25000	incorrect	1201
11	618	Port Input	2	11288432	21108	1
11	618	Response	4	11288432	21108	1
11	619	Picture	ITI	11289477	0	1	26991	1	0	next	other	0
11	620	Sound	test	11302379	0	1			0		other	0
11	620	Picture	response	11316468	14089	1	6498	1	14020	25000	incorrect	1206
11	620	Port Input	1	11322821	20443	1
11	620	Response	3	11322821	20443	1
11	621	Picture	ITI	11323799	0	1	30989	1	0	next	other	0
11	622	Sound	test	11339730	0	1			0		other	0
11	622	Picture	response	11354788	15058	1	5165	1	15000	25000	incorrect	1211
11	622	Port Input	2	11359844	20114	1
11	622	Response	4	11359844	20114	1
11	623	Picture	ITI	11360953	0	1	30490	1	0	next	other	0
11	624	Sound	test	11379834	0	1			0		other	0
11	624	Picture	response	11391443	11608	1	6831	1	11450	25000	incorrect	1216
11	624	Port Input	1	11398148	18314	1
11	624	Response	3	11398148	18314	1
11	625	Picture	ITI	11399107	0	1	30989	1	0	next	other	0
11	626	Sound	test	11414988	0	1			0		other	0
11	626	Picture	response	11430096	15108	1	6165	1	15000	25000	incorrect	1221
11	626	Port Input	1	11436129	21141	1
11	626	Response	3	11436129	21141	1
11	627	Picture	ITI	11437260	0	1	30156	1	0	next	other	0
11	628	Sound	test	11455942	0	1			0		other	0
11	628	Picture	response	11467417	11475	1	10996	1	11450	25000	incorrect	1226
11	628	Port Input	2	11478327	22385	1
11	628	Response	4	11478327	22385	1
11	629	Picture	ITI	11479413	0	1	25991	1	0	next	other	0
11	630	Sound	test	11493824	0	1			0		other	0
11	630	Picture	response	11505404	11580	1	11996	1	11450	25000	incorrect	1231
11	630	Port Input	1	11517297	23473	1
11	630	Response	3	11517297	23473	1
11	631	Picture	ITI	11518399	0	1	25158	1	0	next	other	0
11	632	Sound	test	11531280	0	1			0		other	0
11	632	Picture	response	11543557	12277	1	16161	1	12250	25000	incorrect	1236
11	632	Port Input	2	11559661	28381	1
11	632	Response	4	11559661	28381	1
11	633	Picture	ITI	11560718	0	1	23992	1	0	next	other	0
11	634	Sound	test	11573219	0	1			0		other	0
11	634	Picture	response	11584710	11490	1	7997	1	11450	25000	incorrect	1241
11	634	Port Input	1	11592540	19321	1
11	634	Response	3	11592540	19321	1
11	635	Picture	ITI	11593540	0	1	29657	1	0	next	other	0
11	636	Sound	test	11612321	0	1			0		other	0
11	636	Picture	response	11623197	10875	1	6998	1	10700	25000	incorrect	1246
11	636	Port Input	2	11630105	17783	1
11	636	Response	4	11630105	17783	1
11	637	Picture	ITI	11631194	0	1	27491	1	0	next	other	0
11	638	Sound	test	11644495	0	1			0		other	0
11	638	Picture	response	11658685	14189	1	5665	1	14020	25000	incorrect	1251
11	638	Port Input	2	11664296	19801	1
11	638	Response	4	11664296	19801	1
11	639	Picture	ITI	11665349	0	1	33155	1	0	next	other	0
11	640	Sound	test	11683320	0	1			0		other	0
11	640	Picture	response	11698504	15184	1	5165	1	15000	25000	incorrect	1256
11	640	Port Input	2	11703495	20175	1
11	640	Response	4	11703495	20175	1
11	641	Picture	ITI	11704502	0	1	30490	1	0	next	other	0
11	642	Sound	test	11720934	0	1			0		other	0
11	642	Picture	response	11734992	14058	1	25158	1	14020	25000	miss	0
11	643	Picture	ITI	11760317	0	1	32822	1	0	next	other	0
11	643	Port Input	2	11761081	765	1
11	643	Response	4	11761081	765	1
11	643	Port Input	2	11767921	7605	1
11	643	Response	4	11767921	7605	1
11	643	Port Input	2	11775189	14872	1
11	643	Response	4	11775189	14872	1
11	644	Sound	test	11779858	0	1			0		other	0
11	644	Picture	response	11793139	13281	1	12996	1	13100	25000	incorrect	1270
11	644	Port Input	2	11806079	26222	1
11	644	Response	4	11806079	26222	1
11	645	Picture	ITI	11807134	0	1	25991	1	0	next	other	0
11	646	Sound	test	11819975	0	1			0		other	0
11	646	Picture	response	11833125	13150	1	6664	1	13100	25000	incorrect	1275
11	646	Port Input	2	11839636	19660	1
11	646	Response	4	11839636	19660	1
11	647	Picture	ITI	11840622	0	1	21159	1	0	next	other	0
11	648	Sound	test	11851694	0	1			0		other	0
11	648	Picture	response	11861782	10088	1	6831	1	10000	25000	incorrect	1280
11	648	Port Input	1	11868434	16740	1
11	648	Response	3	11868434	16740	1
11	649	Picture	ITI	11869446	0	1	24325	1	0	next	other	0
11	650	Sound	test	11882907	0	1			0		other	0
11	650	Picture	response	11893771	10864	1	4665	1	10700	25000	incorrect	1285
11	650	Port Input	1	11898252	15345	1
11	650	Response	3	11898252	15345	1
11	651	Picture	ITI	11899269	0	1	23325	1	0	next	other	0
11	652	Sound	test	11910970	0	1			0		other	0
11	652	Picture	response	11922594	11624	1	16161	1	11450	25000	incorrect	1290
11	652	Port Input	1	11938659	27688	1
11	652	Response	3	11938659	27688	1
11	653	Picture	ITI	11939589	0	1	24325	1	0	next	other	0
11	654	Sound	test	11953130	0	1			0		other	0
11	654	Picture	response	11963914	10784	1	25158	1	10700	25000	miss	0
11	655	Picture	ITI	11989238	0	1	33155	1	0	next	other	0
11	655	Port Input	1	12000774	11535	1
11	655	Response	3	12000774	11535	1
11	656	Sound	test	12007210	0	1			0		other	0
11	656	Port Input	1	12009030	1820	1
11	656	Picture	response	12022394	15184	1	13495	1	15000	25000	incorrect	1301
11	656	Port Input	1	12035787	28578	1
11	656	Response	3	12035787	28578	1
11	657	Picture	ITI	12036889	0	1	25658	1	0	next	other	0
11	658	Sound	test	12050140	0	1			0		other	0
11	658	Picture	response	12062547	12407	1	4498	1	12250	25000	incorrect	1306
11	658	Port Input	1	12066897	16757	1
11	658	Response	3	12066897	16757	1
11	659	Picture	ITI	12068045	0	1	34821	1	0	next	other	0
11	660	Sound	test	12087696	0	1			0		other	0
11	660	Picture	response	12102866	15170	1	6165	1	15000	25000	incorrect	1311
11	660	Port Input	2	12108824	21128	1
11	660	Response	4	12108824	21128	1
11	661	Picture	ITI	12109864	0	1	31489	1	0	next	other	0
11	662	Sound	test	12128155	0	1			0		other	0
11	662	Picture	response	12141353	13198	1	6331	1	13100	25000	incorrect	1316
11	662	Port Input	1	12147638	19483	1
11	662	Response	3	12147638	19483	1
11	663	Picture	ITI	12148684	0	1	24492	1	0	next	other	0
11	664	Sound	test	12163005	0	1			0		other	0
11	664	Picture	response	12173176	10170	1	25158	1	10000	25000	miss	0
11	665	Picture	ITI	12198500	0	1	29657	1	0	next	other	0
11	666	Sound	test	12213961	0	1			0		other	0
11	666	Picture	response	12228157	14195	1	9497	1	14020	25000	incorrect	1324
11	666	Port Input	1	12237499	23538	1
11	666	Response	3	12237499	23538	1
11	667	Picture	ITI	12238653	0	1	30656	1	0	next	other	0
11	668	Sound	test	12255134	0	1			0		other	0
11	668	Picture	response	12269309	14175	1	6664	1	14020	25000	incorrect	1329
11	668	Port Input	1	12275803	20668	1
11	668	Response	3	12275803	20668	1
11	669	Picture	ITI	12276807	0	1	24325	1	0	next	other	0
11	670	Sound	test	12286988	0	1			0		other	0
11	670	Picture	response	12301132	14144	1	13162	1	14020	25000	incorrect	1334
11	670	Port Input	1	12314179	27191	1
11	670	Response	3	12314179	27191	1
11	671	Picture	ITI	12315294	0	1	27324	1	0	next	other	0
11	672	Sound	test	12330235	0	1			0		other	0
11	672	Picture	response	12342618	12383	1	23159	1	12250	25000	incorrect	1339
11	672	Port Input	1	12365716	35481	1
11	672	Response	3	12365716	35481	1
11	673	Picture	ITI	12366776	0	1	20160	1	0	next	other	0
11	674	Picture	Instruction	12386936	0	1	1849474	1	0	next	other	0
11	674	Quit		14230678	1843742	NA


{
   "app": "Presentation Version 20.2 Build 07.25.18",
   "device": "LENOVO 10A8S1PC00",
   "experiment": "{772213B2-5F0F-4A35-9C2F-36954700C7EA}",
   "os": "Windows 7 64 bit",
   "package": "",
   "parameters": {
      "configuration": "Default configuration"
   },
   "scenario": "Timing Task with Dynanometer.sce",
   "subject": "11",
   "timestamp": "2019/03/09 01:10:25 GMT"
}
