Scenario - Timing Task
Logfile written - 03/08/2019 12:23:03

Subject	Trial	Event Type	Code	Time	TTime	Uncertainty	Duration	Uncertainty	ReqTime	ReqDur	Stim Type	Pair Index

12	1	Picture	Instruction	500	0	1	16494	1	0	next	other	0
12	1	Response	1	11810	11311	0
12	2	Picture	ITI	16994	0	1	10496	1	0	next	other	0
12	3	Sound	Stimuli	27005	0	403			0		other	0
12	4	Picture	Feedback	57314	0	1	20160	1	0	next	other	0
12	5	Picture	ITI	77473	0	1	10163	1	0	next	other	0
12	6	Sound	Stimuli	87475	0	1			0		other	0
12	7	Picture	Feedback	122625	0	1	20160	1	0	next	other	0
12	8	Picture	ITI	142784	0	1	10163	1	0	next	other	0
12	9	Sound	Stimuli	152786	0	1			0		other	0
12	10	Picture	Feedback	182937	0	1	20160	1	0	next	other	0
12	11	Picture	ITI	203097	0	1	10163	1	0	next	other	0
12	12	Sound	Stimuli	213098	0	1			0		other	0
12	13	Picture	Feedback	248248	0	1	20160	1	0	next	other	0
12	14	Picture	ITI	268408	0	1	10163	1	0	next	other	0
12	15	Sound	Stimuli	278409	0	1			0		other	0
12	16	Picture	Feedback	308561	0	1	20160	1	0	next	other	0
12	17	Picture	ITI	328721	0	1	10163	1	0	next	other	0
12	18	Sound	Stimuli	338722	0	1			0		other	0
12	19	Picture	Feedback	373705	0	1	20160	1	0	next	other	0
12	20	Picture	ITI	393865	0	1	10163	1	0	next	other	0
12	21	Sound	Stimuli	403867	0	1			0		other	0
12	22	Picture	Feedback	434018	0	1	20160	1	0	next	other	0
12	23	Picture	ITI	454178	0	1	10163	1	0	next	other	0
12	24	Sound	Stimuli	464179	0	1			0		other	0
12	25	Picture	Feedback	499329	0	1	20160	1	0	next	other	0
12	26	Picture	ITI	519489	0	1	10163	1	0	next	other	0
12	27	Sound	Stimuli	529490	0	1			0		other	0
12	28	Picture	Feedback	559642	0	1	20160	1	0	next	other	0
12	29	Picture	ITI	579802	0	1	10163	1	0	next	other	0
12	30	Sound	Stimuli	589803	0	1			0		other	0
12	31	Picture	Feedback	624953	0	1	20326	1	0	next	other	0
12	32	Picture	End_Block	645279	0	1	40320	1	0	next	other	0
12	32	Response	1	685562	40283	0
12	33	Picture	ITI	685599	0	1	10163	1	0	next	other	0
12	34	Picture	Break	695762	0	1	14828	1	0	next	other	0
12	34	Response	1	710442	14679	0
12	35	Picture	ITI	710590	0	1	10163	1	0	next	other	0
12	36	Picture	Instruction	720754	0	1	51816	1	0	next	other	0
12	36	Response	1	767401	46648	1
12	37	Picture	ITI	772569	0	1	21659	1	0	next	other	0
12	38	Sound	Practice	784111	0	1			0		other	0
12	38	Picture	response	794229	10118	1	6331	1	10000	25000	hit	45
12	38	Port Input	2	800508	16397	1
12	38	Response	4	800508	16397	1
12	39	Picture	ITI	810556	0	1	32489	1	0	next	other	0
12	40	Sound	Practice	827958	0	1			0		other	0
12	40	Picture	response	843045	15087	1	3999	1	15000	25000	hit	50
12	40	Port Input	1	846849	18891	1
12	40	Response	3	846849	18891	1
12	41	Picture	ITI	857040	0	1	22659	1	0	next	other	0
12	42	Sound	Practice	869672	0	1			0		other	0
12	42	Picture	response	879699	10028	1	5165	1	10000	25000	hit	55
12	42	Port Input	2	884810	15138	1
12	42	Response	4	884810	15138	1
12	43	Picture	ITI	894861	0	1	30490	1	0	next	other	0
12	44	Sound	Practice	910202	0	1			0		other	0
12	44	Picture	response	925350	15148	1	6165	1	15000	25000	hit	60
12	44	Port Input	1	931359	21157	1
12	44	Response	3	931359	21157	1
12	45	Picture	ITI	941512	0	1	20326	1	0	next	other	0
12	46	Sound	Practice	951653	0	1			0		other	0
12	46	Picture	response	961838	10185	1	5831	1	10000	25000	hit	65
12	46	Port Input	2	967623	15970	1
12	46	Response	4	967623	15970	1
12	47	Picture	ITI	977666	0	1	29323	1	0	next	other	0
12	48	Sound	Practice	996858	0	1			0		other	0
12	48	Picture	response	1006989	10132	1	6331	1	10000	25000	hit	70
12	48	Port Input	2	1013183	16326	1
12	48	Response	4	1013183	16326	1
12	49	Picture	ITI	1023317	0	1	29157	1	0	next	other	0
12	50	Sound	Practice	1042328	0	1			0		other	0
12	50	Picture	response	1052474	10145	1	5332	1	10000	25000	hit	75
12	50	Port Input	2	1057755	15426	1
12	50	Response	4	1057755	15426	1
12	51	Picture	ITI	1067802	0	1	20493	1	0	next	other	0
12	52	Sound	Practice	1078133	0	1			0		other	0
12	52	Picture	response	1088295	10162	1	6331	1	10000	25000	hit	80
12	52	Port Input	2	1094497	16364	1
12	52	Response	4	1094497	16364	1
12	53	Picture	ITI	1104623	0	1	34655	1	0	next	other	0
12	54	Sound	Practice	1124194	0	1			0		other	0
12	54	Picture	response	1139277	15083	1	3832	1	15000	25000	hit	85
12	54	Port Input	1	1142973	18779	1
12	54	Response	3	1142973	18779	1
12	55	Picture	ITI	1153106	0	1	21493	1	0	next	other	0
12	56	Sound	Practice	1164478	0	2			0		other	0
12	56	Picture	response	1174599	10120	1	4832	1	10000	25000	hit	90
12	56	Port Input	2	1179330	14851	1
12	56	Response	4	1179330	14851	1
12	57	Picture	ITI	1189427	0	1	27990	1	0	next	other	0
12	58	Sound	Practice	1202268	0	1			0		other	0
12	58	Picture	response	1217417	15149	1	3499	1	15000	25000	hit	95
12	58	Port Input	1	1220809	18541	1
12	58	Response	3	1220809	18541	1
12	59	Picture	ITI	1230913	0	1	31156	1	0	next	other	0
12	60	Sound	Practice	1246975	0	2			0		other	0
12	60	Picture	response	1262069	15094	1	4332	1	15000	25000	hit	100
12	60	Port Input	1	1266349	19374	1
12	60	Response	3	1266349	19374	1
12	61	Picture	ITI	1276397	0	1	29490	1	0	next	other	0
12	62	Sound	Practice	1295849	0	1			0		other	0
12	62	Picture	response	1305887	10039	1	5165	1	10000	25000	hit	105
12	62	Port Input	2	1310952	15103	1
12	62	Response	4	1310952	15103	1
12	63	Picture	ITI	1321049	0	1	33655	1	0	next	other	0
12	64	Sound	Practice	1339580	0	1			0		other	0
12	64	Picture	response	1354704	15124	1	4165	1	15000	25000	hit	110
12	64	Port Input	1	1358772	19192	1
12	64	Response	3	1358772	19192	1
12	65	Picture	ITI	1368866	0	1	20160	1	0	next	other	0
12	66	Sound	Practice	1378887	0	1			0		other	0
12	66	Picture	response	1389025	10138	1	4665	1	10000	25000	hit	115
12	66	Port Input	2	1393608	14721	1
12	66	Response	4	1393608	14721	1
12	67	Picture	ITI	1403687	0	1	25325	1	0	next	other	0
12	68	Sound	Practice	1418898	0	1			0		other	0
12	68	Picture	response	1429012	10113	1	4998	1	10000	25000	hit	120
12	68	Port Input	2	1433932	15034	1
12	68	Response	4	1433932	15034	1
12	69	Picture	ITI	1444007	0	1	30656	1	0	next	other	0
12	70	Sound	Practice	1459528	0	1			0		other	0
12	70	Picture	response	1474663	15135	1	4165	1	15000	25000	hit	125
12	70	Port Input	1	1478712	19184	1
12	70	Response	3	1478712	19184	1
12	71	Picture	ITI	1488825	0	1	29990	1	0	next	other	0
12	72	Sound	Practice	1503676	0	1			0		other	0
12	72	Picture	response	1518814	15138	1	5498	1	15000	25000	hit	130
12	72	Port Input	1	1524148	20472	1
12	72	Response	3	1524148	20472	1
12	73	Picture	ITI	1534309	0	1	32822	1	0	next	other	0
12	74	Sound	Practice	1551991	0	1			0		other	0
12	74	Picture	response	1567131	15141	1	3166	1	15000	25000	hit	135
12	74	Port Input	1	1570198	18207	1
12	74	Response	3	1570198	18207	1
12	75	Picture	ITI	1580293	0	1	21659	1	0	next	other	0
12	76	Sound	Practice	1591895	0	1			0		other	0
12	76	Picture	response	1601953	10058	1	5831	1	10000	25000	hit	140
12	76	Port Input	2	1607616	15722	1
12	76	Response	4	1607616	15722	1
12	77	Picture	ITI	1617781	0	1	32822	1	0	next	other	0
12	78	Sound	Practice	1635432	0	1			0		other	0
12	78	Picture	response	1650603	15171	1	3666	1	15000	25000	hit	145
12	78	Port Input	1	1654198	18766	1
12	78	Response	3	1654198	18766	1
12	79	Picture	ITI	1664265	0	1	25325	1	0	next	other	0
12	80	Sound	Practice	1674466	0	1			0		other	0
12	80	Picture	response	1689589	15123	1	3999	1	15000	25000	hit	150
12	80	Port Input	1	1693449	18983	1
12	80	Response	3	1693449	18983	1
12	81	Picture	ITI	1703585	0	1	26491	1	0	next	other	0
12	82	Sound	Practice	1714936	0	1			0		other	0
12	82	Picture	response	1730076	15139	1	3332	1	15000	25000	hit	155
12	82	Port Input	1	1733335	18399	1
12	82	Response	3	1733335	18399	1
12	83	Picture	ITI	1743404	0	1	21326	1	0	next	other	0
12	84	Sound	Practice	1754566	0	1			0		other	0
12	84	Picture	response	1764730	10165	1	4665	1	10000	25000	hit	160
12	84	Port Input	2	1769317	14752	1
12	84	Response	4	1769317	14752	1
12	85	Picture	ITI	1779392	0	1	28157	1	0	next	other	0
12	86	Sound	Practice	1792493	0	1			0		other	0
12	86	Picture	response	1807549	15056	1	3332	1	15000	25000	hit	165
12	86	Port Input	1	1810734	18241	1
12	86	Response	3	1810734	18241	1
12	87	Picture	Break	1820878	0	1	11329	1	0	next	other	0
12	87	Response	1	1832108	11230	0
12	88	Picture	Instruction	1832207	0	1	24158	1	0	next	other	0
12	88	Response	1	1856267	24060	0
12	89	Picture	ITI	1856366	0	1	15161	1	0	next	other	0
12	90	Picture	ITI	1871527	0	1	23659	1	0	next	other	0
12	91	Sound	test	1885018	0	1			0		other	0
12	91	Picture	response	1895186	10167	1	4332	1	10000	25000	incorrect	175
12	91	Port Input	2	1899440	14422	1
12	91	Response	4	1899440	14422	1
12	92	Picture	ITI	1900517	0	1	27657	1	0	next	other	0
12	93	Sound	test	1914979	0	1			0		other	0
12	93	Picture	response	1928175	13196	1	3166	1	13100	25000	incorrect	180
12	93	Port Input	1	1931299	16321	1
12	93	Response	3	1931299	16321	1
12	94	Picture	ITI	1932340	0	1	29657	1	0	next	other	0
12	95	Sound	test	1948781	0	1			0		other	0
12	95	Picture	response	1961996	13215	1	3499	1	13100	25000	incorrect	185
12	95	Port Input	1	1965366	16585	1
12	95	Response	3	1965366	16585	1
12	96	Picture	ITI	1966495	0	1	28324	1	0	next	other	0
12	97	Sound	test	1983196	0	1			0		other	0
12	97	Picture	response	1994818	11622	1	5665	1	11450	25000	incorrect	190
12	97	Port Input	2	2000421	17225	1
12	97	Response	4	2000421	17225	1
12	98	Picture	ITI	2001483	0	1	22992	1	0	next	other	0
12	99	Sound	test	2014304	0	1			0		other	0
12	99	Picture	response	2024475	10171	1	5665	1	10000	25000	incorrect	195
12	99	Port Input	2	2030063	15759	1
12	99	Response	4	2030063	15759	1
12	100	Picture	ITI	2031139	0	1	33322	1	0	next	other	0
12	101	Sound	test	2050391	0	1			0		other	0
12	101	Picture	response	2064461	14071	1	3665	1	14020	25000	incorrect	200
12	101	Port Input	1	2068002	17611	1
12	101	Response	3	2068002	17611	1
12	102	Picture	ITI	2069126	0	1	26658	1	0	next	other	0
12	103	Sound	test	2083378	0	1			0		other	0
12	103	Picture	response	2095784	12406	1	19493	1	12250	25000	incorrect	205
12	103	Port Input	2	2115177	31799	1
12	103	Response	4	2115177	31799	1
12	104	Picture	ITI	2116277	0	1	27824	1	0	next	other	0
12	105	Sound	test	2132478	0	1			0		other	0
12	105	Picture	response	2144101	11623	1	5498	1	11450	25000	incorrect	210
12	105	Port Input	2	2149441	16962	1
12	105	Response	4	2149441	16962	1
12	106	Picture	ITI	2150599	0	1	23825	1	0	next	other	0
12	107	Sound	test	2164390	0	1			0		other	0
12	107	Picture	response	2174424	10034	1	4832	1	10000	25000	incorrect	215
12	107	Port Input	2	2179145	14755	1
12	107	Response	4	2179145	14755	1
12	108	Picture	ITI	2180255	0	1	23992	1	0	next	other	0
12	109	Sound	test	2193476	0	1			0		other	0
12	109	Picture	response	2204247	10771	1	5332	1	10700	25000	incorrect	220
12	109	Port Input	2	2209463	15987	1
12	109	Response	4	2209463	15987	1
12	110	Picture	ITI	2210578	0	1	21326	1	0	next	other	0
12	111	Sound	test	2221869	0	1			0		other	0
12	111	Picture	response	2231904	10035	1	3999	1	10000	25000	incorrect	225
12	111	Port Input	2	2235856	13987	1
12	111	Response	4	2235856	13987	1
12	112	Picture	ITI	2236902	0	1	24825	1	0	next	other	0
12	113	Sound	test	2250094	0	1			0		other	0
12	113	Picture	response	2261727	11634	1	5498	1	11450	25000	incorrect	230
12	113	Port Input	2	2267028	16934	1
12	113	Response	4	2267028	16934	1
12	114	Picture	ITI	2268058	0	1	29157	1	0	next	other	0
12	115	Sound	test	2284090	0	1			0		other	0
12	115	Picture	response	2297215	13126	1	6998	1	13100	25000	incorrect	235
12	115	Port Input	1	2304072	19982	1
12	115	Response	3	2304072	19982	1
12	116	Picture	ITI	2305213	0	1	27990	1	0	next	other	0
12	117	Sound	test	2318124	0	1			0		other	0
12	117	Picture	response	2333203	15079	1	4165	1	15000	25000	incorrect	240
12	117	Port Input	1	2337264	19140	1
12	117	Response	3	2337264	19140	1
12	118	Picture	ITI	2338368	0	1	23992	1	0	next	other	0
12	119	Sound	test	2349089	0	1			0		other	0
12	119	Picture	response	2362360	13270	1	11996	1	13100	25000	incorrect	245
12	119	Port Input	1	2374308	25219	1
12	119	Response	3	2374308	25219	1
12	120	Picture	ITI	2375355	0	1	31156	1	0	next	other	0
12	121	Sound	test	2394936	0	1			0		other	0
12	121	Picture	response	2406511	11575	1	3832	1	11450	25000	incorrect	250
12	121	Port Input	2	2410196	15260	1
12	121	Response	4	2410196	15260	1
12	122	Picture	ITI	2411176	0	1	28657	1	0	next	other	0
12	123	Sound	test	2424798	0	1			0		other	0
12	123	Picture	response	2439833	15036	1	6331	1	15000	25000	incorrect	255
12	123	Port Input	1	2446043	21246	1
12	123	Response	3	2446043	21246	1
12	124	Picture	ITI	2447164	0	1	26491	1	0	next	other	0
12	125	Sound	test	2461225	0	1			0		other	0
12	125	Picture	response	2473655	12430	1	13495	1	12250	25000	incorrect	260
12	125	Port Input	1	2487044	25818	1
12	125	Response	3	2487044	25818	1
12	126	Picture	ITI	2488150	0	1	24658	1	0	next	other	0
12	127	Sound	test	2502701	0	1			0		other	0
12	127	Picture	response	2512808	10107	1	4832	1	10000	25000	incorrect	265
12	127	Port Input	2	2517445	14744	1
12	127	Response	4	2517445	14744	1
12	128	Picture	ITI	2518473	0	1	34655	1	0	next	other	0
12	129	Sound	test	2537944	0	1			0		other	0
12	129	Picture	response	2553128	15184	1	3665	1	15000	25000	incorrect	270
12	129	Port Input	1	2556676	18731	1
12	129	Response	3	2556676	18731	1
12	130	Picture	ITI	2557793	0	1	34155	1	0	next	other	0
12	131	Sound	test	2576824	0	1			0		other	0
12	131	Picture	response	2591948	15124	1	7497	1	15000	25000	incorrect	275
12	131	Port Input	1	2599373	22549	1
12	131	Response	3	2599373	22549	1
12	132	Picture	ITI	2600445	0	1	29323	1	0	next	other	0
12	133	Sound	test	2619026	0	1			0		other	0
12	133	Picture	response	2629768	10742	1	4332	1	10700	25000	incorrect	280
12	133	Port Input	2	2633991	14965	1
12	133	Response	4	2633991	14965	1
12	134	Picture	ITI	2635100	0	1	22826	1	0	next	other	0
12	135	Sound	test	2647791	0	1			0		other	0
12	135	Picture	response	2657925	10134	1	3999	1	10000	25000	incorrect	285
12	135	Port Input	2	2661800	14009	1
12	135	Response	4	2661800	14009	1
12	136	Picture	ITI	2662924	0	1	29323	1	0	next	other	0
12	137	Sound	test	2679815	0	1			0		other	0
12	137	Picture	response	2692247	12432	1	6498	1	12250	25000	incorrect	290
12	137	Port Input	1	2698595	18780	1
12	137	Response	3	2698595	18780	1
12	138	Picture	ITI	2699578	0	1	25991	1	0	next	other	0
12	139	Sound	test	2710489	0	1			0		other	0
12	139	Picture	response	2725569	15080	1	3832	1	15000	25000	incorrect	295
12	139	Port Input	1	2729309	18820	1
12	139	Response	3	2729309	18820	1
12	140	Picture	ITI	2730401	0	1	20826	1	0	next	other	0
12	141	Sound	test	2740432	0	1			0		other	0
12	141	Picture	response	2751227	10795	1	4498	1	10700	25000	incorrect	300
12	141	Port Input	2	2755608	15176	1
12	141	Response	4	2755608	15176	1
12	142	Picture	ITI	2756725	0	1	31156	1	0	next	other	0
12	143	Sound	test	2773686	0	1			0		other	0
12	143	Picture	response	2787881	14195	1	4332	1	14020	25000	incorrect	305
12	143	Port Input	1	2792121	18435	1
12	143	Response	3	2792121	18435	1
12	144	Picture	ITI	2793212	0	1	33155	1	0	next	other	0
12	145	Sound	test	2812224	0	1			0		other	0
12	145	Picture	response	2826368	14144	1	14328	1	14020	25000	incorrect	310
12	145	Port Input	1	2840607	28384	1
12	145	Response	3	2840607	28384	1
12	146	Picture	ITI	2841696	0	1	30989	1	0	next	other	0
12	146	Port Input	1	2841836	140	1
12	146	Response	3	2841836	140	1
12	147	Sound	test	2858587	0	1			0		other	0
12	147	Picture	response	2872685	14098	1	6498	1	14020	25000	incorrect	317
12	147	Port Input	1	2879057	20470	1
12	147	Response	3	2879057	20470	1
12	148	Picture	ITI	2880183	0	1	29323	1	0	next	other	0
12	149	Sound	test	2899384	0	1			0		other	0
12	149	Picture	response	2909506	10122	1	5831	1	10000	25000	incorrect	322
12	149	Port Input	2	2915247	15863	1
12	149	Response	4	2915247	15863	1
12	150	Picture	ITI	2916337	0	1	21993	1	0	next	other	0
12	151	Sound	test	2926808	0	1			0		other	0
12	151	Picture	response	2938330	11521	1	4998	1	11450	25000	incorrect	327
12	151	Port Input	2	2943213	16404	1
12	151	Response	4	2943213	16404	1
12	152	Picture	ITI	2944161	0	1	25158	1	0	next	other	0
12	153	Sound	test	2954212	0	1			0		other	0
12	153	Picture	response	2969319	15107	1	3166	1	15000	25000	incorrect	332
12	153	Port Input	1	2972365	18152	1
12	153	Response	3	2972365	18152	1
12	154	Picture	ITI	2973484	0	1	28324	1	0	next	other	0
12	155	Sound	test	2986666	0	1			0		other	0
12	155	Picture	response	3001808	15142	1	4165	1	15000	25000	incorrect	337
12	155	Port Input	1	3005879	19214	1
12	155	Response	3	3005879	19214	1
12	156	Picture	ITI	3006973	0	1	31489	1	0	next	other	0
12	157	Sound	test	3023404	0	1			0		other	0
12	157	Picture	response	3038462	15058	1	4165	1	15000	25000	incorrect	342
12	157	Port Input	1	3042476	19072	1
12	157	Response	3	3042476	19072	1
12	158	Picture	ITI	3043460	0	1	32322	1	0	next	other	0
12	159	Sound	test	3062612	0	1			0		other	0
12	159	Picture	response	3075783	13171	1	8331	1	13100	25000	incorrect	347
12	159	Port Input	2	3083955	21343	1
12	159	Response	4	3083955	21343	1
12	160	Picture	ITI	3085113	0	1	26991	1	0	next	other	0
12	161	Sound	test	3098964	0	1			0		other	0
12	161	Picture	response	3112104	13140	1	3999	1	13100	25000	incorrect	352
12	161	Port Input	2	3116043	17079	1
12	161	Response	4	3116043	17079	1
12	162	Picture	ITI	3117102	0	1	30323	1	0	next	other	0
12	163	Sound	test	3135863	0	1			0		other	0
12	163	Picture	response	3147425	11562	1	5331	1	11450	25000	incorrect	357
12	163	Port Input	2	3152702	16839	1
12	163	Response	4	3152702	16839	1
12	164	Picture	ITI	3153756	0	1	30156	1	0	next	other	0
12	165	Sound	test	3169717	0	1			0		other	0
12	165	Picture	response	3183912	14195	1	3499	1	14020	25000	incorrect	362
12	165	Port Input	1	3187247	17530	1
12	165	Response	3	3187247	17530	1
12	166	Picture	ITI	3188411	0	1	29323	1	0	next	other	0
12	167	Sound	test	3203672	0	1			0		other	0
12	167	Picture	response	3217734	14062	1	3999	1	14020	25000	incorrect	367
12	167	Port Input	1	3221574	17902	1
12	167	Response	3	3221574	17902	1
12	168	Picture	ITI	3222566	0	1	31156	1	0	next	other	0
12	169	Sound	test	3238677	0	1			0		other	0
12	169	Picture	response	3253722	15045	1	3832	1	15000	25000	incorrect	372
12	169	Port Input	1	3257411	18733	1
12	169	Response	3	3257411	18733	1
12	170	Picture	ITI	3258387	0	1	26491	1	0	next	other	0
12	171	Sound	test	3270748	0	1			0		other	0
12	171	Picture	response	3284878	14130	1	4332	1	14020	25000	incorrect	377
12	171	Port Input	1	3289124	18376	1
12	171	Response	3	3289124	18376	1
12	172	Picture	ITI	3290209	0	1	31156	1	0	next	other	0
12	173	Sound	test	3306211	0	1			0		other	0
12	173	Picture	response	3321365	15155	1	4165	1	15000	25000	incorrect	382
12	173	Port Input	1	3325366	19156	1
12	173	Response	3	3325366	19156	1
12	174	Picture	ITI	3326364	0	1	21493	1	0	next	other	0
12	175	Sound	test	3337685	0	1			0		other	0
12	175	Picture	response	3347856	10171	1	5498	1	10000	25000	incorrect	387
12	175	Port Input	2	3353228	15543	1
12	175	Response	4	3353228	15543	1
12	176	Picture	ITI	3354354	0	1	25491	1	0	next	other	0
12	177	Sound	test	3367475	0	1			0		other	0
12	177	Picture	response	3379845	12370	1	4165	1	12250	25000	incorrect	392
12	177	Port Input	1	3383837	16362	1
12	177	Response	3	3383837	16362	1
12	178	Picture	ITI	3385010	0	1	26991	1	0	next	other	0
12	179	Sound	test	3400482	0	1			0		other	0
12	179	Picture	response	3412001	11520	1	4998	1	11450	25000	incorrect	397
12	179	Port Input	2	3416915	16433	1
12	179	Response	4	3416915	16433	1
12	180	Picture	ITI	3417999	0	1	22326	1	0	next	other	0
12	181	Sound	test	3428690	0	1			0		other	0
12	181	Picture	response	3440325	11634	1	9330	1	11450	25000	incorrect	402
12	181	Port Input	1	3449503	20812	1
12	181	Response	3	3449503	20812	1
12	182	Picture	ITI	3450488	0	1	30323	1	0	next	other	0
12	183	Sound	test	3469229	0	1			0		other	0
12	183	Picture	response	3480811	11582	1	6498	1	11450	25000	incorrect	407
12	183	Port Input	2	3487109	17880	1
12	183	Response	4	3487109	17880	1
12	184	Picture	ITI	3488142	0	1	28157	1	0	next	other	0
12	185	Sound	test	3506153	0	1			0		other	0
12	185	Picture	response	3516299	10146	1	5665	1	10000	25000	incorrect	412
12	185	Port Input	2	3521894	15741	1
12	185	Response	4	3521894	15741	1
12	186	Picture	ITI	3522963	0	1	29657	1	0	next	other	0
12	187	Sound	test	3539444	0	1			0		other	0
12	187	Picture	response	3552620	13175	1	3832	1	13100	25000	incorrect	417
12	187	Port Input	1	3556356	16911	1
12	187	Response	3	3556356	16911	1
12	188	Picture	ITI	3557451	0	1	32322	1	0	next	other	0
12	189	Sound	test	3576573	0	1			0		other	0
12	189	Picture	response	3589774	13201	1	7831	1	13100	25000	incorrect	422
12	189	Port Input	2	3597450	20877	1
12	189	Response	4	3597450	20877	1
12	190	Picture	ITI	3598604	0	1	25158	1	0	next	other	0
12	191	Sound	test	3612915	0	1			0		other	0
12	191	Picture	response	3623762	10847	1	4498	1	10700	25000	incorrect	427
12	191	Port Input	2	3628205	15290	1
12	191	Response	4	3628205	15290	1
12	192	Picture	ITI	3629260	0	1	22826	1	0	next	other	0
12	193	Sound	test	3641201	0	1			0		other	0
12	193	Picture	response	3652086	10884	1	4332	1	10700	25000	incorrect	432
12	193	Port Input	2	3656233	15032	1
12	193	Response	4	3656233	15032	1
12	194	Picture	ITI	3657251	0	1	29157	1	0	next	other	0
12	195	Sound	test	3671342	0	1			0		other	0
12	195	Picture	response	3686407	15066	1	3665	1	15000	25000	incorrect	437
12	195	Port Input	1	3689946	18604	1
12	195	Response	3	3689946	18604	1
12	196	Picture	ITI	3691073	0	1	27157	1	0	next	other	0
12	197	Sound	test	3703174	0	1			0		other	0
12	197	Picture	response	3718230	15056	1	9164	1	15000	25000	incorrect	442
12	197	Port Input	1	3727187	24014	1
12	197	Response	3	3727187	24014	1
12	198	Picture	ITI	3728226	0	1	27990	1	0	next	other	0
12	199	Sound	test	3746098	0	1			0		other	0
12	199	Picture	response	3756217	10119	1	6498	1	10000	25000	incorrect	447
12	199	Port Input	2	3762514	16416	1
12	199	Response	4	3762514	16416	1
12	200	Picture	ITI	3763548	0	1	26991	1	0	next	other	0
12	201	Sound	test	3777319	0	1			0		other	0
12	201	Picture	response	3790538	13219	1	4332	1	13100	25000	incorrect	452
12	201	Port Input	2	3794696	17376	1
12	201	Response	4	3794696	17376	1
12	202	Picture	ITI	3795703	0	1	23492	1	0	next	other	0
12	203	Sound	test	3808335	0	1			0		other	0
12	203	Picture	response	3819195	10861	1	4832	1	10700	25000	incorrect	457
12	203	Port Input	2	3823889	15555	1
12	203	Response	4	3823889	15555	1
12	204	Picture	ITI	3824860	0	1	26324	1	0	next	other	0
12	205	Sound	test	3838891	0	1			0		other	0
12	205	Picture	response	3851185	12293	1	9663	1	12250	25000	incorrect	462
12	205	Port Input	1	3860798	21907	1
12	205	Response	3	3860798	21907	1
12	206	Picture	ITI	3861847	0	1	25158	1	0	next	other	0
12	207	Sound	test	3874649	0	1			0		other	0
12	207	Picture	response	3887006	12357	1	9330	1	12250	25000	incorrect	467
12	207	Port Input	1	3896208	21559	1
12	207	Response	3	3896208	21559	1
12	208	Picture	ITI	3897169	0	1	29656	1	0	next	other	0
12	209	Sound	test	3916030	0	1			0		other	0
12	209	Picture	response	3926825	10795	1	4832	1	10700	25000	incorrect	472
12	209	Port Input	2	3931596	15566	1
12	209	Response	4	3931596	15566	1
12	210	Picture	ITI	3932657	0	1	24325	1	0	next	other	0
12	211	Sound	test	3942888	0	1			0		other	0
12	211	Picture	response	3956982	14094	1	3499	1	14020	25000	incorrect	477
12	211	Port Input	1	3960290	17402	1
12	211	Response	3	3960290	17402	1
12	212	Picture	ITI	3961314	0	1	22159	1	0	next	other	0
12	213	Sound	test	3973335	0	1			0		other	0
12	213	Picture	response	3983473	10138	1	3665	1	10000	25000	incorrect	482
12	213	Port Input	2	3986975	13640	1
12	213	Response	4	3986975	13640	1
12	214	Picture	ITI	3987971	0	1	29157	1	0	next	other	0
12	215	Sound	test	4004702	0	1			0		other	0
12	215	Picture	response	4017128	12425	1	4499	1	12250	25000	incorrect	487
12	215	Port Input	1	4021489	16787	1
12	215	Response	3	4021489	16787	1
12	216	Picture	ITI	4022459	0	1	24325	1	0	next	other	0
12	217	Sound	test	4036651	0	1			0		other	0
12	217	Picture	response	4046784	10134	1	5831	1	10000	25000	incorrect	492
12	217	Port Input	2	4052526	15875	1
12	217	Response	4	4052526	15875	1
12	218	Picture	ITI	4053615	0	1	21493	1	0	next	other	0
12	219	Sound	test	4065047	0	1			0		other	0
12	219	Picture	response	4075108	10061	1	3499	1	10000	25000	incorrect	497
12	219	Port Input	2	4078409	13362	1
12	219	Response	4	4078409	13362	1
12	220	Picture	ITI	4079440	0	1	31656	1	0	next	other	0
12	221	Sound	test	4095921	0	1			0		other	0
12	221	Port Input	1	4110445	14524	1
12	221	Picture	response	4111096	15175	1	2666	1	15000	25000	incorrect	503
12	221	Port Input	1	4113693	17772	1
12	221	Response	3	4113693	17772	1
12	222	Picture	ITI	4114761	0	1	21659	1	0	next	other	0
12	223	Sound	test	4125582	0	1			0		other	0
12	223	Picture	response	4136420	10838	1	2999	1	10700	25000	incorrect	508
12	223	Port Input	1	4139326	13744	1
12	223	Response	3	4139326	13744	1
12	224	Picture	ITI	4140419	0	1	29323	1	0	next	other	0
12	225	Sound	test	4155540	0	1			0		other	0
12	225	Picture	response	4169742	14202	1	2166	1	14020	25000	incorrect	513
12	225	Port Input	1	4171831	16291	1
12	225	Response	3	4171831	16291	1
12	226	Picture	ITI	4172908	0	1	29157	1	0	next	other	0
12	227	Sound	test	4189619	0	1			0		other	0
12	227	Picture	response	4202065	12446	1	8164	1	12250	25000	incorrect	518
12	227	Port Input	1	4210093	20474	1
12	227	Response	3	4210093	20474	1
12	228	Picture	ITI	4211062	0	1	25658	1	0	next	other	0
12	229	Sound	test	4224403	0	1			0		other	0
12	229	Picture	response	4236719	12317	1	11663	1	12250	25000	incorrect	523
12	229	Port Input	1	4248178	23776	1
12	229	Response	3	4248178	23776	1
12	230	Picture	ITI	4249215	0	1	29823	1	0	next	other	0
12	231	Sound	test	4266607	0	1			0		other	0
12	231	Picture	response	4279038	12431	1	11496	1	12250	25000	incorrect	528
12	231	Port Input	1	4290449	23842	1
12	231	Response	3	4290449	23842	1
12	232	Picture	ITI	4291534	0	1	32822	1	0	next	other	0
12	233	Sound	test	4309325	0	1			0		other	0
12	233	Picture	response	4324356	15031	1	4165	1	15000	25000	incorrect	533
12	233	Port Input	1	4328430	19105	1
12	233	Response	3	4328430	19105	1
12	234	Picture	ITI	4329521	0	1	31156	1	0	next	other	0
12	235	Sound	test	4345532	0	1			0		other	0
12	235	Picture	response	4360677	15145	1	3665	1	15000	25000	incorrect	538
12	235	Port Input	1	4364225	18693	1
12	235	Response	3	4364225	18693	1
12	236	Picture	ITI	4365342	0	1	21493	1	0	next	other	0
12	237	Sound	test	4376693	0	1			0		other	0
12	237	Picture	response	4386835	10141	1	4832	1	10000	25000	incorrect	543
12	237	Port Input	2	4391534	14841	1
12	237	Response	4	4391534	14841	1
12	238	Picture	ITI	4392666	0	1	23659	1	0	next	other	0
12	239	Sound	test	4403197	0	1			0		other	0
12	239	Picture	response	4416325	13127	1	9164	1	13100	25000	incorrect	548
12	239	Port Input	1	4425424	22226	1
12	239	Response	3	4425424	22226	1
12	240	Picture	ITI	4426488	0	1	26991	1	0	next	other	0
12	241	Sound	test	4438399	0	1			0		other	0
12	241	Picture	response	4453479	15080	1	5665	1	15000	25000	incorrect	553
12	241	Port Input	1	4459063	20664	1
12	241	Response	3	4459063	20664	1
12	242	Picture	ITI	4460143	0	1	25991	1	0	next	other	0
12	243	Sound	test	4472994	0	1			0		other	0
12	243	Picture	response	4486134	13140	1	8830	1	13100	25000	incorrect	558
12	243	Port Input	2	4494889	21895	1
12	243	Response	4	4494889	21895	1
12	244	Picture	ITI	4495964	0	1	29157	1	0	next	other	0
12	245	Sound	test	4509986	0	1			0		other	0
12	245	Picture	response	4525121	15135	1	4665	1	15000	25000	incorrect	563
12	245	Port Input	1	4529601	19615	1
12	245	Response	3	4529601	19615	1
12	246	Picture	ITI	4530619	0	1	28324	1	0	next	other	0
12	247	Sound	test	4548100	0	1			0		other	0
12	247	Picture	response	4558943	10842	1	5831	1	10700	25000	incorrect	568
12	247	Port Input	2	4564584	16483	1
12	247	Response	4	4564584	16483	1
12	248	Picture	ITI	4565607	0	1	29490	1	0	next	other	0
12	249	Sound	test	4583478	0	1			0		other	0
12	249	Picture	response	4595097	11619	1	6165	1	11450	25000	incorrect	573
12	249	Port Input	2	4601190	17712	1
12	249	Response	4	4601190	17712	1
12	250	Picture	ITI	4602261	0	1	26491	1	0	next	other	0
12	251	Sound	test	4616413	0	1			0		other	0
12	251	Picture	response	4628752	12340	1	5165	1	12250	25000	incorrect	578
12	251	Port Input	2	4633830	17418	1
12	251	Response	4	4633830	17418	1
12	252	Picture	ITI	4634917	0	1	25825	1	0	next	other	0
12	253	Sound	test	4647458	0	1			0		other	0
12	253	Picture	response	4660741	13283	1	2999	1	13100	25000	incorrect	583
12	253	Port Input	1	4663639	16181	1
12	253	Response	3	4663639	16181	1
12	254	Picture	ITI	4664740	0	1	22992	1	0	next	other	0
12	255	Sound	test	4676101	0	1			0		other	0
12	255	Picture	response	4687732	11631	1	11163	1	11450	25000	incorrect	588
12	255	Port Input	1	4698798	22697	1
12	255	Response	3	4698798	22697	1
12	256	Picture	ITI	4699895	0	1	21826	1	0	next	other	0
12	257	Sound	test	4710986	0	1			0		other	0
12	257	Picture	response	4721721	10735	1	6998	1	10700	25000	incorrect	593
12	257	Port Input	2	4728512	17527	1
12	257	Response	4	4728512	17527	1
12	258	Picture	ITI	4729551	0	1	25158	1	0	next	other	0
12	259	Sound	test	4744552	0	1			0		other	0
12	259	Picture	response	4754709	10157	1	5498	1	10000	25000	incorrect	598
12	259	Port Input	2	4760143	15590	1
12	259	Response	4	4760143	15590	1
12	260	Picture	ITI	4761207	0	1	30156	1	0	next	other	0
12	261	Sound	test	4780518	0	1			0		other	0
12	261	Picture	response	4791363	10845	1	4998	1	10700	25000	incorrect	603
12	261	Port Input	1	4796218	15700	1
12	261	Response	3	4796218	15700	1
12	262	Picture	ITI	4797361	0	1	22326	1	0	next	other	0
12	263	Sound	test	4808903	0	1			0		other	0
12	263	Picture	response	4819687	10784	1	3832	1	10700	25000	incorrect	608
12	263	Port Input	1	4823465	14563	1
12	263	Response	3	4823465	14563	1
12	264	Picture	ITI	4824519	0	1	24492	1	0	next	other	0
12	265	Sound	test	4835780	0	1			0		other	0
12	265	Picture	response	4849010	13230	1	4499	1	13100	25000	incorrect	613
12	265	Port Input	1	4853325	17545	1
12	265	Response	3	4853325	17545	1
12	266	Picture	ITI	4854342	0	1	25825	1	0	next	other	0
12	267	Sound	test	4865103	0	1			0		other	0
12	267	Picture	response	4880166	15063	1	833	1	15000	25000	incorrect	618
12	267	Port Input	1	4880812	15709	1
12	267	Response	3	4880812	15709	1
12	268	Picture	ITI	4881832	0	1	30156	1	0	next	other	0
12	269	Sound	test	4897884	0	1			0		other	0
12	269	Picture	response	4911989	14105	1	3499	1	14020	25000	incorrect	623
12	269	Port Input	1	4915420	17536	1
12	269	Response	3	4915420	17536	1
12	270	Picture	ITI	4916487	0	1	33322	1	0	next	other	0
12	271	Sound	test	4935719	0	1			0		other	0
12	271	Picture	response	4949809	14091	1	6998	1	14020	25000	incorrect	628
12	271	Port Input	1	4956670	20951	1
12	271	Response	3	4956670	20951	1
12	272	Picture	ITI	4957640	0	1	26991	1	0	next	other	0
12	273	Sound	test	4970541	0	1			0		other	0
12	273	Picture	response	4984631	14090	1	4165	1	14020	25000	incorrect	633
12	273	Port Input	1	4988591	18050	1
12	273	Response	3	4988591	18050	1
12	274	Picture	ITI	4989629	0	1	23325	1	0	next	other	0
12	275	Sound	test	5001340	0	1			0		other	0
12	275	Picture	response	5012954	11614	1	9330	1	11450	25000	incorrect	638
12	275	Port Input	2	5022158	20818	1
12	275	Response	4	5022158	20818	1
12	276	Picture	ITI	5023284	0	1	27157	1	0	next	other	0
12	277	Sound	test	5039555	0	1			0		other	0
12	277	Picture	response	5050442	10886	1	5831	1	10700	25000	incorrect	643
12	277	Port Input	2	5056089	16534	1
12	277	Response	4	5056089	16534	1
12	278	Picture	ITI	5057106	0	1	25158	1	0	next	other	0
12	279	Sound	test	5072197	0	1			0		other	0
12	279	Picture	response	5082264	10067	1	4165	1	10000	25000	incorrect	648
12	279	Port Input	2	5086283	14085	1
12	279	Response	4	5086283	14085	1
12	280	Picture	ITI	5087262	0	1	28157	1	0	next	other	0
12	281	Sound	test	5103864	0	1			0		other	0
12	281	Picture	response	5115419	11556	1	5498	1	11450	25000	incorrect	653
12	281	Port Input	2	5120859	16996	1
12	281	Response	4	5120859	16996	1
12	282	Picture	ITI	5121917	0	1	24325	1	0	next	other	0
12	283	Sound	test	5133868	0	1			0		other	0
12	283	Picture	response	5146242	12374	1	3999	1	12250	25000	incorrect	658
12	283	Port Input	1	5150074	16205	1
12	283	Response	3	5150074	16205	1
12	284	Picture	ITI	5151074	0	1	24825	1	0	next	other	0
12	285	Sound	test	5161745	0	1			0		other	0
12	285	Picture	response	5175899	14154	1	3332	1	14020	25000	incorrect	663
12	285	Port Input	1	5179122	17377	1
12	285	Response	3	5179122	17377	1
12	286	Picture	ITI	5180231	0	1	25491	1	0	next	other	0
12	287	Sound	test	5195632	0	1			0		other	0
12	287	Picture	response	5205722	10090	1	6831	1	10000	25000	incorrect	668
12	287	Port Input	2	5212439	16807	1
12	287	Response	4	5212439	16807	1
12	288	Picture	ITI	5213553	0	1	27657	1	0	next	other	0
12	289	Sound	test	5227104	0	1			0		other	0
12	289	Picture	response	5241210	14106	1	6831	1	14020	25000	incorrect	673
12	289	Port Input	1	5247921	20817	1
12	289	Response	3	5247921	20817	1
12	290	Picture	ITI	5249040	0	1	30323	1	0	next	other	0
12	291	Sound	test	5267052	0	1			0		other	0
12	291	Picture	response	5279363	12312	1	12163	1	12250	25000	incorrect	678
12	291	Port Input	1	5291368	24316	1
12	291	Response	3	5291368	24316	1
12	292	Picture	ITI	5292359	0	1	23492	1	0	next	other	0
12	293	Sound	test	5305710	0	1			0		other	0
12	293	Picture	response	5315851	10141	1	6498	1	10000	25000	incorrect	683
12	293	Port Input	2	5322269	16559	1
12	293	Response	4	5322269	16559	1
12	294	Picture	ITI	5323348	0	1	24992	1	0	next	other	0
12	295	Sound	test	5335210	0	1			0		other	0
12	295	Picture	response	5348340	13130	1	5498	1	13100	25000	incorrect	688
12	295	Port Input	1	5353743	18534	1
12	295	Response	3	5353743	18534	1
12	296	Picture	ITI	5354838	0	1	26824	1	0	next	other	0
12	297	Sound	test	5366609	0	1			0		other	0
12	297	Picture	response	5381662	15053	1	3499	1	15000	25000	incorrect	693
12	297	Port Input	1	5384999	18390	1
12	297	Response	3	5384999	18390	1
12	298	Picture	ITI	5386160	0	1	23992	1	0	next	other	0
12	299	Sound	test	5399291	0	1			0		other	0
12	299	Picture	response	5410152	10861	1	5331	1	10700	25000	incorrect	698
12	299	Port Input	2	5415411	16119	1
12	299	Response	4	5415411	16119	1
12	300	Picture	ITI	5416483	0	1	20826	1	0	next	other	0
12	301	Sound	test	5426564	0	1			0		other	0
12	301	Picture	response	5437309	10745	1	7331	1	10700	25000	incorrect	703
12	301	Port Input	2	5444573	18009	1
12	301	Response	4	5444573	18009	1
12	302	Picture	ITI	5445640	0	1	20993	1	0	next	other	0
12	303	Sound	test	5456461	0	1			0		other	0
12	303	Picture	response	5466633	10172	1	4165	1	10000	25000	incorrect	708
12	303	Port Input	2	5470685	14224	1
12	303	Response	4	5470685	14224	1
12	304	Picture	ITI	5471631	0	1	25158	1	0	next	other	0
12	305	Sound	test	5481732	0	1			0		other	0
12	305	Picture	response	5496789	15057	1	3665	1	15000	25000	incorrect	713
12	305	Port Input	1	5500285	18553	1
12	305	Response	3	5500285	18553	1
12	306	Picture	ITI	5501288	0	1	26158	1	0	next	other	0
12	307	Sound	test	5517419	0	1			0		other	0
12	307	Picture	response	5527445	10027	1	4332	1	10000	25000	incorrect	718
12	307	Port Input	2	5531686	14267	1
12	307	Response	4	5531686	14267	1
12	308	Picture	ITI	5532777	0	1	28324	1	0	next	other	0
12	309	Sound	test	5548758	0	1			0		other	0
12	309	Picture	response	5561100	12342	1	3665	1	12250	25000	incorrect	723
12	309	Port Input	1	5564618	15860	1
12	309	Response	3	5564618	15860	1
12	310	Picture	ITI	5565766	0	1	24825	1	0	next	other	0
12	311	Sound	test	5579087	0	1			0		other	0
12	311	Picture	response	5590590	11504	1	4832	1	11450	25000	incorrect	728
12	311	Port Input	1	5595373	16286	1
12	311	Response	3	5595373	16286	1
12	312	Picture	ITI	5596422	0	1	24991	1	0	next	other	0
12	313	Sound	test	5607263	0	1			0		other	0
12	313	Picture	response	5621413	14150	1	10163	1	14020	25000	incorrect	733
12	313	Port Input	1	5631418	24155	1
12	313	Response	3	5631418	24155	1
12	314	Picture	ITI	5632576	0	1	32322	1	0	next	other	0
12	315	Sound	test	5651607	0	1			0		other	0
12	315	Picture	response	5664898	13291	1	5332	1	13100	25000	incorrect	738
12	315	Port Input	1	5670159	18552	1
12	315	Response	3	5670159	18552	1
12	316	Picture	ITI	5671230	0	1	25491	1	0	next	other	0
12	317	Sound	test	5684381	0	1			0		other	0
12	317	Picture	response	5696721	12340	1	11996	1	12250	25000	incorrect	743
12	317	Port Input	1	5708536	24155	1
12	317	Response	3	5708536	24155	1
12	318	Picture	ITI	5709550	0	1	27157	1	0	next	other	0
12	319	Sound	test	5725171	0	1			0		other	0
12	319	Picture	response	5736707	11536	1	5665	1	11450	25000	incorrect	748
12	319	Port Input	2	5742248	17077	1
12	319	Response	4	5742248	17077	1
12	441	Picture	resume	6952958	0	1	16661	1	0	next	other	0
12	441	Port Input	2	6968305	15346	1
12	441	Response	4	6968305	15346	1
12	442	Picture	ITI	6969619	0	1	10163	1	0	next	other	0
12	443	Picture	ITI	6979783	0	1	27824	1	0	next	other	0
12	444	Sound	test	6993404	0	2			0		other	0
12	444	Picture	response	7007606	14203	1	3999	1	14020	25000	incorrect	757
12	444	Port Input	1	7011544	18140	1
12	444	Response	3	7011544	18140	1
12	445	Picture	ITI	7012605	0	1	33155	1	0	next	other	0
12	446	Sound	test	7032606	0	1			0		other	0
12	446	Picture	response	7045760	13154	1	3332	1	13100	25000	incorrect	762
12	446	Port Input	1	7049015	16409	1
12	446	Response	3	7049015	16409	1
12	447	Picture	ITI	7050092	0	1	28157	1	0	next	other	0
12	448	Sound	test	7065923	0	1			0		other	0
12	448	Picture	response	7078249	12326	1	4332	1	12250	25000	incorrect	767
12	448	Port Input	1	7082425	16502	1
12	448	Response	3	7082425	16502	1
12	449	Picture	ITI	7083414	0	1	28324	1	0	next	other	0
12	450	Sound	test	7100125	0	1			0		other	0
12	450	Picture	response	7111738	11612	1	5332	1	11450	25000	incorrect	772
12	450	Port Input	2	7117023	16898	1
12	450	Response	4	7117023	16898	1
12	451	Picture	ITI	7118069	0	1	28324	1	0	next	other	0
12	452	Sound	test	7135640	0	1			0		other	0
12	452	Picture	response	7146392	10752	1	4665	1	10700	25000	incorrect	777
12	452	Port Input	2	7150870	15230	1
12	452	Response	4	7150870	15230	1
12	453	Picture	ITI	7151891	0	1	27990	1	0	next	other	0
12	454	Sound	test	7169792	0	1			0		other	0
12	454	Picture	response	7179881	10089	1	4498	1	10000	25000	incorrect	782
12	454	Port Input	2	7184260	14468	1
12	454	Response	4	7184260	14468	1
12	455	Picture	ITI	7185212	0	1	27157	1	0	next	other	0
12	456	Sound	test	7197184	0	1			0		other	0
12	456	Picture	response	7212370	15186	1	1833	1	15000	25000	incorrect	787
12	456	Port Input	1	7214058	16874	1
12	456	Response	3	7214058	16874	1
12	457	Picture	ITI	7215036	0	1	32156	1	0	next	other	0
12	458	Sound	test	7234857	0	1			0		other	0
12	458	Picture	response	7247191	12334	1	6498	1	12250	25000	incorrect	792
12	458	Port Input	2	7253538	18681	1
12	458	Response	4	7253538	18681	1
12	459	Picture	ITI	7254522	0	1	29323	1	0	next	other	0
12	460	Sound	test	7268763	0	1			0		other	0
12	460	Picture	response	7283845	15082	1	3999	1	15000	25000	incorrect	797
12	460	Port Input	1	7287688	18924	1
12	460	Response	3	7287688	18924	1
12	461	Picture	ITI	7288844	0	1	26491	1	0	next	other	0
12	462	Sound	test	7300255	0	1			0		other	0
12	462	Picture	response	7315335	15080	1	4332	1	15000	25000	incorrect	802
12	462	Port Input	1	7319536	19281	1
12	462	Response	3	7319536	19281	1
12	463	Picture	ITI	7320500	0	1	27824	1	0	next	other	0
12	464	Sound	test	7335081	0	1			0		other	0
12	464	Picture	response	7348323	13243	1	4165	1	13100	25000	incorrect	807
12	464	Port Input	2	7352312	17231	1
12	464	Response	4	7352312	17231	1
12	465	Picture	ITI	7353322	0	1	20326	1	0	next	other	0
12	466	Sound	test	7363583	0	1			0		other	0
12	466	Picture	response	7373648	10065	1	3332	1	10000	25000	incorrect	812
12	466	Port Input	2	7376872	13290	1
12	466	Response	4	7376872	13290	1
12	467	Picture	ITI	7377980	0	1	23159	1	0	next	other	0
12	468	Sound	test	7388831	0	1			0		other	0
12	468	Picture	response	7401139	12308	1	4998	1	12250	25000	incorrect	817
12	468	Port Input	2	7406077	17245	1
12	468	Response	4	7406077	17245	1
12	469	Picture	ITI	7407137	0	1	30656	1	0	next	other	0
12	470	Sound	test	7424608	0	1			0		other	0
12	470	Picture	response	7437793	13185	1	6831	1	13100	25000	incorrect	822
12	470	Port Input	2	7444537	19929	1
12	470	Response	4	7444537	19929	1
12	471	Picture	ITI	7445624	0	1	26491	1	0	next	other	0
12	472	Sound	test	7460565	0	1			0		other	0
12	472	Picture	response	7472114	11550	1	4498	1	11450	25000	incorrect	827
12	472	Port Input	2	7476489	15925	1
12	472	Response	4	7476489	15925	1
12	473	Picture	ITI	7477613	0	1	31323	1	0	next	other	0
12	474	Sound	test	7493784	0	1			0		other	0
12	474	Picture	response	7508935	15151	1	2499	1	15000	25000	incorrect	832
12	474	Port Input	1	7511285	17501	1
12	474	Response	3	7511285	17501	1
12	475	Picture	ITI	7512434	0	1	24991	1	0	next	other	0
12	476	Sound	test	7526535	0	1			0		other	0
12	476	Picture	response	7537426	10890	1	3999	1	10700	25000	incorrect	837
12	476	Port Input	2	7541249	14714	1
12	476	Response	4	7541249	14714	1
12	477	Picture	ITI	7542257	0	1	22492	1	0	next	other	0
12	478	Sound	test	7553248	0	1			0		other	0
12	478	Picture	response	7564749	11501	1	3499	1	11450	25000	incorrect	842
12	478	Port Input	2	7568152	14904	1
12	478	Response	4	7568152	14904	1
12	479	Picture	ITI	7569248	0	1	27491	1	0	next	other	0
12	480	Sound	test	7582689	0	1			0		other	0
12	480	Picture	response	7596739	14049	1	3665	1	14020	25000	incorrect	847
12	480	Port Input	1	7600292	17603	1
12	480	Response	3	7600292	17603	1
12	481	Picture	ITI	7601404	0	1	25325	1	0	next	other	0
12	482	Sound	test	7616625	0	1			0		other	0
12	482	Picture	response	7626728	10103	1	5665	1	10000	25000	incorrect	852
12	482	Port Input	2	7632297	15672	1
12	482	Response	4	7632297	15672	1
12	483	Picture	ITI	7633393	0	1	26491	1	0	next	other	0
12	484	Sound	test	7646624	0	1			0		other	0
12	484	Picture	response	7659884	13260	1	6331	1	13100	25000	incorrect	857
12	484	Port Input	1	7666135	19511	1
12	484	Response	3	7666135	19511	1
12	485	Picture	ITI	7667215	0	1	29157	1	0	next	other	0
12	486	Sound	test	7682286	0	1			0		other	0
12	486	Picture	response	7696371	14085	1	3832	1	14020	25000	incorrect	862
12	486	Port Input	1	7700128	17842	1
12	486	Response	3	7700128	17842	1
12	487	Picture	ITI	7701203	0	1	27491	1	0	next	other	0
12	488	Sound	test	7717894	0	1			0		other	0
12	488	Picture	response	7728694	10799	1	3499	1	10700	25000	incorrect	867
12	488	Port Input	2	7732060	14166	1
12	488	Response	4	7732060	14166	1
12	489	Picture	ITI	7733025	0	1	25158	1	0	next	other	0
12	490	Sound	test	7745877	0	1			0		other	0
12	490	Picture	response	7758183	12307	1	3332	1	12250	25000	incorrect	872
12	490	Port Input	2	7761431	15554	1
12	490	Response	4	7761431	15554	1
12	491	Picture	ITI	7762515	0	1	32656	1	0	next	other	0
12	492	Sound	test	7780967	0	1			0		other	0
12	492	Picture	response	7795171	14204	1	2832	1	14020	25000	incorrect	877
12	492	Port Input	1	7797934	16967	1
12	492	Response	3	7797934	16967	1
12	493	Picture	ITI	7799003	0	1	23325	1	0	next	other	0
12	494	Sound	test	7811484	0	1			0		other	0
12	494	Picture	response	7822328	10844	1	2999	1	10700	25000	incorrect	882
12	494	Port Input	2	7825222	13738	1
12	494	Response	4	7825222	13738	1
12	495	Picture	ITI	7826327	0	1	27324	1	0	next	other	0
12	496	Sound	test	7842108	0	1			0		other	0
12	496	Picture	response	7853651	11543	1	5165	1	11450	25000	incorrect	887
12	496	Port Input	2	7858758	16650	1
12	496	Response	4	7858758	16650	1
12	497	Picture	ITI	7859815	0	1	21826	1	0	next	other	0
12	498	Sound	test	7871617	0	1			0		other	0
12	498	Picture	response	7881641	10025	1	3499	1	10000	25000	incorrect	892
12	498	Port Input	2	7885036	13420	1
12	498	Response	4	7885036	13420	1
12	499	Picture	ITI	7886140	0	1	22159	1	0	next	other	0
12	500	Sound	test	7898261	0	1			0		other	0
12	500	Picture	response	7908299	10038	1	3499	1	10000	25000	incorrect	897
12	500	Port Input	2	7911638	13377	1
12	500	Response	4	7911638	13377	1
12	501	Picture	ITI	7912631	0	1	30989	1	0	next	other	0
12	502	Sound	test	7928472	0	1			0		other	0
12	502	Picture	response	7943620	15148	1	3665	1	15000	25000	incorrect	902
12	502	Port Input	1	7947120	18648	1
12	502	Response	3	7947120	18648	1
12	503	Picture	ITI	7948119	0	1	29157	1	0	next	other	0
12	504	Sound	test	7964150	0	1			0		other	0
12	504	Picture	response	7977275	13126	1	8331	1	13100	25000	incorrect	907
12	504	Port Input	1	7985497	21347	1
12	504	Response	3	7985497	21347	1
12	505	Picture	ITI	7986605	0	1	23159	1	0	next	other	0
12	506	Sound	test	7998147	0	1			0		other	0
12	506	Picture	response	8009764	11618	1	4832	1	11450	25000	incorrect	912
12	506	Port Input	2	8014492	16346	1
12	506	Response	4	8014492	16346	1
12	507	Picture	ITI	8015596	0	1	27824	1	0	next	other	0
12	508	Sound	test	8033357	0	1			0		other	0
12	508	Picture	response	8043419	10063	1	3166	1	10000	25000	incorrect	917
12	508	Port Input	2	8046529	13172	1
12	508	Response	4	8046529	13172	1
12	509	Picture	ITI	8047585	0	1	27990	1	0	next	other	0
12	510	Sound	test	8064706	0	1			0		other	0
12	510	Picture	response	8075575	10869	1	3332	1	10700	25000	incorrect	922
12	510	Port Input	1	8078784	14078	1
12	510	Response	3	8078784	14078	1
12	511	Picture	ITI	8079907	0	1	29323	1	0	next	other	0
12	512	Sound	test	8097678	0	1			0		other	0
12	512	Picture	response	8109230	11552	1	11496	1	11450	25000	incorrect	927
12	512	Port Input	1	8120554	22876	1
12	512	Response	3	8120554	22876	1
12	513	Picture	ITI	8121559	0	1	32656	1	0	next	other	0
12	514	Sound	test	8140151	0	1			0		other	0
12	514	Picture	response	8154215	14064	1	3499	1	14020	25000	incorrect	932
12	514	Port Input	1	8157557	17406	1
12	514	Response	3	8157557	17406	1
12	515	Picture	ITI	8158547	0	1	32822	1	0	next	other	0
12	516	Sound	test	8176298	0	1			0		other	0
12	516	Port Input	1	8190582	14284	1
12	516	Picture	response	8191369	15071	1	3665	1	15000	25000	incorrect	938
12	516	Port Input	1	8194840	18542	1
12	516	Response	3	8194840	18542	1
12	517	Picture	ITI	8195867	0	1	30156	1	0	next	other	0
12	518	Sound	test	8212738	0	1			0		other	0
12	518	Picture	response	8226024	13285	1	3332	1	13100	25000	incorrect	943
12	518	Port Input	1	8229271	16533	1
12	518	Response	3	8229271	16533	1
12	519	Picture	ITI	8230356	0	1	26991	1	0	next	other	0
12	520	Sound	test	8242287	0	1			0		other	0
12	520	Picture	response	8257346	15060	1	2499	1	15000	25000	incorrect	948
12	520	Port Input	1	8259673	17386	1
12	520	Response	3	8259673	17386	1
12	521	Picture	ITI	8260678	0	1	22826	1	0	next	other	0
12	522	Sound	test	8273330	0	1			0		other	0
12	522	Picture	response	8283504	10174	1	4665	1	10000	25000	incorrect	953
12	522	Port Input	2	8287982	14652	1
12	522	Response	4	8287982	14652	1
12	523	Picture	ITI	8289002	0	1	27990	1	0	next	other	0
12	524	Sound	test	8306213	0	1			0		other	0
12	524	Picture	response	8316993	10779	1	18494	1	10700	25000	incorrect	958
12	524	Port Input	2	8335333	29120	1
12	524	Response	4	8335333	29120	1
12	525	Picture	ITI	8336319	0	1	29157	1	0	next	other	0
12	526	Sound	test	8350290	0	1			0		other	0
12	526	Picture	response	8365476	15186	1	1999	1	15000	25000	incorrect	963
12	526	Port Input	1	8367380	17089	1
12	526	Response	3	8367380	17089	1
12	527	Picture	ITI	8368475	0	1	31823	1	0	next	other	0
12	528	Sound	test	8387056	0	1			0		other	0
12	528	Picture	response	8400297	13241	1	12162	1	13100	25000	incorrect	968
12	528	Port Input	1	8412347	25291	1
12	528	Response	3	8412347	25291	1
12	529	Picture	ITI	8413293	0	1	25158	1	0	next	other	0
12	530	Sound	test	8428424	0	1			0		other	0
12	530	Picture	response	8438451	10027	1	6165	1	10000	25000	incorrect	973
12	530	Port Input	2	8444518	16094	1
12	530	Response	4	8444518	16094	1
12	531	Picture	ITI	8445615	0	1	28490	1	0	next	other	0
12	532	Sound	test	8458926	0	1			0		other	0
12	532	Picture	response	8474106	15179	1	3166	1	15000	25000	incorrect	978
12	532	Port Input	1	8477138	18211	1
12	532	Response	3	8477138	18211	1
12	533	Picture	ITI	8478104	0	1	26658	1	0	next	other	0
12	534	Sound	test	8491545	0	1			0		other	0
12	534	Picture	response	8504762	13216	1	2499	1	13100	25000	incorrect	983
12	534	Port Input	1	8507175	15629	1
12	534	Response	3	8507175	15629	1
12	535	Picture	ITI	8508261	0	1	25658	1	0	next	other	0
12	536	Sound	test	8523102	0	1			0		other	0
12	536	Picture	response	8533918	10817	1	11496	1	10700	25000	incorrect	988
12	536	Port Input	2	8545343	22241	1
12	536	Response	4	8545343	22241	1
12	537	Picture	ITI	8546414	0	1	30490	1	0	next	other	0
12	538	Sound	test	8561875	0	1			0		other	0
12	538	Picture	response	8576904	15028	1	3332	1	15000	25000	incorrect	993
12	538	Port Input	1	8580045	18169	1
12	538	Response	3	8580045	18169	1
12	539	Picture	ITI	8581069	0	1	30490	1	0	next	other	0
12	540	Sound	test	8598280	0	1			0		other	0
12	540	Picture	response	8611559	13278	1	3166	1	13100	25000	incorrect	998
12	540	Port Input	1	8614653	16372	1
12	540	Response	3	8614653	16372	1
12	541	Picture	ITI	8615724	0	1	30989	1	0	next	other	0
12	542	Sound	test	8632585	0	1			0		other	0
12	542	Picture	response	8646713	14128	1	3665	1	14020	25000	incorrect	1003
12	542	Port Input	1	8650260	17674	1
12	542	Response	3	8650260	17674	1
12	543	Picture	ITI	8651378	0	1	22992	1	0	next	other	0
12	544	Sound	test	8664300	0	1			0		other	0
12	544	Picture	response	8674371	10071	1	5165	1	10000	25000	incorrect	1008
12	544	Port Input	2	8679474	15175	1
12	544	Response	4	8679474	15175	1
12	545	Picture	ITI	8680535	0	1	27157	1	0	next	other	0
12	546	Sound	test	8693526	0	1			0		other	0
12	546	Picture	response	8707692	14166	1	3499	1	14020	25000	incorrect	1013
12	546	Port Input	1	8710990	17464	1
12	546	Response	3	8710990	17464	1
12	547	Picture	ITI	8712024	0	1	26991	1	0	next	other	0
12	548	Sound	test	8726666	0	1			0		other	0
12	548	Picture	response	8739015	12350	1	4165	1	12250	25000	incorrect	1018
12	548	Port Input	1	8743016	16350	1
12	548	Response	3	8743016	16350	1
12	549	Picture	ITI	8744013	0	1	22992	1	0	next	other	0
12	550	Sound	test	8756165	0	1			0		other	0
12	550	Picture	response	8767006	10841	1	4498	1	10700	25000	incorrect	1023
12	550	Port Input	2	8771460	15295	1
12	550	Response	4	8771460	15295	1
12	551	Picture	ITI	8772504	0	1	27824	1	0	next	other	0
12	552	Sound	test	8790235	0	1			0		other	0
12	552	Picture	response	8800327	10093	1	4332	1	10000	25000	incorrect	1028
12	552	Port Input	2	8804589	14355	1
12	552	Response	4	8804589	14355	1
12	553	Picture	ITI	8805659	0	1	31989	1	0	next	other	0
12	554	Sound	test	8823550	0	1			0		other	0
12	554	Picture	response	8837648	14098	1	3832	1	14020	25000	incorrect	1033
12	554	Port Input	1	8841415	17865	1
12	554	Response	3	8841415	17865	1
12	555	Picture	ITI	8842480	0	1	29823	1	0	next	other	0
12	556	Sound	test	8859951	0	1			0		other	0
12	556	Picture	response	8872303	12352	1	9997	1	12250	25000	incorrect	1038
12	556	Port Input	2	8882249	22298	1
12	556	Response	4	8882249	22298	1
12	557	Picture	ITI	8883299	0	1	29323	1	0	next	other	0
12	558	Sound	test	8901060	0	1			0		other	0
12	558	Picture	response	8912623	11562	1	5498	1	11450	25000	incorrect	1043
12	558	Port Input	2	8917929	16868	1
12	558	Response	4	8917929	16868	1
12	559	Picture	ITI	8918954	0	1	33155	1	0	next	other	0
12	560	Sound	test	8936925	0	1			0		other	0
12	560	Picture	response	8952109	15184	1	3832	1	15000	25000	incorrect	1048
12	560	Port Input	1	8955837	18912	1
12	560	Response	3	8955837	18912	1
12	561	Picture	ITI	8956774	0	1	22826	1	0	next	other	0
12	562	Sound	test	8967185	0	1			0		other	0
12	562	Picture	response	8979600	12414	1	10163	1	12250	25000	incorrect	1053
12	562	Port Input	1	8989570	22385	1
12	562	Response	3	8989570	22385	1
12	563	Picture	ITI	8990596	0	1	22992	1	0	next	other	0
12	564	Sound	test	9003507	0	1			0		other	0
12	564	Picture	response	9013588	10081	1	5332	1	10000	25000	incorrect	1058
12	564	Port Input	2	9018764	15257	1
12	564	Response	4	9018764	15257	1
12	565	Picture	ITI	9019919	0	1	26491	1	0	next	other	0
12	566	Sound	test	9036381	0	1			0		other	0
12	566	Picture	response	9046410	10029	1	4165	1	10000	25000	incorrect	1063
12	566	Port Input	2	9050374	13993	1
12	566	Response	4	9050374	13993	1
12	567	Picture	ITI	9051408	0	1	32655	1	0	next	other	0
12	568	Sound	test	9068990	0	1			0		other	0
12	568	Picture	response	9084064	15074	1	3499	1	15000	25000	incorrect	1068
12	568	Port Input	1	9087522	18532	1
12	568	Response	3	9087522	18532	1
12	569	Picture	ITI	9088562	0	1	25491	1	0	next	other	0
12	570	Sound	test	9099844	0	1			0		other	0
12	570	Picture	response	9114054	14210	1	3332	1	14020	25000	incorrect	1073
12	570	Port Input	1	9117309	17465	1
12	570	Response	3	9117309	17465	1
12	571	Picture	ITI	9118386	0	1	33822	1	0	next	other	0
12	572	Sound	test	9138027	0	1			0		other	0
12	572	Picture	response	9152207	14181	1	4498	1	14020	25000	incorrect	1078
12	572	Port Input	1	9156581	18554	1
12	572	Response	3	9156581	18554	1
12	573	Picture	ITI	9157705	0	1	27824	1	0	next	other	0
12	574	Sound	test	9173187	0	1			0		other	0
12	574	Picture	response	9185529	12343	1	6498	1	12250	25000	incorrect	1083
12	574	Port Input	2	9191918	18731	1
12	574	Response	4	9191918	18731	1
12	575	Picture	ITI	9193027	0	1	29157	1	0	next	other	0
12	576	Sound	test	9209818	0	1			0		other	0
12	576	Picture	response	9222183	12365	1	3832	1	12250	25000	incorrect	1088
12	576	Port Input	2	9225880	16062	1
12	576	Response	4	9225880	16062	1
12	577	Picture	ITI	9227015	0	1	27990	1	0	next	other	0
12	578	Sound	test	9239926	0	1			0		other	0
12	578	Picture	response	9255006	15079	1	3665	1	15000	25000	incorrect	1093
12	578	Port Input	1	9258583	18656	1
12	578	Response	3	9258583	18656	1
12	579	Picture	ITI	9259671	0	1	28990	1	0	next	other	0
12	580	Sound	test	9276362	0	1			0		other	0
12	580	Picture	response	9288661	12299	1	3665	1	12250	25000	incorrect	1098
12	580	Port Input	1	9292149	15787	1
12	580	Response	3	9292149	15787	1
12	581	Picture	ITI	9293326	0	1	28324	1	0	next	other	0
12	582	Sound	test	9311587	0	1			0		other	0
12	582	Picture	response	9321649	10062	1	3499	1	10000	25000	incorrect	1103
12	582	Port Input	2	9324945	13358	1
12	582	Response	4	9324945	13358	1
12	583	Picture	ITI	9325981	0	1	24991	1	0	next	other	0
12	584	Sound	test	9337742	0	1			0		other	0
12	584	Picture	response	9350973	13230	1	4332	1	13100	25000	incorrect	1108
12	584	Port Input	1	9355160	17417	1
12	584	Response	3	9355160	17417	1
12	585	Picture	ITI	9356304	0	1	24158	1	0	next	other	0
12	586	Sound	test	9367276	0	1			0		other	0
12	586	Picture	response	9380463	13187	1	5165	1	13100	25000	incorrect	1113
12	586	Port Input	1	9385561	18286	1
12	586	Response	3	9385561	18286	1
12	587	Picture	ITI	9386627	0	1	26824	1	0	next	other	0
12	588	Sound	test	9398398	0	1			0		other	0
12	588	Picture	response	9413451	15053	1	2999	1	15000	25000	incorrect	1118
12	588	Port Input	1	9416400	18002	1
12	588	Response	3	9416400	18002	1
12	589	Picture	ITI	9417450	0	1	32156	1	0	next	other	0
12	590	Sound	test	9436431	0	1			0		other	0
12	590	Picture	response	9449606	13174	1	3499	1	13100	25000	incorrect	1123
12	590	Port Input	1	9452965	16534	1
12	590	Response	3	9452965	16534	1
12	591	Picture	ITI	9454104	0	1	27491	1	0	next	other	0
12	592	Sound	test	9470065	0	1			0		other	0
12	592	Picture	response	9481595	11529	1	5498	1	11450	25000	incorrect	1128
12	592	Port Input	2	9486980	16914	1
12	592	Response	4	9486980	16914	1
12	593	Picture	ITI	9488093	0	1	24991	1	0	next	other	0
12	594	Sound	test	9501515	0	1			0		other	0
12	594	Picture	response	9513084	11570	1	3332	1	11450	25000	incorrect	1133
12	594	Port Input	1	9516309	14794	1
12	594	Response	3	9516309	14794	1
12	595	Picture	ITI	9517416	0	1	23325	1	0	next	other	0
12	596	Sound	test	9529157	0	1			0		other	0
12	596	Picture	response	9540741	11584	1	3332	1	11450	25000	incorrect	1138
12	596	Port Input	1	9543962	14805	1
12	596	Response	3	9543962	14805	1
12	597	Picture	ITI	9545073	0	1	22159	1	0	next	other	0
12	598	Sound	test	9556394	0	1			0		other	0
12	598	Picture	response	9567232	10838	1	3332	1	10700	25000	incorrect	1143
12	598	Port Input	1	9570480	14085	1
12	598	Response	3	9570480	14085	1
12	599	Picture	ITI	9571564	0	1	30490	1	0	next	other	0
12	600	Sound	test	9587015	0	1			0		other	0
12	600	Picture	response	9602054	15038	1	2832	1	15000	25000	incorrect	1148
12	600	Port Input	1	9604744	17729	1
12	600	Response	3	9604744	17729	1
12	601	Picture	ITI	9605886	0	1	28657	1	0	next	other	0
12	602	Sound	test	9620467	0	1			0		other	0
12	602	Picture	response	9634543	14076	1	2166	1	14020	25000	incorrect	1153
12	602	Port Input	1	9636572	16105	1
12	602	Response	3	9636572	16105	1
12	603	Picture	ITI	9637708	0	1	29490	1	0	next	other	0
12	604	Sound	test	9654789	0	1			0		other	0
12	604	Picture	response	9667198	12409	1	2999	1	12250	25000	incorrect	1158
12	604	Port Input	1	9670045	15256	1
12	604	Response	3	9670045	15256	1
12	605	Picture	ITI	9671197	0	1	23159	1	0	next	other	0
12	606	Sound	test	9682038	0	1			0		other	0
12	606	Picture	response	9694355	12318	1	3166	1	12250	25000	incorrect	1163
12	606	Port Input	1	9697375	15337	1
12	606	Response	3	9697375	15337	1
12	607	Picture	ITI	9698521	0	1	28324	1	0	next	other	0
12	608	Sound	test	9716082	0	1			0		other	0
12	608	Picture	response	9726844	10762	1	16828	1	10700	25000	incorrect	1168
12	608	Port Input	1	9743488	27406	1
12	608	Response	3	9743488	27406	1
12	609	Picture	ITI	9744505	0	1	28157	1	0	next	other	0
12	610	Sound	test	9761906	0	1			0		other	0
12	610	Picture	response	9772662	10756	1	6831	1	10700	25000	incorrect	1173
12	610	Port Input	1	9779366	17459	1
12	610	Response	3	9779366	17459	1
12	611	Picture	ITI	9780493	0	1	26991	1	0	next	other	0
12	612	Sound	test	9796004	0	1			0		other	0
12	612	Picture	response	9807484	11480	1	5998	1	11450	25000	incorrect	1178
12	612	Port Input	2	9813401	17397	1
12	612	Response	4	9813401	17397	1
12	613	Picture	ITI	9814481	0	1	24492	1	0	next	other	0
12	614	Sound	test	9828122	0	1			0		other	0
12	614	Picture	response	9838973	10850	1	6165	1	10700	25000	incorrect	1183
12	614	Port Input	2	9845083	16961	1
12	614	Response	4	9845083	16961	1
12	615	Picture	ITI	9846137	0	1	28657	1	0	next	other	0
12	616	Sound	test	9862388	0	1			0		other	0
12	616	Picture	response	9874794	12406	1	3332	1	12250	25000	incorrect	1188
12	616	Port Input	1	9877931	15543	1
12	616	Response	3	9877931	15543	1
12	617	Picture	ITI	9878959	0	1	23492	1	0	next	other	0
12	618	Sound	test	9892290	0	1			0		other	0
12	618	Picture	response	9902451	10161	1	8164	1	10000	25000	incorrect	1193
12	618	Port Input	1	9910415	18125	1
12	618	Response	3	9910415	18125	1
12	618A	Port Input	1	9911227	811	1
12	619	Picture	ITI	9911448	0	1	28490	1	0	next	other	0
12	620	Sound	test	9924870	0	1			0		other	0
12	620	Picture	response	9939938	15069	1	1833	1	15000	25000	incorrect	1199
12	620	Port Input	1	9941608	16738	1
12	620	Response	3	9941608	16738	1
12	621	Picture	ITI	9942604	0	1	22659	1	0	next	other	0
12	622	Sound	test	9953665	0	1			0		other	0
12	622	Picture	response	9965263	11598	1	3499	1	11450	25000	incorrect	1204
12	622	Port Input	1	9968574	14908	1
12	622	Response	3	9968574	14908	1
12	623	Picture	ITI	9969595	0	1	30490	1	0	next	other	0
12	624	Sound	test	9985036	0	1			0		other	0
12	624	Picture	response	10000084	15048	1	2499	1	15000	25000	incorrect	1209
12	624	Port Input	1	10002411	17375	1
12	624	Response	3	10002411	17375	1
12	625	Picture	ITI	10003417	0	1	24991	1	0	next	other	0
12	626	Sound	test	10015278	0	1			0		other	0
12	626	Picture	response	10028408	13130	1	8164	1	13100	25000	incorrect	1214
12	626	Port Input	2	10036509	21231	1
12	626	Response	4	10036509	21231	1
12	627	Picture	ITI	10037572	0	1	23659	1	0	next	other	0
12	628	Sound	test	10049603	0	1			0		other	0
12	628	Picture	response	10061230	11627	1	3332	1	11450	25000	incorrect	1219
12	628	Port Input	2	10064370	14767	1
12	628	Response	4	10064370	14767	1
12	629	Picture	ITI	10065395	0	1	29323	1	0	next	other	0
12	630	Sound	test	10080587	0	1			0		other	0
12	630	Picture	response	10094719	14132	1	2499	1	14020	25000	incorrect	1224
12	630	Port Input	1	10097114	16527	1
12	630	Response	3	10097114	16527	1
12	631	Picture	ITI	10098218	0	1	33489	1	0	next	other	0
12	632	Sound	test	10116649	0	1			0		other	0
12	632	Picture	response	10131706	15057	1	3665	1	15000	25000	incorrect	1229
12	632	Port Input	1	10135220	18571	1
12	632	Response	3	10135220	18571	1
12	633	Picture	ITI	10136205	0	1	21159	1	0	next	other	0
12	634	Sound	test	10147326	0	1			0		other	0
12	634	Picture	response	10157364	10038	1	3999	1	10000	25000	incorrect	1234
12	634	Port Input	2	10161197	13871	1
12	634	Response	4	10161197	13871	1
12	635	Picture	ITI	10162196	0	1	24991	1	0	next	other	0
12	636	Sound	test	10176347	0	1			0		other	0
12	636	Picture	response	10187187	10840	1	3832	1	10700	25000	incorrect	1239
12	636	Port Input	2	10190818	14471	1
12	636	Response	4	10190818	14471	1
12	637	Picture	ITI	10191852	0	1	24991	1	0	next	other	0
12	638	Sound	test	10206694	0	1			0		other	0
12	638	Picture	response	10216844	10150	1	3166	1	10000	25000	incorrect	1244
12	638	Port Input	2	10219824	13130	1
12	638	Response	4	10219824	13130	1
12	639	Picture	ITI	10220842	0	1	25491	1	0	next	other	0
12	640	Sound	test	10232234	0	1			0		other	0
12	640	Picture	response	10246334	14100	1	3499	1	14020	25000	incorrect	1249
12	640	Port Input	1	10249642	17409	1
12	640	Response	3	10249642	17409	1
12	641	Picture	ITI	10250666	0	1	30823	1	0	next	other	0
12	642	Sound	test	10269987	0	1			0		other	0
12	642	Picture	response	10281488	11501	1	4998	1	11450	25000	incorrect	1254
12	642	Port Input	2	10286437	16450	1
12	642	Response	4	10286437	16450	1
12	643	Picture	ITI	10287486	0	1	29490	1	0	next	other	0
12	644	Sound	test	10303687	0	1			0		other	0
12	644	Picture	response	10316976	13289	1	2832	1	13100	25000	incorrect	1259
12	644	Port Input	1	10319660	15972	1
12	644	Response	3	10319660	15972	1
12	645	Picture	ITI	10320808	0	1	28157	1	0	next	other	0
12	646	Sound	test	10334799	0	1			0		other	0
12	646	Picture	response	10348965	14166	1	2499	1	14020	25000	incorrect	1264
12	646	Port Input	1	10351404	16605	1
12	646	Response	3	10351404	16605	1
12	647	Picture	ITI	10352464	0	1	32322	1	0	next	other	0
12	648	Sound	test	10372445	0	1			0		other	0
12	648	Picture	response	10384786	12341	1	5665	1	12250	25000	incorrect	1269
12	648	Port Input	1	10390343	17898	1
12	648	Response	3	10390343	17898	1
12	649	Picture	ITI	10391451	0	1	21992	1	0	next	other	0
12	650	Sound	test	10403252	0	1			0		other	0
12	650	Picture	response	10413443	10191	1	3166	1	10000	25000	incorrect	1274
12	650	Port Input	2	10416476	13224	1
12	650	Response	4	10416476	13224	1
12	651	Picture	ITI	10417608	0	1	25491	1	0	next	other	0
12	652	Sound	test	10430740	0	1			0		other	0
12	652	Picture	response	10443100	12360	1	2999	1	12250	25000	incorrect	1279
12	652	Port Input	1	10445920	15180	1
12	652	Response	3	10445920	15180	1
12	653	Picture	ITI	10446932	0	1	29657	1	0	next	other	0
12	654	Sound	test	10464993	0	1			0		other	0
12	654	Picture	response	10476588	11595	1	3832	1	11450	25000	incorrect	1284
12	654	Port Input	2	10480257	15264	1
12	654	Response	4	10480257	15264	1
12	655	Picture	ITI	10481420	0	1	26491	1	0	next	other	0
12	656	Sound	test	10497111	0	1			0		other	0
12	656	Picture	response	10507911	10800	1	3499	1	10700	25000	incorrect	1289
12	656	Port Input	2	10511242	14131	1
12	656	Response	4	10511242	14131	1
12	657	Picture	ITI	10512409	0	1	30656	1	0	next	other	0
12	658	Sound	test	10529021	0	1			0		other	0
12	658	Picture	response	10543066	14045	1	3499	1	14020	25000	incorrect	1294
12	658	Port Input	1	10546391	17370	1
12	658	Response	3	10546391	17370	1
12	659	Picture	ITI	10547397	0	1	30323	1	0	next	other	0
12	660	Sound	test	10562569	0	1			0		other	0
12	660	Picture	response	10577720	15152	1	3332	1	15000	25000	incorrect	1299
12	660	Port Input	1	10580863	18295	1
12	660	Response	3	10580863	18295	1
12	661	Picture	ITI	10581886	0	1	26324	1	0	next	other	0
12	662	Sound	test	10598027	0	1			0		other	0
12	662	Picture	response	10608210	10183	1	4165	1	10000	25000	incorrect	1304
12	662	Port Input	2	10612202	14175	1
12	662	Response	4	10612202	14175	1
12	663	Picture	ITI	10613208	0	1	23659	1	0	next	other	0
12	664	Sound	test	10626699	0	1			0		other	0
12	664	Picture	response	10636867	10167	1	3999	1	10000	25000	incorrect	1309
12	664	Port Input	2	10640823	14124	1
12	664	Response	4	10640823	14124	1
12	665	Picture	ITI	10641865	0	1	21992	1	0	next	other	0
12	666	Sound	test	10653106	0	1			0		other	0
12	666	Picture	response	10663858	10751	1	3499	1	10700	25000	incorrect	1314
12	666	Port Input	2	10667279	14173	1
12	666	Response	4	10667279	14173	1
12	667	Picture	ITI	10668356	0	1	23825	1	0	next	other	0
12	668	Sound	test	10682097	0	1			0		other	0
12	668	Picture	response	10692181	10084	1	4165	1	10000	25000	incorrect	1319
12	668	Port Input	2	10696254	14157	1
12	668	Response	4	10696254	14157	1
12	669	Picture	ITI	10697346	0	1	26658	1	0	next	other	0
12	670	Sound	test	10710857	0	1			0		other	0
12	670	Picture	response	10724004	13146	1	3499	1	13100	25000	incorrect	1324
12	670	Port Input	1	10727395	16537	1
12	670	Response	3	10727395	16537	1
12	671	Picture	ITI	10728502	0	1	32156	1	0	next	other	0
12	672	Sound	test	10745553	0	1			0		other	0
12	672	Picture	response	10760658	15104	1	3665	1	15000	25000	incorrect	1329
12	672	Port Input	1	10764241	18688	1
12	672	Response	3	10764241	18688	1
12	673	Picture	ITI	10765323	0	1	20160	1	0	next	other	0
12	674	Picture	Instruction	10785483	0	1	1112897	1	0	next	other	0
12	674	Quit		11892622	1107140	NA


{
   "app": "Presentation Version 20.2 Build 07.25.18",
   "device": "LENOVO 10A8S1PC00",
   "experiment": "{772213B2-5F0F-4A35-9C2F-36954700C7EA}",
   "os": "Windows 7 64 bit",
   "package": "",
   "parameters": {
      "configuration": "Default configuration"
   },
   "scenario": "Timing Task with Dynanometer.sce",
   "subject": "12",
   "timestamp": "2019/03/08 04:02:51 GMT"
}
