Scenario - Timing Task
Logfile written - 03/09/2019 13:52:29

Subject	Trial	Event Type	Code	Time	TTime	Uncertainty	Duration	Uncertainty	ReqTime	ReqDur	Stim Type	Pair Index

15	1	Picture	Instruction	500	0	1	253413	1	0	next	other	0
15	1	Response	1	248836	248337	0
15	2	Picture	ITI	253913	0	1	10496	1	0	next	other	0
15	3	Sound	Stimuli	263929	0	410			0		other	0
15	4	Picture	Feedback	294399	0	1	20160	1	0	next	other	0
15	5	Picture	ITI	314559	0	1	10163	1	0	next	other	0
15	6	Sound	Stimuli	324560	0	1			0		other	0
15	7	Picture	Feedback	359544	0	1	20160	1	0	next	other	0
15	8	Picture	ITI	379703	0	1	10163	1	0	next	other	0
15	9	Sound	Stimuli	389705	0	1			0		other	0
15	10	Picture	Feedback	419856	0	1	20160	1	0	next	other	0
15	11	Picture	ITI	440016	0	1	10163	1	0	next	other	0
15	12	Sound	Stimuli	450017	0	1			0		other	0
15	13	Picture	Feedback	485167	0	1	20160	1	0	next	other	0
15	14	Picture	ITI	505327	0	1	10163	1	0	next	other	0
15	15	Sound	Stimuli	515329	0	1			0		other	0
15	16	Picture	Feedback	545480	0	1	20160	1	0	next	other	0
15	17	Picture	ITI	565640	0	1	10163	1	0	next	other	0
15	18	Sound	Stimuli	575641	0	1			0		other	0
15	19	Picture	Feedback	610791	0	1	20160	1	0	next	other	0
15	20	Picture	ITI	630951	0	1	10163	1	0	next	other	0
15	21	Sound	Stimuli	640952	0	1			0		other	0
15	22	Picture	Feedback	670937	0	1	20160	1	0	next	other	0
15	23	Picture	ITI	691097	0	1	10163	1	0	next	other	0
15	24	Sound	Stimuli	701099	0	1			0		other	0
15	25	Picture	Feedback	736248	0	1	20160	1	0	next	other	0
15	26	Picture	ITI	756408	0	1	10163	1	0	next	other	0
15	27	Sound	Stimuli	766409	0	1			0		other	0
15	28	Picture	Feedback	796561	0	1	20160	1	0	next	other	0
15	29	Picture	ITI	816721	0	1	10163	1	0	next	other	0
15	30	Sound	Stimuli	826722	0	1			0		other	0
15	31	Picture	Feedback	861872	0	1	20160	1	0	next	other	0
15	32	Picture	End_Block	882032	0	1	40486	1	0	next	other	0
15	32	Response	1	922428	40396	0
15	33	Picture	ITI	922518	0	1	10163	1	0	next	other	0
15	34	Picture	Break	932681	0	1	17827	1	0	next	other	0
15	34	Response	1	950347	17666	0
15	35	Picture	ITI	950509	0	1	10163	1	0	next	other	0
15	36	Picture	Instruction	960672	0	1	56481	1	0	next	other	0
15	36	Response	1	1012026	51355	0
15	37	Picture	ITI	1017152	0	1	33655	1	0	next	other	0
15	38	Sound	Practice	1035644	0	1			0		other	0
15	38	Picture	response	1050808	15164	1	4332	1	15000	25000	hit	45
15	38	Port Input	2	1055006	19362	1
15	38	Response	4	1055006	19362	1
15	39	Picture	ITI	1065136	0	1	26824	1	0	next	other	0
15	40	Sound	Practice	1076928	0	1			0		other	0
15	40	Picture	response	1091960	15033	1	3999	1	15000	25000	hit	50
15	40	Port Input	2	1095788	18861	1
15	40	Response	4	1095788	18861	1
15	41	Picture	ITI	1105955	0	1	20660	1	0	next	other	0
15	42	Sound	Practice	1116497	0	1			0		other	0
15	42	Picture	response	1126615	10118	1	7497	1	10000	25000	hit	55
15	42	Port Input	1	1133926	17429	1
15	42	Response	3	1133926	17429	1
15	43	Picture	ITI	1144109	0	1	28657	1	0	next	other	0
15	44	Sound	Practice	1157721	0	1			0		other	0
15	44	Picture	response	1172766	15045	1	4498	1	15000	25000	hit	60
15	44	Port Input	2	1177124	19403	1
15	44	Response	4	1177124	19403	1
15	45	Picture	ITI	1187261	0	1	27824	1	0	next	other	0
15	46	Sound	Practice	1200012	0	1			0		other	0
15	46	Picture	response	1215085	15072	1	4165	1	15000	25000	hit	65
15	46	Port Input	2	1219155	19143	1
15	46	Response	4	1219155	19143	1
15	47	Picture	ITI	1229247	0	1	25491	1	0	next	other	0
15	48	Sound	Practice	1244548	0	1			0		other	0
15	48	Picture	response	1254738	10190	1	5165	1	10000	25000	hit	70
15	48	Port Input	1	1259854	15306	1
15	48	Response	3	1259854	15306	1
15	49	Picture	ITI	1269899	0	1	28157	1	0	next	other	0
15	50	Sound	Practice	1282961	0	1			0		other	0
15	50	Picture	response	1298056	15096	1	10496	1	15000	25000	hit	75
15	50	Port Input	2	1308403	25442	1
15	50	Response	4	1308403	25442	1
15	51	Picture	ITI	1318550	0	1	28157	1	0	next	other	0
15	52	Sound	Practice	1331591	0	1			0		other	0
15	52	Picture	response	1346707	15116	1	5831	1	15000	25000	incorrect	80
15	52	Port Input	1	1352361	20770	1
15	52	Response	3	1352361	20770	1
15	53	Picture	ITI	1362534	0	1	21159	1	0	next	other	0
15	54	Sound	Practice	1373646	0	1			0		other	0
15	54	Picture	response	1383694	10048	1	5331	1	10000	25000	hit	85
15	54	Port Input	1	1388833	15187	1
15	54	Response	3	1388833	15187	1
15	55	Picture	ITI	1399022	0	1	27657	1	0	next	other	0
15	56	Sound	Practice	1411524	0	1			0		other	0
15	56	Picture	response	1426679	15155	1	3832	1	15000	25000	hit	90
15	56	Port Input	2	1430365	18841	1
15	56	Response	4	1430365	18841	1
15	57	Picture	ITI	1440508	0	1	29323	1	0	next	other	0
15	58	Sound	Practice	1459689	0	1			0		other	0
15	58	Picture	response	1469831	10142	1	5165	1	10000	25000	hit	95
15	58	Port Input	1	1474916	15227	1
15	58	Response	3	1474916	15227	1
15	59	Picture	ITI	1484993	0	1	27824	1	0	next	other	0
15	60	Sound	Practice	1497634	0	1			0		other	0
15	60	Picture	response	1512816	15182	1	3665	1	15000	25000	hit	100
15	60	Port Input	2	1516438	18804	1
15	60	Response	4	1516438	18804	1
15	61	Picture	ITI	1526478	0	1	32322	1	0	next	other	0
15	62	Sound	Practice	1543660	0	1			0		other	0
15	62	Picture	response	1558801	15141	1	7997	1	15000	25000	hit	105
15	62	Port Input	2	1566715	23055	1
15	62	Response	4	1566715	23055	1
15	63	Picture	ITI	1576795	0	1	33822	1	0	next	other	0
15	64	Sound	Practice	1595456	0	1			0		other	0
15	64	Picture	response	1610616	15160	1	3999	1	15000	25000	hit	110
15	64	Port Input	2	1614431	18975	1
15	64	Response	4	1614431	18975	1
15	65	Picture	ITI	1624612	0	1	28157	1	0	next	other	0
15	66	Sound	Practice	1642683	0	1			0		other	0
15	66	Picture	response	1652769	10086	1	5665	1	10000	25000	hit	115
15	66	Port Input	1	1658358	15675	1
15	66	Response	3	1658358	15675	1
15	67	Picture	ITI	1668430	0	1	27157	1	0	next	other	0
15	68	Sound	Practice	1680531	0	1			0		other	0
15	68	Picture	response	1695587	15056	1	4998	1	15000	25000	hit	120
15	68	Port Input	2	1700515	19983	1
15	68	Response	4	1700515	19983	1
15	69	Picture	ITI	1710582	0	1	26824	1	0	next	other	0
15	70	Sound	Practice	1722254	0	1			0		other	0
15	70	Picture	response	1737406	15153	1	5998	1	15000	25000	incorrect	125
15	70	Port Input	1	1743358	21105	1
15	70	Response	3	1743358	21105	1
15	71	Picture	ITI	1753401	0	1	25491	1	0	next	other	0
15	72	Sound	Practice	1763862	0	1			0		other	0
15	72	Picture	response	1778892	15030	1	9830	1	15000	25000	incorrect	130
15	72	Port Input	1	1788680	24818	1
15	72	Response	3	1788680	24818	1
15	73	Picture	ITI	1798719	0	1	20493	1	0	next	other	0
15	74	Sound	Practice	1809110	0	1			0		other	0
15	74	Picture	response	1819212	10102	1	4332	1	10000	25000	hit	135
15	74	Port Input	1	1823361	14251	1
15	74	Response	3	1823361	14251	1
15	75	Picture	ITI	1833540	0	1	22159	1	0	next	other	0
15	76	Sound	Practice	1845542	0	1			0		other	0
15	76	Picture	response	1855699	10158	1	4998	1	10000	25000	hit	140
15	76	Port Input	1	1860499	14957	1
15	76	Response	3	1860499	14957	1
15	77	Picture	ITI	1870528	0	1	35155	1	0	next	other	0
15	78	Sound	Practice	1890519	0	1			0		other	0
15	78	Picture	response	1905682	15163	1	3832	1	15000	25000	hit	145
15	78	Port Input	2	1909340	18821	1
15	78	Response	4	1909340	18821	1
15	79	Picture	ITI	1919511	0	1	23825	1	0	next	other	0
15	80	Sound	Practice	1933242	0	1			0		other	0
15	80	Picture	response	1943336	10094	1	5831	1	10000	25000	hit	150
15	80	Port Input	1	1949019	15776	1
15	80	Response	3	1949019	15776	1
15	81	Picture	ITI	1959164	0	1	27657	1	0	next	other	0
15	82	Sound	Practice	1976775	0	1			0		other	0
15	82	Picture	response	1986821	10046	1	4832	1	10000	25000	hit	155
15	82	Port Input	1	1991508	14733	1
15	82	Response	3	1991508	14733	1
15	83	Picture	ITI	2001650	0	1	29823	1	0	next	other	0
15	84	Sound	Practice	2016381	0	1			0		other	0
15	84	Picture	response	2031473	15092	1	7664	1	15000	25000	hit	160
15	84	Port Input	2	2038964	22584	1
15	84	Response	4	2038964	22584	1
15	85	Picture	ITI	2049133	0	1	25158	1	0	next	other	0
15	86	Sound	Practice	2064235	0	1			0		other	0
15	86	Picture	response	2074291	10057	1	6498	1	10000	25000	hit	165
15	86	Port Input	1	2080684	16449	1
15	86	Response	3	2080684	16449	1
15	87	Picture	ITI	2090786	0	1	29490	1	0	next	other	0
15	88	Sound	Practice	2110237	0	1			0		other	0
15	88	Picture	response	2120276	10039	1	5498	1	10000	25000	hit	170
15	88	Port Input	1	2125641	15404	1
15	88	Response	3	2125641	15404	1
15	89	Picture	ITI	2135770	0	1	21159	1	0	next	other	0
15	90	Sound	Practice	2146862	0	1			0		other	0
15	90	Picture	response	2156930	10068	1	4832	1	10000	25000	hit	175
15	90	Port Input	1	2161603	14741	1
15	90	Response	3	2161603	14741	1
15	91	Picture	ITI	2171758	0	1	24825	1	0	next	other	0
15	92	Sound	Practice	2186410	0	1			0		other	0
15	92	Picture	response	2196583	10173	1	4498	1	10000	25000	hit	180
15	92	Port Input	1	2200958	14549	1
15	92	Response	3	2200958	14549	1
15	93	Picture	Break	2211078	0	1	18827	1	0	next	other	0
15	93	Response	1	2229692	18614	0
15	94	Picture	Instruction	2229905	0	1	36488	1	0	next	other	0
15	94	Response	1	2266251	36346	0
15	95	Picture	ITI	2266392	0	1	15162	1	0	next	other	0
15	96	Picture	ITI	2281554	0	1	25325	1	0	next	other	0
15	97	Sound	test	2295275	0	1			0		other	0
15	97	Picture	response	2306879	11603	1	8830	1	11450	25000	incorrect	190
15	97	Port Input	1	2315538	20263	1
15	97	Response	3	2315538	20263	1
15	98	Picture	ITI	2316542	0	1	28490	1	0	next	other	0
15	99	Sound	test	2332623	0	1			0		other	0
15	99	Picture	response	2345032	12409	1	9663	1	12250	25000	incorrect	195
15	99	Port Input	1	2354498	21875	1
15	99	Response	3	2354498	21875	1
15	100	Picture	ITI	2355529	0	1	30656	1	0	next	other	0
15	101	Sound	test	2372080	0	1			0		other	0
15	101	Picture	response	2386185	14105	1	8997	1	14020	25000	incorrect	200
15	101	Port Input	2	2394979	22899	1
15	101	Response	4	2394979	22899	1
15	102	Picture	ITI	2396015	0	1	25325	1	0	next	other	0
15	103	Sound	test	2411176	0	1			0		other	0
15	103	Picture	response	2421340	10163	1	5332	1	10000	25000	incorrect	205
15	103	Port Input	1	2426526	15350	1
15	103	Response	3	2426526	15350	1
15	104	Picture	ITI	2427504	0	1	25158	1	0	next	other	0
15	105	Sound	test	2440355	0	1			0		other	0
15	105	Picture	response	2452662	12307	1	17161	1	12250	25000	incorrect	210
15	105	Port Input	2	2469682	29327	1
15	105	Response	4	2469682	29327	1
15	106	Picture	ITI	2470823	0	1	29990	1	0	next	other	0
15	107	Sound	test	2490024	0	1			0		other	0
15	107	Picture	response	2500812	10789	1	8330	1	10700	25000	incorrect	215
15	107	Port Input	1	2509006	18983	1
15	107	Response	3	2509006	18983	1
15	108	Picture	ITI	2510143	0	1	28824	1	0	next	other	0
15	109	Sound	test	2524864	0	1			0		other	0
15	109	Picture	response	2538966	14102	1	3665	1	14020	25000	incorrect	220
15	109	Port Input	2	2542553	17689	1
15	109	Response	4	2542553	17689	1
15	110	Picture	ITI	2543631	0	1	26158	1	0	next	other	0
15	111	Sound	test	2555642	0	1			0		other	0
15	111	Picture	response	2569789	14147	1	3832	1	14020	25000	incorrect	225
15	111	Port Input	2	2573558	17916	1
15	111	Response	4	2573558	17916	1
15	112	Picture	ITI	2574620	0	1	20660	1	0	next	other	0
15	113	Sound	test	2585102	0	1			0		other	0
15	113	Picture	response	2595280	10178	1	4332	1	10000	25000	incorrect	230
15	113	Port Input	1	2599462	14361	1
15	113	Response	3	2599462	14361	1
15	114	Picture	ITI	2600445	0	1	25158	1	0	next	other	0
15	115	Sound	test	2610456	0	1			0		other	0
15	115	Picture	response	2625603	15147	1	3166	1	15000	25000	incorrect	235
15	115	Port Input	2	2628625	18169	1
15	115	Response	4	2628625	18169	1
15	116	Picture	ITI	2629602	0	1	29657	1	0	next	other	0
15	117	Sound	test	2646103	0	1			0		other	0
15	117	Picture	response	2659258	13155	1	8664	1	13100	25000	incorrect	240
15	117	Port Input	1	2667877	21774	1
15	117	Response	3	2667877	21774	1
15	118	Picture	ITI	2668922	0	1	25824	1	0	next	other	0
15	119	Sound	test	2679633	0	1			0		other	0
15	119	Picture	response	2694746	15113	1	6331	1	15000	25000	incorrect	245
15	119	Port Input	1	2700882	21249	1
15	119	Response	3	2700882	21249	1
15	120	Picture	ITI	2701910	0	1	26991	1	0	next	other	0
15	121	Sound	test	2718792	0	1			0		other	0
15	121	Picture	response	2728901	10110	1	4332	1	10000	25000	incorrect	250
15	121	Port Input	1	2733189	14397	1
15	121	Response	3	2733189	14397	1
15	122	Picture	ITI	2734233	0	1	28324	1	0	next	other	0
15	123	Sound	test	2748434	0	1			0		other	0
15	123	Picture	response	2762556	14122	1	10163	1	14020	25000	incorrect	255
15	123	Port Input	2	2772587	24153	1
15	123	Response	4	2772587	24153	1
15	124	Picture	ITI	2773719	0	1	29657	1	0	next	other	0
15	125	Sound	test	2793310	0	1			0		other	0
15	125	Picture	response	2803376	10065	1	4998	1	10000	25000	incorrect	260
15	125	Port Input	1	2808236	14925	1
15	125	Response	3	2808236	14925	1
15	126	Picture	ITI	2809207	0	1	30156	1	0	next	other	0
15	127	Sound	test	2824198	0	1			0		other	0
15	127	Picture	response	2839363	15165	1	5165	1	15000	25000	incorrect	265
15	127	Port Input	1	2844437	20239	1
15	127	Response	3	2844437	20239	1
15	128	Picture	ITI	2845528	0	1	24325	1	0	next	other	0
15	129	Sound	test	2856619	0	1			0		other	0
15	129	Picture	response	2869853	13234	1	3999	1	13100	25000	incorrect	270
15	129	Port Input	2	2873694	17074	1
15	129	Response	4	2873694	17074	1
15	130	Picture	ITI	2874851	0	1	25825	1	0	next	other	0
15	131	Sound	test	2890593	0	1			0		other	0
15	131	Picture	response	2900676	10083	1	5165	1	10000	25000	incorrect	275
15	131	Port Input	1	2905657	15065	1
15	131	Response	3	2905657	15065	1
15	132	Picture	ITI	2906674	0	1	28824	1	0	next	other	0
15	133	Sound	test	2924745	0	1			0		other	0
15	133	Picture	response	2935497	10752	1	4498	1	10700	25000	incorrect	280
15	133	Port Input	1	2939859	15114	1
15	133	Response	3	2939859	15114	1
15	134	Picture	ITI	2940829	0	1	31989	1	0	next	other	0
15	135	Sound	test	2959640	0	1			0		other	0
15	135	Picture	response	2972818	13178	1	11163	1	13100	25000	incorrect	285
15	135	Port Input	1	2983807	24167	1
15	135	Response	3	2983807	24167	1
15	136	Picture	ITI	2984814	0	1	22826	1	0	next	other	0
15	137	Sound	test	2996025	0	1			0		other	0
15	137	Picture	response	3007639	11614	1	4498	1	11450	25000	incorrect	290
15	137	Port Input	1	3011960	15935	1
15	137	Response	3	3011960	15935	1
15	138	Picture	ITI	3012971	0	1	24325	1	0	next	other	0
15	139	Sound	test	3024972	0	1			0		other	0
15	139	Picture	response	3037296	12324	1	5332	1	12250	25000	incorrect	295
15	139	Port Input	1	3042580	17608	1
15	139	Response	3	3042580	17608	1
15	140	Picture	ITI	3043627	0	1	31656	1	0	next	other	0
15	141	Sound	test	3062048	0	1			0		other	0
15	141	Picture	response	3075283	13235	1	3999	1	13100	25000	incorrect	300
15	141	Port Input	2	3079156	17108	1
15	141	Response	4	3079156	17108	1
15	142	Picture	ITI	3080115	0	1	24991	1	0	next	other	0
15	143	Sound	test	3094326	0	1			0		other	0
15	143	Picture	response	3105106	10780	1	6998	1	10700	25000	incorrect	305
15	143	Port Input	1	3111942	17616	1
15	143	Response	3	3111942	17616	1
15	144	Picture	ITI	3112937	0	1	24325	1	0	next	other	0
15	145	Sound	test	3124919	0	2			0		other	0
15	145	Picture	response	3137262	12343	1	9164	1	12250	25000	incorrect	310
15	145	Port Input	1	3146290	21371	1
15	145	Response	3	3146290	21371	1
15	146	Picture	ITI	3147425	0	1	30156	1	0	next	other	0
15	147	Sound	test	3166756	0	1			0		other	0
15	147	Picture	response	3177581	10825	1	5498	1	10700	25000	incorrect	315
15	147	Port Input	1	3182960	16204	1
15	147	Response	3	3182960	16204	1
15	148	Picture	ITI	3183912	0	1	30656	1	0	next	other	0
15	149	Sound	test	3203074	0	1			0		other	0
15	149	Picture	response	3214569	11495	1	5498	1	11450	25000	incorrect	320
15	149	Port Input	1	3219942	16868	1
15	149	Response	3	3219942	16868	1
15	150	Picture	ITI	3220900	0	1	23659	1	0	next	other	0
15	151	Sound	test	3234531	0	1			0		other	0
15	151	Picture	response	3244558	10027	1	4332	1	10000	25000	incorrect	325
15	151	Port Input	1	3248844	14313	1
15	151	Response	3	3248844	14313	1
15	152	Picture	ITI	3249890	0	1	27491	1	0	next	other	0
15	153	Sound	test	3265041	0	1			0		other	0
15	153	Picture	response	3277380	12339	1	4332	1	12250	25000	incorrect	330
15	153	Port Input	2	3281568	16527	1
15	153	Response	4	3281568	16527	1
15	154	Picture	ITI	3282712	0	1	20993	1	0	next	other	0
15	155	Sound	test	3292863	0	1			0		other	0
15	155	Picture	response	3303705	10841	1	5665	1	10700	25000	incorrect	335
15	155	Port Input	1	3309315	16452	1
15	155	Response	3	3309315	16452	1
15	156	Picture	ITI	3310369	0	1	27824	1	0	next	other	0
15	157	Sound	test	3328130	0	1			0		other	0
15	157	Picture	response	3338193	10063	1	5498	1	10000	25000	incorrect	340
15	157	Port Input	1	3343496	15366	1
15	157	Response	3	3343496	15366	1
15	158	Picture	ITI	3344524	0	1	31323	1	0	next	other	0
15	159	Sound	test	3363525	0	1			0		other	0
15	159	Picture	response	3375847	12321	1	7997	1	12250	25000	incorrect	345
15	159	Port Input	2	3383643	20118	1
15	159	Response	4	3383643	20118	1
15	160	Picture	ITI	3384677	0	1	27824	1	0	next	other	0
15	161	Sound	test	3400978	0	1			0		other	0
15	161	Picture	response	3412501	11523	1	5498	1	11450	25000	incorrect	350
15	161	Port Input	1	3417950	16971	1
15	161	Response	3	3417950	16971	1
15	162	Picture	ITI	3418999	0	1	30323	1	0	next	other	0
15	163	Sound	test	3435160	0	1			0		other	0
15	163	Picture	response	3449322	14162	1	3665	1	14020	25000	incorrect	355
15	163	Port Input	2	3452839	17679	1
15	163	Response	4	3452839	17679	1
15	164	Picture	ITI	3453820	0	1	26324	1	0	next	other	0
15	165	Sound	test	3465961	0	1			0		other	0
15	165	Picture	response	3480145	14183	1	3665	1	14020	25000	incorrect	360
15	165	Port Input	2	3483741	17779	1
15	165	Response	4	3483741	17779	1
15	166	Picture	ITI	3484810	0	1	29823	1	0	next	other	0
15	167	Sound	test	3504521	0	1			0		other	0
15	167	Picture	response	3514633	10112	1	4832	1	10000	25000	incorrect	365
15	167	Port Input	1	3519327	14806	1
15	167	Response	3	3519327	14806	1
15	168	Picture	ITI	3520298	0	1	27491	1	0	next	other	0
15	169	Sound	test	3534579	0	1			0		other	0
15	169	Picture	response	3547788	13209	1	4498	1	13100	25000	incorrect	370
15	169	Port Input	2	3552239	17660	1
15	169	Response	4	3552239	17660	1
15	170	Picture	ITI	3553286	0	1	31323	1	0	next	other	0
15	171	Sound	test	3569507	0	1			0		other	0
15	171	Picture	response	3584609	15101	1	3499	1	15000	25000	incorrect	375
15	171	Port Input	2	3587971	18464	1
15	171	Response	4	3587971	18464	1
15	172	Picture	ITI	3589107	0	1	31489	1	0	next	other	0
15	173	Sound	test	3608299	0	1			0		other	0
15	173	Picture	response	3620597	12298	1	6331	1	12250	25000	incorrect	380
15	173	Port Input	1	3626723	18425	1
15	173	Response	3	3626723	18425	1
15	174	Picture	ITI	3627761	0	1	32656	1	0	next	other	0
15	175	Sound	test	3647132	0	1			0		other	0
15	175	Picture	response	3660416	13284	1	3999	1	13100	25000	incorrect	385
15	175	Port Input	2	3664340	17208	1
15	175	Response	4	3664340	17208	1
15	176	Picture	ITI	3665415	0	1	26991	1	0	next	other	0
15	177	Sound	test	3682336	0	1			0		other	0
15	177	Picture	response	3692405	10070	1	5332	1	10000	25000	incorrect	390
15	177	Port Input	1	3697616	15280	1
15	177	Response	3	3697616	15280	1
15	178	Picture	ITI	3698737	0	1	29157	1	0	next	other	0
15	179	Sound	test	3714728	0	1			0		other	0
15	179	Picture	response	3727893	13165	1	5331	1	13100	25000	incorrect	395
15	179	Port Input	1	3733171	18444	1
15	179	Response	3	3733171	18444	1
15	180	Picture	ITI	3734224	0	1	29157	1	0	next	other	0
15	181	Sound	test	3750996	0	1			0		other	0
15	181	Picture	response	3763381	12385	1	12829	1	12250	25000	incorrect	400
15	181	Port Input	1	3776098	25102	1
15	181	Response	3	3776098	25102	1
15	182	Picture	ITI	3777210	0	1	23825	1	0	next	other	0
15	183	Sound	test	3788601	0	1			0		other	0
15	183	Picture	response	3801035	12434	1	4998	1	12250	25000	incorrect	405
15	183	Port Input	1	3805896	17295	1
15	183	Response	3	3805896	17295	1
15	184	Picture	ITI	3807033	0	1	32322	1	0	next	other	0
15	185	Sound	test	3824324	0	1			0		other	0
15	185	Picture	response	3839355	15031	1	4832	1	15000	25000	incorrect	410
15	185	Port Input	1	3844024	19700	1
15	185	Response	3	3844024	19700	1
15	186	Picture	ITI	3845020	0	1	30989	1	0	next	other	0
15	187	Sound	test	3861811	0	1			0		other	0
15	187	Picture	response	3876009	14198	1	3832	1	14020	25000	incorrect	415
15	187	Port Input	2	3879715	17904	1
15	187	Response	4	3879715	17904	1
15	188	Picture	ITI	3880841	0	1	23992	1	0	next	other	0
15	189	Sound	test	3891692	0	1			0		other	0
15	189	Picture	response	3904833	13141	1	10663	1	13100	25000	incorrect	420
15	189	Port Input	2	3915427	23734	1
15	189	Response	4	3915427	23734	1
15	190	Picture	ITI	3916496	0	1	29657	1	0	next	other	0
15	191	Sound	test	3931957	0	1			0		other	0
15	191	Picture	response	3946152	14195	1	10663	1	14020	25000	incorrect	425
15	191	Port Input	2	3956709	24752	1
15	191	Response	4	3956709	24752	1
15	192	Picture	ITI	3957815	0	1	29657	1	0	next	other	0
15	193	Sound	test	3974326	0	1			0		other	0
15	193	Picture	response	3987471	13145	1	4332	1	13100	25000	incorrect	430
15	193	Port Input	2	3991650	17324	1
15	193	Response	4	3991650	17324	1
15	194	Picture	ITI	3992636	0	1	25158	1	0	next	other	0
15	195	Sound	test	4002727	0	1			0		other	0
15	195	Picture	response	4017794	15067	1	4832	1	15000	25000	incorrect	435
15	195	Port Input	2	4022583	19855	1
15	195	Response	4	4022583	19855	1
15	196	Picture	ITI	4023626	0	1	26158	1	0	next	other	0
15	197	Sound	test	4039717	0	1			0		other	0
15	197	Picture	response	4049783	10066	1	6498	1	10000	25000	incorrect	440
15	197	Port Input	1	4056150	16433	1
15	197	Response	3	4056150	16433	1
15	198	Picture	ITI	4057114	0	1	27824	1	0	next	other	0
15	199	Sound	test	4074865	0	1			0		other	0
15	199	Picture	response	4084938	10073	1	6664	1	10000	25000	incorrect	445
15	199	Port Input	1	4091508	16642	1
15	199	Response	3	4091508	16642	1
15	200	Picture	ITI	4092602	0	1	25658	1	0	next	other	0
15	201	Sound	test	4105843	0	1			0		other	0
15	201	Picture	response	4118260	12417	1	6664	1	12250	25000	incorrect	450
15	201	Port Input	1	4124877	19034	1
15	201	Response	3	4124877	19034	1
15	202	Picture	ITI	4125924	0	1	26324	1	0	next	other	0
15	203	Sound	test	4137135	0	1			0		other	0
15	203	Picture	response	4152248	15113	1	6664	1	15000	25000	incorrect	455
15	203	Port Input	2	4158819	21684	1
15	203	Response	4	4158819	21684	1
15	204	Picture	ITI	4159912	0	1	26824	1	0	next	other	0
15	205	Sound	test	4171594	0	1			0		other	0
15	205	Picture	response	4186737	15143	1	3999	1	15000	25000	incorrect	460
15	205	Port Input	2	4190605	19012	1
15	205	Response	4	4190605	19012	1
15	206	Picture	ITI	4191735	0	1	25325	1	0	next	other	0
15	207	Sound	test	4206906	0	1			0		other	0
15	207	Picture	response	4217060	10153	1	5665	1	10000	25000	incorrect	465
15	207	Port Input	1	4222631	15725	1
15	207	Response	3	4222631	15725	1
15	208	Picture	ITI	4223724	0	1	27990	1	0	next	other	0
15	209	Sound	test	4236685	0	1			0		other	0
15	209	Picture	response	4251714	15029	1	17494	1	15000	25000	incorrect	470
15	209	Port Input	2	4269015	32330	1
15	209	Response	4	4269015	32330	1
15	210	Picture	ITI	4270041	0	1	30823	1	0	next	other	0
15	211	Sound	test	4286703	0	1			0		other	0
15	211	Picture	response	4300864	14162	1	3999	1	14020	25000	incorrect	475
15	211	Port Input	2	4304748	18045	1
15	211	Response	4	4304748	18045	1
15	212	Picture	ITI	4305696	0	1	20160	1	0	next	other	0
15	213	Sound	test	4315707	0	1			0		other	0
15	213	Picture	response	4325856	10149	1	6998	1	10000	25000	incorrect	480
15	213	Port Input	1	4332693	16985	1
15	213	Response	3	4332693	16985	1
15	214	Picture	ITI	4333686	0	1	32822	1	0	next	other	0
15	215	Sound	test	4351318	0	1			0		other	0
15	215	Picture	response	4366508	15191	1	6331	1	15000	25000	incorrect	485
15	215	Port Input	2	4372684	21366	1
15	215	Response	4	4372684	21366	1
15	216	Picture	ITI	4373839	0	1	25658	1	0	next	other	0
15	217	Sound	test	4386321	0	1			0		other	0
15	217	Picture	response	4399497	13177	1	2832	1	13100	25000	incorrect	490
15	217	Port Input	2	4402263	15942	1
15	217	Response	4	4402263	15942	1
15	218	Picture	ITI	4403329	0	1	34488	1	0	next	other	0
15	219	Sound	test	4422741	0	1			0		other	0
15	219	Picture	response	4437817	15077	1	3999	1	15000	25000	incorrect	495
15	219	Port Input	2	4441629	18889	1
15	219	Response	4	4441629	18889	1
15	220	Picture	ITI	4442649	0	1	28490	1	0	next	other	0
15	221	Sound	test	4459530	0	1			0		other	0
15	221	Picture	response	4471139	11609	1	5831	1	11450	25000	incorrect	500
15	221	Port Input	1	4476821	17290	1
15	221	Response	3	4476821	17290	1
15	222	Picture	ITI	4477804	0	1	25325	1	0	next	other	0
15	223	Sound	test	4489045	0	1			0		other	0
15	223	Picture	response	4503128	14083	1	2999	1	14020	25000	incorrect	505
15	223	Port Input	2	4506056	17011	1
15	223	Response	4	4506056	17011	1
15	224	Picture	ITI	4507127	0	1	21992	1	0	next	other	0
15	225	Sound	test	4519088	0	1			0		other	0
15	225	Picture	response	4529120	10031	1	5498	1	10000	25000	incorrect	510
15	225	Port Input	1	4534428	15340	1
15	225	Response	3	4534428	15340	1
15	226	Picture	ITI	4535451	0	1	24492	1	0	next	other	0
15	227	Sound	test	4547552	0	1			0		other	0
15	227	Picture	response	4559942	12391	1	4165	1	12250	25000	incorrect	515
15	227	Port Input	2	4563966	16414	1
15	227	Response	4	4563966	16414	1
15	228	Picture	ITI	4565107	0	1	32656	1	0	next	other	0
15	229	Sound	test	4583609	0	1			0		other	0
15	229	Picture	response	4597763	14154	1	3499	1	14020	25000	incorrect	520
15	229	Port Input	2	4601094	17485	1
15	229	Response	4	4601094	17485	1
15	230	Picture	ITI	4602095	0	1	24492	1	0	next	other	0
15	231	Sound	test	4615747	0	1			0		other	0
15	231	Picture	response	4626586	10840	1	7331	1	10700	25000	incorrect	525
15	231	Port Input	1	4633838	18091	1
15	231	Response	3	4633838	18091	1
15	232	Picture	ITI	4634917	0	1	31822	1	0	next	other	0
15	233	Sound	test	4653488	0	1			0		other	0
15	233	Picture	response	4666739	13251	1	10330	1	13100	25000	incorrect	530
15	233	Port Input	2	4676974	23485	1
15	233	Response	4	4676974	23485	1
15	234	Picture	ITI	4678069	0	1	26324	1	0	next	other	0
15	235	Sound	test	4692080	0	1			0		other	0
15	235	Picture	response	4704393	12313	1	4998	1	12250	25000	incorrect	535
15	235	Port Input	1	4709229	17149	1
15	235	Response	3	4709229	17149	1
15	236	Picture	ITI	4710224	0	1	27157	1	0	next	other	0
15	237	Sound	test	4727296	0	1			0		other	0
15	237	Picture	response	4737382	10086	1	5165	1	10000	25000	incorrect	540
15	237	Port Input	1	4742483	15188	1
15	237	Response	3	4742483	15188	1
15	238	Picture	ITI	4743546	0	1	30989	1	0	next	other	0
15	239	Sound	test	4759448	0	1			0		other	0
15	239	Picture	response	4774536	15088	1	5831	1	15000	25000	incorrect	545
15	239	Port Input	1	4780173	20726	1
15	239	Response	3	4780173	20726	1
15	240	Picture	ITI	4781200	0	1	26991	1	0	next	other	0
15	241	Sound	test	4796581	0	1			0		other	0
15	241	Picture	response	4808191	11610	1	6664	1	11450	25000	incorrect	550
15	241	Port Input	1	4814771	18190	1
15	241	Response	3	4814771	18190	1
15	242	Picture	ITI	4815855	0	1	31489	1	0	next	other	0
15	243	Sound	test	4835796	0	1			0		other	0
15	243	Picture	response	4847344	11548	1	7831	1	11450	25000	incorrect	555
15	243	Port Input	1	4855085	19289	1
15	243	Response	3	4855085	19289	1
15	244	Picture	ITI	4856175	0	1	20993	1	0	next	other	0
15	245	Sound	test	4866416	0	1			0		other	0
15	245	Picture	response	4877167	10752	1	6165	1	10700	25000	incorrect	560
15	245	Port Input	1	4883269	16853	1
15	245	Response	3	4883269	16853	1
15	246	Picture	ITI	4884332	0	1	26991	1	0	next	other	0
15	247	Sound	test	4900453	0	1			0		other	0
15	247	Picture	response	4911322	10870	1	4499	1	10700	25000	incorrect	565
15	247	Port Input	1	4915743	15290	1
15	247	Response	3	4915743	15290	1
15	248	Picture	ITI	4916821	0	1	26658	1	0	next	other	0
15	249	Sound	test	4933422	0	1			0		other	0
15	249	Picture	response	4943478	10056	1	4832	1	10000	25000	incorrect	570
15	249	Port Input	1	4948186	14764	1
15	249	Response	3	4948186	14764	1
15	250	Picture	ITI	4949309	0	1	29157	1	0	next	other	0
15	251	Sound	test	4966141	0	1			0		other	0
15	251	Picture	response	4978466	12325	1	6998	1	12250	25000	incorrect	575
15	251	Port Input	1	4985313	19173	1
15	251	Response	3	4985313	19173	1
15	252	Picture	ITI	4986297	0	1	30490	1	0	next	other	0
15	253	Sound	test	5005238	0	1			0		other	0
15	253	Picture	response	5016786	11548	1	6664	1	11450	25000	incorrect	580
15	253	Port Input	1	5023305	18067	1
15	253	Response	3	5023305	18067	1
15	254	Picture	ITI	5024284	0	1	21826	1	0	next	other	0
15	255	Sound	test	5035245	0	1			0		other	0
15	255	Picture	response	5046110	10865	1	5165	1	10700	25000	incorrect	585
15	255	Port Input	1	5051198	15953	1
15	255	Response	3	5051198	15953	1
15	256	Picture	ITI	5052274	0	1	27324	1	0	next	other	0
15	257	Sound	test	5064515	0	1			0		other	0
15	257	Picture	response	5079598	15083	1	4665	1	15000	25000	incorrect	590
15	257	Port Input	2	5084120	19604	1
15	257	Response	4	5084120	19604	1
15	258	Picture	ITI	5085096	0	1	27491	1	0	next	other	0
15	259	Sound	test	5099438	0	1			0		other	0
15	259	Picture	response	5112587	13149	1	4165	1	13100	25000	incorrect	595
15	259	Port Input	2	5116562	17125	1
15	259	Response	4	5116562	17125	1
15	260	Picture	ITI	5117585	0	1	30656	1	0	next	other	0
15	261	Sound	test	5134186	0	1			0		other	0
15	261	Picture	response	5148241	14055	1	7497	1	14020	25000	incorrect	600
15	261	Port Input	1	5155595	21409	1
15	261	Response	3	5155595	21409	1
15	262	Picture	ITI	5156572	0	1	25491	1	0	next	other	0
15	263	Sound	test	5167863	0	1			0		other	0
15	263	Picture	response	5182063	14200	1	5165	1	14020	25000	incorrect	605
15	263	Port Input	1	5187184	19321	1
15	263	Response	3	5187184	19321	1
15	264	Picture	ITI	5188228	0	1	27157	1	0	next	other	0
15	265	Sound	test	5204579	0	1			0		other	0
15	265	Picture	response	5215385	10806	1	7164	1	10700	25000	incorrect	610
15	265	Port Input	1	5222459	17880	1
15	265	Response	3	5222459	17880	1
15	266	Picture	ITI	5223549	0	1	22326	1	0	next	other	0
15	267	Sound	test	5235700	0	1			0		other	0
15	267	Picture	response	5245875	10175	1	4998	1	10000	25000	incorrect	615
15	267	Port Input	1	5250820	15120	1
15	267	Response	3	5250820	15120	1
15	268	Picture	ITI	5251873	0	1	28824	1	0	next	other	0
15	269	Sound	test	5269914	0	1			0		other	0
15	269	Picture	response	5280696	10782	1	6831	1	10700	25000	incorrect	620
15	269	Port Input	1	5287323	17409	1
15	269	Response	3	5287323	17409	1
15	270	Picture	ITI	5288360	0	1	28657	1	0	next	other	0
15	271	Sound	test	5306862	0	1			0		other	0
15	271	Picture	response	5317017	10156	1	4998	1	10000	25000	incorrect	625
15	271	Port Input	1	5321879	15018	1
15	271	Response	3	5321879	15018	1
15	272	Picture	ITI	5323015	0	1	34155	1	0	next	other	0
15	273	Sound	test	5342966	0	1			0		other	0
15	273	Picture	response	5357170	14204	1	10496	1	14020	25000	incorrect	630
15	273	Port Input	2	5367618	24651	1
15	273	Response	4	5367618	24651	1
15	274	Picture	ITI	5368666	0	1	28824	1	0	next	other	0
15	275	Sound	test	5382368	0	1			0		other	0
15	275	Picture	response	5397490	15122	1	4665	1	15000	25000	incorrect	635
15	275	Port Input	2	5401966	19598	1
15	275	Response	4	5401966	19598	1
15	276	Picture	ITI	5402988	0	1	22659	1	0	next	other	0
15	277	Sound	test	5413299	0	1			0		other	0
15	277	Picture	response	5425647	12348	1	6331	1	12250	25000	incorrect	640
15	277	Port Input	1	5431816	18517	1
15	277	Response	3	5431816	18517	1
15	278	Picture	ITI	5432811	0	1	27324	1	0	next	other	0
15	279	Sound	test	5445092	0	1			0		other	0
15	279	Picture	response	5460135	15043	1	4332	1	15000	25000	incorrect	645
15	279	Port Input	2	5464331	19239	1
15	279	Response	4	5464331	19239	1
15	280	Picture	ITI	5465300	0	1	26324	1	0	next	other	0
15	281	Sound	test	5480101	0	1			0		other	0
15	281	Picture	response	5491624	11523	1	6331	1	11450	25000	incorrect	650
15	281	Port Input	1	5497825	17724	1
15	281	Response	3	5497825	17724	1
15	282	Picture	ITI	5498788	0	1	33655	1	0	next	other	0
15	283	Sound	test	5517390	0	1			0		other	0
15	283	Picture	response	5532444	15054	1	4665	1	15000	25000	incorrect	655
15	283	Port Input	2	5536952	19562	1
15	283	Response	4	5536952	19562	1
15	284	Picture	ITI	5538108	0	1	28490	1	0	next	other	0
15	285	Sound	test	5555020	0	1			0		other	0
15	285	Picture	response	5566599	11579	1	5998	1	11450	25000	incorrect	660
15	285	Port Input	1	5572404	17384	1
15	285	Response	3	5572404	17384	1
15	286	Picture	ITI	5573430	0	1	24825	1	0	next	other	0
15	287	Sound	test	5588091	0	1			0		other	0
15	287	Picture	response	5598254	10164	1	4998	1	10000	25000	incorrect	665
15	287	Port Input	1	5603170	15079	1
15	287	Response	3	5603170	15079	1
15	288	Picture	ITI	5604252	0	1	24492	1	0	next	other	0
15	289	Sound	test	5617884	0	1			0		other	0
15	289	Picture	response	5628744	10860	1	9497	1	10700	25000	incorrect	670
15	289	Port Input	1	5638090	20207	1
15	289	Response	3	5638090	20207	1
15	290	Picture	ITI	5639074	0	1	31822	1	0	next	other	0
15	291	Sound	test	5655855	0	1			0		other	0
15	291	Picture	response	5670896	15041	1	4832	1	15000	25000	incorrect	675
15	291	Port Input	2	5675551	19696	1
15	291	Response	4	5675551	19696	1
15	292	Picture	ITI	5676561	0	1	23325	1	0	next	other	0
15	293	Sound	test	5688333	0	1			0		other	0
15	293	Picture	response	5699886	11554	1	5665	1	11450	25000	incorrect	680
15	293	Port Input	1	5705474	17142	1
15	293	Response	3	5705474	17142	1
15	294	Picture	ITI	5706551	0	1	27990	1	0	next	other	0
15	295	Sound	test	5720332	0	1			0		other	0
15	295	Picture	response	5734541	14209	1	8664	1	14020	25000	incorrect	685
15	295	Port Input	2	5743165	22832	1
15	295	Response	4	5743165	22832	1
15	296	Picture	ITI	5744205	0	1	21159	1	0	next	other	0
15	297	Sound	test	5755296	0	1			0		other	0
15	297	Picture	response	5765364	10068	1	6498	1	10000	25000	incorrect	690
15	297	Port Input	1	5771661	16365	1
15	297	Response	3	5771661	16365	1
15	298	Picture	ITI	5772695	0	1	30323	1	0	next	other	0
15	299	Sound	test	5789866	0	1			0		other	0
15	299	Picture	response	5803018	13152	1	6664	1	13100	25000	incorrect	695
15	299	Port Input	1	5809591	19724	1
15	299	Response	3	5809591	19724	1
15	300	Picture	ITI	5810682	0	1	21326	1	0	next	other	0
15	301	Sound	test	5821213	0	1			0		other	0
15	301	Picture	response	5832008	10795	1	3832	1	10700	25000	incorrect	700
15	301	Port Input	1	5835734	14521	1
15	301	Response	3	5835734	14521	1
15	302	Picture	ITI	5836840	0	1	24492	1	0	next	other	0
15	303	Sound	test	5850491	0	1			0		other	0
15	303	Picture	response	5861331	10840	1	4165	1	10700	25000	incorrect	705
15	303	Port Input	1	5865376	14885	1
15	303	Response	3	5865376	14885	1
15	304	Picture	ITI	5866496	0	1	26991	1	0	next	other	0
15	305	Sound	test	5881897	0	1			0		other	0
15	305	Picture	response	5893487	11590	1	4165	1	11450	25000	incorrect	710
15	305	Port Input	1	5897496	15598	1
15	305	Response	3	5897496	15598	1
15	306	Picture	ITI	5898485	0	1	30656	1	0	next	other	0
15	307	Sound	test	5914007	0	1			0		other	0
15	307	Picture	response	5929141	15135	1	6831	1	15000	25000	incorrect	715
15	307	Port Input	2	5935821	21814	1
15	307	Response	4	5935821	21814	1
15	308	Picture	ITI	5936805	0	1	27990	1	0	next	other	0
15	309	Sound	test	5953227	0	1			0		other	0
15	309	Picture	response	5964796	11569	1	4998	1	11450	25000	incorrect	720
15	309	Port Input	1	5969679	16453	1
15	309	Response	3	5969679	16453	1
15	310	Picture	ITI	5970794	0	1	28990	1	0	next	other	0
15	311	Sound	test	5986655	0	1			0		other	0
15	311	Picture	response	5999784	13129	1	5165	1	13100	25000	incorrect	725
15	311	Port Input	1	6004746	18091	1
15	311	Response	3	6004746	18091	1
15	312	Picture	ITI	6005782	0	1	32656	1	0	next	other	0
15	313	Sound	test	6025293	0	1			0		other	0
15	313	Picture	response	6038437	13144	1	4165	1	13100	25000	incorrect	730
15	313	Port Input	2	6042457	17163	1
15	313	Response	4	6042457	17163	1
15	314	Picture	ITI	6043602	0	1	26324	1	0	next	other	0
15	315	Sound	test	6054754	0	1			0		other	0
15	315	Picture	response	6069927	15173	1	3665	1	15000	25000	incorrect	735
15	315	Port Input	2	6073546	18792	1
15	315	Response	4	6073546	18792	1
15	316	Picture	ITI	6074592	0	1	25158	1	0	next	other	0
15	317	Sound	test	6084593	0	1			0		other	0
15	317	Picture	response	6099750	15157	1	4165	1	15000	25000	incorrect	740
15	317	Port Input	2	6103854	19261	1
15	317	Response	4	6103854	19261	1
15	318	Picture	ITI	6104915	0	1	22326	1	0	next	other	0
15	319	Sound	test	6116506	0	1			0		other	0
15	319	Picture	response	6127240	10734	1	4165	1	10700	25000	incorrect	745
15	319	Port Input	1	6131330	14824	1
15	319	Response	3	6131330	14824	1
15	320	Picture	ITI	6132405	0	1	31323	1	0	next	other	0
15	321	Sound	test	6152087	0	1			0		other	0
15	321	Picture	response	6163728	11641	1	5332	1	11450	25000	incorrect	750
15	321	Port Input	1	6168906	16819	1
15	321	Response	3	6168906	16819	1
15	322	Picture	ITI	6169893	0	1	29823	1	0	next	other	0
15	323	Sound	test	6187354	0	1			0		other	0
15	323	Picture	response	6199716	12362	1	5165	1	12250	25000	incorrect	755
15	323	Port Input	1	6204742	17389	1
15	323	Response	3	6204742	17389	1
15	324	Picture	ITI	6205880	0	1	24325	1	0	next	other	0
15	325	Sound	test	6218642	0	1			0		other	0
15	325	Picture	response	6230205	11564	1	4998	1	11450	25000	incorrect	760
15	325	Port Input	1	6235123	16482	1
15	325	Response	3	6235123	16482	1
15	447	Picture	resume	7445790	0	1	38654	1	0	next	other	0
15	447	Port Input	1	7482862	37072	1
15	447	Response	3	7482862	37072	1
15	448	Picture	ITI	7484444	0	1	10163	1	0	next	other	0
15	449	Picture	ITI	7494607	0	1	28157	1	0	next	other	0
15	450	Sound	test	7507588	0	1			0		other	0
15	450	Picture	response	7522764	15176	1	3665	1	15000	25000	incorrect	769
15	450	Port Input	2	7526268	18680	1
15	450	Response	4	7526268	18680	1
15	451	Picture	ITI	7527262	0	1	25491	1	0	next	other	0
15	452	Sound	test	7542674	0	1			0		other	0
15	452	Picture	response	7552754	10080	1	5665	1	10000	25000	incorrect	774
15	452	Port Input	1	7558294	15621	1
15	452	Response	3	7558294	15621	1
15	453	Picture	ITI	7559251	0	1	26991	1	0	next	other	0
15	454	Sound	test	7574713	0	1			0		other	0
15	454	Picture	response	7586242	11530	1	6831	1	11450	25000	incorrect	779
15	454	Port Input	2	7592996	18284	1
15	454	Response	4	7592996	18284	1
15	455	Picture	ITI	7594073	0	1	23492	1	0	next	other	0
15	456	Sound	test	7606754	0	1			0		other	0
15	456	Picture	response	7617565	10811	1	4832	1	10700	25000	incorrect	784
15	456	Port Input	2	7622284	15530	1
15	456	Response	4	7622284	15530	1
15	457	Picture	ITI	7623396	0	1	30156	1	0	next	other	0
15	458	Sound	test	7642027	0	1			0		other	0
15	458	Picture	response	7653553	11525	1	4165	1	11450	25000	incorrect	789
15	458	Port Input	2	7657538	15511	1
15	458	Response	4	7657538	15511	1
15	459	Picture	ITI	7658551	0	1	28823	1	0	next	other	0
15	460	Sound	test	7675882	0	1			0		other	0
15	460	Picture	response	7687374	11492	1	10330	1	11450	25000	incorrect	794
15	460	Port Input	2	7697623	21741	1
15	460	Response	4	7697623	21741	1
15	461	Picture	ITI	7698704	0	1	33822	1	0	next	other	0
15	462	Sound	test	7718425	0	1			0		other	0
15	462	Picture	response	7732526	14101	1	4498	1	14020	25000	incorrect	799
15	462	Port Input	2	7736885	18460	1
15	462	Response	4	7736885	18460	1
15	463	Picture	ITI	7737857	0	1	20826	1	0	next	other	0
15	464	Sound	test	7747928	0	1			0		other	0
15	464	Picture	response	7758683	10755	1	5498	1	10700	25000	incorrect	804
15	464	Port Input	1	7764091	16162	1
15	464	Response	3	7764091	16162	1
15	465	Picture	ITI	7765181	0	1	24325	1	0	next	other	0
15	466	Sound	test	7779382	0	1			0		other	0
15	466	Picture	response	7789506	10124	1	5165	1	10000	25000	incorrect	809
15	466	Port Input	1	7794617	15235	1
15	466	Response	3	7794617	15235	1
15	467	Picture	ITI	7795671	0	1	31323	1	0	next	other	0
15	468	Sound	test	7814632	0	1			0		other	0
15	468	Picture	response	7826993	12361	1	4665	1	12250	25000	incorrect	814
15	468	Port Input	2	7831495	16863	1
15	468	Response	4	7831495	16863	1
15	469	Picture	ITI	7832491	0	1	30823	1	0	next	other	0
15	470	Sound	test	7852483	0	1			0		other	0
15	470	Picture	response	7863314	10832	1	6498	1	10700	25000	incorrect	819
15	470	Port Input	2	7869633	17150	1
15	470	Response	4	7869633	17150	1
15	471	Picture	ITI	7870645	0	1	22159	1	0	next	other	0
15	472	Sound	test	7882736	0	1			0		other	0
15	472	Picture	response	7892804	10068	1	4998	1	10000	25000	incorrect	824
15	472	Port Input	2	7897620	14883	1
15	472	Response	4	7897620	14883	1
15	473	Picture	ITI	7898802	0	1	25325	1	0	next	other	0
15	474	Sound	test	7912493	0	1			0		other	0
15	474	Picture	response	7924127	11633	1	4498	1	11450	25000	incorrect	829
15	474	Port Input	2	7928521	16028	1
15	474	Response	4	7928521	16028	1
15	475	Picture	ITI	7929625	0	1	28490	1	0	next	other	0
15	476	Sound	test	7948046	0	1			0		other	0
15	476	Picture	response	7958115	10069	1	5998	1	10000	25000	incorrect	834
15	476	Port Input	1	7964015	15968	1
15	476	Response	3	7964015	15968	1
15	477	Picture	ITI	7965113	0	1	27324	1	0	next	other	0
15	478	Sound	test	7977294	0	1			0		other	0
15	478	Picture	response	7992437	15143	1	3166	1	15000	25000	incorrect	839
15	478	Port Input	2	7995499	18205	1
15	478	Response	4	7995499	18205	1
15	479	Picture	ITI	7996602	0	1	26491	1	0	next	other	0
15	480	Sound	test	8011483	0	1			0		other	0
15	480	Picture	response	8023093	11610	1	6331	1	11450	25000	incorrect	844
15	480	Port Input	1	8029327	17843	1
15	480	Response	3	8029327	17843	1
15	481	Picture	ITI	8030424	0	1	26158	1	0	next	other	0
15	482	Sound	test	8042535	0	1			0		other	0
15	482	Picture	response	8056582	14046	1	4498	1	14020	25000	incorrect	849
15	482	Port Input	2	8061009	18474	1
15	482	Response	4	8061009	18474	1
15	483	Picture	ITI	8062080	0	1	28990	1	0	next	other	0
15	484	Sound	test	8080931	0	1			0		other	0
15	484	Picture	response	8091070	10139	1	4998	1	10000	25000	incorrect	854
15	484	Port Input	1	8095972	15041	1
15	484	Response	3	8095972	15041	1
15	485	Picture	ITI	8097068	0	1	30823	1	0	next	other	0
15	486	Sound	test	8112719	0	1			0		other	0
15	486	Picture	response	8127890	15172	1	3166	1	15000	25000	incorrect	859
15	486	Port Input	2	8130944	18225	1
15	486	Response	4	8130944	18225	1
15	487	Picture	ITI	8132056	0	1	28157	1	0	next	other	0
15	488	Sound	test	8146937	0	1			0		other	0
15	488	Picture	response	8160213	13276	1	5998	1	13100	25000	incorrect	864
15	488	Port Input	1	8166073	19136	1
15	488	Response	3	8166073	19136	1
15	489	Picture	ITI	8167044	0	1	23659	1	0	next	other	0
15	490	Sound	test	8178335	0	1			0		other	0
15	490	Picture	response	8190702	12367	1	6331	1	12250	25000	incorrect	869
15	490	Port Input	1	8196923	18588	1
15	490	Response	3	8196923	18588	1
15	491	Picture	ITI	8198033	0	1	29157	1	0	next	other	0
15	492	Sound	test	8212984	0	1			0		other	0
15	492	Picture	response	8227190	14205	1	4832	1	14020	25000	incorrect	874
15	492	Port Input	2	8231823	18838	1
15	492	Response	4	8231823	18838	1
15	493	Picture	ITI	8232855	0	1	28823	1	0	next	other	0
15	494	Sound	test	8250136	0	1			0		other	0
15	494	Picture	response	8261678	11542	1	4998	1	11450	25000	incorrect	879
15	494	Port Input	1	8266618	16482	1
15	494	Response	3	8266618	16482	1
15	495	Picture	ITI	8267676	0	1	26158	1	0	next	other	0
15	496	Sound	test	8279767	0	1			0		other	0
15	496	Picture	response	8293834	14066	1	5498	1	14020	25000	incorrect	884
15	496	Port Input	1	8299228	19460	1
15	496	Response	3	8299228	19460	1
15	497	Picture	ITI	8300332	0	1	30490	1	0	next	other	0
15	498	Sound	test	8320053	0	1			0		other	0
15	498	Picture	response	8330821	10768	1	4832	1	10700	25000	incorrect	889
15	498	Port Input	1	8335585	15532	1
15	498	Response	3	8335585	15532	1
15	499	Picture	ITI	8336653	0	1	24158	1	0	next	other	0
15	500	Sound	test	8349274	0	1			0		other	0
15	500	Picture	response	8360811	11537	1	4332	1	11450	25000	incorrect	894
15	500	Port Input	1	8365102	15828	1
15	500	Response	3	8365102	15828	1
15	501	Picture	ITI	8366142	0	1	33489	1	0	next	other	0
15	502	Sound	test	8385484	0	1			0		other	0
15	502	Picture	response	8399631	14147	1	4498	1	14020	25000	incorrect	899
15	502	Port Input	1	8404000	18516	1
15	502	Response	3	8404000	18516	1
15	503	Picture	ITI	8404963	0	1	26991	1	0	next	other	0
15	504	Sound	test	8421204	0	1			0		other	0
15	504	Picture	response	8431953	10750	1	4665	1	10700	25000	incorrect	904
15	504	Port Input	1	8436443	15239	1
15	504	Response	3	8436443	15239	1
15	505	Picture	ITI	8437451	0	1	25825	1	0	next	other	0
15	506	Sound	test	8449173	0	1			0		other	0
15	506	Picture	response	8463276	14103	1	4665	1	14020	25000	incorrect	909
15	506	Port Input	1	8467740	18567	1
15	506	Response	3	8467740	18567	1
15	507	Picture	ITI	8468774	0	1	25325	1	0	next	other	0
15	508	Sound	test	8483325	0	1			0		other	0
15	508	Picture	response	8494099	10773	1	4998	1	10700	25000	incorrect	914
15	508	Port Input	1	8498944	15619	1
15	508	Response	3	8498944	15619	1
15	509	Picture	ITI	8499930	0	1	30323	1	0	next	other	0
15	510	Sound	test	8516091	0	1			0		other	0
15	510	Picture	response	8530253	14162	1	5165	1	14020	25000	incorrect	919
15	510	Port Input	1	8535322	19231	1
15	510	Response	3	8535322	19231	1
15	511	Picture	ITI	8536418	0	1	34155	1	0	next	other	0
15	512	Sound	test	8555509	0	1			0		other	0
15	512	Picture	response	8570573	15063	1	5165	1	15000	25000	incorrect	924
15	512	Port Input	1	8575563	20054	1
15	512	Response	3	8575563	20054	1
15	513	Picture	ITI	8576571	0	1	30490	1	0	next	other	0
15	514	Sound	test	8591912	0	1			0		other	0
15	514	Picture	response	8607060	15148	1	4165	1	15000	25000	incorrect	929
15	514	Port Input	2	8611077	19166	1
15	514	Response	4	8611077	19166	1
15	515	Picture	ITI	8612058	0	1	27990	1	0	next	other	0
15	516	Sound	test	8627610	0	1			0		other	0
15	516	Picture	response	8640049	12439	1	10663	1	12250	25000	incorrect	934
15	516	Port Input	2	8650642	23032	1
15	516	Response	4	8650642	23032	1
15	517	Picture	ITI	8651712	0	1	28823	1	0	next	other	0
15	518	Sound	test	8668963	0	1			0		other	0
15	518	Picture	response	8680535	11572	1	6998	1	11450	25000	incorrect	939
15	518	Port Input	2	8687395	18432	1
15	518	Response	4	8687395	18432	1
15	519	Picture	ITI	8688366	0	1	30156	1	0	next	other	0
15	520	Sound	test	8705397	0	1			0		other	0
15	520	Picture	response	8718522	13125	1	9497	1	13100	25000	incorrect	944
15	520	Port Input	2	8727958	22561	1
15	520	Response	4	8727958	22561	1
15	521	Picture	ITI	8729019	0	1	30323	1	0	next	other	0
15	522	Sound	test	8746110	0	1			0		other	0
15	522	Picture	response	8759341	13232	1	9164	1	13100	25000	incorrect	949
15	522	Port Input	2	8768408	22298	1
15	522	Response	4	8768408	22298	1
15	523	Picture	ITI	8769505	0	1	22159	1	0	next	other	0
15	524	Sound	test	8781556	0	1			0		other	0
15	524	Picture	response	8791664	10108	1	7831	1	10000	25000	incorrect	954
15	524	Port Input	1	8799393	17837	1
15	524	Response	3	8799393	17837	1
15	525	Picture	ITI	8800327	0	1	29157	1	0	next	other	0
15	526	Sound	test	8816219	0	1			0		other	0
15	526	Picture	response	8829484	13265	1	6664	1	13100	25000	incorrect	959
15	526	Port Input	2	8835990	19771	1
15	526	Response	4	8835990	19771	1
15	527	Picture	ITI	8836982	0	1	22826	1	0	next	other	0
15	528	Sound	test	8849623	0	1			0		other	0
15	528	Picture	response	8859807	10184	1	4332	1	10000	25000	incorrect	964
15	528	Port Input	1	8863955	14333	1
15	528	Response	3	8863955	14333	1
15	529	Picture	ITI	8864972	0	1	30823	1	0	next	other	0
15	530	Sound	test	8881623	0	1			0		other	0
15	530	Picture	response	8895795	14172	1	5332	1	14020	25000	incorrect	969
15	530	Port Input	2	8901031	19408	1
15	530	Response	4	8901031	19408	1
15	531	Picture	ITI	8902126	0	1	24991	1	0	next	other	0
15	532	Sound	test	8916297	0	1			0		other	0
15	532	Picture	response	8927118	10820	1	4998	1	10700	25000	incorrect	974
15	532	Port Input	1	8932006	15709	1
15	532	Response	3	8932006	15709	1
15	533	Picture	ITI	8933115	0	1	24325	1	0	next	other	0
15	534	Sound	test	8947297	0	1			0		other	0
15	534	Picture	response	8957440	10144	1	8331	1	10000	25000	incorrect	979
15	534	Port Input	1	8965719	18422	1
15	534	Response	3	8965719	18422	1
15	535	Picture	ITI	8966771	0	1	21826	1	0	next	other	0
15	536	Sound	test	8977032	0	1			0		other	0
15	536	Picture	response	8988597	11564	1	4332	1	11450	25000	incorrect	984
15	536	Port Input	1	8992852	15820	1
15	536	Response	3	8992852	15820	1
15	537	Picture	ITI	8993928	0	1	33655	1	0	next	other	0
15	538	Sound	test	9012539	0	1			0		other	0
15	538	Picture	response	9027583	15044	1	6331	1	15000	25000	incorrect	989
15	538	Port Input	2	9033769	21230	1
15	538	Response	4	9033769	21230	1
15	539	Picture	ITI	9034747	0	1	27157	1	0	next	other	0
15	540	Sound	test	9051839	0	1			0		other	0
15	540	Picture	response	9061905	10066	1	6498	1	10000	25000	incorrect	994
15	540	Port Input	1	9068242	16404	1
15	540	Response	3	9068242	16404	1
15	541	Picture	ITI	9069236	0	1	32989	1	0	next	other	0
15	542	Sound	test	9087117	0	1			0		other	0
15	542	Picture	response	9102224	15108	1	3499	1	15000	25000	incorrect	999
15	542	Port Input	2	9105683	18566	1
15	542	Response	4	9105683	18566	1
15	543	Picture	ITI	9106723	0	1	26491	1	0	next	other	0
15	544	Sound	test	9120924	0	1			0		other	0
15	544	Picture	response	9133214	12290	1	4998	1	12250	25000	incorrect	1004
15	544	Port Input	2	9138053	17128	1
15	544	Response	4	9138053	17128	1
15	545	Picture	ITI	9139045	0	1	31156	1	0	next	other	0
15	546	Sound	test	9155056	0	1			0		other	0
15	546	Picture	response	9170201	15145	1	6331	1	15000	25000	incorrect	1009
15	546	Port Input	2	9176451	21394	1
15	546	Response	4	9176451	21394	1
15	547	Picture	ITI	9177532	0	1	25325	1	0	next	other	0
15	548	Sound	test	9187733	0	1			0		other	0
15	548	Picture	response	9202857	15123	1	4165	1	15000	25000	incorrect	1014
15	548	Port Input	2	9206884	19151	1
15	548	Response	4	9206884	19151	1
15	549	Picture	ITI	9207855	0	1	29323	1	0	next	other	0
15	550	Sound	test	9225666	0	1			0		other	0
15	550	Picture	response	9237178	11512	1	4998	1	11450	25000	incorrect	1019
15	550	Port Input	1	9242096	16430	1
15	550	Response	3	9242096	16430	1
15	551	Picture	ITI	9243176	0	1	30989	1	0	next	other	0
15	552	Sound	test	9259957	0	1			0		other	0
15	552	Picture	response	9274166	14208	1	10830	1	14020	25000	incorrect	1024
15	552	Port Input	2	9284805	24847	1
15	552	Response	4	9284805	24847	1
15	553	Picture	ITI	9285828	0	1	26658	1	0	next	other	0
15	554	Sound	test	9298340	0	1			0		other	0
15	554	Picture	response	9312486	14146	1	13829	1	14020	25000	incorrect	1029
15	554	Port Input	2	9326118	27779	1
15	554	Response	4	9326118	27779	1
15	555	Picture	ITI	9327148	0	1	27824	1	0	next	other	0
15	556	Sound	test	9340799	0	1			0		other	0
15	556	Picture	response	9354971	14173	1	6664	1	14020	25000	incorrect	1034
15	556	Port Input	2	9361528	20729	1
15	556	Response	4	9361528	20729	1
15	557	Picture	ITI	9362635	0	1	22159	1	0	next	other	0
15	558	Sound	test	9373927	0	1			0		other	0
15	558	Picture	response	9384795	10868	1	5498	1	10700	25000	incorrect	1039
15	558	Port Input	1	9390098	16171	1
15	558	Response	3	9390098	16171	1
15	559	Picture	ITI	9391126	0	1	27324	1	0	next	other	0
15	560	Sound	test	9403377	0	1			0		other	0
15	560	Picture	response	9418450	15073	1	3832	1	15000	25000	incorrect	1044
15	560	Port Input	2	9422124	18747	1
15	560	Response	4	9422124	18747	1
15	561	Picture	ITI	9423281	0	1	24325	1	0	next	other	0
15	562	Sound	test	9435193	0	1			0		other	0
15	562	Picture	response	9447606	12414	1	8497	1	12250	25000	incorrect	1049
15	562	Port Input	1	9456025	20832	1
15	562	Response	3	9456025	20832	1
15	563	Picture	ITI	9457103	0	1	28324	1	0	next	other	0
15	564	Sound	test	9472194	0	1			0		other	0
15	564	Picture	response	9485427	13232	1	7997	1	13100	25000	incorrect	1054
15	564	Port Input	2	9493236	21041	1
15	564	Response	4	9493236	21041	1
15	565	Picture	ITI	9494257	0	1	22159	1	0	next	other	0
15	566	Sound	test	9505668	0	1			0		other	0
15	566	Picture	response	9516416	10748	1	5831	1	10700	25000	incorrect	1059
15	566	Port Input	1	9522201	16532	1
15	566	Response	3	9522201	16532	1
15	567	Picture	ITI	9523247	0	1	24658	1	0	next	other	0
15	568	Sound	test	9534689	0	1			0		other	0
15	568	Picture	response	9547905	13217	1	4498	1	13100	25000	incorrect	1064
15	568	Port Input	2	9552353	17664	1
15	568	Response	4	9552353	17664	1
15	569	Picture	ITI	9553404	0	1	27157	1	0	next	other	0
15	570	Sound	test	9565425	0	1			0		other	0
15	570	Picture	response	9580561	15136	1	3832	1	15000	25000	incorrect	1069
15	570	Port Input	2	9584265	18840	1
15	570	Response	4	9584265	18840	1
15	571	Picture	ITI	9585226	0	1	31822	1	0	next	other	0
15	572	Sound	test	9604637	0	1			0		other	0
15	572	Picture	response	9617049	12411	1	5665	1	12250	25000	incorrect	1074
15	572	Port Input	1	9622601	17963	1
15	572	Response	3	9622601	17963	1
15	573	Picture	ITI	9623713	0	1	21826	1	0	next	other	0
15	574	Sound	test	9633964	0	1			0		other	0
15	574	Picture	response	9645539	11575	1	4832	1	11450	25000	incorrect	1079
15	574	Port Input	1	9650264	16300	1
15	574	Response	3	9650264	16300	1
15	575	Picture	ITI	9651370	0	1	23325	1	0	next	other	0
15	576	Sound	test	9661521	0	1			0		other	0
15	576	Picture	response	9674696	13174	1	6498	1	13100	25000	incorrect	1084
15	576	Port Input	2	9680989	19468	1
15	576	Response	4	9680989	19468	1
15	577	Picture	ITI	9682026	0	1	31489	1	0	next	other	0
15	578	Sound	test	9701208	0	1			0		other	0
15	578	Picture	response	9713516	12308	1	5998	1	12250	25000	incorrect	1089
15	578	Port Input	1	9719367	18159	1
15	578	Response	3	9719367	18159	1
15	579	Picture	ITI	9720347	0	1	32322	1	0	next	other	0
15	580	Sound	test	9737628	0	1			0		other	0
15	580	Picture	response	9752669	15041	1	4498	1	15000	25000	incorrect	1094
15	580	Port Input	2	9757046	19419	1
15	580	Response	4	9757046	19419	1
15	581	Picture	ITI	9758167	0	1	30989	1	0	next	other	0
15	582	Sound	test	9774018	0	1			0		other	0
15	582	Picture	response	9789156	15138	1	6331	1	15000	25000	incorrect	1099
15	582	Port Input	2	9795320	21301	1
15	582	Response	4	9795320	21301	1
15	583	Picture	ITI	9796321	0	1	31822	1	0	next	other	0
15	584	Sound	test	9814912	0	1			0		other	0
15	584	Picture	response	9828143	13231	1	6664	1	13100	25000	incorrect	1104
15	584	Port Input	1	9834738	19826	1
15	584	Response	3	9834738	19826	1
15	585	Picture	ITI	9835807	0	1	23825	1	0	next	other	0
15	586	Sound	test	9849578	0	1			0		other	0
15	586	Picture	response	9859632	10054	1	4998	1	10000	25000	incorrect	1109
15	586	Port Input	1	9864432	14854	1
15	586	Response	3	9864432	14854	1
15	587	Picture	ITI	9865464	0	1	29490	1	0	next	other	0
15	588	Sound	test	9884195	0	1			0		other	0
15	588	Picture	response	9894954	10759	1	4498	1	10700	25000	incorrect	1114
15	588	Port Input	1	9899301	15106	1
15	588	Response	3	9899301	15106	1
15	589	Picture	ITI	9900452	0	1	31156	1	0	next	other	0
15	590	Sound	test	9920043	0	1			0		other	0
15	590	Picture	response	9931608	11565	1	4498	1	11450	25000	incorrect	1119
15	590	Port Input	1	9936054	16011	1
15	590	Response	3	9936054	16011	1
15	591	Picture	ITI	9937106	0	1	29490	1	0	next	other	0
15	592	Sound	test	9952387	0	1			0		other	0
15	592	Picture	response	9966596	14209	1	3832	1	14020	25000	incorrect	1124
15	592	Port Input	1	9970371	17984	1
15	592	Response	3	9970371	17984	1
15	593	Picture	ITI	9971428	0	1	29657	1	0	next	other	0
15	594	Sound	test	9989449	0	1			0		other	0
15	594	Picture	response	10001084	11635	1	3499	1	11450	25000	incorrect	1129
15	594	Port Input	1	10004448	14999	1
15	594	Response	3	10004448	14999	1
15	595	Picture	ITI	10005416	0	1	26491	1	0	next	other	0
15	596	Sound	test	10019497	0	1			0		other	0
15	596	Picture	response	10031907	12410	1	5165	1	12250	25000	incorrect	1134
15	596	Port Input	1	10036870	17373	1
15	596	Response	3	10036870	17373	1
15	597	Picture	ITI	10037905	0	1	29490	1	0	next	other	0
15	598	Sound	test	10054166	0	1			0		other	0
15	598	Picture	response	10067395	13229	1	4332	1	13100	25000	incorrect	1139
15	598	Port Input	1	10071645	17479	1
15	598	Response	3	10071645	17479	1
15	599	Picture	ITI	10072726	0	1	29823	1	0	next	other	0
15	600	Sound	test	10090157	0	1			0		other	0
15	600	Picture	response	10102549	12392	1	7498	1	12250	25000	incorrect	1144
15	600	Port Input	2	10109877	19719	1
15	600	Response	4	10109877	19719	1
15	601	Picture	ITI	10110880	0	1	30156	1	0	next	other	0
15	602	Sound	test	10127841	0	1			0		other	0
15	602	Picture	response	10141036	13195	1	5498	1	13100	25000	incorrect	1149
15	602	Port Input	1	10146380	18539	1
15	602	Response	3	10146380	18539	1
15	603	Picture	ITI	10147367	0	1	28157	1	0	next	other	0
15	604	Sound	test	10165379	0	1			0		other	0
15	604	Picture	response	10175524	10146	1	5498	1	10000	25000	incorrect	1154
15	604	Port Input	1	10180905	15526	1
15	604	Response	3	10180905	15526	1
15	605	Picture	ITI	10182022	0	1	31656	1	0	next	other	0
15	606	Sound	test	10200404	0	1			0		other	0
15	606	Picture	response	10213678	13275	1	5998	1	13100	25000	incorrect	1159
15	606	Port Input	1	10219584	19181	1
15	606	Response	3	10219584	19181	1
15	607	Picture	ITI	10220676	0	1	25824	1	0	next	other	0
15	608	Sound	test	10233367	0	1			0		other	0
15	608	Picture	response	10246500	13133	1	4832	1	13100	25000	incorrect	1164
15	608	Port Input	1	10251246	17879	1
15	608	Response	3	10251246	17879	1
15	609	Picture	ITI	10252332	0	1	28823	1	0	next	other	0
15	610	Sound	test	10271083	0	1			0		other	0
15	610	Picture	response	10281155	10072	1	4998	1	10000	25000	incorrect	1169
15	610	Port Input	1	10285948	14865	1
15	610	Response	3	10285948	14865	1
15	611	Picture	ITI	10286986	0	1	23492	1	0	next	other	0
15	612	Sound	test	10299628	0	1			0		other	0
15	612	Picture	response	10310478	10851	1	4165	1	10700	25000	incorrect	1174
15	612	Port Input	1	10314560	14932	1
15	612	Response	3	10314560	14932	1
15	613	Picture	ITI	10315643	0	1	23325	1	0	next	other	0
15	614	Sound	test	10328214	0	1			0		other	0
15	614	Picture	response	10338969	10754	1	4832	1	10700	25000	incorrect	1179
15	614	Port Input	1	10343723	15508	1
15	614	Response	3	10343723	15508	1
15	615	Picture	ITI	10344800	0	1	22659	1	0	next	other	0
15	616	Sound	test	10357281	0	1			0		other	0
15	616	Picture	response	10367459	10178	1	4165	1	10000	25000	incorrect	1184
15	616	Port Input	1	10371491	14209	1
15	616	Response	3	10371491	14209	1
15	617	Picture	ITI	10372624	0	1	27491	1	0	next	other	0
15	618	Sound	test	10390025	0	1			0		other	0
15	618	Picture	response	10400114	10089	1	3665	1	10000	25000	incorrect	1189
15	618	Port Input	1	10403715	13689	1
15	618	Response	3	10403715	13689	1
15	619	Picture	ITI	10404780	0	1	28657	1	0	next	other	0
15	620	Sound	test	10423381	0	1			0		other	0
15	620	Picture	response	10433436	10056	1	5165	1	10000	25000	incorrect	1194
15	620	Port Input	1	10438458	15078	1
15	620	Response	3	10438458	15078	1
15	621	Picture	ITI	10439434	0	1	32156	1	0	next	other	0
15	622	Sound	test	10456416	0	1			0		other	0
15	622	Picture	response	10471590	15174	1	4665	1	15000	25000	incorrect	1199
15	622	Port Input	1	10476086	19670	1
15	622	Response	3	10476086	19670	1
15	623	Picture	ITI	10477255	0	1	30323	1	0	next	other	0
15	624	Sound	test	10496736	0	1			0		other	0
15	624	Picture	response	10507578	10842	1	7331	1	10700	25000	incorrect	1204
15	624	Port Input	1	10514713	17977	1
15	624	Response	3	10514713	17977	1
15	625	Picture	ITI	10515742	0	1	34821	1	0	next	other	0
15	626	Sound	test	10535423	0	1			0		other	0
15	626	Picture	response	10550563	15140	1	8164	1	15000	25000	incorrect	1209
15	626	Port Input	2	10558526	23103	1
15	626	Response	4	10558526	23103	1
15	627	Picture	ITI	10559560	0	1	24825	1	0	next	other	0
15	628	Sound	test	10571101	0	1			0		other	0
15	628	Picture	response	10584385	13284	1	3665	1	13100	25000	incorrect	1214
15	628	Port Input	2	10587876	16775	1
15	628	Response	4	10587876	16775	1
15	629	Picture	ITI	10588883	0	1	29323	1	0	next	other	0
15	630	Sound	test	10603155	0	1			0		other	0
15	630	Picture	response	10618207	15052	1	2166	1	15000	25000	incorrect	1219
15	630	Port Input	2	10620298	17143	1
15	630	Response	4	10620298	17143	1
15	631	Picture	ITI	10621372	0	1	33655	1	0	next	other	0
15	632	Sound	test	10640833	0	1			0		other	0
15	632	Picture	response	10655027	14194	1	2832	1	14020	25000	incorrect	1224
15	632	Port Input	2	10657718	16884	1
15	632	Response	4	10657718	16884	1
15	633	Picture	ITI	10658859	0	1	27824	1	0	next	other	0
15	634	Sound	test	10676561	0	1			0		other	0
15	634	Picture	response	10686683	10123	1	4332	1	10000	25000	incorrect	1229
15	634	Port Input	1	10690827	14266	1
15	634	Response	3	10690827	14266	1
15	635	Picture	ITI	10691848	0	1	30156	1	0	next	other	0
15	636	Sound	test	10706879	0	1			0		other	0
15	636	Picture	response	10722004	15125	1	5332	1	15000	25000	incorrect	1234
15	636	Port Input	2	10727236	20357	1
15	636	Response	4	10727236	20357	1
15	637	Picture	ITI	10728336	0	1	22492	1	0	next	other	0
15	638	Sound	test	10738407	0	1			0		other	0
15	638	Picture	response	10750828	12421	1	6664	1	12250	25000	incorrect	1239
15	638	Port Input	2	10757305	18898	1
15	638	Response	4	10757305	18898	1
15	639	Picture	ITI	10758325	0	1	23325	1	0	next	other	0
15	640	Sound	test	10771547	0	1			0		other	0
15	640	Picture	response	10781651	10104	1	6331	1	10000	25000	incorrect	1244
15	640	Port Input	2	10787874	16327	1
15	640	Response	4	10787874	16327	1
15	641	Picture	ITI	10788815	0	1	29657	1	0	next	other	0
15	642	Sound	test	10806126	0	1			0		other	0
15	642	Picture	response	10818472	12345	1	5998	1	12250	25000	incorrect	1249
15	642	Port Input	2	10824304	18178	1
15	642	Response	4	10824304	18178	1
15	643	Picture	ITI	10825303	0	1	29157	1	0	next	other	0
15	644	Sound	test	10842904	0	1			0		other	0
15	644	Picture	response	10854459	11555	1	3665	1	11450	25000	incorrect	1254
15	644	Port Input	2	10857986	15082	1
15	644	Response	4	10857986	15082	1
15	645	Picture	ITI	10859124	0	1	28324	1	0	next	other	0
15	646	Sound	test	10873296	0	1			0		other	0
15	646	Picture	response	10887448	14152	1	4165	1	14020	25000	incorrect	1259
15	646	Port Input	2	10891574	18278	1
15	646	Response	4	10891574	18278	1
15	647	Picture	ITI	10892613	0	1	29323	1	0	next	other	0
15	648	Sound	test	10911874	0	1			0		other	0
15	648	Picture	response	10921936	10062	1	5498	1	10000	25000	incorrect	1264
15	648	Port Input	1	10927244	15370	1
15	648	Response	3	10927244	15370	1
15	649	Picture	ITI	10928267	0	1	30989	1	0	next	other	0
15	650	Sound	test	10946849	0	1			0		other	0
15	650	Picture	response	10959257	12408	1	4499	1	12250	25000	incorrect	1269
15	650	Port Input	2	10963664	16816	1
15	650	Response	4	10963664	16816	1
15	651	Picture	ITI	10964755	0	1	25824	1	0	next	other	0
15	652	Sound	test	10977356	0	1			0		other	0
15	652	Picture	response	10990579	13223	1	8497	1	13100	25000	incorrect	1274
15	652	Port Input	2	10998929	21572	1
15	652	Response	4	10998929	21572	1
15	653	Picture	ITI	10999910	0	1	33155	1	0	next	other	0
15	654	Sound	test	11017971	0	1			0		other	0
15	654	Picture	response	11033065	15094	1	5332	1	15000	25000	incorrect	1279
15	654	Port Input	2	11038316	20345	1
15	654	Response	4	11038316	20345	1
15	655	Picture	ITI	11039396	0	1	25991	1	0	next	other	0
15	656	Sound	test	11050217	0	1			0		other	0
15	656	Picture	response	11065387	15170	1	9663	1	15000	25000	incorrect	1284
15	656	Port Input	2	11074882	24664	1
15	656	Response	4	11074882	24664	1
15	657	Picture	ITI	11076050	0	1	31489	1	0	next	other	0
15	658	Sound	test	11092482	0	1			0		other	0
15	658	Picture	response	11107539	15058	1	7164	1	15000	25000	incorrect	1289
15	658	Port Input	2	11114550	22069	1
15	658	Response	4	11114550	22069	1
15	659	Picture	ITI	11115537	0	1	20660	1	0	next	other	0
15	660	Sound	test	11126068	0	1			0		other	0
15	660	Picture	response	11136196	10128	1	5665	1	10000	25000	incorrect	1294
15	660	Port Input	1	11141673	15605	1
15	660	Response	3	11141673	15605	1
15	661	Picture	ITI	11142694	0	1	22659	1	0	next	other	0
15	662	Sound	test	11155176	0	1			0		other	0
15	662	Picture	response	11165353	10178	1	4665	1	10000	25000	incorrect	1299
15	662	Port Input	1	11169909	14733	1
15	662	Response	3	11169909	14733	1
15	663	Picture	ITI	11171018	0	1	29657	1	0	next	other	0
15	664	Sound	test	11189069	0	1			0		other	0
15	664	Picture	response	11200674	11605	1	6998	1	11450	25000	incorrect	1304
15	664	Port Input	1	11207495	18426	1
15	664	Response	3	11207495	18426	1
15	665	Picture	ITI	11208505	0	1	22992	1	0	next	other	0
15	666	Sound	test	11220716	0	1			0		other	0
15	666	Picture	response	11231497	10781	1	4998	1	10700	25000	incorrect	1309
15	666	Port Input	1	11236294	15577	1
15	666	Response	3	11236294	15577	1
15	667	Picture	ITI	11237328	0	1	25491	1	0	next	other	0
15	668	Sound	test	11250450	0	1			0		other	0
15	668	Picture	response	11262820	12370	1	7997	1	12250	25000	incorrect	1314
15	668	Port Input	2	11270736	20286	1
15	668	Response	4	11270736	20286	1
15	669	Picture	ITI	11271817	0	1	25158	1	0	next	other	0
15	670	Sound	test	11284678	0	1			0		other	0
15	670	Picture	response	11296975	12297	1	4498	1	12250	25000	incorrect	1319
15	670	Port Input	2	11301419	16741	1
15	670	Response	4	11301419	16741	1
15	671	Picture	ITI	11302473	0	1	27324	1	0	next	other	0
15	672	Sound	test	11318974	0	1			0		other	0
15	672	Picture	response	11329797	10823	1	6498	1	10700	25000	incorrect	1324
15	672	Port Input	2	11336121	17147	1
15	672	Response	4	11336121	17147	1
15	673	Picture	ITI	11337128	0	1	25658	1	0	next	other	0
15	674	Sound	test	11350419	0	1			0		other	0
15	674	Picture	response	11362786	12367	1	4499	1	12250	25000	incorrect	1329
15	674	Port Input	2	11367106	16687	1
15	674	Response	4	11367106	16687	1
15	675	Picture	ITI	11368117	0	1	24991	1	0	next	other	0
15	676	Sound	test	11379828	0	1			0		other	0
15	676	Picture	response	11393109	13280	1	3999	1	13100	25000	incorrect	1334
15	676	Port Input	2	11396988	17159	1
15	676	Response	4	11396988	17159	1
15	677	Picture	ITI	11398107	0	1	24991	1	0	next	other	0
15	678	Sound	test	11408998	0	1			0		other	0
15	678	Picture	response	11423098	14100	1	8164	1	14020	25000	incorrect	1339
15	678	Port Input	2	11431179	22181	1
15	678	Response	4	11431179	22181	1
15	679	Picture	ITI	11432262	0	1	20160	1	0	next	other	0
15	680	Picture	Instruction	11452422	0	1	1114332	1	0	next	other	0
15	680	Quit		12561163	1108741	NA


{
   "app": "Presentation Version 20.2 Build 07.25.18",
   "device": "LENOVO 10A8S1PC00",
   "experiment": "{772213B2-5F0F-4A35-9C2F-36954700C7EA}",
   "os": "Windows 7 64 bit",
   "package": "",
   "parameters": {
      "configuration": "Default configuration"
   },
   "scenario": "Timing Task with Dynanometer.sce",
   "subject": "15",
   "timestamp": "2019/03/09 05:31:29 GMT"
}
