Scenario - Timing Task
Logfile written - 03/08/2019 10:22:21

Subject	Trial	Event Type	Code	Time	TTime	Uncertainty	Duration	Uncertainty	ReqTime	ReqDur	Stim Type	Pair Index

16	1	Picture	Instruction	500	0	1	34488	1	0	next	other	0
16	1	Response	1	29890	29391	0
16	1	Response	1	33650	33150	0
16	2	Picture	ITI	34988	0	1	10496	1	0	next	other	0
16	3	Sound	Stimuli	45004	0	413			0		other	0
16	4	Picture	Feedback	75474	0	1	20160	1	0	next	other	0
16	5	Picture	ITI	95634	0	1	10163	1	0	next	other	0
16	6	Sound	Stimuli	105635	0	1			0		other	0
16	7	Picture	Feedback	140785	0	1	20160	1	0	next	other	0
16	8	Picture	ITI	160945	0	1	10163	1	0	next	other	0
16	9	Sound	Stimuli	170946	0	1			0		other	0
16	10	Picture	Feedback	200931	0	1	20160	1	0	next	other	0
16	11	Picture	ITI	221091	0	1	10163	1	0	next	other	0
16	12	Sound	Stimuli	231092	0	1			0		other	0
16	13	Picture	Feedback	266242	0	1	20160	1	0	next	other	0
16	14	Picture	ITI	286402	0	1	10163	1	0	next	other	0
16	15	Sound	Stimuli	296404	0	1			0		other	0
16	16	Picture	Feedback	326555	0	1	20160	1	0	next	other	0
16	17	Picture	ITI	346715	0	1	10163	1	0	next	other	0
16	18	Sound	Stimuli	356716	0	1			0		other	0
16	19	Picture	Feedback	391866	0	1	20160	1	0	next	other	0
16	20	Picture	ITI	412026	0	1	10163	1	0	next	other	0
16	21	Sound	Stimuli	422027	0	1			0		other	0
16	22	Picture	Feedback	452179	0	1	20160	1	0	next	other	0
16	23	Picture	ITI	472338	0	1	10163	1	0	next	other	0
16	24	Sound	Stimuli	482340	0	1			0		other	0
16	25	Picture	Feedback	517323	0	1	20160	1	0	next	other	0
16	26	Picture	ITI	537483	0	1	10163	1	0	next	other	0
16	27	Sound	Stimuli	547484	0	1			0		other	0
16	28	Picture	Feedback	577636	0	1	20160	1	0	next	other	0
16	29	Picture	ITI	597796	0	1	10163	1	0	next	other	0
16	30	Sound	Stimuli	607797	0	1			0		other	0
16	31	Picture	Feedback	642947	0	1	20326	1	0	next	other	0
16	32	Picture	End_Block	663273	0	1	36321	1	0	next	other	0
16	32	Response	1	699482	36209	0
16	33	Picture	ITI	699594	0	1	10163	1	0	next	other	0
16	34	Picture	Break	709757	0	1	18827	1	0	next	other	0
16	34	Response	1	728522	18764	0
16	35	Picture	ITI	728584	0	1	10163	1	0	next	other	0
16	36	Picture	Instruction	738747	0	1	26158	1	0	next	other	0
16	36	Response	1	759721	20974	0
16	37	Picture	ITI	764905	0	1	22326	1	0	next	other	0
16	38	Sound	Practice	777137	0	1			0		other	0
16	38	Picture	response	787231	10094	1	7331	1	10000	25000	hit	46
16	38	Port Input	2	794499	17363	1
16	38	Response	4	794499	17363	1
16	39	Picture	ITI	804558	0	1	25325	1	0	next	other	0
16	40	Sound	Practice	819790	0	1			0		other	0
16	40	Picture	response	829883	10093	1	3332	1	10000	25000	hit	51
16	40	Port Input	2	833126	13336	1
16	40	Response	4	833126	13336	1
16	41	Picture	ITI	843212	0	1	25658	1	0	next	other	0
16	42	Sound	Practice	858723	0	1			0		other	0
16	42	Picture	response	868870	10146	1	4332	1	10000	25000	hit	56
16	42	Port Input	2	873095	14372	1
16	42	Response	4	873095	14372	1
16	43	Picture	ITI	883198	0	1	20493	1	0	next	other	0
16	44	Sound	Practice	893650	0	1			0		other	0
16	44	Picture	response	903691	10042	1	3665	1	10000	25000	hit	61
16	44	Port Input	2	907235	13585	1
16	44	Response	4	907235	13585	1
16	45	Picture	ITI	917353	0	1	28657	1	0	next	other	0
16	46	Sound	Practice	930965	0	1			0		other	0
16	46	Picture	response	946010	15046	1	3332	1	15000	25000	hit	66
16	46	Port Input	1	949245	18281	1
16	46	Response	3	949245	18281	1
16	47	Picture	ITI	959339	0	1	22326	1	0	next	other	0
16	48	Sound	Practice	971570	0	1			0		other	0
16	48	Picture	response	981665	10094	1	3332	1	10000	25000	hit	71
16	48	Port Input	2	984863	13292	1
16	48	Response	4	984863	13292	1
16	49	Picture	ITI	994993	0	1	31989	1	0	next	other	0
16	50	Sound	Practice	1011885	0	1			0		other	0
16	50	Picture	response	1026982	15098	1	3332	1	15000	25000	hit	76
16	50	Port Input	1	1030111	18226	1
16	50	Response	3	1030111	18226	1
16	51	Picture	ITI	1040145	0	1	26658	1	0	next	other	0
16	52	Sound	Practice	1051776	0	1			0		other	0
16	52	Picture	response	1066802	15026	1	1833	1	15000	25000	hit	81
16	52	Port Input	1	1068477	16702	1
16	52	Response	3	1068477	16702	1
16	53	Picture	ITI	1078631	0	1	25825	1	0	next	other	0
16	54	Sound	Practice	1089333	0	1			0		other	0
16	54	Picture	response	1104456	15123	1	5831	1	15000	25000	hit	86
16	54	Port Input	1	1110238	20905	1
16	54	Response	3	1110238	20905	1
16	55	Picture	ITI	1120284	0	1	34488	1	0	next	other	0
16	56	Sound	Practice	1139695	0	1			0		other	0
16	56	Picture	response	1154772	15077	1	3665	1	15000	25000	hit	91
16	56	Port Input	1	1158318	18623	1
16	56	Response	3	1158318	18623	1
16	57	Picture	ITI	1168434	0	1	25825	1	0	next	other	0
16	58	Sound	Practice	1184075	0	1			0		other	0
16	58	Picture	response	1194259	10183	1	4332	1	10000	25000	hit	96
16	58	Port Input	2	1198392	14316	1
16	58	Response	4	1198392	14316	1
16	59	Picture	ITI	1208420	0	1	25824	1	0	next	other	0
16	60	Sound	Practice	1219202	0	1			0		other	0
16	60	Picture	response	1234245	15043	1	3832	1	15000	25000	hit	101
16	60	Port Input	1	1238018	18816	1
16	60	Response	3	1238018	18816	1
16	61	Picture	ITI	1248073	0	1	32322	1	0	next	other	0
16	62	Sound	Practice	1265305	0	1			0		other	0
16	62	Picture	response	1280396	15091	1	3332	1	15000	25000	hit	106
16	62	Port Input	1	1283683	18378	1
16	62	Response	3	1283683	18378	1
16	63	Picture	ITI	1293725	0	1	26658	1	0	next	other	0
16	64	Sound	Practice	1305306	0	1			0		other	0
16	64	Picture	response	1320382	15076	1	3332	1	15000	25000	hit	111
16	64	Port Input	1	1323559	18253	1
16	64	Response	3	1323559	18253	1
16	65	Picture	ITI	1333711	0	1	22659	1	0	next	other	0
16	66	Sound	Practice	1346212	0	1			0		other	0
16	66	Picture	response	1356370	10158	1	7497	1	10000	25000	hit	116
16	66	Port Input	2	1363716	17504	1
16	66	Response	4	1363716	17504	1
16	67	Picture	ITI	1373864	0	1	27990	1	0	next	other	0
16	68	Sound	Practice	1386795	0	1			0		other	0
16	68	Picture	response	1401854	15059	1	4832	1	15000	25000	incorrect	121
16	68	Port Input	2	1406642	19847	1
16	68	Response	4	1406642	19847	1
16	69	Picture	ITI	1416683	0	1	27157	1	0	next	other	0
16	70	Sound	Practice	1433654	0	1			0		other	0
16	70	Picture	response	1443840	10186	1	5665	1	10000	25000	hit	126
16	70	Port Input	2	1449444	15790	1
16	70	Response	4	1449444	15790	1
16	71	Picture	ITI	1459501	0	1	24825	1	0	next	other	0
16	72	Sound	Practice	1474143	0	1			0		other	0
16	72	Picture	response	1484326	10184	1	4832	1	10000	25000	hit	131
16	72	Port Input	2	1489018	14875	1
16	72	Response	4	1489018	14875	1
16	73	Picture	ITI	1499154	0	1	22326	1	0	next	other	0
16	74	Sound	Practice	1511306	0	1			0		other	0
16	74	Picture	response	1521480	10174	1	4832	1	10000	25000	hit	136
16	74	Port Input	2	1526125	14819	1
16	74	Response	4	1526125	14819	1
16	75	Picture	ITI	1536308	0	1	29657	1	0	next	other	0
16	76	Sound	Practice	1550780	0	1			0		other	0
16	76	Picture	response	1565965	15185	1	3832	1	15000	25000	hit	141
16	76	Port Input	1	1569593	18813	1
16	76	Response	3	1569593	18813	1
16	77	Picture	ITI	1579627	0	1	21326	1	0	next	other	0
16	78	Sound	Practice	1590828	0	1			0		other	0
16	78	Picture	response	1600953	10125	1	4832	1	10000	25000	hit	146
16	78	Port Input	2	1605647	14819	1
16	78	Response	4	1605647	14819	1
16	79	Picture	ITI	1615781	0	1	29323	1	0	next	other	0
16	80	Sound	Practice	1634963	0	1			0		other	0
16	80	Picture	response	1645105	10142	1	4165	1	10000	25000	hit	151
16	80	Port Input	2	1649178	14215	1
16	80	Response	4	1649178	14215	1
16	81	Picture	ITI	1659266	0	1	25825	1	0	next	other	0
16	82	Sound	Practice	1674938	0	1			0		other	0
16	82	Picture	response	1685091	10153	1	4332	1	10000	25000	hit	156
16	82	Port Input	2	1689241	14303	1
16	82	Response	4	1689241	14303	1
16	83	Picture	ITI	1699419	0	1	24825	1	0	next	other	0
16	84	Sound	Practice	1714141	0	1			0		other	0
16	84	Picture	response	1724244	10103	1	4332	1	10000	25000	hit	161
16	84	Port Input	2	1728524	14383	1
16	84	Response	4	1728524	14383	1
16	85	Picture	ITI	1738573	0	1	28324	1	0	next	other	0
16	86	Sound	Practice	1751714	0	1			0		other	0
16	86	Picture	response	1766896	15182	1	6331	1	15000	25000	hit	166
16	86	Port Input	1	1773022	21308	1
16	86	Response	3	1773022	21308	1
16	87	Picture	Break	1783057	0	1	18494	1	0	next	other	0
16	87	Response	1	1801309	18251	0
16	88	Picture	Instruction	1801551	0	1	1166	1	0	next	other	0
16	88	Response	1	1802668	1117	0
16	89	Picture	ITI	1802717	0	1	15161	1	0	next	other	0
16	90	Picture	ITI	1817879	0	1	29157	1	0	next	other	0
16	91	Sound	test	1836300	0	1			0		other	0
16	91	Picture	response	1847036	10735	1	4498	1	10700	25000	incorrect	176
16	91	Port Input	2	1851369	15069	1
16	91	Response	4	1851369	15069	1
16	92	Picture	ITI	1852534	0	1	24825	1	0	next	other	0
16	93	Sound	test	1866535	0	1			0		other	0
16	93	Picture	response	1877359	10824	1	4498	1	10700	25000	incorrect	181
16	93	Port Input	2	1881760	15225	1
16	93	Response	4	1881760	15225	1
16	94	Picture	ITI	1882690	0	1	21826	1	0	next	other	0
16	95	Sound	test	1894431	0	1			0		other	0
16	95	Picture	response	1904516	10085	1	4165	1	10000	25000	incorrect	186
16	95	Port Input	2	1908497	14065	1
16	95	Response	4	1908497	14065	1
16	96	Picture	ITI	1909514	0	1	24492	1	0	next	other	0
16	97	Sound	test	1922506	0	1			0		other	0
16	97	Picture	response	1934006	11500	1	5332	1	11450	25000	incorrect	191
16	97	Port Input	2	1939262	16757	1
16	97	Response	4	1939262	16757	1
16	98	Picture	ITI	1940337	0	1	24825	1	0	next	other	0
16	99	Sound	test	1951108	0	1			0		other	0
16	99	Picture	response	1965162	14054	1	13995	1	14020	25000	incorrect	196
16	99	Port Input	1	1979024	27916	1
16	99	Response	3	1979024	27916	1
16	100	Picture	ITI	1979990	0	1	28324	1	0	next	other	0
16	101	Sound	test	1998282	0	1			0		other	0
16	101	Picture	response	2008314	10032	1	4332	1	10000	25000	incorrect	201
16	101	Port Input	2	2012455	14174	1
16	101	Response	4	2012455	14174	1
16	102	Picture	ITI	2013479	0	1	21326	1	0	next	other	0
16	103	Sound	test	2024720	0	1			0		other	0
16	103	Picture	response	2034805	10085	1	4665	1	10000	25000	incorrect	206
16	103	Port Input	2	2039317	14597	1
16	103	Response	4	2039317	14597	1
16	104	Picture	ITI	2040303	0	1	34155	1	0	next	other	0
16	105	Sound	test	2059404	0	1			0		other	0
16	105	Picture	response	2074458	15054	1	7331	1	15000	25000	incorrect	211
16	105	Port Input	1	2081681	22277	1
16	105	Response	3	2081681	22277	1
16	106	Picture	ITI	2082788	0	1	26824	1	0	next	other	0
16	107	Sound	test	2099560	0	1			0		other	0
16	107	Picture	response	2109613	10053	1	5665	1	10000	25000	incorrect	216
16	107	Port Input	2	2115165	15605	1
16	107	Response	4	2115165	15605	1
16	108	Picture	ITI	2116277	0	1	31822	1	0	next	other	0
16	109	Sound	test	2133938	0	1			0		other	0
16	109	Picture	response	2148099	14161	1	3665	1	14020	25000	incorrect	221
16	109	Port Input	1	2151584	17646	1
16	109	Response	3	2151584	17646	1
16	110	Picture	ITI	2152598	0	1	30490	1	0	next	other	0
16	111	Sound	test	2171499	0	1			0		other	0
16	111	Picture	response	2183088	11588	1	4498	1	11450	25000	incorrect	226
16	111	Port Input	2	2187420	15921	1
16	111	Response	4	2187420	15921	1
16	112	Picture	ITI	2188419	0	1	23825	1	0	next	other	0
16	113	Sound	test	2199100	0	1			0		other	0
16	113	Picture	response	2212244	13144	1	4665	1	13100	25000	incorrect	231
16	113	Port Input	1	2216760	17660	1
16	113	Response	3	2216760	17660	1
16	114	Picture	ITI	2217909	0	1	21493	1	0	next	other	0
16	115	Sound	test	2229300	0	1			0		other	0
16	115	Picture	response	2239402	10101	1	4832	1	10000	25000	incorrect	236
16	115	Port Input	2	2244152	14852	1
16	115	Response	4	2244152	14852	1
16	116	Picture	ITI	2245233	0	1	29323	1	0	next	other	0
16	117	Sound	test	2261294	0	1			0		other	0
16	117	Picture	response	2274556	13262	1	3832	1	13100	25000	incorrect	241
16	117	Port Input	1	2278240	16945	1
16	117	Response	3	2278240	16945	1
16	118	Picture	ITI	2279221	0	1	27824	1	0	next	other	0
16	119	Sound	test	2295413	0	1			0		other	0
16	119	Picture	response	2307045	11633	1	4998	1	11450	25000	incorrect	246
16	119	Port Input	2	2311837	16425	1
16	119	Response	4	2311837	16425	1
16	120	Picture	ITI	2312877	0	1	30989	1	0	next	other	0
16	121	Sound	test	2332278	0	1			0		other	0
16	121	Picture	response	2343866	11588	1	4998	1	11450	25000	incorrect	251
16	121	Port Input	2	2348673	16395	1
16	121	Response	4	2348673	16395	1
16	122	Picture	ITI	2349697	0	1	23992	1	0	next	other	0
16	123	Sound	test	2363648	0	1			0		other	0
16	123	Picture	response	2373689	10041	1	4332	1	10000	25000	incorrect	256
16	123	Port Input	2	2377867	14219	1
16	123	Response	4	2377867	14219	1
16	124	Picture	ITI	2379021	0	1	21159	1	0	next	other	0
16	125	Sound	test	2390042	0	1			0		other	0
16	125	Picture	response	2400180	10138	1	4332	1	10000	25000	incorrect	261
16	125	Port Input	2	2404323	14281	1
16	125	Response	4	2404323	14281	1
16	126	Picture	ITI	2405345	0	1	28657	1	0	next	other	0
16	127	Sound	test	2419886	0	1			0		other	0
16	127	Picture	response	2434002	14116	1	4498	1	14020	25000	incorrect	266
16	127	Port Input	1	2438389	18503	1
16	127	Response	3	2438389	18503	1
16	128	Picture	ITI	2439500	0	1	34821	1	0	next	other	0
16	129	Sound	test	2459281	0	1			0		other	0
16	129	Picture	response	2474321	15040	1	6831	1	15000	25000	incorrect	271
16	129	Port Input	1	2480962	21680	1
16	129	Response	3	2480962	21680	1
16	130	Picture	ITI	2481985	0	1	30156	1	0	next	other	0
16	131	Sound	test	2501257	0	1			0		other	0
16	131	Picture	response	2512142	10885	1	4832	1	10700	25000	incorrect	276
16	131	Port Input	2	2516871	15614	1
16	131	Response	4	2516871	15614	1
16	132	Picture	ITI	2517973	0	1	23659	1	0	next	other	0
16	133	Sound	test	2531544	0	1			0		other	0
16	133	Picture	response	2541632	10087	1	4165	1	10000	25000	incorrect	281
16	133	Port Input	2	2545669	14125	1
16	133	Response	4	2545669	14125	1
16	134	Picture	ITI	2546797	0	1	23492	1	0	next	other	0
16	135	Sound	test	2558678	0	1			0		other	0
16	135	Picture	response	2570289	11611	1	4832	1	11450	25000	incorrect	286
16	135	Port Input	2	2574946	16268	1
16	135	Response	4	2574946	16268	1
16	136	Picture	ITI	2575953	0	1	31656	1	0	next	other	0
16	137	Sound	test	2592495	0	1			0		other	0
16	137	Picture	response	2607609	15115	1	5831	1	15000	25000	incorrect	291
16	137	Port Input	1	2613375	20880	1
16	137	Response	3	2613375	20880	1
16	138	Picture	ITI	2614440	0	1	24325	1	0	next	other	0
16	139	Sound	test	2628651	0	1			0		other	0
16	139	Picture	response	2638765	10114	1	5332	1	10000	25000	incorrect	296
16	139	Port Input	2	2644026	15375	1
16	139	Response	4	2644026	15375	1
16	140	Picture	ITI	2645096	0	1	21326	1	0	next	other	0
16	141	Sound	test	2656318	0	1			0		other	0
16	141	Picture	response	2666422	10105	1	4332	1	10000	25000	incorrect	301
16	141	Port Input	2	2670555	14237	1
16	141	Response	4	2670555	14237	1
16	142	Picture	ITI	2671587	0	1	28490	1	0	next	other	0
16	143	Sound	test	2686869	0	1			0		other	0
16	143	Picture	response	2700078	13209	1	5498	1	13100	25000	incorrect	306
16	143	Port Input	1	2705464	18596	1
16	143	Response	3	2705464	18596	1
16	144	Picture	ITI	2706575	0	1	31989	1	0	next	other	0
16	145	Sound	test	2726197	0	1			0		other	0
16	145	Picture	response	2738564	12368	1	4832	1	12250	25000	incorrect	311
16	145	Port Input	2	2743227	17030	1
16	145	Response	4	2743227	17030	1
16	146	Picture	ITI	2744229	0	1	23659	1	0	next	other	0
16	147	Sound	test	2756300	0	1			0		other	0
16	147	Picture	response	2767888	11587	1	4665	1	11450	25000	incorrect	316
16	147	Port Input	2	2772358	16058	1
16	147	Response	4	2772358	16058	1
16	148	Picture	ITI	2773386	0	1	27990	1	0	next	other	0
16	149	Sound	test	2789897	0	1			0		other	0
16	149	Picture	response	2801376	11479	1	6664	1	11450	25000	incorrect	321
16	149	Port Input	2	2807914	18016	1
16	149	Response	4	2807914	18016	1
16	150	Picture	ITI	2808874	0	1	31822	1	0	next	other	0
16	151	Sound	test	2825585	0	1			0		other	0
16	151	Picture	response	2840696	15111	1	3332	1	15000	25000	incorrect	326
16	151	Port Input	1	2843979	18394	1
16	151	Response	3	2843979	18394	1
16	152	Picture	ITI	2845028	0	1	32656	1	0	next	other	0
16	153	Sound	test	2864399	0	1			0		other	0
16	153	Picture	response	2877684	13284	1	4498	1	13100	25000	incorrect	331
16	153	Port Input	2	2882126	17727	1
16	153	Response	4	2882126	17727	1
16	154	Picture	ITI	2883182	0	1	30156	1	0	next	other	0
16	155	Sound	test	2898303	0	1			0		other	0
16	155	Picture	response	2913338	15035	1	3499	1	15000	25000	incorrect	336
16	155	Port Input	1	2916755	18452	1
16	155	Response	3	2916755	18452	1
16	156	Picture	ITI	2917837	0	1	31489	1	0	next	other	0
16	157	Sound	test	2936928	0	1			0		other	0
16	157	Picture	response	2949326	12398	1	7831	1	12250	25000	incorrect	341
16	157	Port Input	2	2957027	20099	1
16	157	Response	4	2957027	20099	1
16	158	Picture	ITI	2957990	0	1	23825	1	0	next	other	0
16	159	Sound	test	2968571	0	1			0		other	0
16	159	Picture	response	2981815	13243	1	6831	1	13100	25000	incorrect	346
16	159	Port Input	1	2988553	19981	1
16	159	Response	3	2988553	19981	1
16	160	Picture	ITI	2989645	0	1	25158	1	0	next	other	0
16	161	Sound	test	3004017	0	1			0		other	0
16	161	Picture	response	3014803	10787	1	4832	1	10700	25000	incorrect	351
16	161	Port Input	2	3019527	15510	1
16	161	Response	4	3019527	15510	1
16	162	Picture	ITI	3020635	0	1	25491	1	0	next	other	0
16	163	Sound	test	3036056	0	1			0		other	0
16	163	Picture	response	3046126	10070	1	3499	1	10000	25000	incorrect	356
16	163	Port Input	2	3049501	13446	1
16	163	Response	4	3049501	13446	1
16	164	Picture	ITI	3050625	0	1	30823	1	0	next	other	0
16	165	Sound	test	3069966	0	1			0		other	0
16	165	Picture	response	3081447	11482	1	6831	1	11450	25000	incorrect	361
16	165	Port Input	2	3088232	18266	1
16	165	Response	4	3088232	18266	1
16	166	Picture	ITI	3089278	0	1	27491	1	0	next	other	0
16	167	Sound	test	3105279	0	1			0		other	0
16	167	Picture	response	3116769	11490	1	4498	1	11450	25000	incorrect	366
16	167	Port Input	2	3121216	15937	1
16	167	Response	4	3121216	15937	1
16	168	Picture	ITI	3122267	0	1	29490	1	0	next	other	0
16	169	Sound	test	3139328	0	1			0		other	0
16	169	Picture	response	3151757	12429	1	4832	1	12250	25000	incorrect	371
16	169	Port Input	1	3156490	17162	1
16	169	Response	3	3156490	17162	1
16	170	Picture	ITI	3157588	0	1	28823	1	0	next	other	0
16	171	Sound	test	3173189	0	1			0		other	0
16	171	Picture	response	3186411	13222	1	4499	1	13100	25000	incorrect	376
16	171	Port Input	1	3190869	17679	1
16	171	Response	3	3190869	17679	1
16	172	Picture	ITI	3191910	0	1	25825	1	0	next	other	0
16	173	Sound	test	3204581	0	1			0		other	0
16	173	Picture	response	3217734	13153	1	7331	1	13100	25000	incorrect	381
16	173	Port Input	2	3224956	20375	1
16	173	Response	4	3224956	20375	1
16	174	Picture	ITI	3226065	0	1	29657	1	0	next	other	0
16	175	Sound	test	3242506	0	1			0		other	0
16	175	Picture	response	3255721	13215	1	7997	1	13100	25000	incorrect	386
16	175	Port Input	2	3263645	21139	1
16	175	Response	4	3263645	21139	1
16	176	Picture	ITI	3264718	0	1	25991	1	0	next	other	0
16	177	Sound	test	3276509	0	1			0		other	0
16	177	Picture	response	3290709	14200	1	8664	1	14020	25000	incorrect	391
16	177	Port Input	2	3299200	22691	1
16	177	Response	4	3299200	22691	1
16	178	Picture	ITI	3300206	0	1	31989	1	0	next	other	0
16	179	Sound	test	3319897	0	1			0		other	0
16	179	Picture	response	3332195	12298	1	9830	1	12250	25000	incorrect	396
16	179	Port Input	1	3341887	21990	1
16	179	Response	3	3341887	21990	1
16	180	Picture	ITI	3343025	0	1	28990	1	0	next	other	0
16	181	Sound	test	3359586	0	1			0		other	0
16	181	Picture	response	3372015	12429	1	5498	1	12250	25000	incorrect	401
16	181	Port Input	2	3377359	17773	1
16	181	Response	4	3377359	17773	1
16	182	Picture	ITI	3378513	0	1	30323	1	0	next	other	0
16	183	Sound	test	3397234	0	1			0		other	0
16	183	Picture	response	3408836	11602	1	3332	1	11450	25000	incorrect	406
16	183	Port Input	2	3412102	14868	1
16	183	Response	4	3412102	14868	1
16	184	Picture	ITI	3413167	0	1	29823	1	0	next	other	0
16	185	Sound	test	3431389	0	1			0		other	0
16	185	Picture	response	3442991	11602	1	4498	1	11450	25000	incorrect	411
16	185	Port Input	2	3447428	16040	1
16	185	Response	4	3447428	16040	1
16	186	Picture	ITI	3448489	0	1	29323	1	0	next	other	0
16	187	Sound	test	3467020	0	1			0		other	0
16	187	Picture	response	3477812	10792	1	4499	1	10700	25000	incorrect	416
16	187	Port Input	2	3482255	15235	1
16	187	Response	4	3482255	15235	1
16	188	Picture	ITI	3483310	0	1	30656	1	0	next	other	0
16	189	Sound	test	3502391	0	1			0		other	0
16	189	Picture	response	3513966	11575	1	4332	1	11450	25000	incorrect	421
16	189	Port Input	2	3518247	15856	1
16	189	Response	4	3518247	15856	1
16	190	Picture	ITI	3519298	0	1	27824	1	0	next	other	0
16	191	Sound	test	3533009	0	1			0		other	0
16	191	Picture	response	3547122	14113	1	5998	1	14020	25000	incorrect	426
16	191	Port Input	2	3553043	20033	1
16	191	Response	4	3553043	20033	1
16	192	Picture	ITI	3554119	0	1	28657	1	0	next	other	0
16	193	Sound	test	3570381	0	1			0		other	0
16	193	Picture	response	3582776	12396	1	7831	1	12250	25000	incorrect	431
16	193	Port Input	2	3590503	20123	1
16	193	Response	4	3590503	20123	1
16	194	Picture	ITI	3591606	0	1	29990	1	0	next	other	0
16	195	Sound	test	3608369	0	2			0		other	0
16	195	Picture	response	3621596	13227	1	3999	1	13100	25000	incorrect	436
16	195	Port Input	2	3625402	17033	1
16	195	Response	4	3625402	17033	1
16	196	Picture	ITI	3626428	0	1	24825	1	0	next	other	0
16	197	Sound	test	3638049	0	1			0		other	0
16	197	Picture	response	3651253	13204	1	5332	1	13100	25000	incorrect	441
16	197	Port Input	2	3656460	18411	1
16	197	Response	4	3656460	18411	1
16	198	Picture	ITI	3657584	0	1	21826	1	0	next	other	0
16	199	Sound	test	3669285	0	1			0		other	0
16	199	Picture	response	3679410	10125	1	5665	1	10000	25000	incorrect	446
16	199	Port Input	2	3684998	15713	1
16	199	Response	4	3684998	15713	1
16	200	Picture	ITI	3686074	0	1	22992	1	0	next	other	0
16	201	Sound	test	3698885	0	1			0		other	0
16	201	Picture	response	3709066	10181	1	5998	1	10000	25000	incorrect	451
16	201	Port Input	2	3714962	16077	1
16	201	Response	4	3714962	16077	1
16	202	Picture	ITI	3716064	0	1	25491	1	0	next	other	0
16	203	Sound	test	3727485	0	1			0		other	0
16	203	Picture	response	3741555	14070	1	7831	1	14020	25000	incorrect	456
16	203	Port Input	1	3749289	21803	1
16	203	Response	3	3749289	21803	1
16	204	Picture	ITI	3750386	0	1	28157	1	0	next	other	0
16	205	Sound	test	3766267	0	1			0		other	0
16	205	Picture	response	3778543	12276	1	7164	1	12250	25000	incorrect	461
16	205	Port Input	2	3785552	19285	1
16	205	Response	4	3785552	19285	1
16	206	Picture	ITI	3786706	0	1	28657	1	0	next	other	0
16	207	Sound	test	3800308	0	1			0		other	0
16	207	Picture	response	3815363	15056	1	6498	1	15000	25000	incorrect	466
16	207	Port Input	1	3821732	21424	1
16	207	Response	3	3821732	21424	1
16	208	Picture	ITI	3822694	0	1	21159	1	0	next	other	0
16	209	Sound	test	3833805	0	1			0		other	0
16	209	Picture	response	3843854	10048	1	4998	1	10000	25000	incorrect	471
16	209	Port Input	2	3848739	14934	1
16	209	Response	4	3848739	14934	1
16	210	Picture	ITI	3849852	0	1	29157	1	0	next	other	0
16	211	Sound	test	3868163	0	1			0		other	0
16	211	Picture	response	3879008	10845	1	3832	1	10700	25000	incorrect	476
16	211	Port Input	2	3882764	14601	1
16	211	Response	4	3882764	14601	1
16	212	Picture	ITI	3883840	0	1	23492	1	0	next	other	0
16	213	Sound	test	3896531	0	1			0		other	0
16	213	Picture	response	3907332	10801	1	4998	1	10700	25000	incorrect	481
16	213	Port Input	2	3912218	15687	1
16	213	Response	4	3912218	15687	1
16	214	Picture	ITI	3913163	0	1	23992	1	0	next	other	0
16	215	Sound	test	3927124	0	1			0		other	0
16	215	Port Input	1	3929697	2573	1
16	215	Port Input	2	3929697	2573	1
16	215	Picture	response	3937155	10031	1	4832	1	10000	25000	incorrect	488
16	215	Port Input	2	3941891	14766	1
16	215	Response	4	3941891	14766	1
16	216	Picture	ITI	3942986	0	1	22326	1	0	next	other	0
16	217	Sound	test	3952998	0	1			0		other	0
16	217	Picture	response	3965312	12315	1	4165	1	12250	25000	incorrect	493
16	217	Port Input	1	3969335	16338	1
16	217	Response	3	3969335	16338	1
16	218	Picture	ITI	3970477	0	1	28824	1	0	next	other	0
16	219	Sound	test	3988478	0	1			0		other	0
16	219	Picture	response	3999301	10822	1	3832	1	10700	25000	incorrect	499
16	219	Port Input	1	4002946	14467	1
16	219	Port Input	2	4002946	14467	1
16	219	Response	3	4002946	14467	1
16	219A	Port Input	1	4002961	15	1
16	219A	Port Input	2	4002961	15	1
16	219A	Port Input	1	4002968	22	1
16	219A	Port Input	2	4002968	22	1
16	219A	Port Input	1	4002976	29	1
16	219A	Port Input	2	4002976	29	1
16	219A	Port Input	1	4003092	146	1
16	219A	Port Input	2	4003092	146	1
16	219A	Port Input	2	4003110	164	1
16	220	Picture	ITI	4003966	0	1	31323	1	0	next	other	0
16	221	Sound	test	4022937	0	1			0		other	0
16	221	Port Input	1	4023214	277	1
16	221	Port Input	2	4023214	277	1
16	221	Port Input	1	4023238	301	1
16	221	Port Input	2	4023238	301	1
16	221	Picture	response	4035288	12351	1	4832	1	12250	25000	incorrect	517
16	221	Port Input	2	4040029	17092	1
16	221	Response	4	4040029	17092	1
16	222	Picture	ITI	4041120	0	1	23992	1	0	next	other	0
16	223	Sound	test	4051841	0	1			0		other	0
16	223	Picture	response	4065111	13271	1	3999	1	13100	25000	incorrect	522
16	223	Port Input	1	4069015	17174	1
16	223	Response	3	4069015	17174	1
16	224	Picture	ITI	4070110	0	1	34488	1	0	next	other	0
16	225	Sound	test	4089421	0	1			0		other	0
16	225	Picture	response	4104598	15177	1	5332	1	15000	25000	incorrect	527
16	225	Port Input	1	4109786	20365	1
16	225	Response	3	4109786	20365	1
16	226	Picture	ITI	4110762	0	1	32489	1	0	next	other	0
16	227	Sound	test	4128144	0	1			0		other	0
16	227	Picture	response	4143251	15108	1	5332	1	15000	25000	incorrect	532
16	227	Port Input	1	4148465	20321	1
16	227	Response	3	4148465	20321	1
16	228	Picture	ITI	4149583	0	1	27491	1	0	next	other	0
16	229	Sound	test	4162984	0	1			0		other	0
16	229	Picture	response	4177073	14089	1	4998	1	14020	25000	incorrect	537
16	229	Port Input	1	4182011	19027	1
16	229	Response	3	4182011	19027	1
16	230	Picture	ITI	4183071	0	1	22159	1	0	next	other	0
16	231	Sound	test	4194453	0	1			0		other	0
16	231	Picture	response	4205230	10777	1	4665	1	10700	25000	incorrect	542
16	231	Port Input	2	4209716	15262	1
16	231	Response	4	4209716	15262	1
16	232	Picture	ITI	4210728	0	1	29323	1	0	next	other	0
16	233	Sound	test	4224960	0	1			0		other	0
16	233	Picture	response	4240052	15092	1	7664	1	15000	25000	incorrect	547
16	233	Port Input	1	4247634	22675	1
16	233	Response	3	4247634	22675	1
16	234	Picture	ITI	4248715	0	1	27824	1	0	next	other	0
16	235	Sound	test	4264136	0	1			0		other	0
16	235	Picture	response	4276539	12403	1	9663	1	12250	25000	incorrect	552
16	235	Port Input	2	4286136	21999	1
16	235	Response	4	4286136	21999	1
16	236	Picture	ITI	4287202	0	1	27491	1	0	next	other	0
16	237	Sound	test	4303903	0	1			0		other	0
16	237	Picture	response	4314693	10789	1	4498	1	10700	25000	incorrect	557
16	237	Port Input	2	4319026	15122	1
16	237	Response	4	4319026	15122	1
16	238	Picture	ITI	4320191	0	1	21826	1	0	next	other	0
16	239	Sound	test	4331942	0	1			0		other	0
16	239	Picture	response	4342017	10075	1	3832	1	10000	25000	incorrect	563
16	239	Port Input	1	4345695	13752	1
16	239	Port Input	2	4345695	13752	1
16	239	Response	3	4345695	13752	1
16	239A	Port Input	2	4346116	421	1
16	240	Picture	ITI	4346682	0	1	31156	1	0	next	other	0
16	241	Sound	test	4362793	0	1			0		other	0
16	241	Picture	response	4377838	15045	1	3332	1	15000	25000	incorrect	569
16	241	Port Input	1	4381089	18296	1
16	241	Response	3	4381089	18296	1
16	242	Picture	ITI	4382170	0	1	24325	1	0	next	other	0
16	243	Sound	test	4392361	0	1			0		other	0
16	243	Picture	response	4406495	14134	1	4499	1	14020	25000	incorrect	574
16	243	Port Input	1	4410897	18536	1
16	243	Response	3	4410897	18536	1
16	244	Picture	ITI	4411993	0	1	27491	1	0	next	other	0
16	245	Sound	test	4428604	0	1			0		other	0
16	245	Picture	response	4439483	10879	1	4832	1	10700	25000	incorrect	579
16	245	Port Input	2	4444255	15651	1
16	245	Response	4	4444255	15651	1
16	246	Picture	ITI	4445315	0	1	24991	1	0	next	other	0
16	247	Sound	test	4457966	0	1			0		other	0
16	247	Picture	response	4470306	12340	1	4832	1	12250	25000	incorrect	584
16	247	Port Input	2	4474979	17013	1
16	247	Response	4	4474979	17013	1
16	248	Picture	ITI	4475971	0	1	25158	1	0	next	other	0
16	249	Sound	test	4491042	0	1			0		other	0
16	249	Picture	response	4501129	10087	1	4665	1	10000	25000	incorrect	589
16	249	Port Input	2	4505610	14568	1
16	249	Response	4	4505610	14568	1
16	250	Picture	ITI	4506627	0	1	27491	1	0	next	other	0
16	251	Sound	test	4521699	0	1			0		other	0
16	251	Picture	response	4534118	12419	1	9164	1	12250	25000	incorrect	594
16	251	Port Input	1	4543112	21414	1
16	251	Response	3	4543112	21414	1
16	252	Picture	ITI	4544114	0	1	27990	1	0	next	other	0
16	253	Sound	test	4560466	0	1			0		other	0
16	253	Picture	response	4572105	11639	1	4498	1	11450	25000	incorrect	599
16	253	Port Input	2	4576471	16005	1
16	253	Response	4	4576471	16005	1
16	254	Picture	ITI	4577603	0	1	30323	1	0	next	other	0
16	255	Sound	test	4593804	0	1			0		other	0
16	255	Picture	response	4607926	14122	1	3499	1	14020	25000	incorrect	604
16	255	Port Input	1	4611297	17493	1
16	255	Response	3	4611297	17493	1
16	256	Picture	ITI	4612258	0	1	22659	1	0	next	other	0
16	257	Sound	test	4623339	0	1			0		other	0
16	257	Picture	response	4634917	11578	1	3499	1	11450	25000	incorrect	609
16	257	Port Input	2	4638315	14976	1
16	257	Response	4	4638315	14976	1
16	258	Picture	ITI	4639249	0	1	32655	1	0	next	other	0
16	258	Port Input	1	4654871	15622	1
16	258	Port Input	2	4654871	15622	1
16	258	Response	3	4654871	15622	1
16	258	Response	4	4654871	15622	1
16	258	Port Input	1	4654896	15648	1
16	258	Port Input	2	4654896	15648	1
16	258	Response	3	4654896	15648	1
16	258	Response	4	4654896	15648	1
16	259	Sound	test	4657790	0	1			0		other	0
16	259	Picture	response	4671904	14114	1	8664	1	14020	25000	incorrect	622
16	259	Port Input	1	4680450	22660	1
16	259	Response	3	4680450	22660	1
16	260	Picture	ITI	4681568	0	1	34655	1	0	next	other	0
16	261	Sound	test	4701089	0	1			0		other	0
16	261	Picture	response	4716222	15134	1	4165	1	15000	25000	incorrect	627
16	261	Port Input	1	4720222	19133	1
16	261	Response	3	4720222	19133	1
16	262	Picture	ITI	4721387	0	1	34322	1	0	next	other	0
16	262	Port Input	1	4727477	6090	1
16	262	Port Input	2	4727477	6090	1
16	262	Response	3	4727477	6090	1
16	262	Response	4	4727477	6090	1
16	262	Port Input	1	4727480	6093	1
16	262	Port Input	2	4727480	6093	1
16	262	Response	3	4727480	6093	1
16	262	Response	4	4727480	6093	1
16	262	Port Input	1	4727512	6125	1
16	262	Port Input	2	4727512	6125	1
16	262	Response	3	4727512	6125	1
16	262	Response	4	4727512	6125	1
16	262	Port Input	2	4727527	6139	1
16	262	Response	4	4727527	6139	1
16	262	Port Input	1	4727530	6143	1
16	262	Port Input	2	4727530	6143	1
16	262	Response	3	4727530	6143	1
16	262	Response	4	4727530	6143	1
16	262	Port Input	1	4727571	6184	1
16	262	Port Input	2	4727571	6184	1
16	262	Response	3	4727571	6184	1
16	262	Response	4	4727571	6184	1
16	262	Port Input	1	4727598	6210	1
16	262	Port Input	2	4727598	6210	1
16	262	Response	3	4727598	6210	1
16	262	Response	4	4727598	6210	1
16	262	Port Input	1	4727632	6244	1
16	262	Port Input	2	4727632	6244	1
16	262	Response	3	4727632	6244	1
16	262	Response	4	4727632	6244	1
16	262	Port Input	1	4727754	6367	1
16	262	Port Input	2	4727754	6367	1
16	262	Response	3	4727754	6367	1
16	262	Response	4	4727754	6367	1
16	262	Port Input	2	4735283	13896	1
16	262	Response	4	4735283	13896	1
16	262	Port Input	2	4735320	13932	1
16	262	Response	4	4735320	13932	1
16	263	Sound	test	4740559	0	1			0		other	0
16	263	Picture	response	4755709	15150	1	3499	1	15000	25000	incorrect	670
16	263	Port Input	1	4759047	18488	1
16	263	Response	3	4759047	18488	1
16	264	Picture	ITI	4760207	0	1	25491	1	0	next	other	0
16	265	Sound	test	4770539	0	1			0		other	0
16	265	Picture	response	4785699	15160	1	3332	1	15000	25000	incorrect	675
16	265	Port Input	1	4788907	18368	1
16	265	Response	3	4788907	18368	1
16	266	Picture	ITI	4789864	0	1	29157	1	0	next	other	0
16	267	Sound	test	4808835	0	1			0		other	0
16	267	Picture	response	4819020	10185	1	5498	1	10000	25000	incorrect	680
16	267	Port Input	2	4824368	15533	1
16	267	Response	4	4824368	15533	1
16	268	Picture	ITI	4825352	0	1	25158	1	0	next	other	0
16	269	Sound	test	4836323	0	1			0		other	0
16	269	Picture	response	4850510	14187	1	6664	1	14020	25000	incorrect	685
16	269	Port Input	1	4857123	20800	1
16	269	Response	3	4857123	20800	1
16	270	Picture	ITI	4858174	0	1	24825	1	0	next	other	0
16	271	Sound	test	4868825	0	1			0		other	0
16	271	Picture	response	4882999	14174	1	3832	1	14020	25000	incorrect	690
16	271	Port Input	1	4886723	17897	1
16	271	Response	3	4886723	17897	1
16	272	Picture	ITI	4887830	0	1	31656	1	0	next	other	0
16	273	Sound	test	4906302	0	1			0		other	0
16	273	Picture	response	4919486	13185	1	8164	1	13100	25000	incorrect	695
16	273	Port Input	2	4927577	21275	1
16	273	Response	4	4927577	21275	1
16	274	Picture	ITI	4928650	0	1	34655	1	0	next	other	0
16	275	Sound	test	4948261	0	1			0		other	0
16	275	Picture	response	4963305	15044	1	3999	1	15000	25000	incorrect	700
16	275	Port Input	1	4967151	18890	1
16	275	Response	3	4967151	18890	1
16	276	Picture	ITI	4968303	0	1	30323	1	0	next	other	0
16	277	Sound	test	4984424	0	1			0		other	0
16	277	Picture	response	4998626	14201	1	5498	1	14020	25000	incorrect	705
16	277	Port Input	1	5004008	19583	1
16	277	Response	3	5004008	19583	1
16	278	Picture	ITI	5004957	0	1	29323	1	0	next	other	0
16	279	Sound	test	5023508	0	1			0		other	0
16	279	Picture	response	5034280	10772	1	3999	1	10700	25000	incorrect	710
16	279	Port Input	2	5038095	14587	1
16	279	Response	4	5038095	14587	1
16	280	Picture	ITI	5039112	0	1	29323	1	0	next	other	0
16	281	Sound	test	5056113	0	1			0		other	0
16	281	Picture	response	5068435	12322	1	7497	1	12250	25000	incorrect	715
16	281	Port Input	1	5075743	19630	1
16	281	Response	3	5075743	19630	1
16	282	Picture	ITI	5076766	0	1	29157	1	0	next	other	0
16	283	Sound	test	5090837	0	1			0		other	0
16	283	Picture	response	5105923	15085	1	3332	1	15000	25000	incorrect	720
16	283	Port Input	1	5109060	18223	1
16	283	Response	3	5109060	18223	1
16	284	Picture	ITI	5110088	0	1	27824	1	0	next	other	0
16	285	Sound	test	5125589	0	1			0		other	0
16	285	Picture	response	5137912	12323	1	3499	1	12250	25000	incorrect	725
16	285	Port Input	2	5141304	15715	1
16	285	Response	4	5141304	15715	1
16	286	Picture	ITI	5142244	0	1	23992	1	0	next	other	0
16	287	Sound	test	5153915	0	1			0		other	0
16	287	Picture	response	5166235	12321	1	5498	1	12250	25000	incorrect	730
16	287	Port Input	2	5171570	17656	1
16	287	Response	4	5171570	17656	1
16	288	Picture	ITI	5172566	0	1	33155	1	0	next	other	0
16	289	Sound	test	5190688	0	1			0		other	0
16	289	Picture	response	5205722	15034	1	3332	1	15000	25000	incorrect	735
16	289	Port Input	1	5208958	18270	1
16	289	Response	3	5208958	18270	1
16	290	Picture	ITI	5210054	0	1	26158	1	0	next	other	0
16	291	Sound	test	5224735	0	1			0		other	0
16	291	Picture	response	5236211	11477	1	4998	1	11450	25000	incorrect	740
16	291	Port Input	2	5241015	16280	1
16	291	Response	4	5241015	16280	1
16	292	Picture	ITI	5242043	0	1	29657	1	0	next	other	0
16	293	Sound	test	5258494	0	1			0		other	0
16	293	Picture	response	5271699	13205	1	7164	1	13100	25000	incorrect	745
16	293	Port Input	2	5278757	20262	1
16	293	Response	4	5278757	20262	1
16	294	Picture	ITI	5279863	0	1	24658	1	0	next	other	0
16	295	Sound	test	5291364	0	1			0		other	0
16	295	Picture	response	5304521	13157	1	8330	1	13100	25000	incorrect	750
16	295	Port Input	1	5312740	21375	1
16	295	Response	3	5312740	21375	1
16	296	Picture	ITI	5313852	0	1	27157	1	0	next	other	0
16	297	Sound	test	5325823	0	1			0		other	0
16	297	Port Input	1	5326639	816	1
16	297	Port Input	2	5326639	816	1
16	297	Picture	response	5341009	15186	1	2666	1	15000	25000	incorrect	757
16	297	Port Input	1	5343485	17662	1
16	297	Response	3	5343485	17662	1
16	298	Picture	ITI	5344508	0	1	22659	1	0	next	other	0
16	299	Sound	test	5356299	0	1			0		other	0
16	299	Picture	response	5367167	10868	1	7664	1	10700	25000	incorrect	762
16	299	Port Input	2	5374719	18420	1
16	299	Response	4	5374719	18420	1
16	300	Picture	ITI	5375830	0	1	27824	1	0	next	other	0
16	300	Port Input	1	5391826	15995	1
16	300	Port Input	2	5391826	15995	1
16	300	Response	3	5391826	15995	1
16	300	Response	4	5391826	15995	1
16	301	Sound	test	5393572	0	1			0		other	0
16	301	Picture	response	5403654	10083	1	5498	1	10000	25000	incorrect	771
16	301	Port Input	2	5408994	15422	1
16	301	Response	4	5408994	15422	1
16	302	Picture	ITI	5409985	0	1	27824	1	0	next	other	0
16	303	Sound	test	5427017	0	1			0		other	0
16	303	Picture	response	5437809	10793	1	4832	1	10700	25000	incorrect	776
16	303	Port Input	2	5442592	15575	1
16	303	Response	4	5442592	15575	1
16	304	Picture	ITI	5443641	0	1	28490	1	0	next	other	0
16	305	Sound	test	5457082	0	1			0		other	0
16	305	Picture	response	5472131	15049	1	3999	1	15000	25000	incorrect	781
16	305	Port Input	1	5475981	18899	1
16	305	Response	3	5475981	18899	1
16	306	Picture	ITI	5476963	0	1	30156	1	0	next	other	0
16	307	Sound	test	5492944	0	1			0		other	0
16	307	Picture	response	5507119	14175	1	4665	1	14020	25000	incorrect	786
16	307	Port Input	1	5511599	18655	1
16	307	Response	3	5511599	18655	1
16	308	Picture	ITI	5512617	0	1	31656	1	0	next	other	0
16	309	Sound	test	5531128	0	1			0		other	0
16	309	Picture	response	5544273	13145	1	4165	1	13100	25000	incorrect	791
16	309	Port Input	2	5548237	17109	1
16	309	Response	4	5548237	17109	1
16	310	Picture	ITI	5549271	0	1	24492	1	0	next	other	0
16	311	Sound	test	5563702	0	1			0		other	0
16	311	Picture	response	5573763	10060	1	4498	1	10000	25000	incorrect	796
16	311	Port Input	2	5578149	14447	1
16	311	Response	4	5578149	14447	1
16	312	Picture	ITI	5579261	0	1	24158	1	0	next	other	0
16	313	Sound	test	5592672	0	1			0		other	0
16	313	Picture	response	5603419	10747	1	11163	1	10700	25000	incorrect	801
16	313	Port Input	2	5614454	21782	1
16	313	Response	4	5614454	21782	1
16	314	Picture	ITI	5615582	0	1	31156	1	0	next	other	0
16	315	Sound	test	5631703	0	1			0		other	0
16	315	Picture	response	5646738	15035	1	4498	1	15000	25000	incorrect	806
16	315	Port Input	1	5651071	19368	1
16	315	Response	3	5651071	19368	1
16	316	Picture	ITI	5652069	0	1	33822	1	0	next	other	0
16	317	Sound	test	5671791	0	1			0		other	0
16	317	Picture	response	5685891	14101	1	4665	1	14020	25000	incorrect	811
16	317	Port Input	1	5690427	18636	1
16	317	Response	3	5690427	18636	1
16	318	Picture	ITI	5691556	0	1	34155	1	0	next	other	0
16	319	Sound	test	5710547	0	1			0		other	0
16	319	Picture	response	5725711	15164	1	5331	1	15000	25000	incorrect	816
16	319	Port Input	1	5730875	20328	1
16	319	Response	3	5730875	20328	1
16	432	Port Input	2	6852806	1147	1
16	432	Response	4	6852806	1147	1
16	432	Port Input	2	6852810	1151	1
16	432	Response	4	6852810	1151	1
16	432	Port Input	2	6853005	1345	1
16	432	Response	4	6853005	1345	1
16	441	Picture	resume	6941629	0	1	17827	1	0	next	other	0
16	441	Port Input	2	6958192	16563	1
16	441	Response	4	6958192	16563	1
16	442	Picture	ITI	6959456	0	1	10163	1	0	next	other	0
16	443	Picture	ITI	6969619	0	1	23992	1	0	next	other	0
16	444	Sound	test	6983532	0	1			0		other	0
16	444	Picture	response	6993611	10079	1	6165	1	10000	25000	incorrect	831
16	444	Port Input	2	6999650	16118	1
16	444	Response	4	6999650	16118	1
16	445	Picture	ITI	7000775	0	1	33489	1	0	next	other	0
16	446	Sound	test	7020197	0	1			0		other	0
16	446	Picture	response	7034264	14067	1	3499	1	14020	25000	incorrect	836
16	446	Port Input	1	7037725	17528	1
16	446	Response	3	7037725	17528	1
16	447	Picture	ITI	7038762	0	1	25825	1	0	next	other	0
16	448	Sound	test	7054444	0	1			0		other	0
16	448	Picture	response	7064587	10143	1	5165	1	10000	25000	incorrect	841
16	448	Port Input	2	7069678	15234	1
16	448	Response	4	7069678	15234	1
16	449	Picture	ITI	7070751	0	1	24992	1	0	next	other	0
16	450	Sound	test	7085703	0	1			0		other	0
16	450	Picture	response	7095743	10040	1	7997	1	10000	25000	incorrect	846
16	450	Port Input	2	7103692	17989	1
16	450	Response	4	7103692	17989	1
16	451	Picture	ITI	7104740	0	1	34655	1	0	next	other	0
16	452	Sound	test	7124361	0	1			0		other	0
16	452	Picture	response	7139395	15034	1	4498	1	15000	25000	incorrect	851
16	452	Port Input	1	7143735	19374	1
16	452	Response	3	7143735	19374	1
16	453	Picture	ITI	7144726	0	1	27990	1	0	next	other	0
16	454	Sound	test	7159537	0	1			0		other	0
16	454	Picture	response	7172717	13179	1	10830	1	13100	25000	incorrect	856
16	454	Port Input	1	7183361	23823	1
16	454	Response	3	7183361	23823	1
16	455	Picture	ITI	7184379	0	1	30156	1	0	next	other	0
16	456	Sound	test	7203671	0	1			0		other	0
16	456	Picture	response	7214536	10865	1	4332	1	10700	25000	incorrect	861
16	456	Port Input	2	7218739	15069	1
16	456	Response	4	7218739	15069	1
16	457	Picture	ITI	7219867	0	1	30490	1	0	next	other	0
16	458	Sound	test	7238048	0	1			0		other	0
16	458	Picture	response	7250357	12308	1	14662	1	12250	25000	incorrect	866
16	458	Port Input	1	7264977	26928	1
16	458	Response	3	7264977	26928	1
16	459	Picture	ITI	7266018	0	1	22326	1	0	next	other	0
16	460	Sound	test	7277529	0	1			0		other	0
16	460	Picture	response	7288344	10814	1	4498	1	10700	25000	incorrect	871
16	460	Port Input	2	7292744	15215	1
16	460	Response	4	7292744	15215	1
16	461	Picture	ITI	7293842	0	1	27157	1	0	next	other	0
16	462	Sound	test	7309443	0	1			0		other	0
16	462	Picture	response	7320999	11556	1	5831	1	11450	25000	incorrect	876
16	462	Port Input	1	7326758	17315	1
16	462	Response	3	7326758	17315	1
16	463	Picture	ITI	7327830	0	1	29990	1	0	next	other	0
16	464	Sound	test	7342782	0	1			0		other	0
16	464	Picture	response	7357820	15039	1	2999	1	15000	25000	incorrect	881
16	464	Port Input	1	7360773	17991	1
16	464	Response	3	7360773	17991	1
16	465	Picture	ITI	7361819	0	1	33489	1	0	next	other	0
16	466	Sound	test	7380150	0	1			0		other	0
16	466	Picture	response	7395307	15157	1	4498	1	15000	25000	incorrect	886
16	466	Port Input	1	7399639	19489	1
16	466	Response	3	7399639	19489	1
16	467	Picture	ITI	7400639	0	1	23992	1	0	next	other	0
16	468	Sound	test	7413070	0	1			0		other	0
16	468	Picture	response	7424631	11561	1	9164	1	11450	25000	incorrect	891
16	468	Port Input	2	7433622	20552	1
16	468	Response	4	7433622	20552	1
16	469	Picture	ITI	7434627	0	1	27657	1	0	next	other	0
16	470	Sound	test	7450739	0	1			0		other	0
16	470	Picture	response	7462284	11546	1	5831	1	11450	25000	incorrect	896
16	470	Port Input	1	7467980	17241	1
16	470	Response	3	7467980	17241	1
16	471	Picture	ITI	7468949	0	1	24992	1	0	next	other	0
16	472	Sound	test	7481500	0	1			0		other	0
16	472	Picture	response	7493940	12440	1	8830	1	12250	25000	incorrect	901
16	472	Port Input	2	7502713	21213	1
16	472	Response	4	7502713	21213	1
16	473	Picture	ITI	7503770	0	1	25991	1	0	next	other	0
16	474	Sound	test	7517481	0	1			0		other	0
16	474	Picture	response	7529761	12280	1	9164	1	12250	25000	incorrect	906
16	474	Port Input	1	7538841	21359	1
16	474	Response	3	7538841	21359	1
16	475	Picture	ITI	7539925	0	1	33988	1	0	next	other	0
16	476	Sound	test	7558786	0	1			0		other	0
16	476	Picture	response	7573913	15127	1	1499	1	15000	25000	incorrect	911
16	476	Port Input	1	7575302	16516	1
16	476	Response	3	7575302	16516	1
16	477	Picture	ITI	7576412	0	1	30323	1	0	next	other	0
16	478	Sound	test	7594313	0	1			0		other	0
16	478	Picture	response	7606735	12422	1	5665	1	12250	25000	incorrect	916
16	478	Port Input	2	7612200	17886	1
16	478	Response	4	7612200	17886	1
16	479	Picture	ITI	7613233	0	1	31489	1	0	next	other	0
16	480	Sound	test	7631504	0	1			0		other	0
16	480	Picture	response	7644722	13218	1	6998	1	13100	25000	incorrect	921
16	480	Port Input	2	7651534	20030	1
16	480	Response	4	7651534	20030	1
16	481	Picture	ITI	7652553	0	1	26658	1	0	next	other	0
16	482	Sound	test	7668364	0	1			0		other	0
16	482	Picture	response	7679210	10846	1	4499	1	10700	25000	incorrect	926
16	482	Port Input	2	7683643	15279	1
16	482	Response	4	7683643	15279	1
16	483	Picture	ITI	7684708	0	1	25491	1	0	next	other	0
16	484	Sound	test	7696000	0	1			0		other	0
16	484	Picture	response	7710200	14200	1	2166	1	14020	25000	incorrect	931
16	484	Port Input	1	7712306	16307	1
16	484	Response	3	7712306	16307	1
16	485	Picture	ITI	7713365	0	1	32156	1	0	next	other	0
16	486	Sound	test	7730357	0	1			0		other	0
16	486	Picture	response	7745521	15164	1	500	1	15000	25000	incorrect	936
16	486	Port Input	1	7745915	15558	1
16	486	Response	3	7745915	15558	1
16	487	Picture	ITI	7747021	0	1	26824	1	0	next	other	0
16	488	Sound	test	7762242	0	1			0		other	0
16	488	Picture	response	7773845	11603	1	9830	1	11450	25000	incorrect	941
16	488	Port Input	1	7783458	21217	1
16	488	Response	3	7783458	21217	1
16	489	Picture	ITI	7784508	0	1	25658	1	0	next	other	0
16	490	Sound	test	7795099	0	1			0		other	0
16	490	Picture	response	7810166	15067	1	4665	1	15000	25000	incorrect	946
16	490	Port Input	1	7814672	19573	1
16	490	Response	3	7814672	19573	1
16	491	Picture	ITI	7815664	0	1	24492	1	0	next	other	0
16	492	Sound	test	7830095	0	1			0		other	0
16	492	Picture	response	7840155	10060	1	3832	1	10000	25000	incorrect	951
16	492	Port Input	2	7843887	13792	1
16	492	Response	4	7843887	13792	1
16	493	Picture	ITI	7844987	0	1	23492	1	0	next	other	0
16	494	Sound	test	7856878	0	1			0		other	0
16	494	Picture	response	7868479	11601	1	4832	1	11450	25000	incorrect	956
16	494	Port Input	2	7873153	16275	1
16	494	Response	4	7873153	16275	1
16	495	Picture	ITI	7874144	0	1	26324	1	0	next	other	0
16	496	Sound	test	7887215	0	1			0		other	0
16	496	Picture	response	7900468	13253	1	4332	1	13100	25000	incorrect	961
16	496	Port Input	1	7904617	17402	1
16	496	Response	3	7904617	17402	1
16	497	Picture	ITI	7905633	0	1	26324	1	0	next	other	0
16	498	Sound	test	7919614	0	1			0		other	0
16	498	Picture	response	7931957	12343	1	4165	1	12250	25000	incorrect	966
16	498	Port Input	1	7935945	16331	1
16	498	Response	3	7935945	16331	1
16	499	Picture	ITI	7936956	0	1	32322	1	0	next	other	0
16	500	Sound	test	7954237	0	1			0		other	0
16	500	Picture	response	7969278	15041	1	5331	1	15000	25000	incorrect	971
16	500	Port Input	1	7974457	20220	1
16	500	Response	3	7974457	20220	1
16	501	Picture	ITI	7975442	0	1	28157	1	0	next	other	0
16	502	Sound	test	7992814	0	1			0		other	0
16	502	Picture	response	8003600	10786	1	4499	1	10700	25000	incorrect	976
16	502	Port Input	2	8007982	15169	1
16	502	Response	4	8007982	15169	1
16	503	Picture	ITI	8009098	0	1	26491	1	0	next	other	0
16	504	Sound	test	8020559	0	1			0		other	0
16	504	Picture	response	8035589	15030	1	4832	1	15000	25000	incorrect	981
16	504	Port Input	1	8040268	19709	1
16	504	Response	3	8040268	19709	1
16	505	Picture	ITI	8041253	0	1	29657	1	0	next	other	0
16	506	Sound	test	8056775	0	1			0		other	0
16	506	Picture	response	8070910	14135	1	4832	1	14020	25000	incorrect	986
16	506	Port Input	1	8075626	18851	1
16	506	Response	3	8075626	18851	1
16	507	Picture	ITI	8076741	0	1	32156	1	0	next	other	0
16	508	Sound	test	8095632	0	1			0		other	0
16	508	Picture	response	8108897	13264	1	6498	1	13100	25000	incorrect	991
16	508	Port Input	2	8115294	19661	1
16	508	Response	4	8115294	19661	1
16	509	Picture	ITI	8116394	0	1	22492	1	0	next	other	0
16	510	Sound	test	8128796	0	1			0		other	0
16	510	Picture	response	8138887	10091	1	5331	1	10000	25000	incorrect	996
16	510	Port Input	2	8144040	15244	1
16	510	Response	4	8144040	15244	1
16	511	Picture	ITI	8145051	0	1	28657	1	0	next	other	0
16	512	Sound	test	8163672	0	1			0		other	0
16	512	Picture	response	8173708	10036	1	6331	1	10000	25000	incorrect	1001
16	512	Port Input	2	8179949	16276	1
16	512	Response	4	8179949	16276	1
16	513	Picture	ITI	8181039	0	1	31489	1	0	next	other	0
16	514	Sound	test	8200140	0	1			0		other	0
16	514	Picture	response	8212528	12388	1	4832	1	12250	25000	incorrect	1006
16	514	Port Input	2	8217274	17134	1
16	514	Response	4	8217274	17134	1
16	515	Picture	ITI	8218360	0	1	25491	1	0	next	other	0
16	516	Sound	test	8228691	0	1			0		other	0
16	516	Picture	response	8243851	15160	1	5831	1	15000	25000	incorrect	1011
16	516	Port Input	1	8249508	20817	1
16	516	Response	3	8249508	20817	1
16	517	Picture	ITI	8250515	0	1	25325	1	0	next	other	0
16	518	Sound	test	8260766	0	1			0		other	0
16	518	Picture	response	8275840	15073	1	4832	1	15000	25000	incorrect	1016
16	518	Port Input	1	8280514	19747	1
16	518	Response	3	8280514	19747	1
16	519	Picture	ITI	8281505	0	1	21326	1	0	next	other	0
16	520	Sound	test	8292796	0	1			0		other	0
16	520	Picture	response	8302831	10035	1	4832	1	10000	25000	incorrect	1021
16	520	Port Input	2	8307500	14704	1
16	520	Response	4	8307500	14704	1
16	521	Picture	ITI	8308662	0	1	22992	1	0	next	other	0
16	522	Sound	test	8321563	0	1			0		other	0
16	522	Picture	response	8331654	10091	1	5831	1	10000	25000	incorrect	1026
16	522	Port Input	2	8337443	15880	1
16	522	Response	4	8337443	15880	1
16	523	Picture	ITI	8338485	0	1	22326	1	0	next	other	0
16	524	Sound	test	8349207	0	1			0		other	0
16	524	Picture	response	8360811	11604	1	11163	1	11450	25000	incorrect	1031
16	524	Port Input	1	8371895	22688	1
16	524	Response	3	8371895	22688	1
16	525	Picture	ITI	8372973	0	1	23492	1	0	next	other	0
16	526	Sound	test	8384975	0	1			0		other	0
16	526	Picture	response	8396465	11490	1	4832	1	11450	25000	incorrect	1036
16	526	Port Input	2	8401151	16176	1
16	526	Response	4	8401151	16176	1
16	527	Picture	ITI	8402130	0	1	23492	1	0	next	other	0
16	528	Sound	test	8412401	0	1			0		other	0
16	528	Picture	response	8425622	13221	1	2666	1	13100	25000	incorrect	1041
16	528	Port Input	1	8428117	15716	1
16	528	Response	3	8428117	15716	1
16	529	Picture	ITI	8429121	0	1	24492	1	0	next	other	0
16	530	Sound	test	8442772	0	1			0		other	0
16	530	Picture	response	8453613	10840	1	4332	1	10700	25000	incorrect	1046
16	530	Port Input	2	8457842	15070	1
16	530	Response	4	8457842	15070	1
16	531	Picture	ITI	8458944	0	1	31323	1	0	next	other	0
16	532	Sound	test	8475085	0	1			0		other	0
16	532	Picture	response	8490267	15181	1	7831	1	15000	25000	incorrect	1051
16	532	Port Input	1	8497905	22820	1
16	532	Response	3	8497905	22820	1
16	533	Picture	ITI	8498930	0	1	31989	1	0	next	other	0
16	534	Sound	test	8517782	0	1			0		other	0
16	534	Picture	response	8530919	13138	1	11163	1	13100	25000	incorrect	1056
16	534	Port Input	1	8541946	24164	1
16	534	Response	3	8541946	24164	1
16	535	Picture	ITI	8542915	0	1	27157	1	0	next	other	0
16	536	Sound	test	8559917	0	1			0		other	0
16	536	Picture	response	8570073	10156	1	5331	1	10000	25000	incorrect	1061
16	536	Port Input	2	8575304	15388	1
16	536	Response	4	8575304	15388	1
16	537	Picture	ITI	8576404	0	1	29157	1	0	next	other	0
16	538	Sound	test	8593265	0	1			0		other	0
16	538	Picture	response	8605561	12295	1	2832	1	12250	25000	incorrect	1066
16	538	Port Input	2	8608215	14950	1
16	538	Response	4	8608215	14950	1
16	539	Picture	ITI	8609226	0	1	27657	1	0	next	other	0
16	540	Sound	test	8622797	0	1			0		other	0
16	540	Picture	response	8636883	14086	1	5998	1	14020	25000	incorrect	1071
16	540	Port Input	1	8642688	19890	1
16	540	Response	3	8642688	19890	1
16	541	Picture	ITI	8643714	0	1	24658	1	0	next	other	0
16	542	Sound	test	8655106	0	1			0		other	0
16	542	Picture	response	8668373	13267	1	7331	1	13100	25000	incorrect	1076
16	542	Port Input	1	8675505	20399	1
16	542	Response	3	8675505	20399	1
16	543	Picture	ITI	8676536	0	1	34322	1	0	next	other	0
16	544	Sound	test	8695758	0	1			0		other	0
16	544	Picture	response	8710858	15100	1	4665	1	15000	25000	incorrect	1081
16	544	Port Input	1	8715381	19623	1
16	544	Response	3	8715381	19623	1
16	545	Picture	ITI	8716523	0	1	25158	1	0	next	other	0
16	546	Sound	test	8728394	0	1			0		other	0
16	546	Picture	response	8741681	13287	1	4832	1	13100	25000	incorrect	1086
16	546	Port Input	1	8746397	18003	1
16	546	Response	3	8746397	18003	1
16	547	Picture	ITI	8747512	0	1	25825	1	0	next	other	0
16	548	Sound	test	8760203	0	1			0		other	0
16	548	Picture	response	8773337	13133	1	6831	1	13100	25000	incorrect	1091
16	548	Port Input	1	8780057	19853	1
16	548	Response	3	8780057	19853	1
16	549	Picture	ITI	8781001	0	1	23659	1	0	next	other	0
16	550	Sound	test	8791402	0	1			0		other	0
16	550	Picture	response	8804659	13257	1	7164	1	13100	25000	incorrect	1096
16	550	Port Input	1	8811656	20254	1
16	550	Response	3	8811656	20254	1
16	551	Picture	ITI	8812657	0	1	24992	1	0	next	other	0
16	552	Sound	test	8827568	0	1			0		other	0
16	552	Picture	response	8837648	10080	1	6831	1	10000	25000	incorrect	1101
16	552	Port Input	2	8844389	16822	1
16	552	Response	4	8844389	16822	1
16	553	Picture	ITI	8845479	0	1	22659	1	0	next	other	0
16	554	Sound	test	8857390	0	1			0		other	0
16	554	Picture	response	8868138	10748	1	4332	1	10700	25000	incorrect	1106
16	554	Port Input	2	8872386	14996	1
16	554	Response	4	8872386	14996	1
16	555	Picture	ITI	8873469	0	1	28823	1	0	next	other	0
16	556	Sound	test	8890790	0	1			0		other	0
16	556	Picture	response	8902293	11502	1	4998	1	11450	25000	incorrect	1111
16	556	Port Input	2	8907171	16380	1
16	556	Response	4	8907171	16380	1
16	557	Picture	ITI	8908124	0	1	25991	1	0	next	other	0
16	558	Sound	test	8919915	0	1			0		other	0
16	558	Picture	response	8934115	14200	1	17827	1	14020	25000	incorrect	1116
16	558	Port Input	1	8951846	31931	1
16	558	Response	3	8951846	31931	1
16	559	Picture	ITI	8952942	0	1	22492	1	0	next	other	0
16	560	Sound	test	8963023	0	1			0		other	0
16	560	Picture	response	8975434	12411	1	5665	1	12250	25000	incorrect	1121
16	560	Port Input	2	8980998	17975	1
16	560	Response	4	8980998	17975	1
16	561	Picture	ITI	8982099	0	1	26324	1	0	next	other	0
16	562	Sound	test	8995220	0	1			0		other	0
16	562	Picture	response	9008423	13203	1	4165	1	13100	25000	incorrect	1126
16	562	Port Input	1	9012462	17242	1
16	562	Response	3	9012462	17242	1
16	563	Picture	ITI	9013421	0	1	29323	1	0	next	other	0
16	564	Sound	test	9031213	0	1			0		other	0
16	564	Picture	response	9042745	11532	1	3665	1	11450	25000	incorrect	1131
16	564	Port Input	2	9046279	15066	1
16	564	Response	4	9046279	15066	1
16	565	Picture	ITI	9047410	0	1	31323	1	0	next	other	0
16	566	Sound	test	9063671	0	1			0		other	0
16	566	Picture	response	9078732	15061	1	4332	1	15000	25000	incorrect	1136
16	566	Port Input	1	9082906	19235	1
16	566	Response	3	9082906	19235	1
16	567	Picture	ITI	9083897	0	1	30989	1	0	next	other	0
16	568	Sound	test	9103319	0	1			0		other	0
16	568	Picture	response	9114887	11568	1	4665	1	11450	25000	incorrect	1141
16	568	Port Input	2	9119367	16049	1
16	568	Response	4	9119367	16049	1
16	569	Picture	ITI	9120551	0	1	29490	1	0	next	other	0
16	570	Sound	test	9137733	0	1			0		other	0
16	570	Picture	response	9150041	12309	1	4165	1	12250	25000	incorrect	1146
16	570	Port Input	2	9154006	16274	1
16	570	Response	4	9154006	16274	1
16	571	Picture	ITI	9155040	0	1	23159	1	0	next	other	0
16	572	Sound	test	9168071	0	1			0		other	0
16	572	Picture	response	9178198	10128	1	5332	1	10000	25000	incorrect	1151
16	572	Port Input	2	9183471	15400	1
16	572	Response	4	9183471	15400	1
16	573	Picture	ITI	9184530	0	1	21326	1	0	next	other	0
16	574	Sound	test	9195831	0	1			0		other	0
16	574	Picture	response	9205856	10025	1	5498	1	10000	25000	incorrect	1156
16	574	Port Input	2	9211186	15356	1
16	574	Response	4	9211186	15356	1
16	575	Picture	ITI	9212353	0	1	28324	1	0	next	other	0
16	576	Sound	test	9225545	0	1			0		other	0
16	576	Picture	response	9240677	15132	1	5498	1	15000	25000	incorrect	1161
16	576	Port Input	1	9246086	20541	1
16	576	Response	3	9246086	20541	1
16	577	Picture	ITI	9247175	0	1	26158	1	0	next	other	0
16	578	Sound	test	9262586	0	1			0		other	0
16	578	Picture	response	9273333	10746	1	5165	1	10700	25000	incorrect	1166
16	578	Port Input	2	9278434	15848	1
16	578	Response	4	9278434	15848	1
16	579	Picture	ITI	9279497	0	1	26324	1	0	next	other	0
16	580	Sound	test	9295698	0	1			0		other	0
16	580	Picture	response	9305821	10123	1	4498	1	10000	25000	incorrect	1171
16	580	Port Input	2	9310116	14418	1
16	580	Response	4	9310116	14418	1
16	581	Picture	ITI	9311153	0	1	33489	1	0	next	other	0
16	582	Sound	test	9329514	0	1			0		other	0
16	582	Picture	response	9344642	15127	1	3332	1	15000	25000	incorrect	1176
16	582	Port Input	1	9347858	18344	1
16	582	Response	3	9347858	18344	1
16	583	Picture	ITI	9348807	0	1	26158	1	0	next	other	0
16	584	Sound	test	9360918	0	1			0		other	0
16	584	Picture	response	9374965	14046	1	7664	1	14020	25000	incorrect	1181
16	584	Port Input	1	9382518	21600	1
16	584	Response	3	9382518	21600	1
16	585	Picture	ITI	9383628	0	1	25158	1	0	next	other	0
16	586	Sound	test	9397269	0	1			0		other	0
16	586	Picture	response	9408786	11517	1	4498	1	11450	25000	incorrect	1186
16	586	Port Input	2	9413138	15869	1
16	586	Response	4	9413138	15869	1
16	587	Picture	ITI	9414118	0	1	30989	1	0	next	other	0
16	588	Sound	test	9430939	0	1			0		other	0
16	588	Picture	response	9445107	14168	1	18994	1	14020	25000	incorrect	1191
16	588	Port Input	1	9464050	33111	1
16	588	Response	3	9464050	33111	1
16	589	Picture	ITI	9465100	0	1	27990	1	0	next	other	0
16	590	Sound	test	9480712	0	1			0		other	0
16	590	Picture	response	9493091	12379	1	6331	1	12250	25000	incorrect	1196
16	590	Port Input	2	9499293	18582	1
16	590	Response	4	9499293	18582	1
16	591	Picture	ITI	9500422	0	1	27491	1	0	next	other	0
16	592	Sound	test	9517163	0	1			0		other	0
16	592	Picture	response	9527912	10749	1	5498	1	10700	25000	incorrect	1201
16	592	Port Input	1	9533318	16155	1
16	592	Response	3	9533318	16155	1
16	593	Picture	ITI	9534410	0	1	25991	1	0	next	other	0
16	594	Sound	test	9549642	0	1			0		other	0
16	594	Picture	response	9560401	10759	1	5998	1	10700	25000	incorrect	1206
16	594	Port Input	2	9566281	16639	1
16	594	Response	4	9566281	16639	1
16	595	Picture	ITI	9567399	0	1	32656	1	0	next	other	0
16	596	Sound	test	9585870	0	1			0		other	0
16	596	Picture	response	9600054	14184	1	14162	1	14020	25000	incorrect	1211
16	596	Port Input	1	9614090	28220	1
16	596	Response	3	9614090	28220	1
16	597	Picture	ITI	9615216	0	1	25824	1	0	next	other	0
16	598	Sound	test	9630897	0	1			0		other	0
16	598	Picture	response	9641040	10143	1	5831	1	10000	25000	incorrect	1216
16	598	Port Input	1	9646772	15875	1
16	598	Response	3	9646772	15875	1
16	599	Picture	ITI	9647871	0	1	21993	1	0	next	other	0
16	600	Sound	test	9659733	0	1			0		other	0
16	600	Picture	response	9669864	10131	1	3332	1	10000	25000	incorrect	1221
16	600	Port Input	2	9673113	13381	1
16	600	Response	4	9673113	13381	1
16	601	Picture	ITI	9674196	0	1	29823	1	0	next	other	0
16	602	Sound	test	9693227	0	1			0		other	0
16	602	Picture	response	9704019	10792	1	3499	1	10700	25000	incorrect	1226
16	602	Port Input	2	9707357	14130	1
16	602	Response	4	9707357	14130	1
16	603	Picture	ITI	9708517	0	1	28324	1	0	next	other	0
16	604	Sound	test	9722699	0	1			0		other	0
16	604	Picture	response	9736841	14142	1	3332	1	14020	25000	incorrect	1231
16	604	Port Input	1	9740132	17433	1
16	604	Response	3	9740132	17433	1
16	605	Picture	ITI	9741173	0	1	25158	1	0	next	other	0
16	606	Sound	test	9753934	0	1			0		other	0
16	606	Picture	response	9766331	12397	1	4832	1	12250	25000	incorrect	1236
16	606	Port Input	2	9771075	17141	1
16	606	Response	4	9771075	17141	1
16	607	Picture	ITI	9772162	0	1	25825	1	0	next	other	0
16	608	Sound	test	9784853	0	1			0		other	0
16	608	Picture	response	9797987	13133	1	5165	1	13100	25000	incorrect	1241
16	608	Port Input	2	9803090	18237	1
16	608	Response	4	9803090	18237	1
16	609	Picture	ITI	9804151	0	1	25158	1	0	next	other	0
16	610	Sound	test	9819163	0	1			0		other	0
16	610	Picture	response	9829309	10147	1	4498	1	10000	25000	incorrect	1246
16	610	Port Input	2	9833731	14569	1
16	610	Response	4	9833731	14569	1
16	611	Picture	ITI	9834807	0	1	27157	1	0	next	other	0
16	612	Sound	test	9847899	0	1			0		other	0
16	612	Picture	response	9861965	14066	1	4165	1	14020	25000	incorrect	1251
16	612	Port Input	1	9865944	18046	1
16	612	Response	3	9865944	18046	1
16	613	Picture	ITI	9866963	0	1	21493	1	0	next	other	0
16	614	Sound	test	9876964	0	1			0		other	0
16	614	Picture	response	9888456	11491	1	9164	1	11450	25000	incorrect	1256
16	614	Port Input	2	9897574	20610	1
16	614	Response	4	9897574	20610	1
16	615	Picture	ITI	9898619	0	1	27657	1	0	next	other	0
16	616	Sound	test	9911180	0	1			0		other	0
16	616	Picture	response	9926276	15096	1	3499	1	15000	25000	incorrect	1261
16	616	Port Input	1	9929590	18409	1
16	616	Response	3	9929590	18409	1
16	617	Picture	ITI	9930608	0	1	25491	1	0	next	other	0
16	618	Sound	test	9941029	0	1			0		other	0
16	618	Picture	response	9956099	15070	1	5998	1	15000	25000	incorrect	1266
16	618	Port Input	2	9961928	20898	1
16	618	Response	4	9961928	20898	1
16	619	Picture	ITI	9962930	0	1	26824	1	0	next	other	0
16	620	Sound	test	9977442	0	1			0		other	0
16	620	Picture	response	9989755	12313	1	4665	1	12250	25000	incorrect	1271
16	620	Port Input	2	9994370	16928	1
16	620	Response	4	9994370	16928	1
16	621	Picture	ITI	9995419	0	1	23325	1	0	next	other	0
16	622	Sound	test	10008571	0	1			0		other	0
16	622	Picture	response	10018745	10174	1	3499	1	10000	25000	incorrect	1276
16	622	Port Input	2	10022200	13629	1
16	622	Response	4	10022200	13629	1
16	623	Picture	ITI	10023243	0	1	33655	1	0	next	other	0
16	624	Sound	test	10042724	0	1			0		other	0
16	624	Picture	response	10056898	14174	1	3665	1	14020	25000	incorrect	1281
16	624	Port Input	1	10060400	17675	1
16	624	Response	3	10060400	17675	1
16	625	Picture	ITI	10061397	0	1	29157	1	0	next	other	0
16	626	Sound	test	10077318	0	1			0		other	0
16	626	Picture	response	10090553	13235	1	3999	1	13100	25000	incorrect	1286
16	626	Port Input	1	10094393	17075	1
16	626	Response	3	10094393	17075	1
16	627	Picture	ITI	10095385	0	1	20993	1	0	next	other	0
16	628	Sound	test	10105516	0	1			0		other	0
16	628	Picture	response	10116378	10862	1	3332	1	10700	25000	incorrect	1291
16	628	Port Input	2	10119641	14125	1
16	628	Response	4	10119641	14125	1
16	629	Picture	ITI	10120710	0	1	25325	1	0	next	other	0
16	630	Sound	test	10130981	0	1			0		other	0
16	630	Picture	response	10146035	15054	1	3665	1	15000	25000	incorrect	1296
16	630	Port Input	1	10149501	18520	1
16	630	Response	3	10149501	18520	1
16	631	Picture	ITI	10150533	0	1	27324	1	0	next	other	0
16	632	Sound	test	10166374	0	1			0		other	0
16	632	Picture	response	10177857	11483	1	6998	1	11450	25000	incorrect	1301
16	632	Port Input	2	10184671	18297	1
16	632	Response	4	10184671	18297	1
16	633	Picture	ITI	10185688	0	1	27990	1	0	next	other	0
16	634	Sound	test	10199579	0	1			0		other	0
16	634	Picture	response	10213678	14099	1	4165	1	14020	25000	incorrect	1306
16	634	Port Input	1	10217676	18097	1
16	634	Response	3	10217676	18097	1
16	635	Picture	ITI	10218843	0	1	28990	1	0	next	other	0
16	636	Sound	test	10236964	0	1			0		other	0
16	636	Picture	response	10247833	10869	1	4665	1	10700	25000	incorrect	1311
16	636	Port Input	1	10252429	15465	1
16	636	Response	3	10252429	15465	1
16	637	Picture	ITI	10253498	0	1	30989	1	0	next	other	0
16	638	Sound	test	10271219	0	1			0		other	0
16	638	Picture	response	10284487	13268	1	7664	1	13100	25000	incorrect	1316
16	638	Port Input	1	10292014	20795	1
16	638	Response	3	10292014	20795	1
16	639	Picture	ITI	10292984	0	1	28823	1	0	next	other	0
16	640	Sound	test	10306736	0	1			0		other	0
16	640	Picture	response	10321808	15072	1	3832	1	15000	25000	incorrect	1321
16	640	Port Input	1	10325497	18762	1
16	640	Response	3	10325497	18762	1
16	641	Picture	ITI	10326639	0	1	20826	1	0	next	other	0
16	642	Sound	test	10336691	0	1			0		other	0
16	642	Picture	response	10347466	10775	1	7831	1	10700	25000	incorrect	1326
16	642	Port Input	2	10355201	18511	1
16	642	Response	4	10355201	18511	1
16	643	Picture	ITI	10356296	0	1	22826	1	0	next	other	0
16	644	Sound	test	10369067	0	1			0		other	0
16	644	Picture	response	10379122	10054	1	4832	1	10000	25000	incorrect	1331
16	644	Port Input	2	10383770	14703	1
16	644	Response	4	10383770	14703	1
16	645	Picture	ITI	10384786	0	1	29823	1	0	next	other	0
16	646	Sound	test	10403118	0	1			0		other	0
16	646	Picture	response	10414609	11492	1	5498	1	11450	25000	incorrect	1336
16	646	Port Input	2	10420013	16895	1
16	646	Response	4	10420013	16895	1
16	647	Picture	ITI	10421107	0	1	24492	1	0	next	other	0
16	648	Sound	test	10435408	0	1			0		other	0
16	648	Picture	response	10445599	10190	1	3999	1	10000	25000	incorrect	1341
16	648	Port Input	2	10449540	14131	1
16	648	Response	4	10449540	14131	1
16	649	Picture	ITI	10450597	0	1	31489	1	0	next	other	0
16	650	Sound	test	10468038	0	1			0		other	0
16	650	Picture	response	10482086	14048	1	3665	1	14020	25000	incorrect	1346
16	650	Port Input	1	10485647	17608	1
16	650	Response	3	10485647	17608	1
16	651	Picture	ITI	10486585	0	1	32489	1	0	next	other	0
16	652	Sound	test	10504956	0	1			0		other	0
16	652	Picture	response	10519074	14118	1	3999	1	14020	25000	incorrect	1351
16	652	Port Input	1	10522982	18026	1
16	652	Response	3	10522982	18026	1
16	653	Picture	ITI	10524072	0	1	29657	1	0	next	other	0
16	654	Sound	test	10541393	0	1			0		other	0
16	654	Picture	response	10553729	12335	1	4499	1	12250	25000	incorrect	1356
16	654	Port Input	2	10558080	16686	1
16	654	Response	4	10558080	16686	1
16	655	Picture	ITI	10559227	0	1	22659	1	0	next	other	0
16	656	Sound	test	10571028	0	1			0		other	0
16	656	Picture	response	10581886	10858	1	4165	1	10700	25000	incorrect	1361
16	656	Port Input	2	10585951	14923	1
16	656	Response	4	10585951	14923	1
16	657	Picture	ITI	10587051	0	1	32989	1	0	next	other	0
16	658	Sound	test	10604882	0	1			0		other	0
16	658	Picture	response	10620039	15158	1	4665	1	15000	25000	incorrect	1366
16	658	Port Input	1	10624609	19727	1
16	658	Response	3	10624609	19727	1
16	659	Picture	ITI	10625704	0	1	26824	1	0	next	other	0
16	660	Sound	test	10640225	0	1			0		other	0
16	660	Picture	response	10652528	12303	1	4998	1	12250	25000	incorrect	1371
16	660	Port Input	2	10657353	17128	1
16	660	Response	4	10657353	17128	1
16	661	Picture	ITI	10658526	0	1	29323	1	0	next	other	0
16	662	Sound	test	10677777	0	2			0		other	0
16	662	Picture	response	10687849	10072	1	4498	1	10000	25000	incorrect	1376
16	662	Port Input	2	10692305	14527	1
16	662	Response	4	10692305	14527	1
16	663	Picture	ITI	10693348	0	1	30823	1	0	next	other	0
16	664	Sound	test	10712569	0	1			0		other	0
16	664	Picture	response	10724170	11602	1	5498	1	11450	25000	incorrect	1381
16	664	Port Input	2	10729526	16957	1
16	664	Response	4	10729526	16957	1
16	665	Picture	ITI	10730502	0	1	28990	1	0	next	other	0
16	666	Sound	test	10746293	0	1			0		other	0
16	666	Picture	response	10759492	13199	1	6165	1	13100	25000	incorrect	1386
16	666	Port Input	1	10765456	19163	1
16	666	Response	3	10765456	19163	1
16	667	Picture	ITI	10766489	0	1	23159	1	0	next	other	0
16	668	Sound	test	10778761	0	1			0		other	0
16	668	Picture	response	10789648	10888	1	3832	1	10700	25000	incorrect	1391
16	668	Port Input	2	10793411	14650	1
16	668	Response	4	10793411	14650	1
16	669	Picture	ITI	10794480	0	1	23825	1	0	next	other	0
16	670	Sound	test	10806001	0	1			0		other	0
16	670	Picture	response	10818305	12304	1	6498	1	12250	25000	incorrect	1396
16	670	Port Input	2	10824635	18634	1
16	670	Response	4	10824635	18634	1
16	671	Picture	ITI	10825636	0	1	31156	1	0	next	other	0
16	672	Sound	test	10842617	0	1			0		other	0
16	672	Picture	response	10856792	14175	1	4998	1	14020	25000	incorrect	1401
16	672	Port Input	1	10861731	19114	1
16	672	Response	3	10861731	19114	1
16	673	Picture	ITI	10862790	0	1	20160	1	0	next	other	0
16	674	Picture	Instruction	10882949	0	1	836464	1	0	next	other	0
16	674	Quit		11714064	831115	NA


{
   "app": "Presentation Version 20.2 Build 07.25.18",
   "device": "LENOVO 10A8S1PC00",
   "experiment": "{772213B2-5F0F-4A35-9C2F-36954700C7EA}",
   "os": "Windows 7 64 bit",
   "package": "",
   "parameters": {
      "configuration": "Default configuration"
   },
   "scenario": "Timing Task with Dynanometer.sce",
   "subject": "16",
   "timestamp": "2019/03/08 02:02:17 GMT"
}
