Scenario - Timing Task
Logfile written - 03/10/2019 14:48:02

Subject	Trial	Event Type	Code	Time	TTime	Uncertainty	Duration	Uncertainty	ReqTime	ReqDur	Stim Type	Pair Index

17	1	Picture	Instruction	500	0	1	184937	1	0	next	other	0
17	1	Response	1	180336	179837	0
17	2	Picture	ITI	185436	0	1	10496	1	0	next	other	0
17	3	Sound	Stimuli	195445	0	397			0		other	0
17	4	Picture	Feedback	225756	0	1	20160	1	0	next	other	0
17	5	Picture	ITI	245916	0	1	10163	1	0	next	other	0
17	6	Sound	Stimuli	255917	0	1			0		other	0
17	7	Picture	Feedback	291067	0	1	20160	1	0	next	other	0
17	8	Picture	ITI	311227	0	1	10163	1	0	next	other	0
17	9	Sound	Stimuli	321228	0	1			0		other	0
17	10	Picture	Feedback	351380	0	1	20160	1	0	next	other	0
17	10	Response	3	351594	214	1
17	11	Picture	ITI	371540	0	1	10163	1	0	next	other	0
17	12	Sound	Stimuli	381541	0	1			0		other	0
17	13	Picture	Feedback	416691	0	1	20160	1	0	next	other	0
17	14	Picture	ITI	436851	0	1	10163	1	0	next	other	0
17	15	Sound	Stimuli	446852	0	1			0		other	0
17	16	Picture	Feedback	477004	0	1	20160	1	0	next	other	0
17	17	Picture	ITI	497163	0	1	10163	1	0	next	other	0
17	18	Sound	Stimuli	507165	0	1			0		other	0
17	19	Picture	Feedback	542148	0	1	20160	1	0	next	other	0
17	20	Picture	ITI	562308	0	1	10163	1	0	next	other	0
17	21	Sound	Stimuli	572309	0	1			0		other	0
17	22	Picture	Feedback	602461	0	1	20160	1	0	next	other	0
17	22	Response	3	603870	1409	1
17	23	Picture	ITI	622620	0	1	10163	1	0	next	other	0
17	24	Sound	Stimuli	632622	0	1			0		other	0
17	25	Picture	Feedback	667772	0	1	20160	1	0	next	other	0
17	26	Picture	ITI	687932	0	1	10163	1	0	next	other	0
17	27	Sound	Stimuli	697933	0	1			0		other	0
17	28	Picture	Feedback	728084	0	1	20160	1	0	next	other	0
17	29	Picture	ITI	748244	0	1	10163	1	0	next	other	0
17	30	Sound	Stimuli	758245	0	1			0		other	0
17	31	Picture	Feedback	793396	0	1	20160	1	0	next	other	0
17	32	Picture	End_Block	813555	0	1	42819	1	0	next	other	0
17	32	Response	1	856249	42693	0
17	33	Picture	ITI	856374	0	1	10163	1	0	next	other	0
17	34	Picture	Break	866537	0	1	27990	1	0	next	other	0
17	34	Response	1	894488	27951	0
17	35	Picture	ITI	894528	0	1	10163	1	0	next	other	0
17	36	Picture	Instruction	904691	0	1	45984	1	0	next	other	0
17	36	Response	1	945607	40916	0
17	37	Picture	ITI	950675	0	1	22992	1	0	next	other	0
17	38	Sound	Practice	963617	0	1			0		other	0
17	38	Picture	response	973667	10051	1	4832	1	10000	25000	hit	47
17	38	Port Input	1	978410	14794	1
17	38	Response	3	978410	14794	1
17	39	Picture	ITI	988496	0	1	30490	1	0	next	other	0
17	40	Sound	Practice	1003807	0	1			0		other	0
17	40	Picture	response	1018985	15178	1	3499	1	15000	25000	hit	52
17	40	Port Input	2	1022379	18572	1
17	40	Response	4	1022379	18572	1
17	41	Picture	ITI	1032481	0	1	26991	1	0	next	other	0
17	42	Sound	Practice	1044392	0	1			0		other	0
17	42	Picture	response	1059471	15079	1	5332	1	15000	25000	hit	57
17	42	Port Input	2	1064651	20259	1
17	42	Response	4	1064651	20259	1
17	43	Picture	ITI	1074799	0	1	25825	1	0	next	other	0
17	44	Sound	Practice	1085471	0	1			0		other	0
17	44	Picture	response	1100624	15153	1	3665	1	15000	25000	hit	62
17	44	Port Input	2	1104225	18755	1
17	44	Response	4	1104225	18755	1
17	45	Picture	ITI	1114286	0	1	27990	1	0	next	other	0
17	46	Sound	Practice	1132157	0	1			0		other	0
17	46	Picture	response	1142276	10119	1	4498	1	10000	25000	hit	67
17	46	Port Input	1	1146612	14454	1
17	46	Response	3	1146612	14454	1
17	47	Picture	ITI	1156771	0	1	26658	1	0	next	other	0
17	48	Sound	Practice	1173333	0	1			0		other	0
17	48	Picture	response	1183429	10096	1	8164	1	10000	25000	hit	72
17	48	Port Input	1	1191549	18216	1
17	48	Response	3	1191549	18216	1
17	49	Picture	ITI	1201589	0	1	26491	1	0	next	other	0
17	50	Sound	Practice	1217971	0	1			0		other	0
17	50	Picture	response	1228080	10110	1	5498	1	10000	25000	hit	77
17	50	Port Input	1	1233393	15422	1
17	50	Response	3	1233393	15422	1
17	51	Picture	ITI	1243575	0	1	30823	1	0	next	other	0
17	52	Sound	Practice	1259337	0	1			0		other	0
17	52	Picture	response	1274398	15061	1	3665	1	15000	25000	hit	82
17	52	Port Input	2	1277987	18650	1
17	52	Response	4	1277987	18650	1
17	53	Picture	ITI	1288060	0	1	25491	1	0	next	other	0
17	54	Sound	Practice	1298451	0	1			0		other	0
17	54	Picture	response	1313551	15100	1	4332	1	15000	25000	hit	87
17	54	Port Input	2	1317686	19235	1
17	54	Response	4	1317686	19235	1
17	55	Picture	ITI	1327880	0	1	23659	1	0	next	other	0
17	56	Sound	Practice	1341461	0	1			0		other	0
17	56	Picture	response	1351538	10077	1	4498	1	10000	25000	hit	92
17	56	Port Input	1	1355877	14415	1
17	56	Response	3	1355877	14415	1
17	57	Picture	ITI	1366033	0	1	34488	1	0	next	other	0
17	58	Sound	Practice	1385495	0	1			0		other	0
17	58	Picture	response	1400521	15027	1	3332	1	15000	25000	hit	97
17	58	Port Input	2	1403812	18317	1
17	58	Response	4	1403812	18317	1
17	59	Picture	ITI	1413850	0	1	25658	1	0	next	other	0
17	60	Sound	Practice	1424452	0	1			0		other	0
17	60	Picture	response	1439508	15057	1	3999	1	15000	25000	hit	102
17	60	Port Input	2	1443366	18915	1
17	60	Response	4	1443366	18915	1
17	61	Picture	ITI	1453503	0	1	28823	1	0	next	other	0
17	62	Sound	Practice	1472145	0	1			0		other	0
17	62	Picture	response	1482327	10182	1	4832	1	10000	25000	hit	107
17	62	Port Input	1	1487012	14867	1
17	62	Response	3	1487012	14867	1
17	63	Picture	ITI	1497155	0	1	28824	1	0	next	other	0
17	64	Sound	Practice	1515936	0	1			0		other	0
17	64	Picture	response	1525979	10042	1	3832	1	10000	25000	hit	112
17	64	Port Input	1	1529658	13722	1
17	64	Response	3	1529658	13722	1
17	65	Picture	ITI	1539807	0	1	20660	1	0	next	other	0
17	66	Sound	Practice	1550319	0	1			0		other	0
17	66	Picture	response	1560467	10148	1	7997	1	10000	25000	hit	117
17	66	Port Input	1	1568286	17967	1
17	66	Response	3	1568286	17967	1
17	67	Picture	ITI	1578461	0	1	26658	1	0	next	other	0
17	68	Sound	Practice	1594992	0	1			0		other	0
17	68	Picture	response	1605118	10126	1	4165	1	10000	25000	hit	122
17	68	Port Input	1	1609110	14118	1
17	68	Response	3	1609110	14118	1
17	69	Picture	ITI	1619280	0	1	25658	1	0	next	other	0
17	70	Sound	Practice	1634802	0	1			0		other	0
17	70	Picture	response	1644938	10137	1	3832	1	10000	25000	hit	127
17	70	Port Input	1	1648664	13863	1
17	70	Response	3	1648664	13863	1
17	71	Picture	ITI	1658767	0	1	26158	1	0	next	other	0
17	72	Sound	Practice	1674748	0	1			0		other	0
17	72	Picture	response	1684924	10176	1	3832	1	10000	25000	hit	132
17	72	Port Input	1	1688593	13845	1
17	72	Response	3	1688593	13845	1
17	73	Picture	ITI	1698753	0	1	24992	1	0	next	other	0
17	74	Sound	Practice	1713594	0	1			0		other	0
17	74	Picture	response	1723744	10150	1	3665	1	10000	25000	hit	137
17	74	Port Input	1	1727367	13772	1
17	74	Response	3	1727367	13772	1
17	75	Picture	ITI	1737406	0	1	22992	1	0	next	other	0
17	76	Sound	Practice	1750238	0	1			0		other	0
17	76	Picture	response	1760399	10161	1	3999	1	10000	25000	hit	142
17	76	Port Input	1	1764266	14028	1
17	76	Response	3	1764266	14028	1
17	77	Picture	ITI	1774394	0	1	23159	1	0	next	other	0
17	78	Sound	Practice	1787375	0	1			0		other	0
17	78	Picture	response	1797553	10177	1	3665	1	10000	25000	hit	147
17	78	Port Input	1	1801113	13737	1
17	78	Response	3	1801113	13737	1
17	79	Picture	ITI	1811215	0	1	30656	1	0	next	other	0
17	80	Sound	Practice	1826836	0	1			0		other	0
17	80	Picture	response	1841871	15035	1	11663	1	15000	25000	hit	152
17	80	Port Input	2	1853432	26596	1
17	80	Response	4	1853432	26596	1
17	81	Picture	ITI	1863530	0	1	23992	1	0	next	other	0
17	82	Sound	Practice	1877491	0	1			0		other	0
17	82	Picture	response	1887522	10030	1	5665	1	10000	25000	hit	157
17	82	Port Input	1	1893110	15619	1
17	82	Response	3	1893110	15619	1
17	83	Picture	ITI	1903183	0	1	27990	1	0	next	other	0
17	84	Sound	Practice	1921075	0	1			0		other	0
17	84	Picture	response	1931174	10099	1	3999	1	10000	25000	hit	162
17	84	Port Input	1	1934976	13901	1
17	84	Response	3	1934976	13901	1
17	85	Picture	ITI	1945002	0	1	24325	1	0	next	other	0
17	86	Sound	Practice	1959184	0	1			0		other	0
17	86	Picture	response	1969327	10143	1	4332	1	10000	25000	hit	167
17	86	Port Input	1	1973499	14316	1
17	86	Response	3	1973499	14316	1
17	87	Picture	Break	1983656	0	1	23325	1	0	next	other	0
17	87	Response	1	2006794	23138	0
17	88	Picture	Instruction	2006981	0	1	34988	1	0	next	other	0
17	88	Response	1	2041913	34932	0
17	89	Picture	ITI	2041969	0	1	15161	1	0	next	other	0
17	90	Picture	ITI	2057131	0	1	23159	1	0	next	other	0
17	91	Sound	test	2068722	0	1			0		other	0
17	91	Picture	response	2080289	11568	1	4332	1	11450	25000	incorrect	177
17	91	Port Input	1	2084519	15798	1
17	91	Response	3	2084519	15798	1
17	92	Picture	ITI	2085621	0	1	22992	1	0	next	other	0
17	93	Sound	test	2096262	0	1			0		other	0
17	93	Picture	response	2108613	12351	1	3665	1	12250	25000	incorrect	182
17	93	Port Input	1	2112173	15911	1
17	93	Response	3	2112173	15911	1
17	94	Picture	ITI	2113111	0	1	31323	1	0	next	other	0
17	95	Sound	test	2132923	0	1			0		other	0
17	95	Picture	response	2144434	11511	1	6498	1	11450	25000	incorrect	187
17	95	Port Input	1	2150748	17826	1
17	95	Response	3	2150748	17826	1
17	96	Picture	ITI	2151765	0	1	24658	1	0	next	other	0
17	97	Sound	test	2166306	0	1			0		other	0
17	97	Picture	response	2176423	10117	1	4832	1	10000	25000	incorrect	192
17	97	Port Input	1	2181119	14813	1
17	97	Response	3	2181119	14813	1
17	98	Picture	ITI	2182254	0	1	23325	1	0	next	other	0
17	99	Sound	test	2194756	0	1			0		other	0
17	99	Picture	response	2205580	10824	1	3832	1	10700	25000	incorrect	197
17	99	Port Input	1	2209314	14558	1
17	99	Response	3	2209314	14558	1
17	100	Picture	ITI	2210412	0	1	28990	1	0	next	other	0
17	101	Sound	test	2225293	0	1			0		other	0
17	101	Picture	response	2239402	14109	1	3999	1	14020	25000	incorrect	202
17	101	Port Input	1	2243235	17943	1
17	101	Response	3	2243235	17943	1
17	102	Picture	ITI	2244233	0	1	21659	1	0	next	other	0
17	103	Sound	test	2255814	0	1			0		other	0
17	103	Picture	response	2265893	10078	1	5665	1	10000	25000	incorrect	207
17	103	Port Input	1	2271441	15626	1
17	103	Response	3	2271441	15626	1
17	104	Picture	ITI	2272557	0	1	26491	1	0	next	other	0
17	105	Sound	test	2288968	0	1			0		other	0
17	105	Picture	response	2299048	10080	1	3999	1	10000	25000	incorrect	212
17	105	Port Input	1	2302915	13947	1
17	105	Response	3	2302915	13947	1
17	106	Picture	ITI	2304046	0	1	27824	1	0	next	other	0
17	107	Sound	test	2319447	0	1			0		other	0
17	107	Picture	response	2331870	12423	1	4165	1	12250	25000	incorrect	217
17	107	Port Input	1	2335837	16390	1
17	107	Response	3	2335837	16390	1
17	108	Picture	ITI	2336868	0	1	22659	1	0	next	other	0
17	109	Sound	test	2347929	0	1			0		other	0
17	109	Picture	response	2359527	11598	1	3999	1	11450	25000	incorrect	222
17	109	Port Input	1	2363480	15551	1
17	109	Response	3	2363480	15551	1
17	110	Picture	ITI	2364526	0	1	23825	1	0	next	other	0
17	111	Sound	test	2376007	0	1			0		other	0
17	111	Picture	response	2388351	12344	1	9830	1	12250	25000	incorrect	227
17	111	Port Input	2	2397995	21988	1
17	111	Response	4	2397995	21988	1
17	112	Picture	ITI	2399014	0	1	29823	1	0	next	other	0
17	113	Sound	test	2414755	0	1			0		other	0
17	113	Picture	response	2428837	14082	1	3999	1	14020	25000	incorrect	232
17	113	Port Input	2	2432656	17901	1
17	113	Response	4	2432656	17901	1
17	114	Picture	ITI	2433669	0	1	31156	1	0	next	other	0
17	115	Sound	test	2449770	0	1			0		other	0
17	115	Picture	response	2464825	15055	1	6998	1	15000	25000	incorrect	237
17	115	Port Input	2	2471752	21982	1
17	115	Response	4	2471752	21982	1
17	116	Picture	ITI	2472822	0	1	29657	1	0	next	other	0
17	117	Sound	test	2492433	0	1			0		other	0
17	117	Picture	response	2502478	10045	1	3999	1	10000	25000	incorrect	242
17	117	Port Input	1	2506381	13948	1
17	117	Response	3	2506381	13948	1
17	118	Picture	ITI	2507477	0	1	29823	1	0	next	other	0
17	119	Sound	test	2523158	0	1			0		other	0
17	119	Picture	response	2537300	14142	1	3832	1	14020	25000	incorrect	247
17	119	Port Input	2	2541021	17863	1
17	119	Response	4	2541021	17863	1
17	120	Picture	ITI	2542132	0	1	25325	1	0	next	other	0
17	121	Sound	test	2557293	0	1			0		other	0
17	121	Picture	response	2567456	10163	1	4832	1	10000	25000	incorrect	252
17	121	Port Input	1	2572110	14817	1
17	121	Response	3	2572110	14817	1
17	122	Picture	ITI	2573121	0	1	29990	1	0	next	other	0
17	123	Sound	test	2591602	0	1			0		other	0
17	123	Picture	response	2603111	11509	1	4498	1	11450	25000	incorrect	257
17	123	Port Input	1	2607447	15845	1
17	123	Response	3	2607447	15845	1
17	124	Picture	ITI	2608442	0	1	27324	1	0	next	other	0
17	125	Sound	test	2624143	0	1			0		other	0
17	125	Picture	response	2635766	11623	1	4832	1	11450	25000	incorrect	262
17	125	Port Input	1	2640525	16382	1
17	125	Response	3	2640525	16382	1
17	126	Picture	ITI	2641598	0	1	24325	1	0	next	other	0
17	127	Sound	test	2651769	0	1			0		other	0
17	127	Picture	response	2665923	14154	1	5332	1	14020	25000	incorrect	267
17	127	Port Input	1	2671094	19325	1
17	127	Response	3	2671094	19325	1
17	128	Picture	ITI	2672254	0	1	33155	1	0	next	other	0
17	129	Sound	test	2692135	0	1			0		other	0
17	129	Picture	response	2705409	13274	1	4165	1	13100	25000	incorrect	272
17	129	Port Input	2	2709399	17264	1
17	129	Response	4	2709399	17264	1
17	130	Picture	ITI	2710407	0	1	25991	1	0	next	other	0
17	131	Sound	test	2724059	0	1			0		other	0
17	131	Picture	response	2736399	12340	1	4498	1	12250	25000	incorrect	277
17	131	Port Input	1	2740780	16721	1
17	131	Response	3	2740780	16721	1
17	132	Picture	ITI	2741897	0	1	29157	1	0	next	other	0
17	133	Sound	test	2760228	0	1			0		other	0
17	133	Picture	response	2771053	10825	1	3832	1	10700	25000	incorrect	282
17	133	Port Input	1	2774836	14608	1
17	133	Response	3	2774836	14608	1
17	134	Picture	ITI	2775885	0	1	26991	1	0	next	other	0
17	135	Sound	test	2792106	0	1			0		other	0
17	135	Picture	response	2802876	10770	1	4998	1	10700	25000	incorrect	287
17	135	Port Input	1	2807758	15652	1
17	135	Response	3	2807758	15652	1
17	136	Picture	ITI	2808707	0	1	25824	1	0	next	other	0
17	137	Sound	test	2823688	0	1			0		other	0
17	137	Picture	response	2834532	10843	1	4499	1	10700	25000	incorrect	292
17	137	Port Input	1	2838837	15149	1
17	137	Response	3	2838837	15149	1
17	138	Picture	ITI	2839863	0	1	23159	1	0	next	other	0
17	139	Sound	test	2852154	0	1			0		other	0
17	139	Picture	response	2863022	10868	1	3832	1	10700	25000	incorrect	297
17	139	Port Input	1	2866689	14534	1
17	139	Response	3	2866689	14534	1
17	140	Picture	ITI	2867854	0	1	23992	1	0	next	other	0
17	141	Sound	test	2878655	0	1			0		other	0
17	141	Picture	response	2891845	13191	1	10496	1	13100	25000	incorrect	302
17	141	Port Input	2	2902297	23642	1
17	141	Response	4	2902297	23642	1
17	142	Picture	ITI	2903342	0	1	28824	1	0	next	other	0
17	143	Sound	test	2917983	0	1			0		other	0
17	143	Picture	response	2932165	14182	1	3832	1	14020	25000	incorrect	307
17	143	Port Input	1	2935874	17892	1
17	143	Response	3	2935874	17892	1
17	144	Picture	ITI	2936830	0	1	33822	1	0	next	other	0
17	145	Sound	test	2955542	0	1			0		other	0
17	145	Picture	response	2970652	15110	1	8164	1	15000	25000	incorrect	312
17	145	Port Input	2	2978760	23219	1
17	145	Response	4	2978760	23219	1
17	146	Picture	ITI	2979815	0	1	30323	1	0	next	other	0
17	147	Sound	test	2995067	0	1			0		other	0
17	147	Picture	response	3010138	15072	1	3999	1	15000	25000	incorrect	317
17	147	Port Input	2	3013962	18896	1
17	147	Response	4	3013962	18896	1
17	148	Picture	ITI	3014970	0	1	32322	1	0	next	other	0
17	149	Sound	test	3032101	0	1			0		other	0
17	149	Picture	response	3047292	15191	1	9663	1	15000	25000	incorrect	322
17	149	Port Input	1	3056848	24747	1
17	149	Response	3	3056848	24747	1
17	150	Picture	ITI	3057955	0	1	28324	1	0	next	other	0
17	151	Sound	test	3074777	0	1			0		other	0
17	151	Picture	response	3086279	11502	1	4332	1	11450	25000	incorrect	327
17	151	Port Input	1	3090415	15639	1
17	151	Response	3	3090415	15639	1
17	152	Picture	ITI	3091444	0	1	30490	1	0	next	other	0
17	153	Sound	test	3108765	0	1			0		other	0
17	153	Picture	response	3121934	13168	1	4498	1	13100	25000	incorrect	332
17	153	Port Input	1	3126377	17612	1
17	153	Response	3	3126377	17612	1
17	154	Picture	ITI	3127432	0	1	23659	1	0	next	other	0
17	155	Sound	test	3138673	0	1			0		other	0
17	155	Picture	response	3151090	12417	1	4332	1	12250	25000	incorrect	337
17	155	Port Input	1	3155322	16649	1
17	155	Response	3	3155322	16649	1
17	156	Picture	ITI	3156422	0	1	29823	1	0	next	other	0
17	157	Sound	test	3174663	0	1			0		other	0
17	157	Picture	response	3186245	11582	1	3999	1	11450	25000	incorrect	342
17	157	Port Input	1	3190191	15528	1
17	157	Response	3	3190191	15528	1
17	158	Picture	ITI	3191243	0	1	24658	1	0	next	other	0
17	159	Sound	test	3205174	0	1			0		other	0
17	159	Picture	response	3215901	10727	1	3499	1	10700	25000	incorrect	347
17	159	Port Input	1	3219281	14107	1
17	159	Response	3	3219281	14107	1
17	160	Picture	ITI	3220400	0	1	32489	1	0	next	other	0
17	161	Sound	test	3237851	0	1			0		other	0
17	161	Picture	response	3252889	15038	1	3999	1	15000	25000	incorrect	352
17	161	Port Input	2	3256826	18975	1
17	161	Response	4	3256826	18975	1
17	162	Picture	ITI	3257887	0	1	22159	1	0	next	other	0
17	163	Sound	test	3269248	0	1			0		other	0
17	163	Picture	response	3280046	10798	1	5498	1	10700	25000	incorrect	357
17	163	Port Input	1	3285396	16147	1
17	163	Response	3	3285396	16147	1
17	164	Picture	ITI	3286544	0	1	26491	1	0	next	other	0
17	165	Sound	test	3300675	0	1			0		other	0
17	165	Picture	response	3313035	12360	1	5498	1	12250	25000	incorrect	362
17	165	Port Input	1	3318369	17694	1
17	165	Response	3	3318369	17694	1
17	166	Picture	ITI	3319533	0	1	25491	1	0	next	other	0
17	167	Sound	test	3334184	0	1			0		other	0
17	167	Picture	response	3345024	10840	1	3999	1	10700	25000	incorrect	367
17	167	Port Input	1	3348969	14786	1
17	167	Response	3	3348969	14786	1
17	168	Picture	ITI	3350022	0	1	30323	1	0	next	other	0
17	169	Sound	test	3365174	0	1			0		other	0
17	169	Picture	response	3380345	15172	1	3832	1	15000	25000	incorrect	372
17	169	Port Input	2	3384088	18915	1
17	169	Response	4	3384088	18915	1
17	170	Picture	ITI	3385177	0	1	30156	1	0	next	other	0
17	171	Sound	test	3400198	0	1			0		other	0
17	171	Picture	response	3415333	15135	1	7497	1	15000	25000	incorrect	377
17	171	Port Input	2	3422653	22455	1
17	171	Response	4	3422653	22455	1
17	172	Picture	ITI	3423664	0	1	30823	1	0	next	other	0
17	173	Sound	test	3442136	0	1			0		other	0
17	173	Picture	response	3454487	12351	1	5498	1	12250	25000	incorrect	382
17	173	Port Input	1	3459854	17719	1
17	173	Response	3	3459854	17719	1
17	174	Picture	ITI	3460818	0	1	26491	1	0	next	other	0
17	175	Sound	test	3472139	0	1			0		other	0
17	175	Picture	response	3487309	15170	1	4665	1	15000	25000	incorrect	387
17	175	Port Input	2	3491776	19637	1
17	175	Response	4	3491776	19637	1
17	176	Picture	ITI	3492807	0	1	30989	1	0	next	other	0
17	177	Sound	test	3511398	0	1			0		other	0
17	177	Picture	response	3523796	12398	1	10496	1	12250	25000	incorrect	392
17	177	Port Input	1	3534111	22712	1
17	177	Response	3	3534111	22712	1
17	178	Picture	ITI	3535126	0	1	30156	1	0	next	other	0
17	179	Sound	test	3554487	0	1			0		other	0
17	179	Picture	response	3565282	10795	1	3665	1	10700	25000	incorrect	397
17	179	Port Input	1	3568761	14274	1
17	179	Response	3	3568761	14274	1
17	180	Picture	ITI	3569781	0	1	26324	1	0	next	other	0
17	181	Sound	test	3582882	0	1			0		other	0
17	181	Picture	response	3596105	13223	1	7497	1	13100	25000	incorrect	402
17	181	Port Input	1	3603525	20644	1
17	181	Response	3	3603525	20644	1
17	182	Picture	ITI	3604602	0	1	27491	1	0	next	other	0
17	183	Sound	test	3620593	0	1			0		other	0
17	183	Picture	response	3632093	11499	1	4498	1	11450	25000	incorrect	407
17	183	Port Input	1	3636447	15854	1
17	183	Response	3	3636447	15854	1
17	184	Picture	ITI	3637424	0	1	26324	1	0	next	other	0
17	185	Sound	test	3648615	0	1			0		other	0
17	185	Picture	response	3663748	15133	1	8164	1	15000	25000	incorrect	412
17	185	Port Input	2	3671732	23117	1
17	185	Response	4	3671732	23117	1
17	186	Picture	ITI	3672745	0	1	30656	1	0	next	other	0
17	187	Sound	test	3688287	0	1			0		other	0
17	187	Picture	response	3703402	15115	1	25158	1	15000	25000	miss	0
17	188	Picture	ITI	3728726	0	1	26824	1	0	next	other	0
17	188	Port Input	2	3730319	1593	1
17	188	Response	4	3730319	1593	1
17	188	Port Input	2	3738753	10026	1
17	188	Response	4	3738753	10026	1
17	189	Sound	test	3743938	0	1			0		other	0
17	189	Picture	response	3755550	11613	1	11163	1	11450	25000	incorrect	424
17	189	Port Input	1	3766542	22604	1
17	189	Response	3	3766542	22604	1
17	190	Picture	ITI	3767546	0	1	34821	1	0	next	other	0
17	191	Sound	test	3787198	0	1			0		other	0
17	191	Picture	response	3802368	15170	1	22326	1	15000	25000	incorrect	429
17	191	Port Input	2	3824535	37337	1
17	191	Response	4	3824535	37337	1
17	192	Picture	ITI	3825527	0	1	25991	1	0	next	other	0
17	193	Sound	test	3840018	0	1			0		other	0
17	193	Picture	response	3851518	11500	1	5332	1	11450	25000	incorrect	434
17	193	Port Input	1	3856780	16762	1
17	193	Response	3	3856780	16762	1
17	194	Picture	ITI	3857849	0	1	23825	1	0	next	other	0
17	195	Sound	test	3869370	0	1			0		other	0
17	195	Picture	response	3881674	12304	1	5498	1	12250	25000	incorrect	439
17	195	Port Input	1	3887015	17645	1
17	195	Response	3	3887015	17645	1
17	196	Picture	ITI	3888005	0	1	32156	1	0	next	other	0
17	197	Sound	test	3906986	0	1			0		other	0
17	197	Picture	response	3920161	13174	1	6664	1	13100	25000	incorrect	444
17	197	Port Input	1	3926642	19656	1
17	197	Response	3	3926642	19656	1
17	198	Picture	ITI	3927658	0	1	24825	1	0	next	other	0
17	199	Sound	test	3941710	0	1			0		other	0
17	199	Picture	response	3952483	10774	1	4332	1	10700	25000	incorrect	449
17	199	Port Input	1	3956711	15002	1
17	199	Response	3	3956711	15002	1
17	200	Picture	ITI	3957815	0	1	28990	1	0	next	other	0
17	201	Sound	test	3972746	0	1			0		other	0
17	201	Picture	response	3986805	14059	1	6331	1	14020	25000	incorrect	454
17	201	Port Input	1	3992996	20250	1
17	201	Response	3	3992996	20250	1
17	202	Picture	ITI	3994136	0	1	25658	1	0	next	other	0
17	203	Sound	test	4009707	0	1			0		other	0
17	203	Picture	response	4019794	10087	1	5998	1	10000	25000	incorrect	459
17	203	Port Input	1	4025720	16013	1
17	203	Response	3	4025720	16013	1
17	204	Picture	ITI	4026791	0	1	30156	1	0	next	other	0
17	205	Sound	test	4041832	0	1			0		other	0
17	205	Picture	response	4056948	15115	1	1666	1	15000	25000	incorrect	464
17	205	Port Input	2	4058559	16726	1
17	205	Response	4	4058559	16726	1
17	206	Picture	ITI	4059613	0	1	22992	1	0	next	other	0
17	207	Sound	test	4072534	0	1			0		other	0
17	207	Picture	response	4082605	10071	1	4332	1	10000	25000	incorrect	469
17	207	Port Input	1	4086764	14230	1
17	207	Response	3	4086764	14230	1
17	208	Picture	ITI	4087937	0	1	23825	1	0	next	other	0
17	209	Sound	test	4101588	0	1			0		other	0
17	209	Picture	response	4111762	10174	1	7164	1	10000	25000	incorrect	474
17	209	Port Input	1	4118770	17181	1
17	209	Response	3	4118770	17181	1
17	210	Picture	ITI	4119926	0	1	28990	1	0	next	other	0
17	211	Sound	test	4136528	0	1			0		other	0
17	211	Picture	response	4148916	12388	1	6831	1	12250	25000	incorrect	479
17	211	Port Input	1	4155554	19027	1
17	211	Response	3	4155554	19027	1
17	212	Picture	ITI	4156580	0	1	27990	1	0	next	other	0
17	213	Sound	test	4174411	0	1			0		other	0
17	213	Picture	response	4184571	10159	1	4498	1	10000	25000	incorrect	484
17	213	Port Input	1	4188965	14554	1
17	213	Response	3	4188965	14554	1
17	214	Picture	ITI	4190069	0	1	29990	1	0	next	other	0
17	215	Sound	test	4205900	0	1			0		other	0
17	215	Picture	response	4220058	14159	1	3499	1	14020	25000	incorrect	489
17	215	Port Input	2	4223470	17570	1
17	215	Response	4	4223470	17570	1
17	216	Picture	ITI	4224557	0	1	34655	1	0	next	other	0
17	217	Sound	test	4244038	0	1			0		other	0
17	217	Picture	response	4259212	15174	1	2999	1	15000	25000	incorrect	494
17	217	Port Input	2	4262118	18080	1
17	217	Response	4	4262118	18080	1
17	218	Picture	ITI	4263210	0	1	34655	1	0	next	other	0
17	219	Sound	test	4282792	0	1			0		other	0
17	219	Picture	response	4297865	15074	1	11496	1	15000	25000	incorrect	499
17	219	Port Input	2	4309179	26387	1
17	219	Response	4	4309179	26387	1
17	220	Picture	ITI	4310194	0	1	24492	1	0	next	other	0
17	221	Sound	test	4321496	0	1			0		other	0
17	221	Picture	response	4334686	13190	1	7997	1	13100	25000	incorrect	504
17	221	Port Input	1	4342632	21136	1
17	221	Response	3	4342632	21136	1
17	222	Picture	ITI	4343683	0	1	30656	1	0	next	other	0
17	223	Sound	test	4360294	0	1			0		other	0
17	223	Picture	response	4374339	14045	1	13995	1	14020	25000	incorrect	509
17	223	Port Input	2	4388277	27983	1
17	223	Response	4	4388277	27983	1
17	224	Picture	ITI	4389334	0	1	28157	1	0	next	other	0
17	225	Sound	test	4405945	0	1			0		other	0
17	225	Picture	response	4417491	11546	1	7497	1	11450	25000	incorrect	514
17	225	Port Input	1	4424853	18908	1
17	225	Response	3	4424853	18908	1
17	226	Picture	ITI	4425988	0	1	32322	1	0	next	other	0
17	227	Sound	test	4445919	0	1			0		other	0
17	227	Picture	response	4458310	12391	1	6498	1	12250	25000	incorrect	519
17	227	Port Input	1	4464615	18696	1
17	227	Response	3	4464615	18696	1
17	228	Picture	ITI	4465641	0	1	24825	1	0	next	other	0
17	229	Sound	test	4477272	0	1			0		other	0
17	229	Picture	response	4490466	13194	1	11996	1	13100	25000	incorrect	524
17	229	Port Input	2	4502368	25096	1
17	229	Response	4	4502368	25096	1
17	230	Picture	ITI	4503462	0	1	25991	1	0	next	other	0
17	231	Sound	test	4517924	0	1			0		other	0
17	231	Picture	response	4529453	11528	1	5165	1	11450	25000	incorrect	529
17	231	Port Input	1	4534530	16606	1
17	231	Response	3	4534530	16606	1
17	232	Picture	ITI	4535617	0	1	25491	1	0	next	other	0
17	233	Sound	test	4548709	0	1			0		other	0
17	233	Picture	response	4561109	12400	1	3665	1	12250	25000	incorrect	534
17	233	Port Input	1	4564599	15890	1
17	233	Response	3	4564599	15890	1
17	234	Picture	ITI	4565607	0	1	25658	1	0	next	other	0
17	235	Sound	test	4576098	0	1			0		other	0
17	235	Picture	response	4591265	15167	1	5498	1	15000	25000	incorrect	539
17	235	Port Input	2	4596688	20590	1
17	235	Response	4	4596688	20590	1
17	236	Picture	ITI	4597763	0	1	29823	1	0	next	other	0
17	237	Sound	test	4617434	0	1			0		other	0
17	237	Picture	response	4627586	10152	1	3832	1	10000	25000	incorrect	544
17	237	Port Input	1	4631265	13831	1
17	237	Response	3	4631265	13831	1
17	238	Picture	ITI	4632418	0	1	21326	1	0	next	other	0
17	239	Sound	test	4643639	0	1			0		other	0
17	239	Picture	response	4653744	10105	1	3499	1	10000	25000	incorrect	549
17	239	Port Input	1	4657118	13479	1
17	239	Response	3	4657118	13479	1
17	240	Picture	ITI	4658076	0	1	28990	1	0	next	other	0
17	241	Sound	test	4672907	0	1			0		other	0
17	241	Picture	response	4687066	14159	1	4165	1	14020	25000	incorrect	554
17	241	Port Input	2	4691049	18143	1
17	241	Response	4	4691049	18143	1
17	242	Picture	ITI	4692231	0	1	23992	1	0	next	other	0
17	243	Sound	test	4706112	0	1			0		other	0
17	243	Picture	response	4716222	10111	1	4165	1	10000	25000	incorrect	559
17	243	Port Input	1	4720192	14080	1
17	243	Response	3	4720192	14080	1
17	244	Picture	ITI	4721221	0	1	28657	1	0	next	other	0
17	245	Sound	test	4736632	0	1			0		other	0
17	245	Picture	response	4749878	13246	1	5665	1	13100	25000	incorrect	564
17	245	Port Input	1	4755498	18866	1
17	245	Response	3	4755498	18866	1
17	246	Picture	ITI	4756542	0	1	29323	1	0	next	other	0
17	247	Sound	test	4771703	0	1			0		other	0
17	247	Picture	response	4785865	14162	1	7331	1	14020	25000	incorrect	569
17	247	Port Input	1	4793032	21329	1
17	247	Response	3	4793032	21329	1
17	248	Picture	ITI	4794029	0	1	31156	1	0	next	other	0
17	249	Sound	test	4811140	0	1			0		other	0
17	249	Picture	response	4825185	14045	1	10996	1	14020	25000	incorrect	574
17	249	Port Input	1	4836043	24903	1
17	249	Response	3	4836043	24903	1
17	250	Picture	ITI	4837014	0	1	24158	1	0	next	other	0
17	251	Sound	test	4851046	0	1			0		other	0
17	251	Picture	response	4861173	10127	1	4998	1	10000	25000	incorrect	579
17	251	Port Input	1	4866112	15066	1
17	251	Response	3	4866112	15066	1
17	252	Picture	ITI	4867171	0	1	28490	1	0	next	other	0
17	253	Sound	test	4884052	0	1			0		other	0
17	253	Picture	response	4895661	11609	1	6331	1	11450	25000	incorrect	584
17	253	Port Input	1	4901939	17887	1
17	253	Response	3	4901939	17887	1
17	254	Picture	ITI	4902992	0	1	33489	1	0	next	other	0
17	255	Sound	test	4921433	0	1			0		other	0
17	255	Picture	response	4936480	15047	1	4665	1	15000	25000	incorrect	589
17	255	Port Input	2	4941003	19570	1
17	255	Response	4	4941003	19570	1
17	256	Picture	ITI	4941979	0	1	21159	1	0	next	other	0
17	257	Sound	test	4952350	0	1			0		other	0
17	257	Picture	response	4963138	10788	1	4165	1	10700	25000	incorrect	594
17	257	Port Input	1	4967106	14756	1
17	257	Response	3	4967106	14756	1
17	258	Picture	ITI	4968136	0	1	34988	1	0	next	other	0
17	259	Sound	test	4988068	0	1			0		other	0
17	259	Picture	response	5003124	15057	1	5831	1	15000	25000	incorrect	599
17	259	Port Input	2	5008888	20820	1
17	259	Response	4	5008888	20820	1
17	260	Picture	ITI	5009955	0	1	33988	1	0	next	other	0
17	261	Sound	test	5028847	0	1			0		other	0
17	261	Picture	response	5043944	15097	1	11496	1	15000	25000	incorrect	604
17	261	Port Input	1	5055293	26446	1
17	261	Response	3	5055293	26446	1
17	262	Picture	ITI	5056273	0	1	25158	1	0	next	other	0
17	263	Sound	test	5070664	0	1			0		other	0
17	263	Picture	response	5081431	10767	1	3499	1	10700	25000	incorrect	609
17	263	Port Input	1	5084727	14063	1
17	263	Response	3	5084727	14063	1
17	264	Picture	ITI	5085763	0	1	25158	1	0	next	other	0
17	265	Sound	test	5097644	0	1			0		other	0
17	265	Picture	response	5110921	13277	1	10496	1	13100	25000	incorrect	614
17	265	Port Input	2	5121345	23701	1
17	265	Response	4	5121345	23701	1
17	266	Picture	ITI	5122417	0	1	30989	1	0	next	other	0
17	267	Sound	test	5141808	0	1			0		other	0
17	267	Picture	response	5153406	11598	1	4498	1	11450	25000	incorrect	619
17	267	Port Input	1	5157796	15988	1
17	267	Response	3	5157796	15988	1
17	268	Picture	ITI	5158905	0	1	30989	1	0	next	other	0
17	269	Sound	test	5176726	0	1			0		other	0
17	269	Picture	response	5189894	13168	1	7164	1	13100	25000	incorrect	624
17	269	Port Input	2	5196861	20135	1
17	269	Response	4	5196861	20135	1
17	270	Picture	ITI	5197891	0	1	31489	1	0	next	other	0
17	271	Sound	test	5217052	0	1			0		other	0
17	271	Picture	response	5229380	12328	1	4498	1	12250	25000	incorrect	629
17	271	Port Input	1	5233718	16666	1
17	271	Response	3	5233718	16666	1
17	272	Picture	ITI	5234712	0	1	28824	1	0	next	other	0
17	273	Sound	test	5251153	0	1			0		other	0
17	273	Picture	response	5263535	12382	1	6331	1	12250	25000	incorrect	634
17	273	Port Input	1	5269691	18538	1
17	273	Response	3	5269691	18538	1
17	274	Picture	ITI	5270700	0	1	21659	1	0	next	other	0
17	275	Sound	test	5281611	0	1			0		other	0
17	275	Picture	response	5292359	10748	1	5831	1	10700	25000	incorrect	639
17	275	Port Input	1	5298031	16421	1
17	275	Response	3	5298031	16421	1
17	276	Picture	ITI	5299023	0	1	28990	1	0	next	other	0
17	277	Sound	test	5313875	0	1			0		other	0
17	277	Picture	response	5328013	14139	1	8331	1	14020	25000	incorrect	644
17	277	Port Input	2	5336201	22326	1
17	277	Response	4	5336201	22326	1
17	278	Picture	ITI	5337177	0	1	25991	1	0	next	other	0
17	279	Sound	test	5348058	0	1			0		other	0
17	279	Picture	response	5363168	15110	1	4332	1	15000	25000	incorrect	649
17	279	Port Input	2	5367384	19326	1
17	279	Response	4	5367384	19326	1
17	280	Picture	ITI	5368500	0	1	32489	1	0	next	other	0
17	281	Sound	test	5387791	0	1			0		other	0
17	281	Picture	response	5400989	13198	1	8330	1	13100	25000	incorrect	654
17	281	Port Input	1	5409156	21365	1
17	281	Response	3	5409156	21365	1
17	282	Picture	ITI	5410319	0	1	30656	1	0	next	other	0
17	283	Sound	test	5427730	0	1			0		other	0
17	283	Picture	response	5440975	13245	1	5498	1	13100	25000	incorrect	659
17	283	Port Input	1	5446357	18627	1
17	283	Response	3	5446357	18627	1
17	284	Picture	ITI	5447473	0	1	27824	1	0	next	other	0
17	285	Sound	test	5460174	0	1			0		other	0
17	285	Picture	response	5475296	15123	1	3832	1	15000	25000	incorrect	664
17	285	Port Input	2	5479050	18876	1
17	285	Response	4	5479050	18876	1
17	286	Picture	ITI	5480128	0	1	21159	1	0	next	other	0
17	287	Sound	test	5490539	0	1			0		other	0
17	287	Picture	response	5501288	10748	1	3999	1	10700	25000	incorrect	669
17	287	Port Input	1	5505173	14633	1
17	287	Response	3	5505173	14633	1
17	288	Picture	ITI	5506286	0	1	32322	1	0	next	other	0
17	289	Sound	test	5524427	0	1			0		other	0
17	289	Picture	response	5538608	14181	1	3499	1	14020	25000	incorrect	674
17	289	Port Input	2	5542061	17634	1
17	289	Response	4	5542061	17634	1
17	290	Picture	ITI	5543107	0	1	29990	1	0	next	other	0
17	291	Sound	test	5559938	0	1			0		other	0
17	291	Picture	response	5573096	13158	1	3832	1	13100	25000	incorrect	679
17	291	Port Input	2	5576836	16898	1
17	291	Response	4	5576836	16898	1
17	292	Picture	ITI	5577928	0	1	26991	1	0	next	other	0
17	293	Sound	test	5594879	0	1			0		other	0
17	293	Picture	response	5604919	10040	1	7164	1	10000	25000	incorrect	684
17	293	Port Input	1	5611955	17076	1
17	293	Response	3	5611955	17076	1
17	294	Picture	ITI	5613083	0	1	33655	1	0	next	other	0
17	295	Sound	test	5632654	0	1			0		other	0
17	295	Picture	response	5646738	14084	1	10663	1	14020	25000	incorrect	689
17	295	Port Input	2	5657288	24634	1
17	295	Response	4	5657288	24634	1
17	296	Picture	ITI	5658401	0	1	25491	1	0	next	other	0
17	297	Sound	test	5670752	0	1			0		other	0
17	297	Picture	response	5683892	13140	1	6664	1	13100	25000	incorrect	694
17	297	Port Input	1	5690470	19718	1
17	297	Response	3	5690470	19718	1
17	298	Picture	ITI	5691556	0	1	24658	1	0	next	other	0
17	299	Sound	test	5706047	0	1			0		other	0
17	299	Picture	response	5716214	10167	1	6165	1	10000	25000	incorrect	699
17	299	Port Input	1	5722236	16189	1
17	299	Response	3	5722236	16189	1
17	300	Picture	ITI	5723212	0	1	29657	1	0	next	other	0
17	301	Sound	test	5742753	0	1			0		other	0
17	301	Picture	response	5752868	10115	1	4665	1	10000	25000	incorrect	704
17	301	Port Input	1	5757344	14591	1
17	301	Response	3	5757344	14591	1
17	302	Picture	ITI	5758366	0	1	24825	1	0	next	other	0
17	303	Sound	test	5772318	0	1			0		other	0
17	303	Picture	response	5783191	10874	1	3332	1	10700	25000	incorrect	709
17	303	Port Input	1	5786435	14117	1
17	303	Response	3	5786435	14117	1
17	304	Picture	ITI	5787523	0	1	25991	1	0	next	other	0
17	305	Sound	test	5803384	0	1			0		other	0
17	305	Picture	response	5813514	10130	1	4832	1	10000	25000	incorrect	714
17	305	Port Input	1	5818159	14775	1
17	305	Response	3	5818159	14775	1
17	306	Picture	ITI	5819179	0	1	26991	1	0	next	other	0
17	307	Sound	test	5836080	0	1			0		other	0
17	307	Picture	response	5846170	10090	1	4332	1	10000	25000	incorrect	719
17	307	Port Input	1	5850446	14366	1
17	307	Response	3	5850446	14366	1
17	308	Picture	ITI	5851501	0	1	25991	1	0	next	other	0
17	309	Sound	test	5867333	0	1			0		other	0
17	309	Picture	response	5877492	10160	1	4332	1	10000	25000	incorrect	724
17	309	Port Input	1	5881702	14369	1
17	309	Response	3	5881702	14369	1
17	310	Picture	ITI	5882657	0	1	31156	1	0	next	other	0
17	311	Sound	test	5899649	0	1			0		other	0
17	311	Picture	response	5913813	14165	1	10496	1	14020	25000	incorrect	729
17	311	Port Input	2	5924255	24606	1
17	311	Response	4	5924255	24606	1
17	312	Picture	ITI	5925309	0	1	24825	1	0	next	other	0
17	313	Sound	test	5936881	0	1			0		other	0
17	313	Picture	response	5950134	13254	1	8664	1	13100	25000	incorrect	734
17	313	Port Input	2	5958613	21733	1
17	313	Response	4	5958613	21733	1
17	314	Picture	ITI	5959631	0	1	28490	1	0	next	other	0
17	315	Sound	test	5975692	0	1			0		other	0
17	315	Picture	response	5988121	12429	1	3499	1	12250	25000	incorrect	739
17	315	Port Input	2	5991462	15770	1
17	315	Response	4	5991462	15770	1
17	316	Picture	ITI	5992620	0	1	25825	1	0	next	other	0
17	317	Sound	test	6006871	0	1			0		other	0
17	317	Picture	response	6018444	11573	1	5831	1	11450	25000	incorrect	744
17	317	Port Input	1	6024093	17222	1
17	317	Response	3	6024093	17222	1
17	318	Picture	ITI	6025109	0	1	29490	1	0	next	other	0
17	319	Sound	test	6044550	0	1			0		other	0
17	319	Picture	response	6054599	10049	1	4332	1	10000	25000	incorrect	749
17	319	Port Input	1	6058774	14224	1
17	319	Response	3	6058774	14224	1
17	441	Picture	resume	7269517	0	1	50316	1	0	next	other	0
17	441	Port Input	1	7318509	48992	1
17	441	Response	3	7318509	48992	1
17	442	Picture	ITI	7319833	0	1	10163	1	0	next	other	0
17	443	Picture	ITI	7329996	0	1	27990	1	0	next	other	0
17	444	Sound	test	7342838	0	1			0		other	0
17	444	Picture	response	7357987	15149	1	8331	1	15000	25000	incorrect	758
17	444	Port Input	1	7366226	23388	1
17	444	Response	3	7366226	23388	1
17	445	Picture	ITI	7367317	0	1	32156	1	0	next	other	0
17	446	Sound	test	7387188	0	1			0		other	0
17	446	Picture	response	7399473	12284	1	3832	1	12250	25000	incorrect	763
17	446	Port Input	1	7403260	16072	1
17	446	Response	3	7403260	16072	1
17	447	Picture	ITI	7404304	0	1	31656	1	0	next	other	0
17	448	Sound	test	7422696	0	1			0		other	0
17	448	Picture	response	7435960	13265	1	4498	1	13100	25000	incorrect	768
17	448	Port Input	1	7440264	17568	1
17	448	Response	3	7440264	17568	1
17	449	Picture	ITI	7441292	0	1	29490	1	0	next	other	0
17	450	Sound	test	7456693	0	1			0		other	0
17	450	Picture	response	7470782	14089	1	7664	1	14020	25000	incorrect	773
17	450	Port Input	2	7478371	21678	1
17	450	Response	4	7478371	21678	1
17	451	Picture	ITI	7479445	0	1	30490	1	0	next	other	0
17	452	Sound	test	7499176	0	1			0		other	0
17	452	Picture	response	7509935	10758	1	3999	1	10700	25000	incorrect	778
17	452	Port Input	1	7513844	14667	1
17	452	Response	3	7513844	14667	1
17	453	Picture	ITI	7514933	0	1	25825	1	0	next	other	0
17	454	Sound	test	7529904	0	1			0		other	0
17	454	Picture	response	7540758	10853	1	5165	1	10700	25000	incorrect	783
17	454	Port Input	1	7545850	15945	1
17	454	Response	3	7545850	15945	1
17	455	Picture	ITI	7546922	0	1	21659	1	0	next	other	0
17	456	Sound	test	7557823	0	1			0		other	0
17	456	Picture	response	7568582	10758	1	4332	1	10700	25000	incorrect	788
17	456	Port Input	1	7572806	14982	1
17	456	Response	3	7572806	14982	1
17	457	Picture	ITI	7573913	0	1	30490	1	0	next	other	0
17	458	Sound	test	7592904	0	1			0		other	0
17	458	Picture	response	7604403	11498	1	4165	1	11450	25000	incorrect	793
17	458	Port Input	1	7608362	15458	1
17	458	Response	3	7608362	15458	1
17	459	Picture	ITI	7609401	0	1	24492	1	0	next	other	0
17	460	Sound	test	7620702	0	1			0		other	0
17	460	Picture	response	7633893	13190	1	3332	1	13100	25000	incorrect	798
17	460	Port Input	1	7637161	16459	1
17	460	Response	3	7637161	16459	1
17	461	Picture	ITI	7638224	0	1	33822	1	0	next	other	0
17	462	Sound	test	7657846	0	1			0		other	0
17	462	Picture	response	7672046	14201	1	14828	1	14020	25000	incorrect	803
17	462	Port Input	2	7686763	28917	1
17	462	Response	4	7686763	28917	1
17	463	Picture	ITI	7687874	0	1	26158	1	0	next	other	0
17	464	Sound	test	7701686	0	1			0		other	0
17	464	Picture	response	7714032	12346	1	3665	1	12250	25000	incorrect	808
17	464	Port Input	1	7717551	15865	1
17	464	Response	3	7717551	15865	1
17	465	Picture	ITI	7718530	0	1	20160	1	0	next	other	0
17	466	Sound	test	7728551	0	1			0		other	0
17	466	Picture	response	7738690	10139	1	3999	1	10000	25000	incorrect	813
17	466	Port Input	1	7742539	13988	1
17	466	Response	3	7742539	13988	1
17	467	Picture	ITI	7743522	0	1	30490	1	0	next	other	0
17	468	Sound	test	7759903	0	1			0		other	0
17	468	Picture	response	7774011	14108	1	8664	1	14020	25000	incorrect	818
17	468	Port Input	2	7782604	22701	1
17	468	Response	4	7782604	22701	1
17	469	Picture	ITI	7783675	0	1	30656	1	0	next	other	0
17	470	Sound	test	7801986	0	1			0		other	0
17	470	Picture	response	7814331	12345	1	10663	1	12250	25000	incorrect	823
17	470	Port Input	1	7824948	22962	1
17	470	Response	3	7824948	22962	1
17	471	Picture	ITI	7825994	0	1	25991	1	0	next	other	0
17	472	Sound	test	7836905	0	1			0		other	0
17	472	Picture	response	7851985	15080	1	3665	1	15000	25000	incorrect	828
17	472	Port Input	2	7855569	18665	1
17	472	Response	4	7855569	18665	1
17	473	Picture	ITI	7856650	0	1	26324	1	0	next	other	0
17	474	Sound	test	7872221	0	1			0		other	0
17	474	Picture	response	7882974	10753	1	4998	1	10700	25000	incorrect	833
17	474	Port Input	1	7887846	15625	1
17	474	Response	3	7887846	15625	1
17	475	Picture	ITI	7888805	0	1	23659	1	0	next	other	0
17	476	Sound	test	7900127	0	1			0		other	0
17	476	Picture	response	7912464	12337	1	5831	1	12250	25000	incorrect	838
17	476	Port Input	1	7918217	18090	1
17	476	Response	3	7918217	18090	1
17	477	Picture	ITI	7919295	0	1	29490	1	0	next	other	0
17	478	Sound	test	7938646	0	1			0		other	0
17	478	Picture	response	7948785	10139	1	3665	1	10000	25000	incorrect	843
17	478	Port Input	1	7952368	13722	1
17	478	Response	3	7952368	13722	1
17	479	Picture	ITI	7953450	0	1	27657	1	0	next	other	0
17	480	Sound	test	7968741	0	1			0		other	0
17	480	Picture	response	7981107	12366	1	6331	1	12250	25000	incorrect	848
17	480	Port Input	2	7987320	18579	1
17	480	Response	4	7987320	18579	1
17	481	Picture	ITI	7988438	0	1	27990	1	0	next	other	0
17	482	Sound	test	8005629	0	1			0		other	0
17	482	Picture	response	8016429	10799	1	3999	1	10700	25000	incorrect	853
17	482	Port Input	1	8020378	14748	1
17	482	Response	3	8020378	14748	1
17	483	Picture	ITI	8021427	0	1	24492	1	0	next	other	0
17	484	Sound	test	8032778	0	1			0		other	0
17	484	Picture	response	8045918	13140	1	3832	1	13100	25000	incorrect	858
17	484	Port Input	2	8049645	16867	1
17	484	Response	4	8049645	16867	1
17	485	Picture	ITI	8050584	0	1	30323	1	0	next	other	0
17	486	Sound	test	8070175	0	1			0		other	0
17	486	Picture	response	8080907	10732	1	4332	1	10700	25000	incorrect	863
17	486	Port Input	1	8085149	14975	1
17	486	Response	3	8085149	14975	1
17	487	Picture	ITI	8086238	0	1	25158	1	0	next	other	0
17	488	Sound	test	8099009	0	1			0		other	0
17	488	Picture	response	8111396	12387	1	3665	1	12250	25000	incorrect	868
17	488	Port Input	1	8114885	15876	1
17	488	Response	3	8114885	15876	1
17	489	Picture	ITI	8115895	0	1	29157	1	0	next	other	0
17	490	Sound	test	8133486	0	1			0		other	0
17	490	Picture	response	8145051	11566	1	4165	1	11450	25000	incorrect	873
17	490	Port Input	1	8149036	15550	1
17	490	Response	3	8149036	15550	1
17	491	Picture	ITI	8150050	0	1	20826	1	0	next	other	0
17	492	Sound	test	8160091	0	1			0		other	0
17	492	Picture	response	8170876	10785	1	3665	1	10700	25000	incorrect	878
17	492	Port Input	1	8174347	14256	1
17	492	Response	3	8174347	14256	1
17	493	Picture	ITI	8175374	0	1	26824	1	0	next	other	0
17	494	Sound	test	8188016	0	1			0		other	0
17	494	Picture	response	8202198	14183	1	3832	1	14020	25000	incorrect	883
17	494	Port Input	2	8205874	17859	1
17	494	Response	4	8205874	17859	1
17	495	Picture	ITI	8207030	0	1	27491	1	0	next	other	0
17	496	Sound	test	8221341	0	1			0		other	0
17	496	Picture	response	8234521	13179	1	4332	1	13100	25000	incorrect	888
17	496	Port Input	2	8238723	17382	1
17	496	Response	4	8238723	17382	1
17	497	Picture	ITI	8239686	0	1	23659	1	0	next	other	0
17	498	Sound	test	8251037	0	1			0		other	0
17	498	Picture	response	8263344	12307	1	3999	1	12250	25000	incorrect	893
17	498	Port Input	1	8267210	16173	1
17	498	Response	3	8267210	16173	1
17	499	Picture	ITI	8268176	0	1	23825	1	0	next	other	0
17	500	Sound	test	8280507	0	1			0		other	0
17	500	Picture	response	8292001	11494	1	3499	1	11450	25000	incorrect	898
17	500	Port Input	1	8295415	14908	1
17	500	Response	3	8295415	14908	1
17	501	Picture	ITI	8296500	0	1	29157	1	0	next	other	0
17	502	Sound	test	8315521	0	1			0		other	0
17	502	Picture	response	8325656	10135	1	3166	1	10000	25000	incorrect	903
17	502	Port Input	1	8328754	13233	1
17	502	Response	3	8328754	13233	1
17	503	Picture	ITI	8329822	0	1	20160	1	0	next	other	0
17	504	Sound	test	8339833	0	1			0		other	0
17	504	Picture	response	8349981	10149	1	3832	1	10000	25000	incorrect	908
17	504	Port Input	1	8353711	13878	1
17	504	Response	3	8353711	13878	1
17	505	Picture	ITI	8354813	0	1	30323	1	0	next	other	0
17	506	Sound	test	8369974	0	1			0		other	0
17	506	Picture	response	8385136	15162	1	3332	1	15000	25000	incorrect	913
17	506	Port Input	2	8388341	18366	1
17	506	Response	4	8388341	18366	1
17	507	Picture	ITI	8389301	0	1	33322	1	0	next	other	0
17	508	Sound	test	8407472	0	1			0		other	0
17	508	Picture	response	8422623	15151	1	4165	1	15000	25000	incorrect	918
17	508	Port Input	2	8426635	19163	1
17	508	Response	4	8426635	19163	1
17	509	Picture	ITI	8427621	0	1	32655	1	0	next	other	0
17	510	Sound	test	8446123	0	1			0		other	0
17	510	Picture	response	8460277	14154	1	3832	1	14020	25000	incorrect	923
17	510	Port Input	2	8464024	17901	1
17	510	Response	4	8464024	17901	1
17	511	Picture	ITI	8465109	0	1	29323	1	0	next	other	0
17	512	Sound	test	8481290	0	1			0		other	0
17	512	Picture	response	8494432	13142	1	7997	1	13100	25000	incorrect	928
17	512	Port Input	2	8502350	21060	1
17	512	Response	4	8502350	21060	1
17	513	Picture	ITI	8503429	0	1	25658	1	0	next	other	0
17	514	Sound	test	8513980	0	1			0		other	0
17	514	Picture	response	8529087	15107	1	3166	1	15000	25000	incorrect	933
17	514	Port Input	2	8532148	18168	1
17	514	Response	4	8532148	18168	1
17	515	Picture	ITI	8533252	0	1	28490	1	0	next	other	0
17	516	Sound	test	8551673	0	1			0		other	0
17	516	Picture	response	8561742	10069	1	5165	1	10000	25000	incorrect	938
17	516	Port Input	1	8566809	15136	1
17	516	Response	3	8566809	15136	1
17	517	Picture	ITI	8567907	0	1	25158	1	0	next	other	0
17	518	Sound	test	8582208	0	1			0		other	0
17	518	Picture	response	8593065	10857	1	3665	1	10700	25000	incorrect	943
17	518	Port Input	1	8596628	14420	1
17	518	Response	3	8596628	14420	1
17	519	Picture	ITI	8597730	0	1	23159	1	0	next	other	0
17	520	Sound	test	8610831	0	1			0		other	0
17	520	Picture	response	8620889	10058	1	3499	1	10000	25000	incorrect	948
17	520	Port Input	1	8624209	13378	1
17	520	Response	3	8624209	13378	1
17	521	Picture	ITI	8625221	0	1	24492	1	0	next	other	0
17	522	Sound	test	8637272	0	2			0		other	0
17	522	Picture	response	8649712	12440	1	3665	1	12250	25000	incorrect	953
17	522	Port Input	1	8653227	15955	1
17	522	Response	3	8653227	15955	1
17	523	Picture	ITI	8654211	0	1	32489	1	0	next	other	0
17	524	Sound	test	8672632	0	1			0		other	0
17	524	Picture	response	8686700	14068	1	3499	1	14020	25000	incorrect	958
17	524	Port Input	2	8690126	17494	1
17	524	Response	4	8690126	17494	1
17	525	Picture	ITI	8691198	0	1	33822	1	0	next	other	0
17	526	Sound	test	8709909	0	1			0		other	0
17	526	Picture	response	8725020	15111	1	3832	1	15000	25000	incorrect	963
17	526	Port Input	2	8728692	18782	1
17	526	Response	4	8728692	18782	1
17	527	Picture	ITI	8729685	0	1	27157	1	0	next	other	0
17	528	Sound	test	8741656	0	1			0		other	0
17	528	Picture	response	8756842	15186	1	3665	1	15000	25000	incorrect	968
17	528	Port Input	2	8760354	18697	1
17	528	Response	4	8760354	18697	1
17	529	Picture	ITI	8761507	0	1	31989	1	0	next	other	0
17	530	Sound	test	8778449	0	1			0		other	0
17	530	Picture	response	8793496	15048	1	3832	1	15000	25000	incorrect	973
17	530	Port Input	2	8797201	18752	1
17	530	Response	4	8797201	18752	1
17	531	Picture	ITI	8798328	0	1	29323	1	0	next	other	0
17	532	Sound	test	8813459	0	1			0		other	0
17	532	Picture	response	8827651	14192	1	4498	1	14020	25000	incorrect	978
17	532	Port Input	2	8831987	18527	1
17	532	Response	4	8831987	18527	1
17	533	Picture	ITI	8832983	0	1	25658	1	0	next	other	0
17	534	Sound	test	8843604	0	1			0		other	0
17	534	Picture	response	8858641	15037	1	8164	1	15000	25000	incorrect	983
17	534	Port Input	2	8866741	23137	1
17	534	Response	4	8866741	23137	1
17	535	Picture	ITI	8867804	0	1	28657	1	0	next	other	0
17	536	Sound	test	8883216	0	1			0		other	0
17	536	Picture	response	8896461	13246	1	3499	1	13100	25000	incorrect	988
17	536	Port Input	2	8899892	16677	1
17	536	Response	4	8899892	16677	1
17	537	Picture	ITI	8900960	0	1	31323	1	0	next	other	0
17	538	Sound	test	8917111	0	1			0		other	0
17	538	Picture	response	8932282	15171	1	3665	1	15000	25000	incorrect	993
17	538	Port Input	2	8935792	18681	1
17	538	Response	4	8935792	18681	1
17	539	Picture	ITI	8936781	0	1	23492	1	0	next	other	0
17	540	Sound	test	8950092	0	1			0		other	0
17	540	Picture	response	8960273	10181	1	5665	1	10000	25000	incorrect	998
17	540	Port Input	1	8965809	15717	1
17	540	Response	3	8965809	15717	1
17	541	Picture	ITI	8966771	0	1	29990	1	0	next	other	0
17	542	Sound	test	8985172	0	1			0		other	0
17	542	Picture	response	8996760	11589	1	7331	1	11450	25000	incorrect	1003
17	542	Port Input	1	9004000	18828	1
17	542	Response	3	9004000	18828	1
17	543	Picture	ITI	9005091	0	1	28324	1	0	next	other	0
17	544	Sound	test	9021062	0	1			0		other	0
17	544	Picture	response	9033415	12352	1	8331	1	12250	25000	incorrect	1008
17	544	Port Input	1	9041576	20514	1
17	544	Response	3	9041576	20514	1
17	545	Picture	ITI	9042578	0	1	23492	1	0	next	other	0
17	546	Sound	test	9052909	0	1			0		other	0
17	546	Picture	response	9066070	13161	1	8997	1	13100	25000	incorrect	1013
17	546	Port Input	2	9074967	22057	1
17	546	Response	4	9074967	22057	1
17	547	Picture	ITI	9076067	0	1	27824	1	0	next	other	0
17	548	Sound	test	9089788	0	1			0		other	0
17	548	Picture	response	9103890	14103	1	5498	1	14020	25000	incorrect	1018
17	548	Port Input	2	9109273	19486	1
17	548	Response	4	9109273	19486	1
17	549	Picture	ITI	9110388	0	1	30323	1	0	next	other	0
17	550	Sound	test	9126519	0	1			0		other	0
17	550	Picture	response	9140711	14192	1	3499	1	14020	25000	incorrect	1023
17	550	Port Input	2	9144111	17592	1
17	550	Response	4	9144111	17592	1
17	551	Picture	ITI	9145210	0	1	27657	1	0	next	other	0
17	552	Sound	test	9162801	0	1			0		other	0
17	552	Picture	response	9172867	10066	1	4832	1	10000	25000	incorrect	1028
17	552	Port Input	1	9177575	14774	1
17	552	Response	3	9177575	14774	1
17	553	Picture	ITI	9178698	0	1	29323	1	0	next	other	0
17	554	Sound	test	9197959	0	1			0		other	0
17	554	Picture	response	9208022	10062	1	4832	1	10000	25000	incorrect	1033
17	554	Port Input	1	9212735	14776	1
17	554	Response	3	9212735	14776	1
17	555	Picture	ITI	9213853	0	1	29323	1	0	next	other	0
17	556	Sound	test	9231554	0	1			0		other	0
17	556	Picture	response	9243176	11622	1	3832	1	11450	25000	incorrect	1038
17	556	Port Input	1	9246917	15363	1
17	556	Response	3	9246917	15363	1
17	557	Picture	ITI	9248008	0	1	23825	1	0	next	other	0
17	558	Sound	test	9259519	0	1			0		other	0
17	558	Picture	response	9271833	12314	1	6331	1	12250	25000	incorrect	1043
17	558	Port Input	1	9278090	18571	1
17	558	Response	3	9278090	18571	1
17	559	Picture	ITI	9279164	0	1	29990	1	0	next	other	0
17	560	Sound	test	9295045	0	1			0		other	0
17	560	Picture	response	9309154	14109	1	3999	1	14020	25000	incorrect	1048
17	560	Port Input	2	9313053	18008	1
17	560	Response	4	9313053	18008	1
17	561	Picture	ITI	9314152	0	1	28823	1	0	next	other	0
17	562	Sound	test	9331433	0	1			0		other	0
17	562	Picture	response	9342975	11542	1	4498	1	11450	25000	incorrect	1053
17	562	Port Input	1	9347391	15958	1
17	562	Response	3	9347391	15958	1
17	563	Picture	ITI	9348474	0	1	23992	1	0	next	other	0
17	564	Sound	test	9360825	0	1			0		other	0
17	564	Picture	response	9372465	11640	1	3999	1	11450	25000	incorrect	1058
17	564	Port Input	1	9376409	15584	1
17	564	Response	3	9376409	15584	1
17	565	Picture	ITI	9377464	0	1	26658	1	0	next	other	0
17	566	Sound	test	9388965	0	1			0		other	0
17	566	Picture	response	9404121	15156	1	10830	1	15000	25000	incorrect	1063
17	566	Port Input	2	9414766	25801	1
17	566	Response	4	9414766	25801	1
17	567	Picture	ITI	9415784	0	1	26158	1	0	next	other	0
17	568	Sound	test	9431815	0	1			0		other	0
17	568	Picture	response	9441942	10126	1	4332	1	10000	25000	incorrect	1068
17	568	Port Input	1	9446126	14311	1
17	568	Response	3	9446126	14311	1
17	569	Picture	ITI	9447107	0	1	32489	1	0	next	other	0
17	570	Sound	test	9465508	0	1			0		other	0
17	570	Picture	response	9479595	14088	1	7331	1	14020	25000	incorrect	1073
17	570	Port Input	1	9486784	21276	1
17	570	Response	3	9486784	21276	1
17	571	Picture	ITI	9487759	0	1	26324	1	0	next	other	0
17	572	Sound	test	9503921	0	1			0		other	0
17	572	Picture	response	9514084	10163	1	3999	1	10000	25000	incorrect	1078
17	572	Port Input	1	9517936	14015	1
17	572	Response	3	9517936	14015	1
17	573	Picture	ITI	9519082	0	1	21992	1	0	next	other	0
17	574	Sound	test	9530903	0	1			0		other	0
17	574	Picture	response	9541074	10171	1	3166	1	10000	25000	incorrect	1083
17	574	Port Input	1	9544090	13187	1
17	574	Response	3	9544090	13187	1
17	575	Picture	ITI	9545073	0	1	30823	1	0	next	other	0
17	576	Sound	test	9564304	0	1			0		other	0
17	576	Picture	response	9575896	11591	1	3832	1	11450	25000	incorrect	1088
17	576	Port Input	1	9579636	15332	1
17	576	Response	3	9579636	15332	1
17	577	Picture	ITI	9580728	0	1	28990	1	0	next	other	0
17	578	Sound	test	9594639	0	1			0		other	0
17	578	Picture	response	9609718	15079	1	6998	1	15000	25000	incorrect	1093
17	578	Port Input	2	9616608	21970	1
17	578	Response	4	9616608	21970	1
17	579	Picture	ITI	9617715	0	1	31989	1	0	next	other	0
17	580	Sound	test	9637406	0	1			0		other	0
17	580	Picture	response	9649704	12298	1	5665	1	12250	25000	incorrect	1098
17	580	Port Input	1	9655278	17872	1
17	580	Response	3	9655278	17872	1
17	581	Picture	ITI	9656368	0	1	24492	1	0	next	other	0
17	582	Sound	test	9669970	0	1			0		other	0
17	582	Picture	response	9680860	10891	1	3832	1	10700	25000	incorrect	1103
17	582	Port Input	1	9684524	14555	1
17	582	Response	3	9684524	14555	1
17	583	Picture	ITI	9685525	0	1	28990	1	0	next	other	0
17	584	Sound	test	9701366	0	1			0		other	0
17	584	Picture	response	9714515	13149	1	6165	1	13100	25000	incorrect	1108
17	584	Port Input	1	9720601	19235	1
17	584	Response	3	9720601	19235	1
17	585	Picture	ITI	9721679	0	1	29157	1	0	next	other	0
17	586	Sound	test	9735661	0	1			0		other	0
17	586	Picture	response	9750836	15175	1	7831	1	15000	25000	incorrect	1113
17	586	Port Input	2	9758511	22850	1
17	586	Response	4	9758511	22850	1
17	587	Picture	ITI	9759500	0	1	29990	1	0	next	other	0
17	588	Sound	test	9779441	0	1			0		other	0
17	588	Picture	response	9789490	10049	1	4332	1	10000	25000	incorrect	1118
17	588	Port Input	1	9793619	14178	1
17	588	Response	3	9793619	14178	1
17	589	Picture	ITI	9794655	0	1	31489	1	0	next	other	0
17	590	Sound	test	9814566	0	1			0		other	0
17	590	Picture	response	9826144	11578	1	5165	1	11450	25000	incorrect	1123
17	590	Port Input	1	9831216	16650	1
17	590	Response	3	9831216	16650	1
17	591	Picture	ITI	9832308	0	1	28990	1	0	next	other	0
17	592	Sound	test	9848030	0	1			0		other	0
17	592	Picture	response	9861298	13269	1	5665	1	13100	25000	incorrect	1128
17	592	Port Input	1	9866835	18805	1
17	592	Response	3	9866835	18805	1
17	593	Picture	ITI	9867963	0	1	22159	1	0	next	other	0
17	594	Sound	test	9879945	0	1			0		other	0
17	594	Picture	response	9890122	10177	1	3832	1	10000	25000	incorrect	1133
17	594	Port Input	1	9893833	13888	1
17	594	Response	3	9893833	13888	1
17	595	Picture	ITI	9894954	0	1	20493	1	0	next	other	0
17	596	Sound	test	9905405	0	1			0		other	0
17	596	Picture	response	9915447	10042	1	3832	1	10000	25000	incorrect	1138
17	596	Port Input	1	9919133	13728	1
17	596	Response	3	9919133	13728	1
17	597	Picture	ITI	9920278	0	1	24492	1	0	next	other	0
17	598	Sound	test	9933970	0	1			0		other	0
17	598	Picture	response	9944770	10800	1	3999	1	10700	25000	incorrect	1143
17	598	Port Input	1	9948692	14723	1
17	598	Response	3	9948692	14723	1
17	599	Picture	ITI	9949768	0	1	25825	1	0	next	other	0
17	600	Sound	test	9963239	0	1			0		other	0
17	600	Picture	response	9975593	12353	1	2166	1	12250	25000	incorrect	1148
17	600	Port Input	2	9977700	14460	1
17	600	Response	4	9977700	14460	1
17	601	Picture	ITI	9978758	0	1	32822	1	0	next	other	0
17	602	Sound	test	9996460	0	1			0		other	0
17	602	Picture	response	10011580	15121	1	3832	1	15000	25000	incorrect	1153
17	602	Port Input	2	10015244	18785	1
17	602	Response	4	10015244	18785	1
17	603	Picture	ITI	10016412	0	1	29323	1	0	next	other	0
17	604	Sound	test	10034103	0	1			0		other	0
17	604	Picture	response	10045736	11632	1	4498	1	11450	25000	incorrect	1158
17	604	Port Input	1	10050041	15937	1
17	604	Response	3	10050041	15937	1
17	605	Picture	ITI	10051067	0	1	27657	1	0	next	other	0
17	606	Sound	test	10065518	0	1			0		other	0
17	606	Picture	response	10078724	13206	1	7331	1	13100	25000	incorrect	1163
17	606	Port Input	1	10085888	20370	1
17	606	Response	3	10085888	20370	1
17	607	Picture	ITI	10086888	0	1	29823	1	0	next	other	0
17	608	Sound	test	10103489	0	1			0		other	0
17	608	Picture	response	10116711	13222	1	16994	1	13100	25000	incorrect	1168
17	608	Port Input	2	10133533	30043	1
17	608	Response	4	10133533	30043	1
17	609	Picture	ITI	10134705	0	1	27157	1	0	next	other	0
17	610	Sound	test	10150266	0	1			0		other	0
17	610	Picture	response	10161863	11596	1	3665	1	11450	25000	incorrect	1173
17	610	Port Input	1	10165341	15074	1
17	610	Response	3	10165341	15074	1
17	611	Picture	ITI	10166361	0	1	22159	1	0	next	other	0
17	612	Sound	test	10177022	0	1			0		other	0
17	612	Picture	response	10188520	11498	1	3166	1	11450	25000	incorrect	1178
17	612	Port Input	1	10191620	14598	1
17	612	Response	3	10191620	14598	1
17	613	Picture	ITI	10192685	0	1	32822	1	0	next	other	0
17	614	Sound	test	10210326	0	1			0		other	0
17	614	Picture	response	10225507	15181	1	12329	1	15000	25000	incorrect	1183
17	614	Port Input	2	10237703	27376	1
17	614	Response	4	10237703	27376	1
17	615	Picture	ITI	10238670	0	1	28990	1	0	next	other	0
17	616	Sound	test	10256921	0	1			0		other	0
17	616	Picture	response	10267660	10739	1	3999	1	10700	25000	incorrect	1188
17	616	Port Input	1	10271593	14672	1
17	616	Response	3	10271593	14672	1
17	617	Picture	ITI	10272658	0	1	32322	1	0	next	other	0
17	618	Sound	test	10292659	0	1			0		other	0
17	618	Picture	response	10304980	12321	1	4998	1	12250	25000	incorrect	1193
17	618	Port Input	1	10309867	17207	1
17	618	Response	3	10309867	17207	1
17	619	Picture	ITI	10310978	0	1	23325	1	0	next	other	0
17	620	Sound	test	10323430	0	1			0		other	0
17	620	Picture	response	10334304	10874	1	3832	1	10700	25000	incorrect	1198
17	620	Port Input	1	10337958	14528	1
17	620	Response	3	10337958	14528	1
17	621	Picture	ITI	10338969	0	1	29657	1	0	next	other	0
17	622	Sound	test	10357150	0	1			0		other	0
17	622	Picture	response	10368625	11475	1	3665	1	11450	25000	incorrect	1203
17	622	Port Input	1	10372160	15010	1
17	622	Response	3	10372160	15010	1
17	623	Picture	ITI	10373290	0	1	25491	1	0	next	other	0
17	624	Sound	test	10384721	0	1			0		other	0
17	624	Picture	response	10398782	14060	1	4498	1	14020	25000	incorrect	1208
17	624	Port Input	2	10403167	18445	1
17	624	Response	4	10403167	18445	1
17	625	Picture	ITI	10404280	0	1	25158	1	0	next	other	0
17	626	Sound	test	10418671	0	1			0		other	0
17	626	Picture	response	10429438	10767	1	4332	1	10700	25000	incorrect	1213
17	626	Port Input	1	10433569	14898	1
17	626	Response	3	10433569	14898	1
17	627	Picture	ITI	10434603	0	1	25491	1	0	next	other	0
17	628	Sound	test	10449304	0	1			0		other	0
17	628	Picture	response	10460094	10790	1	3332	1	10700	25000	incorrect	1218
17	628	Port Input	1	10463378	14074	1
17	628	Response	3	10463378	14074	1
17	629	Picture	ITI	10464426	0	1	28490	1	0	next	other	0
17	630	Sound	test	10477847	0	1			0		other	0
17	630	Picture	response	10492916	15069	1	12329	1	15000	25000	incorrect	1223
17	630	Port Input	1	10505067	27220	1
17	630	Response	3	10505067	27220	1
17	631	Picture	ITI	10506078	0	1	24158	1	0	next	other	0
17	632	Sound	test	10517050	0	2			0		other	0
17	632	Picture	response	10530237	13187	1	8830	1	13100	25000	incorrect	1228
17	632	Port Input	2	10538895	21845	1
17	632	Response	4	10538895	21845	1
17	633	Picture	ITI	10539900	0	1	23492	1	0	next	other	0
17	634	Sound	test	10553261	0	1			0		other	0
17	634	Picture	response	10563392	10131	1	4665	1	10000	25000	incorrect	1233
17	634	Port Input	1	10567860	14599	1
17	634	Response	3	10567860	14599	1
17	635	Picture	ITI	10568890	0	1	23159	1	0	next	other	0
17	636	Sound	test	10581201	0	1			0		other	0
17	636	Picture	response	10592049	10848	1	5165	1	10700	25000	incorrect	1238
17	636	Port Input	1	10597044	15843	1
17	636	Response	3	10597044	15843	1
17	637	Picture	ITI	10598047	0	1	31989	1	0	next	other	0
17	638	Sound	test	10616848	0	1			0		other	0
17	638	Picture	response	10630036	13188	1	3832	1	13100	25000	incorrect	1243
17	638	Port Input	2	10633673	16825	1
17	638	Response	4	10633673	16825	1
17	639	Picture	ITI	10634701	0	1	32322	1	0	next	other	0
17	640	Sound	test	10652972	0	1			0		other	0
17	640	Picture	response	10667023	14051	1	3999	1	14020	25000	incorrect	1248
17	640	Port Input	1	10670947	17975	1
17	640	Response	3	10670947	17975	1
17	641	Picture	ITI	10672022	0	1	29157	1	0	next	other	0
17	642	Sound	test	10689543	0	1			0		other	0
17	642	Picture	response	10701178	11635	1	4832	1	11450	25000	incorrect	1253
17	642	Port Input	1	10705806	16263	1
17	642	Response	3	10705806	16263	1
17	643	Picture	ITI	10706843	0	1	33322	1	0	next	other	0
17	644	Sound	test	10725994	0	1			0		other	0
17	644	Picture	response	10740165	14171	1	10330	1	14020	25000	incorrect	1258
17	644	Port Input	1	10750337	24343	1
17	644	Response	3	10750337	24343	1
17	645	Picture	ITI	10751494	0	1	23992	1	0	next	other	0
17	646	Sound	test	10762266	0	1			0		other	0
17	646	Picture	response	10775486	13221	1	3499	1	13100	25000	incorrect	1263
17	646	Port Input	1	10778803	16537	1
17	646	Response	3	10778803	16537	1
17	647	Picture	ITI	10779818	0	1	26324	1	0	next	other	0
17	648	Sound	test	10794579	0	1			0		other	0
17	648	Picture	response	10806142	11563	1	3499	1	11450	25000	incorrect	1268
17	648	Port Input	1	10809476	14897	1
17	648	Response	3	10809476	14897	1
17	649	Picture	ITI	10810474	0	1	25325	1	0	next	other	0
17	650	Sound	test	10825736	0	1			0		other	0
17	650	Picture	response	10835799	10063	1	3499	1	10000	25000	incorrect	1273
17	650	Port Input	1	10839160	13424	1
17	650	Response	3	10839160	13424	1
17	651	Picture	ITI	10840297	0	1	33489	1	0	next	other	0
17	652	Sound	test	10858599	0	1			0		other	0
17	652	Picture	response	10873786	15187	1	8330	1	15000	25000	incorrect	1278
17	652	Port Input	2	10881952	23354	1
17	652	Response	4	10881952	23354	1
17	653	Picture	ITI	10882950	0	1	31822	1	0	next	other	0
17	654	Sound	test	10899681	0	1			0		other	0
17	654	Picture	response	10914772	15091	1	3499	1	15000	25000	incorrect	1283
17	654	Port Input	2	10918185	18505	1
17	654	Response	4	10918185	18505	1
17	655	Picture	ITI	10919270	0	1	27824	1	0	next	other	0
17	656	Sound	test	10931932	0	1			0		other	0
17	656	Picture	response	10947094	15163	1	5498	1	15000	25000	incorrect	1288
17	656	Port Input	2	10952524	20592	1
17	656	Response	4	10952524	20592	1
17	657	Picture	ITI	10953592	0	1	27157	1	0	next	other	0
17	658	Sound	test	10968473	0	1			0		other	0
17	658	Picture	response	10980749	12276	1	5165	1	12250	25000	incorrect	1293
17	658	Port Input	1	10985831	17358	1
17	658	Response	3	10985831	17358	1
17	659	Picture	ITI	10986914	0	1	25158	1	0	next	other	0
17	660	Sound	test	10997975	0	1			0		other	0
17	660	Picture	response	11012072	14097	1	3499	1	14020	25000	incorrect	1298
17	660	Port Input	2	11015525	17550	1
17	660	Response	4	11015525	17550	1
17	661	Picture	ITI	11016571	0	1	25325	1	0	next	other	0
17	662	Sound	test	11031812	0	1			0		other	0
17	662	Picture	response	11041895	10083	1	4332	1	10000	25000	incorrect	1303
17	662	Port Input	1	11046146	14334	1
17	662	Response	3	11046146	14334	1
17	663	Picture	ITI	11047227	0	1	23992	1	0	next	other	0
17	664	Sound	test	11058918	0	1			0		other	0
17	664	Picture	response	11071219	12301	1	9997	1	12250	25000	incorrect	1308
17	664	Port Input	1	11081057	22139	1
17	664	Response	3	11081057	22139	1
17	665	Picture	ITI	11082048	0	1	28657	1	0	next	other	0
17	666	Sound	test	11100639	0	1			0		other	0
17	666	Picture	response	11110705	10066	1	5665	1	10000	25000	incorrect	1313
17	666	Port Input	1	11116238	15599	1
17	666	Response	3	11116238	15599	1
17	667	Picture	ITI	11117369	0	1	28824	1	0	next	other	0
17	668	Sound	test	11133031	0	1			0		other	0
17	668	Picture	response	11146193	13162	1	4998	1	13100	25000	incorrect	1318
17	668	Port Input	1	11151097	18066	1
17	668	Response	3	11151097	18066	1
17	669	Picture	ITI	11152191	0	1	23492	1	0	next	other	0
17	670	Sound	test	11165542	0	1			0		other	0
17	670	Picture	response	11175683	10140	1	3999	1	10000	25000	incorrect	1323
17	670	Port Input	1	11179542	14000	1
17	670	Response	3	11179542	14000	1
17	671	Picture	ITI	11180681	0	1	29657	1	0	next	other	0
17	672	Sound	test	11195292	0	1			0		other	0
17	672	Picture	response	11210338	15045	1	3332	1	15000	25000	incorrect	1328
17	672	Port Input	2	11213620	18327	1
17	672	Response	4	11213620	18327	1
17	673	Picture	ITI	11214670	0	1	20160	1	0	next	other	0
17	674	Picture	Instruction	11234829	0	1	6249821	1	0	next	other	0
17	674	Port Input	1	11350607	115777	1
17	674	Port Input	2	11350607	115777	1
17	674	Response	3	11350607	115777	1
17	674	Response	4	11350607	115777	1
17	674	Port Input	1	11350618	115789	1
17	674	Port Input	2	11350618	115789	1
17	674	Response	3	11350618	115789	1
17	674	Response	4	11350618	115789	1
17	674	Port Input	1	11350620	115790	1
17	674	Port Input	2	11350620	115790	1
17	674	Response	3	11350620	115790	1
17	674	Response	4	11350620	115790	1
17	674	Port Input	1	11350620	115790	1
17	674	Response	3	11350620	115790	1
17	674	Port Input	1	11350648	115818	1
17	674	Port Input	2	11350648	115818	1
17	674	Response	3	11350648	115818	1
17	674	Response	4	11350648	115818	1
17	674	Port Input	1	11350655	115826	1
17	674	Port Input	2	11350655	115826	1
17	674	Response	3	11350655	115826	1
17	674	Response	4	11350655	115826	1
17	674	Quit		17479081	6244251	NA


{
   "app": "Presentation Version 20.2 Build 07.25.18",
   "device": "LENOVO 10A8S1PC00",
   "experiment": "{772213B2-5F0F-4A35-9C2F-36954700C7EA}",
   "os": "Windows 7 64 bit",
   "package": "",
   "parameters": {
      "configuration": "Default configuration"
   },
   "scenario": "Timing Task with Dynanometer.sce",
   "subject": "17",
   "timestamp": "2019/03/10 06:18:52 GMT"
}
