Scenario - Timing Task
Logfile written - 03/14/2019 11:56:02

Subject	Trial	Event Type	Code	Time	TTime	Uncertainty	Duration	Uncertainty	ReqTime	ReqDur	Stim Type	Pair Index

18	1	Picture	Instruction	666	0	1	32489	1	0	next	other	0
18	1	Response	1	27986	27319	0
18	2	Picture	ITI	33155	0	1	10996	1	0	next	other	0
18	3	Sound	Stimuli	43164	0	918			0		other	0
18	4	Picture	Feedback	73974	0	1	20160	1	0	next	other	0
18	5	Picture	ITI	94133	0	1	10163	1	0	next	other	0
18	6	Sound	Stimuli	104135	0	1			0		other	0
18	7	Picture	Feedback	139118	0	1	20160	1	0	next	other	0
18	8	Picture	ITI	159277	0	1	10163	1	0	next	other	0
18	9	Sound	Stimuli	169278	0	1			0		other	0
18	10	Picture	Feedback	199430	0	1	20160	1	0	next	other	0
18	11	Picture	ITI	219589	0	1	10163	1	0	next	other	0
18	12	Sound	Stimuli	229591	0	1			0		other	0
18	13	Picture	Feedback	264574	0	1	20160	1	0	next	other	0
18	14	Picture	ITI	284733	0	1	10163	1	0	next	other	0
18	15	Sound	Stimuli	294735	0	1			0		other	0
18	16	Picture	Feedback	324886	0	1	20160	1	0	next	other	0
18	17	Picture	ITI	345045	0	1	10163	1	0	next	other	0
18	18	Sound	Stimuli	355047	0	1			0		other	0
18	19	Picture	Feedback	390196	0	1	20160	1	0	next	other	0
18	20	Picture	ITI	410356	0	1	10163	1	0	next	other	0
18	21	Sound	Stimuli	420357	0	1			0		other	0
18	22	Picture	Feedback	450508	0	1	20160	1	0	next	other	0
18	23	Picture	ITI	470668	0	1	10163	1	0	next	other	0
18	24	Sound	Stimuli	480669	0	1			0		other	0
18	25	Picture	Feedback	515819	0	1	20160	1	0	next	other	0
18	26	Picture	ITI	535978	0	1	10163	1	0	next	other	0
18	27	Sound	Stimuli	545980	0	1			0		other	0
18	28	Picture	Feedback	575964	0	1	20160	1	0	next	other	0
18	29	Picture	ITI	596124	0	1	10163	1	0	next	other	0
18	30	Sound	Stimuli	606125	0	1			0		other	0
18	31	Picture	Feedback	641108	0	1	20160	1	0	next	other	0
18	32	Picture	End_Block	661268	0	1	23992	1	0	next	other	0
18	32	Response	1	685171	23903	0
18	33	Picture	ITI	685259	0	1	10163	1	0	next	other	0
18	34	Picture	Break	695423	0	1	17161	1	0	next	other	0
18	34	Response	1	712530	17108	0
18	35	Picture	ITI	712583	0	1	10163	1	0	next	other	0
18	36	Picture	Instruction	722746	0	1	75307	1	0	next	other	0
18	36	Response	1	792929	70182	1
18	37	Picture	ITI	798053	0	1	26657	1	0	next	other	0
18	38	Sound	Practice	814565	0	1			0		other	0
18	38	Picture	response	824710	10146	1	8664	1	10000	25000	hit	45
18	38	Port Input	2	833291	18726	1
18	38	Response	4	833291	18726	1
18	39	Picture	ITI	843371	0	1	25158	1	0	next	other	0
18	40	Sound	Practice	858422	0	1			0		other	0
18	40	Picture	response	868528	10106	1	6498	1	10000	25000	incorrect	50
18	40	Port Input	1	874949	16527	1
18	40	Response	3	874949	16527	1
18	41	Picture	ITI	885023	0	1	28823	1	0	next	other	0
18	42	Sound	Practice	903814	0	1			0		other	0
18	42	Picture	response	913846	10032	1	4665	1	10000	25000	hit	55
18	42	Port Input	2	918441	14627	1
18	42	Response	4	918441	14627	1
18	43	Picture	ITI	928507	0	1	26991	1	0	next	other	0
18	44	Sound	Practice	940329	0	1			0		other	0
18	44	Picture	response	955498	15169	1	3166	1	15000	25000	hit	60
18	44	Port Input	1	958610	18282	1
18	44	Response	3	958610	18282	1
18	45	Picture	ITI	968660	0	1	28657	1	0	next	other	0
18	46	Sound	Practice	987191	0	1			0		other	0
18	46	Picture	response	997317	10125	1	4332	1	10000	25000	hit	65
18	46	Port Input	2	1001602	14410	1
18	46	Response	4	1001602	14410	1
18	47	Picture	ITI	1011645	0	1	27657	1	0	next	other	0
18	48	Sound	Practice	1029146	0	1			0		other	0
18	48	Picture	response	1039302	10156	1	5498	1	10000	25000	hit	70
18	48	Port Input	2	1044635	15488	1
18	48	Response	4	1044635	15488	1
18	49	Picture	ITI	1054796	0	1	26824	1	0	next	other	0
18	50	Sound	Practice	1071458	0	1			0		other	0
18	50	Picture	response	1081620	10163	1	7497	1	10000	25000	hit	75
18	50	Port Input	2	1088928	17470	1
18	50	Response	4	1088928	17470	1
18	51	Picture	ITI	1099114	0	1	34988	1	0	next	other	0
18	52	Sound	Practice	1118996	0	1			0		other	0
18	52	Picture	response	1134102	15106	1	4832	1	15000	25000	hit	80
18	52	Port Input	1	1138801	19806	1
18	52	Response	3	1138801	19806	1
18	53	Picture	ITI	1148930	0	1	27657	1	0	next	other	0
18	54	Sound	Practice	1161501	0	1			0		other	0
18	54	Picture	response	1176587	15086	1	2832	1	15000	25000	hit	85
18	54	Port Input	1	1179325	17823	1
18	54	Response	3	1179325	17823	1
18	55	Picture	ITI	1189416	0	1	25324	1	0	next	other	0
18	56	Sound	Practice	1199697	0	1			0		other	0
18	56	Picture	response	1214740	15043	1	3999	1	15000	25000	hit	90
18	56	Port Input	1	1218599	18902	1
18	56	Response	3	1218599	18902	1
18	57	Picture	ITI	1228735	0	1	26491	1	0	next	other	0
18	58	Sound	Practice	1245097	0	1			0		other	0
18	58	Picture	response	1255226	10129	1	5331	1	10000	25000	hit	95
18	58	Port Input	2	1260497	15400	1
18	58	Response	4	1260497	15400	1
18	59	Picture	ITI	1270554	0	1	33655	1	0	next	other	0
18	60	Sound	Practice	1289035	0	1			0		other	0
18	60	Picture	response	1304209	15173	1	7331	1	15000	25000	hit	100
18	60	Port Input	1	1311349	22314	1
18	60	Response	3	1311349	22314	1
18	61	Picture	ITI	1321536	0	1	32489	1	0	next	other	0
18	62	Sound	Practice	1338898	0	1			0		other	0
18	62	Picture	response	1354025	15127	1	3166	1	15000	25000	hit	105
18	62	Port Input	1	1357048	18150	1
18	62	Response	3	1357048	18150	1
18	63	Picture	ITI	1367187	0	1	20326	1	0	next	other	0
18	64	Sound	Practice	1377388	0	1			0		other	0
18	64	Picture	response	1387513	10125	1	4832	1	10000	25000	hit	110
18	64	Port Input	2	1392303	14915	1
18	64	Response	4	1392303	14915	1
18	65	Picture	ITI	1402341	0	1	26158	1	0	next	other	0
18	66	Sound	Practice	1413452	0	1			0		other	0
18	66	Picture	response	1428499	15046	1	4998	1	15000	25000	hit	115
18	66	Port Input	1	1433316	19863	1
18	66	Response	3	1433316	19863	1
18	67	Picture	ITI	1443493	0	1	23159	1	0	next	other	0
18	68	Sound	Practice	1456475	0	1			0		other	0
18	68	Picture	response	1466652	10177	1	4665	1	10000	25000	hit	120
18	68	Port Input	2	1471236	14761	1
18	68	Response	4	1471236	14761	1
18	69	Picture	ITI	1481313	0	1	26991	1	0	next	other	0
18	70	Sound	Practice	1498185	0	1			0		other	0
18	70	Picture	response	1508304	10119	1	5331	1	10000	25000	hit	125
18	70	Port Input	2	1513478	15293	1
18	70	Response	4	1513478	15293	1
18	71	Picture	ITI	1523632	0	1	33655	1	0	next	other	0
18	72	Sound	Practice	1542253	0	1			0		other	0
18	72	Picture	response	1557287	15033	1	3999	1	15000	25000	hit	130
18	72	Port Input	1	1561133	18880	1
18	72	Response	3	1561133	18880	1
18	73	Picture	ITI	1571282	0	1	22159	1	0	next	other	0
18	74	Sound	Practice	1583263	0	1			0		other	0
18	74	Picture	response	1593441	10177	1	4998	1	10000	25000	hit	135
18	74	Port Input	2	1598346	15083	1
18	74	Response	4	1598346	15083	1
18	75	Picture	ITI	1608436	0	1	31656	1	0	next	other	0
18	76	Sound	Practice	1625007	0	1			0		other	0
18	76	Picture	response	1640091	15084	1	7331	1	15000	25000	hit	140
18	76	Port Input	1	1647282	22275	1
18	76	Response	3	1647282	22275	1
18	77	Picture	ITI	1657418	0	1	32155	1	0	next	other	0
18	78	Sound	Practice	1674420	0	1			0		other	0
18	78	Picture	response	1689574	15154	1	4665	1	15000	25000	hit	145
18	78	Port Input	1	1694126	19706	1
18	78	Response	3	1694126	19706	1
18	79	Picture	ITI	1704235	0	1	28657	1	0	next	other	0
18	80	Sound	Practice	1717757	0	1			0		other	0
18	80	Picture	response	1732892	15135	1	5165	1	15000	25000	hit	150
18	80	Port Input	1	1738013	20256	1
18	80	Response	3	1738013	20256	1
18	81	Picture	ITI	1748053	0	1	32988	1	0	next	other	0
18	82	Sound	Practice	1765955	0	1			0		other	0
18	82	Picture	response	1781042	15086	1	3665	1	15000	25000	hit	155
18	82	Port Input	1	1784575	18620	1
18	82	Response	3	1784575	18620	1
18	83	Picture	ITI	1794703	0	1	33322	1	0	next	other	0
18	84	Sound	Practice	1812845	0	1			0		other	0
18	84	Picture	response	1828025	15180	1	10163	1	15000	25000	hit	160
18	84	Port Input	1	1838145	25300	1
18	84	Response	3	1838145	25300	1
18	85	Picture	ITI	1848185	0	1	22159	1	0	next	other	0
18	86	Sound	Practice	1860156	0	1			0		other	0
18	86	Picture	response	1870344	10187	1	8330	1	10000	25000	hit	165
18	86	Port Input	2	1878522	18366	1
18	86	Response	4	1878522	18366	1
18	87	Picture	Break	1888671	0	1	27657	1	0	next	other	0
18	87	Response	1	1916185	27514	0
18	88	Picture	Instruction	1916328	0	1	26491	1	0	next	other	0
18	88	Response	1	1942664	26336	1
18	89	Picture	ITI	1942818	0	1	15161	1	0	next	other	0
18	90	Picture	ITI	1957980	0	1	34988	1	0	next	other	0
18	91	Sound	test	1977871	0	1			0		other	0
18	91	Picture	response	1992967	15096	1	4665	1	15000	25000	incorrect	175
18	91	Port Input	1	1997584	19713	1
18	91	Response	3	1997584	19713	1
18	92	Picture	ITI	1998632	0	1	29490	1	0	next	other	0
18	93	Sound	test	2014923	0	1			0		other	0
18	93	Picture	response	2028122	13198	1	7831	1	13100	25000	incorrect	180
18	93	Port Input	2	2035858	20935	1
18	93	Response	4	2035858	20935	1
18	94	Picture	ITI	2036952	0	1	30656	1	0	next	other	0
18	95	Sound	test	2054403	0	1			0		other	0
18	95	Picture	response	2067608	13205	1	4832	1	13100	25000	incorrect	185
18	95	Port Input	2	2072248	17845	1
18	95	Response	4	2072248	17845	1
18	96	Picture	ITI	2073272	0	1	25824	1	0	next	other	0
18	97	Sound	test	2083944	0	1			0		other	0
18	97	Picture	response	2099097	15153	1	4332	1	15000	25000	incorrect	190
18	97	Port Input	1	2103369	19426	1
18	97	Response	3	2103369	19426	1
18	98	Picture	ITI	2104428	0	1	25824	1	0	next	other	0
18	99	Sound	test	2120119	0	1			0		other	0
18	99	Picture	response	2130252	10133	1	4165	1	10000	25000	incorrect	195
18	99	Port Input	2	2134262	14142	1
18	99	Response	4	2134262	14142	1
18	100	Picture	ITI	2135251	0	1	29490	1	0	next	other	0
18	101	Sound	test	2153132	0	1			0		other	0
18	101	Picture	response	2164740	11608	1	4665	1	11450	25000	incorrect	200
18	101	Port Input	2	2169257	16125	1
18	101	Response	4	2169257	16125	1
18	102	Picture	ITI	2170238	0	1	26491	1	0	next	other	0
18	103	Sound	test	2185090	0	1			0		other	0
18	103	Picture	response	2196729	11639	1	4165	1	11450	25000	incorrect	205
18	103	Port Input	2	2200690	15601	1
18	103	Response	4	2200690	15601	1
18	104	Picture	ITI	2201727	0	1	27990	1	0	next	other	0
18	105	Sound	test	2215519	0	1			0		other	0
18	105	Picture	response	2229718	14199	1	3999	1	14020	25000	incorrect	210
18	105	Port Input	1	2233603	18084	1
18	105	Response	3	2233603	18084	1
18	106	Picture	ITI	2234716	0	1	22992	1	0	next	other	0
18	107	Sound	test	2247647	0	1			0		other	0
18	107	Picture	response	2257708	10061	1	3665	1	10000	25000	incorrect	215
18	107	Port Input	2	2261288	13641	1
18	107	Response	4	2261288	13641	1
18	108	Picture	ITI	2262373	0	1	28823	1	0	next	other	0
18	109	Sound	test	2277084	0	1			0		other	0
18	109	Picture	response	2291196	14112	1	3166	1	14020	25000	incorrect	220
18	109	Port Input	1	2294315	17231	1
18	109	Response	3	2294315	17231	1
18	110	Picture	ITI	2295361	0	1	27324	1	0	next	other	0
18	111	Sound	test	2310282	0	1			0		other	0
18	111	Picture	response	2322685	12403	1	5998	1	12250	25000	incorrect	225
18	111	Port Input	1	2328497	18215	1
18	111	Response	3	2328497	18215	1
18	112	Picture	ITI	2329516	0	1	20826	1	0	next	other	0
18	113	Sound	test	2340307	0	1			0		other	0
18	113	Picture	response	2350342	10035	1	3999	1	10000	25000	incorrect	230
18	113	Port Input	2	2354184	13877	1
18	113	Response	4	2354184	13877	1
18	114	Picture	ITI	2355174	0	1	28323	1	0	next	other	0
18	115	Sound	test	2371165	0	1			0		other	0
18	115	Picture	response	2383497	12332	1	5998	1	12250	25000	incorrect	235
18	115	Port Input	2	2389335	18170	1
18	115	Response	4	2389335	18170	1
18	116	Picture	ITI	2390328	0	1	21659	1	0	next	other	0
18	117	Sound	test	2401859	0	1			0		other	0
18	117	Picture	response	2411987	10128	1	7164	1	10000	25000	incorrect	240
18	117	Port Input	2	2418957	17098	1
18	117	Response	4	2418957	17098	1
18	118	Picture	ITI	2419984	0	1	31489	1	0	next	other	0
18	119	Sound	test	2439145	0	1			0		other	0
18	119	Picture	response	2451473	12328	1	5331	1	12250	25000	incorrect	245
18	119	Port Input	2	2456731	17586	1
18	119	Response	4	2456731	17586	1
18	120	Picture	ITI	2457804	0	1	28823	1	0	next	other	0
18	121	Sound	test	2471575	0	1			0		other	0
18	121	Picture	response	2486627	15052	1	12329	1	15000	25000	incorrect	250
18	121	Port Input	1	2498910	27335	1
18	121	Response	3	2498910	27335	1
18	122	Picture	ITI	2499956	0	1	26824	1	0	next	other	0
18	123	Sound	test	2511657	0	1			0		other	0
18	123	Picture	response	2526780	15123	1	3999	1	15000	25000	incorrect	255
18	123	Port Input	1	2530604	18947	1
18	123	Response	3	2530604	18947	1
18	124	Picture	ITI	2531612	0	1	27657	1	0	next	other	0
18	125	Sound	test	2545123	0	1			0		other	0
18	125	Picture	response	2559269	14146	1	6331	1	14020	25000	incorrect	260
18	125	Port Input	2	2565557	20435	1
18	125	Response	4	2565557	20435	1
18	126	Picture	ITI	2566599	0	1	28157	1	0	next	other	0
18	127	Sound	test	2580711	0	1			0		other	0
18	127	Picture	response	2594756	14046	1	6498	1	14020	25000	incorrect	265
18	127	Port Input	2	2601125	20414	1
18	127	Response	4	2601125	20414	1
18	128	Picture	ITI	2602253	0	1	23658	1	0	next	other	0
18	129	Sound	test	2612725	0	1			0		other	0
18	129	Picture	response	2625912	13187	1	6331	1	13100	25000	incorrect	270
18	129	Port Input	2	2632080	19355	1
18	129	Response	4	2632080	19355	1
18	130	Picture	ITI	2633076	0	1	31656	1	0	next	other	0
18	131	Sound	test	2652357	0	1			0		other	0
18	131	Picture	response	2664732	12374	1	5165	1	12250	25000	incorrect	275
18	131	Port Input	2	2669823	17466	1
18	131	Response	4	2669823	17466	1
18	132	Picture	ITI	2670896	0	1	27490	1	0	next	other	0
18	133	Sound	test	2683267	0	1			0		other	0
18	133	Picture	response	2698386	15119	1	3999	1	15000	25000	incorrect	280
18	133	Port Input	1	2702183	18916	1
18	133	Response	3	2702183	18916	1
18	134	Picture	ITI	2703218	0	1	23159	1	0	next	other	0
18	135	Sound	test	2716269	0	1			0		other	0
18	135	Picture	response	2726377	10107	1	5498	1	10000	25000	incorrect	285
18	135	Port Input	2	2731774	15505	1
18	135	Response	4	2731774	15505	1
18	136	Picture	ITI	2732708	0	1	22825	1	0	next	other	0
18	137	Sound	test	2744669	0	1			0		other	0
18	137	Picture	response	2755533	10864	1	4832	1	10700	25000	incorrect	290
18	137	Port Input	2	2760220	15551	1
18	137	Response	4	2760220	15551	1
18	138	Picture	ITI	2761364	0	1	24825	1	0	next	other	0
18	139	Sound	test	2776026	0	1			0		other	0
18	139	Picture	response	2786189	10163	1	6331	1	10000	25000	incorrect	295
18	139	Port Input	2	2792330	16305	1
18	139	Response	4	2792330	16305	1
18	140	Picture	ITI	2793353	0	1	23992	1	0	next	other	0
18	141	Sound	test	2807214	0	1			0		other	0
18	141	Picture	response	2817345	10130	1	5665	1	10000	25000	incorrect	300
18	141	Port Input	2	2822931	15716	1
18	141	Response	4	2822931	15716	1
18	142	Picture	ITI	2824009	0	1	29156	1	0	next	other	0
18	143	Sound	test	2839010	0	1			0		other	0
18	143	Picture	response	2853165	14155	1	6664	1	14020	25000	incorrect	305
18	143	Port Input	2	2859664	20654	1
18	143	Response	4	2859664	20654	1
18	144	Picture	ITI	2860663	0	1	29823	1	0	next	other	0
18	145	Sound	test	2879004	0	1			0		other	0
18	145	Picture	response	2890486	11482	1	5165	1	11450	25000	incorrect	310
18	145	Port Input	2	2895450	16446	1
18	145	Response	4	2895450	16446	1
18	146	Picture	ITI	2896484	0	1	28657	1	0	next	other	0
18	147	Sound	test	2914305	0	1			0		other	0
18	147	Picture	response	2925140	10835	1	5998	1	10700	25000	incorrect	315
18	147	Port Input	2	2931007	16702	1
18	147	Response	4	2931007	16702	1
18	148	Picture	ITI	2932138	0	1	27824	1	0	next	other	0
18	149	Sound	test	2949889	0	1			0		other	0
18	149	Picture	response	2959961	10072	1	5498	1	10000	25000	incorrect	320
18	149	Port Input	2	2965314	15425	1
18	149	Response	4	2965314	15425	1
18	150	Picture	ITI	2966459	0	1	22492	1	0	next	other	0
18	151	Sound	test	2976560	0	1			0		other	0
18	151	Picture	response	2988951	12391	1	4498	1	12250	25000	incorrect	325
18	151	Port Input	2	2993260	16700	1
18	151	Response	4	2993260	16700	1
18	152	Picture	ITI	2994283	0	1	28823	1	0	next	other	0
18	153	Sound	test	3012324	0	1			0		other	0
18	153	Port Input	3	3016352	4028	1
18	153	Picture	response	3023106	10782	1	7664	1	10700	25000	incorrect	331
18	153	Port Input	2	3030712	18388	1
18	153	Response	4	3030712	18388	1
18	154	Picture	ITI	3031769	0	1	25824	1	0	next	other	0
18	155	Sound	test	3047511	0	1			0		other	0
18	155	Picture	response	3057594	10083	1	4998	1	10000	25000	incorrect	336
18	155	Port Input	2	3062468	14957	1
18	155	Response	4	3062468	14957	1
18	156	Picture	ITI	3063425	0	1	26991	1	0	next	other	0
18	157	Sound	test	3075336	0	1			0		other	0
18	157	Picture	response	3090416	15079	1	4332	1	15000	25000	incorrect	341
18	157	Port Input	1	3094620	19284	1
18	157	Response	3	3094620	19284	1
18	158	Picture	ITI	3095747	0	1	29323	1	0	next	other	0
18	159	Sound	test	3113588	0	1			0		other	0
18	159	Picture	response	3125070	11482	1	5331	1	11450	25000	incorrect	346
18	159	Port Input	2	3130209	16620	1
18	159	Response	4	3130209	16620	1
18	160	Picture	ITI	3131235	0	1	30656	1	0	next	other	0
18	161	Sound	test	3147826	0	1			0		other	0
18	161	Picture	response	3161890	14065	1	6498	1	14020	25000	incorrect	351
18	161	Port Input	2	3168191	20366	1
18	161	Response	4	3168191	20366	1
18	162	Picture	ITI	3169221	0	1	30156	1	0	next	other	0
18	163	Sound	test	3188623	0	2			0		other	0
18	163	Picture	response	3199377	10755	1	5831	1	10700	25000	incorrect	356
18	163	Port Input	2	3205143	16521	1
18	163	Response	4	3205143	16521	1
18	164	Picture	ITI	3206208	0	1	26157	1	0	next	other	0
18	165	Sound	test	3221579	0	1			0		other	0
18	165	Picture	response	3232366	10786	1	9497	1	10700	25000	incorrect	361
18	165	Port Input	2	3241762	20183	1
18	165	Response	4	3241762	20183	1
18	166	Picture	ITI	3242695	0	1	29656	1	0	next	other	0
18	167	Sound	test	3260017	0	1			0		other	0
18	167	Picture	response	3272352	12335	1	5165	1	12250	25000	incorrect	366
18	167	Port Input	2	3277444	17427	1
18	167	Response	4	3277444	17427	1
18	168	Picture	ITI	3278516	0	1	24825	1	0	next	other	0
18	169	Sound	test	3293278	0	1			0		other	0
18	169	Picture	response	3303341	10063	1	6831	1	10000	25000	incorrect	371
18	169	Port Input	2	3310044	16766	1
18	169	Response	4	3310044	16766	1
18	170	Picture	ITI	3311005	0	1	30489	1	0	next	other	0
18	171	Sound	test	3330656	0	1			0		other	0
18	171	Picture	response	3341494	10838	1	5498	1	10700	25000	incorrect	376
18	171	Port Input	2	3346850	16194	1
18	171	Response	4	3346850	16194	1
18	172	Picture	ITI	3347825	0	1	27990	1	0	next	other	0
18	173	Sound	test	3364306	0	1			0		other	0
18	173	Picture	response	3375815	11509	1	5331	1	11450	25000	incorrect	381
18	173	Port Input	2	3381084	16778	1
18	173	Response	4	3381084	16778	1
18	174	Picture	ITI	3382147	0	1	27490	1	0	next	other	0
18	175	Sound	test	3394518	0	1			0		other	0
18	175	Picture	response	3409637	15119	1	8164	1	15000	25000	incorrect	386
18	175	Port Input	2	3417662	23144	1
18	175	Response	4	3417662	23144	1
18	176	Picture	ITI	3418634	0	1	26491	1	0	next	other	0
18	177	Sound	test	3433515	0	1			0		other	0
18	177	Picture	response	3445124	11609	1	4998	1	11450	25000	incorrect	391
18	177	Port Input	2	3450043	16528	1
18	177	Response	4	3450043	16528	1
18	178	Picture	ITI	3451122	0	1	24158	1	0	next	other	0
18	179	Sound	test	3462874	0	1			0		other	0
18	179	Picture	response	3475281	12407	1	5498	1	12250	25000	incorrect	396
18	179	Port Input	2	3480602	17728	1
18	179	Response	4	3480602	17728	1
18	180	Picture	ITI	3481612	0	1	26157	1	0	next	other	0
18	181	Sound	test	3497003	0	1			0		other	0
18	181	Picture	response	3507769	10766	1	5331	1	10700	25000	incorrect	401
18	181	Port Input	2	3512952	15949	1
18	181	Response	4	3512952	15949	1
18	182	Picture	ITI	3513934	0	1	29656	1	0	next	other	0
18	183	Sound	test	3532015	0	1			0		other	0
18	183	Picture	response	3543590	11575	1	4998	1	11450	25000	incorrect	406
18	183	Port Input	2	3548404	16390	1
18	183	Response	4	3548404	16390	1
18	184	Picture	ITI	3549421	0	1	32489	1	0	next	other	0
18	185	Sound	test	3568622	0	1			0		other	0
18	185	Picture	response	3581910	13287	1	5498	1	13100	25000	incorrect	411
18	185	Port Input	2	3587366	18744	1
18	185	Response	4	3587366	18744	1
18	186	Picture	ITI	3588408	0	1	24825	1	0	next	other	0
18	187	Sound	test	3599959	0	1			0		other	0
18	187	Picture	response	3613232	13273	1	4832	1	13100	25000	incorrect	416
18	187	Port Input	2	3617946	17987	1
18	187	Response	4	3617946	17987	1
18	188	Picture	ITI	3618897	0	1	24658	1	0	next	other	0
18	189	Sound	test	3633458	0	1			0		other	0
18	189	Picture	response	3643555	10097	1	4832	1	10000	25000	incorrect	421
18	189	Port Input	2	3648318	14860	1
18	189	Response	4	3648318	14860	1
18	190	Picture	ITI	3649386	0	1	30323	1	0	next	other	0
18	191	Sound	test	3667377	0	1			0		other	0
18	191	Picture	response	3679709	12331	1	5498	1	12250	25000	incorrect	426
18	191	Port Input	2	3685072	17694	1
18	191	Response	4	3685072	17694	1
18	192	Picture	ITI	3686207	0	1	29656	1	0	next	other	0
18	193	Sound	test	3702578	0	1			0		other	0
18	193	Picture	response	3715863	13285	1	5498	1	13100	25000	incorrect	431
18	193	Port Input	2	3721285	18707	1
18	193	Response	4	3721285	18707	1
18	194	Picture	ITI	3722360	0	1	34821	1	0	next	other	0
18	195	Sound	test	3742022	0	1			0		other	0
18	195	Picture	response	3757182	15160	1	4832	1	15000	25000	incorrect	436
18	195	Port Input	1	3761808	19786	1
18	195	Response	3	3761808	19786	1
18	196	Picture	ITI	3762846	0	1	30156	1	0	next	other	0
18	197	Sound	test	3778878	0	1			0		other	0
18	197	Picture	response	3793002	14125	1	6831	1	14020	25000	incorrect	441
18	197	Port Input	1	3799666	20788	1
18	197	Response	3	3799666	20788	1
18	198	Picture	ITI	3800833	0	1	26657	1	0	next	other	0
18	199	Sound	test	3813414	0	1			0		other	0
18	199	Picture	response	3827490	14076	1	5665	1	14020	25000	incorrect	446
18	199	Port Input	1	3833036	19622	1
18	199	Response	3	3833036	19622	1
18	200	Picture	ITI	3833988	0	1	25824	1	0	next	other	0
18	201	Sound	test	3846549	0	1			0		other	0
18	201	Picture	response	3859812	13263	1	6331	1	13100	25000	incorrect	451
18	201	Port Input	2	3866052	19503	1
18	201	Response	4	3866052	19503	1
18	202	Picture	ITI	3867143	0	1	25824	1	0	next	other	0
18	203	Sound	test	3880644	0	1			0		other	0
18	203	Picture	response	3892967	12323	1	7331	1	12250	25000	incorrect	456
18	203	Port Input	2	3900235	19590	1
18	203	Response	4	3900235	19590	1
18	204	Picture	ITI	3901298	0	1	27657	1	0	next	other	0
18	205	Sound	test	3918889	0	1			0		other	0
18	205	Picture	response	3928955	10066	1	6664	1	10000	25000	incorrect	461
18	205	Port Input	2	3935552	16663	1
18	205	Response	4	3935552	16663	1
18	206	Picture	ITI	3936619	0	1	26491	1	0	next	other	0
18	207	Sound	test	3950820	0	1			0		other	0
18	207	Picture	response	3963109	12289	1	4998	1	12250	25000	incorrect	466
18	207	Port Input	2	3968058	17238	1
18	207	Response	4	3968058	17238	1
18	208	Picture	ITI	3969107	0	1	29490	1	0	next	other	0
18	209	Sound	test	3984518	0	1			0		other	0
18	209	Picture	response	3998597	14078	1	5165	1	14020	25000	incorrect	471
18	209	Port Input	1	4003677	19159	1
18	209	Response	3	4003677	19159	1
18	210	Picture	ITI	4004761	0	1	28990	1	0	next	other	0
18	211	Sound	test	4021453	0	1			0		other	0
18	211	Picture	response	4033751	12299	1	5498	1	12250	25000	incorrect	476
18	211	Port Input	2	4039099	17646	1
18	211	Response	4	4039099	17646	1
18	212	Picture	ITI	4040082	0	1	27990	1	0	next	other	0
18	213	Sound	test	4052994	0	1			0		other	0
18	213	Picture	response	4068073	15079	1	8164	1	15000	25000	incorrect	481
18	213	Port Input	1	4076030	23036	1
18	213	Response	3	4076030	23036	1
18	214	Picture	ITI	4077069	0	1	27824	1	0	next	other	0
18	215	Sound	test	4089851	0	1			0		other	0
18	215	Picture	response	4104893	15042	1	4498	1	15000	25000	incorrect	486
18	215	Port Input	1	4109223	19372	1
18	215	Response	3	4109223	19372	1
18	216	Picture	ITI	4110224	0	1	28823	1	0	next	other	0
18	217	Sound	test	4128896	0	1			0		other	0
18	217	Picture	response	4139048	10152	1	6664	1	10000	25000	incorrect	491
18	217	Port Input	2	4145623	16728	1
18	217	Response	4	4145623	16728	1
18	218	Picture	ITI	4146712	0	1	30489	1	0	next	other	0
18	219	Sound	test	4162093	0	1			0		other	0
18	219	Picture	response	4177201	15108	1	9330	1	15000	25000	incorrect	496
18	219	Port Input	1	4186344	24251	1
18	219	Response	3	4186344	24251	1
18	220	Picture	ITI	4187364	0	1	23325	1	0	next	other	0
18	221	Sound	test	4197475	0	1			0		other	0
18	221	Picture	response	4210689	13214	1	9663	1	13100	25000	incorrect	501
18	221	Port Input	2	4220287	22812	1
18	221	Response	4	4220287	22812	1
18	222	Picture	ITI	4221352	0	1	21659	1	0	next	other	0
18	223	Sound	test	4232213	0	1			0		other	0
18	223	Picture	response	4243011	10798	1	3832	1	10700	25000	incorrect	506
18	223	Port Input	2	4246744	14530	1
18	223	Response	4	4246744	14530	1
18	224	Picture	ITI	4247676	0	1	22992	1	0	next	other	0
18	225	Sound	test	4260608	0	1			0		other	0
18	225	Picture	response	4270668	10061	1	4332	1	10000	25000	incorrect	511
18	225	Port Input	2	4274919	14311	1
18	225	Response	4	4274919	14311	1
18	226	Picture	ITI	4276000	0	1	32655	1	0	next	other	0
18	227	Sound	test	4294601	0	1			0		other	0
18	227	Picture	response	4308655	14054	1	6498	1	14020	25000	incorrect	516
18	227	Port Input	1	4314973	20372	1
18	227	Response	3	4314973	20372	1
18	228	Picture	ITI	4315986	0	1	30656	1	0	next	other	0
18	229	Sound	test	4335877	0	1			0		other	0
18	229	Picture	response	4346641	10765	1	9163	1	10700	25000	incorrect	521
18	229	Port Input	2	4355601	19724	1
18	229	Response	4	4355601	19724	1
18	230	Picture	ITI	4356638	0	1	23492	1	0	next	other	0
18	231	Sound	test	4368640	0	1			0		other	0
18	231	Picture	response	4380130	11490	1	8997	1	11450	25000	incorrect	526
18	231	Port Input	2	4389044	20404	1
18	231	Response	4	4389044	20404	1
18	232	Picture	ITI	4390126	0	1	28990	1	0	next	other	0
18	233	Sound	test	4404977	0	1			0		other	0
18	233	Picture	response	4419116	14139	1	5831	1	14020	25000	incorrect	531
18	233	Port Input	1	4424871	19894	1
18	233	Response	3	4424871	19894	1
18	234	Picture	ITI	4425947	0	1	30989	1	0	next	other	0
18	235	Sound	test	4441868	0	1			0		other	0
18	235	Picture	response	4456936	15068	1	5332	1	15000	25000	incorrect	536
18	235	Port Input	1	4462094	20226	1
18	235	Response	3	4462094	20226	1
18	236	Picture	ITI	4463101	0	1	28990	1	0	next	other	0
18	237	Sound	test	4478942	0	1			0		other	0
18	237	Picture	response	4492090	13149	1	5831	1	13100	25000	incorrect	541
18	237	Port Input	2	4497807	18865	1
18	237	Response	4	4497807	18865	1
18	238	Picture	ITI	4498921	0	1	29823	1	0	next	other	0
18	239	Sound	test	4517943	0	1			0		other	0
18	239	Picture	response	4528744	10802	1	4832	1	10700	25000	incorrect	546
18	239	Port Input	2	4533468	15525	1
18	239	Response	4	4533468	15525	1
18	240	Picture	ITI	4534576	0	1	20326	1	0	next	other	0
18	241	Sound	test	4544757	0	1			0		other	0
18	241	Picture	response	4554902	10145	1	4998	1	10000	25000	incorrect	551
18	241	Port Input	2	4559789	15033	1
18	241	Response	4	4559789	15033	1
18	242	Picture	ITI	4560900	0	1	26991	1	0	next	other	0
18	243	Sound	test	4574611	0	1			0		other	0
18	243	Picture	response	4587890	13279	1	11663	1	13100	25000	incorrect	556
18	243	Port Input	2	4599417	24806	1
18	243	Response	4	4599417	24806	1
18	244	Picture	ITI	4600386	0	1	29656	1	0	next	other	0
18	245	Sound	test	4619297	0	1			0		other	0
18	245	Picture	response	4630042	10745	1	4332	1	10700	25000	incorrect	561
18	245	Port Input	2	4634266	14969	1
18	245	Response	4	4634266	14969	1
18	246	Picture	ITI	4635374	0	1	31656	1	0	next	other	0
18	247	Sound	test	4654705	0	1			0		other	0
18	247	Picture	response	4667029	12324	1	4665	1	12250	25000	incorrect	566
18	247	Port Input	1	4671489	16784	1
18	247	Response	3	4671489	16784	1
18	248	Picture	ITI	4672527	0	1	26324	1	0	next	other	0
18	249	Sound	test	4683738	0	1			0		other	0
18	249	Picture	response	4698851	15113	1	2832	1	15000	25000	incorrect	571
18	249	Port Input	1	4701579	17841	1
18	249	Response	3	4701579	17841	1
18	250	Picture	ITI	4702683	0	1	28657	1	0	next	other	0
18	251	Sound	test	4720605	0	1			0		other	0
18	251	Picture	response	4731340	10735	1	4165	1	10700	25000	incorrect	576
18	251	Port Input	2	4735314	14709	1
18	251	Response	4	4735314	14709	1
18	252	Picture	ITI	4736338	0	1	31489	1	0	next	other	0
18	253	Sound	test	4752699	0	1			0		other	0
18	253	Picture	response	4767827	15128	1	3166	1	15000	25000	incorrect	581
18	253	Port Input	1	4770923	18223	1
18	253	Response	3	4770923	18223	1
18	254	Picture	ITI	4771992	0	1	23325	1	0	next	other	0
18	255	Sound	test	4784553	0	1			0		other	0
18	255	Picture	response	4795317	10764	1	4498	1	10700	25000	incorrect	586
18	255	Port Input	2	4799618	15064	1
18	255	Response	4	4799618	15064	1
18	256	Picture	ITI	4800649	0	1	31156	1	0	next	other	0
18	257	Sound	test	4819520	0	1			0		other	0
18	257	Picture	response	4831805	12284	1	5831	1	12250	25000	incorrect	591
18	257	Port Input	2	4837496	17976	1
18	257	Response	4	4837496	17976	1
18	258	Picture	ITI	4838469	0	1	27657	1	0	next	other	0
18	259	Sound	test	4855950	0	1			0		other	0
18	259	Picture	response	4866126	10176	1	3999	1	10000	25000	incorrect	596
18	259	Port Input	2	4870065	14115	1
18	259	Response	4	4870065	14115	1
18	260	Picture	ITI	4871124	0	1	24658	1	0	next	other	0
18	261	Sound	test	4882625	0	1			0		other	0
18	261	Picture	response	4895782	13157	1	6831	1	13100	25000	incorrect	601
18	261	Port Input	1	4902550	19925	1
18	261	Response	3	4902550	19925	1
18	262	Picture	ITI	4903613	0	1	29323	1	0	next	other	0
18	263	Sound	test	4917824	0	1			0		other	0
18	263	Picture	response	4932936	15112	1	3332	1	15000	25000	incorrect	606
18	263	Port Input	1	4936191	18367	1
18	263	Response	3	4936191	18367	1
18	264	Picture	ITI	4937268	0	1	28990	1	0	next	other	0
18	265	Sound	test	4951219	0	1			0		other	0
18	265	Picture	response	4966257	15039	1	3332	1	15000	25000	incorrect	611
18	265	Port Input	1	4969499	18280	1
18	265	Response	3	4969499	18280	1
18	266	Picture	ITI	4970589	0	1	27657	1	0	next	other	0
18	267	Sound	test	4988210	0	1			0		other	0
18	267	Picture	response	4998246	10036	1	6331	1	10000	25000	incorrect	616
18	267	Port Input	2	5004389	16179	1
18	267	Response	4	5004389	16179	1
18	268	Picture	ITI	5005410	0	1	25658	1	0	next	other	0
18	269	Sound	test	5020902	0	1			0		other	0
18	269	Picture	response	5031068	10166	1	4332	1	10000	25000	incorrect	621
18	269	Port Input	2	5035303	14401	1
18	269	Response	4	5035303	14401	1
18	270	Picture	ITI	5036400	0	1	29156	1	0	next	other	0
18	271	Sound	test	5054041	0	1			0		other	0
18	271	Picture	response	5065556	11515	1	5998	1	11450	25000	incorrect	626
18	271	Port Input	2	5071349	17308	1
18	271	Response	4	5071349	17308	1
18	272	Picture	ITI	5072387	0	1	27990	1	0	next	other	0
18	273	Sound	test	5087108	0	1			0		other	0
18	273	Picture	response	5100377	13269	1	4832	1	13100	25000	incorrect	631
18	273	Port Input	2	5105042	17934	1
18	273	Response	4	5105042	17934	1
18	274	Picture	ITI	5106208	0	1	25491	1	0	next	other	0
18	275	Sound	test	5117610	0	1			0		other	0
18	275	Picture	response	5131699	14090	1	5831	1	14020	25000	incorrect	636
18	275	Port Input	1	5137402	19793	1
18	275	Response	3	5137402	19793	1
18	276	Picture	ITI	5138364	0	1	29823	1	0	next	other	0
18	277	Sound	test	5155835	0	1			0		other	0
18	277	Picture	response	5168187	12352	1	12496	1	12250	25000	incorrect	641
18	277	Port Input	2	5180570	24735	1
18	277	Response	4	5180570	24735	1
18	278	Picture	ITI	5181682	0	1	26991	1	0	next	other	0
18	279	Sound	test	5198523	0	1			0		other	0
18	279	Picture	response	5208672	10149	1	9497	1	10000	25000	incorrect	646
18	279	Port Input	2	5218001	19478	1
18	279	Response	4	5218001	19478	1
18	280	Picture	ITI	5219002	0	1	27324	1	0	next	other	0
18	281	Sound	test	5234783	0	1			0		other	0
18	281	Picture	response	5246326	11542	1	4832	1	11450	25000	incorrect	651
18	281	Port Input	2	5250986	16203	1
18	281	Response	4	5250986	16203	1
18	282	Picture	ITI	5251990	0	1	24491	1	0	next	other	0
18	283	Sound	test	5262422	0	1			0		other	0
18	283	Picture	response	5276482	14060	1	3665	1	14020	25000	incorrect	656
18	283	Port Input	1	5279983	17561	1
18	283	Response	3	5279983	17561	1
18	284	Picture	ITI	5280980	0	1	30489	1	0	next	other	0
18	285	Sound	test	5296372	0	1			0		other	0
18	285	Picture	response	5311470	15098	1	3166	1	15000	25000	incorrect	661
18	285	Port Input	1	5314592	18221	1
18	285	Response	3	5314592	18221	1
18	286	Picture	ITI	5315635	0	1	26491	1	0	next	other	0
18	287	Sound	test	5330576	0	1			0		other	0
18	287	Picture	response	5342126	11549	1	8330	1	11450	25000	incorrect	666
18	287	Port Input	2	5350305	19729	1
18	287	Response	4	5350305	19729	1
18	288	Picture	ITI	5351289	0	1	25658	1	0	next	other	0
18	289	Sound	test	5365440	0	1			0		other	0
18	289	Picture	response	5376947	11506	1	4832	1	11450	25000	incorrect	671
18	289	Port Input	2	5381572	16132	1
18	289	Response	4	5381572	16132	1
18	290	Picture	ITI	5382611	0	1	24991	1	0	next	other	0
18	291	Sound	test	5394413	0	1			0		other	0
18	291	Picture	response	5407603	13190	1	4998	1	13100	25000	incorrect	676
18	291	Port Input	1	5412517	18104	1
18	291	Response	3	5412517	18104	1
18	292	Picture	ITI	5413600	0	1	27657	1	0	next	other	0
18	293	Sound	test	5426232	0	1			0		other	0
18	293	Picture	response	5441257	15026	1	3665	1	15000	25000	incorrect	681
18	293	Port Input	1	5444856	18625	1
18	293	Response	3	5444856	18625	1
18	294	Picture	ITI	5445922	0	1	21992	1	0	next	other	0
18	295	Sound	test	5456364	0	1			0		other	0
18	295	Picture	response	5467915	11551	1	4998	1	11450	25000	incorrect	686
18	295	Port Input	2	5472760	16397	1
18	295	Response	4	5472760	16397	1
18	296	Picture	ITI	5473913	0	1	23658	1	0	next	other	0
18	297	Sound	test	5484314	0	1			0		other	0
18	297	Picture	response	5497571	13257	1	5331	1	13100	25000	incorrect	691
18	297	Port Input	2	5502788	18474	1
18	297	Response	4	5502788	18474	1
18	298	Picture	ITI	5503902	0	1	29323	1	0	next	other	0
18	299	Sound	test	5518143	0	1			0		other	0
18	299	Picture	response	5533225	15082	1	6498	1	15000	25000	incorrect	696
18	299	Port Input	1	5539605	21461	1
18	299	Response	3	5539605	21461	1
18	300	Picture	ITI	5540556	0	1	32322	1	0	next	other	0
18	301	Sound	test	5558717	0	1			0		other	0
18	301	Picture	response	5572878	14161	1	3499	1	14020	25000	incorrect	701
18	301	Port Input	1	5576182	17465	1
18	301	Response	3	5576182	17465	1
18	302	Picture	ITI	5577210	0	1	28990	1	0	next	other	0
18	303	Sound	test	5595341	0	1			0		other	0
18	303	Picture	response	5606200	10859	1	3832	1	10700	25000	incorrect	706
18	303	Port Input	2	5609906	14565	1
18	303	Response	4	5609906	14565	1
18	304	Picture	ITI	5610865	0	1	30656	1	0	next	other	0
18	305	Sound	test	5627466	0	1			0		other	0
18	305	Picture	response	5641520	14055	1	4665	1	14020	25000	incorrect	711
18	305	Port Input	1	5646015	18549	1
18	305	Response	3	5646015	18549	1
18	306	Picture	ITI	5647019	0	1	23825	1	0	next	other	0
18	307	Sound	test	5660090	0	1			0		other	0
18	307	Picture	response	5670844	10754	1	11829	1	10700	25000	incorrect	716
18	307	Port Input	2	5682561	22471	1
18	307	Response	4	5682561	22471	1
18	308	Picture	ITI	5683672	0	1	23992	1	0	next	other	0
18	309	Sound	test	5696104	0	1			0		other	0
18	309	Picture	response	5707664	11560	1	4498	1	11450	25000	incorrect	721
18	309	Port Input	2	5712058	15954	1
18	309	Response	4	5712058	15954	1
18	310	Picture	ITI	5713162	0	1	24658	1	0	next	other	0
18	311	Sound	test	5725513	0	1			0		other	0
18	311	Picture	response	5737820	12307	1	4665	1	12250	25000	incorrect	726
18	311	Port Input	2	5742440	16927	1
18	311	Response	4	5742440	16927	1
18	312	Picture	ITI	5743485	0	1	26824	1	0	next	other	0
18	313	Sound	test	5760136	0	1			0		other	0
18	313	Picture	response	5770309	10173	1	6498	1	10000	25000	incorrect	731
18	313	Port Input	2	5776643	16507	1
18	313	Response	4	5776643	16507	1
18	314	Picture	ITI	5777639	0	1	21826	1	0	next	other	0
18	315	Sound	test	5787991	0	1			0		other	0
18	315	Picture	response	5799465	11474	1	4832	1	11450	25000	incorrect	736
18	315	Port Input	2	5804131	16140	1
18	315	Response	4	5804131	16140	1
18	316	Picture	ITI	5805296	0	1	32822	1	0	next	other	0
18	317	Sound	test	5822988	0	1			0		other	0
18	317	Picture	response	5838118	15131	1	3665	1	15000	25000	incorrect	741
18	317	Port Input	1	5841603	18615	1
18	317	Response	3	5841603	18615	1
18	318	Picture	ITI	5842617	0	1	25658	1	0	next	other	0
18	319	Sound	test	5855098	0	1			0		other	0
18	319	Picture	response	5868274	13176	1	6998	1	13100	25000	incorrect	746
18	319	Port Input	2	5875130	20032	1
18	319	Response	4	5875130	20032	1
18	322	Port Input	3	5900438	4173	1
18	347	Port Input	3	6146534	357	1
18	347	Port Input	3	6146535	358	1
18	347	Port Input	3	6146541	365	1
18	347	Port Input	3	6146574	397	1
18	347	Port Input	3	6146597	421	1
18	347	Port Input	3	6146627	450	1
18	347	Port Input	3	6146643	466	1
18	347	Port Input	3	6146648	471	1
18	347	Port Input	3	6148116	1939	1
18	347	Port Input	3	6148128	1951	1
18	347	Port Input	3	6148319	2142	1
18	347	Port Input	3	6148328	2151	1
18	347	Port Input	3	6148340	2163	1
18	347	Port Input	3	6148493	2316	1
18	347	Port Input	3	6148691	2514	1
18	348	Port Input	3	6157831	1657	1
18	348	Port Input	3	6158723	2550	1
18	348	Port Input	3	6163749	7576	1
18	348	Port Input	3	6164062	7888	1
18	348	Port Input	3	6164068	7894	1
18	348	Port Input	3	6164152	7979	1
18	348	Port Input	3	6164201	8028	1
18	348	Port Input	3	6164218	8045	1
18	348	Port Input	3	6164230	8056	1
18	348	Port Input	3	6164396	8223	1
18	348	Port Input	3	6164407	8234	1
18	348	Port Input	3	6164413	8240	1
18	348	Port Input	3	6164434	8261	1
18	348	Port Input	3	6164676	8503	1
18	348	Port Input	3	6164688	8514	1
18	349	Port Input	3	6174327	8157	1
18	349	Port Input	3	6174331	8161	1
18	349	Port Input	3	6174333	8163	1
18	349	Port Input	3	6174460	8290	1
18	349	Port Input	3	6174469	8299	1
18	349	Port Input	3	6174470	8300	1
18	349	Port Input	3	6174479	8309	1
18	349	Port Input	3	6174539	8369	1
18	349	Port Input	3	6174544	8374	1
18	349	Port Input	3	6174547	8377	1
18	349	Port Input	3	6174548	8379	1
18	349	Port Input	3	6174575	8405	1
18	349	Port Input	3	6174605	8436	1
18	349	Port Input	3	6174612	8443	1
18	349	Port Input	3	6174697	8528	1
18	349	Port Input	3	6174791	8621	1
18	349	Port Input	3	6174797	8627	1
18	349	Port Input	3	6174806	8636	1
18	349	Port Input	3	6174816	8646	1
18	349	Port Input	3	6174818	8648	1
18	349	Port Input	3	6174821	8652	1
18	349	Port Input	3	6174833	8663	1
18	349	Port Input	3	6174835	8665	1
18	349	Port Input	3	6174836	8666	1
18	349	Port Input	3	6174892	8722	1
18	349	Port Input	3	6174933	8763	1
18	349	Port Input	3	6174972	8802	1
18	349	Port Input	3	6175108	8939	1
18	349	Port Input	3	6175116	8946	1
18	349	Port Input	3	6175119	8949	1
18	350	Port Input	3	6178162	1995	1
18	350	Port Input	3	6179980	3813	1
18	350	Port Input	3	6179982	3816	1
18	350	Port Input	3	6183067	6900	1
18	350	Port Input	3	6183454	7288	1
18	351	Port Input	3	6195172	9010	1
18	353	Port Input	3	6212875	6720	1
18	353	Port Input	3	6214039	7883	1
18	353	Port Input	3	6214686	8531	1
18	353	Port Input	3	6214705	8549	1
18	353	Port Input	3	6214792	8637	1
18	353	Port Input	3	6214805	8650	1
18	353	Port Input	3	6214812	8656	1
18	353	Port Input	3	6214820	8664	1
18	353	Port Input	3	6214824	8668	1
18	353	Port Input	3	6214898	8742	1
18	353	Port Input	3	6214910	8754	1
18	353	Port Input	3	6214912	8756	1
18	353	Port Input	3	6214913	8757	1
18	353	Port Input	3	6214920	8765	1
18	353	Port Input	3	6214926	8770	1
18	353	Port Input	3	6214933	8777	1
18	353	Port Input	3	6215005	8849	1
18	353	Port Input	3	6215079	8923	1
18	353	Port Input	3	6215081	8926	1
18	353	Port Input	3	6215096	8940	1
18	353	Port Input	3	6215111	8955	1
18	353	Port Input	3	6215191	9035	1
18	353	Port Input	3	6215205	9049	1
18	353	Port Input	3	6215208	9052	1
18	353	Port Input	3	6215212	9056	1
18	353	Port Input	3	6215217	9061	1
18	353	Port Input	3	6215296	9141	1
18	353	Port Input	3	6215383	9227	1
18	353	Port Input	3	6215496	9340	1
18	353	Port Input	3	6215629	9473	1
18	353	Port Input	3	6215665	9510	1
18	353	Port Input	3	6215765	9609	1
18	353	Port Input	3	6215900	9745	1
18	353	Port Input	3	6216091	9935	1
18	354	Port Input	3	6216154	2	1
18	354	Port Input	3	6216800	648	1
18	358	Quit		6259610	3472	NA


{
   "app": "Presentation Version 20.2 Build 07.25.18",
   "device": "LENOVO 10A8S1PC00",
   "experiment": "{772213B2-5F0F-4A35-9C2F-36954700C7EA}",
   "os": "Windows 7 64 bit",
   "package": "",
   "parameters": {
      "configuration": "Default configuration"
   },
   "scenario": "Timing Task with Dynanometer.sce",
   "subject": "18",
   "timestamp": "2019/03/14 03:45:34 GMT"
}
