Scenario - Timing Task
Logfile written - 03/09/2019 11:10:28

Subject	Trial	Event Type	Code	Time	TTime	Uncertainty	Duration	Uncertainty	ReqTime	ReqDur	Stim Type	Pair Index

19	1	Picture	Instruction	500	0	1	47317	1	0	next	other	0
19	1	Response	1	42738	42239	0
19	2	Picture	ITI	47817	0	1	10663	1	0	next	other	0
19	3	Sound	Stimuli	57826	0	585			0		other	0
19	4	Picture	Feedback	88303	0	1	20160	1	0	next	other	0
19	5	Picture	ITI	108463	0	1	10163	1	0	next	other	0
19	6	Sound	Stimuli	118464	0	1			0		other	0
19	7	Picture	Feedback	153447	0	1	20160	1	0	next	other	0
19	8	Picture	ITI	173607	0	1	10163	1	0	next	other	0
19	9	Sound	Stimuli	183608	0	1			0		other	0
19	10	Picture	Feedback	213760	0	1	20160	1	0	next	other	0
19	11	Picture	ITI	233920	0	1	10163	1	0	next	other	0
19	12	Sound	Stimuli	243922	0	1			0		other	0
19	13	Picture	Feedback	279071	0	1	20160	1	0	next	other	0
19	14	Picture	ITI	299231	0	1	10163	1	0	next	other	0
19	15	Sound	Stimuli	309232	0	1			0		other	0
19	16	Picture	Feedback	339217	0	1	20160	1	0	next	other	0
19	17	Picture	ITI	359377	0	1	10163	1	0	next	other	0
19	18	Sound	Stimuli	369378	0	1			0		other	0
19	19	Picture	Feedback	404528	0	1	20160	1	0	next	other	0
19	20	Picture	ITI	424688	0	1	10163	1	0	next	other	0
19	21	Sound	Stimuli	434689	0	1			0		other	0
19	22	Picture	Feedback	464841	0	1	20160	1	0	next	other	0
19	22	Response	3	465546	705	1
19	23	Picture	ITI	485001	0	1	10163	1	0	next	other	0
19	24	Sound	Stimuli	495002	0	1			0		other	0
19	25	Picture	Feedback	530152	0	1	20160	1	0	next	other	0
19	26	Picture	ITI	550312	0	1	10163	1	0	next	other	0
19	27	Sound	Stimuli	560313	0	1			0		other	0
19	28	Picture	Feedback	590465	0	1	20160	1	0	next	other	0
19	29	Picture	ITI	610625	0	1	10163	1	0	next	other	0
19	30	Sound	Stimuli	620626	0	1			0		other	0
19	31	Picture	Feedback	655609	0	1	20160	1	0	next	other	0
19	32	Picture	End_Block	675769	0	1	161945	1	0	next	other	0
19	32	Response	1	837529	161760	0
19	33	Picture	ITI	837714	0	1	10163	1	0	next	other	0
19	34	Picture	Break	847877	0	1	20160	1	0	next	other	0
19	34	Response	1	867848	19971	0
19	35	Picture	ITI	868037	0	1	10163	1	0	next	other	0
19	36	Picture	Instruction	878200	0	1	17327	1	0	next	other	0
19	36	Response	1	890487	12288	0
19	37	Picture	ITI	895527	0	1	21159	1	0	next	other	0
19	38	Sound	Practice	906499	0	1			0		other	0
19	38	Picture	response	916687	10188	1	11829	1	10000	25000	incorrect	46
19	38	Port Input	2	928384	21885	1
19	38	Response	4	928384	21885	1
19	39	Picture	ITI	938513	0	1	27657	1	0	next	other	0
19	40	Sound	Practice	956134	0	1			0		other	0
19	40	Picture	response	966170	10036	1	25158	1	10000	25000	hit	51
19	40	Port Input	1	991249	35115	1
19	40	Response	3	991249	35115	1
19	41	Picture	ITI	1001491	0	1	27657	1	0	next	other	0
19	42	Sound	Practice	1013963	0	1			0		other	0
19	42	Picture	response	1029148	15186	1	5165	1	15000	25000	hit	56
19	42	Port Input	2	1034239	20276	1
19	42	Response	4	1034239	20276	1
19	43	Picture	ITI	1044310	0	1	21493	1	0	next	other	0
19	44	Sound	Practice	1055691	0	1			0		other	0
19	44	Picture	response	1065802	10111	1	4498	1	10000	25000	hit	61
19	44	Port Input	1	1070138	14447	1
19	44	Response	3	1070138	14447	1
19	45	Picture	ITI	1080297	0	1	28490	1	0	next	other	0
19	46	Sound	Practice	1093609	0	2			0		other	0
19	46	Picture	response	1108788	15179	1	3332	1	15000	25000	hit	66
19	46	Port Input	2	1111951	18342	1
19	46	Response	4	1111951	18342	1
19	47	Picture	ITI	1122117	0	1	20993	1	0	next	other	0
19	48	Sound	Practice	1132948	0	1			0		other	0
19	48	Picture	response	1143109	10161	1	6498	1	10000	25000	hit	71
19	48	Port Input	1	1149506	16558	1
19	48	Response	3	1149506	16558	1
19	49	Picture	ITI	1159604	0	1	26824	1	0	next	other	0
19	50	Sound	Practice	1176325	0	1			0		other	0
19	50	Picture	response	1186428	10103	1	6998	1	10000	25000	hit	76
19	50	Port Input	1	1193328	17003	1
19	50	Response	3	1193328	17003	1
19	51	Picture	ITI	1203422	0	1	28157	1	0	next	other	0
19	52	Sound	Practice	1221493	0	1			0		other	0
19	52	Picture	response	1231579	10086	1	16661	1	10000	25000	hit	81
19	52	Port Input	1	1248041	26548	1
19	52	Response	3	1248041	26548	1
19	53	Picture	ITI	1258070	0	1	34988	1	0	next	other	0
19	54	Sound	Practice	1277902	0	1			0		other	0
19	54	Picture	response	1293058	15157	1	20493	1	15000	25000	hit	86
19	54	Port Input	2	1313384	35483	1
19	54	Response	4	1313384	35483	1
19	55	Picture	ITI	1323548	0	1	31489	1	0	next	other	0
19	56	Sound	Practice	1339909	0	1			0		other	0
19	56	Picture	response	1355037	15128	1	11496	1	15000	25000	incorrect	91
19	56	Port Input	1	1366442	26533	1
19	56	Response	3	1366442	26533	1
19	57	Picture	ITI	1376530	0	1	27324	1	0	next	other	0
19	58	Sound	Practice	1388691	0	1			0		other	0
19	58	Picture	response	1403854	15163	1	4332	1	15000	25000	hit	96
19	58	Port Input	2	1408120	19429	1
19	58	Response	4	1408120	19429	1
19	59	Picture	ITI	1418182	0	1	30656	1	0	next	other	0
19	60	Sound	Practice	1433674	0	1			0		other	0
19	60	Picture	response	1448838	15165	1	7664	1	15000	25000	hit	101
19	60	Port Input	2	1456429	22756	1
19	60	Response	4	1456429	22756	1
19	61	Picture	ITI	1466499	0	1	25491	1	0	next	other	0
19	62	Sound	Practice	1481960	0	1			0		other	0
19	62	Picture	response	1491990	10030	1	5332	1	10000	25000	hit	106
19	62	Port Input	1	1497139	15179	1
19	62	Response	3	1497139	15179	1
19	63	Picture	ITI	1507318	0	1	27491	1	0	next	other	0
19	64	Sound	Practice	1519660	0	1			0		other	0
19	64	Picture	response	1534809	15149	1	2999	1	15000	25000	hit	111
19	64	Port Input	2	1537682	18022	1
19	64	Response	4	1537682	18022	1
19	65	Picture	ITI	1547805	0	1	21159	1	0	next	other	0
19	66	Sound	Practice	1558936	0	1			0		other	0
19	66	Picture	response	1568964	10028	1	3832	1	10000	25000	hit	116
19	66	Port Input	1	1572613	13677	1
19	66	Response	3	1572613	13677	1
19	67	Picture	ITI	1582793	0	1	30156	1	0	next	other	0
19	68	Sound	Practice	1597794	0	1			0		other	0
19	68	Picture	response	1612949	15155	1	6664	1	15000	25000	hit	121
19	68	Port Input	2	1619559	21765	1
19	68	Response	4	1619559	21765	1
19	69	Picture	ITI	1629610	0	1	26658	1	0	next	other	0
19	70	Sound	Practice	1641131	0	1			0		other	0
19	70	Picture	response	1656267	15136	1	2832	1	15000	25000	hit	126
19	70	Port Input	2	1658956	17825	1
19	70	Response	4	1658956	17825	1
19	71	Picture	ITI	1669096	0	1	25491	1	0	next	other	0
19	72	Sound	Practice	1684428	0	1			0		other	0
19	72	Picture	response	1694588	10160	1	4665	1	10000	25000	hit	131
19	72	Port Input	1	1699166	14738	1
19	72	Response	3	1699166	14738	1
19	73	Picture	ITI	1709249	0	1	23992	1	0	next	other	0
19	74	Sound	Practice	1723121	0	1			0		other	0
19	74	Picture	response	1733241	10120	1	5665	1	10000	25000	hit	136
19	74	Port Input	1	1738844	15724	1
19	74	Response	3	1738844	15724	1
19	75	Picture	ITI	1748902	0	1	31989	1	0	next	other	0
19	76	Sound	Practice	1765794	0	1			0		other	0
19	76	Picture	response	1780892	15098	1	3332	1	15000	25000	hit	141
19	76	Port Input	2	1784156	18362	1
19	76	Response	4	1784156	18362	1
19	77	Picture	ITI	1794220	0	1	28823	1	0	next	other	0
19	78	Sound	Practice	1807952	0	1			0		other	0
19	78	Picture	response	1823044	15092	1	3999	1	15000	25000	hit	146
19	78	Port Input	2	1826854	18902	1
19	78	Response	4	1826854	18902	1
19	79	Picture	ITI	1837039	0	1	34655	1	0	next	other	0
19	80	Sound	Practice	1856510	0	1			0		other	0
19	80	Picture	response	1871694	15183	1	17494	1	15000	25000	hit	151
19	80	Port Input	2	1889136	32626	1
19	80	Response	4	1889136	32626	1
19	81	Picture	ITI	1899184	0	1	32822	1	0	next	other	0
19	82	Sound	Practice	1916966	0	1			0		other	0
19	82	Picture	response	1932007	15041	1	15495	1	15000	25000	incorrect	156
19	82	Port Input	1	1947410	30444	1
19	82	Response	3	1947410	30444	1
19	83	Picture	ITI	1957498	0	1	31156	1	0	next	other	0
19	84	Sound	Practice	1973579	0	1			0		other	0
19	84	Picture	response	1988654	15075	1	7664	1	15000	25000	hit	161
19	84	Port Input	2	1996116	22536	1
19	84	Response	4	1996116	22536	1
19	85	Picture	ITI	2006148	0	1	26324	1	0	next	other	0
19	86	Sound	Practice	2022300	0	1			0		other	0
19	86	Picture	response	2032472	10173	1	5498	1	10000	25000	hit	166
19	86	Port Input	1	2037762	15463	1
19	86	Response	3	2037762	15463	1
19	87	Picture	Break	2047800	0	1	24325	1	0	next	other	0
19	87	Response	1	2071993	24193	0
19	88	Picture	Instruction	2072125	0	1	176107	1	0	next	other	0
19	88	Response	1	2248071	175946	0
19	89	Picture	ITI	2248232	0	1	15161	1	0	next	other	0
19	90	Picture	ITI	2263393	0	1	33655	1	0	next	other	0
19	91	Sound	test	2282975	0	1			0		other	0
19	91	Picture	response	2297049	14074	1	8330	1	14020	25000	incorrect	176
19	91	Port Input	1	2305247	22273	1
19	91	Response	3	2305247	22273	1
19	92	Picture	ITI	2306212	0	1	34155	1	0	next	other	0
19	93	Sound	test	2325333	0	1			0		other	0
19	93	Picture	response	2340367	15034	1	18494	1	15000	25000	incorrect	181
19	93	Port Input	2	2358722	33388	1
19	93	Response	4	2358722	33388	1
19	94	Picture	ITI	2359694	0	1	29323	1	0	next	other	0
19	95	Sound	test	2376715	0	1			0		other	0
19	95	Picture	response	2389017	12302	1	6165	1	12250	25000	incorrect	186
19	95	Port Input	1	2395037	18322	1
19	95	Response	3	2395037	18322	1
19	96	Picture	ITI	2396015	0	1	22826	1	0	next	other	0
19	97	Sound	test	2406546	0	1			0		other	0
19	97	Picture	response	2418840	12294	1	5998	1	12250	25000	incorrect	191
19	97	Port Input	1	2424700	18154	1
19	97	Response	3	2424700	18154	1
19	98	Picture	ITI	2425838	0	1	23325	1	0	next	other	0
19	99	Sound	test	2439109	0	1			0		other	0
19	99	Picture	response	2449163	10054	1	5998	1	10000	25000	incorrect	196
19	99	Port Input	1	2454998	15889	1
19	99	Response	3	2454998	15889	1
19	100	Picture	ITI	2455994	0	1	29990	1	0	next	other	0
19	101	Sound	test	2470946	0	1			0		other	0
19	101	Picture	response	2485984	15039	1	4332	1	15000	25000	incorrect	201
19	101	Port Input	2	2490252	19306	1
19	101	Response	4	2490252	19306	1
19	102	Picture	ITI	2491316	0	1	29323	1	0	next	other	0
19	103	Sound	test	2508257	0	1			0		other	0
19	103	Picture	response	2520639	12382	1	6165	1	12250	25000	incorrect	206
19	103	Port Input	1	2526640	18384	1
19	103	Response	3	2526640	18384	1
19	104	Picture	ITI	2527637	0	1	26658	1	0	next	other	0
19	105	Sound	test	2540128	0	1			0		other	0
19	105	Picture	response	2554294	14166	1	5998	1	14020	25000	incorrect	211
19	105	Port Input	2	2560197	20069	1
19	105	Response	4	2560197	20069	1
19	106	Picture	ITI	2561292	0	1	21659	1	0	next	other	0
19	107	Sound	test	2572893	0	1			0		other	0
19	107	Picture	response	2582951	10058	1	4832	1	10000	25000	incorrect	216
19	107	Port Input	1	2587590	14697	1
19	107	Response	3	2587590	14697	1
19	108	Picture	ITI	2588616	0	1	23659	1	0	next	other	0
19	109	Sound	test	2602097	0	1			0		other	0
19	109	Picture	response	2612274	10177	1	4498	1	10000	25000	incorrect	221
19	109	Port Input	1	2616701	14604	1
19	109	Response	3	2616701	14604	1
19	110	Picture	ITI	2617772	0	1	24658	1	0	next	other	0
19	111	Sound	test	2630924	0	1			0		other	0
19	111	Picture	response	2642431	11507	1	6498	1	11450	25000	incorrect	226
19	111	Port Input	1	2648790	17866	1
19	111	Response	3	2648790	17866	1
19	112	Picture	ITI	2649928	0	1	32489	1	0	next	other	0
19	113	Sound	test	2667339	0	1			0		other	0
19	113	Picture	response	2682417	15078	1	9663	1	15000	25000	incorrect	231
19	113	Port Input	2	2692008	24669	1
19	113	Response	4	2692008	24669	1
19	114	Picture	ITI	2693080	0	1	27657	1	0	next	other	0
19	115	Sound	test	2709892	0	1			0		other	0
19	115	Picture	response	2720737	10846	1	18161	1	10700	25000	incorrect	236
19	115	Port Input	1	2738767	28875	1
19	115	Response	3	2738767	28875	1
19	116	Picture	ITI	2739897	0	1	23659	1	0	next	other	0
19	117	Sound	test	2753509	0	1			0		other	0
19	117	Picture	response	2763556	10047	1	13829	1	10000	25000	incorrect	241
19	117	Port Input	1	2777228	23719	1
19	117	Response	3	2777228	23719	1
19	118	Picture	ITI	2778218	0	1	24991	1	0	next	other	0
19	119	Sound	test	2789109	0	1			0		other	0
19	119	Picture	response	2803209	14100	1	7331	1	14020	25000	incorrect	246
19	119	Port Input	2	2810472	21363	1
19	119	Response	4	2810472	21363	1
19	120	Picture	ITI	2811540	0	1	27824	1	0	next	other	0
19	121	Sound	test	2827851	0	1			0		other	0
19	121	Picture	response	2839363	11513	1	5831	1	11450	25000	incorrect	251
19	121	Port Input	1	2845101	17250	1
19	121	Response	3	2845101	17250	1
19	122	Picture	ITI	2846194	0	1	31656	1	0	next	other	0
19	123	Sound	test	2863666	0	1			0		other	0
19	123	Picture	response	2877850	14185	1	3999	1	14020	25000	incorrect	256
19	123	Port Input	2	2881771	18105	1
19	123	Response	4	2881771	18105	1
19	124	Picture	ITI	2882849	0	1	34821	1	0	next	other	0
19	125	Sound	test	2902600	0	1			0		other	0
19	125	Picture	response	2917670	15070	1	12329	1	15000	25000	incorrect	261
19	125	Port Input	2	2929956	27356	1
19	125	Response	4	2929956	27356	1
19	126	Picture	ITI	2930999	0	1	26491	1	0	next	other	0
19	127	Sound	test	2944240	0	1			0		other	0
19	127	Picture	response	2957490	13250	1	11163	1	13100	25000	incorrect	266
19	127	Port Input	2	2968458	24218	1
19	127	Response	4	2968458	24218	1
19	128	Picture	ITI	2969486	0	1	27491	1	0	next	other	0
19	129	Sound	test	2983707	0	1			0		other	0
19	129	Picture	response	2996976	13269	1	6664	1	13100	25000	incorrect	271
19	129	Port Input	1	3003524	19817	1
19	129	Response	3	3003524	19817	1
19	130	Picture	ITI	3004640	0	1	28157	1	0	next	other	0
19	131	Sound	test	3020441	0	1			0		other	0
19	131	Picture	response	3032797	12356	1	5665	1	12250	25000	incorrect	276
19	131	Port Input	1	3038403	17962	1
19	131	Response	3	3038403	17962	1
19	132	Picture	ITI	3039462	0	1	22159	1	0	next	other	0
19	133	Sound	test	3050094	0	2			0		other	0
19	133	Picture	response	3061621	11527	1	8330	1	11450	25000	incorrect	281
19	133	Port Input	1	3069836	19742	1
19	133	Response	3	3069836	19742	1
19	134	Picture	ITI	3070784	0	1	22826	1	0	next	other	0
19	135	Sound	test	3082756	0	1			0		other	0
19	135	Picture	response	3093610	10854	1	7664	1	10700	25000	incorrect	286
19	135	Port Input	1	3101185	18430	1
19	135	Response	3	3101185	18430	1
19	136	Picture	ITI	3102274	0	1	23992	1	0	next	other	0
19	137	Sound	test	3113055	0	1			0		other	0
19	137	Picture	response	3126265	13211	1	5998	1	13100	25000	incorrect	291
19	137	Port Input	2	3132170	19115	1
19	137	Response	4	3132170	19115	1
19	138	Picture	ITI	3133263	0	1	30156	1	0	next	other	0
19	139	Sound	test	3151824	0	1			0		other	0
19	139	Picture	response	3163419	11595	1	9164	1	11450	25000	incorrect	296
19	139	Port Input	1	3172411	20587	1
19	139	Response	3	3172411	20587	1
19	140	Picture	ITI	3173416	0	1	23659	1	0	next	other	0
19	141	Sound	test	3185477	0	1			0		other	0
19	141	Picture	response	3197075	11597	1	6998	1	11450	25000	incorrect	301
19	141	Port Input	1	3204000	18523	1
19	141	Response	3	3204000	18523	1
19	142	Picture	ITI	3205072	0	1	32989	1	0	next	other	0
19	143	Sound	test	3222903	0	1			0		other	0
19	143	Picture	response	3238061	15157	1	3999	1	15000	25000	incorrect	306
19	143	Port Input	2	3241909	19006	1
19	143	Response	4	3241909	19006	1
19	144	Picture	ITI	3242892	0	1	25158	1	0	next	other	0
19	145	Sound	test	3255763	0	1			0		other	0
19	145	Picture	response	3268050	12287	1	5665	1	12250	25000	incorrect	311
19	145	Port Input	1	3273633	17869	1
19	145	Response	3	3273633	17869	1
19	146	Picture	ITI	3274715	0	1	29157	1	0	next	other	0
19	147	Sound	test	3293726	0	1			0		other	0
19	147	Picture	response	3303871	10145	1	5665	1	10000	25000	incorrect	316
19	147	Port Input	1	3309428	15702	1
19	147	Response	3	3309428	15702	1
19	148	Picture	ITI	3310536	0	1	26991	1	0	next	other	0
19	149	Sound	test	3324347	0	1			0		other	0
19	149	Picture	response	3337527	13180	1	2166	1	13100	25000	incorrect	321
19	149	Port Input	2	3339643	15296	1
19	149	Response	4	3339643	15296	1
19	150	Picture	ITI	3340692	0	1	25658	1	0	next	other	0
19	151	Sound	test	3354053	0	1			0		other	0
19	151	Picture	response	3366350	12297	1	6998	1	12250	25000	incorrect	326
19	151	Port Input	2	3373147	19094	1
19	151	Response	4	3373147	19094	1
19	152	Picture	ITI	3374181	0	1	29990	1	0	next	other	0
19	153	Sound	test	3392542	0	1			0		other	0
19	153	Picture	response	3404170	11629	1	5998	1	11450	25000	incorrect	331
19	153	Port Input	1	3409984	17442	1
19	153	Response	3	3409984	17442	1
19	154	Picture	ITI	3411001	0	1	31656	1	0	next	other	0
19	155	Sound	test	3430253	0	1			0		other	0
19	155	Picture	response	3442657	12405	1	6664	1	12250	25000	incorrect	336
19	155	Port Input	1	3449173	18920	1
19	155	Response	3	3449173	18920	1
19	156	Picture	ITI	3450321	0	1	24991	1	0	next	other	0
19	157	Sound	test	3461143	0	1			0		other	0
19	157	Picture	response	3475313	14170	1	4832	1	14020	25000	incorrect	341
19	157	Port Input	2	3479991	18849	1
19	157	Response	4	3479991	18849	1
19	158	Picture	ITI	3480978	0	1	23159	1	0	next	other	0
19	159	Sound	test	3491839	0	1			0		other	0
19	159	Picture	response	3504136	12297	1	6165	1	12250	25000	incorrect	346
19	159	Port Input	2	3510196	18357	1
19	159	Response	4	3510196	18357	1
19	160	Picture	ITI	3511301	0	1	30490	1	0	next	other	0
19	161	Sound	test	3529512	0	1			0		other	0
19	161	Picture	response	3541790	12278	1	13162	1	12250	25000	incorrect	351
19	161	Port Input	2	3554757	25245	1
19	161	Response	4	3554757	25245	1
19	162	Picture	ITI	3555785	0	1	31323	1	0	next	other	0
19	163	Sound	test	3571937	0	1			0		other	0
19	163	Picture	response	3587108	15171	1	4165	1	15000	25000	incorrect	356
19	163	Port Input	2	3591094	19157	1
19	163	Response	4	3591094	19157	1
19	164	Picture	ITI	3592106	0	1	29657	1	0	next	other	0
19	165	Sound	test	3610278	0	1			0		other	0
19	165	Picture	response	3621763	11485	1	6498	1	11450	25000	incorrect	361
19	165	Port Input	1	3628190	17913	1
19	165	Response	3	3628190	17913	1
19	166	Picture	ITI	3629260	0	1	20993	1	0	next	other	0
19	167	Sound	test	3640202	0	1			0		other	0
19	167	Picture	response	3650253	10052	1	4665	1	10000	25000	incorrect	366
19	167	Port Input	1	3654719	14518	1
19	167	Response	3	3654719	14518	1
19	168	Picture	ITI	3655751	0	1	28490	1	0	next	other	0
19	169	Sound	test	3669082	0	1			0		other	0
19	169	Picture	response	3684242	15159	1	11829	1	15000	25000	incorrect	371
19	169	Port Input	2	3696001	26919	1
19	169	Response	4	3696001	26919	1
19	170	Picture	ITI	3697070	0	1	33155	1	0	next	other	0
19	171	Sound	test	3716992	0	1			0		other	0
19	171	Picture	response	3730226	13234	1	6998	1	13100	25000	incorrect	376
19	171	Port Input	1	3737086	20094	1
19	171	Response	3	3737086	20094	1
19	172	Picture	ITI	3738223	0	1	27491	1	0	next	other	0
19	173	Sound	test	3754984	0	1			0		other	0
19	173	Picture	response	3765714	10729	1	7164	1	10700	25000	incorrect	381
19	173	Port Input	1	3772766	17782	1
19	173	Response	3	3772766	17782	1
19	174	Picture	ITI	3773878	0	1	25825	1	0	next	other	0
19	175	Sound	test	3785509	0	1			0		other	0
19	175	Picture	response	3799702	14193	1	10330	1	14020	25000	incorrect	386
19	175	Port Input	2	3809853	24344	1
19	175	Response	4	3809853	24344	1
19	175A	Port Input	2	3810686	832	1
19	176	Picture	ITI	3811032	0	1	33988	1	0	next	other	0
19	177	Sound	test	3830873	0	1			0		other	0
19	177	Picture	response	3845020	14147	1	12996	1	14020	25000	incorrect	392
19	177	Port Input	2	3857819	26946	1
19	177	Response	4	3857819	26946	1
19	178	Picture	ITI	3858849	0	1	22492	1	0	next	other	0
19	179	Sound	test	3870510	0	1			0		other	0
19	179	Picture	response	3881341	10831	1	4998	1	10700	25000	incorrect	397
19	179	Port Input	1	3886149	15639	1
19	179	Response	3	3886149	15639	1
19	180	Picture	ITI	3887172	0	1	31156	1	0	next	other	0
19	181	Sound	test	3906773	0	1			0		other	0
19	181	Picture	response	3918328	11555	1	7164	1	11450	25000	incorrect	402
19	181	Port Input	1	3925401	18627	1
19	181	Response	3	3925401	18627	1
19	182	Picture	ITI	3926492	0	1	26991	1	0	next	other	0
19	183	Sound	test	3943333	0	1			0		other	0
19	183	Picture	response	3953483	10150	1	5332	1	10000	25000	incorrect	407
19	183	Port Input	1	3958676	15343	1
19	183	Response	3	3958676	15343	1
19	184	Picture	ITI	3959814	0	1	30823	1	0	next	other	0
19	185	Sound	test	3976515	0	1			0		other	0
19	185	Picture	response	3990637	14122	1	5332	1	14020	25000	incorrect	412
19	185	Port Input	2	3995794	19278	1
19	185	Response	4	3995794	19278	1
19	186	Picture	ITI	3996801	0	1	33655	1	0	next	other	0
19	187	Sound	test	4015423	0	1			0		other	0
19	187	Picture	response	4030457	15034	1	10496	1	15000	25000	incorrect	417
19	187	Port Input	2	4040814	25391	1
19	187	Response	4	4040814	25391	1
19	188	Picture	ITI	4041786	0	1	29657	1	0	next	other	0
19	188	Port Input	2	4042073	287	1
19	188	Response	4	4042073	287	1
19	189	Sound	test	4060717	0	1			0		other	0
19	189	Picture	response	4071443	10725	1	5498	1	10700	25000	incorrect	424
19	189	Port Input	1	4076817	16100	1
19	189	Response	3	4076817	16100	1
19	190	Picture	ITI	4077774	0	1	28324	1	0	next	other	0
19	191	Sound	test	4092815	0	1			0		other	0
19	191	Picture	response	4106097	13282	1	6831	1	13100	25000	incorrect	429
19	191	Port Input	2	4112872	20057	1
19	191	Response	4	4112872	20057	1
19	192	Picture	ITI	4113928	0	1	24325	1	0	next	other	0
19	193	Sound	test	4127399	0	1			0		other	0
19	193	Picture	response	4138253	10854	1	5998	1	10700	25000	incorrect	434
19	193	Port Input	1	4144107	16708	1
19	193	Response	3	4144107	16708	1
19	194	Picture	ITI	4145084	0	1	31489	1	0	next	other	0
19	195	Sound	test	4161535	0	1			0		other	0
19	195	Picture	response	4176573	15038	1	7331	1	15000	25000	incorrect	439
19	195	Port Input	2	4183703	22167	1
19	195	Response	4	4183703	22167	1
19	196	Picture	ITI	4184737	0	1	29490	1	0	next	other	0
19	197	Sound	test	4201058	0	1			0		other	0
19	197	Picture	response	4214227	13169	1	14995	1	13100	25000	incorrect	444
19	197	Port Input	2	4229097	28039	1
19	197	Response	4	4229097	28039	1
19	198	Picture	ITI	4230222	0	1	26491	1	0	next	other	0
19	199	Sound	test	4241623	0	1			0		other	0
19	199	Picture	response	4256713	15090	1	2666	1	15000	25000	incorrect	449
19	199	Port Input	2	4259270	17647	1
19	199	Response	4	4259270	17647	1
19	200	Picture	ITI	4260378	0	1	26991	1	0	next	other	0
19	201	Sound	test	4272259	0	1			0		other	0
19	201	Picture	response	4287369	15110	1	7497	1	15000	25000	incorrect	454
19	201	Port Input	2	4294774	22515	1
19	201	Response	4	4294774	22515	1
19	202	Picture	ITI	4295866	0	1	29157	1	0	next	other	0
19	203	Sound	test	4309887	0	1			0		other	0
19	203	Picture	response	4325023	15135	1	9663	1	15000	25000	incorrect	459
19	203	Port Input	2	4334484	24597	1
19	203	Response	4	4334484	24597	1
19	204	Picture	ITI	4335519	0	1	23659	1	0	next	other	0
19	205	Sound	test	4349000	0	1			0		other	0
19	205	Picture	response	4359178	10177	1	4332	1	10000	25000	incorrect	464
19	205	Port Input	1	4363418	14417	1
19	205	Response	3	4363418	14417	1
19	206	Picture	ITI	4364509	0	1	25991	1	0	next	other	0
19	207	Sound	test	4379771	0	2			0		other	0
19	207	Picture	response	4390500	10729	1	3665	1	10700	25000	incorrect	469
19	207	Port Input	1	4394069	14298	1
19	207	Response	3	4394069	14298	1
19	208	Picture	ITI	4395165	0	1	33988	1	0	next	other	0
19	209	Sound	test	4415017	0	1			0		other	0
19	209	Picture	response	4429154	14137	1	4498	1	14020	25000	incorrect	474
19	209	Port Input	2	4433561	18544	1
19	209	Response	4	4433561	18544	1
19	210	Picture	ITI	4434652	0	1	24991	1	0	next	other	0
19	211	Sound	test	4446503	0	1			0		other	0
19	211	Picture	response	4459643	13140	1	4332	1	13100	25000	incorrect	479
19	211	Port Input	2	4463911	17407	1
19	211	Response	4	4463911	17407	1
19	212	Picture	ITI	4464975	0	1	29157	1	0	next	other	0
19	213	Sound	test	4482496	0	1			0		other	0
19	213	Picture	response	4494132	11635	1	4499	1	11450	25000	incorrect	484
19	213	Port Input	1	4498498	16002	1
19	213	Response	3	4498498	16002	1
19	214	Picture	ITI	4499463	0	1	25325	1	0	next	other	0
19	215	Sound	test	4511504	0	1			0		other	0
19	215	Picture	response	4524788	13283	1	15995	1	13100	25000	incorrect	489
19	215	Port Input	2	4540592	29088	1
19	215	Response	4	4540592	29088	1
19	216	Picture	ITI	4541615	0	1	29157	1	0	next	other	0
19	217	Sound	test	4559947	0	1			0		other	0
19	217	Picture	response	4570772	10826	1	5998	1	10700	25000	incorrect	494
19	217	Port Input	1	4576627	16680	1
19	217	Response	3	4576627	16680	1
19	218	Picture	ITI	4577603	0	1	23159	1	0	next	other	0
19	219	Sound	test	4590714	0	1			0		other	0
19	219	Picture	response	4600762	10048	1	3665	1	10000	25000	incorrect	499
19	219	Port Input	1	4604332	13618	1
19	219	Response	3	4604332	13618	1
19	220	Picture	ITI	4605427	0	1	23825	1	0	next	other	0
19	221	Sound	test	4616848	0	1			0		other	0
19	221	Picture	response	4629252	12404	1	7831	1	12250	25000	incorrect	504
19	221	Port Input	2	4637014	20166	1
19	221	Response	4	4637014	20166	1
19	222	Picture	ITI	4638082	0	1	25491	1	0	next	other	0
19	223	Sound	test	4652754	0	1			0		other	0
19	223	Picture	response	4663574	10820	1	4832	1	10700	25000	incorrect	509
19	223	Port Input	1	4668364	15610	1
19	223	Response	3	4668364	15610	1
19	224	Picture	ITI	4669405	0	1	20326	1	0	next	other	0
19	225	Sound	test	4679546	0	1			0		other	0
19	225	Picture	response	4689731	10185	1	4665	1	10000	25000	incorrect	514
19	225	Port Input	1	4694226	14680	1
19	225	Response	3	4694226	14680	1
19	226	Picture	ITI	4695230	0	1	29657	1	0	next	other	0
19	227	Sound	test	4714011	0	1			0		other	0
19	227	Picture	response	4724886	10875	1	23992	1	10700	25000	incorrect	519
19	227	Port Input	1	4748783	34772	1
19	227	Response	3	4748783	34772	1
19	228	Picture	ITI	4749878	0	1	30989	1	0	next	other	0
19	229	Sound	test	4768459	0	1			0		other	0
19	229	Picture	response	4780867	12408	1	5498	1	12250	25000	incorrect	524
19	229	Port Input	2	4786306	17848	1
19	229	Response	4	4786306	17848	1
19	230	Picture	ITI	4787365	0	1	33988	1	0	next	other	0
19	231	Sound	test	4806217	0	1			0		other	0
19	231	Picture	response	4821353	15136	1	6664	1	15000	25000	incorrect	529
19	231	Port Input	2	4827932	21715	1
19	231	Response	4	4827932	21715	1
19	232	Picture	ITI	4829017	0	1	32156	1	0	next	other	0
19	233	Sound	test	4846139	0	1			0		other	0
19	233	Picture	response	4861173	15034	1	4332	1	15000	25000	incorrect	534
19	233	Port Input	2	4865414	19275	1
19	233	Response	4	4865414	19275	1
19	234	Picture	ITI	4866504	0	1	27657	1	0	next	other	0
19	235	Sound	test	4884136	0	1			0		other	0
19	235	Picture	response	4894162	10026	1	4998	1	10000	25000	incorrect	539
19	235	Port Input	1	4899064	14929	1
19	235	Response	3	4899064	14929	1
19	236	Picture	ITI	4900160	0	1	32656	1	0	next	other	0
19	237	Sound	test	4918731	0	1			0		other	0
19	237	Picture	response	4932815	14084	1	3332	1	14020	25000	incorrect	544
19	237	Port Input	2	4935953	17222	1
19	237	Response	4	4935953	17222	1
19	238	Picture	ITI	4936980	0	1	33322	1	0	next	other	0
19	239	Sound	test	4955152	0	1			0		other	0
19	239	Port Input	2	4969801	14649	1
19	239	Picture	response	4970302	15151	1	8330	1	15000	25000	incorrect	550
19	239	Port Input	2	4978443	23291	1
19	239	Response	4	4978443	23291	1
19	240	Picture	ITI	4979466	0	1	28657	1	0	next	other	0
19	241	Sound	test	4998087	0	1			0		other	0
19	241	Picture	response	5008123	10036	1	5998	1	10000	25000	incorrect	555
19	241	Port Input	1	5013988	15901	1
19	241	Response	3	5013988	15901	1
19	242	Picture	ITI	5015120	0	1	29823	1	0	next	other	0
19	243	Sound	test	5031772	0	1			0		other	0
19	243	Picture	response	5044943	13172	1	4498	1	13100	25000	incorrect	560
19	243	Port Input	2	5049346	17574	1
19	243	Response	4	5049346	17574	1
19	244	Picture	ITI	5050442	0	1	32989	1	0	next	other	0
19	245	Sound	test	5068403	0	1			0		other	0
19	245	Picture	response	5083430	15028	1	6498	1	15000	25000	incorrect	565
19	245	Port Input	2	5089764	21361	1
19	245	Response	4	5089764	21361	1
19	246	Picture	ITI	5090761	0	1	24825	1	0	next	other	0
19	247	Sound	test	5101532	0	1			0		other	0
19	247	Picture	response	5115586	14054	1	5665	1	14020	25000	incorrect	570
19	247	Port Input	2	5121051	19518	1
19	247	Response	4	5121051	19518	1
19	248	Picture	ITI	5122084	0	1	27990	1	0	next	other	0
19	249	Sound	test	5136855	0	1			0		other	0
19	249	Picture	response	5150074	13219	1	15495	1	13100	25000	incorrect	575
19	249	Port Input	1	5165363	28508	1
19	249	Response	3	5165363	28508	1
19	250	Picture	ITI	5166402	0	1	28823	1	0	next	other	0
19	251	Sound	test	5182933	0	1			0		other	0
19	251	Picture	response	5195225	12292	1	15328	1	12250	25000	incorrect	580
19	251	Port Input	1	5210424	27491	1
19	251	Response	3	5210424	27491	1
19	252	Picture	ITI	5211387	0	1	23325	1	0	next	other	0
19	253	Sound	test	5222318	0	1			0		other	0
19	253	Picture	response	5234712	12394	1	6831	1	12250	25000	incorrect	585
19	253	Port Input	1	5241503	19185	1
19	253	Response	3	5241503	19185	1
19	254	Picture	ITI	5242543	0	1	33489	1	0	next	other	0
19	255	Sound	test	5260874	0	1			0		other	0
19	255	Picture	response	5276031	15157	1	11329	1	15000	25000	incorrect	590
19	255	Port Input	2	5287303	26429	1
19	255	Response	4	5287303	26429	1
19	256	Picture	ITI	5288360	0	1	26324	1	0	next	other	0
19	257	Sound	test	5301501	0	1			0		other	0
19	257	Picture	response	5314685	13183	1	6831	1	13100	25000	incorrect	595
19	257	Port Input	2	5321349	19848	1
19	257	Response	4	5321349	19848	1
19	258	Picture	ITI	5322515	0	1	20326	1	0	next	other	0
19	259	Sound	test	5332716	0	1			0		other	0
19	259	Picture	response	5342842	10125	1	7664	1	10000	25000	incorrect	600
19	259	Port Input	1	5350387	17671	1
19	259	Response	3	5350387	17671	1
19	260	Picture	ITI	5351505	0	1	26491	1	0	next	other	0
19	261	Sound	test	5367917	0	1			0		other	0
19	261	Picture	response	5377996	10080	1	5998	1	10000	25000	incorrect	605
19	261	Port Input	1	5383871	15954	1
19	261	Response	3	5383871	15954	1
19	262	Picture	ITI	5384994	0	1	24991	1	0	next	other	0
19	263	Sound	test	5395865	0	1			0		other	0
19	263	Picture	response	5409985	14120	1	4832	1	14020	25000	incorrect	610
19	263	Port Input	2	5414658	18793	1
19	263	Response	4	5414658	18793	1
19	264	Picture	ITI	5415650	0	1	27324	1	0	next	other	0
19	265	Sound	test	5431491	0	1			0		other	0
19	265	Picture	response	5442974	11483	1	6331	1	11450	25000	incorrect	615
19	265	Port Input	1	5449266	17775	1
19	265	Response	3	5449266	17775	1
19	266	Picture	ITI	5450305	0	1	28157	1	0	next	other	0
19	267	Sound	test	5466966	0	1			0		other	0
19	267	Picture	response	5478462	11496	1	8330	1	11450	25000	incorrect	620
19	267	Port Input	1	5486675	19709	1
19	267	Response	3	5486675	19709	1
19	268	Picture	ITI	5487792	0	1	24991	1	0	next	other	0
19	269	Sound	test	5500463	0	1			0		other	0
19	269	Picture	response	5512784	12320	1	6664	1	12250	25000	incorrect	625
19	269	Port Input	1	5519336	18873	1
19	269	Response	3	5519336	18873	1
19	270	Picture	ITI	5520448	0	1	21826	1	0	next	other	0
19	271	Sound	test	5531509	0	1			0		other	0
19	271	Picture	response	5542274	10765	1	7331	1	10700	25000	incorrect	630
19	271	Port Input	1	5549478	17969	1
19	271	Response	3	5549478	17969	1
19	272	Picture	ITI	5550604	0	1	24658	1	0	next	other	0
19	273	Sound	test	5561165	0	1			0		other	0
19	273	Picture	response	5575262	14097	1	4332	1	14020	25000	incorrect	635
19	273	Port Input	2	5579474	18308	1
19	273	Response	4	5579474	18308	1
19	274	Picture	ITI	5580594	0	1	27324	1	0	next	other	0
19	275	Sound	test	5593835	0	1			0		other	0
19	275	Picture	response	5607918	14083	1	3999	1	14020	25000	incorrect	640
19	275	Port Input	2	5611844	18009	1
19	275	Response	4	5611844	18009	1
19	276	Picture	ITI	5612916	0	1	29157	1	0	next	other	0
19	277	Sound	test	5632028	0	1			0		other	0
19	277	Picture	response	5642073	10045	1	7164	1	10000	25000	incorrect	645
19	277	Port Input	1	5649148	17121	1
19	277	Response	3	5649148	17121	1
19	278	Picture	ITI	5650237	0	1	24992	1	0	next	other	0
19	279	Sound	test	5663618	0	1			0		other	0
19	279	Picture	response	5675228	11610	1	9330	1	11450	25000	incorrect	650
19	279	Port Input	2	5684454	20836	1
19	279	Response	4	5684454	20836	1
19	280	Picture	ITI	5685558	0	1	24658	1	0	next	other	0
19	281	Sound	test	5698589	0	1			0		other	0
19	281	Picture	response	5710216	11627	1	5331	1	11450	25000	incorrect	655
19	281	Port Input	1	5715429	16839	1
19	281	Response	3	5715429	16839	1
19	282	Picture	ITI	5716547	0	1	23825	1	0	next	other	0
19	283	Sound	test	5730329	0	1			0		other	0
19	283	Picture	response	5740373	10044	1	5332	1	10000	25000	incorrect	660
19	283	Port Input	1	5745591	15262	1
19	283	Response	3	5745591	15262	1
19	284	Picture	ITI	5746704	0	1	24825	1	0	next	other	0
19	285	Sound	test	5760015	0	1			0		other	0
19	285	Picture	response	5771529	11514	1	6331	1	11450	25000	incorrect	665
19	285	Port Input	1	5777690	17675	1
19	285	Response	3	5777690	17675	1
19	286	Picture	ITI	5778693	0	1	30156	1	0	next	other	0
19	287	Sound	test	5797974	0	1			0		other	0
19	287	Picture	response	5808849	10875	1	7997	1	10700	25000	incorrect	670
19	287	Port Input	1	5816650	18676	1
19	287	Response	3	5816650	18676	1
19	288	Picture	ITI	5817679	0	1	21326	1	0	next	other	0
19	289	Sound	test	5828241	0	1			0		other	0
19	289	Picture	response	5839006	10765	1	5831	1	10700	25000	incorrect	675
19	289	Port Input	1	5844710	16469	1
19	289	Response	3	5844710	16469	1
19	290	Picture	ITI	5845670	0	1	32822	1	0	next	other	0
19	291	Sound	test	5864431	0	1			0		other	0
19	291	Picture	response	5878492	14061	1	4998	1	14020	25000	incorrect	680
19	291	Port Input	2	5883430	18999	1
19	291	Response	4	5883430	18999	1
19	292	Picture	ITI	5884490	0	1	23492	1	0	next	other	0
19	293	Sound	test	5894781	0	1			0		other	0
19	293	Picture	response	5907982	13201	1	7497	1	13100	25000	incorrect	685
19	293	Port Input	2	5915404	20623	1
19	293	Response	4	5915404	20623	1
19	294	Picture	ITI	5916479	0	1	26324	1	0	next	other	0
19	295	Sound	test	5932690	0	1			0		other	0
19	295	Picture	response	5942803	10113	1	6831	1	10000	25000	incorrect	690
19	295	Port Input	1	5949513	16822	1
19	295	Response	3	5949513	16822	1
19	296	Picture	ITI	5950467	0	1	21326	1	0	next	other	0
19	297	Sound	test	5961729	0	1			0		other	0
19	297	Picture	response	5971794	10065	1	4832	1	10000	25000	incorrect	695
19	297	Port Input	1	5976510	14781	1
19	297	Response	3	5976510	14781	1
19	298	Picture	ITI	5977458	0	1	33155	1	0	next	other	0
19	299	Sound	test	5997419	0	1			0		other	0
19	299	Picture	response	6010614	13194	1	3499	1	13100	25000	incorrect	700
19	299	Port Input	2	6014023	16604	1
19	299	Response	4	6014023	16604	1
19	300	Picture	ITI	6015112	0	1	21159	1	0	next	other	0
19	301	Sound	test	6026103	0	1			0		other	0
19	301	Picture	response	6036272	10168	1	3665	1	10000	25000	incorrect	705
19	301	Port Input	1	6039844	13740	1
19	301	Response	3	6039844	13740	1
19	302	Picture	ITI	6040937	0	1	27491	1	0	next	other	0
19	303	Sound	test	6053358	0	1			0		other	0
19	303	Picture	response	6068427	15069	1	1999	1	15000	25000	incorrect	710
19	303	Port Input	2	6070381	17023	1
19	303	Response	4	6070381	17023	1
19	304	Picture	ITI	6071426	0	1	22492	1	0	next	other	0
19	305	Sound	test	6083047	0	1			0		other	0
19	305	Picture	response	6093918	10871	1	2499	1	10700	25000	incorrect	715
19	305	Port Input	2	6096348	13300	1
19	305	Response	4	6096348	13300	1
19	306	Picture	ITI	6097417	0	1	28490	1	0	next	other	0
19	307	Sound	test	6113589	0	1			0		other	0
19	307	Picture	response	6125908	12319	1	5998	1	12250	25000	incorrect	720
19	307	Port Input	2	6131799	18211	1
19	307	Response	4	6131799	18211	1
19	308	Picture	ITI	6132905	0	1	26658	1	0	next	other	0
19	309	Sound	test	6144417	0	1			0		other	0
19	309	Picture	response	6159563	15146	1	6331	1	15000	25000	incorrect	725
19	309	Port Input	1	6165762	21345	1
19	309	Response	3	6165762	21345	1
19	310	Picture	ITI	6166894	0	1	28990	1	0	next	other	0
19	311	Sound	test	6185085	0	1			0		other	0
19	311	Picture	response	6195884	10799	1	6831	1	10700	25000	incorrect	730
19	311	Port Input	1	6202515	17430	1
19	311	Response	3	6202515	17430	1
19	312	Picture	ITI	6203548	0	1	28157	1	0	next	other	0
19	313	Sound	test	6216669	0	1			0		other	0
19	313	Picture	response	6231705	15036	1	5831	1	15000	25000	incorrect	735
19	313	Port Input	1	6237477	20808	1
19	313	Response	3	6237477	20808	1
19	314	Picture	ITI	6238536	0	1	32156	1	0	next	other	0
19	315	Sound	test	6257477	0	1			0		other	0
19	315	Picture	response	6270691	13214	1	6831	1	13100	25000	incorrect	740
19	315	Port Input	2	6277395	19918	1
19	315	Response	4	6277395	19918	1
19	316	Picture	ITI	6278356	0	1	25658	1	0	next	other	0
19	317	Sound	test	6293957	0	1			0		other	0
19	317	Picture	response	6304013	10057	1	6498	1	10000	25000	incorrect	745
19	317	Port Input	1	6310379	16422	1
19	317	Response	3	6310379	16422	1
19	318	Picture	ITI	6311344	0	1	30490	1	0	next	other	0
19	319	Sound	test	6330285	0	1			0		other	0
19	319	Picture	response	6341834	11548	1	4498	1	11450	25000	incorrect	750
19	319	Port Input	2	6346153	15868	1
19	319	Response	4	6346153	15868	1
19	441	Picture	resume	7556919	0	1	19827	1	0	next	other	0
19	441	Port Input	1	7575328	18409	1
19	441	Response	3	7575328	18409	1
19	441A	Port Input	2	7576192	863	1
19	442	Picture	ITI	7576745	0	1	10163	1	0	next	other	0
19	443	Picture	ITI	7586909	0	1	24492	1	0	next	other	0
19	444	Sound	test	7598140	0	1			0		other	0
19	444	Picture	response	7611400	13260	1	10496	1	13100	25000	incorrect	760
19	444	Port Input	2	7621847	23707	1
19	444	Response	4	7621847	23707	1
19	445	Picture	ITI	7622896	0	1	22159	1	0	next	other	0
19	446	Sound	test	7634868	0	1			0		other	0
19	446	Picture	response	7645055	10188	1	15995	1	10000	25000	incorrect	765
19	446	Port Input	2	7660891	26023	1
19	446	Response	4	7660891	26023	1
19	447	Picture	ITI	7661883	0	1	28657	1	0	next	other	0
19	448	Sound	test	7679694	0	1			0		other	0
19	448	Picture	response	7690540	10846	1	19827	1	10700	25000	incorrect	770
19	448	Port Input	2	7710263	30568	1
19	448	Response	4	7710263	30568	1
19	449	Picture	ITI	7711366	0	1	28657	1	0	next	other	0
19	450	Sound	test	7725817	0	1			0		other	0
19	450	Picture	response	7740023	14206	1	6998	1	14020	25000	incorrect	775
19	450	Port Input	2	7746880	21063	1
19	450	Response	4	7746880	21063	1
19	451	Picture	ITI	7747854	0	1	25825	1	0	next	other	0
19	452	Sound	test	7763565	0	1			0		other	0
19	452	Picture	response	7773678	10113	1	5665	1	10000	25000	incorrect	780
19	452	Port Input	1	7779291	15727	1
19	452	Response	3	7779291	15727	1
19	453	Picture	ITI	7780343	0	1	28490	1	0	next	other	0
19	454	Sound	test	7793674	0	1			0		other	0
19	454	Picture	response	7808833	15159	1	4165	1	15000	25000	incorrect	785
19	454	Port Input	2	7812900	19226	1
19	454	Response	4	7812900	19226	1
19	455	Picture	ITI	7813998	0	1	27657	1	0	next	other	0
19	456	Sound	test	7831549	0	1			0		other	0
19	456	Picture	response	7841655	10106	1	4998	1	10000	25000	incorrect	790
19	456	Port Input	1	7846561	15012	1
19	456	Response	3	7846561	15012	1
19	457	Picture	ITI	7847653	0	1	22992	1	0	next	other	0
19	458	Sound	test	7859904	0	1			0		other	0
19	458	Picture	response	7870645	10741	1	3999	1	10700	25000	incorrect	795
19	458	Port Input	2	7874485	14581	1
19	458	Response	4	7874485	14581	1
19	459	Picture	ITI	7875477	0	1	28324	1	0	next	other	0
19	460	Sound	test	7888728	0	1			0		other	0
19	460	Picture	response	7903800	15072	1	1666	1	15000	25000	incorrect	800
19	460	Port Input	2	7905283	16554	1
19	460	Response	4	7905283	16554	1
19	461	Picture	ITI	7906300	0	1	25491	1	0	next	other	0
19	462	Sound	test	7919451	0	1			0		other	0
19	462	Picture	response	7931791	12340	1	3832	1	12250	25000	incorrect	805
19	462	Port Input	1	7935549	16098	1
19	462	Response	3	7935549	16098	1
19	463	Picture	ITI	7936622	0	1	32656	1	0	next	other	0
19	464	Sound	test	7955174	0	1			0		other	0
19	464	Picture	response	7969278	14104	1	4165	1	14020	25000	incorrect	810
19	464	Port Input	2	7973281	18107	1
19	464	Response	4	7973281	18107	1
19	465	Picture	ITI	7974276	0	1	25658	1	0	next	other	0
19	466	Sound	test	7985758	0	1			0		other	0
19	466	Picture	response	7999934	14177	1	7498	1	14020	25000	incorrect	815
19	466	Port Input	2	8007254	21496	1
19	466	Response	4	8007254	21496	1
19	467	Picture	ITI	8008265	0	1	27990	1	0	next	other	0
19	468	Sound	test	8024726	0	1			0		other	0
19	468	Picture	response	8036255	11529	1	4998	1	11450	25000	incorrect	820
19	468	Port Input	1	8041092	16365	1
19	468	Response	3	8041092	16365	1
19	469	Picture	ITI	8042253	0	1	26491	1	0	next	other	0
19	470	Sound	test	8058674	0	1			0		other	0
19	470	Picture	response	8068744	10070	1	9997	1	10000	25000	incorrect	825
19	470	Port Input	1	8078698	20024	1
19	470	Response	3	8078698	20024	1
19	471	Picture	ITI	8079740	0	1	26158	1	0	next	other	0
19	472	Sound	test	8095832	0	1			0		other	0
19	472	Picture	response	8105898	10067	1	5498	1	10000	25000	incorrect	830
19	472	Port Input	1	8111339	15507	1
19	472	Response	3	8111339	15507	1
19	473	Picture	ITI	8112396	0	1	30323	1	0	next	other	0
19	474	Sound	test	8127657	0	1			0		other	0
19	474	Picture	response	8142719	15062	1	1166	1	15000	25000	incorrect	835
19	474	Port Input	2	8143844	16187	1
19	474	Response	4	8143844	16187	1
19	475	Picture	ITI	8144885	0	1	27157	1	0	next	other	0
19	476	Sound	test	8159636	0	1			0		other	0
19	476	Picture	response	8172042	12406	1	6831	1	12250	25000	incorrect	840
19	476	Port Input	2	8178764	19128	1
19	476	Response	4	8178764	19128	1
19	477	Picture	ITI	8179873	0	1	25158	1	0	next	other	0
19	478	Sound	test	8191794	0	1			0		other	0
19	478	Picture	response	8205031	13237	1	4498	1	13100	25000	incorrect	845
19	478	Port Input	2	8209406	17612	1
19	478	Response	4	8209406	17612	1
19	479	Picture	ITI	8210529	0	1	21493	1	0	next	other	0
19	480	Sound	test	8221930	0	1			0		other	0
19	480	Picture	response	8232022	10091	1	4332	1	10000	25000	incorrect	850
19	480	Port Input	1	8236216	14285	1
19	480	Response	3	8236216	14285	1
19	481	Picture	ITI	8237353	0	1	32156	1	0	next	other	0
19	482	Sound	test	8257164	0	1			0		other	0
19	482	Picture	response	8269509	12344	1	5498	1	12250	25000	incorrect	855
19	482	Port Input	1	8274832	17668	1
19	482	Response	3	8274832	17668	1
19	483	Picture	ITI	8275840	0	1	30323	1	0	next	other	0
19	484	Sound	test	8291071	0	1			0		other	0
19	484	Picture	response	8306163	15092	1	3665	1	15000	25000	incorrect	860
19	484	Port Input	2	8309701	18629	1
19	484	Response	4	8309701	18629	1
19	485	Picture	ITI	8310828	0	1	26658	1	0	next	other	0
19	486	Sound	test	8322369	0	1			0		other	0
19	486	Picture	response	8337486	15116	1	6498	1	15000	25000	incorrect	865
19	486	Port Input	2	8343903	21534	1
19	486	Response	4	8343903	21534	1
19	487	Picture	ITI	8344983	0	1	24492	1	0	next	other	0
19	488	Sound	test	8356314	0	1			0		other	0
19	488	Picture	response	8369475	13160	1	5831	1	13100	25000	incorrect	870
19	488	Port Input	1	8375200	18886	1
19	488	Response	3	8375200	18886	1
19	489	Picture	ITI	8376306	0	1	29323	1	0	next	other	0
19	490	Sound	test	8394837	0	1			0		other	0
19	490	Picture	response	8405629	10792	1	5998	1	10700	25000	incorrect	875
19	490	Port Input	1	8411485	16648	1
19	490	Response	3	8411485	16648	1
19	491	Picture	ITI	8412460	0	1	29490	1	0	next	other	0
19	492	Sound	test	8426901	0	1			0		other	0
19	492	Picture	response	8441950	15049	1	3665	1	15000	25000	incorrect	880
19	492	Port Input	2	8445562	18661	1
19	492	Response	4	8445562	18661	1
19	493	Picture	ITI	8446615	0	1	27491	1	0	next	other	0
19	494	Sound	test	8463256	0	1			0		other	0
19	494	Picture	response	8474106	10849	1	4498	1	10700	25000	incorrect	885
19	494	Port Input	1	8478462	15206	1
19	494	Response	3	8478462	15206	1
19	495	Picture	ITI	8479437	0	1	25491	1	0	next	other	0
19	496	Sound	test	8491798	0	1			0		other	0
19	496	Picture	response	8504928	13130	1	2666	1	13100	25000	incorrect	890
19	496	Port Input	2	8507459	15660	1
19	496	Response	4	8507459	15660	1
19	497	Picture	ITI	8508427	0	1	24658	1	0	next	other	0
19	498	Sound	test	8520748	0	1			0		other	0
19	498	Picture	response	8533085	12337	1	4499	1	12250	25000	incorrect	895
19	498	Port Input	1	8537538	16789	1
19	498	Response	3	8537538	16789	1
19	499	Picture	ITI	8538584	0	1	25825	1	0	next	other	0
19	500	Sound	test	8554285	0	1			0		other	0
19	500	Picture	response	8564408	10123	1	4165	1	10000	25000	incorrect	900
19	500	Port Input	1	8568408	14123	1
19	500	Response	3	8568408	14123	1
19	501	Picture	ITI	8569406	0	1	31656	1	0	next	other	0
19	502	Sound	test	8586878	0	1			0		other	0
19	502	Picture	response	8601062	14185	1	7164	1	14020	25000	incorrect	905
19	502	Port Input	2	8608149	21272	1
19	502	Response	4	8608149	21272	1
19	503	Picture	ITI	8609226	0	1	30989	1	0	next	other	0
19	504	Sound	test	8626947	0	1			0		other	0
19	504	Picture	response	8640216	13268	1	9663	1	13100	25000	incorrect	910
19	504	Port Input	2	8649816	22869	1
19	504	Response	4	8649816	22869	1
19	505	Picture	ITI	8650878	0	1	25658	1	0	next	other	0
19	506	Sound	test	8661450	0	1			0		other	0
19	506	Picture	response	8676536	15087	1	21159	1	15000	25000	incorrect	915
19	506	Port Input	2	8697606	36156	1
19	506	Response	4	8697606	36156	1
19	507	Picture	ITI	8698696	0	1	27491	1	0	next	other	0
19	508	Sound	test	8712137	0	1			0		other	0
19	508	Picture	response	8726186	14049	1	9164	1	14020	25000	incorrect	920
19	508	Port Input	2	8735275	23138	1
19	508	Response	4	8735275	23138	1
19	509	Picture	ITI	8736349	0	1	28157	1	0	next	other	0
19	510	Sound	test	8751251	0	1			0		other	0
19	510	Picture	response	8764506	13256	1	5498	1	13100	25000	incorrect	925
19	510	Port Input	2	8769904	18653	1
19	510	Response	4	8769904	18653	1
19	511	Picture	ITI	8771004	0	1	29157	1	0	next	other	0
19	512	Sound	test	8786035	0	1			0		other	0
19	512	Picture	response	8800161	14125	1	11496	1	14020	25000	incorrect	930
19	512	Port Input	2	8811582	25546	1
19	512	Response	4	8811582	25546	1
19	513	Picture	ITI	8812657	0	1	27157	1	0	next	other	0
19	514	Sound	test	8827498	0	1			0		other	0
19	514	Picture	response	8839814	12316	1	5665	1	12250	25000	incorrect	935
19	514	Port Input	1	8845409	17911	1
19	514	Response	3	8845409	17911	1
19	515	Picture	ITI	8846478	0	1	26991	1	0	next	other	0
19	516	Sound	test	8859380	0	1			0		other	0
19	516	Picture	response	8873469	14090	1	5332	1	14020	25000	incorrect	940
19	516	Port Input	1	8878757	19377	1
19	516	Response	3	8878757	19377	1
19	517	Picture	ITI	8879800	0	1	28324	1	0	next	other	0
19	518	Sound	test	8895762	0	1			0		other	0
19	518	Picture	response	8908124	12362	1	10830	1	12250	25000	incorrect	945
19	518	Port Input	2	8918811	23049	1
19	518	Response	4	8918811	23049	1
19	519	Picture	ITI	8919953	0	1	26491	1	0	next	other	0
19	520	Sound	test	8934015	0	1			0		other	0
19	520	Picture	response	8946444	12430	1	5498	1	12250	25000	incorrect	950
19	520	Port Input	1	8951899	17884	1
19	520	Response	3	8951899	17884	1
19	521	Picture	ITI	8952942	0	1	22492	1	0	next	other	0
19	522	Sound	test	8963863	0	1			0		other	0
19	522	Picture	response	8975434	11571	1	6831	1	11450	25000	incorrect	955
19	522	Port Input	1	8982092	18229	1
19	522	Response	3	8982092	18229	1
19	523	Picture	ITI	8983265	0	1	25491	1	0	next	other	0
19	524	Sound	test	8997876	0	1			0		other	0
19	524	Picture	response	9008756	10880	1	5498	1	10700	25000	incorrect	960
19	524	Port Input	1	9014191	16315	1
19	524	Response	3	9014191	16315	1
19	525	Picture	ITI	9015254	0	1	32656	1	0	next	other	0
19	526	Sound	test	9034655	0	1			0		other	0
19	526	Picture	response	9047910	13254	1	9830	1	13100	25000	incorrect	965
19	526	Port Input	1	9057555	22900	1
19	526	Response	3	9057555	22900	1
19	527	Picture	ITI	9058573	0	1	30323	1	0	next	other	0
19	528	Sound	test	9076464	0	1			0		other	0
19	528	Picture	response	9088896	12432	1	4832	1	12250	25000	incorrect	970
19	528	Port Input	2	9093600	17136	1
19	528	Response	4	9093600	17136	1
19	529	Picture	ITI	9094727	0	1	34655	1	0	next	other	0
19	530	Sound	test	9114268	0	1			0		other	0
19	530	Picture	response	9129382	15114	1	2999	1	15000	25000	incorrect	975
19	530	Port Input	2	9132248	17980	1
19	530	Response	4	9132248	17980	1
19	531	Picture	ITI	9133214	0	1	31989	1	0	next	other	0
19	532	Sound	test	9151135	0	1			0		other	0
19	532	Picture	response	9165203	14068	1	3499	1	14020	25000	incorrect	980
19	532	Port Input	2	9168658	17523	1
19	532	Response	4	9168658	17523	1
19	533	Picture	ITI	9169701	0	1	28490	1	0	next	other	0
19	534	Sound	test	9184943	0	1			0		other	0
19	534	Picture	response	9198192	13249	1	11663	1	13100	25000	incorrect	985
19	534	Port Input	2	9209731	24789	1
19	534	Response	4	9209731	24789	1
19	535	Picture	ITI	9210854	0	1	26991	1	0	next	other	0
19	536	Sound	test	9226365	0	1			0		other	0
19	536	Picture	response	9237845	11480	1	7497	1	11450	25000	incorrect	990
19	536	Port Input	1	9245287	18922	1
19	536	Response	3	9245287	18922	1
19	537	Picture	ITI	9246342	0	1	27491	1	0	next	other	0
19	538	Sound	test	9262943	0	1			0		other	0
19	538	Picture	response	9273832	10889	1	7831	1	10700	25000	incorrect	995
19	538	Port Input	2	9281530	18587	1
19	538	Response	4	9281530	18587	1
19	539	Picture	ITI	9282663	0	1	26824	1	0	next	other	0
19	539	Port Input	2	9282821	158	1
19	539	Response	4	9282821	158	1
19	540	Sound	test	9296204	0	1			0		other	0
19	540	Picture	response	9309487	13283	1	11496	1	13100	25000	incorrect	1002
19	540	Port Input	2	9320854	24650	1
19	540	Response	4	9320854	24650	1
19	541	Picture	ITI	9321816	0	1	28990	1	0	next	other	0
19	542	Sound	test	9336607	0	1			0		other	0
19	542	Picture	response	9350806	14199	1	3832	1	14020	25000	incorrect	1007
19	542	Port Input	2	9354588	17981	1
19	542	Response	4	9354588	17981	1
19	543	Picture	ITI	9355638	0	1	28157	1	0	next	other	0
19	544	Sound	test	9370519	0	1			0		other	0
19	544	Picture	response	9383795	13276	1	9330	1	13100	25000	incorrect	1012
19	544	Port Input	2	9393080	22561	1
19	544	Response	4	9393080	22561	1
19	545	Picture	ITI	9394125	0	1	27324	1	0	next	other	0
19	546	Sound	test	9409116	0	1			0		other	0
19	546	Picture	response	9421449	12333	1	6998	1	12250	25000	incorrect	1017
19	546	Port Input	1	9428302	19186	1
19	546	Response	3	9428302	19186	1
19	547	Picture	ITI	9429446	0	1	26824	1	0	next	other	0
19	548	Sound	test	9445467	0	1			0		other	0
19	548	Picture	response	9456270	10803	1	6165	1	10700	25000	incorrect	1022
19	548	Port Input	1	9462390	16922	1
19	548	Response	3	9462390	16922	1
19	549	Picture	ITI	9463434	0	1	24325	1	0	next	other	0
19	550	Sound	test	9476875	0	1			0		other	0
19	550	Picture	response	9487759	10884	1	6498	1	10700	25000	incorrect	1027
19	550	Port Input	1	9494051	17176	1
19	550	Response	3	9494051	17176	1
19	551	Picture	ITI	9495090	0	1	28824	1	0	next	other	0
19	552	Sound	test	9513151	0	1			0		other	0
19	552	Picture	response	9523914	10762	1	25158	1	10700	25000	miss	0
19	553	Picture	ITI	9549238	0	1	32989	1	0	next	other	0
19	553	Port Input	2	9553043	3805	1
19	553	Response	4	9553043	3805	1
19	553	Port Input	2	9564309	15070	1
19	553	Response	4	9564309	15070	1
19	554	Sound	test	9567060	0	1			0		other	0
19	554	Picture	response	9582227	15168	1	3665	1	15000	25000	incorrect	1039
19	554	Port Input	2	9585715	18655	1
19	554	Response	4	9585715	18655	1
19	555	Picture	ITI	9586726	0	1	20160	1	0	next	other	0
19	556	Sound	test	9596807	0	2			0		other	0
19	556	Picture	response	9606885	10078	1	5998	1	10000	25000	incorrect	1044
19	556	Port Input	1	9612754	15947	1
19	556	Response	3	9612754	15947	1
19	557	Picture	ITI	9613716	0	1	22992	1	0	next	other	0
19	558	Sound	test	9625108	0	1			0		other	0
19	558	Picture	response	9636709	11601	1	12162	1	11450	25000	incorrect	1049
19	558	Port Input	2	9648809	23701	1
19	558	Response	4	9648809	23701	1
19	559	Picture	ITI	9649871	0	1	28657	1	0	next	other	0
19	560	Sound	test	9668402	0	1			0		other	0
19	560	Picture	response	9678528	10126	1	7997	1	10000	25000	incorrect	1054
19	560	Port Input	1	9686343	17941	1
19	560	Response	3	9686343	17941	1
19	561	Picture	ITI	9687358	0	1	31156	1	0	next	other	0
19	562	Sound	test	9706939	0	1			0		other	0
19	562	Picture	response	9718514	11575	1	9164	1	11450	25000	incorrect	1059
19	562	Port Input	2	9727594	20655	1
19	562	Response	4	9727594	20655	1
19	563	Picture	ITI	9728677	0	1	32156	1	0	next	other	0
19	564	Sound	test	9745738	0	1			0		other	0
19	564	Picture	response	9760833	15094	1	4832	1	15000	25000	incorrect	1064
19	564	Port Input	2	9765513	19774	1
19	564	Response	4	9765513	19774	1
19	565	Picture	ITI	9766498	0	1	33489	1	0	next	other	0
19	566	Sound	test	9784909	0	1			0		other	0
19	566	Picture	response	9799986	15077	1	5498	1	15000	25000	incorrect	1069
19	566	Port Input	2	9805399	20491	1
19	566	Response	4	9805399	20491	1
19	567	Picture	ITI	9806484	0	1	26658	1	0	next	other	0
19	568	Sound	test	9819945	0	1			0		other	0
19	568	Picture	response	9833141	13196	1	6165	1	13100	25000	incorrect	1074
19	568	Port Input	1	9839123	19177	1
19	568	Response	3	9839123	19177	1
19	569	Picture	ITI	9840139	0	1	22492	1	0	next	other	0
19	570	Sound	test	9851050	0	1			0		other	0
19	570	Picture	response	9862631	11581	1	7997	1	11450	25000	incorrect	1079
19	570	Port Input	1	9870514	19463	1
19	570	Response	3	9870514	19463	1
19	571	Picture	ITI	9871628	0	1	24658	1	0	next	other	0
19	572	Sound	test	9883849	0	1			0		other	0
19	572	Picture	response	9896286	12437	1	7831	1	12250	25000	incorrect	1084
19	572	Port Input	2	9903997	20148	1
19	572	Response	4	9903997	20148	1
19	573	Picture	ITI	9905117	0	1	29490	1	0	next	other	0
19	574	Sound	test	9919418	0	1			0		other	0
19	574	Picture	response	9934607	15189	1	4665	1	15000	25000	incorrect	1089
19	574	Port Input	2	9939136	19718	1
19	574	Response	4	9939136	19718	1
19	575	Picture	ITI	9940105	0	1	20993	1	0	next	other	0
19	576	Sound	test	9951026	0	1			0		other	0
19	576	Picture	response	9961098	10072	1	5332	1	10000	25000	incorrect	1094
19	576	Port Input	1	9966290	15264	1
19	576	Response	3	9966290	15264	1
19	577	Picture	ITI	9967429	0	1	26158	1	0	next	other	0
19	578	Sound	test	9978460	0	1			0		other	0
19	578	Picture	response	9993587	15127	1	4832	1	15000	25000	incorrect	1099
19	578	Port Input	2	9998337	19877	1
19	578	Response	4	9998337	19877	1
19	579	Picture	ITI	9999418	0	1	31822	1	0	next	other	0
19	580	Sound	test	10017089	0	1			0		other	0
19	580	Picture	response	10031240	14151	1	12662	1	14020	25000	incorrect	1104
19	580	Port Input	2	10043773	26684	1
19	580	Response	4	10043773	26684	1
19	581	Picture	ITI	10044902	0	1	24991	1	0	next	other	0
19	582	Sound	test	10058364	0	1			0		other	0
19	582	Picture	response	10069894	11530	1	6664	1	11450	25000	incorrect	1109
19	582	Port Input	1	10076361	17997	1
19	582	Response	3	10076361	17997	1
19	583	Picture	ITI	10077391	0	1	29490	1	0	next	other	0
19	584	Sound	test	10096843	0	1			0		other	0
19	584	Picture	response	10106881	10039	1	25158	1	10000	25000	miss	0
19	585	Picture	ITI	10132206	0	1	29323	1	0	next	other	0
19	585	Port Input	2	10135676	3470	1
19	585	Response	4	10135676	3470	1
19	585	Port Input	2	10137550	5344	1
19	585	Response	4	10137550	5344	1
19	585	Port Input	1	10144141	11935	1
19	585	Response	3	10144141	11935	1
19	586	Sound	test	10149157	0	1			0		other	0
19	586	Picture	response	10161529	12372	1	10163	1	12250	25000	incorrect	1123
19	586	Port Input	2	10171492	22335	1
19	586	Response	4	10171492	22335	1
19	587	Picture	ITI	10172525	0	1	30989	1	0	next	other	0
19	588	Sound	test	10189367	0	1			0		other	0
19	588	Picture	response	10203515	14148	1	5831	1	14020	25000	incorrect	1128
19	588	Port Input	2	10209161	19794	1
19	588	Response	4	10209161	19794	1
19	589	Picture	ITI	10210179	0	1	29323	1	0	next	other	0
19	590	Sound	test	10224351	0	1			0		other	0
19	590	Picture	response	10239503	15152	1	4165	1	15000	25000	incorrect	1133
19	590	Port Input	2	10243603	19252	1
19	590	Response	4	10243603	19252	1
19	591	Picture	ITI	10244668	0	1	21326	1	0	next	other	0
19	592	Sound	test	10255129	0	1			0		other	0
19	592	Picture	response	10265994	10865	1	6498	1	10700	25000	incorrect	1138
19	592	Port Input	1	10272286	17158	1
19	592	Response	3	10272286	17158	1
19	593	Picture	ITI	10273324	0	1	23159	1	0	next	other	0
19	594	Sound	test	10284846	0	1			0		other	0
19	594	Picture	response	10296483	11637	1	5831	1	11450	25000	incorrect	1143
19	594	Port Input	1	10302251	17405	1
19	594	Response	3	10302251	17405	1
19	595	Picture	ITI	10303314	0	1	29823	1	0	next	other	0
19	596	Sound	test	10320835	0	1			0		other	0
19	596	Picture	response	10333137	12302	1	5165	1	12250	25000	incorrect	1148
19	596	Port Input	1	10338129	17294	1
19	596	Response	3	10338129	17294	1
19	597	Picture	ITI	10339135	0	1	28324	1	0	next	other	0
19	598	Sound	test	10356577	0	1			0		other	0
19	598	Picture	response	10367459	10882	1	3999	1	10700	25000	incorrect	1153
19	598	Port Input	2	10371374	14797	1
19	598	Response	4	10371374	14797	1
19	599	Picture	ITI	10372457	0	1	22492	1	0	next	other	0
19	600	Sound	test	10384858	0	1			0		other	0
19	600	Picture	response	10394950	10091	1	5331	1	10000	25000	incorrect	1158
19	600	Port Input	1	10400214	15355	1
19	600	Response	3	10400214	15355	1
19	601	Picture	ITI	10401281	0	1	27824	1	0	next	other	0
19	602	Sound	test	10415862	0	1			0		other	0
19	602	Picture	response	10429105	13243	1	8997	1	13100	25000	incorrect	1163
19	602	Port Input	1	10437925	22063	1
19	602	Response	3	10437925	22063	1
19	603	Picture	ITI	10438934	0	1	28657	1	0	next	other	0
19	604	Sound	test	10452406	0	1			0		other	0
19	604	Picture	response	10467591	15186	1	3665	1	15000	25000	incorrect	1168
19	604	Port Input	2	10471179	18773	1
19	604	Response	4	10471179	18773	1
19	605	Picture	ITI	10472256	0	1	26324	1	0	next	other	0
19	606	Sound	test	10483528	0	1			0		other	0
19	606	Picture	response	10498581	15053	1	8164	1	15000	25000	incorrect	1173
19	606	Port Input	2	10506610	23082	1
19	606	Response	4	10506610	23082	1
19	607	Picture	ITI	10507744	0	1	29490	1	0	next	other	0
19	608	Sound	test	10527076	0	1			0		other	0
19	608	Picture	response	10537234	10159	1	5498	1	10000	25000	incorrect	1178
19	608	Port Input	1	10542655	15579	1
19	608	Response	3	10542655	15579	1
19	609	Picture	ITI	10543732	0	1	28157	1	0	next	other	0
19	610	Sound	test	10557713	0	1			0		other	0
19	610	Picture	response	10571889	14176	1	8830	1	14020	25000	incorrect	1183
19	610	Port Input	2	10580647	22934	1
19	610	Response	4	10580647	22934	1
19	611	Picture	ITI	10581719	0	1	20326	1	0	next	other	0
19	612	Sound	test	10591940	0	1			0		other	0
19	612	Picture	response	10602045	10105	1	6498	1	10000	25000	incorrect	1188
19	612	Port Input	1	10608467	16526	1
19	612	Response	3	10608467	16526	1
19	613	Picture	ITI	10609543	0	1	27157	1	0	next	other	0
19	614	Sound	test	10621584	0	1			0		other	0
19	614	Picture	response	10636700	15116	1	4165	1	15000	25000	incorrect	1193
19	614	Port Input	2	10640670	19085	1
19	614	Response	4	10640670	19085	1
19	615	Picture	ITI	10641699	0	1	31156	1	0	next	other	0
19	616	Sound	test	10658800	0	1			0		other	0
19	616	Picture	response	10672855	14055	1	3832	1	14020	25000	incorrect	1198
19	616	Port Input	2	10676517	17717	1
19	616	Response	4	10676517	17717	1
19	617	Picture	ITI	10677520	0	1	30156	1	0	next	other	0
19	618	Sound	test	10693491	0	1			0		other	0
19	618	Picture	response	10707676	14185	1	4832	1	14020	25000	incorrect	1203
19	618	Port Input	2	10712322	18831	1
19	618	Response	4	10712322	18831	1
19	619	Picture	ITI	10713341	0	1	20660	1	0	next	other	0
19	620	Sound	test	10723972	0	1			0		other	0
19	620	Picture	response	10734000	10028	1	5665	1	10000	25000	incorrect	1208
19	620	Port Input	1	10739622	15650	1
19	620	Response	3	10739622	15650	1
19	621	Picture	ITI	10740665	0	1	32656	1	0	next	other	0
19	622	Sound	test	10760076	0	1			0		other	0
19	622	Picture	response	10773320	13244	1	9164	1	13100	25000	incorrect	1213
19	622	Port Input	2	10782340	22264	1
19	622	Response	4	10782340	22264	1
19	623	Picture	ITI	10783317	0	1	29490	1	0	next	other	0
19	624	Sound	test	10801228	0	1			0		other	0
19	624	Picture	response	10812807	11579	1	4498	1	11450	25000	incorrect	1218
19	624	Port Input	2	10817105	15877	1
19	624	Response	4	10817105	15877	1
19	625	Picture	ITI	10818138	0	1	24991	1	0	next	other	0
19	626	Sound	test	10832360	0	1			0		other	0
19	626	Picture	response	10843130	10770	1	5165	1	10700	25000	incorrect	1223
19	626	Port Input	1	10848173	15813	1
19	626	Response	3	10848173	15813	1
19	627	Picture	ITI	10849294	0	1	23492	1	0	next	other	0
19	628	Sound	test	10861286	0	1			0		other	0
19	628	Picture	response	10872786	11501	1	6664	1	11450	25000	incorrect	1228
19	628	Port Input	1	10879304	18018	1
19	628	Response	3	10879304	18018	1
19	629	Picture	ITI	10880284	0	1	30490	1	0	next	other	0
19	630	Sound	test	10898335	0	1			0		other	0
19	630	Picture	response	10910773	12438	1	7331	1	12250	25000	incorrect	1233
19	630	Port Input	2	10918014	19679	1
19	630	Response	4	10918014	19679	1
19	631	Picture	ITI	10919104	0	1	26158	1	0	next	other	0
19	632	Sound	test	10935115	0	1			0		other	0
19	632	Picture	response	10945262	10147	1	6664	1	10000	25000	incorrect	1238
19	632	Port Input	1	10951768	16653	1
19	632	Response	3	10951768	16653	1
19	633	Picture	ITI	10952926	0	1	28157	1	0	next	other	0
19	634	Sound	test	10970907	0	1			0		other	0
19	634	Picture	response	10981083	10176	1	7164	1	10000	25000	incorrect	1243
19	634	Port Input	1	10988063	17156	1
19	634	Response	3	10988063	17156	1
19	635	Picture	ITI	10989080	0	1	27657	1	0	next	other	0
19	636	Sound	test	11006001	0	1			0		other	0
19	636	Picture	response	11016737	10736	1	5332	1	10700	25000	incorrect	1248
19	636	Port Input	1	11021932	15931	1
19	636	Response	3	11021932	15931	1
19	637	Picture	ITI	11022902	0	1	25991	1	0	next	other	0
19	638	Sound	test	11035763	0	1			0		other	0
19	638	Picture	response	11048893	13130	1	4832	1	13100	25000	incorrect	1253
19	638	Port Input	2	11053625	17862	1
19	638	Response	4	11053625	17862	1
19	639	Picture	ITI	11054724	0	1	30490	1	0	next	other	0
19	640	Sound	test	11073715	0	1			0		other	0
19	640	Picture	response	11085214	11498	1	6498	1	11450	25000	incorrect	1258
19	640	Port Input	2	11091628	17912	1
19	640	Response	4	11091628	17912	1
19	641	Picture	ITI	11092711	0	1	26158	1	0	next	other	0
19	642	Sound	test	11108732	0	1			0		other	0
19	642	Picture	response	11118869	10136	1	21826	1	10000	25000	incorrect	1263
19	642	Port Input	2	11140593	31861	1
19	642	Response	4	11140593	31861	1
19	643	Picture	ITI	11141694	0	1	29657	1	0	next	other	0
19	644	Sound	test	11157166	0	1			0		other	0
19	644	Picture	response	11171351	14185	1	4498	1	14020	25000	incorrect	1268
19	644	Port Input	2	11175649	18483	1
19	644	Response	4	11175649	18483	1
19	645	Picture	ITI	11176683	0	1	27991	1	0	next	other	0
19	646	Sound	test	11192274	0	1			0		other	0
19	646	Picture	response	11204673	12399	1	7331	1	12250	25000	incorrect	1273
19	646	Port Input	2	11211955	19681	1
19	646	Response	4	11211955	19681	1
19	647	Picture	ITI	11213003	0	1	21659	1	0	next	other	0
19	648	Sound	test	11223075	0	1			0		other	0
19	648	Picture	response	11234663	11588	1	19160	1	11450	25000	incorrect	1278
19	648	Port Input	2	11253778	30703	1
19	648	Response	4	11253778	30703	1
19	649	Picture	ITI	11254823	0	1	26658	1	0	next	other	0
19	650	Sound	test	11268254	0	1			0		other	0
19	650	Picture	response	11281480	13226	1	8331	1	13100	25000	incorrect	1283
19	650	Port Input	2	11289760	21506	1
19	650	Response	4	11289760	21506	1
19	651	Picture	ITI	11290810	0	1	26658	1	0	next	other	0
19	652	Sound	test	11302321	0	1			0		other	0
19	652	Picture	response	11317468	15146	1	4332	1	15000	25000	incorrect	1288
19	652	Port Input	2	11321724	19403	1
19	652	Response	4	11321724	19403	1
19	653	Picture	ITI	11322799	0	1	28657	1	0	next	other	0
19	654	Sound	test	11339101	0	1			0		other	0
19	654	Picture	response	11351456	12356	1	6331	1	12250	25000	incorrect	1293
19	654	Port Input	1	11357665	18564	1
19	654	Response	3	11357665	18564	1
19	655	Picture	ITI	11358787	0	1	32322	1	0	next	other	0
19	656	Sound	test	11376078	0	1			0		other	0
19	656	Picture	response	11391109	15031	1	5665	1	15000	25000	incorrect	1298
19	656	Port Input	2	11396604	20526	1
19	656	Response	4	11396604	20526	1
19	657	Picture	ITI	11397607	0	1	24492	1	0	next	other	0
19	658	Sound	test	11411258	0	1			0		other	0
19	658	Picture	response	11422099	10840	1	6331	1	10700	25000	incorrect	1303
19	658	Port Input	1	11428370	17112	1
19	658	Response	3	11428370	17112	1
19	659	Picture	ITI	11429430	0	1	31156	1	0	next	other	0
19	660	Sound	test	11449031	0	1			0		other	0
19	660	Picture	response	11460586	11555	1	4998	1	11450	25000	incorrect	1308
19	660	Port Input	1	11465540	16509	1
19	660	Response	3	11465540	16509	1
19	661	Picture	ITI	11466584	0	1	29823	1	0	next	other	0
19	662	Sound	test	11485555	0	1			0		other	0
19	662	Picture	response	11496407	10852	1	10663	1	10700	25000	incorrect	1313
19	662	Port Input	1	11506895	21340	1
19	662	Response	3	11506895	21340	1
19	663	Picture	ITI	11507903	0	1	23825	1	0	next	other	0
19	664	Sound	test	11520144	0	1			0		other	0
19	664	Picture	response	11531728	11584	1	8830	1	11450	25000	incorrect	1318
19	664	Port Input	1	11540441	20297	1
19	664	Response	3	11540441	20297	1
19	665	Picture	ITI	11541391	0	1	27491	1	0	next	other	0
19	666	Sound	test	11558722	0	1			0		other	0
19	666	Picture	response	11568882	10159	1	7331	1	10000	25000	incorrect	1323
19	666	Port Input	1	11576163	17441	1
19	666	Response	3	11576163	17441	1
19	667	Picture	ITI	11577212	0	1	28324	1	0	next	other	0
19	668	Sound	test	11590394	0	1			0		other	0
19	668	Picture	response	11605536	15142	1	4998	1	15000	25000	incorrect	1328
19	668	Port Input	2	11610344	19951	1
19	668	Response	4	11610344	19951	1
19	669	Picture	ITI	11611534	0	1	27657	1	0	next	other	0
19	670	Sound	test	11627685	0	1			0		other	0
19	670	Picture	response	11639191	11506	1	5332	1	11450	25000	incorrect	1333
19	670	Port Input	1	11644474	16789	1
19	670	Response	3	11644474	16789	1
19	671	Picture	ITI	11645522	0	1	24492	1	0	next	other	0
19	672	Sound	test	11659914	0	1			0		other	0
19	672	Picture	response	11670014	10100	1	20160	1	10000	25000	incorrect	1338
19	672	Port Input	2	11689993	30080	1
19	672	Response	4	11689993	30080	1
19	673	Picture	ITI	11691007	0	1	20160	1	0	next	other	0
19	674	Picture	Instruction	11711167	0	1	156717	1	0	next	other	0
19	674	Quit		11862351	151184	NA


{
   "app": "Presentation Version 20.2 Build 07.25.18",
   "device": "LENOVO 10A8S1PC00",
   "experiment": "{772213B2-5F0F-4A35-9C2F-36954700C7EA}",
   "os": "Windows 7 64 bit",
   "package": "",
   "parameters": {
      "configuration": "Default configuration"
   },
   "scenario": "Timing Task with Dynanometer.sce",
   "subject": "19",
   "timestamp": "2019/03/09 02:50:17 GMT"
}
