Scenario - Timing Task
Logfile written - 03/14/2019 15:26:49

Subject	Trial	Event Type	Code	Time	TTime	Uncertainty	Duration	Uncertainty	ReqTime	ReqDur	Stim Type	Pair Index

20	1	Picture	Instruction	999	0	1	214925	1	0	next	other	0
20	1	Response	1	210764	209765	0
20	2	Picture	ITI	215924	0	1	10830	1	0	next	other	0
20	3	Sound	Stimuli	225940	0	769			0		other	0
20	4	Picture	Feedback	256576	0	1	20160	1	0	next	other	0
20	5	Picture	ITI	276736	0	1	10163	1	0	next	other	0
20	6	Sound	Stimuli	286737	0	1			0		other	0
20	7	Picture	Feedback	321720	0	1	20160	1	0	next	other	0
20	8	Picture	ITI	341880	0	1	10163	1	0	next	other	0
20	9	Sound	Stimuli	351881	0	1			0		other	0
20	10	Picture	Feedback	382032	0	1	20160	1	0	next	other	0
20	11	Picture	ITI	402192	0	1	10163	1	0	next	other	0
20	12	Sound	Stimuli	412193	0	1			0		other	0
20	13	Picture	Feedback	447176	0	1	20160	1	0	next	other	0
20	14	Picture	ITI	467336	0	1	10163	1	0	next	other	0
20	15	Sound	Stimuli	477337	0	1			0		other	0
20	16	Picture	Feedback	507322	0	1	20160	1	0	next	other	0
20	17	Picture	ITI	527481	0	1	10163	1	0	next	other	0
20	18	Sound	Stimuli	537483	0	1			0		other	0
20	19	Picture	Feedback	572632	0	1	20160	1	0	next	other	0
20	20	Picture	ITI	592792	0	1	10163	1	0	next	other	0
20	21	Sound	Stimuli	602793	0	1			0		other	0
20	22	Picture	Feedback	632778	0	1	20160	1	0	next	other	0
20	23	Picture	ITI	652937	0	1	10163	1	0	next	other	0
20	24	Sound	Stimuli	662939	0	1			0		other	0
20	25	Picture	Feedback	698088	0	1	20160	1	0	next	other	0
20	26	Picture	ITI	718248	0	1	10163	1	0	next	other	0
20	27	Sound	Stimuli	728249	0	1			0		other	0
20	28	Picture	Feedback	758400	0	1	20160	1	0	next	other	0
20	29	Picture	ITI	778560	0	1	10163	1	0	next	other	0
20	30	Sound	Stimuli	788561	0	1			0		other	0
20	31	Picture	Feedback	823711	0	1	20326	1	0	next	other	0
20	32	Picture	End_Block	844037	0	1	82638	1	0	next	other	0
20	32	Response	1	926589	82552	0
20	33	Picture	ITI	926675	0	1	10163	1	0	next	other	0
20	34	Picture	Break	936838	0	1	20326	1	0	next	other	0
20	34	Response	1	957068	20230	0
20	35	Picture	ITI	957164	0	1	10163	1	0	next	other	0
20	36	Picture	Instruction	967327	0	1	51649	1	0	next	other	0
20	36	Response	1	1013786	46459	0
20	37	Picture	ITI	1018976	0	1	30989	1	0	next	other	0
20	38	Sound	Practice	1034857	0	1			0		other	0
20	38	Port Input	1	1049350	14493	1
20	38	Picture	response	1049965	15108	1	11163	1	15000	25000	hit	46
20	38	Port Input	1	1061063	26206	1
20	38	Response	3	1061063	26206	1
20	39	Picture	ITI	1071124	0	1	34155	1	0	next	other	0
20	40	Sound	Practice	1090105	0	1			0		other	0
20	40	Picture	response	1105279	15173	1	1666	1	15000	25000	hit	51
20	40	Port Input	1	1106802	16696	1
20	40	Response	3	1106802	16696	1
20	41	Picture	ITI	1116941	0	1	33988	1	0	next	other	0
20	42	Sound	Practice	1135863	0	1			0		other	0
20	42	Picture	response	1150929	15067	1	5331	1	15000	25000	hit	56
20	42	Port Input	1	1156081	20218	1
20	42	Response	3	1156081	20218	1
20	43	Picture	ITI	1166257	0	1	33322	1	0	next	other	0
20	44	Sound	Practice	1184419	0	1			0		other	0
20	44	Picture	response	1199579	15160	1	2499	1	15000	25000	hit	61
20	44	Port Input	1	1201955	17536	1
20	44	Response	3	1201955	17536	1
20	45	Picture	ITI	1212075	0	1	25491	1	0	next	other	0
20	46	Sound	Practice	1222426	0	1			0		other	0
20	46	Picture	response	1237566	15140	1	4332	1	15000	25000	hit	66
20	46	Port Input	1	1241697	19271	1
20	46	Response	3	1241697	19271	1
20	47	Picture	ITI	1251727	0	1	31989	1	0	next	other	0
20	48	Sound	Practice	1268649	0	1			0		other	0
20	48	Picture	response	1283716	15067	1	3832	1	15000	25000	hit	71
20	48	Port Input	1	1287488	18839	1
20	48	Response	3	1287488	18839	1
20	49	Picture	ITI	1297545	0	1	28823	1	0	next	other	0
20	50	Sound	Practice	1311336	0	1			0		other	0
20	50	Picture	response	1326368	15032	1	3999	1	15000	25000	hit	76
20	50	Port Input	1	1330176	18840	1
20	50	Response	3	1330176	18840	1
20	51	Picture	ITI	1340363	0	1	25324	1	0	next	other	0
20	52	Sound	Practice	1355554	0	1			0		other	0
20	52	Picture	response	1365687	10133	1	4832	1	10000	25000	hit	81
20	52	Port Input	2	1370386	14832	1
20	52	Response	4	1370386	14832	1
20	53	Picture	ITI	1380515	0	1	31656	1	0	next	other	0
20	54	Sound	Practice	1397097	0	1			0		other	0
20	54	Picture	response	1412171	15074	1	3665	1	15000	25000	hit	86
20	54	Port Input	1	1415760	18664	1
20	54	Response	3	1415760	18664	1
20	55	Picture	ITI	1425833	0	1	26991	1	0	next	other	0
20	56	Sound	Practice	1437774	0	1			0		other	0
20	56	Picture	response	1452823	15049	1	3832	1	15000	25000	hit	91
20	56	Port Input	1	1456523	18748	1
20	56	Response	3	1456523	18748	1
20	57	Picture	ITI	1466652	0	1	27824	1	0	next	other	0
20	58	Sound	Practice	1479373	0	1			0		other	0
20	58	Picture	response	1494475	15102	1	1166	1	15000	25000	hit	96
20	58	Port Input	1	1495504	16131	1
20	58	Response	3	1495504	16131	1
20	59	Picture	ITI	1505638	0	1	32322	1	0	next	other	0
20	60	Sound	Practice	1522830	0	1			0		other	0
20	60	Picture	response	1537960	15131	1	13495	1	15000	25000	hit	101
20	60	Port Input	1	1551353	28523	1
20	60	Response	3	1551353	28523	1
20	61	Picture	ITI	1561452	0	1	27990	1	0	next	other	0
20	62	Sound	Practice	1579283	0	1			0		other	0
20	62	Picture	response	1589442	10159	1	5998	1	10000	25000	hit	106
20	62	Port Input	2	1595353	16070	1
20	62	Response	4	1595353	16070	1
20	63	Picture	ITI	1605437	0	1	33655	1	0	next	other	0
20	64	Sound	Practice	1623948	0	1			0		other	0
20	64	Picture	response	1639091	15143	1	3166	1	15000	25000	hit	111
20	64	Port Input	1	1642164	18216	1
20	64	Response	3	1642164	18216	1
20	65	Picture	ITI	1652253	0	1	27824	1	0	next	other	0
20	66	Sound	Practice	1670015	0	1			0		other	0
20	66	Picture	response	1680077	10062	1	7331	1	10000	25000	hit	116
20	66	Port Input	2	1687227	17212	1
20	66	Response	4	1687227	17212	1
20	67	Picture	ITI	1697404	0	1	25491	1	0	next	other	0
20	68	Sound	Practice	1707766	0	1			0		other	0
20	68	Picture	response	1722895	15130	1	8330	1	15000	25000	hit	121
20	68	Port Input	1	1731081	23315	1
20	68	Response	3	1731081	23315	1
20	69	Picture	ITI	1741222	0	1	21326	1	0	next	other	0
20	70	Sound	Practice	1752384	0	1			0		other	0
20	70	Picture	response	1762548	10165	1	6164	1	10000	25000	hit	126
20	70	Port Input	2	1768584	16200	1
20	70	Response	4	1768584	16200	1
20	71	Picture	ITI	1778709	0	1	32655	1	0	next	other	0
20	72	Sound	Practice	1796230	0	1			0		other	0
20	72	Picture	response	1811364	15134	1	3832	1	15000	25000	hit	131
20	72	Port Input	1	1815125	18894	1
20	72	Response	3	1815125	18894	1
20	73	Picture	ITI	1825193	0	1	22492	1	0	next	other	0
20	74	Sound	Practice	1837584	0	1			0		other	0
20	74	Picture	response	1847685	10101	1	7331	1	10000	25000	hit	136
20	74	Port Input	2	1854825	17240	1
20	74	Response	4	1854825	17240	1
20	75	Picture	ITI	1865012	0	1	22659	1	0	next	other	0
20	76	Sound	Practice	1877564	0	1			0		other	0
20	76	Picture	response	1887671	10107	1	8497	1	10000	25000	incorrect	141
20	76	Port Input	1	1895993	18429	1
20	76	Response	3	1895993	18429	1
20	77	Picture	ITI	1906164	0	1	28657	1	0	next	other	0
20	78	Sound	Practice	1924746	0	1			0		other	0
20	78	Picture	response	1934821	10075	1	7164	1	10000	25000	incorrect	146
20	78	Port Input	1	1941898	17153	1
20	78	Response	3	1941898	17153	1
20	79	Picture	ITI	1951982	0	1	34655	1	0	next	other	0
20	80	Sound	Practice	1971483	0	1			0		other	0
20	80	Picture	response	1986636	15153	1	3332	1	15000	25000	hit	151
20	80	Port Input	1	1989844	18361	1
20	80	Response	3	1989844	18361	1
20	81	Picture	ITI	1999965	0	1	30656	1	0	next	other	0
20	82	Sound	Practice	2015586	0	1			0		other	0
20	82	Picture	response	2030621	15035	1	3999	1	15000	25000	hit	156
20	82	Port Input	1	2034459	18873	1
20	82	Response	3	2034459	18873	1
20	83	Picture	ITI	2044616	0	1	21826	1	0	next	other	0
20	84	Sound	Practice	2056397	0	1			0		other	0
20	84	Picture	response	2066441	10044	1	4332	1	10000	25000	hit	161
20	84	Port Input	2	2070692	14294	1
20	84	Response	4	2070692	14294	1
20	85	Picture	ITI	2080770	0	1	27824	1	0	next	other	0
20	86	Sound	Practice	2098481	0	1			0		other	0
20	86	Picture	response	2108593	10112	1	5165	1	10000	25000	hit	166
20	86	Port Input	2	2113713	15232	1
20	86	Response	4	2113713	15232	1
20	87	Picture	Break	2123755	0	1	27824	1	0	next	other	0
20	87	Response	1	2151442	27688	0
20	88	Picture	Instruction	2151578	0	1	84970	1	0	next	other	0
20	88	Response	1	2236480	84902	0
20	89	Picture	ITI	2236548	0	1	15161	1	0	next	other	0
20	90	Picture	ITI	2251710	0	1	27990	1	0	next	other	0
20	91	Sound	test	2266441	0	1			0		other	0
20	91	Picture	response	2279700	13259	1	3166	1	13100	25000	incorrect	176
20	91	Port Input	1	2282727	16286	1
20	91	Response	3	2282727	16286	1
20	92	Picture	ITI	2283865	0	1	24825	1	0	next	other	0
20	93	Sound	test	2295516	0	1			0		other	0
20	93	Picture	response	2308690	13173	1	3832	1	13100	25000	incorrect	181
20	93	Port Input	1	2312349	16832	1
20	93	Response	3	2312349	16832	1
20	94	Picture	ITI	2313355	0	1	32655	1	0	next	other	0
20	95	Sound	test	2331916	0	1			0		other	0
20	95	Picture	response	2346010	14094	1	3832	1	14020	25000	incorrect	186
20	95	Port Input	1	2349737	17821	1
20	95	Response	3	2349737	17821	1
20	96	Picture	ITI	2350842	0	1	25658	1	0	next	other	0
20	97	Sound	test	2364163	0	1			0		other	0
20	97	Picture	response	2376499	12336	1	5332	1	12250	25000	incorrect	191
20	97	Port Input	2	2381639	17476	1
20	97	Response	4	2381639	17476	1
20	98	Picture	ITI	2382664	0	1	30323	1	0	next	other	0
20	99	Sound	test	2397935	0	1			0		other	0
20	99	Picture	response	2412987	15051	1	3332	1	15000	25000	incorrect	196
20	99	Port Input	1	2416279	18344	1
20	99	Response	3	2416279	18344	1
20	100	Picture	ITI	2417318	0	1	26824	1	0	next	other	0
20	101	Sound	test	2428970	0	1			0		other	0
20	101	Picture	response	2444142	15173	1	3499	1	15000	25000	incorrect	201
20	101	Port Input	1	2447577	18607	1
20	101	Response	3	2447577	18607	1
20	102	Picture	ITI	2448641	0	1	24158	1	0	next	other	0
20	103	Sound	test	2461912	0	1			0		other	0
20	103	Picture	response	2472799	10887	1	5165	1	10700	25000	incorrect	206
20	103	Port Input	2	2477875	15963	1
20	103	Response	4	2477875	15963	1
20	104	Picture	ITI	2478963	0	1	31489	1	0	next	other	0
20	105	Sound	test	2498115	0	1			0		other	0
20	105	Picture	response	2510452	12338	1	4832	1	12250	25000	incorrect	211
20	105	Port Input	2	2515160	17045	1
20	105	Response	4	2515160	17045	1
20	106	Picture	ITI	2516284	0	1	31656	1	0	next	other	0
20	107	Sound	test	2533815	0	1			0		other	0
20	107	Picture	response	2547939	14124	1	10163	1	14020	25000	incorrect	216
20	107	Port Input	2	2557983	24168	1
20	107	Response	4	2557983	24168	1
20	108	Picture	ITI	2558935	0	1	25158	1	0	next	other	0
20	109	Sound	test	2571777	0	1			0		other	0
20	109	Picture	response	2584093	12317	1	8497	1	12250	25000	incorrect	221
20	109	Port Input	2	2592467	20690	1
20	109	Response	4	2592467	20690	1
20	110	Picture	ITI	2593590	0	1	29990	1	0	next	other	0
20	111	Sound	test	2613491	0	1			0		other	0
20	111	Picture	response	2623579	10088	1	4332	1	10000	25000	incorrect	226
20	111	Port Input	2	2627856	14365	1
20	111	Response	4	2627856	14365	1
20	112	Picture	ITI	2628911	0	1	25158	1	0	next	other	0
20	113	Sound	test	2639982	0	1			0		other	0
20	113	Picture	response	2654069	14087	1	11996	1	14020	25000	incorrect	231
20	113	Port Input	1	2665964	25982	1
20	113	Response	3	2665964	25982	1
20	114	Picture	ITI	2667064	0	1	26157	1	0	next	other	0
20	115	Sound	test	2683095	0	1			0		other	0
20	115	Picture	response	2693222	10126	1	4998	1	10000	25000	incorrect	236
20	115	Port Input	2	2698125	15030	1
20	115	Response	4	2698125	15030	1
20	116	Picture	ITI	2699219	0	1	26324	1	0	next	other	0
20	117	Sound	test	2710391	0	1			0		other	0
20	117	Picture	response	2725544	15153	1	4165	1	15000	25000	incorrect	241
20	117	Port Input	1	2729527	19137	1
20	117	Response	3	2729527	19137	1
20	118	Picture	ITI	2730542	0	1	30156	1	0	next	other	0
20	119	Sound	test	2748273	0	1			0		other	0
20	119	Picture	response	2760698	12425	1	11996	1	12250	25000	incorrect	246
20	119	Port Input	1	2772559	24286	1
20	119	Response	3	2772559	24286	1
20	120	Picture	ITI	2773527	0	1	29990	1	0	next	other	0
20	121	Sound	test	2791088	0	1			0		other	0
20	121	Picture	response	2803516	12428	1	4332	1	12250	25000	incorrect	251
20	121	Port Input	2	2807720	16632	1
20	121	Response	4	2807720	16632	1
20	122	Picture	ITI	2808848	0	1	30323	1	0	next	other	0
20	123	Sound	test	2827659	0	1			0		other	0
20	123	Picture	response	2839170	11511	1	6664	1	11450	25000	incorrect	256
20	123	Port Input	2	2845702	18043	1
20	123	Response	4	2845702	18043	1
20	124	Picture	ITI	2846834	0	1	33488	1	0	next	other	0
20	125	Sound	test	2865226	0	1			0		other	0
20	125	Picture	response	2880323	15097	1	4165	1	15000	25000	incorrect	261
20	125	Port Input	1	2884309	19083	1
20	125	Response	3	2884309	19083	1
20	126	Picture	ITI	2885487	0	1	22159	1	0	next	other	0
20	127	Sound	test	2897599	0	1			0		other	0
20	127	Picture	response	2907646	10048	1	7997	1	10000	25000	incorrect	266
20	127	Port Input	2	2915554	17956	1
20	127	Response	4	2915554	17956	1
20	128	Picture	ITI	2916643	0	1	20493	1	0	next	other	0
20	129	Sound	test	2926994	0	1			0		other	0
20	129	Picture	response	2937136	10142	1	10830	1	10000	25000	incorrect	271
20	129	Port Input	2	2947883	20888	1
20	129	Response	4	2947883	20888	1
20	130	Picture	ITI	2948965	0	1	33988	1	0	next	other	0
20	131	Sound	test	2968766	0	1			0		other	0
20	131	Picture	response	2982953	14187	1	4332	1	14020	25000	incorrect	276
20	131	Port Input	1	2987114	18348	1
20	131	Response	3	2987114	18348	1
20	132	Picture	ITI	2988285	0	1	25324	1	0	next	other	0
20	133	Sound	test	2999496	0	1			0		other	0
20	133	Picture	response	3013609	14113	1	4665	1	14020	25000	incorrect	281
20	133	Port Input	1	3018100	18604	1
20	133	Response	3	3018100	18604	1
20	134	Picture	ITI	3019274	0	1	31822	1	0	next	other	0
20	135	Sound	test	3037905	0	1			0		other	0
20	135	Picture	response	3051096	13191	1	7331	1	13100	25000	incorrect	286
20	135	Port Input	2	3058279	20374	1
20	135	Response	4	3058279	20374	1
20	136	Picture	ITI	3059260	0	1	29656	1	0	next	other	0
20	137	Sound	test	3078171	0	1			0		other	0
20	137	Picture	response	3088916	10745	1	6164	1	10700	25000	incorrect	291
20	137	Port Input	2	3095012	16840	1
20	137	Response	4	3095012	16840	1
20	138	Picture	ITI	3096080	0	1	28657	1	0	next	other	0
20	139	Sound	test	3113892	0	1			0		other	0
20	139	Picture	response	3124737	10845	1	6498	1	10700	25000	incorrect	296
20	139	Port Input	2	3131047	17155	1
20	139	Response	4	3131047	17155	1
20	140	Picture	ITI	3132068	0	1	28323	1	0	next	other	0
20	141	Sound	test	3147219	0	1			0		other	0
20	141	Picture	response	3160391	13172	1	9830	1	13100	25000	incorrect	301
20	141	Port Input	1	3170174	22955	1
20	141	Response	3	3170174	22955	1
20	142	Picture	ITI	3171220	0	1	27157	1	0	next	other	0
20	143	Sound	test	3185122	0	1			0		other	0
20	143	Picture	response	3198378	13256	1	7831	1	13100	25000	incorrect	306
20	143	Port Input	2	3206032	20910	1
20	143	Response	4	3206032	20910	1
20	144	Picture	ITI	3207041	0	1	33322	1	0	next	other	0
20	145	Sound	test	3226293	0	1			0		other	0
20	145	Picture	response	3240363	14070	1	4332	1	14020	25000	incorrect	311
20	145	Port Input	1	3244514	18221	1
20	145	Response	3	3244514	18221	1
20	146	Picture	ITI	3245528	0	1	27824	1	0	next	other	0
20	147	Sound	test	3260139	0	1			0		other	0
20	147	Picture	response	3273351	13212	1	3999	1	13100	25000	incorrect	316
20	147	Port Input	1	3277290	17151	1
20	147	Response	3	3277290	17151	1
20	148	Picture	ITI	3278350	0	1	25991	1	0	next	other	0
20	149	Sound	test	3294161	0	1			0		other	0
20	149	Picture	response	3304340	10180	1	7164	1	10000	25000	incorrect	321
20	149	Port Input	2	3311420	17259	1
20	149	Response	4	3311420	17259	1
20	150	Picture	ITI	3312504	0	1	21826	1	0	next	other	0
20	151	Sound	test	3324265	0	1			0		other	0
20	151	Picture	response	3334330	10064	1	8664	1	10000	25000	incorrect	326
20	151	Port Input	2	3342791	18525	1
20	151	Response	4	3342791	18525	1
20	152	Picture	ITI	3343827	0	1	30989	1	0	next	other	0
20	153	Sound	test	3361568	0	1			0		other	0
20	153	Picture	response	3374816	13248	1	9163	1	13100	25000	incorrect	331
20	153	Port Input	2	3383792	22224	1
20	153	Response	4	3383792	22224	1
20	154	Picture	ITI	3384812	0	1	24825	1	0	next	other	0
20	155	Sound	test	3399474	0	1			0		other	0
20	155	Picture	response	3409637	10163	1	6831	1	10000	25000	incorrect	336
20	155	Port Input	2	3416423	16949	1
20	155	Response	4	3416423	16949	1
20	156	Picture	ITI	3417467	0	1	26657	1	0	next	other	0
20	157	Sound	test	3431699	0	1			0		other	0
20	157	Picture	response	3444125	12426	1	13828	1	12250	25000	incorrect	341
20	157	Port Input	2	3457851	26153	1
20	157	Response	4	3457851	26153	1
20	158	Picture	ITI	3458953	0	1	25991	1	0	next	other	0
20	159	Sound	test	3473324	0	1			0		other	0
20	159	Picture	response	3484944	11620	1	7831	1	11450	25000	incorrect	346
20	159	Port Input	2	3492679	19355	1
20	159	Response	4	3492679	19355	1
20	160	Picture	ITI	3493774	0	1	28323	1	0	next	other	0
20	161	Sound	test	3512035	0	1			0		other	0
20	161	Picture	response	3522097	10062	1	10496	1	10000	25000	incorrect	351
20	161	Port Input	2	3532452	20416	1
20	161	Response	4	3532452	20416	1
20	162	Picture	ITI	3533427	0	1	28657	1	0	next	other	0
20	163	Sound	test	3548018	0	1			0		other	0
20	163	Picture	response	3562083	14065	1	4998	1	14020	25000	incorrect	356
20	163	Port Input	1	3566998	18980	1
20	163	Response	3	3566998	18980	1
20	164	Picture	ITI	3568081	0	1	24658	1	0	next	other	0
20	165	Sound	test	3581933	0	1			0		other	0
20	165	Picture	response	3592739	10807	1	6831	1	10700	25000	incorrect	361
20	165	Port Input	2	3599430	17498	1
20	165	Response	4	3599430	17498	1
20	166	Picture	ITI	3600570	0	1	29490	1	0	next	other	0
20	167	Sound	test	3616931	0	1			0		other	0
20	167	Picture	response	3630060	13128	1	5998	1	13100	25000	incorrect	366
20	167	Port Input	1	3635872	18940	1
20	167	Response	3	3635872	18940	1
20	168	Picture	ITI	3636890	0	1	28657	1	0	next	other	0
20	169	Sound	test	3650432	0	1			0		other	0
20	169	Picture	response	3665547	15115	1	5332	1	15000	25000	incorrect	371
20	169	Port Input	1	3670730	20299	1
20	169	Response	3	3670730	20299	1
20	170	Picture	ITI	3671712	0	1	32155	1	0	next	other	0
20	171	Sound	test	3691513	0	1			0		other	0
20	171	Picture	response	3703867	12354	1	5998	1	12250	25000	incorrect	376
20	171	Port Input	2	3709722	18210	1
20	171	Response	4	3709722	18210	1
20	172	Picture	ITI	3710864	0	1	24325	1	0	next	other	0
20	173	Sound	test	3725146	0	1			0		other	0
20	173	Picture	response	3735189	10044	1	5331	1	10000	25000	incorrect	381
20	173	Port Input	2	3740437	15291	1
20	173	Response	4	3740437	15291	1
20	174	Picture	ITI	3741520	0	1	30156	1	0	next	other	0
20	175	Sound	test	3758423	0	2			0		other	0
20	175	Picture	response	3771676	13254	1	12662	1	13100	25000	incorrect	386
20	175	Port Input	1	3784135	25713	1
20	175	Response	3	3784135	25713	1
20	176	Picture	ITI	3785172	0	1	28157	1	0	next	other	0
20	177	Sound	test	3799123	0	1			0		other	0
20	177	Picture	response	3813329	14206	1	16994	1	14020	25000	incorrect	391
20	177	Port Input	2	3830197	31074	1
20	177	Response	4	3830197	31074	1
20	178	Picture	ITI	3831322	0	1	20826	1	0	next	other	0
20	179	Sound	test	3842123	0	1			0		other	0
20	179	Picture	response	3852148	10025	1	6664	1	10000	25000	incorrect	396
20	179	Port Input	2	3858673	16550	1
20	179	Response	4	3858673	16550	1
20	180	Picture	ITI	3859646	0	1	32655	1	0	next	other	0
20	181	Sound	test	3878097	0	1			0		other	0
20	181	Picture	response	3892301	14204	1	4832	1	14020	25000	incorrect	401
20	181	Port Input	1	3897009	18912	1
20	181	Response	3	3897009	18912	1
20	182	Picture	ITI	3898132	0	1	27490	1	0	next	other	0
20	183	Sound	test	3910473	0	1			0		other	0
20	183	Picture	response	3925623	15149	1	6331	1	15000	25000	incorrect	406
20	183	Port Input	1	3931816	21342	1
20	183	Response	3	3931816	21342	1
20	184	Picture	ITI	3932953	0	1	25325	1	0	next	other	0
20	185	Sound	test	3946694	0	1			0		other	0
20	185	Picture	response	3958278	11583	1	6498	1	11450	25000	incorrect	411
20	185	Port Input	2	3964602	17908	1
20	185	Response	4	3964602	17908	1
20	186	Picture	ITI	3965608	0	1	26657	1	0	next	other	0
20	187	Sound	test	3978990	0	1			0		other	0
20	187	Picture	response	3992266	13276	1	13162	1	13100	25000	incorrect	416
20	187	Port Input	1	4005385	26396	1
20	187	Response	3	4005385	26396	1
20	188	Picture	ITI	4006427	0	1	26991	1	0	next	other	0
20	189	Sound	test	4020139	0	1			0		other	0
20	189	Picture	response	4033418	13279	1	5332	1	13100	25000	incorrect	421
20	189	Port Input	1	4038568	18429	1
20	189	Response	3	4038568	18429	1
20	190	Picture	ITI	4039583	0	1	24658	1	0	next	other	0
20	191	Sound	test	4053504	0	1			0		other	0
20	191	Picture	response	4064241	10737	1	5498	1	10700	25000	incorrect	426
20	191	Port Input	2	4069574	16070	1
20	191	Response	4	4069574	16070	1
20	192	Picture	ITI	4070738	0	1	28323	1	0	next	other	0
20	193	Sound	test	4084900	0	1			0		other	0
20	193	Picture	response	4099062	14162	1	10996	1	14020	25000	incorrect	431
20	193	Port Input	2	4109857	24957	1
20	193	Response	4	4109857	24957	1
20	194	Picture	ITI	4110891	0	1	28157	1	0	next	other	0
20	195	Sound	test	4128912	0	1			0		other	0
20	195	Picture	response	4139048	10136	1	5665	1	10000	25000	incorrect	436
20	195	Port Input	2	4144601	15689	1
20	195	Response	4	4144601	15689	1
20	196	Picture	ITI	4145712	0	1	24991	1	0	next	other	0
20	197	Sound	test	4159953	0	1			0		other	0
20	197	Picture	response	4170703	10750	1	7664	1	10700	25000	incorrect	441
20	197	Port Input	2	4178273	18319	1
20	197	Response	4	4178273	18319	1
20	198	Picture	ITI	4179367	0	1	21326	1	0	next	other	0
20	199	Sound	test	4189888	0	1			0		other	0
20	199	Picture	response	4200693	10805	1	7664	1	10700	25000	incorrect	446
20	199	Port Input	2	4208175	18287	1
20	199	Response	4	4208175	18287	1
20	200	Picture	ITI	4209356	0	1	26657	1	0	next	other	0
20	201	Sound	test	4225988	0	1			0		other	0
20	201	Picture	response	4236014	10026	1	5165	1	10000	25000	incorrect	451
20	201	Port Input	2	4241004	15016	1
20	201	Response	4	4241004	15016	1
20	202	Picture	ITI	4242012	0	1	26157	1	0	next	other	0
20	203	Sound	test	4253133	0	1			0		other	0
20	203	Picture	response	4268169	15036	1	15161	1	15000	25000	incorrect	456
20	203	Port Input	1	4283244	30111	1
20	203	Response	3	4283244	30111	1
20	204	Picture	ITI	4284330	0	1	26991	1	0	next	other	0
20	205	Sound	test	4296221	0	1			0		other	0
20	205	Picture	response	4311321	15099	1	6498	1	15000	25000	incorrect	461
20	205	Port Input	2	4317686	21465	1
20	205	Response	4	4317686	21465	1
20	206	Picture	ITI	4318818	0	1	28823	1	0	next	other	0
20	207	Sound	test	4334469	0	1			0		other	0
20	207	Picture	response	4347641	13172	1	13329	1	13100	25000	incorrect	466
20	207	Port Input	1	4360916	26447	1
20	207	Response	3	4360916	26447	1
20	208	Picture	ITI	4361969	0	1	31322	1	0	next	other	0
20	209	Sound	test	4379201	0	1			0		other	0
20	209	Picture	response	4393292	14091	1	4498	1	14020	25000	incorrect	471
20	209	Port Input	1	4397732	18531	1
20	209	Response	3	4397732	18531	1
20	210	Picture	ITI	4398790	0	1	22326	1	0	next	other	0
20	211	Sound	test	4409591	0	1			0		other	0
20	211	Picture	response	4421115	11524	1	7331	1	11450	25000	incorrect	476
20	211	Port Input	1	4428353	18762	1
20	211	Response	3	4428353	18762	1
20	212	Picture	ITI	4429446	0	1	27657	1	0	next	other	0
20	213	Sound	test	4441977	0	1			0		other	0
20	213	Picture	response	4457103	15126	1	3665	1	15000	25000	incorrect	481
20	213	Port Input	1	4460671	18694	1
20	213	Response	3	4460671	18694	1
20	214	Picture	ITI	4461768	0	1	27824	1	0	next	other	0
20	215	Sound	test	4476419	0	1			0		other	0
20	215	Picture	response	4489591	13172	1	6331	1	13100	25000	incorrect	486
20	215	Port Input	1	4495801	19382	1
20	215	Response	3	4495801	19382	1
20	216	Picture	ITI	4496922	0	1	31989	1	0	next	other	0
20	217	Sound	test	4516553	0	1			0		other	0
20	217	Picture	response	4528911	12357	1	4998	1	12250	25000	incorrect	491
20	217	Port Input	1	4533835	17281	1
20	217	Response	3	4533835	17281	1
20	218	Picture	ITI	4534909	0	1	31822	1	0	next	other	0
20	219	Sound	test	4551680	0	1			0		other	0
20	219	Picture	response	4566731	15051	1	5498	1	15000	25000	incorrect	496
20	219	Port Input	1	4572171	20491	1
20	219	Response	3	4572171	20491	1
20	220	Picture	ITI	4573229	0	1	21492	1	0	next	other	0
20	221	Sound	test	4584550	0	1			0		other	0
20	221	Picture	response	4594721	10171	1	5498	1	10000	25000	incorrect	501
20	221	Port Input	2	4600064	15514	1
20	221	Response	4	4600064	15514	1
20	222	Picture	ITI	4601219	0	1	22492	1	0	next	other	0
20	223	Sound	test	4611290	0	1			0		other	0
20	223	Picture	response	4623711	12421	1	11496	1	12250	25000	incorrect	506
20	223	Port Input	1	4635027	23737	1
20	223	Response	3	4635027	23737	1
20	224	Picture	ITI	4636040	0	1	28823	1	0	next	other	0
20	225	Sound	test	4654111	0	1			0		other	0
20	225	Picture	response	4664863	10752	1	5831	1	10700	25000	incorrect	511
20	225	Port Input	2	4670614	16503	1
20	225	Response	4	4670614	16503	1
20	226	Picture	ITI	4671694	0	1	30989	1	0	next	other	0
20	227	Sound	test	4688485	0	1			0		other	0
20	227	Picture	response	4702683	14198	1	8830	1	14020	25000	incorrect	516
20	227	Port Input	2	4711324	22839	1
20	227	Response	4	4711324	22839	1
20	228	Picture	ITI	4712346	0	1	28657	1	0	next	other	0
20	229	Sound	test	4725898	0	1			0		other	0
20	229	Picture	response	4741003	15105	1	5831	1	15000	25000	incorrect	521
20	229	Port Input	1	4746631	20733	1
20	229	Response	3	4746631	20733	1
20	230	Picture	ITI	4747667	0	1	31156	1	0	next	other	0
20	231	Sound	test	4765689	0	1			0		other	0
20	231	Picture	response	4778823	13134	1	9663	1	13100	25000	incorrect	526
20	231	Port Input	2	4788434	22745	1
20	231	Response	4	4788434	22745	1
20	232	Picture	ITI	4789486	0	1	23159	1	0	next	other	0
20	233	Sound	test	4800327	0	1			0		other	0
20	233	Picture	response	4812645	12317	1	16827	1	12250	25000	incorrect	531
20	233	Port Input	1	4829279	28952	1
20	233	Response	3	4829279	28952	1
20	234	Picture	ITI	4830305	0	1	30489	1	0	next	other	0
20	235	Sound	test	4850036	0	1			0		other	0
20	235	Picture	response	4860794	10758	1	7831	1	10700	25000	incorrect	536
20	235	Port Input	2	4868469	18433	1
20	235	Response	4	4868469	18433	1
20	236	Picture	ITI	4869625	0	1	32489	1	0	next	other	0
20	237	Sound	test	4886936	0	1			0		other	0
20	237	Picture	response	4902113	15177	1	4498	1	15000	25000	incorrect	541
20	237	Port Input	1	4906545	19609	1
20	237	Response	3	4906545	19609	1
20	238	Picture	ITI	4907611	0	1	29490	1	0	next	other	0
20	239	Sound	test	4926223	0	1			0		other	0
20	239	Picture	response	4937101	10878	1	7331	1	10700	25000	incorrect	546
20	239	Port Input	2	4944246	18024	1
20	239	Response	4	4944246	18024	1
20	240	Picture	ITI	4945265	0	1	30823	1	0	next	other	0
20	241	Sound	test	4965236	0	1			0		other	0
20	241	Picture	response	4976087	10851	1	8830	1	10700	25000	incorrect	551
20	241	Port Input	2	4984717	19481	1
20	241	Response	4	4984717	19481	1
20	242	Picture	ITI	4985751	0	1	29323	1	0	next	other	0
20	243	Sound	test	4999962	0	1			0		other	0
20	243	Picture	response	5015074	15112	1	4332	1	15000	25000	incorrect	556
20	243	Port Input	1	5019274	19312	1
20	243	Response	3	5019274	19312	1
20	244	Picture	ITI	5020405	0	1	21659	1	0	next	other	0
20	245	Sound	test	5030496	0	1			0		other	0
20	245	Picture	response	5042064	11568	1	7997	1	11450	25000	incorrect	561
20	245	Port Input	1	5049874	19378	1
20	245	Response	3	5049874	19378	1
20	246	Picture	ITI	5050894	0	1	34155	1	0	next	other	0
20	247	Sound	test	5069896	0	1			0		other	0
20	247	Picture	response	5085049	15153	1	5165	1	15000	25000	incorrect	566
20	247	Port Input	1	5090136	20241	1
20	247	Response	3	5090136	20241	1
20	248	Picture	ITI	5091214	0	1	22492	1	0	next	other	0
20	249	Sound	test	5103585	0	1			0		other	0
20	249	Picture	response	5113706	10121	1	10996	1	10000	25000	incorrect	571
20	249	Port Input	2	5124610	21025	1
20	249	Response	4	5124610	21025	1
20	250	Picture	ITI	5125701	0	1	25491	1	0	next	other	0
20	251	Sound	test	5138793	0	1			0		other	0
20	251	Picture	response	5151193	12400	1	14495	1	12250	25000	incorrect	576
20	251	Port Input	1	5165591	26798	1
20	251	Response	3	5165591	26798	1
20	252	Picture	ITI	5166687	0	1	29656	1	0	next	other	0
20	253	Sound	test	5181308	0	1			0		other	0
20	253	Picture	response	5196343	15035	1	5831	1	15000	25000	incorrect	581
20	253	Port Input	1	5201990	20682	1
20	253	Response	3	5201990	20682	1
20	254	Picture	ITI	5203008	0	1	28657	1	0	next	other	0
20	255	Sound	test	5220099	0	1			0		other	0
20	255	Picture	response	5231664	11565	1	11996	1	11450	25000	incorrect	586
20	255	Port Input	2	5243533	23434	1
20	255	Response	4	5243533	23434	1
20	256	Picture	ITI	5244493	0	1	29156	1	0	next	other	0
20	257	Sound	test	5262154	0	1			0		other	0
20	257	Picture	response	5273650	11495	1	5165	1	11450	25000	incorrect	591
20	257	Port Input	2	5278725	16571	1
20	257	Response	4	5278725	16571	1
20	258	Picture	ITI	5279814	0	1	27157	1	0	next	other	0
20	259	Sound	test	5295405	0	1			0		other	0
20	259	Picture	response	5306971	11566	1	8164	1	11450	25000	incorrect	596
20	259	Port Input	2	5315083	19678	1
20	259	Response	4	5315083	19678	1
20	260	Picture	ITI	5316135	0	1	29823	1	0	next	other	0
20	261	Sound	test	5335866	0	1			0		other	0
20	261	Picture	response	5345958	10092	1	8497	1	10000	25000	incorrect	601
20	261	Port Input	2	5354356	18490	1
20	261	Response	4	5354356	18490	1
20	262	Picture	ITI	5355454	0	1	24825	1	0	next	other	0
20	263	Sound	test	5368656	0	1			0		other	0
20	263	Picture	response	5380279	11623	1	13329	1	11450	25000	incorrect	606
20	263	Port Input	2	5393484	24828	1
20	263	Response	4	5393484	24828	1
20	264	Picture	ITI	5394607	0	1	31489	1	0	next	other	0
20	265	Sound	test	5413768	0	1			0		other	0
20	265	Picture	response	5426096	12328	1	12829	1	12250	25000	incorrect	611
20	265	Port Input	2	5438764	24996	1
20	265	Response	4	5438764	24996	1
20	266	Picture	ITI	5439925	0	1	21992	1	0	next	other	0
20	267	Sound	test	5450366	0	1			0		other	0
20	267	Picture	response	5461917	11551	1	8164	1	11450	25000	incorrect	616
20	267	Port Input	1	5470000	19634	1
20	267	Response	3	5470000	19634	1
20	268	Picture	ITI	5471080	0	1	27490	1	0	next	other	0
20	269	Sound	test	5486961	0	1			0		other	0
20	269	Picture	response	5498571	11609	1	10663	1	11450	25000	incorrect	621
20	269	Port Input	1	5509075	22114	1
20	269	Response	3	5509075	22114	1
20	270	Picture	ITI	5510233	0	1	27824	1	0	next	other	0
20	271	Sound	test	5522964	0	1			0		other	0
20	271	Picture	response	5538057	15092	1	9497	1	15000	25000	incorrect	626
20	271	Port Input	1	5547463	24499	1
20	271	Response	3	5547463	24499	1
20	272	Picture	ITI	5548553	0	1	24491	1	0	next	other	0
20	273	Sound	test	5562994	0	1			0		other	0
20	273	Picture	response	5573044	10050	1	6331	1	10000	25000	incorrect	631
20	273	Port Input	2	5579261	16267	1
20	273	Response	4	5579261	16267	1
20	274	Picture	ITI	5580375	0	1	29989	1	0	next	other	0
20	275	Sound	test	5599547	0	1			0		other	0
20	275	Picture	response	5610365	10818	1	11163	1	10700	25000	incorrect	636
20	275	Port Input	1	5621387	21841	1
20	275	Response	3	5621387	21841	1
20	276	Picture	ITI	5622527	0	1	28490	1	0	next	other	0
20	277	Sound	test	5636939	0	1			0		other	0
20	277	Picture	response	5651017	14078	1	4498	1	14020	25000	incorrect	641
20	277	Port Input	1	5655475	18536	1
20	277	Response	3	5655475	18536	1
20	278	Picture	ITI	5656515	0	1	25658	1	0	next	other	0
20	279	Sound	test	5672136	0	1			0		other	0
20	279	Picture	response	5682173	10036	1	8164	1	10000	25000	incorrect	646
20	279	Port Input	1	5690198	18062	1
20	279	Response	3	5690198	18062	1
20	280	Picture	ITI	5691170	0	1	27824	1	0	next	other	0
20	281	Sound	test	5708111	0	1			0		other	0
20	281	Picture	response	5718993	10882	1	8330	1	10700	25000	incorrect	651
20	281	Port Input	1	5727171	19060	1
20	281	Response	3	5727171	19060	1
20	282	Picture	ITI	5728323	0	1	21326	1	0	next	other	0
20	283	Sound	test	5739545	0	1			0		other	0
20	283	Picture	response	5749649	10105	1	13495	1	10000	25000	incorrect	656
20	283	Port Input	1	5762997	23453	1
20	283	Response	3	5762997	23453	1
20	284	Picture	ITI	5763978	0	1	32322	1	0	next	other	0
20	285	Sound	test	5781249	0	1			0		other	0
20	285	Picture	response	5796300	15051	1	14328	1	15000	25000	incorrect	661
20	285	Port Input	1	5810559	29310	1
20	285	Response	3	5810559	29310	1
20	286	Picture	ITI	5811627	0	1	27990	1	0	next	other	0
20	287	Sound	test	5827259	0	1			0		other	0
20	287	Picture	response	5839618	12359	1	6331	1	12250	25000	incorrect	666
20	287	Port Input	2	5845886	18627	1
20	287	Response	4	5845886	18627	1
20	288	Picture	ITI	5846948	0	1	28990	1	0	next	other	0
20	289	Sound	test	5864300	0	1			0		other	0
20	289	Picture	response	5875938	11639	1	8164	1	11450	25000	incorrect	671
20	289	Port Input	1	5883930	19631	1
20	289	Response	3	5883930	19631	1
20	290	Picture	ITI	5884935	0	1	28990	1	0	next	other	0
20	291	Sound	test	5898876	0	1			0		other	0
20	291	Picture	response	5913925	15049	1	3832	1	15000	25000	incorrect	676
20	291	Port Input	1	5917706	18830	1
20	291	Response	3	5917706	18830	1
20	292	Picture	ITI	5918757	0	1	28990	1	0	next	other	0
20	293	Sound	test	5932598	0	1			0		other	0
20	293	Picture	response	5947746	15149	1	4832	1	15000	25000	incorrect	681
20	293	Port Input	1	5952408	19811	1
20	293	Response	3	5952408	19811	1
20	294	Picture	ITI	5953411	0	1	29490	1	0	next	other	0
20	295	Sound	test	5968792	0	1			0		other	0
20	295	Port Input	1	5980759	11966	1
20	295	Port Input	2	5980759	11966	1
20	295	Port Input	1	5980903	12111	1
20	295	Port Input	2	5980903	12111	1
20	295	Port Input	1	5981145	12353	1
20	295	Port Input	2	5981145	12353	1
20	295	Port Input	1	5981451	12658	1
20	295	Port Input	2	5981451	12658	1
20	295	Port Input	1	5981902	13110	1
20	295	Port Input	2	5981902	13110	1
20	295	Port Input	1	5981948	13156	1
20	295	Port Input	2	5981948	13156	1
20	295	Port Input	1	5981969	13177	1
20	295	Port Input	2	5981969	13177	1
20	295	Port Input	1	5981989	13196	1
20	295	Port Input	2	5981989	13196	1
20	295	Picture	response	5982901	14108	1	5331	1	14020	25000	incorrect	702
20	295	Port Input	1	5988110	19318	1
20	295	Response	3	5988110	19318	1
20	296	Picture	ITI	5989065	0	1	31822	1	0	next	other	0
20	297	Sound	test	6008526	0	1			0		other	0
20	297	Picture	response	6020887	12361	1	8997	1	12250	25000	incorrect	707
20	297	Port Input	1	6029768	21242	1
20	297	Response	3	6029768	21242	1
20	298	Picture	ITI	6030884	0	1	22992	1	0	next	other	0
20	299	Sound	test	6043825	0	1			0		other	0
20	299	Picture	response	6053876	10051	1	4165	1	10000	25000	incorrect	712
20	299	Port Input	2	6057890	14065	1
20	299	Response	4	6057890	14065	1
20	300	Picture	ITI	6058874	0	1	29490	1	0	next	other	0
20	301	Sound	test	6076815	0	1			0		other	0
20	301	Picture	response	6088364	11548	1	5165	1	11450	25000	incorrect	717
20	301	Port Input	2	6093332	16516	1
20	301	Response	4	6093332	16516	1
20	302	Picture	ITI	6094362	0	1	29156	1	0	next	other	0
20	303	Sound	test	6109423	0	1			0		other	0
20	303	Picture	response	6123518	14095	1	5665	1	14020	25000	incorrect	722
20	303	Port Input	1	6129127	19704	1
20	303	Response	3	6129127	19704	1
20	304	Picture	ITI	6130182	0	1	24158	1	0	next	other	0
20	305	Sound	test	6142764	0	2			0		other	0
20	305	Picture	response	6154341	11577	1	4832	1	11450	25000	incorrect	727
20	305	Port Input	2	6159124	16360	1
20	305	Response	4	6159124	16360	1
20	306	Picture	ITI	6160172	0	1	26491	1	0	next	other	0
20	307	Sound	test	6176613	0	1			0		other	0
20	307	Picture	response	6186663	10049	1	6998	1	10000	25000	incorrect	732
20	307	Port Input	2	6193493	16880	1
20	307	Response	4	6193493	16880	1
20	308	Picture	ITI	6194493	0	1	28657	1	0	next	other	0
20	309	Sound	test	6210865	0	1			0		other	0
20	309	Picture	response	6223150	12285	1	10163	1	12250	25000	incorrect	737
20	309	Port Input	2	6233214	22349	1
20	309	Response	4	6233214	22349	1
20	310	Picture	ITI	6234312	0	1	23325	1	0	next	other	0
20	311	Sound	test	6246854	0	1			0		other	0
20	311	Picture	response	6257638	10784	1	9997	1	10700	25000	incorrect	742
20	311	Port Input	2	6267510	20656	1
20	311	Response	4	6267510	20656	1
20	312	Picture	ITI	6268467	0	1	31656	1	0	next	other	0
20	313	Sound	test	6286918	0	1			0		other	0
20	313	Picture	response	6300123	13204	1	13495	1	13100	25000	incorrect	747
20	313	Port Input	2	6313436	26518	1
20	313	Response	4	6313436	26518	1
20	314	Picture	ITI	6314451	0	1	29656	1	0	next	other	0
20	315	Sound	test	6333302	0	1			0		other	0
20	315	Picture	response	6344107	10805	1	6664	1	10700	25000	incorrect	752
20	315	Port Input	2	6350627	17325	1
20	315	Response	4	6350627	17325	1
20	316	Picture	ITI	6351771	0	1	25158	1	0	next	other	0
20	317	Sound	test	6361843	0	1			0		other	0
20	317	Picture	response	6376929	15087	1	3166	1	15000	25000	incorrect	757
20	317	Port Input	1	6380051	18208	1
20	317	Response	3	6380051	18208	1
20	318	Picture	ITI	6381094	0	1	29490	1	0	next	other	0
20	319	Sound	test	6398986	0	1			0		other	0
20	319	Picture	response	6410584	11598	1	21992	1	11450	25000	incorrect	762
20	319	Port Input	1	6432401	33416	1
20	319	Response	3	6432401	33416	1
20	441	Picture	resume	7642985	0	1	91301	1	0	next	other	0
20	441	Port Input	1	7732811	89826	1
20	441	Response	3	7732811	89826	1
20	442	Picture	ITI	7734286	0	1	10163	1	0	next	other	0
20	443	Picture	ITI	7744449	0	1	28323	1	0	next	other	0
20	444	Sound	test	7758611	0	1			0		other	0
20	444	Picture	response	7772773	14162	1	4332	1	14020	25000	incorrect	771
20	444	Port Input	1	7776926	18315	1
20	444	Response	3	7776926	18315	1
20	445	Picture	ITI	7777938	0	1	27824	1	0	next	other	0
20	446	Sound	test	7794249	0	1			0		other	0
20	446	Picture	response	7805761	11512	1	9497	1	11450	25000	incorrect	776
20	446	Port Input	2	7815074	20826	1
20	446	Response	4	7815074	20826	1
20	447	Picture	ITI	7816091	0	1	29823	1	0	next	other	0
20	448	Sound	test	7830742	0	1			0		other	0
20	448	Picture	response	7845914	15172	1	3166	1	15000	25000	incorrect	781
20	448	Port Input	1	7848965	18223	1
20	448	Response	3	7848965	18223	1
20	449	Picture	ITI	7850079	0	1	30489	1	0	next	other	0
20	450	Sound	test	7869810	0	1			0		other	0
20	450	Picture	response	7880568	10758	1	5331	1	10700	25000	incorrect	786
20	450	Port Input	2	7885854	16044	1
20	450	Response	4	7885854	16044	1
20	451	Picture	ITI	7886899	0	1	20659	1	0	next	other	0
20	452	Sound	test	7897501	0	1			0		other	0
20	452	Picture	response	7907559	10058	1	5998	1	10000	25000	incorrect	791
20	452	Port Input	2	7913435	15934	1
20	452	Response	4	7913435	15934	1
20	453	Picture	ITI	7914556	0	1	29156	1	0	next	other	0
20	454	Sound	test	7928528	0	1			0		other	0
20	454	Picture	response	7943713	15185	1	3499	1	15000	25000	incorrect	796
20	454	Port Input	1	7947065	18537	1
20	454	Response	3	7947065	18537	1
20	455	Picture	ITI	7948045	0	1	26157	1	0	next	other	0
20	456	Sound	test	7962676	0	1			0		other	0
20	456	Picture	response	7974202	11526	1	4665	1	11450	25000	incorrect	801
20	456	Port Input	2	7978665	15989	1
20	456	Response	4	7978665	15989	1
20	457	Picture	ITI	7979700	0	1	25824	1	0	next	other	0
20	458	Sound	test	7994741	0	1			0		other	0
20	458	Picture	response	8005524	10783	1	5665	1	10700	25000	incorrect	806
20	458	Port Input	2	8011128	16387	1
20	458	Response	4	8011128	16387	1
20	459	Picture	ITI	8012189	0	1	32988	1	0	next	other	0
20	460	Sound	test	8029990	0	1			0		other	0
20	460	Picture	response	8045177	15187	1	3499	1	15000	25000	incorrect	811
20	460	Port Input	1	8048528	18538	1
20	460	Response	3	8048528	18538	1
20	461	Picture	ITI	8049676	0	1	29990	1	0	next	other	0
20	462	Sound	test	8064477	0	1			0		other	0
20	462	Picture	response	8079665	15188	1	8497	1	15000	25000	incorrect	816
20	462	Port Input	1	8088072	23595	1
20	462	Response	3	8088072	23595	1
20	463	Picture	ITI	8089162	0	1	29989	1	0	next	other	0
20	464	Sound	test	8107603	0	1			0		other	0
20	464	Picture	response	8119151	11548	1	8497	1	11450	25000	incorrect	821
20	464	Port Input	2	8127584	19981	1
20	464	Response	4	8127584	19981	1
20	465	Picture	ITI	8128648	0	1	32155	1	0	next	other	0
20	466	Sound	test	8145749	0	1			0		other	0
20	466	Picture	response	8160803	15054	1	3665	1	15000	25000	incorrect	826
20	466	Port Input	1	8164348	18599	1
20	466	Response	3	8164348	18599	1
20	467	Picture	ITI	8165468	0	1	27324	1	0	next	other	0
20	468	Sound	test	8179610	0	1			0		other	0
20	468	Picture	response	8192792	13183	1	7831	1	13100	25000	incorrect	831
20	468	Port Input	1	8200571	20962	1
20	468	Response	3	8200571	20962	1
20	469	Picture	ITI	8201622	0	1	24325	1	0	next	other	0
20	470	Sound	test	8211793	0	1			0		other	0
20	470	Picture	response	8225947	14154	1	7164	1	14020	25000	incorrect	836
20	470	Port Input	1	8233056	21262	1
20	470	Response	3	8233056	21262	1
20	471	Picture	ITI	8234111	0	1	22325	1	0	next	other	0
20	472	Sound	test	8244862	0	1			0		other	0
20	472	Picture	response	8256436	11574	1	7831	1	11450	25000	incorrect	841
20	472	Port Input	2	8264187	19325	1
20	472	Response	4	8264187	19325	1
20	473	Picture	ITI	8265267	0	1	24825	1	0	next	other	0
20	474	Sound	test	8275898	0	1			0		other	0
20	474	Picture	response	8290091	14193	1	13495	1	14020	25000	incorrect	846
20	474	Port Input	1	8303429	27531	1
20	474	Response	3	8303429	27531	1
20	475	Picture	ITI	8304420	0	1	22825	1	0	next	other	0
20	476	Sound	test	8314911	0	1			0		other	0
20	476	Picture	response	8327245	12334	1	6165	1	12250	25000	incorrect	851
20	476	Port Input	2	8333259	18348	1
20	476	Response	4	8333259	18348	1
20	477	Picture	ITI	8334242	0	1	23492	1	0	next	other	0
20	478	Sound	test	8345414	0	1			0		other	0
20	478	Picture	response	8357734	12321	1	4665	1	12250	25000	incorrect	856
20	478	Port Input	1	8362225	16811	1
20	478	Response	3	8362225	16811	1
20	479	Picture	ITI	8363232	0	1	29990	1	0	next	other	0
20	480	Sound	test	8378154	0	1			0		other	0
20	480	Picture	response	8393222	15068	1	6831	1	15000	25000	incorrect	861
20	480	Port Input	1	8399884	21731	1
20	480	Response	3	8399884	21731	1
20	481	Picture	ITI	8400886	0	1	30656	1	0	next	other	0
20	482	Sound	test	8419197	0	1			0		other	0
20	482	Picture	response	8431542	12345	1	7164	1	12250	25000	incorrect	866
20	482	Port Input	2	8438501	19304	1
20	482	Response	4	8438501	19304	1
20	483	Picture	ITI	8439539	0	1	21159	1	0	next	other	0
20	484	Sound	test	8450510	0	1			0		other	0
20	484	Picture	response	8460698	10188	1	6331	1	10000	25000	incorrect	871
20	484	Port Input	2	8466863	16353	1
20	484	Response	4	8466863	16353	1
20	485	Picture	ITI	8467862	0	1	26324	1	0	next	other	0
20	486	Sound	test	8480923	0	1			0		other	0
20	486	Picture	response	8494186	13263	1	5665	1	13100	25000	incorrect	876
20	486	Port Input	2	8499785	18862	1
20	486	Response	4	8499785	18862	1
20	487	Picture	ITI	8500851	0	1	28990	1	0	next	other	0
20	488	Sound	test	8518242	0	1			0		other	0
20	488	Picture	response	8529840	11599	1	5331	1	11450	25000	incorrect	881
20	488	Port Input	2	8535029	16787	1
20	488	Response	4	8535029	16787	1
20	489	Picture	ITI	8536172	0	1	31322	1	0	next	other	0
20	490	Sound	test	8552303	0	1			0		other	0
20	490	Picture	response	8567494	15191	1	6164	1	15000	25000	incorrect	886
20	490	Port Input	1	8573511	21208	1
20	490	Response	3	8573511	21208	1
20	491	Picture	ITI	8574658	0	1	31989	1	0	next	other	0
20	492	Sound	test	8593490	0	1			0		other	0
20	492	Picture	response	8606647	13157	1	11829	1	13100	25000	incorrect	891
20	492	Port Input	2	8618407	24917	1
20	492	Response	4	8618407	24917	1
20	493	Picture	ITI	8619476	0	1	29656	1	0	next	other	0
20	494	Sound	test	8635017	0	1			0		other	0
20	494	Picture	response	8649132	14115	1	8664	1	14020	25000	incorrect	896
20	494	Port Input	1	8657722	22705	1
20	494	Response	3	8657722	22705	1
20	495	Picture	ITI	8658795	0	1	21492	1	0	next	other	0
20	496	Sound	test	8669437	0	1			0		other	0
20	496	Picture	response	8680288	10851	1	5498	1	10700	25000	incorrect	901
20	496	Port Input	2	8685730	16293	1
20	496	Response	4	8685730	16293	1
20	497	Picture	ITI	8686785	0	1	29490	1	0	next	other	0
20	498	Sound	test	8704657	0	1			0		other	0
20	498	Picture	response	8716275	11618	1	5498	1	11450	25000	incorrect	906
20	498	Port Input	2	8721661	17004	1
20	498	Response	4	8721661	17004	1
20	499	Picture	ITI	8722606	0	1	23492	1	0	next	other	0
20	500	Sound	test	8735227	0	1			0		other	0
20	500	Picture	response	8746098	10871	1	5331	1	10700	25000	incorrect	911
20	500	Port Input	2	8751293	16065	1
20	500	Response	4	8751293	16065	1
20	501	Picture	ITI	8752429	0	1	31489	1	0	next	other	0
20	502	Sound	test	8770680	0	1			0		other	0
20	502	Picture	response	8783918	13238	1	4498	1	13100	25000	incorrect	916
20	502	Port Input	1	8788286	17605	1
20	502	Response	3	8788286	17605	1
20	503	Picture	ITI	8789416	0	1	22492	1	0	next	other	0
20	504	Sound	test	8799587	0	1			0		other	0
20	504	Picture	response	8811908	12321	1	3499	1	12250	25000	incorrect	921
20	504	Port Input	1	8815336	15748	1
20	504	Response	3	8815336	15748	1
20	505	Picture	ITI	8816407	0	1	28323	1	0	next	other	0
20	506	Sound	test	8834608	0	1			0		other	0
20	506	Picture	response	8844730	10122	1	4998	1	10000	25000	incorrect	926
20	506	Port Input	2	8849559	14951	1
20	506	Response	4	8849559	14951	1
20	507	Picture	ITI	8850561	0	1	26491	1	0	next	other	0
20	508	Sound	test	8865553	0	1			0		other	0
20	508	Picture	response	8877052	11499	1	9663	1	11450	25000	incorrect	931
20	508	Port Input	2	8886615	21062	1
20	508	Response	4	8886615	21062	1
20	509	Picture	ITI	8887715	0	1	23825	1	0	next	other	0
20	510	Sound	test	8898276	0	1			0		other	0
20	510	Picture	response	8911540	13264	1	17327	1	13100	25000	incorrect	936
20	510	Port Input	2	8928772	30496	1
20	510	Response	4	8928772	30496	1
20	511	Picture	ITI	8929700	0	1	28323	1	0	next	other	0
20	512	Sound	test	8942961	0	1			0		other	0
20	512	Picture	response	8958024	15062	1	4832	1	15000	25000	incorrect	941
20	512	Port Input	1	8962787	19826	1
20	512	Response	3	8962787	19826	1
20	513	Picture	ITI	8963855	0	1	32988	1	0	next	other	0
20	514	Sound	test	8982766	0	1			0		other	0
20	514	Picture	response	8996843	14077	1	10330	1	14020	25000	incorrect	946
20	514	Port Input	2	9006986	24220	1
20	514	Response	4	9006986	24220	1
20	515	Picture	ITI	9008006	0	1	31822	1	0	next	other	0
20	516	Sound	test	9024777	0	1			0		other	0
20	516	Picture	response	9039828	15051	1	9830	1	15000	25000	incorrect	951
20	516	Port Input	1	9049507	24730	1
20	516	Response	3	9049507	24730	1
20	517	Picture	ITI	9050658	0	1	31822	1	0	next	other	0
20	517	Port Input	1	9050726	68	1
20	517	Response	3	9050726	68	1
20	518	Sound	test	9070179	0	1			0		other	0
20	518	Picture	response	9082480	12301	1	25158	1	12250	25000	miss	0
20	519	Picture	ITI	9107804	0	1	25324	1	0	next	other	0
20	519	Port Input	1	9111187	3382	1
20	519	Response	3	9111187	3382	1
20	520	Sound	test	9118016	0	1			0		other	0
20	520	Port Input	1	9118475	459	1
20	520	Picture	response	9133129	15113	1	4165	1	15000	25000	incorrect	964
20	520	Port Input	1	9137091	19076	1
20	520	Response	3	9137091	19076	1
20	521	Picture	ITI	9138127	0	1	25491	1	0	next	other	0
20	522	Sound	test	9150338	0	1			0		other	0
20	522	Picture	response	9163618	13280	1	10663	1	13100	25000	incorrect	969
20	522	Port Input	2	9174157	23819	1
20	522	Response	4	9174157	23819	1
20	523	Picture	ITI	9175114	0	1	23992	1	0	next	other	0
20	524	Sound	test	9189005	0	1			0		other	0
20	524	Picture	response	9199106	10100	1	7164	1	10000	25000	incorrect	974
20	524	Port Input	2	9206226	17220	1
20	524	Response	4	9206226	17220	1
20	525	Picture	ITI	9207269	0	1	31822	1	0	next	other	0
20	526	Sound	test	9225021	0	1			0		other	0
20	526	Picture	response	9239092	14071	1	7331	1	14020	25000	incorrect	979
20	526	Port Input	1	9246228	21207	1
20	526	Response	3	9246228	21207	1
20	527	Picture	ITI	9247255	0	1	31156	1	0	next	other	0
20	528	Sound	test	9264237	0	1			0		other	0
20	528	Picture	response	9278411	14175	1	4998	1	14020	25000	incorrect	984
20	528	Port Input	1	9283294	19057	1
20	528	Response	3	9283294	19057	1
20	529	Picture	ITI	9284409	0	1	24325	1	0	next	other	0
20	530	Sound	test	9298560	0	1			0		other	0
20	530	Picture	response	9308734	10174	1	5498	1	10000	25000	incorrect	989
20	530	Port Input	2	9314092	15531	1
20	530	Response	4	9314092	15531	1
20	531	Picture	ITI	9315232	0	1	23992	1	0	next	other	0
20	532	Sound	test	9326903	0	1			0		other	0
20	532	Picture	response	9339223	12320	1	5165	1	12250	25000	incorrect	994
20	532	Port Input	2	9344182	17279	1
20	532	Response	4	9344182	17279	1
20	533	Picture	ITI	9345221	0	1	27824	1	0	next	other	0
20	534	Sound	test	9359862	0	1			0		other	0
20	534	Picture	response	9373045	13182	1	10496	1	13100	25000	incorrect	999
20	534	Port Input	1	9383497	23634	1
20	534	Response	3	9383497	23634	1
20	535	Picture	ITI	9384541	0	1	25158	1	0	next	other	0
20	536	Sound	test	9398192	0	1			0		other	0
20	536	Picture	response	9409698	11507	1	10663	1	11450	25000	incorrect	1004
20	536	Port Input	2	9420219	22027	1
20	536	Response	4	9420219	22027	1
20	537	Picture	ITI	9421194	0	1	30989	1	0	next	other	0
20	538	Sound	test	9438016	0	1			0		other	0
20	538	Picture	response	9452184	14168	1	10330	1	14020	25000	incorrect	1009
20	538	Port Input	1	9462459	24444	1
20	538	Response	3	9462459	24444	1
20	539	Picture	ITI	9463513	0	1	24991	1	0	next	other	0
20	540	Sound	test	9475324	0	1			0		other	0
20	540	Picture	response	9488504	13180	1	8330	1	13100	25000	incorrect	1014
20	540	Port Input	1	9496787	21463	1
20	540	Response	3	9496787	21463	1
20	541	Picture	ITI	9497834	0	1	31656	1	0	next	other	0
20	542	Sound	test	9517166	0	1			0		other	0
20	542	Picture	response	9529490	12324	1	5831	1	12250	25000	incorrect	1019
20	542	Port Input	2	9535134	17968	1
20	542	Response	4	9535134	17968	1
20	543	Picture	ITI	9536154	0	1	27324	1	0	next	other	0
20	544	Sound	test	9553375	0	1			0		other	0
20	544	Picture	response	9563478	10103	1	6831	1	10000	25000	incorrect	1024
20	544	Port Input	2	9570117	16742	1
20	544	Response	4	9570117	16742	1
20	545	Picture	ITI	9571142	0	1	33655	1	0	next	other	0
20	546	Sound	test	9589723	0	1			0		other	0
20	546	Picture	response	9604797	15074	1	10163	1	15000	25000	incorrect	1029
20	546	Port Input	1	9614773	25050	1
20	546	Response	3	9614773	25050	1
20	547	Picture	ITI	9615793	0	1	26158	1	0	next	other	0
20	548	Sound	test	9628704	0	1			0		other	0
20	548	Picture	response	9641950	13246	1	5498	1	13100	25000	incorrect	1034
20	548	Port Input	2	9647331	18627	1
20	548	Response	4	9647331	18627	1
20	549	Picture	ITI	9648448	0	1	33655	1	0	next	other	0
20	550	Sound	test	9668039	0	1			0		other	0
20	550	Picture	response	9682103	14064	1	5998	1	14020	25000	incorrect	1039
20	550	Port Input	1	9687958	19919	1
20	550	Response	3	9687958	19919	1
20	551	Picture	ITI	9688934	0	1	28157	1	0	next	other	0
20	552	Sound	test	9701975	0	1			0		other	0
20	552	Picture	response	9717091	15116	1	7997	1	15000	25000	incorrect	1044
20	552	Port Input	1	9724899	22924	1
20	552	Response	3	9724899	22924	1
20	553	Picture	ITI	9725921	0	1	27157	1	0	next	other	0
20	554	Sound	test	9742262	0	1			0		other	0
20	554	Picture	response	9753078	10816	1	3999	1	10700	25000	incorrect	1049
20	554	Port Input	2	9756957	14695	1
20	554	Response	4	9756957	14695	1
20	555	Picture	ITI	9757910	0	1	26991	1	0	next	other	0
20	556	Sound	test	9772551	0	1			0		other	0
20	556	Picture	response	9784900	12349	1	5998	1	12250	25000	incorrect	1054
20	556	Port Input	2	9790743	18192	1
20	556	Response	4	9790743	18192	1
20	557	Picture	ITI	9791731	0	1	21492	1	0	next	other	0
20	558	Sound	test	9802392	0	1			0		other	0
20	558	Picture	response	9813224	10831	1	7997	1	10700	25000	incorrect	1059
20	558	Port Input	2	9821114	18722	1
20	558	Response	4	9821114	18722	1
20	559	Picture	ITI	9822220	0	1	33322	1	0	next	other	0
20	560	Sound	test	9841402	0	1			0		other	0
20	560	Picture	response	9855542	14140	1	6998	1	14020	25000	incorrect	1064
20	560	Port Input	1	9862334	20933	1
20	560	Response	3	9862334	20933	1
20	561	Picture	ITI	9863373	0	1	33821	1	0	next	other	0
20	562	Sound	test	9882094	0	1			0		other	0
20	562	Picture	response	9897194	15100	1	4332	1	15000	25000	incorrect	1069
20	562	Port Input	1	9901399	19305	1
20	562	Response	3	9901399	19305	1
20	563	Picture	ITI	9902526	0	1	29656	1	0	next	other	0
20	564	Sound	test	9920587	0	1			0		other	0
20	564	Picture	response	9932182	11595	1	8164	1	11450	25000	incorrect	1074
20	564	Port Input	2	9940214	19628	1
20	564	Response	4	9940214	19628	1
20	565	Picture	ITI	9941345	0	1	27657	1	0	next	other	0
20	566	Sound	test	9954957	0	1			0		other	0
20	566	Picture	response	9969002	14046	1	16994	1	14020	25000	incorrect	1079
20	566	Port Input	1	9985860	30903	1
20	566	Response	3	9985860	30903	1
20	567	Picture	ITI	9986996	0	1	24158	1	0	next	other	0
20	568	Sound	test	9998858	0	1			0		other	0
20	568	Picture	response	10011154	12297	1	5665	1	12250	25000	incorrect	1084
20	568	Port Input	2	10016647	17790	1
20	568	Response	4	10016647	17790	1
20	569	Picture	ITI	10017652	0	1	26491	1	0	next	other	0
20	570	Sound	test	10034053	0	1			0		other	0
20	570	Picture	response	10044143	10089	1	5665	1	10000	25000	incorrect	1089
20	570	Port Input	2	10049715	15662	1
20	570	Response	4	10049715	15662	1
20	571	Picture	ITI	10050807	0	1	24991	1	0	next	other	0
20	572	Sound	test	10064928	0	1			0		other	0
20	572	Picture	response	10075798	10870	1	10663	1	10700	25000	incorrect	1094
20	572	Port Input	1	10086416	21488	1
20	572	Response	3	10086416	21488	1
20	573	Picture	ITI	10087461	0	1	29823	1	0	next	other	0
20	574	Sound	test	10106542	0	1			0		other	0
20	574	Picture	response	10117284	10742	1	10496	1	10700	25000	incorrect	1099
20	574	Port Input	1	10127668	21126	1
20	574	Response	3	10127668	21126	1
20	575	Picture	ITI	10128779	0	1	28657	1	0	next	other	0
20	575	Port Input	1	10128917	138	1
20	575	Response	3	10128917	138	1
20	576	Sound	test	10147331	0	1			0		other	0
20	576	Picture	response	10157436	10105	1	13828	1	10000	25000	incorrect	1106
20	576	Port Input	1	10171137	23806	1
20	576	Response	3	10171137	23806	1
20	577	Picture	ITI	10172098	0	1	25824	1	0	next	other	0
20	578	Sound	test	10187169	0	1			0		other	0
20	578	Picture	response	10197922	10753	1	8330	1	10700	25000	incorrect	1111
20	578	Port Input	2	10206079	18910	1
20	578	Response	4	10206079	18910	1
20	579	Picture	ITI	10207085	0	1	25658	1	0	next	other	0
20	580	Sound	test	10217637	0	1			0		other	0
20	580	Picture	response	10232743	15106	1	8997	1	15000	25000	incorrect	1116
20	580	Port Input	1	10241625	23988	1
20	580	Response	3	10241625	23988	1
20	581	Picture	ITI	10242573	0	1	28657	1	0	next	other	0
20	582	Sound	test	10261174	0	1			0		other	0
20	582	Picture	response	10271230	10055	1	7164	1	10000	25000	incorrect	1121
20	582	Port Input	2	10278233	17059	1
20	582	Response	4	10278233	17059	1
20	583	Picture	ITI	10279227	0	1	33488	1	0	next	other	0
20	584	Sound	test	10297628	0	1			0		other	0
20	584	Picture	response	10312715	15087	1	5165	1	15000	25000	incorrect	1126
20	584	Port Input	1	10317735	20107	1
20	584	Response	3	10317735	20107	1
20	585	Picture	ITI	10318713	0	1	32322	1	0	next	other	0
20	586	Sound	test	10338684	0	1			0		other	0
20	586	Picture	response	10351035	12351	1	17161	1	12250	25000	incorrect	1131
20	586	Port Input	1	10368055	29371	1
20	586	Response	3	10368055	29371	1
20	587	Picture	ITI	10369195	0	1	31156	1	0	next	other	0
20	588	Sound	test	10385306	0	1			0		other	0
20	588	Picture	response	10400351	15044	1	13995	1	15000	25000	incorrect	1136
20	588	Port Input	1	10414211	28904	1
20	588	Response	3	10414211	28904	1
20	589	Picture	ITI	10415179	0	1	34155	1	0	next	other	0
20	590	Sound	test	10435170	0	1			0		other	0
20	590	Picture	response	10449334	14164	1	4165	1	14020	25000	incorrect	1141
20	590	Port Input	1	10453359	18189	1
20	590	Response	3	10453359	18189	1
20	591	Picture	ITI	10454499	0	1	27324	1	0	next	other	0
20	592	Sound	test	10470290	0	1			0		other	0
20	592	Picture	response	10481822	11532	1	5331	1	11450	25000	incorrect	1146
20	592	Port Input	2	10487083	16793	1
20	592	Response	4	10487083	16793	1
20	593	Picture	ITI	10488153	0	1	22992	1	0	next	other	0
20	594	Sound	test	10501116	0	1			0		other	0
20	594	Picture	response	10511145	10030	1	10830	1	10000	25000	incorrect	1151
20	594	Port Input	2	10521889	20774	1
20	594	Response	4	10521889	20774	1
20	595	Picture	ITI	10522975	0	1	28323	1	0	next	other	0
20	596	Sound	test	10537146	0	1			0		other	0
20	596	Picture	response	10551298	14152	1	11829	1	14020	25000	incorrect	1156
20	596	Port Input	2	10562922	25777	1
20	596	Response	4	10562922	25777	1
20	597	Picture	ITI	10563960	0	1	24158	1	0	next	other	0
20	598	Sound	test	10576491	0	1			0		other	0
20	598	Picture	response	10588118	11627	1	4998	1	11450	25000	incorrect	1161
20	598	Port Input	2	10592919	16427	1
20	598	Response	4	10592919	16427	1
20	599	Picture	ITI	10593950	0	1	21992	1	0	next	other	0
20	600	Sound	test	10605891	0	1			0		other	0
20	600	Picture	response	10615942	10051	1	5665	1	10000	25000	incorrect	1166
20	600	Port Input	2	10621416	15525	1
20	600	Response	4	10621416	15525	1
20	601	Picture	ITI	10622440	0	1	22326	1	0	next	other	0
20	602	Sound	test	10634611	0	1			0		other	0
20	602	Picture	response	10644765	10154	1	6165	1	10000	25000	incorrect	1171
20	602	Port Input	1	10650735	16124	1
20	602	Response	3	10650735	16124	1
20	603	Picture	ITI	10651763	0	1	30989	1	0	next	other	0
20	604	Sound	test	10669624	0	1			0		other	0
20	604	Picture	response	10682752	13128	1	4665	1	13100	25000	incorrect	1176
20	604	Port Input	1	10687333	17709	1
20	604	Response	3	10687333	17709	1
20	605	Picture	ITI	10688416	0	1	28823	1	0	next	other	0
20	606	Sound	test	10703088	0	1			0		other	0
20	606	Picture	response	10717240	14152	1	3665	1	14020	25000	incorrect	1181
20	606	Port Input	1	10720703	17615	1
20	606	Response	3	10720703	17615	1
20	607	Picture	ITI	10721738	0	1	31156	1	0	next	other	0
20	608	Sound	test	10741379	0	1			0		other	0
20	608	Picture	response	10752894	11515	1	6498	1	11450	25000	incorrect	1186
20	608	Port Input	1	10759341	17961	1
20	608	Response	3	10759341	17961	1
20	609	Picture	ITI	10760391	0	1	31989	1	0	next	other	0
20	610	Sound	test	10779163	0	1			0		other	0
20	610	Picture	response	10792380	13218	1	10496	1	13100	25000	incorrect	1191
20	610	Port Input	1	10802716	23554	1
20	610	Response	3	10802716	23554	1
20	611	Picture	ITI	10803709	0	1	30489	1	0	next	other	0
20	612	Sound	test	10819021	0	1			0		other	0
20	612	Picture	response	10834199	15178	1	4165	1	15000	25000	incorrect	1196
20	612	Port Input	1	10838241	19221	1
20	612	Response	3	10838241	19221	1
20	613	Picture	ITI	10839364	0	1	26657	1	0	next	other	0
20	614	Sound	test	10853745	0	1			0		other	0
20	614	Picture	response	10866021	12276	1	5998	1	12250	25000	incorrect	1201
20	614	Port Input	2	10871976	18231	1
20	614	Response	4	10871976	18231	1
20	615	Picture	ITI	10873018	0	1	29156	1	0	next	other	0
20	616	Sound	test	10890620	0	1			0		other	0
20	616	Picture	response	10902175	11555	1	12496	1	11450	25000	incorrect	1206
20	616	Port Input	1	10914591	23971	1
20	616	Response	3	10914591	23971	1
20	617	Picture	ITI	10915670	0	1	22992	1	0	next	other	0
20	618	Sound	test	10927821	0	1			0		other	0
20	618	Picture	response	10938662	10841	1	2999	1	10700	25000	incorrect	1211
20	618	Port Input	1	10941568	13747	1
20	618	Response	3	10941568	13747	1
20	619	Picture	ITI	10942661	0	1	33322	1	0	next	other	0
20	620	Sound	test	10961912	0	1			0		other	0
20	620	Picture	response	10975982	14070	1	19493	1	14020	25000	incorrect	1216
20	620	Port Input	2	10995355	33444	1
20	620	Response	4	10995355	33444	1
20	621	Picture	ITI	10996475	0	1	27324	1	0	next	other	0
20	622	Sound	test	11011406	0	1			0		other	0
20	622	Picture	response	11023799	12392	1	8830	1	12250	25000	incorrect	1221
20	622	Port Input	2	11032567	21161	1
20	622	Response	4	11032567	21161	1
20	623	Picture	ITI	11033629	0	1	27657	1	0	next	other	0
20	624	Sound	test	11046260	0	1			0		other	0
20	624	Port Input	2	11046644	384	1
20	624	Port Input	2	11050142	3882	1
20	624	Picture	response	11061286	15025	1	11663	1	15000	25000	incorrect	1228
20	624	Port Input	1	11072778	26517	1
20	624	Response	3	11072778	26517	1
20	624A	Port Input	2	11073204	426	1
20	625	Picture	ITI	11073781	0	1	29323	1	0	next	other	0
20	626	Sound	test	11093032	0	1			0		other	0
20	626	Picture	response	11103104	10072	1	15495	1	10000	25000	incorrect	1234
20	626	Port Input	2	11118392	25359	1
20	626	Response	4	11118392	25359	1
20	627	Picture	ITI	11119432	0	1	21492	1	0	next	other	0
20	628	Sound	test	11130163	0	1			0		other	0
20	628	Picture	response	11140924	10761	1	6165	1	10700	25000	incorrect	1239
20	628	Port Input	1	11146910	16747	1
20	628	Response	3	11146910	16747	1
20	629	Picture	ITI	11147922	0	1	21992	1	0	next	other	0
20	630	Sound	test	11159053	0	1			0		other	0
20	630	Picture	response	11169914	10861	1	9497	1	10700	25000	incorrect	1244
20	630	Port Input	2	11179249	20196	1
20	630	Response	4	11179249	20196	1
20	631	Picture	ITI	11180411	0	1	30323	1	0	next	other	0
20	632	Sound	test	11198442	0	1			0		other	0
20	632	Picture	response	11210733	12291	1	8997	1	12250	25000	incorrect	1249
20	632	Port Input	1	11219605	21163	1
20	632	Response	3	11219605	21163	1
20	633	Picture	ITI	11220563	0	1	25491	1	0	next	other	0
20	634	Sound	test	11234424	0	1			0		other	0
20	634	Picture	response	11246054	11630	1	9497	1	11450	25000	incorrect	1254
20	634	Port Input	2	11255463	21039	1
20	634	Response	4	11255463	21039	1
20	635	Picture	ITI	11256550	0	1	21326	1	0	next	other	0
20	636	Sound	test	11267012	0	1			0		other	0
20	636	Picture	response	11277876	10865	1	8997	1	10700	25000	incorrect	1259
20	636	Port Input	2	11286740	19729	1
20	636	Response	4	11286740	19729	1
20	637	Picture	ITI	11287873	0	1	24825	1	0	next	other	0
20	638	Sound	test	11301864	0	1			0		other	0
20	638	Picture	response	11312697	10833	1	13828	1	10700	25000	incorrect	1264
20	638	Port Input	1	11326357	24493	1
20	638	Response	3	11326357	24493	1
20	639	Picture	ITI	11327359	0	1	23825	1	0	next	other	0
20	640	Sound	test	11341110	0	1			0		other	0
20	640	Picture	response	11351184	10074	1	15161	1	10000	25000	incorrect	1269
20	640	Port Input	2	11366276	25166	1
20	640	Response	4	11366276	25166	1
20	641	Picture	ITI	11367345	0	1	28157	1	0	next	other	0
20	642	Sound	test	11380426	0	1			0		other	0
20	642	Picture	response	11395502	15075	1	4498	1	15000	25000	incorrect	1274
20	642	Port Input	1	11399948	19521	1
20	642	Response	3	11399948	19521	1
20	643	Picture	ITI	11401000	0	1	32489	1	0	next	other	0
20	644	Sound	test	11418441	0	1			0		other	0
20	644	Picture	response	11433488	15047	1	3499	1	15000	25000	incorrect	1279
20	644	Port Input	1	11436920	18479	1
20	644	Response	3	11436920	18479	1
20	645	Picture	ITI	11437987	0	1	20659	1	0	next	other	0
20	646	Sound	test	11448538	0	1			0		other	0
20	646	Picture	response	11458646	10108	1	6498	1	10000	25000	incorrect	1284
20	646	Port Input	2	11464990	16452	1
20	646	Response	4	11464990	16452	1
20	647	Picture	ITI	11465977	0	1	31322	1	0	next	other	0
20	648	Sound	test	11484058	0	1			0		other	0
20	648	Picture	response	11497299	13241	1	5331	1	13100	25000	incorrect	1289
20	648	Port Input	1	11502494	18435	1
20	648	Response	3	11502494	18435	1
20	649	Picture	ITI	11503464	0	1	22159	1	0	next	other	0
20	650	Sound	test	11515575	0	1			0		other	0
20	650	Picture	response	11525623	10048	1	7331	1	10000	25000	incorrect	1294
20	650	Port Input	2	11532865	17290	1
20	650	Response	4	11532865	17290	1
20	651	Picture	ITI	11533953	0	1	24991	1	0	next	other	0
20	652	Sound	test	11548765	0	1			0		other	0
20	652	Picture	response	11558944	10180	1	5165	1	10000	25000	incorrect	1299
20	652	Port Input	2	11564048	15284	1
20	652	Response	4	11564048	15284	1
20	653	Picture	ITI	11565109	0	1	32655	1	0	next	other	0
20	654	Sound	test	11584480	0	1			0		other	0
20	654	Picture	response	11597764	13284	1	16328	1	13100	25000	incorrect	1304
20	654	Port Input	1	11613900	29420	1
20	654	Response	3	11613900	29420	1
20	655	Picture	ITI	11614925	0	1	26991	1	0	next	other	0
20	656	Sound	test	11629476	0	1			0		other	0
20	656	Picture	response	11641915	12439	1	7497	1	12250	25000	incorrect	1309
20	656	Port Input	2	11649363	19887	1
20	656	Response	4	11649363	19887	1
20	657	Picture	ITI	11650412	0	1	22492	1	0	next	other	0
20	658	Sound	test	11662814	0	1			0		other	0
20	658	Picture	response	11672904	10091	1	5831	1	10000	25000	incorrect	1314
20	658	Port Input	2	11678609	15796	1
20	658	Response	4	11678609	15796	1
20	659	Picture	ITI	11679569	0	1	29323	1	0	next	other	0
20	660	Sound	test	11698780	0	1			0		other	0
20	660	Picture	response	11708892	10112	1	5331	1	10000	25000	incorrect	1319
20	660	Port Input	2	11714114	15334	1
20	660	Response	4	11714114	15334	1
20	661	Picture	ITI	11715056	0	1	23325	1	0	next	other	0
20	662	Sound	test	11725197	0	1			0		other	0
20	662	Picture	response	11738381	13184	1	4998	1	13100	25000	incorrect	1324
20	662	Port Input	1	11743277	18080	1
20	662	Response	3	11743277	18080	1
20	663	Picture	ITI	11744379	0	1	24658	1	0	next	other	0
20	664	Sound	test	11757431	0	1			0		other	0
20	664	Picture	response	11769037	11607	1	8497	1	11450	25000	incorrect	1329
20	664	Port Input	1	11777449	20018	1
20	664	Response	3	11777449	20018	1
20	665	Picture	ITI	11778534	0	1	24991	1	0	next	other	0
20	666	Sound	test	11792795	0	1			0		other	0
20	666	Picture	response	11803525	10730	1	4998	1	10700	25000	incorrect	1334
20	666	Port Input	2	11808351	15556	1
20	666	Response	4	11808351	15556	1
20	667	Picture	ITI	11809357	0	1	20160	1	0	next	other	0
20	668	Sound	test	11819448	0	1			0		other	0
20	668	Picture	response	11829516	10068	1	7997	1	10000	25000	incorrect	1339
20	668	Port Input	1	11837431	17983	1
20	668	Response	3	11837431	17983	1
20	669	Picture	ITI	11838513	0	1	29490	1	0	next	other	0
20	670	Sound	test	11854724	0	1			0		other	0
20	670	Picture	response	11868003	13278	1	4832	1	13100	25000	incorrect	1344
20	670	Port Input	1	11872748	18023	1
20	670	Response	3	11872748	18023	1
20	671	Picture	ITI	11873834	0	1	30989	1	0	next	other	0
20	672	Sound	test	11892465	0	1			0		other	0
20	672	Picture	response	11904823	12358	1	8830	1	12250	25000	incorrect	1349
20	672	Port Input	1	11913520	21055	1
20	672	Response	3	11913520	21055	1
20	673	Picture	ITI	11914653	0	1	20160	1	0	next	other	0
20	674	Picture	Instruction	11934813	0	1	988253	1	0	next	other	0
20	674	Quit		12917607	982795	NA


{
   "app": "Presentation Version 20.2 Build 07.25.18",
   "device": "LENOVO 10A8S1PC00",
   "experiment": "{772213B2-5F0F-4A35-9C2F-36954700C7EA}",
   "os": "Windows 7 64 bit",
   "package": "",
   "parameters": {
      "configuration": "Default configuration"
   },
   "scenario": "Timing Task with Dynanometer.sce",
   "subject": "20",
   "timestamp": "2019/03/14 06:57:38 GMT"
}
