Scenario - Timing Task
Logfile written - 03/14/2019 14:51:20

Subject	Trial	Event Type	Code	Time	TTime	Uncertainty	Duration	Uncertainty	ReqTime	ReqDur	Stim Type	Pair Index

21	1	Picture	Instruction	500	0	1	550807	1	0	next	other	0
21	1	Response	3	505	5	1
21	1	Response	3	187204	186704	1
21	1	Response	4	187204	186704	1
21	1	Response	3	188468	187968	1
21	1	Response	4	188468	187968	1
21	1	Response	3	188486	187986	1
21	1	Response	4	188486	187986	1
21	1	Response	1	546210	545711	0
21	2	Picture	ITI	551306	0	1	10496	1	0	next	other	0
21	3	Sound	Stimuli	561323	0	406			0		other	0
21	4	Picture	Feedback	591626	0	1	20160	1	0	next	other	0
21	5	Picture	ITI	611785	0	1	10163	1	0	next	other	0
21	5	Response	3	614378	2593	1
21	5	Response	4	619386	7601	1
21	6	Sound	Stimuli	621786	0	1			0		other	0
21	7	Picture	Feedback	656769	0	1	20160	1	0	next	other	0
21	8	Picture	ITI	676929	0	1	10163	1	0	next	other	0
21	9	Sound	Stimuli	686930	0	1			0		other	0
21	10	Picture	Feedback	717082	0	1	20160	1	0	next	other	0
21	11	Picture	ITI	737241	0	1	10163	1	0	next	other	0
21	12	Sound	Stimuli	747242	0	1			0		other	0
21	13	Picture	Feedback	782225	0	1	20160	1	0	next	other	0
21	14	Picture	ITI	802385	0	1	10163	1	0	next	other	0
21	15	Sound	Stimuli	812386	0	1			0		other	0
21	16	Picture	Feedback	842538	0	1	20160	1	0	next	other	0
21	17	Picture	ITI	862697	0	1	10163	1	0	next	other	0
21	18	Sound	Stimuli	872698	0	1			0		other	0
21	19	Picture	Feedback	907848	0	1	20160	1	0	next	other	0
21	20	Picture	ITI	928008	0	1	10163	1	0	next	other	0
21	21	Sound	Stimuli	938009	0	1			0		other	0
21	22	Picture	Feedback	968160	0	1	20160	1	0	next	other	0
21	23	Picture	ITI	988320	0	1	10163	1	0	next	other	0
21	24	Sound	Stimuli	998321	0	1			0		other	0
21	25	Picture	Feedback	1033471	0	1	20160	1	0	next	other	0
21	26	Picture	ITI	1053630	0	1	10163	1	0	next	other	0
21	27	Sound	Stimuli	1063631	0	1			0		other	0
21	28	Picture	Feedback	1093616	0	1	20160	1	0	next	other	0
21	29	Picture	ITI	1113776	0	1	10163	1	0	next	other	0
21	30	Sound	Stimuli	1123777	0	1			0		other	0
21	31	Picture	Feedback	1158760	0	1	20160	1	0	next	other	0
21	32	Picture	End_Block	1178920	0	1	39319	1	0	next	other	0
21	32	Response	1	1218116	39196	0
21	33	Picture	ITI	1218239	0	1	10163	1	0	next	other	0
21	34	Picture	Break	1228402	0	1	24991	1	0	next	other	0
21	34	Response	1	1253314	24912	0
21	35	Picture	ITI	1253393	0	1	10163	1	0	next	other	0
21	36	Picture	Instruction	1263557	0	1	40819	1	0	next	other	0
21	36	Response	1	1299234	35677	0
21	37	Picture	ITI	1304376	0	1	25658	1	0	next	other	0
21	38	Sound	Practice	1314857	0	1			0		other	0
21	38	Picture	response	1330033	15176	1	4832	1	15000	25000	hit	54
21	38	Port Input	2	1334705	19848	1
21	38	Response	4	1334705	19848	1
21	39	Picture	ITI	1344861	0	1	27990	1	0	next	other	0
21	40	Sound	Practice	1357753	0	1			0		other	0
21	40	Picture	response	1372851	15099	1	3999	1	15000	25000	hit	59
21	40	Port Input	2	1376717	18964	1
21	40	Response	4	1376717	18964	1
21	41	Picture	ITI	1386847	0	1	27324	1	0	next	other	0
21	42	Sound	Practice	1404058	0	1			0		other	0
21	42	Picture	response	1414170	10112	1	6498	1	10000	25000	incorrect	64
21	42	Port Input	2	1420519	16461	1
21	42	Response	4	1420519	16461	1
21	43	Picture	ITI	1430665	0	1	25324	1	0	next	other	0
21	44	Sound	Practice	1440876	0	1			0		other	0
21	44	Picture	response	1455989	15113	1	4998	1	15000	25000	hit	69
21	44	Port Input	2	1460833	19958	1
21	44	Response	4	1460833	19958	1
21	45	Picture	ITI	1470984	0	1	27157	1	0	next	other	0
21	46	Sound	Practice	1483045	0	1			0		other	0
21	46	Picture	response	1498141	15096	1	5998	1	15000	25000	hit	74
21	46	Port Input	2	1504084	21039	1
21	46	Response	4	1504084	21039	1
21	47	Picture	ITI	1514135	0	1	20659	1	0	next	other	0
21	48	Sound	Practice	1524637	0	1			0		other	0
21	48	Picture	response	1534795	10158	1	6664	1	10000	25000	hit	79
21	48	Port Input	1	1541400	16763	1
21	48	Response	3	1541400	16763	1
21	49	Picture	ITI	1551455	0	1	28157	1	0	next	other	0
21	50	Sound	Practice	1564477	0	1			0		other	0
21	50	Picture	response	1579612	15135	1	4832	1	15000	25000	hit	84
21	50	Port Input	2	1584348	19871	1
21	50	Response	4	1584348	19871	1
21	51	Picture	ITI	1594440	0	1	26824	1	0	next	other	0
21	52	Sound	Practice	1611082	0	1			0		other	0
21	52	Picture	response	1621264	10183	1	6165	1	10000	25000	hit	89
21	52	Port Input	1	1627245	16163	1
21	52	Response	3	1627245	16163	1
21	53	Picture	ITI	1637425	0	1	28157	1	0	next	other	0
21	54	Sound	Practice	1650507	0	1			0		other	0
21	54	Picture	response	1665582	15075	1	10996	1	15000	25000	hit	94
21	54	Port Input	2	1676430	25923	1
21	54	Response	4	1676430	25923	1
21	55	Picture	ITI	1686575	0	1	25991	1	0	next	other	0
21	56	Sound	Practice	1702416	0	1			0		other	0
21	56	Picture	response	1712566	10149	1	5165	1	10000	25000	hit	99
21	56	Port Input	1	1717588	15172	1
21	56	Response	3	1717588	15172	1
21	57	Picture	ITI	1727727	0	1	20826	1	0	next	other	0
21	58	Sound	Practice	1738418	0	1			0		other	0
21	58	Picture	response	1748553	10135	1	5331	1	10000	25000	hit	104
21	58	Port Input	1	1753685	15267	1
21	58	Response	3	1753685	15267	1
21	59	Picture	ITI	1763714	0	1	28823	1	0	next	other	0
21	60	Sound	Practice	1782396	0	1			0		other	0
21	60	Picture	response	1792538	10142	1	6498	1	10000	25000	hit	109
21	60	Port Input	1	1798904	16508	1
21	60	Response	3	1798904	16508	1
21	61	Picture	ITI	1809032	0	1	26491	1	0	next	other	0
21	62	Sound	Practice	1820363	0	1			0		other	0
21	62	Picture	response	1835523	15159	1	6498	1	15000	25000	incorrect	114
21	62	Port Input	1	1841842	21478	1
21	62	Response	3	1841842	21478	1
21	63	Picture	ITI	1852017	0	1	21826	1	0	next	other	0
21	64	Sound	Practice	1863798	0	1			0		other	0
21	64	Picture	response	1873842	10044	1	6998	1	10000	25000	hit	119
21	64	Port Input	1	1880636	16838	1
21	64	Response	3	1880636	16838	1
21	65	Picture	ITI	1890670	0	1	24991	1	0	next	other	0
21	66	Sound	Practice	1905632	0	1			0		other	0
21	66	Picture	response	1915661	10029	1	5498	1	10000	25000	hit	124
21	66	Port Input	1	1920961	15329	1
21	66	Response	3	1920961	15329	1
21	67	Picture	ITI	1930989	0	1	33821	1	0	next	other	0
21	68	Sound	Practice	1949631	0	1			0		other	0
21	68	Picture	response	1964810	15180	1	4498	1	15000	25000	hit	129
21	68	Port Input	2	1969209	19578	1
21	68	Response	4	1969209	19578	1
21	69	Picture	ITI	1979305	0	1	27657	1	0	next	other	0
21	70	Sound	Practice	1996897	0	1			0		other	0
21	70	Picture	response	2006962	10066	1	5998	1	10000	25000	hit	134
21	70	Port Input	1	2012834	15937	1
21	70	Response	3	2012834	15937	1
21	71	Picture	ITI	2022957	0	1	34821	1	0	next	other	0
21	72	Sound	Practice	2042668	0	1			0		other	0
21	72	Picture	response	2057778	15110	1	5665	1	15000	25000	hit	139
21	72	Port Input	2	2063352	20684	1
21	72	Response	4	2063352	20684	1
21	73	Picture	ITI	2073439	0	1	27657	1	0	next	other	0
21	74	Sound	Practice	2091040	0	1			0		other	0
21	74	Picture	response	2101096	10056	1	4498	1	10000	25000	hit	144
21	74	Port Input	1	2105415	14375	1
21	74	Response	3	2105415	14375	1
21	75	Picture	ITI	2115591	0	1	23992	1	0	next	other	0
21	76	Sound	Practice	2129432	0	1			0		other	0
21	76	Picture	response	2139582	10150	1	5665	1	10000	25000	hit	149
21	76	Port Input	1	2145042	15610	1
21	76	Response	3	2145042	15610	1
21	77	Picture	ITI	2155077	0	1	29156	1	0	next	other	0
21	78	Sound	Practice	2169168	0	1			0		other	0
21	78	Picture	response	2184234	15065	1	3999	1	15000	25000	hit	154
21	78	Port Input	2	2188074	18906	1
21	78	Response	4	2188074	18906	1
21	79	Picture	ITI	2198229	0	1	32322	1	0	next	other	0
21	80	Sound	Practice	2215370	0	1			0		other	0
21	80	Picture	response	2230551	15181	1	6831	1	15000	25000	hit	159
21	80	Port Input	2	2237332	21962	1
21	80	Response	4	2237332	21962	1
21	81	Picture	ITI	2247378	0	1	27824	1	0	next	other	0
21	82	Sound	Practice	2260079	0	1			0		other	0
21	82	Picture	response	2275202	15122	1	6331	1	15000	25000	hit	164
21	82	Port Input	2	2281447	21367	1
21	82	Response	4	2281447	21367	1
21	83	Picture	ITI	2291529	0	1	33655	1	0	next	other	0
21	84	Sound	Practice	2310071	0	1			0		other	0
21	84	Picture	response	2325184	15113	1	6831	1	15000	25000	hit	169
21	84	Port Input	2	2331881	21811	1
21	84	Response	4	2331881	21811	1
21	85	Picture	ITI	2342011	0	1	29323	1	0	next	other	0
21	86	Sound	Practice	2361153	0	1			0		other	0
21	86	Picture	response	2371334	10182	1	5331	1	10000	25000	hit	174
21	86	Port Input	1	2376506	15353	1
21	86	Response	3	2376506	15353	1
21	87	Picture	Break	2386662	0	1	15828	1	0	next	other	0
21	87	Response	1	2402410	15748	0
21	88	Picture	Instruction	2402490	0	1	10830	1	0	next	other	0
21	88	Response	1	2413130	10639	0
21	89	Picture	ITI	2413320	0	1	15161	1	0	next	other	0
21	90	Picture	ITI	2428481	0	1	22325	1	0	next	other	0
21	91	Sound	test	2440692	0	1			0		other	0
21	91	Picture	response	2450807	10114	1	4998	1	10000	25000	incorrect	184
21	91	Port Input	1	2455729	15037	1
21	91	Response	3	2455729	15037	1
21	92	Picture	ITI	2456805	0	1	25324	1	0	next	other	0
21	93	Sound	test	2470626	0	1			0		other	0
21	93	Picture	response	2482129	11503	1	5998	1	11450	25000	incorrect	189
21	93	Port Input	1	2488006	17380	1
21	93	Response	3	2488006	17380	1
21	94	Picture	ITI	2489127	0	1	31822	1	0	next	other	0
21	95	Sound	test	2506848	0	1			0		other	0
21	95	Picture	response	2520949	14101	1	3832	1	14020	25000	incorrect	194
21	95	Port Input	2	2524686	17839	1
21	95	Response	4	2524686	17839	1
21	96	Picture	ITI	2525780	0	1	27990	1	0	next	other	0
21	97	Sound	test	2541492	0	1			0		other	0
21	97	Picture	response	2553770	12279	1	11996	1	12250	25000	incorrect	199
21	97	Port Input	2	2565709	24217	1
21	97	Response	4	2565709	24217	1
21	98	Picture	ITI	2566766	0	1	24991	1	0	next	other	0
21	99	Sound	test	2580257	0	1			0		other	0
21	99	Picture	response	2591757	11500	1	4832	1	11450	25000	incorrect	204
21	99	Port Input	2	2596413	16156	1
21	99	Response	4	2596413	16156	1
21	100	Picture	ITI	2597422	0	1	25991	1	0	next	other	0
21	101	Sound	test	2612533	0	1			0		other	0
21	101	Picture	response	2623413	10880	1	6664	1	10700	25000	incorrect	209
21	101	Port Input	1	2629897	17364	1
21	101	Response	3	2629897	17364	1
21	102	Picture	ITI	2630910	0	1	30323	1	0	next	other	0
21	103	Sound	test	2648831	0	1			0		other	0
21	103	Picture	response	2661233	12401	1	5498	1	12250	25000	incorrect	214
21	103	Port Input	1	2666672	17840	1
21	103	Response	3	2666672	17840	1
21	104	Picture	ITI	2667731	0	1	25324	1	0	next	other	0
21	105	Sound	test	2683022	0	1			0		other	0
21	105	Picture	response	2693055	10033	1	7664	1	10000	25000	incorrect	219
21	105	Port Input	1	2700572	17550	1
21	105	Response	3	2700572	17550	1
21	106	Picture	ITI	2701719	0	1	23992	1	0	next	other	0
21	107	Sound	test	2714880	0	1			0		other	0
21	107	Picture	response	2725710	10830	1	4832	1	10700	25000	incorrect	224
21	107	Port Input	1	2730412	15533	1
21	107	Response	3	2730412	15533	1
21	108	Picture	ITI	2731375	0	1	28490	1	0	next	other	0
21	109	Sound	test	2746606	0	1			0		other	0
21	109	Picture	response	2759865	13259	1	3166	1	13100	25000	incorrect	229
21	109	Port Input	2	2762897	16291	1
21	109	Response	4	2762897	16291	1
21	110	Picture	ITI	2763863	0	1	27824	1	0	next	other	0
21	111	Sound	test	2779315	0	1			0		other	0
21	111	Picture	response	2791687	12372	1	6831	1	12250	25000	incorrect	234
21	111	Port Input	1	2798391	19076	1
21	111	Response	3	2798391	19076	1
21	112	Picture	ITI	2799518	0	1	33488	1	0	next	other	0
21	113	Sound	test	2818839	0	1			0		other	0
21	113	Picture	response	2833006	14167	1	3499	1	14020	25000	incorrect	239
21	113	Port Input	2	2836321	17482	1
21	113	Response	4	2836321	17482	1
21	114	Picture	ITI	2837338	0	1	28823	1	0	next	other	0
21	115	Sound	test	2852879	0	1			0		other	0
21	115	Picture	response	2866161	13282	1	4665	1	13100	25000	incorrect	244
21	115	Port Input	2	2870628	17749	1
21	115	Response	4	2870628	17749	1
21	116	Picture	ITI	2871659	0	1	23992	1	0	next	other	0
21	117	Sound	test	2884120	0	1			0		other	0
21	117	Picture	response	2895651	11530	1	4165	1	11450	25000	incorrect	249
21	117	Port Input	2	2899687	15566	1
21	117	Response	4	2899687	15566	1
21	118	Picture	ITI	2900815	0	1	30489	1	0	next	other	0
21	119	Sound	test	2917237	0	1			0		other	0
21	119	Picture	response	2931305	14068	1	3832	1	14020	25000	incorrect	254
21	119	Port Input	2	2935003	17767	1
21	119	Response	4	2935003	17767	1
21	120	Picture	ITI	2935970	0	1	25324	1	0	next	other	0
21	121	Sound	test	2948051	0	1			0		other	0
21	121	Picture	response	2961294	13243	1	3499	1	13100	25000	incorrect	259
21	121	Port Input	2	2964604	16553	1
21	121	Response	4	2964604	16553	1
21	122	Picture	ITI	2965626	0	1	24825	1	0	next	other	0
21	123	Sound	test	2978037	0	1			0		other	0
21	123	Picture	response	2990451	12413	1	6165	1	12250	25000	incorrect	264
21	123	Port Input	1	2996485	18448	1
21	123	Response	3	2996485	18448	1
21	124	Picture	ITI	2997615	0	1	33322	1	0	next	other	0
21	125	Sound	test	3015776	0	1			0		other	0
21	125	Picture	response	3030936	15160	1	1999	1	15000	25000	incorrect	269
21	125	Port Input	2	3032832	17056	1
21	125	Response	4	3032832	17056	1
21	126	Picture	ITI	3033769	0	1	30989	1	0	next	other	0
21	127	Sound	test	3053140	0	1			0		other	0
21	127	Picture	response	3064758	11618	1	5498	1	11450	25000	incorrect	274
21	127	Port Input	1	3070148	17008	1
21	127	Response	3	3070148	17008	1
21	128	Picture	ITI	3071256	0	1	27157	1	0	next	other	0
21	129	Sound	test	3084297	0	1			0		other	0
21	129	Picture	response	3098413	14116	1	4498	1	14020	25000	incorrect	279
21	129	Port Input	2	3102831	18534	1
21	129	Response	4	3102831	18534	1
21	130	Picture	ITI	3103911	0	1	26491	1	0	next	other	0
21	131	Sound	test	3120362	0	1			0		other	0
21	131	Picture	response	3130402	10039	1	5498	1	10000	25000	incorrect	284
21	131	Port Input	1	3135857	15495	1
21	131	Response	3	3135857	15495	1
21	132	Picture	ITI	3136899	0	1	26824	1	0	next	other	0
21	133	Sound	test	3153661	0	1			0		other	0
21	133	Picture	response	3163723	10063	1	5498	1	10000	25000	incorrect	289
21	133	Port Input	1	3169143	15483	1
21	133	Response	3	3169143	15483	1
21	134	Picture	ITI	3170221	0	1	27324	1	0	next	other	0
21	135	Sound	test	3182392	0	1			0		other	0
21	135	Picture	response	3197545	15153	1	3665	1	15000	25000	incorrect	294
21	135	Port Input	2	3201076	18684	1
21	135	Response	4	3201076	18684	1
21	136	Picture	ITI	3202210	0	1	29989	1	0	next	other	0
21	137	Sound	test	3221451	0	1			0		other	0
21	137	Picture	response	3232199	10748	1	4998	1	10700	25000	incorrect	299
21	137	Port Input	1	3237122	15671	1
21	137	Response	3	3237122	15671	1
21	138	Picture	ITI	3238197	0	1	29989	1	0	next	other	0
21	139	Sound	test	3255038	0	1			0		other	0
21	139	Picture	response	3268187	13148	1	7664	1	13100	25000	incorrect	304
21	139	Port Input	1	3275645	20607	1
21	139	Response	3	3275645	20607	1
21	140	Picture	ITI	3276684	0	1	25824	1	0	next	other	0
21	141	Sound	test	3287385	0	1			0		other	0
21	141	Picture	response	3302508	15123	1	4332	1	15000	25000	incorrect	309
21	141	Port Input	2	3306797	19412	1
21	141	Response	4	3306797	19412	1
21	142	Picture	ITI	3307839	0	1	25491	1	0	next	other	0
21	143	Sound	test	3323251	0	1			0		other	0
21	143	Picture	response	3333330	10080	1	8497	1	10000	25000	incorrect	314
21	143	Port Input	1	3341625	18374	1
21	143	Response	3	3341625	18374	1
21	144	Picture	ITI	3342660	0	1	32988	1	0	next	other	0
21	145	Sound	test	3360482	0	1			0		other	0
21	145	Picture	response	3375649	15167	1	6331	1	15000	25000	incorrect	319
21	145	Port Input	2	3381939	21457	1
21	145	Response	4	3381939	21457	1
21	146	Picture	ITI	3382980	0	1	24158	1	0	next	other	0
21	147	Sound	test	3397041	0	1			0		other	0
21	147	Picture	response	3407138	10097	1	4998	1	10000	25000	incorrect	324
21	147	Port Input	1	3412060	15019	1
21	147	Response	3	3412060	15019	1
21	148	Picture	ITI	3413136	0	1	22659	1	0	next	other	0
21	149	Sound	test	3423487	0	1			0		other	0
21	149	Picture	response	3435794	12307	1	4665	1	12250	25000	incorrect	329
21	149	Port Input	1	3440307	16821	1
21	149	Response	3	3440307	16821	1
21	150	Picture	ITI	3441292	0	1	28490	1	0	next	other	0
21	151	Sound	test	3455614	0	1			0		other	0
21	151	Picture	response	3469782	14169	1	3832	1	14020	25000	incorrect	334
21	151	Port Input	2	3473552	17938	1
21	151	Response	4	3473552	17938	1
21	152	Picture	ITI	3474614	0	1	30156	1	0	next	other	0
21	153	Sound	test	3489705	0	1			0		other	0
21	153	Picture	response	3504770	15065	1	3665	1	15000	25000	incorrect	339
21	153	Port Input	2	3508307	18601	1
21	153	Response	4	3508307	18601	1
21	154	Picture	ITI	3509269	0	1	30989	1	0	next	other	0
21	155	Sound	test	3526180	0	1			0		other	0
21	155	Picture	response	3540258	14078	1	3332	1	14020	25000	incorrect	344
21	155	Port Input	2	3543478	17298	1
21	155	Response	4	3543478	17298	1
21	156	Picture	ITI	3544590	0	1	24491	1	0	next	other	0
21	157	Sound	test	3558981	0	1			0		other	0
21	157	Picture	response	3569081	10100	1	5331	1	10000	25000	incorrect	349
21	157	Port Input	1	3574328	15347	1
21	157	Response	3	3574328	15347	1
21	158	Picture	ITI	3575412	0	1	29823	1	0	next	other	0
21	159	Sound	test	3590133	0	1			0		other	0
21	159	Picture	response	3605235	15102	1	7831	1	15000	25000	incorrect	354
21	159	Port Input	2	3612914	22780	1
21	159	Response	4	3612914	22780	1
21	160	Picture	ITI	3613899	0	1	28490	1	0	next	other	0
21	161	Sound	test	3630810	0	1			0		other	0
21	161	Picture	response	3642389	11579	1	5165	1	11450	25000	incorrect	359
21	161	Port Input	1	3647470	16661	1
21	161	Response	3	3647470	16661	1
21	162	Picture	ITI	3648553	0	1	28490	1	0	next	other	0
21	163	Sound	test	3666934	0	1			0		other	0
21	163	Picture	response	3677043	10109	1	5498	1	10000	25000	incorrect	364
21	163	Port Input	1	3682485	15551	1
21	163	Response	3	3682485	15551	1
21	164	Picture	ITI	3683541	0	1	32988	1	0	next	other	0
21	165	Sound	test	3701342	0	1			0		other	0
21	165	Picture	response	3716529	15187	1	2999	1	15000	25000	incorrect	369
21	165	Port Input	2	3719478	18136	1
21	165	Response	4	3719478	18136	1
21	166	Picture	ITI	3720528	0	1	26324	1	0	next	other	0
21	167	Sound	test	3731819	0	1			0		other	0
21	167	Picture	response	3746852	15033	1	4332	1	15000	25000	incorrect	374
21	167	Port Input	2	3750984	19165	1
21	167	Response	4	3750984	19165	1
21	168	Picture	ITI	3752017	0	1	21992	1	0	next	other	0
21	169	Sound	test	3762488	0	1			0		other	0
21	169	Picture	response	3774009	11521	1	8330	1	11450	25000	incorrect	379
21	169	Port Input	1	3782199	19711	1
21	169	Response	3	3782199	19711	1
21	170	Picture	ITI	3783173	0	1	25324	1	0	next	other	0
21	171	Sound	test	3798424	0	1			0		other	0
21	171	Picture	response	3808497	10073	1	5831	1	10000	25000	incorrect	384
21	171	Port Input	1	3814205	15781	1
21	171	Response	3	3814205	15781	1
21	172	Picture	ITI	3815161	0	1	21492	1	0	next	other	0
21	173	Sound	test	3825903	0	1			0		other	0
21	173	Picture	response	3836654	10751	1	4165	1	10700	25000	incorrect	389
21	173	Port Input	1	3840692	14790	1
21	173	Response	3	3840692	14790	1
21	174	Picture	ITI	3841652	0	1	25324	1	0	next	other	0
21	175	Sound	test	3851833	0	1			0		other	0
21	175	Picture	response	3866976	15143	1	6164	1	15000	25000	incorrect	394
21	175	Port Input	1	3873010	21177	1
21	175	Response	3	3873010	21177	1
21	176	Picture	ITI	3873974	0	1	31156	1	0	next	other	0
21	177	Sound	test	3890025	0	1			0		other	0
21	177	Picture	response	3905130	15104	1	6165	1	15000	25000	incorrect	399
21	177	Port Input	2	3911180	21154	1
21	177	Response	4	3911180	21154	1
21	178	Picture	ITI	3912294	0	1	33155	1	0	next	other	0
21	179	Sound	test	3930345	0	1			0		other	0
21	179	Picture	response	3945449	15104	1	5165	1	15000	25000	incorrect	404
21	179	Port Input	2	3950411	20066	1
21	179	Response	4	3950411	20066	1
21	180	Picture	ITI	3951447	0	1	27990	1	0	next	other	0
21	181	Sound	test	3968578	0	1			0		other	0
21	181	Picture	response	3979437	10859	1	6498	1	10700	25000	incorrect	409
21	181	Port Input	1	3985853	17275	1
21	181	Response	3	3985853	17275	1
21	182	Picture	ITI	3986934	0	1	29823	1	0	next	other	0
21	183	Sound	test	4005936	0	1			0		other	0
21	183	Picture	response	4016757	10821	1	7164	1	10700	25000	incorrect	414
21	183	Port Input	1	4023856	17920	1
21	183	Response	3	4023856	17920	1
21	184	Picture	ITI	4024921	0	1	26657	1	0	next	other	0
21	185	Sound	test	4036422	0	1			0		other	0
21	185	Picture	response	4051578	15156	1	4165	1	15000	25000	incorrect	419
21	185	Port Input	2	4055601	19179	1
21	185	Response	4	4055601	19179	1
21	186	Picture	ITI	4056577	0	1	25324	1	0	next	other	0
21	187	Sound	test	4069538	0	1			0		other	0
21	187	Picture	response	4081901	12363	1	7331	1	12250	25000	incorrect	424
21	187	Port Input	1	4089127	19590	1
21	187	Response	3	4089127	19590	1
21	188	Picture	ITI	4090231	0	1	29323	1	0	next	other	0
21	189	Sound	test	4106383	0	1			0		other	0
21	189	Picture	response	4119555	13171	1	7497	1	13100	25000	incorrect	429
21	189	Port Input	2	4126860	20477	1
21	189	Response	4	4126860	20477	1
21	190	Picture	ITI	4127885	0	1	23825	1	0	next	other	0
21	191	Sound	test	4140146	0	1			0		other	0
21	191	Picture	response	4151710	11564	1	4998	1	11450	25000	incorrect	434
21	191	Port Input	1	4156533	16387	1
21	191	Response	3	4156533	16387	1
21	192	Picture	ITI	4157541	0	1	25658	1	0	next	other	0
21	193	Sound	test	4169052	0	1			0		other	0
21	193	Picture	response	4183199	14147	1	4832	1	14020	25000	incorrect	439
21	193	Port Input	2	4187956	18904	1
21	193	Response	4	4187956	18904	1
21	194	Picture	ITI	4189030	0	1	30323	1	0	next	other	0
21	195	Sound	test	4207811	0	1			0		other	0
21	195	Picture	response	4219353	11541	1	5831	1	11450	25000	incorrect	444
21	195	Port Input	1	4225084	17273	1
21	195	Response	3	4225084	17273	1
21	196	Picture	ITI	4226184	0	1	26157	1	0	next	other	0
21	197	Sound	test	4240805	0	1			0		other	0
21	197	Picture	response	4252341	11536	1	5331	1	11450	25000	incorrect	449
21	197	Port Input	1	4257579	16774	1
21	197	Response	3	4257579	16774	1
21	198	Picture	ITI	4258672	0	1	28323	1	0	next	other	0
21	199	Sound	test	4272794	0	1			0		other	0
21	199	Picture	response	4286996	14202	1	3499	1	14020	25000	incorrect	454
21	199	Port Input	2	4290345	17552	1
21	199	Response	4	4290345	17552	1
21	200	Picture	ITI	4291494	0	1	29990	1	0	next	other	0
21	201	Sound	test	4311305	0	1			0		other	0
21	201	Picture	response	4321484	10178	1	4832	1	10000	25000	incorrect	459
21	201	Port Input	1	4326266	14961	1
21	201	Response	3	4326266	14961	1
21	202	Picture	ITI	4327315	0	1	22159	1	0	next	other	0
21	203	Sound	test	4338596	0	1			0		other	0
21	203	Picture	response	4349474	10878	1	5498	1	10700	25000	incorrect	464
21	203	Port Input	1	4354898	16302	1
21	203	Response	3	4354898	16302	1
21	204	Picture	ITI	4355972	0	1	28490	1	0	next	other	0
21	205	Sound	test	4374413	0	1			0		other	0
21	205	Picture	response	4384462	10049	1	5165	1	10000	25000	incorrect	469
21	205	Port Input	1	4389445	15032	1
21	205	Response	3	4389445	15032	1
21	206	Picture	ITI	4390459	0	1	32988	1	0	next	other	0
21	207	Sound	test	4409321	0	1			0		other	0
21	207	Picture	response	4423448	14127	1	4332	1	14020	25000	incorrect	474
21	207	Port Input	2	4427656	18335	1
21	207	Response	4	4427656	18335	1
21	208	Picture	ITI	4428779	0	1	30156	1	0	next	other	0
21	209	Sound	test	4445701	0	1			0		other	0
21	209	Picture	response	4458935	13235	1	8164	1	13100	25000	incorrect	479
21	209	Port Input	1	4467054	21353	1
21	209	Response	3	4467054	21353	1
21	210	Picture	ITI	4468099	0	1	22326	1	0	next	other	0
21	211	Sound	test	4480280	0	1			0		other	0
21	211	Picture	response	4490424	10144	1	6498	1	10000	25000	incorrect	484
21	211	Port Input	1	4496811	16531	1
21	211	Response	3	4496811	16531	1
21	212	Picture	ITI	4497922	0	1	26990	1	0	next	other	0
21	213	Sound	test	4512553	0	1			0		other	0
21	213	Picture	response	4524912	12359	1	7164	1	12250	25000	incorrect	489
21	213	Port Input	1	4532003	19449	1
21	213	Response	3	4532003	19449	1
21	214	Picture	ITI	4533076	0	1	29323	1	0	next	other	0
21	215	Sound	test	4549217	0	1			0		other	0
21	215	Picture	response	4562399	13182	1	10830	1	13100	25000	incorrect	494
21	215	Port Input	1	4573139	23922	1
21	215	Response	3	4573139	23922	1
21	216	Picture	ITI	4574228	0	1	29323	1	0	next	other	0
21	217	Sound	test	4593400	0	1			0		other	0
21	217	Picture	response	4603551	10152	1	5831	1	10000	25000	incorrect	499
21	217	Port Input	1	4609289	15889	1
21	217	Response	3	4609289	15889	1
21	218	Picture	ITI	4610382	0	1	28490	1	0	next	other	0
21	219	Sound	test	4624814	0	1			0		other	0
21	219	Picture	response	4638872	14059	1	4665	1	14020	25000	incorrect	504
21	219	Port Input	2	4643367	18553	1
21	219	Response	4	4643367	18553	1
21	220	Picture	ITI	4644370	0	1	27490	1	0	next	other	0
21	221	Sound	test	4661702	0	1			0		other	0
21	221	Picture	response	4671861	10159	1	6165	1	10000	25000	incorrect	509
21	221	Port Input	1	4677934	16232	1
21	221	Response	3	4677934	16232	1
21	222	Picture	ITI	4679025	0	1	32655	1	0	next	other	0
21	223	Sound	test	4696556	0	1			0		other	0
21	223	Picture	response	4711680	15124	1	2499	1	15000	25000	incorrect	514
21	223	Port Input	2	4714063	17507	1
21	223	Response	4	4714063	17507	1
21	224	Picture	ITI	4715179	0	1	24158	1	0	next	other	0
21	225	Sound	test	4725200	0	1			0		other	0
21	225	Picture	response	4739337	14137	1	3665	1	14020	25000	incorrect	519
21	225	Port Input	2	4742820	17620	1
21	225	Response	4	4742820	17620	1
21	226	Picture	ITI	4743835	0	1	25324	1	0	next	other	0
21	227	Sound	test	4758407	0	1			0		other	0
21	227	Picture	response	4769160	10753	1	5998	1	10700	25000	incorrect	524
21	227	Port Input	1	4775003	16596	1
21	227	Response	3	4775003	16596	1
21	228	Picture	ITI	4776157	0	1	29156	1	0	next	other	0
21	229	Sound	test	4792889	0	1			0		other	0
21	229	Picture	response	4805314	12425	1	6498	1	12250	25000	incorrect	529
21	229	Port Input	1	4811663	18774	1
21	229	Response	3	4811663	18774	1
21	230	Picture	ITI	4812645	0	1	25491	1	0	next	other	0
21	231	Sound	test	4823007	0	1			0		other	0
21	231	Picture	response	4838136	15129	1	4498	1	15000	25000	incorrect	534
21	231	Port Input	2	4842429	19423	1
21	231	Response	4	4842429	19423	1
21	232	Picture	ITI	4843467	0	1	27324	1	0	next	other	0
21	233	Sound	test	4859259	0	1			0		other	0
21	233	Picture	response	4870791	11532	1	5331	1	11450	25000	incorrect	539
21	233	Port Input	1	4876028	16770	1
21	233	Response	3	4876028	16770	1
21	234	Picture	ITI	4877122	0	1	28157	1	0	next	other	0
21	235	Sound	test	4893733	0	1			0		other	0
21	235	Picture	response	4905279	11546	1	4998	1	11450	25000	incorrect	544
21	235	Port Input	1	4910116	16383	1
21	235	Response	3	4910116	16383	1
21	236	Picture	ITI	4911277	0	1	24825	1	0	next	other	0
21	237	Sound	test	4926068	0	1			0		other	0
21	237	Picture	response	4936101	10033	1	5331	1	10000	25000	incorrect	549
21	237	Port Input	1	4941310	15242	1
21	237	Response	3	4941310	15242	1
21	238	Picture	ITI	4942432	0	1	24325	1	0	next	other	0
21	239	Sound	test	4955884	0	1			0		other	0
21	239	Picture	response	4966757	10874	1	5831	1	10700	25000	incorrect	554
21	239	Port Input	1	4972431	16547	1
21	239	Response	3	4972431	16547	1
21	240	Picture	ITI	4973422	0	1	29490	1	0	next	other	0
21	241	Sound	test	4987783	0	1			0		other	0
21	241	Picture	response	5002911	15128	1	3166	1	15000	25000	incorrect	559
21	241	Port Input	2	5005978	18195	1
21	241	Response	4	5005978	18195	1
21	242	Picture	ITI	5007076	0	1	31822	1	0	next	other	0
21	243	Sound	test	5024818	0	1			0		other	0
21	243	Picture	response	5038899	14081	1	11496	1	14020	25000	incorrect	564
21	243	Port Input	1	5050290	25472	1
21	243	Response	3	5050290	25472	1
21	244	Picture	ITI	5051228	0	1	26824	1	0	next	other	0
21	245	Sound	test	5064859	0	1			0		other	0
21	245	Picture	response	5078052	13193	1	4665	1	13100	25000	incorrect	569
21	245	Port Input	2	5082515	17656	1
21	245	Response	4	5082515	17656	1
21	246	Picture	ITI	5083550	0	1	31822	1	0	next	other	0
21	247	Sound	test	5100211	0	1			0		other	0
21	247	Picture	response	5115372	15161	1	9830	1	15000	25000	incorrect	574
21	247	Port Input	1	5125036	24825	1
21	247	Response	3	5125036	24825	1
21	248	Picture	ITI	5126035	0	1	27990	1	0	next	other	0
21	249	Sound	test	5138876	0	1			0		other	0
21	249	Picture	response	5154025	15149	1	3832	1	15000	25000	incorrect	579
21	249	Port Input	2	5157750	18874	1
21	249	Response	4	5157750	18874	1
21	250	Picture	ITI	5158857	0	1	25824	1	0	next	other	0
21	251	Sound	test	5173048	0	1			0		other	0
21	251	Picture	response	5184681	11633	1	6331	1	11450	25000	incorrect	584
21	251	Port Input	1	5190901	17853	1
21	251	Response	3	5190901	17853	1
21	252	Picture	ITI	5192012	0	1	31822	1	0	next	other	0
21	253	Sound	test	5209733	0	1			0		other	0
21	253	Picture	response	5223834	14101	1	5831	1	14020	25000	incorrect	589
21	253	Port Input	2	5229498	19765	1
21	253	Response	4	5229498	19765	1
21	254	Picture	ITI	5230665	0	1	29656	1	0	next	other	0
21	255	Sound	test	5247056	0	1			0		other	0
21	255	Picture	response	5260321	13265	1	6664	1	13100	25000	incorrect	594
21	255	Port Input	2	5266803	19747	1
21	255	Response	4	5266803	19747	1
21	256	Picture	ITI	5267818	0	1	31322	1	0	next	other	0
21	257	Sound	test	5284980	0	1			0		other	0
21	257	Picture	response	5299141	14161	1	4332	1	14020	25000	incorrect	599
21	257	Port Input	2	5303317	18338	1
21	257	Response	4	5303317	18338	1
21	258	Picture	ITI	5304472	0	1	26824	1	0	next	other	0
21	259	Sound	test	5318023	0	1			0		other	0
21	259	Picture	response	5331296	13273	1	5831	1	13100	25000	incorrect	604
21	259	Port Input	2	5336968	18945	1
21	259	Response	4	5336968	18945	1
21	260	Picture	ITI	5337960	0	1	24825	1	0	next	other	0
21	261	Sound	test	5349582	0	1			0		other	0
21	261	Picture	response	5362785	13203	1	4998	1	13100	25000	incorrect	609
21	261	Port Input	2	5367652	18070	1
21	261	Response	4	5367652	18070	1
21	262	Picture	ITI	5368616	0	1	29323	1	0	next	other	0
21	263	Sound	test	5382868	0	1			0		other	0
21	263	Picture	response	5397939	15072	1	2999	1	15000	25000	incorrect	614
21	263	Port Input	2	5400823	17956	1
21	263	Response	4	5400823	17956	1
21	264	Picture	ITI	5401938	0	1	31822	1	0	next	other	0
21	265	Sound	test	5419549	0	1			0		other	0
21	265	Picture	response	5433760	14211	1	3499	1	14020	25000	incorrect	619
21	265	Port Input	2	5437077	17528	1
21	265	Response	4	5437077	17528	1
21	266	Picture	ITI	5438092	0	1	30489	1	0	next	other	0
21	267	Sound	test	5457733	0	1			0		other	0
21	267	Picture	response	5468581	10848	1	7831	1	10700	25000	incorrect	624
21	267	Port Input	1	5476309	18576	1
21	267	Response	3	5476309	18576	1
21	268	Picture	ITI	5477411	0	1	32988	1	0	next	other	0
21	269	Sound	test	5495273	0	1			0		other	0
21	269	Picture	response	5510400	15127	1	3832	1	15000	25000	incorrect	629
21	269	Port Input	2	5514166	18893	1
21	269	Response	4	5514166	18893	1
21	270	Picture	ITI	5515231	0	1	23992	1	0	next	other	0
21	271	Sound	test	5529163	0	1			0		other	0
21	271	Picture	response	5539223	10060	1	5831	1	10000	25000	incorrect	634
21	271	Port Input	1	5544850	15687	1
21	271	Response	3	5544850	15687	1
21	272	Picture	ITI	5545887	0	1	27490	1	0	next	other	0
21	273	Sound	test	5563279	0	1			0		other	0
21	273	Picture	response	5573378	10099	1	5665	1	10000	25000	incorrect	639
21	273	Port Input	1	5578844	15565	1
21	273	Response	3	5578844	15565	1
21	274	Picture	ITI	5579876	0	1	23992	1	0	next	other	0
21	275	Sound	test	5593047	0	1			0		other	0
21	275	Picture	response	5603867	10820	1	4998	1	10700	25000	incorrect	644
21	275	Port Input	1	5608695	15648	1
21	275	Response	3	5608695	15648	1
21	276	Picture	ITI	5609865	0	1	24658	1	0	next	other	0
21	277	Sound	test	5622156	0	1			0		other	0
21	277	Picture	response	5634523	12367	1	5998	1	12250	25000	incorrect	649
21	277	Port Input	1	5640409	18253	1
21	277	Response	3	5640409	18253	1
21	278	Picture	ITI	5641521	0	1	23992	1	0	next	other	0
21	279	Sound	test	5655392	0	1			0		other	0
21	279	Picture	response	5665512	10120	1	5165	1	10000	25000	incorrect	654
21	279	Port Input	1	5670489	15097	1
21	279	Response	3	5670489	15097	1
21	280	Picture	ITI	5671510	0	1	24158	1	0	next	other	0
21	281	Sound	test	5684811	0	1			0		other	0
21	281	Picture	response	5695668	10857	1	4832	1	10700	25000	incorrect	659
21	281	Port Input	1	5700298	15486	1
21	281	Response	3	5700298	15486	1
21	282	Picture	ITI	5701333	0	1	30156	1	0	next	other	0
21	283	Sound	test	5719194	0	1			0		other	0
21	283	Picture	response	5731489	12295	1	7664	1	12250	25000	incorrect	664
21	283	Port Input	1	5739030	19835	1
21	283	Response	3	5739030	19835	1
21	284	Picture	ITI	5740153	0	1	22825	1	0	next	other	0
21	285	Sound	test	5752914	0	1			0		other	0
21	285	Picture	response	5762978	10064	1	6165	1	10000	25000	incorrect	669
21	285	Port Input	1	5769068	16154	1
21	285	Response	3	5769068	16154	1
21	286	Picture	ITI	5770142	0	1	26324	1	0	next	other	0
21	287	Sound	test	5783253	0	1			0		other	0
21	287	Picture	response	5796466	13213	1	11163	1	13100	25000	incorrect	674
21	287	Port Input	2	5807549	24296	1
21	287	Response	4	5807549	24296	1
21	288	Picture	ITI	5808629	0	1	31322	1	0	next	other	0
21	289	Sound	test	5827610	0	1			0		other	0
21	289	Picture	response	5839951	12341	1	5165	1	12250	25000	incorrect	679
21	289	Port Input	2	5844949	17339	1
21	289	Response	4	5844949	17339	1
21	290	Picture	ITI	5845949	0	1	31322	1	0	next	other	0
21	291	Sound	test	5865700	0	1			0		other	0
21	291	Picture	response	5877271	11571	1	6498	1	11450	25000	incorrect	684
21	291	Port Input	1	5883566	17866	1
21	291	Response	3	5883566	17866	1
21	292	Picture	ITI	5884602	0	1	32489	1	0	next	other	0
21	293	Sound	test	5903863	0	1			0		other	0
21	293	Picture	response	5917090	13227	1	4665	1	13100	25000	incorrect	689
21	293	Port Input	2	5921579	17716	1
21	293	Response	4	5921579	17716	1
21	294	Picture	ITI	5922755	0	1	27324	1	0	next	other	0
21	295	Sound	test	5937786	0	1			0		other	0
21	295	Picture	response	5950079	12293	1	10496	1	12250	25000	incorrect	694
21	295	Port Input	1	5960405	22619	1
21	295	Response	3	5960405	22619	1
21	296	Picture	ITI	5961408	0	1	27824	1	0	next	other	0
21	297	Sound	test	5977600	0	1			0		other	0
21	297	Picture	response	5989232	11632	1	5498	1	11450	25000	incorrect	699
21	297	Port Input	1	5994639	17039	1
21	297	Response	3	5994639	17039	1
21	298	Picture	ITI	5995730	0	1	31989	1	0	next	other	0
21	299	Sound	test	6015351	0	1			0		other	0
21	299	Picture	response	6027718	12368	1	5998	1	12250	25000	incorrect	704
21	299	Port Input	1	6033589	18239	1
21	299	Response	3	6033589	18239	1
21	300	Picture	ITI	6034716	0	1	21492	1	0	next	other	0
21	301	Sound	test	6046107	0	1			0		other	0
21	301	Picture	response	6056208	10101	1	5331	1	10000	25000	incorrect	709
21	301	Port Input	1	6061347	15240	1
21	301	Response	3	6061347	15240	1
21	302	Picture	ITI	6062373	0	1	30156	1	0	next	other	0
21	303	Sound	test	6077394	0	1			0		other	0
21	303	Picture	response	6092529	15135	1	4998	1	15000	25000	incorrect	714
21	303	Port Input	2	6097476	20082	1
21	303	Response	4	6097476	20082	1
21	304	Picture	ITI	6098527	0	1	22992	1	0	next	other	0
21	305	Sound	test	6109898	0	1			0		other	0
21	305	Picture	response	6121519	11621	1	6498	1	11450	25000	incorrect	719
21	305	Port Input	1	6127837	17939	1
21	305	Response	3	6127837	17939	1
21	306	Picture	ITI	6128850	0	1	21159	1	0	next	other	0
21	307	Sound	test	6139211	0	1			0		other	0
21	307	Picture	response	6150009	10798	1	6498	1	10700	25000	incorrect	724
21	307	Port Input	1	6156334	17123	1
21	307	Response	3	6156334	17123	1
21	308	Picture	ITI	6157340	0	1	26824	1	0	next	other	0
21	309	Sound	test	6171001	0	1			0		other	0
21	309	Picture	response	6184163	13163	1	3999	1	13100	25000	incorrect	729
21	309	Port Input	2	6188069	17068	1
21	309	Response	4	6188069	17068	1
21	310	Picture	ITI	6189162	0	1	26324	1	0	next	other	0
21	311	Sound	test	6204663	0	1			0		other	0
21	311	Picture	response	6215486	10823	1	6831	1	10700	25000	incorrect	734
21	311	Port Input	1	6222209	17546	1
21	311	Response	3	6222209	17546	1
21	312	Picture	ITI	6223316	0	1	21992	1	0	next	other	0
21	313	Sound	test	6234468	0	1			0		other	0
21	313	Picture	response	6245309	10841	1	5332	1	10700	25000	incorrect	739
21	313	Port Input	1	6250436	15968	1
21	313	Response	3	6250436	15968	1
21	314	Picture	ITI	6251473	0	1	22492	1	0	next	other	0
21	315	Sound	test	6261554	0	1			0		other	0
21	315	Picture	response	6273965	12411	1	7331	1	12250	25000	incorrect	744
21	315	Port Input	1	6281182	19627	1
21	315	Response	3	6281182	19627	1
21	316	Picture	ITI	6282296	0	1	28323	1	0	next	other	0
21	317	Sound	test	6297417	0	1			0		other	0
21	317	Picture	response	6310619	13202	1	4165	1	13100	25000	incorrect	749
21	317	Port Input	2	6314614	17197	1
21	317	Response	4	6314614	17197	1
21	318	Picture	ITI	6315617	0	1	25324	1	0	next	other	0
21	319	Sound	test	6328579	0	1			0		other	0
21	319	Picture	response	6340942	12363	1	6331	1	12250	25000	incorrect	754
21	319	Port Input	1	6347203	18624	1
21	319	Response	3	6347203	18624	1
21	441	Picture	resume	7557848	0	1	57980	1	0	next	other	0
21	441	Port Input	1	7614463	56615	1
21	441	Response	3	7614463	56615	1
21	442	Picture	ITI	7615828	0	1	10163	1	0	next	other	0
21	443	Picture	ITI	7625991	0	1	30823	1	0	next	other	0
21	444	Sound	test	7644472	0	1			0		other	0
21	444	Picture	response	7656813	12341	1	5498	1	12250	25000	incorrect	763
21	444	Port Input	1	7662253	17781	1
21	444	Response	3	7662253	17781	1
21	445	Picture	ITI	7663311	0	1	27324	1	0	next	other	0
21	446	Sound	test	7677352	0	1			0		other	0
21	446	Picture	response	7690635	13282	1	8497	1	13100	25000	incorrect	768
21	446	Port Input	2	7698975	21623	1
21	446	Response	4	7698975	21623	1
21	447	Picture	ITI	7700132	0	1	31989	1	0	next	other	0
21	448	Sound	test	7717933	0	1			0		other	0
21	448	Picture	response	7732120	14188	1	12995	1	14020	25000	incorrect	773
21	448	Port Input	1	7745068	27135	1
21	448	Response	3	7745068	27135	1
21	449	Picture	ITI	7746115	0	1	28157	1	0	next	other	0
21	450	Sound	test	7762677	0	1			0		other	0
21	450	Picture	response	7774272	11595	1	7331	1	11450	25000	incorrect	778
21	450	Port Input	2	7781541	18864	1
21	450	Response	4	7781541	18864	1
21	451	Picture	ITI	7782603	0	1	30823	1	0	next	other	0
21	452	Sound	test	7800254	0	1			0		other	0
21	452	Picture	response	7813425	13171	1	5498	1	13100	25000	incorrect	783
21	452	Port Input	2	7818825	18571	1
21	452	Response	4	7818825	18571	1
21	453	Picture	ITI	7819923	0	1	26324	1	0	next	other	0
21	454	Sound	test	7833884	0	1			0		other	0
21	454	Picture	response	7846247	12363	1	5498	1	12250	25000	incorrect	788
21	454	Port Input	2	7851570	17686	1
21	454	Response	4	7851570	17686	1
21	455	Picture	ITI	7852578	0	1	22992	1	0	next	other	0
21	456	Sound	test	7864769	0	1			0		other	0
21	456	Picture	response	7875570	10801	1	5998	1	10700	25000	incorrect	793
21	456	Port Input	1	7881390	16620	1
21	456	Response	3	7881390	16620	1
21	457	Picture	ITI	7882401	0	1	30989	1	0	next	other	0
21	458	Sound	test	7898352	0	1			0		other	0
21	458	Picture	response	7913390	15038	1	4832	1	15000	25000	incorrect	798
21	458	Port Input	2	7918153	19801	1
21	458	Response	4	7918153	19801	1
21	459	Picture	ITI	7919221	0	1	26324	1	0	next	other	0
21	460	Sound	test	7930463	0	1			0		other	0
21	460	Picture	response	7945546	15083	1	3665	1	15000	25000	incorrect	803
21	460	Port Input	2	7949118	18656	1
21	460	Response	4	7949118	18656	1
21	461	Picture	ITI	7950211	0	1	28490	1	0	next	other	0
21	462	Sound	test	7964542	0	1			0		other	0
21	462	Picture	response	7978701	14159	1	1499	1	14020	25000	incorrect	808
21	462	Port Input	2	7980083	15541	1
21	462	Response	4	7980083	15541	1
21	463	Picture	ITI	7981200	0	1	34988	1	0	next	other	0
21	464	Sound	test	8001001	0	1			0		other	0
21	464	Picture	response	8016187	15186	1	4998	1	15000	25000	incorrect	813
21	464	Port Input	2	8021116	20114	1
21	464	Response	4	8021116	20114	1
21	465	Picture	ITI	8022185	0	1	23825	1	0	next	other	0
21	466	Sound	test	8033716	0	1			0		other	0
21	466	Picture	response	8046010	12294	1	5498	1	12250	25000	incorrect	818
21	466	Port Input	1	8051403	17687	1
21	466	Response	3	8051403	17687	1
21	467	Picture	ITI	8052508	0	1	22159	1	0	next	other	0
21	468	Sound	test	8064500	0	1			0		other	0
21	468	Picture	response	8074667	10167	1	4832	1	10000	25000	incorrect	823
21	468	Port Input	1	8079349	14849	1
21	468	Response	3	8079349	14849	1
21	469	Picture	ITI	8080332	0	1	28657	1	0	next	other	0
21	470	Sound	test	8098883	0	1			0		other	0
21	470	Picture	response	8108988	10105	1	4998	1	10000	25000	incorrect	828
21	470	Port Input	1	8113905	15023	1
21	470	Response	3	8113905	15023	1
21	471	Picture	ITI	8114986	0	1	31489	1	0	next	other	0
21	472	Sound	test	8131398	0	1			0		other	0
21	472	Picture	response	8146475	15077	1	3665	1	15000	25000	incorrect	833
21	472	Port Input	2	8149951	18553	1
21	472	Response	4	8149951	18553	1
21	473	Picture	ITI	8150973	0	1	24325	1	0	next	other	0
21	474	Sound	test	8164565	0	1			0		other	0
21	474	Picture	response	8175298	10734	1	4998	1	10700	25000	incorrect	838
21	474	Port Input	1	8180187	15622	1
21	474	Response	3	8180187	15622	1
21	475	Picture	ITI	8181296	0	1	26824	1	0	next	other	0
21	476	Sound	test	8196487	0	1			0		other	0
21	476	Picture	response	8208120	11633	1	8664	1	11450	25000	incorrect	843
21	476	Port Input	1	8216690	20203	1
21	476	Response	3	8216690	20203	1
21	477	Picture	ITI	8217783	0	1	23325	1	0	next	other	0
21	478	Sound	test	8228804	0	1			0		other	0
21	478	Picture	response	8241108	12304	1	4665	1	12250	25000	incorrect	848
21	478	Port Input	1	8245718	16914	1
21	478	Response	3	8245718	16914	1
21	479	Picture	ITI	8246773	0	1	28657	1	0	next	other	0
21	480	Sound	test	8265274	0	1			0		other	0
21	480	Picture	response	8275430	10155	1	4498	1	10000	25000	incorrect	853
21	480	Port Input	1	8279765	14490	1
21	480	Response	3	8279765	14490	1
21	481	Picture	ITI	8280761	0	1	23658	1	0	next	other	0
21	482	Sound	test	8291132	0	1			0		other	0
21	482	Picture	response	8304420	13287	1	4665	1	13100	25000	incorrect	858
21	482	Port Input	2	8308886	17754	1
21	482	Response	4	8308886	17754	1
21	483	Picture	ITI	8309918	0	1	34321	1	0	next	other	0
21	484	Sound	test	8329059	0	1			0		other	0
21	484	Picture	response	8344239	15180	1	4998	1	15000	25000	incorrect	863
21	484	Port Input	2	8349190	20132	1
21	484	Response	4	8349190	20132	1
21	485	Picture	ITI	8350237	0	1	29656	1	0	next	other	0
21	486	Sound	test	8364799	0	2			0		other	0
21	486	Picture	response	8379893	15094	1	3832	1	15000	25000	incorrect	868
21	486	Port Input	2	8383674	18876	1
21	486	Response	4	8383674	18876	1
21	487	Picture	ITI	8384725	0	1	28490	1	0	next	other	0
21	488	Sound	test	8400866	0	1			0		other	0
21	488	Picture	response	8413215	12349	1	4832	1	12250	25000	incorrect	873
21	488	Port Input	1	8417971	17105	1
21	488	Response	3	8417971	17105	1
21	489	Picture	ITI	8419046	0	1	21326	1	0	next	other	0
21	490	Sound	test	8430327	0	1			0		other	0
21	490	Picture	response	8440372	10045	1	5498	1	10000	25000	incorrect	878
21	490	Port Input	1	8445749	15422	1
21	490	Response	3	8445749	15422	1
21	491	Picture	ITI	8446703	0	1	29989	1	0	next	other	0
21	492	Sound	test	8466604	0	1			0		other	0
21	492	Picture	response	8476692	10088	1	4665	1	10000	25000	incorrect	883
21	492	Port Input	1	8481222	14618	1
21	492	Response	3	8481222	14618	1
21	493	Picture	ITI	8482191	0	1	31156	1	0	next	other	0
21	494	Sound	test	8499232	0	1			0		other	0
21	494	Picture	response	8513346	14114	1	7497	1	14020	25000	incorrect	888
21	494	Port Input	2	8520641	21409	1
21	494	Response	4	8520641	21409	1
21	495	Picture	ITI	8521677	0	1	21992	1	0	next	other	0
21	496	Sound	test	8532888	0	1			0		other	0
21	496	Picture	response	8543669	10781	1	4832	1	10700	25000	incorrect	893
21	496	Port Input	1	8548461	15573	1
21	496	Response	3	8548461	15573	1
21	497	Picture	ITI	8549500	0	1	22159	1	0	next	other	0
21	498	Sound	test	8560132	0	1			0		other	0
21	498	Picture	response	8571659	11528	1	6164	1	11450	25000	incorrect	898
21	498	Port Input	1	8577739	17608	1
21	498	Response	3	8577739	17608	1
21	499	Picture	ITI	8578823	0	1	30489	1	0	next	other	0
21	500	Sound	test	8597765	0	1			0		other	0
21	500	Picture	response	8609313	11548	1	6498	1	11450	25000	incorrect	903
21	500	Port Input	1	8615648	17884	1
21	500	Response	3	8615648	17884	1
21	501	Picture	ITI	8616643	0	1	22325	1	0	next	other	0
21	502	Sound	test	8626675	0	1			0		other	0
21	502	Picture	response	8638969	12294	1	4832	1	12250	25000	incorrect	908
21	502	Port Input	1	8643656	16982	1
21	502	Response	3	8643656	16982	1
21	503	Picture	ITI	8644800	0	1	30156	1	0	next	other	0
21	504	Sound	test	8663431	0	1			0		other	0
21	504	Picture	response	8674956	11525	1	8664	1	11450	25000	incorrect	913
21	504	Port Input	1	8683575	20143	1
21	504	Response	3	8683575	20143	1
21	505	Picture	ITI	8684620	0	1	22492	1	0	next	other	0
21	506	Sound	test	8695511	0	1			0		other	0
21	506	Picture	response	8707112	11601	1	6331	1	11450	25000	incorrect	918
21	506	Port Input	1	8713238	17727	1
21	506	Response	3	8713238	17727	1
21	507	Picture	ITI	8714276	0	1	27490	1	0	next	other	0
21	508	Sound	test	8726597	0	1			0		other	0
21	508	Picture	response	8741766	15169	1	3999	1	15000	25000	incorrect	923
21	508	Port Input	2	8745702	19105	1
21	508	Response	4	8745702	19105	1
21	509	Picture	ITI	8746764	0	1	33155	1	0	next	other	0
21	510	Sound	test	8764826	0	1			0		other	0
21	510	Picture	response	8779919	15094	1	4332	1	15000	25000	incorrect	928
21	510	Port Input	2	8784069	19243	1
21	510	Response	4	8784069	19243	1
21	511	Picture	ITI	8785084	0	1	25324	1	0	next	other	0
21	512	Sound	test	8798045	0	1			0		other	0
21	512	Picture	response	8810409	12363	1	5831	1	12250	25000	incorrect	933
21	512	Port Input	1	8816200	18154	1
21	512	Response	3	8816200	18154	1
21	513	Picture	ITI	8817240	0	1	30156	1	0	next	other	0
21	514	Sound	test	8834251	0	1			0		other	0
21	514	Picture	response	8847396	13145	1	7831	1	13100	25000	incorrect	938
21	514	Port Input	1	8855109	20858	1
21	514	Response	3	8855109	20858	1
21	515	Picture	ITI	8856226	0	1	27657	1	0	next	other	0
21	516	Sound	test	8869697	0	1			0		other	0
21	516	Picture	response	8883883	14186	1	9163	1	14020	25000	incorrect	943
21	516	Port Input	2	8892872	23175	1
21	516	Response	4	8892872	23175	1
21	517	Picture	ITI	8893879	0	1	28657	1	0	next	other	0
21	518	Sound	test	8912481	0	1			0		other	0
21	518	Picture	response	8922536	10055	1	5498	1	10000	25000	incorrect	948
21	518	Port Input	1	8927876	15396	1
21	518	Response	3	8927876	15396	1
21	519	Picture	ITI	8929034	0	1	24158	1	0	next	other	0
21	520	Sound	test	8939045	0	1			0		other	0
21	520	Picture	response	8953192	14147	1	3499	1	14020	25000	incorrect	953
21	520	Port Input	2	8956530	17485	1
21	520	Response	4	8956530	17485	1
21	521	Picture	ITI	8957524	0	1	28157	1	0	next	other	0
21	522	Sound	test	8975545	0	1			0		other	0
21	522	Picture	response	8985681	10136	1	5831	1	10000	25000	incorrect	958
21	522	Port Input	1	8991326	15781	1
21	522	Response	3	8991326	15781	1
21	523	Picture	ITI	8992345	0	1	28157	1	0	next	other	0
21	524	Sound	test	9009636	0	1			0		other	0
21	524	Picture	response	9020502	10865	1	5332	1	10700	25000	incorrect	963
21	524	Port Input	1	9025747	16111	1
21	524	Response	3	9025747	16111	1
21	525	Picture	ITI	9026833	0	1	27324	1	0	next	other	0
21	526	Sound	test	9039114	0	1			0		other	0
21	526	Picture	response	9054157	15043	1	5498	1	15000	25000	incorrect	968
21	526	Port Input	2	9059564	20450	1
21	526	Response	4	9059564	20450	1
21	527	Picture	ITI	9060654	0	1	25658	1	0	next	other	0
21	528	Sound	test	9073095	0	1			0		other	0
21	528	Picture	response	9086312	13216	1	5498	1	13100	25000	incorrect	973
21	528	Port Input	2	9091726	18631	1
21	528	Response	4	9091726	18631	1
21	529	Picture	ITI	9092810	0	1	30156	1	0	next	other	0
21	530	Sound	test	9107901	0	1			0		other	0
21	530	Picture	response	9122966	15065	1	3999	1	15000	25000	incorrect	978
21	530	Port Input	2	9126887	18986	1
21	530	Response	4	9126887	18986	1
21	531	Picture	ITI	9127964	0	1	34488	1	0	next	other	0
21	532	Sound	test	9147325	0	1			0		other	0
21	532	Picture	response	9162452	15127	1	5165	1	15000	25000	incorrect	983
21	532	Port Input	2	9167555	20230	1
21	532	Response	4	9167555	20230	1
21	533	Picture	ITI	9168616	0	1	25491	1	0	next	other	0
21	534	Sound	test	9184028	0	1			0		other	0
21	534	Picture	response	9194107	10080	1	5498	1	10000	25000	incorrect	988
21	534	Port Input	1	9199509	15481	1
21	534	Response	3	9199509	15481	1
21	535	Picture	ITI	9200605	0	1	29490	1	0	next	other	0
21	536	Sound	test	9214956	0	1			0		other	0
21	536	Picture	response	9230095	15138	1	6831	1	15000	25000	incorrect	993
21	536	Port Input	2	9236772	21816	1
21	536	Response	4	9236772	21816	1
21	537	Picture	ITI	9237925	0	1	22992	1	0	next	other	0
21	538	Sound	test	9250867	0	1			0		other	0
21	538	Picture	response	9260917	10051	1	5998	1	10000	25000	incorrect	998
21	538	Port Input	1	9266758	15892	1
21	538	Response	3	9266758	15892	1
21	539	Picture	ITI	9267915	0	1	28323	1	0	next	other	0
21	540	Sound	test	9283066	0	1			0		other	0
21	540	Picture	response	9296238	13172	1	5998	1	13100	25000	incorrect	1003
21	540	Port Input	2	9302148	19082	1
21	540	Response	4	9302148	19082	1
21	541	Picture	ITI	9303236	0	1	28823	1	0	next	other	0
21	542	Sound	test	9316927	0	1			0		other	0
21	542	Picture	response	9332059	15132	1	4998	1	15000	25000	incorrect	1008
21	542	Port Input	2	9336985	20058	1
21	542	Response	4	9336985	20058	1
21	543	Picture	ITI	9338057	0	1	24158	1	0	next	other	0
21	544	Sound	test	9348948	0	1			0		other	0
21	544	Picture	response	9362215	13267	1	4332	1	13100	25000	incorrect	1013
21	544	Port Input	2	9366461	17513	1
21	544	Response	4	9366461	17513	1
21	545	Picture	ITI	9367547	0	1	23492	1	0	next	other	0
21	546	Sound	test	9380248	0	1			0		other	0
21	546	Picture	response	9391038	10791	1	4998	1	10700	25000	incorrect	1018
21	546	Port Input	1	9395958	15710	1
21	546	Response	3	9395958	15710	1
21	547	Picture	ITI	9397036	0	1	24158	1	0	next	other	0
21	548	Sound	test	9410387	0	1			0		other	0
21	548	Picture	response	9421194	10807	1	4998	1	10700	25000	incorrect	1023
21	548	Port Input	1	9426152	15764	1
21	548	Response	3	9426152	15764	1
21	549	Picture	ITI	9427192	0	1	21659	1	0	next	other	0
21	550	Sound	test	9438124	0	1			0		other	0
21	550	Picture	response	9448851	10728	1	5331	1	10700	25000	incorrect	1028
21	550	Port Input	1	9454045	15921	1
21	550	Response	3	9454045	15921	1
21	551	Picture	ITI	9455182	0	1	21992	1	0	next	other	0
21	552	Sound	test	9467094	0	1			0		other	0
21	552	Picture	response	9477175	10081	1	4998	1	10000	25000	incorrect	1033
21	552	Port Input	1	9482042	14948	1
21	552	Response	3	9482042	14948	1
21	553	Picture	ITI	9483173	0	1	32655	1	0	next	other	0
21	554	Sound	test	9500704	0	1			0		other	0
21	554	Picture	response	9515828	15124	1	4332	1	15000	25000	incorrect	1038
21	554	Port Input	2	9520045	19341	1
21	554	Response	4	9520045	19341	1
21	555	Picture	ITI	9521159	0	1	31489	1	0	next	other	0
21	556	Sound	test	9538491	0	1			0		other	0
21	556	Picture	response	9552648	14158	1	8997	1	14020	25000	incorrect	1043
21	556	Port Input	1	9561588	23097	1
21	556	Response	3	9561588	23097	1
21	557	Picture	ITI	9562645	0	1	32489	1	0	next	other	0
21	558	Sound	test	9579956	0	1			0		other	0
21	558	Picture	response	9595133	15177	1	14495	1	15000	25000	incorrect	1048
21	558	Port Input	2	9609513	29557	1
21	558	Response	4	9609513	29557	1
21	559	Picture	ITI	9610461	0	1	28323	1	0	next	other	0
21	560	Sound	test	9625543	0	1			0		other	0
21	560	Picture	response	9638785	13242	1	5331	1	13100	25000	incorrect	1053
21	560	Port Input	1	9644049	18506	1
21	560	Response	3	9644049	18506	1
21	561	Picture	ITI	9645116	0	1	20826	1	0	next	other	0
21	562	Sound	test	9655147	0	1			0		other	0
21	562	Picture	response	9665942	10795	1	4998	1	10700	25000	incorrect	1058
21	562	Port Input	1	9670786	15639	1
21	562	Response	3	9670786	15639	1
21	563	Picture	ITI	9671773	0	1	26157	1	0	next	other	0
21	564	Sound	test	9685504	0	1			0		other	0
21	564	Picture	response	9697931	12426	1	4332	1	12250	25000	incorrect	1063
21	564	Port Input	1	9702157	16652	1
21	564	Response	3	9702157	16652	1
21	565	Picture	ITI	9703262	0	1	26491	1	0	next	other	0
21	566	Sound	test	9715653	0	1			0		other	0
21	566	Picture	response	9729753	14099	1	10163	1	14020	25000	incorrect	1068
21	566	Port Input	1	9739837	24184	1
21	566	Response	3	9739837	24184	1
21	567	Picture	ITI	9740916	0	1	28657	1	0	next	other	0
21	568	Sound	test	9759477	0	1			0		other	0
21	568	Picture	response	9769572	10095	1	5331	1	10000	25000	incorrect	1073
21	568	Port Input	1	9774810	15333	1
21	568	Response	3	9774810	15333	1
21	569	Picture	ITI	9775903	0	1	26824	1	0	next	other	0
21	570	Sound	test	9788595	0	1			0		other	0
21	570	Picture	response	9802727	14133	1	5998	1	14020	25000	incorrect	1078
21	570	Port Input	1	9808565	19970	1
21	570	Response	3	9808565	19970	1
21	571	Picture	ITI	9809725	0	1	24991	1	0	next	other	0
21	572	Sound	test	9824646	0	1			0		other	0
21	572	Picture	response	9834716	10070	1	4998	1	10000	25000	incorrect	1083
21	572	Port Input	1	9839665	15019	1
21	572	Response	3	9839665	15019	1
21	573	Picture	ITI	9840714	0	1	30323	1	0	next	other	0
21	574	Sound	test	9858635	0	1			0		other	0
21	574	Picture	response	9871037	12401	1	4998	1	12250	25000	incorrect	1088
21	574	Port Input	2	9875949	17314	1
21	574	Response	4	9875949	17314	1
21	575	Picture	ITI	9877035	0	1	24658	1	0	next	other	0
21	576	Sound	test	9890846	0	1			0		other	0
21	576	Picture	response	9901693	10847	1	6331	1	10700	25000	incorrect	1093
21	576	Port Input	1	9907924	17078	1
21	576	Response	3	9907924	17078	1
21	577	Picture	ITI	9908857	0	1	25158	1	0	next	other	0
21	578	Sound	test	9923928	0	1			0		other	0
21	578	Picture	response	9934015	10086	1	4832	1	10000	25000	incorrect	1098
21	578	Port Input	1	9938670	14742	1
21	578	Response	3	9938670	14742	1
21	579	Picture	ITI	9939679	0	1	25658	1	0	next	other	0
21	580	Sound	test	9952180	0	1			0		other	0
21	580	Picture	response	9965337	13156	1	6498	1	13100	25000	incorrect	1103
21	580	Port Input	1	9971717	19536	1
21	580	Response	3	9971717	19536	1
21	581	Picture	ITI	9972668	0	1	25491	1	0	next	other	0
21	582	Sound	test	9987329	0	1			0		other	0
21	582	Picture	response	9998159	10830	1	5331	1	10700	25000	incorrect	1108
21	582	Port Input	1	10003400	16071	1
21	582	Response	3	10003400	16071	1
21	583	Picture	ITI	10004490	0	1	31489	1	0	next	other	0
21	584	Sound	test	10021911	0	1			0		other	0
21	584	Picture	response	10035979	14068	1	4165	1	14020	25000	incorrect	1113
21	584	Port Input	2	10040059	18148	1
21	584	Response	4	10040059	18148	1
21	585	Picture	ITI	10041144	0	1	24158	1	0	next	other	0
21	586	Sound	test	10053775	0	1			0		other	0
21	586	Picture	response	10065302	11527	1	9330	1	11450	25000	incorrect	1118
21	586	Port Input	1	10074512	20737	1
21	586	Response	3	10074512	20737	1
21	587	Picture	ITI	10075465	0	1	27490	1	0	next	other	0
21	588	Sound	test	10088806	0	1			0		other	0
21	588	Picture	response	10102955	14149	1	4498	1	14020	25000	incorrect	1123
21	588	Port Input	2	10107319	18513	1
21	588	Response	4	10107319	18513	1
21	589	Picture	ITI	10108287	0	1	28323	1	0	next	other	0
21	590	Sound	test	10124318	0	1			0		other	0
21	590	Picture	response	10136610	12292	1	5665	1	12250	25000	incorrect	1128
21	590	Port Input	1	10142167	17849	1
21	590	Response	3	10142167	17849	1
21	591	Picture	ITI	10143274	0	1	29823	1	0	next	other	0
21	592	Sound	test	10162986	0	1			0		other	0
21	592	Picture	response	10173097	10112	1	5498	1	10000	25000	incorrect	1133
21	592	Port Input	1	10178442	15456	1
21	592	Response	3	10178442	15456	1
21	593	Picture	ITI	10179595	0	1	29490	1	0	next	other	0
21	594	Sound	test	10198357	0	1			0		other	0
21	594	Picture	response	10209085	10728	1	4998	1	10700	25000	incorrect	1138
21	594	Port Input	1	10213977	15620	1
21	594	Response	3	10213977	15620	1
21	595	Picture	ITI	10215083	0	1	20826	1	0	next	other	0
21	596	Sound	test	10225784	0	1			0		other	0
21	596	Picture	response	10235909	10125	1	4165	1	10000	25000	incorrect	1143
21	596	Port Input	1	10239975	14191	1
21	596	Response	3	10239975	14191	1
21	597	Picture	ITI	10241073	0	1	33155	1	0	next	other	0
21	598	Sound	test	10261015	0	1			0		other	0
21	598	Picture	response	10274228	13214	1	7331	1	13100	25000	incorrect	1148
21	598	Port Input	2	10281518	20503	1
21	598	Response	4	10281518	20503	1
21	599	Picture	ITI	10282559	0	1	24658	1	0	next	other	0
21	600	Sound	test	10296470	0	1			0		other	0
21	600	Picture	response	10307217	10747	1	6998	1	10700	25000	incorrect	1153
21	600	Port Input	1	10314054	17584	1
21	600	Response	3	10314054	17584	1
21	601	Picture	ITI	10315048	0	1	21826	1	0	next	other	0
21	602	Sound	test	10325309	0	1			0		other	0
21	602	Picture	response	10336873	11564	1	4332	1	11450	25000	incorrect	1158
21	602	Port Input	1	10341011	15702	1
21	602	Response	3	10341011	15702	1
21	603	Picture	ITI	10342038	0	1	28657	1	0	next	other	0
21	604	Sound	test	10358299	0	1			0		other	0
21	604	Picture	response	10370695	12395	1	6831	1	12250	25000	incorrect	1163
21	604	Port Input	2	10377358	19058	1
21	604	Response	4	10377358	19058	1
21	605	Picture	ITI	10378359	0	1	29323	1	0	next	other	0
21	606	Sound	test	10393610	0	1			0		other	0
21	606	Picture	response	10407682	14072	1	7831	1	14020	25000	incorrect	1168
21	606	Port Input	1	10415329	21720	1
21	606	Response	3	10415329	21720	1
21	607	Picture	ITI	10416345	0	1	28990	1	0	next	other	0
21	608	Sound	test	10432127	0	1			0		other	0
21	608	Picture	response	10445335	13209	1	5498	1	13100	25000	incorrect	1173
21	608	Port Input	1	10450698	18572	1
21	608	Response	3	10450698	18572	1
21	609	Picture	ITI	10451666	0	1	24491	1	0	next	other	0
21	610	Sound	test	10462097	0	1			0		other	0
21	610	Picture	response	10476158	14060	1	6498	1	14020	25000	incorrect	1178
21	610	Port Input	1	10482589	20492	1
21	610	Response	3	10482589	20492	1
21	611	Picture	ITI	10483655	0	1	29656	1	0	next	other	0
21	612	Sound	test	10502557	0	1			0		other	0
21	612	Picture	response	10513311	10755	1	5332	1	10700	25000	incorrect	1183
21	612	Port Input	1	10518593	16036	1
21	612	Response	3	10518593	16036	1
21	613	Picture	ITI	10519642	0	1	30822	1	0	next	other	0
21	614	Sound	test	10538084	0	1			0		other	0
21	614	Picture	response	10550465	12381	1	10496	1	12250	25000	incorrect	1188
21	614	Port Input	2	10560802	22718	1
21	614	Response	4	10560802	22718	1
21	615	Picture	ITI	10561794	0	1	31656	1	0	next	other	0
21	616	Sound	test	10581166	0	1			0		other	0
21	616	Picture	response	10593450	12284	1	5165	1	12250	25000	incorrect	1193
21	616	Port Input	1	10598420	17254	1
21	616	Response	3	10598420	17254	1
21	617	Picture	ITI	10599448	0	1	27990	1	0	next	other	0
21	618	Sound	test	10615829	0	1			0		other	0
21	618	Picture	response	10627438	11609	1	5498	1	11450	25000	incorrect	1198
21	618	Port Input	1	10632789	16960	1
21	618	Response	3	10632789	16960	1
21	619	Picture	ITI	10633769	0	1	31656	1	0	next	other	0
21	620	Sound	test	10651290	0	1			0		other	0
21	620	Picture	response	10665425	14134	1	5498	1	14020	25000	incorrect	1203
21	620	Port Input	1	10670802	19512	1
21	620	Response	3	10670802	19512	1
21	621	Picture	ITI	10671756	0	1	27157	1	0	next	other	0
21	622	Sound	test	10685717	0	1			0		other	0
21	622	Picture	response	10698913	13196	1	6664	1	13100	25000	incorrect	1208
21	622	Port Input	1	10705379	19662	1
21	622	Response	3	10705379	19662	1
21	623	Picture	ITI	10706410	0	1	27157	1	0	next	other	0
21	624	Sound	test	10722092	0	1			0		other	0
21	624	Picture	response	10733567	11476	1	5665	1	11450	25000	incorrect	1213
21	624	Port Input	1	10739061	16970	1
21	624	Response	3	10739061	16970	1
21	625	Picture	ITI	10740065	0	1	23159	1	0	next	other	0
21	626	Sound	test	10753136	0	1			0		other	0
21	626	Picture	response	10763224	10087	1	4498	1	10000	25000	incorrect	1218
21	626	Port Input	1	10767641	14505	1
21	626	Response	3	10767641	14505	1
21	627	Picture	ITI	10768722	0	1	23658	1	0	next	other	0
21	628	Sound	test	10782323	0	1			0		other	0
21	628	Picture	response	10792380	10057	1	4665	1	10000	25000	incorrect	1223
21	628	Port Input	1	10796930	14607	1
21	628	Response	3	10796930	14607	1
21	629	Picture	ITI	10798045	0	1	23825	1	0	next	other	0
21	630	Sound	test	10808656	0	1			0		other	0
21	630	Picture	response	10821870	13214	1	4665	1	13100	25000	incorrect	1228
21	630	Port Input	1	10826374	17718	1
21	630	Response	3	10826374	17718	1
21	631	Picture	ITI	10827368	0	1	28157	1	0	next	other	0
21	632	Sound	test	10843969	0	1			0		other	0
21	632	Picture	response	10855525	11556	1	4832	1	11450	25000	incorrect	1233
21	632	Port Input	1	10860254	16285	1
21	632	Response	3	10860254	16285	1
21	633	Picture	ITI	10861356	0	1	34155	1	0	next	other	0
21	634	Sound	test	10880327	0	1			0		other	0
21	634	Picture	response	10895511	15184	1	4165	1	15000	25000	incorrect	1238
21	634	Port Input	2	10899516	19189	1
21	634	Response	4	10899516	19189	1
21	635	Picture	ITI	10900675	0	1	26990	1	0	next	other	0
21	636	Sound	test	10917577	0	1			0		other	0
21	636	Picture	response	10927666	10089	1	4998	1	10000	25000	incorrect	1243
21	636	Port Input	1	10932542	14966	1
21	636	Response	3	10932542	14966	1
21	637	Picture	ITI	10933664	0	1	31489	1	0	next	other	0
21	638	Sound	test	10952775	0	1			0		other	0
21	638	Picture	response	10965153	12378	1	6998	1	12250	25000	incorrect	1248
21	638	Port Input	1	10972034	19259	1
21	638	Response	3	10972034	19259	1
21	639	Picture	ITI	10973150	0	1	29323	1	0	next	other	0
21	640	Sound	test	10987331	0	1			0		other	0
21	640	Picture	response	11002473	15142	1	3999	1	15000	25000	incorrect	1253
21	640	Port Input	2	11006268	18937	1
21	640	Response	4	11006268	18937	1
21	641	Picture	ITI	11007305	0	1	33655	1	0	next	other	0
21	642	Sound	test	11026816	0	1			0		other	0
21	642	Picture	response	11040959	14144	1	7664	1	14020	25000	incorrect	1258
21	642	Port Input	2	11048435	21619	1
21	642	Response	4	11048435	21619	1
21	643	Picture	ITI	11049457	0	1	32322	1	0	next	other	0
21	644	Sound	test	11068518	0	1			0		other	0
21	644	Picture	response	11081778	13261	1	4998	1	13100	25000	incorrect	1263
21	644	Port Input	2	11086646	18129	1
21	644	Response	4	11086646	18129	1
21	645	Picture	ITI	11087776	0	1	31489	1	0	next	other	0
21	646	Sound	test	11106978	0	1			0		other	0
21	646	Picture	response	11119265	12288	1	5665	1	12250	25000	incorrect	1268
21	646	Port Input	1	11124774	17796	1
21	646	Response	3	11124774	17796	1
21	647	Picture	ITI	11125763	0	1	23992	1	0	next	other	0
21	648	Sound	test	11139635	0	1			0		other	0
21	648	Picture	response	11149755	10120	1	5831	1	10000	25000	incorrect	1273
21	648	Port Input	1	11155478	15843	1
21	648	Response	3	11155478	15843	1
21	649	Picture	ITI	11156586	0	1	25491	1	0	next	other	0
21	650	Sound	test	11166897	0	1			0		other	0
21	650	Picture	response	11182077	15180	1	5665	1	15000	25000	incorrect	1278
21	650	Port Input	1	11187661	20764	1
21	650	Response	3	11187661	20764	1
21	651	Picture	ITI	11188741	0	1	28323	1	0	next	other	0
21	652	Sound	test	11202912	0	1			0		other	0
21	652	Picture	response	11217064	14152	1	6998	1	14020	25000	incorrect	1283
21	652	Port Input	2	11223967	21054	1
21	652	Response	4	11223967	21054	1
21	653	Picture	ITI	11225062	0	1	33821	1	0	next	other	0
21	654	Sound	test	11243833	0	1			0		other	0
21	654	Picture	response	11258883	15050	1	5998	1	15000	25000	incorrect	1288
21	654	Port Input	2	11264770	20937	1
21	654	Response	4	11264770	20937	1
21	655	Picture	ITI	11265881	0	1	30656	1	0	next	other	0
21	656	Sound	test	11285042	0	1			0		other	0
21	656	Picture	response	11296537	11495	1	9497	1	11450	25000	incorrect	1293
21	656	Port Input	1	11305876	20834	1
21	656	Response	3	11305876	20834	1
21	657	Picture	ITI	11306866	0	1	21992	1	0	next	other	0
21	658	Sound	test	11317287	0	1			0		other	0
21	658	Picture	response	11328859	11571	1	7331	1	11450	25000	incorrect	1298
21	658	Port Input	1	11336142	18855	1
21	658	Response	3	11336142	18855	1
21	659	Picture	ITI	11337189	0	1	21826	1	0	next	other	0
21	660	Sound	test	11347450	0	1			0		other	0
21	660	Picture	response	11359015	11565	1	5665	1	11450	25000	incorrect	1303
21	660	Port Input	1	11364535	17085	1
21	660	Response	3	11364535	17085	1
21	661	Picture	ITI	11365679	0	1	32988	1	0	next	other	0
21	662	Sound	test	11385490	0	1			0		other	0
21	662	Picture	response	11398667	13177	1	4665	1	13100	25000	incorrect	1308
21	662	Port Input	2	11403215	17725	1
21	662	Response	4	11403215	17725	1
21	663	Picture	ITI	11404332	0	1	27490	1	0	next	other	0
21	664	Sound	test	11420263	0	1			0		other	0
21	664	Picture	response	11431822	11559	1	6498	1	11450	25000	incorrect	1313
21	664	Port Input	1	11438261	17997	1
21	664	Response	3	11438261	17997	1
21	665	Picture	ITI	11439320	0	1	28323	1	0	next	other	0
21	666	Sound	test	11456911	0	1			0		other	0
21	666	Picture	response	11467643	10732	1	5331	1	10700	25000	incorrect	1318
21	666	Port Input	1	11472859	15948	1
21	666	Response	3	11472859	15948	1
21	667	Picture	ITI	11473974	0	1	32655	1	0	next	other	0
21	668	Sound	test	11491516	0	1			0		other	0
21	668	Picture	response	11506629	15114	1	2333	1	15000	25000	incorrect	1323
21	668	Port Input	2	11508790	17274	1
21	668	Response	4	11508790	17274	1
21	669	Picture	ITI	11509795	0	1	29823	1	0	next	other	0
21	670	Sound	test	11528746	0	1			0		other	0
21	670	Picture	response	11539618	10872	1	4832	1	10700	25000	incorrect	1328
21	670	Port Input	1	11544367	15620	1
21	670	Response	3	11544367	15620	1
21	671	Picture	ITI	11545449	0	1	24491	1	0	next	other	0
21	672	Sound	test	11559880	0	1			0		other	0
21	672	Picture	response	11569941	10060	1	4998	1	10000	25000	incorrect	1333
21	672	Port Input	1	11574863	14982	1
21	672	Response	3	11574863	14982	1
21	673	Picture	ITI	11575939	0	1	20160	1	0	next	other	0
21	674	Picture	Instruction	11596098	0	1	437208	1	0	next	other	0
21	674	Quit		12027720	431622	NA


{
   "app": "Presentation Version 20.2 Build 07.25.18",
   "device": "LENOVO 10A8S1PC00",
   "experiment": "{772213B2-5F0F-4A35-9C2F-36954700C7EA}",
   "os": "Windows 7 64 bit",
   "package": "",
   "parameters": {
      "configuration": "Default configuration"
   },
   "scenario": "Timing Task with Dynanometer.sce",
   "subject": "21",
   "timestamp": "2019/03/14 06:31:14 GMT"
}
