Scenario - Timing Task
Logfile written - 03/08/2019 11:57:58

Subject	Trial	Event Type	Code	Time	TTime	Uncertainty	Duration	Uncertainty	ReqTime	ReqDur	Stim Type	Pair Index

22	1	Picture	Instruction	500	0	1	332720	1	0	next	other	0
22	1	Response	1	328122	327622	0
22	2	Picture	ITI	333219	0	1	10996	1	0	next	other	0
22	3	Sound	Stimuli	343231	0	896			0		other	0
22	4	Picture	Feedback	374039	0	1	20160	1	0	next	other	0
22	5	Picture	ITI	394199	0	1	10163	1	0	next	other	0
22	6	Sound	Stimuli	404200	0	1			0		other	0
22	7	Picture	Feedback	439350	0	1	20160	1	0	next	other	0
22	8	Picture	ITI	459510	0	1	10163	1	0	next	other	0
22	9	Sound	Stimuli	469511	0	1			0		other	0
22	10	Picture	Feedback	499662	0	1	20160	1	0	next	other	0
22	11	Picture	ITI	519822	0	1	10163	1	0	next	other	0
22	12	Sound	Stimuli	529824	0	1			0		other	0
22	13	Picture	Feedback	564973	0	1	20160	1	0	next	other	0
22	14	Picture	ITI	585133	0	1	10163	1	0	next	other	0
22	15	Sound	Stimuli	595135	0	1			0		other	0
22	16	Picture	Feedback	625120	0	1	20160	1	0	next	other	0
22	17	Picture	ITI	645279	0	1	10163	1	0	next	other	0
22	18	Sound	Stimuli	655281	0	1			0		other	0
22	19	Picture	Feedback	690264	0	1	20160	1	0	next	other	0
22	20	Picture	ITI	710424	0	1	10163	1	0	next	other	0
22	21	Sound	Stimuli	720425	0	1			0		other	0
22	22	Picture	Feedback	750577	0	1	20160	1	0	next	other	0
22	23	Picture	ITI	770737	0	1	10163	1	0	next	other	0
22	24	Sound	Stimuli	780738	0	1			0		other	0
22	25	Picture	Feedback	815721	0	1	20160	1	0	next	other	0
22	26	Picture	ITI	835881	0	1	10163	1	0	next	other	0
22	27	Sound	Stimuli	845882	0	1			0		other	0
22	28	Picture	Feedback	876034	0	1	20160	1	0	next	other	0
22	29	Picture	ITI	896194	0	1	10163	1	0	next	other	0
22	30	Sound	Stimuli	906195	0	1			0		other	0
22	31	Picture	Feedback	941345	0	1	20160	1	0	next	other	0
22	32	Picture	End_Block	961505	0	1	37820	1	0	next	other	0
22	32	Response	1	999154	37649	0
22	33	Picture	ITI	999325	0	1	10163	1	0	next	other	0
22	34	Picture	Break	1009488	0	1	14662	1	0	next	other	0
22	34	Response	1	1024033	14545	0
22	35	Picture	ITI	1024150	0	1	10163	1	0	next	other	0
22	36	Picture	Instruction	1034313	0	1	48317	1	0	next	other	0
22	36	Response	1	1077472	43159	0
22	37	Picture	ITI	1082630	0	1	27157	1	0	next	other	0
22	38	Sound	Practice	1094711	0	1			0		other	0
22	38	Picture	response	1109787	15076	1	16661	1	15000	25000	hit	45
22	38	Port Input	1	1126302	31591	1
22	38	Response	3	1126302	31591	1
22	39	Picture	ITI	1136445	0	1	29990	1	0	next	other	0
22	40	Sound	Practice	1151266	0	1			0		other	0
22	40	Picture	response	1166435	15168	1	13995	1	15000	25000	hit	50
22	40	Port Input	1	1180359	29092	1
22	40	Response	3	1180359	29092	1
22	41	Picture	ITI	1190427	0	1	29323	1	0	next	other	0
22	42	Sound	Practice	1204628	0	1			0		other	0
22	42	Picture	response	1219750	15122	1	11496	1	15000	25000	hit	55
22	42	Port Input	1	1231104	26476	1
22	42	Response	3	1231104	26476	1
22	43	Picture	ITI	1241243	0	1	33655	1	0	next	other	0
22	44	Sound	Practice	1259844	0	1			0		other	0
22	44	Picture	response	1274898	15054	1	3999	1	15000	25000	hit	60
22	44	Port Input	1	1278809	18966	1
22	44	Response	3	1278809	18966	1
22	45	Picture	ITI	1288893	0	1	26824	1	0	next	other	0
22	46	Sound	Practice	1300604	0	1			0		other	0
22	46	Picture	response	1315717	15113	1	4998	1	15000	25000	hit	65
22	46	Port Input	1	1320601	19997	1
22	46	Response	3	1320601	19997	1
22	47	Picture	ITI	1330712	0	1	28490	1	0	next	other	0
22	48	Sound	Practice	1344103	0	1			0		other	0
22	48	Picture	response	1359202	15099	1	4832	1	15000	25000	hit	70
22	48	Port Input	1	1363913	19809	1
22	48	Response	3	1363913	19809	1
22	49	Picture	ITI	1374031	0	1	22826	1	0	next	other	0
22	50	Sound	Practice	1386732	0	1			0		other	0
22	50	Picture	response	1396856	10124	1	9830	1	10000	25000	hit	75
22	50	Port Input	2	1406516	19785	1
22	50	Response	4	1406516	19785	1
22	51	Picture	ITI	1416683	0	1	26991	1	0	next	other	0
22	52	Sound	Practice	1433594	0	1			0		other	0
22	52	Picture	response	1443673	10079	1	4665	1	10000	25000	hit	80
22	52	Port Input	2	1448266	14672	1
22	52	Response	4	1448266	14672	1
22	53	Picture	ITI	1458335	0	1	22326	1	0	next	other	0
22	54	Sound	Practice	1470536	0	1			0		other	0
22	54	Picture	response	1480661	10124	1	4832	1	10000	25000	hit	85
22	54	Port Input	2	1485394	14857	1
22	54	Response	4	1485394	14857	1
22	55	Picture	ITI	1495489	0	1	33155	1	0	next	other	0
22	56	Sound	Practice	1513610	0	1			0		other	0
22	56	Picture	response	1528644	15034	1	4332	1	15000	25000	hit	90
22	56	Port Input	1	1532818	19207	1
22	56	Response	3	1532818	19207	1
22	57	Picture	ITI	1542973	0	1	20160	1	0	next	other	0
22	58	Sound	Practice	1553074	0	1			0		other	0
22	58	Picture	response	1563133	10058	1	7997	1	10000	25000	hit	95
22	58	Port Input	2	1571070	17995	1
22	58	Response	4	1571070	17995	1
22	59	Picture	ITI	1581126	0	1	25658	1	0	next	other	0
22	60	Sound	Practice	1596738	0	1			0		other	0
22	60	Picture	response	1606784	10047	1	5998	1	10000	25000	hit	100
22	60	Port Input	2	1612653	15915	1
22	60	Response	4	1612653	15915	1
22	61	Picture	ITI	1622779	0	1	28324	1	0	next	other	0
22	62	Sound	Practice	1640921	0	1			0		other	0
22	62	Picture	response	1651103	10182	1	4498	1	10000	25000	hit	105
22	62	Port Input	2	1655475	14555	1
22	62	Response	4	1655475	14555	1
22	63	Picture	ITI	1665598	0	1	32489	1	0	next	other	0
22	64	Sound	Practice	1683049	0	1			0		other	0
22	64	Picture	response	1698086	15038	1	3499	1	15000	25000	hit	110
22	64	Port Input	1	1701494	18445	1
22	64	Response	3	1701494	18445	1
22	65	Picture	ITI	1711582	0	1	21993	1	0	next	other	0
22	66	Sound	Practice	1723473	0	1			0		other	0
22	66	Picture	response	1733574	10101	1	4832	1	10000	25000	hit	115
22	66	Port Input	2	1738215	14742	1
22	66	Response	4	1738215	14742	1
22	67	Picture	ITI	1748403	0	1	20160	1	0	next	other	0
22	68	Sound	Practice	1758464	0	1			0		other	0
22	68	Picture	response	1768562	10098	1	5498	1	10000	25000	hit	120
22	68	Port Input	2	1773937	15473	1
22	68	Response	4	1773937	15473	1
22	69	Picture	ITI	1784057	0	1	27824	1	0	next	other	0
22	70	Sound	Practice	1801779	0	1			0		other	0
22	70	Picture	response	1811881	10102	1	5665	1	10000	25000	hit	125
22	70	Port Input	2	1817467	15688	1
22	70	Response	4	1817467	15688	1
22	71	Picture	ITI	1827542	0	1	29657	1	0	next	other	0
22	72	Sound	Practice	1847124	0	1			0		other	0
22	72	Picture	response	1857199	10075	1	5332	1	10000	25000	hit	130
22	72	Port Input	2	1862403	15279	1
22	72	Response	4	1862403	15279	1
22	73	Picture	ITI	1872527	0	1	27157	1	0	next	other	0
22	74	Sound	Practice	1889548	0	1			0		other	0
22	74	Picture	response	1899684	10136	1	5998	1	10000	25000	hit	135
22	74	Port Input	2	1905600	16052	1
22	74	Response	4	1905600	16052	1
22	75	Picture	ITI	1915679	0	1	28157	1	0	next	other	0
22	76	Sound	Practice	1928650	0	1			0		other	0
22	76	Picture	response	1943836	15186	1	5831	1	15000	25000	hit	140
22	76	Port Input	1	1949557	20907	1
22	76	Response	3	1949557	20907	1
22	77	Picture	ITI	1959664	0	1	32822	1	0	next	other	0
22	78	Sound	Practice	1977345	0	1			0		other	0
22	78	Picture	response	1992486	15141	1	3166	1	15000	25000	hit	145
22	78	Port Input	1	1995576	18231	1
22	78	Response	3	1995576	18231	1
22	79	Picture	ITI	2005648	0	1	31989	1	0	next	other	0
22	80	Sound	Practice	2022530	0	1			0		other	0
22	80	Picture	response	2037637	15108	1	3832	1	15000	25000	hit	150
22	80	Port Input	1	2041334	18805	1
22	80	Response	3	2041334	18805	1
22	81	Picture	ITI	2051466	0	1	23992	1	0	next	other	0
22	82	Sound	Practice	2065337	0	1			0		other	0
22	82	Picture	response	2075458	10120	1	4665	1	10000	25000	hit	155
22	82	Port Input	2	2080002	14665	1
22	82	Response	4	2080002	14665	1
22	83	Picture	ITI	2090119	0	1	26324	1	0	next	other	0
22	84	Sound	Practice	2106271	0	1			0		other	0
22	84	Picture	response	2116444	10173	1	4165	1	10000	25000	hit	160
22	84	Port Input	2	2120461	14191	1
22	84	Response	4	2120461	14191	1
22	85	Picture	ITI	2130605	0	1	29323	1	0	next	other	0
22	86	Sound	Practice	2144877	0	1			0		other	0
22	86	Picture	response	2159929	15052	1	4665	1	15000	25000	hit	165
22	86	Port Input	1	2164554	19677	1
22	86	Response	3	2164554	19677	1
22	87	Picture	Break	2174590	0	1	274406	1	0	next	other	0
22	87	Response	1	2448816	274225	0
22	88	Picture	Instruction	2448997	0	1	18327	1	0	next	other	0
22	88	Response	1	2467295	18298	0
22	89	Picture	ITI	2467324	0	1	15162	1	0	next	other	0
22	90	Picture	ITI	2482485	0	1	28824	1	0	next	other	0
22	91	Sound	test	2497107	0	1			0		other	0
22	91	Picture	response	2511309	14202	1	5831	1	14020	25000	incorrect	175
22	91	Port Input	1	2516992	19885	1
22	91	Response	3	2516992	19885	1
22	92	Picture	ITI	2518140	0	1	26491	1	0	next	other	0
22	93	Sound	test	2531381	0	1			0		other	0
22	93	Picture	response	2544631	13250	1	4832	1	13100	25000	incorrect	180
22	93	Port Input	1	2549330	17949	1
22	93	Response	3	2549330	17949	1
22	94	Picture	ITI	2550295	0	1	25325	1	0	next	other	0
22	95	Sound	test	2565487	0	1			0		other	0
22	95	Picture	response	2575620	10133	1	5831	1	10000	25000	incorrect	185
22	95	Port Input	2	2581314	15827	1
22	95	Response	4	2581314	15827	1
22	96	Picture	ITI	2582285	0	1	33988	1	0	next	other	0
22	97	Sound	test	2601156	0	1			0		other	0
22	97	Picture	response	2616273	15117	1	4665	1	15000	25000	incorrect	190
22	97	Port Input	1	2620763	19607	1
22	97	Response	3	2620763	19607	1
22	98	Picture	ITI	2621938	0	1	22659	1	0	next	other	0
22	99	Sound	test	2633119	0	1			0		other	0
22	99	Picture	response	2644597	11478	1	12329	1	11450	25000	incorrect	195
22	99	Port Input	1	2656880	23761	1
22	99	Response	3	2656880	23761	1
22	100	Picture	ITI	2657925	0	1	22659	1	0	next	other	0
22	101	Sound	test	2670447	0	1			0		other	0
22	101	Picture	response	2680584	10138	1	6664	1	10000	25000	incorrect	200
22	101	Port Input	2	2687063	16616	1
22	101	Response	4	2687063	16616	1
22	102	Picture	ITI	2688082	0	1	25991	1	0	next	other	0
22	103	Sound	test	2698963	0	1			0		other	0
22	103	Picture	response	2714073	15110	1	4332	1	15000	25000	incorrect	205
22	103	Port Input	1	2718214	19251	1
22	103	Response	3	2718214	19251	1
22	104	Picture	ITI	2719238	0	1	28657	1	0	next	other	0
22	105	Sound	test	2737859	0	1			0		other	0
22	105	Picture	response	2747895	10036	1	8164	1	10000	25000	incorrect	210
22	105	Port Input	1	2755997	18138	1
22	105	Response	3	2755997	18138	1
22	106	Picture	ITI	2757058	0	1	30323	1	0	next	other	0
22	107	Sound	test	2772309	0	1			0		other	0
22	107	Picture	response	2787381	15072	1	4832	1	15000	25000	incorrect	215
22	107	Port Input	1	2792094	19784	1
22	107	Response	3	2792094	19784	1
22	108	Picture	ITI	2793212	0	1	31489	1	0	next	other	0
22	109	Sound	test	2809564	0	1			0		other	0
22	109	Picture	response	2824702	15138	1	4498	1	15000	25000	incorrect	220
22	109	Port Input	1	2829158	19595	1
22	109	Response	3	2829158	19595	1
22	110	Picture	ITI	2830200	0	1	24658	1	0	next	other	0
22	111	Sound	test	2844131	0	1			0		other	0
22	111	Picture	response	2854858	10727	1	5498	1	10700	25000	incorrect	225
22	111	Port Input	2	2860153	16022	1
22	111	Response	4	2860153	16022	1
22	112	Picture	ITI	2861189	0	1	32156	1	0	next	other	0
22	113	Sound	test	2878160	0	1			0		other	0
22	113	Picture	response	2893345	15184	1	4665	1	15000	25000	incorrect	230
22	113	Port Input	1	2897957	19797	1
22	113	Response	3	2897957	19797	1
22	114	Picture	ITI	2899010	0	1	21326	1	0	next	other	0
22	115	Sound	test	2910231	0	1			0		other	0
22	115	Picture	response	2920336	10105	1	5165	1	10000	25000	incorrect	235
22	115	Port Input	2	2925298	15067	1
22	115	Response	4	2925298	15067	1
22	116	Picture	ITI	2926334	0	1	24492	1	0	next	other	0
22	117	Sound	test	2936635	0	1			0		other	0
22	117	Picture	response	2950825	14190	1	4165	1	14020	25000	incorrect	240
22	117	Port Input	1	2954877	18242	1
22	117	Response	3	2954877	18242	1
22	118	Picture	ITI	2955990	0	1	22326	1	0	next	other	0
22	119	Sound	test	2967511	0	1			0		other	0
22	119	Picture	response	2978316	10804	1	6664	1	10700	25000	incorrect	245
22	119	Port Input	2	2984862	17350	1
22	119	Response	4	2984862	17350	1
22	120	Picture	ITI	2985980	0	1	30656	1	0	next	other	0
22	121	Sound	test	3002551	0	1			0		other	0
22	121	Picture	response	3016636	14085	1	4998	1	14020	25000	incorrect	250
22	121	Port Input	1	3021500	18948	1
22	121	Response	3	3021500	18948	1
22	122	Picture	ITI	3022634	0	1	28657	1	0	next	other	0
22	123	Sound	test	3038865	0	1			0		other	0
22	123	Picture	response	3051291	12426	1	6831	1	12250	25000	incorrect	255
22	123	Port Input	1	3057992	19126	1
22	123	Response	3	3057992	19126	1
22	124	Picture	ITI	3059122	0	1	30156	1	0	next	other	0
22	125	Sound	test	3079123	0	1			0		other	0
22	125	Picture	response	3089278	10155	1	4665	1	10000	25000	incorrect	260
22	125	Port Input	2	3093807	14684	1
22	125	Response	4	3093807	14684	1
22	126	Picture	ITI	3094776	0	1	34821	1	0	next	other	0
22	127	Sound	test	3114497	0	1			0		other	0
22	127	Picture	response	3129598	15100	1	4832	1	15000	25000	incorrect	265
22	127	Port Input	1	3134370	19873	1
22	127	Response	3	3134370	19873	1
22	128	Picture	ITI	3135429	0	1	27491	1	0	next	other	0
22	129	Sound	test	3150500	0	1			0		other	0
22	129	Picture	response	3162920	12419	1	6165	1	12250	25000	incorrect	270
22	129	Port Input	2	3168936	18436	1
22	129	Response	4	3168936	18436	1
22	130	Picture	ITI	3169917	0	1	29323	1	0	next	other	0
22	131	Sound	test	3188479	0	2			0		other	0
22	131	Picture	response	3199241	10761	1	8164	1	10700	25000	incorrect	275
22	131	Port Input	1	3207240	18761	1
22	131	Response	3	3207240	18761	1
22	132	Picture	ITI	3208237	0	1	30156	1	0	next	other	0
22	133	Sound	test	3227569	0	1			0		other	0
22	133	Picture	response	3238394	10825	1	11996	1	10700	25000	incorrect	280
22	133	Port Input	1	3250312	22743	1
22	133	Response	3	3250312	22743	1
22	134	Picture	ITI	3251389	0	1	29657	1	0	next	other	0
22	135	Sound	test	3269471	0	1			0		other	0
22	135	Picture	response	3281046	11575	1	12329	1	11450	25000	incorrect	285
22	135	Port Input	1	3293311	23840	1
22	135	Response	3	3293311	23840	1
22	136	Picture	ITI	3294375	0	1	27657	1	0	next	other	0
22	137	Sound	test	3308786	0	1			0		other	0
22	137	Picture	response	3322032	13246	1	9830	1	13100	25000	incorrect	290
22	137	Port Input	1	3331792	23006	1
22	137	Response	3	3331792	23006	1
22	138	Picture	ITI	3332862	0	1	27491	1	0	next	other	0
22	139	Sound	test	3347933	0	1			0		other	0
22	139	Picture	response	3360352	12419	1	6664	1	12250	25000	incorrect	295
22	139	Port Input	1	3366910	18977	1
22	139	Response	3	3366910	18977	1
22	140	Picture	ITI	3368016	0	1	23492	1	0	next	other	0
22	141	Sound	test	3380017	0	1			0		other	0
22	141	Picture	response	3391508	11491	1	8997	1	11450	25000	incorrect	300
22	141	Port Input	2	3400351	20334	1
22	141	Response	4	3400351	20334	1
22	142	Picture	ITI	3401505	0	1	22992	1	0	next	other	0
22	143	Sound	test	3412866	0	1			0		other	0
22	143	Picture	response	3424497	11631	1	10163	1	11450	25000	incorrect	305
22	143	Port Input	1	3434480	21614	1
22	143	Response	3	3434480	21614	1
22	144	Picture	ITI	3435493	0	1	30323	1	0	next	other	0
22	145	Sound	test	3453534	0	1			0		other	0
22	145	Picture	response	3465816	12282	1	7497	1	12250	25000	incorrect	310
22	145	Port Input	2	3473127	19593	1
22	145	Response	4	3473127	19593	1
22	146	Picture	ITI	3474147	0	1	29823	1	0	next	other	0
22	147	Sound	test	3489848	0	1			0		other	0
22	147	Picture	response	3503970	14122	1	6831	1	14020	25000	incorrect	315
22	147	Port Input	1	3510619	20771	1
22	147	Response	3	3510619	20771	1
22	148	Picture	ITI	3511634	0	1	28157	1	0	next	other	0
22	149	Sound	test	3529715	0	1			0		other	0
22	149	Picture	response	3539791	10076	1	13162	1	10000	25000	incorrect	320
22	149	Port Input	1	3552879	23164	1
22	149	Response	3	3552879	23164	1
22	150	Picture	ITI	3553953	0	1	30823	1	0	next	other	0
22	151	Sound	test	3571534	0	1			0		other	0
22	151	Picture	response	3584775	13242	1	6831	1	13100	25000	incorrect	325
22	151	Port Input	1	3591557	20023	1
22	151	Response	3	3591557	20023	1
22	152	Picture	ITI	3592606	0	1	22159	1	0	next	other	0
22	153	Sound	test	3603187	0	1			0		other	0
22	153	Picture	response	3614765	11578	1	9997	1	11450	25000	incorrect	330
22	153	Port Input	1	3624634	21447	1
22	153	Response	3	3624634	21447	1
22	154	Picture	ITI	3625595	0	1	29157	1	0	next	other	0
22	155	Sound	test	3643136	0	1			0		other	0
22	155	Picture	response	3654752	11615	1	7164	1	11450	25000	incorrect	335
22	155	Port Input	1	3661782	18646	1
22	155	Response	3	3661782	18646	1
22	156	Picture	ITI	3662915	0	1	31989	1	0	next	other	0
22	157	Sound	test	3680827	0	1			0		other	0
22	157	Picture	response	3694905	14078	1	5498	1	14020	25000	incorrect	340
22	157	Port Input	1	3700253	19426	1
22	157	Response	3	3700253	19426	1
22	158	Picture	ITI	3701402	0	1	25991	1	0	next	other	0
22	159	Sound	test	3715854	0	1			0		other	0
22	159	Picture	response	3727393	11540	1	9663	1	11450	25000	incorrect	345
22	159	Port Input	1	3736984	21131	1
22	159	Response	3	3736984	21131	1
22	160	Picture	ITI	3738056	0	1	29657	1	0	next	other	0
22	161	Sound	test	3752558	0	1			0		other	0
22	161	Picture	response	3767713	15155	1	4832	1	15000	25000	incorrect	350
22	161	Port Input	1	3772362	19805	1
22	161	Response	3	3772362	19805	1
22	162	Picture	ITI	3773378	0	1	27657	1	0	next	other	0
22	163	Sound	test	3789559	0	1			0		other	0
22	163	Picture	response	3801035	11476	1	4832	1	11450	25000	incorrect	355
22	163	Port Input	2	3805700	16141	1
22	163	Response	4	3805700	16141	1
22	164	Picture	ITI	3806700	0	1	28657	1	0	next	other	0
22	165	Sound	test	3825221	0	1			0		other	0
22	165	Picture	response	3835357	10136	1	4998	1	10000	25000	incorrect	360
22	165	Port Input	2	3840266	15045	1
22	165	Response	4	3840266	15045	1
22	166	Picture	ITI	3841354	0	1	23992	1	0	next	other	0
22	167	Sound	test	3852946	0	1			0		other	0
22	167	Picture	response	3865346	12401	1	10496	1	12250	25000	incorrect	365
22	167	Port Input	1	3875758	22813	1
22	167	Response	3	3875758	22813	1
22	168	Picture	ITI	3876842	0	1	23659	1	0	next	other	0
22	169	Sound	test	3890464	0	1			0		other	0
22	169	Picture	response	3900501	10037	1	5665	1	10000	25000	incorrect	370
22	169	Port Input	2	3906035	15571	1
22	169	Response	4	3906035	15571	1
22	170	Picture	ITI	3906999	0	1	21159	1	0	next	other	0
22	171	Sound	test	3918060	0	1			0		other	0
22	171	Picture	response	3928158	10098	1	6831	1	10000	25000	incorrect	375
22	171	Port Input	2	3934885	16825	1
22	171	Response	4	3934885	16825	1
22	172	Picture	ITI	3935989	0	1	24325	1	0	next	other	0
22	173	Sound	test	3948010	0	1			0		other	0
22	173	Picture	response	3960314	12304	1	4832	1	12250	25000	incorrect	380
22	173	Port Input	1	3964964	16954	1
22	173	Response	3	3964964	16954	1
22	174	Picture	ITI	3965979	0	1	26158	1	0	next	other	0
22	175	Sound	test	3976950	0	1			0		other	0
22	175	Picture	response	3992136	15187	1	3999	1	15000	25000	incorrect	385
22	175	Port Input	1	3996052	19102	1
22	175	Response	3	3996052	19102	1
22	176	Picture	ITI	3997135	0	1	28824	1	0	next	other	0
22	177	Sound	test	4015866	0	1			0		other	0
22	177	Picture	response	4025958	10092	1	4332	1	10000	25000	incorrect	390
22	177	Port Input	2	4030087	14221	1
22	177	Response	4	4030087	14221	1
22	178	Picture	ITI	4031123	0	1	32822	1	0	next	other	0
22	179	Sound	test	4050674	0	1			0		other	0
22	179	Picture	response	4063945	13271	1	8997	1	13100	25000	incorrect	395
22	179	Port Input	1	4072837	22162	1
22	179	Response	3	4072837	22162	1
22	180	Picture	ITI	4073775	0	1	28324	1	0	next	other	0
22	181	Sound	test	4089806	0	1			0		other	0
22	181	Picture	response	4102099	12292	1	9830	1	12250	25000	incorrect	400
22	181	Port Input	2	4111744	21938	1
22	181	Response	4	4111744	21938	1
22	182	Picture	ITI	4112762	0	1	24325	1	0	next	other	0
22	183	Sound	test	4123883	0	1			0		other	0
22	183	Picture	response	4137087	13204	1	6498	1	13100	25000	incorrect	405
22	183	Port Input	1	4143416	19533	1
22	183	Response	3	4143416	19533	1
22	184	Picture	ITI	4144418	0	1	29823	1	0	next	other	0
22	185	Sound	test	4162739	0	1			0		other	0
22	185	Picture	response	4174241	11502	1	4998	1	11450	25000	incorrect	410
22	185	Port Input	2	4179200	16461	1
22	185	Response	4	4179200	16461	1
22	186	Picture	ITI	4180239	0	1	24658	1	0	next	other	0
22	187	Sound	test	4194840	0	1			0		other	0
22	187	Picture	response	4204897	10057	1	5332	1	10000	25000	incorrect	415
22	187	Port Input	2	4210049	15209	1
22	187	Response	4	4210049	15209	1
22	188	Picture	ITI	4211062	0	1	20326	1	0	next	other	0
22	189	Sound	test	4221343	0	1			0		other	0
22	189	Picture	response	4231388	10045	1	5498	1	10000	25000	incorrect	420
22	189	Port Input	2	4236827	15484	1
22	189	Response	4	4236827	15484	1
22	190	Picture	ITI	4237886	0	1	32156	1	0	next	other	0
22	191	Sound	test	4255957	0	1			0		other	0
22	191	Picture	response	4270041	14085	1	9164	1	14020	25000	incorrect	425
22	191	Port Input	1	4279056	23099	1
22	191	Response	3	4279056	23099	1
22	192	Picture	ITI	4280205	0	1	31156	1	0	next	other	0
22	193	Sound	test	4297256	0	1			0		other	0
22	193	Picture	response	4311361	14105	1	7831	1	14020	25000	incorrect	430
22	193	Port Input	1	4319150	21894	1
22	193	Response	3	4319150	21894	1
22	194	Picture	ITI	4320191	0	1	27657	1	0	next	other	0
22	195	Sound	test	4332742	0	1			0		other	0
22	195	Picture	response	4347848	15106	1	6165	1	15000	25000	incorrect	435
22	195	Port Input	1	4353883	21141	1
22	195	Response	3	4353883	21141	1
22	196	Picture	ITI	4355012	0	1	27657	1	0	next	other	0
22	197	Sound	test	4372644	0	1			0		other	0
22	197	Picture	response	4382670	10026	1	8164	1	10000	25000	incorrect	440
22	197	Port Input	2	4390635	17992	1
22	197	Response	4	4390635	17992	1
22	198	Picture	ITI	4391667	0	1	30490	1	0	next	other	0
22	199	Sound	test	4409008	0	1			0		other	0
22	199	Picture	response	4422156	13148	1	6498	1	13100	25000	incorrect	445
22	199	Port Input	1	4428502	19494	1
22	199	Response	3	4428502	19494	1
22	200	Picture	ITI	4429487	0	1	27157	1	0	next	other	0
22	201	Sound	test	4443448	0	1			0		other	0
22	201	Picture	response	4456644	13196	1	10163	1	13100	25000	incorrect	450
22	201	Port Input	1	4466670	23222	1
22	201	Response	3	4466670	23222	1
22	202	Picture	ITI	4467807	0	1	21326	1	0	next	other	0
22	203	Sound	test	4479078	0	1			0		other	0
22	203	Picture	response	4489133	10055	1	9163	1	10000	25000	incorrect	455
22	203	Port Input	1	4498165	19086	1
22	203	Response	3	4498165	19086	1
22	204	Picture	ITI	4499296	0	1	25158	1	0	next	other	0
22	205	Sound	test	4511228	0	1			0		other	0
22	205	Picture	response	4524455	13227	1	5165	1	13100	25000	incorrect	460
22	205	Port Input	1	4529441	18213	1
22	205	Response	3	4529441	18213	1
22	206	Picture	ITI	4530619	0	1	27324	1	0	next	other	0
22	207	Sound	test	4547160	0	1			0		other	0
22	207	Picture	response	4557943	10783	1	7664	1	10700	25000	incorrect	465
22	207	Port Input	1	4565516	18356	1
22	207	Response	3	4565516	18356	1
22	208	Picture	ITI	4566607	0	1	24825	1	0	next	other	0
22	209	Sound	test	4578298	0	1			0		other	0
22	209	Picture	response	4591432	13134	1	8997	1	13100	25000	incorrect	470
22	209	Port Input	1	4600301	22003	1
22	209	Response	3	4600301	22003	1
22	210	Picture	ITI	4601262	0	1	25824	1	0	next	other	0
22	211	Sound	test	4612043	0	1			0		other	0
22	211	Picture	response	4627086	15043	1	4498	1	15000	25000	incorrect	475
22	211	Port Input	1	4631410	19367	1
22	211	Response	3	4631410	19367	1
22	212	Picture	ITI	4632418	0	1	30490	1	0	next	other	0
22	213	Sound	test	4651319	0	1			0		other	0
22	213	Picture	response	4662907	11588	1	9497	1	11450	25000	incorrect	480
22	213	Port Input	2	4672254	20935	1
22	213	Response	4	4672254	20935	1
22	214	Picture	ITI	4673404	0	1	28657	1	0	next	other	0
22	215	Sound	test	4687925	0	1			0		other	0
22	215	Picture	response	4702061	14136	1	5332	1	14020	25000	incorrect	485
22	215	Port Input	1	4707278	19353	1
22	215	Response	3	4707278	19353	1
22	216	Picture	ITI	4708392	0	1	27491	1	0	next	other	0
22	217	Sound	test	4725703	0	1			0		other	0
22	217	Picture	response	4735882	10179	1	6831	1	10000	25000	incorrect	490
22	217	Port Input	2	4742667	16964	1
22	217	Response	4	4742667	16964	1
22	218	Picture	ITI	4743713	0	1	25158	1	0	next	other	0
22	219	Sound	test	4757334	0	1			0		other	0
22	219	Picture	response	4768871	11537	1	14328	1	11450	25000	incorrect	495
22	219	Port Input	1	4783105	25771	1
22	219	Response	3	4783105	25771	1
22	220	Picture	ITI	4784199	0	1	29657	1	0	next	other	0
22	221	Sound	test	4803080	0	1			0		other	0
22	221	Picture	response	4813856	10775	1	4998	1	10700	25000	incorrect	500
22	221	Port Input	2	4818754	15673	1
22	221	Response	4	4818754	15673	1
22	222	Picture	ITI	4819854	0	1	29657	1	0	next	other	0
22	223	Sound	test	4839475	0	1			0		other	0
22	223	Picture	response	4849510	10035	1	4832	1	10000	25000	incorrect	505
22	223	Port Input	2	4854267	14792	1
22	223	Response	4	4854267	14792	1
22	224	Picture	ITI	4855342	0	1	24991	1	0	next	other	0
22	225	Sound	test	4868013	0	1			0		other	0
22	225	Picture	response	4880333	12320	1	6331	1	12250	25000	incorrect	510
22	225	Port Input	1	4886459	18446	1
22	225	Response	3	4886459	18446	1
22	226	Picture	ITI	4887497	0	1	23992	1	0	next	other	0
22	227	Sound	test	4899119	0	1			0		other	0
22	227	Picture	response	4911489	12371	1	4832	1	12250	25000	incorrect	515
22	227	Port Input	1	4916257	17138	1
22	227	Response	3	4916257	17138	1
22	228	Picture	ITI	4917320	0	1	29823	1	0	next	other	0
22	229	Sound	test	4933962	0	1			0		other	0
22	229	Picture	response	4947143	13182	1	6498	1	13100	25000	incorrect	520
22	229	Port Input	1	4953436	19475	1
22	229	Response	3	4953436	19475	1
22	230	Picture	ITI	4954474	0	1	31989	1	0	next	other	0
22	231	Sound	test	4971386	0	1			0		other	0
22	231	Picture	response	4986463	15077	1	4332	1	15000	25000	incorrect	525
22	231	Port Input	1	4990751	19364	1
22	231	Response	3	4990751	19364	1
22	232	Picture	ITI	4991795	0	1	29490	1	0	next	other	0
22	233	Sound	test	5006146	0	1			0		other	0
22	233	Picture	response	5021285	15139	1	4165	1	15000	25000	incorrect	530
22	233	Port Input	1	5025265	19119	1
22	233	Response	3	5025265	19119	1
22	234	Picture	ITI	5026283	0	1	23825	1	0	next	other	0
22	235	Sound	test	5037794	0	1			0		other	0
22	235	Picture	response	5050108	12314	1	9330	1	12250	25000	incorrect	535
22	235	Port Input	1	5059258	21464	1
22	235	Response	3	5059258	21464	1
22	236	Picture	ITI	5060272	0	1	25325	1	0	next	other	0
22	237	Sound	test	5075423	0	1			0		other	0
22	237	Picture	response	5085596	10174	1	5332	1	10000	25000	incorrect	540
22	237	Port Input	2	5090784	15361	1
22	237	Response	4	5090784	15361	1
22	238	Picture	ITI	5091761	0	1	23825	1	0	next	other	0
22	239	Sound	test	5104842	0	1			0		other	0
22	239	Picture	response	5115586	10744	1	7164	1	10700	25000	incorrect	545
22	239	Port Input	1	5122643	17801	1
22	239	Response	3	5122643	17801	1
22	240	Picture	ITI	5123750	0	1	27990	1	0	next	other	0
22	241	Sound	test	5139401	0	1			0		other	0
22	241	Picture	response	5151740	12339	1	5332	1	12250	25000	incorrect	550
22	241	Port Input	1	5157011	17610	1
22	241	Response	3	5157011	17610	1
22	242	Picture	ITI	5158071	0	1	28990	1	0	next	other	0
22	243	Sound	test	5175463	0	1			0		other	0
22	243	Picture	response	5187062	11599	1	10496	1	11450	25000	incorrect	555
22	243	Port Input	1	5197449	21986	1
22	243	Response	3	5197449	21986	1
22	244	Picture	ITI	5198558	0	1	21159	1	0	next	other	0
22	245	Sound	test	5208899	0	1			0		other	0
22	245	Picture	response	5219717	10818	1	8664	1	10700	25000	incorrect	560
22	245	Port Input	1	5228267	19368	1
22	245	Response	3	5228267	19368	1
22	246	Picture	ITI	5229380	0	1	25991	1	0	next	other	0
22	247	Sound	test	5241172	0	1			0		other	0
22	247	Picture	response	5255372	14200	1	4832	1	14020	25000	incorrect	565
22	247	Port Input	1	5260043	18871	1
22	247	Response	3	5260043	18871	1
22	248	Picture	ITI	5261203	0	1	29490	1	0	next	other	0
22	249	Sound	test	5279934	0	1			0		other	0
22	249	Picture	response	5290693	10759	1	5332	1	10700	25000	incorrect	570
22	249	Port Input	2	5295837	15903	1
22	249	Response	4	5295837	15903	1
22	250	Picture	ITI	5296857	0	1	22659	1	0	next	other	0
22	251	Sound	test	5307199	0	1			0		other	0
22	251	Picture	response	5319516	12318	1	5665	1	12250	25000	incorrect	575
22	251	Port Input	2	5325104	17905	1
22	251	Response	4	5325104	17905	1
22	252	Picture	ITI	5326181	0	1	26657	1	0	next	other	0
22	253	Sound	test	5339682	0	1			0		other	0
22	253	Picture	response	5352838	13156	1	5998	1	13100	25000	incorrect	580
22	253	Port Input	1	5358733	19051	1
22	253	Response	3	5358733	19051	1
22	254	Picture	ITI	5359836	0	1	28990	1	0	next	other	0
22	255	Sound	test	5377967	0	1			0		other	0
22	255	Picture	response	5388826	10859	1	10663	1	10700	25000	incorrect	585
22	255	Port Input	1	5399348	21380	1
22	255	Response	3	5399348	21380	1
22	256	Picture	ITI	5400489	0	1	28657	1	0	next	other	0
22	257	Sound	test	5415880	0	1			0		other	0
22	257	Picture	response	5429146	13266	1	5998	1	13100	25000	incorrect	590
22	257	Port Input	1	5435007	19127	1
22	257	Response	3	5435007	19127	1
22	258	Picture	ITI	5435977	0	1	30156	1	0	next	other	0
22	259	Sound	test	5454588	0	1			0		other	0
22	259	Picture	response	5466133	11545	1	4332	1	11450	25000	incorrect	595
22	259	Port Input	2	5470312	15724	1
22	259	Response	4	5470312	15724	1
22	260	Picture	ITI	5471298	0	1	24158	1	0	next	other	0
22	261	Sound	test	5481369	0	1			0		other	0
22	261	Picture	response	5495456	14087	1	5998	1	14020	25000	incorrect	600
22	261	Port Input	1	5501328	19959	1
22	261	Response	3	5501328	19959	1
22	262	Picture	ITI	5502454	0	1	29323	1	0	next	other	0
22	263	Sound	test	5516745	0	1			0		other	0
22	263	Picture	response	5531777	15032	1	4665	1	15000	25000	incorrect	605
22	263	Port Input	1	5536279	19534	1
22	263	Response	3	5536279	19534	1
22	264	Picture	ITI	5537275	0	1	23659	1	0	next	other	0
22	265	Sound	test	5547766	0	1			0		other	0
22	265	Picture	response	5560934	13167	1	7331	1	13100	25000	incorrect	610
22	265	Port Input	1	5568190	20424	1
22	265	Response	3	5568190	20424	1
22	266	Picture	ITI	5569264	0	1	26158	1	0	next	other	0
22	267	Sound	test	5583126	0	1			0		other	0
22	267	Picture	response	5595422	12297	1	4998	1	12250	25000	incorrect	615
22	267	Port Input	2	5600341	17215	1
22	267	Response	4	5600341	17215	1
22	268	Picture	ITI	5601420	0	1	34488	1	0	next	other	0
22	269	Sound	test	5620761	0	1			0		other	0
22	269	Picture	response	5635908	15147	1	6165	1	15000	25000	incorrect	620
22	269	Port Input	1	5641955	21194	1
22	269	Response	3	5641955	21194	1
22	270	Picture	ITI	5643072	0	1	28324	1	0	next	other	0
22	271	Sound	test	5657244	0	1			0		other	0
22	271	Picture	response	5671396	14152	1	5831	1	14020	25000	incorrect	625
22	271	Port Input	1	5677073	19829	1
22	271	Response	3	5677073	19829	1
22	272	Picture	ITI	5678061	0	1	26324	1	0	next	other	0
22	273	Sound	test	5690182	0	1			0		other	0
22	273	Picture	response	5704385	14203	1	4998	1	14020	25000	incorrect	630
22	273	Port Input	1	5709192	19010	1
22	273	Response	3	5709192	19010	1
22	274	Picture	ITI	5710216	0	1	25991	1	0	next	other	0
22	275	Sound	test	5723077	0	1			0		other	0
22	275	Picture	response	5736207	13130	1	5498	1	13100	25000	incorrect	635
22	275	Port Input	1	5741634	18557	1
22	275	Response	3	5741634	18557	1
22	276	Picture	ITI	5742705	0	1	27324	1	0	next	other	0
22	277	Sound	test	5759956	0	1			0		other	0
22	277	Picture	response	5770029	10073	1	7164	1	10000	25000	incorrect	640
22	277	Port Input	2	5777075	17118	1
22	277	Response	4	5777075	17118	1
22	278	Picture	ITI	5778193	0	1	28990	1	0	next	other	0
22	279	Sound	test	5796324	0	1			0		other	0
22	279	Picture	response	5807183	10859	1	14495	1	10700	25000	incorrect	645
22	279	Port Input	1	5821500	25176	1
22	279	Response	3	5821500	25176	1
22	280	Picture	ITI	5822511	0	1	24158	1	0	next	other	0
22	281	Sound	test	5836492	0	1			0		other	0
22	281	Picture	response	5846670	10177	1	9330	1	10000	25000	incorrect	650
22	281	Port Input	1	5855796	19303	1
22	281	Response	3	5855796	19303	1
22	282	Picture	ITI	5856833	0	1	32989	1	0	next	other	0
22	283	Sound	test	5874774	0	1			0		other	0
22	283	Picture	response	5889822	15047	1	5332	1	15000	25000	incorrect	655
22	283	Port Input	1	5895099	20325	1
22	283	Response	3	5895099	20325	1
22	284	Picture	ITI	5896153	0	1	29657	1	0	next	other	0
22	285	Sound	test	5913514	0	1			0		other	0
22	285	Picture	response	5925809	12295	1	5998	1	12250	25000	incorrect	660
22	285	Port Input	1	5931664	18150	1
22	285	Response	3	5931664	18150	1
22	286	Picture	ITI	5932640	0	1	32156	1	0	next	other	0
22	287	Sound	test	5950681	0	1			0		other	0
22	287	Picture	response	5964796	14114	1	4998	1	14020	25000	incorrect	665
22	287	Port Input	1	5969634	18953	1
22	287	Response	3	5969634	18953	1
22	288	Picture	ITI	5970794	0	1	28824	1	0	next	other	0
22	289	Sound	test	5987305	0	1			0		other	0
22	289	Picture	response	5999617	12312	1	5998	1	12250	25000	incorrect	670
22	289	Port Input	1	6005491	18186	1
22	289	Response	3	6005491	18186	1
22	290	Picture	ITI	6006448	0	1	24158	1	0	next	other	0
22	291	Sound	test	6019780	0	1			0		other	0
22	291	Picture	response	6030607	10827	1	5332	1	10700	25000	incorrect	675
22	291	Port Input	2	6035778	15999	1
22	291	Response	4	6035778	15999	1
22	292	Picture	ITI	6036771	0	1	34322	1	0	next	other	0
22	293	Sound	test	6056023	0	1			0		other	0
22	293	Picture	response	6071093	15070	1	5998	1	15000	25000	incorrect	680
22	293	Port Input	1	6076914	20891	1
22	293	Response	3	6076914	20891	1
22	294	Picture	ITI	6078091	0	1	23159	1	0	next	other	0
22	295	Sound	test	6089652	0	1			0		other	0
22	295	Picture	response	6101249	11597	1	8830	1	11450	25000	incorrect	685
22	295	Port Input	2	6109939	20287	1
22	295	Response	4	6109939	20287	1
22	296	Picture	ITI	6111079	0	1	30323	1	0	next	other	0
22	297	Sound	test	6127221	0	1			0		other	0
22	297	Picture	response	6141402	14182	1	6331	1	14020	25000	incorrect	690
22	297	Port Input	1	6147628	20408	1
22	297	Response	3	6147628	20408	1
22	298	Picture	ITI	6148733	0	1	24325	1	0	next	other	0
22	299	Sound	test	6162184	0	1			0		other	0
22	299	Picture	response	6173058	10874	1	5831	1	10700	25000	incorrect	695
22	299	Port Input	2	6178717	16533	1
22	299	Response	4	6178717	16533	1
22	300	Picture	ITI	6179889	0	1	25491	1	0	next	other	0
22	301	Sound	test	6190260	0	1			0		other	0
22	301	Picture	response	6205380	15120	1	8497	1	15000	25000	incorrect	700
22	301	Port Input	1	6213699	23439	1
22	301	Response	3	6213699	23439	1
22	302	Picture	ITI	6214711	0	1	23992	1	0	next	other	0
22	303	Sound	test	6227912	0	1			0		other	0
22	303	Picture	response	6238702	10791	1	8664	1	10700	25000	incorrect	705
22	303	Port Input	1	6247287	19375	1
22	303	Response	3	6247287	19375	1
22	304	Picture	ITI	6248366	0	1	22659	1	0	next	other	0
22	305	Sound	test	6259517	0	1			0		other	0
22	305	Picture	response	6271025	11508	1	10163	1	11450	25000	incorrect	710
22	305	Port Input	1	6281082	21565	1
22	305	Response	3	6281082	21565	1
22	306	Picture	ITI	6282188	0	1	27324	1	0	next	other	0
22	307	Sound	test	6294419	0	1			0		other	0
22	307	Picture	response	6309511	15093	1	10830	1	15000	25000	incorrect	715
22	307	Port Input	1	6320188	25769	1
22	307	Response	3	6320188	25769	1
22	308	Picture	ITI	6321174	0	1	30823	1	0	next	other	0
22	309	Sound	test	6338746	0	1			0		other	0
22	309	Picture	response	6351997	13252	1	6664	1	13100	25000	incorrect	720
22	309	Port Input	1	6358512	19767	1
22	309	Response	3	6358512	19767	1
22	310	Picture	ITI	6359661	0	1	28324	1	0	next	other	0
22	311	Sound	test	6372812	0	1			0		other	0
22	311	Picture	response	6387985	15172	1	5498	1	15000	25000	incorrect	725
22	311	Port Input	1	6393422	20609	1
22	311	Response	3	6393422	20609	1
22	312	Picture	ITI	6394483	0	1	25325	1	0	next	other	0
22	313	Sound	test	6409004	0	1			0		other	0
22	313	Picture	response	6419807	10803	1	11996	1	10700	25000	incorrect	730
22	313	Port Input	2	6431705	22701	1
22	313	Response	4	6431705	22701	1
22	314	Picture	ITI	6432636	0	1	28657	1	0	next	other	0
22	315	Sound	test	6446267	0	1			0		other	0
22	315	Picture	response	6461293	15026	1	5332	1	15000	25000	incorrect	735
22	315	Port Input	1	6466562	20295	1
22	315	Response	3	6466562	20295	1
22	316	Picture	ITI	6467624	0	1	26158	1	0	next	other	0
22	317	Sound	test	6483675	0	1			0		other	0
22	317	Picture	response	6493782	10107	1	4165	1	10000	25000	incorrect	740
22	317	Port Input	2	6497786	14111	1
22	317	Response	4	6497786	14111	1
22	318	Picture	ITI	6498780	0	1	30490	1	0	next	other	0
22	319	Sound	test	6515081	0	1			0		other	0
22	319	Picture	response	6529270	14188	1	5831	1	14020	25000	incorrect	745
22	319	Port Input	1	6535007	19926	1
22	319	Response	3	6535007	19926	1
22	441	Picture	resume	7745688	0	1	13162	1	0	next	other	0
22	441	Port Input	2	7757363	11675	1
22	441	Response	4	7757363	11675	1
22	442	Picture	ITI	7758850	0	1	10163	1	0	next	other	0
22	443	Picture	ITI	7769013	0	1	24991	1	0	next	other	0
22	444	Sound	test	7781704	0	1			0		other	0
22	444	Picture	response	7794004	12300	1	4498	1	12250	25000	incorrect	754
22	444	Port Input	1	7798405	16700	1
22	444	Response	3	7798405	16700	1
22	445	Picture	ITI	7799503	0	1	25491	1	0	next	other	0
22	446	Sound	test	7809964	0	1			0		other	0
22	446	Picture	response	7824994	15030	1	4832	1	15000	25000	incorrect	759
22	446	Port Input	1	7829660	19696	1
22	446	Response	3	7829660	19696	1
22	447	Picture	ITI	7830659	0	1	27157	1	0	next	other	0
22	448	Sound	test	7847010	0	1			0		other	0
22	448	Picture	response	7857816	10806	1	4832	1	10700	25000	incorrect	764
22	448	Port Input	1	7862581	15571	1
22	448	Response	3	7862581	15571	1
22	449	Picture	ITI	7863647	0	1	30823	1	0	next	other	0
22	450	Sound	test	7879339	0	1			0		other	0
22	450	Picture	response	7894470	15132	1	3665	1	15000	25000	incorrect	769
22	450	Port Input	1	7897990	18652	1
22	450	Response	3	7897990	18652	1
22	451	Picture	ITI	7898969	0	1	24492	1	0	next	other	0
22	452	Sound	test	7912600	0	1			0		other	0
22	452	Picture	response	7923460	10860	1	4832	1	10700	25000	incorrect	774
22	452	Port Input	2	7928152	15552	1
22	452	Response	4	7928152	15552	1
22	453	Picture	ITI	7929125	0	1	32989	1	0	next	other	0
22	454	Sound	test	7948936	0	1			0		other	0
22	454	Picture	response	7962114	13178	1	4498	1	13100	25000	incorrect	779
22	454	Port Input	1	7966570	17634	1
22	454	Response	3	7966570	17634	1
22	455	Picture	ITI	7967612	0	1	29157	1	0	next	other	0
22	456	Sound	test	7985133	0	1			0		other	0
22	456	Picture	response	7996769	11635	1	7331	1	11450	25000	incorrect	784
22	456	Port Input	1	8004052	18918	1
22	456	Response	3	8004052	18918	1
22	457	Picture	ITI	8005099	0	1	30490	1	0	next	other	0
22	458	Sound	test	8023180	0	1			0		other	0
22	458	Picture	response	8035589	12408	1	7164	1	12250	25000	incorrect	789
22	458	Port Input	1	8042709	19529	1
22	458	Response	3	8042709	19529	1
22	459	Picture	ITI	8043753	0	1	25658	1	0	next	other	0
22	460	Sound	test	8059224	0	1			0		other	0
22	460	Picture	response	8069410	10187	1	8497	1	10000	25000	incorrect	794
22	460	Port Input	1	8077858	18635	1
22	460	Response	3	8077858	18635	1
22	461	Picture	ITI	8078907	0	1	30989	1	0	next	other	0
22	462	Sound	test	8094808	0	1			0		other	0
22	462	Picture	response	8109897	15088	1	4832	1	15000	25000	incorrect	799
22	462	Port Input	1	8114611	19802	1
22	462	Response	3	8114611	19802	1
22	463	Picture	ITI	8115728	0	1	23492	1	0	next	other	0
22	464	Sound	test	8127669	0	1			0		other	0
22	464	Picture	response	8139220	11551	1	6165	1	11450	25000	incorrect	804
22	464	Port Input	1	8145262	17593	1
22	464	Response	3	8145262	17593	1
22	465	Picture	ITI	8146218	0	1	31989	1	0	next	other	0
22	466	Sound	test	8164109	0	1			0		other	0
22	466	Picture	response	8178207	14098	1	4332	1	14020	25000	incorrect	809
22	466	Port Input	1	8182421	18312	1
22	466	Response	3	8182421	18312	1
22	467	Picture	ITI	8183538	0	1	30490	1	0	next	other	0
22	468	Sound	test	8199859	0	1			0		other	0
22	468	Picture	response	8214028	14168	1	4332	1	14020	25000	incorrect	814
22	468	Port Input	1	8218215	18356	1
22	468	Response	3	8218215	18356	1
22	469	Picture	ITI	8219359	0	1	32822	1	0	next	other	0
22	470	Sound	test	8237140	0	1			0		other	0
22	470	Picture	response	8252181	15041	1	5498	1	15000	25000	incorrect	819
22	470	Port Input	1	8257508	20368	1
22	470	Response	3	8257508	20368	1
22	471	Picture	ITI	8258679	0	1	29990	1	0	next	other	0
22	472	Sound	test	8277940	0	1			0		other	0
22	472	Picture	response	8288669	10729	1	5498	1	10700	25000	incorrect	824
22	472	Port Input	2	8293979	16039	1
22	472	Response	4	8293979	16039	1
22	473	Picture	ITI	8295000	0	1	28657	1	0	next	other	0
22	474	Sound	test	8309481	0	1			0		other	0
22	474	Picture	response	8323657	14176	1	5498	1	14020	25000	incorrect	829
22	474	Port Input	1	8329004	19522	1
22	474	Response	3	8329004	19522	1
22	475	Picture	ITI	8330155	0	1	26824	1	0	next	other	0
22	476	Sound	test	8341856	0	1			0		other	0
22	476	Picture	response	8356979	15123	1	4832	1	15000	25000	incorrect	834
22	476	Port Input	1	8361643	19787	1
22	476	Response	3	8361643	19787	1
22	477	Picture	ITI	8362644	0	1	24825	1	0	next	other	0
22	478	Sound	test	8376595	0	1			0		other	0
22	478	Picture	response	8387469	10874	1	4332	1	10700	25000	incorrect	839
22	478	Port Input	2	8391680	15086	1
22	478	Response	4	8391680	15086	1
22	479	Picture	ITI	8392633	0	1	30490	1	0	next	other	0
22	480	Sound	test	8411555	0	1			0		other	0
22	480	Picture	response	8423123	11568	1	5331	1	11450	25000	incorrect	844
22	480	Port Input	2	8428318	16764	1
22	480	Response	4	8428318	16764	1
22	481	Picture	ITI	8429454	0	1	29490	1	0	next	other	0
22	482	Sound	test	8445755	0	1			0		other	0
22	482	Picture	response	8458944	13189	1	4498	1	13100	25000	incorrect	849
22	482	Port Input	2	8463280	17525	1
22	482	Response	4	8463280	17525	1
22	483	Picture	ITI	8464276	0	1	24158	1	0	next	other	0
22	484	Sound	test	8477687	0	1			0		other	0
22	484	Picture	response	8488434	10747	1	8164	1	10700	25000	incorrect	854
22	484	Port Input	2	8496409	18722	1
22	484	Response	4	8496409	18722	1
22	485	Picture	ITI	8497431	0	1	24158	1	0	next	other	0
22	486	Sound	test	8508413	0	2			0		other	0
22	486	Picture	response	8521589	13176	1	4832	1	13100	25000	incorrect	859
22	486	Port Input	2	8526269	17856	1
22	486	Response	4	8526269	17856	1
22	487	Picture	ITI	8527254	0	1	26658	1	0	next	other	0
22	488	Sound	test	8542335	0	1			0		other	0
22	488	Picture	response	8553912	11576	1	4832	1	11450	25000	incorrect	864
22	488	Port Input	2	8558680	16345	1
22	488	Response	4	8558680	16345	1
22	489	Picture	ITI	8559743	0	1	22659	1	0	next	other	0
22	490	Sound	test	8571644	0	1			0		other	0
22	490	Picture	response	8582402	10758	1	11496	1	10700	25000	incorrect	869
22	490	Port Input	1	8593788	22143	1
22	490	Response	3	8593788	22143	1
22	491	Picture	ITI	8594898	0	1	27990	1	0	next	other	0
22	492	Sound	test	8612839	0	1			0		other	0
22	492	Picture	response	8622888	10049	1	4832	1	10000	25000	incorrect	874
22	492	Port Input	1	8627625	14786	1
22	492	Response	3	8627625	14786	1
22	493	Picture	ITI	8628719	0	1	24992	1	0	next	other	0
22	494	Sound	test	8639571	0	1			0		other	0
22	494	Picture	response	8653711	14140	1	4332	1	14020	25000	incorrect	879
22	494	Port Input	1	8657933	18362	1
22	494	Response	3	8657933	18362	1
22	495	Picture	ITI	8659042	0	1	26824	1	0	next	other	0
22	496	Sound	test	8671684	0	1			0		other	0
22	496	Picture	response	8685867	14183	1	3665	1	14020	25000	incorrect	884
22	496	Port Input	1	8689386	17702	1
22	496	Response	3	8689386	17702	1
22	497	Picture	ITI	8690532	0	1	35155	1	0	next	other	0
22	498	Sound	test	8710513	0	1			0		other	0
22	498	Picture	response	8725686	15173	1	8497	1	15000	25000	incorrect	889
22	498	Port Input	1	8733999	23486	1
22	498	Response	3	8733999	23486	1
22	499	Picture	ITI	8735016	0	1	29323	1	0	next	other	0
22	500	Sound	test	8753518	0	1			0		other	0
22	500	Picture	response	8764340	10822	1	4832	1	10700	25000	incorrect	894
22	500	Port Input	2	8768981	15464	1
22	500	Response	4	8768981	15464	1
22	501	Picture	ITI	8770005	0	1	28823	1	0	next	other	0
22	502	Sound	test	8788076	0	1			0		other	0
22	502	Picture	response	8798828	10752	1	10496	1	10700	25000	incorrect	899
22	502	Port Input	1	8809274	21198	1
22	502	Response	3	8809274	21198	1
22	503	Picture	ITI	8810324	0	1	28324	1	0	next	other	0
22	504	Sound	test	8823505	0	1			0		other	0
22	504	Picture	response	8838648	15142	1	4832	1	15000	25000	incorrect	904
22	504	Port Input	1	8843298	19793	1
22	504	Response	3	8843298	19793	1
22	505	Picture	ITI	8844312	0	1	26824	1	0	next	other	0
22	506	Sound	test	8858844	0	1			0		other	0
22	506	Picture	response	8871137	12293	1	5165	1	12250	25000	incorrect	909
22	506	Port Input	2	8876219	17376	1
22	506	Response	4	8876219	17376	1
22	507	Picture	ITI	8877301	0	1	28157	1	0	next	other	0
22	508	Sound	test	8893843	0	1			0		other	0
22	508	Picture	response	8905458	11616	1	4498	1	11450	25000	incorrect	914
22	508	Port Input	2	8909869	16027	1
22	508	Response	4	8909869	16027	1
22	509	Picture	ITI	8910956	0	1	25991	1	0	next	other	0
22	510	Sound	test	8922758	0	1			0		other	0
22	510	Picture	response	8936947	14190	1	11496	1	14020	25000	incorrect	919
22	510	Port Input	1	8948350	25592	1
22	510	Response	3	8948350	25592	1
22	511	Picture	ITI	8949443	0	1	26491	1	0	next	other	0
22	512	Sound	test	8960824	0	1			0		other	0
22	512	Picture	response	8975934	15110	1	5332	1	15000	25000	incorrect	924
22	512	Port Input	1	8981188	20363	1
22	512	Response	3	8981188	20363	1
22	513	Picture	ITI	8982265	0	1	23325	1	0	next	other	0
22	514	Sound	test	8992307	0	1			0		other	0
22	514	Picture	response	9005591	13284	1	9164	1	13100	25000	incorrect	929
22	514	Port Input	2	9014660	22354	1
22	514	Response	4	9014660	22354	1
22	515	Picture	ITI	9015754	0	1	33988	1	0	next	other	0
22	516	Sound	test	9034625	0	1			0		other	0
22	516	Picture	response	9049742	15117	1	4998	1	15000	25000	incorrect	934
22	516	Port Input	1	9054578	19953	1
22	516	Response	3	9054578	19953	1
22	517	Picture	ITI	9055574	0	1	28324	1	0	next	other	0
22	518	Sound	test	9072385	0	1			0		other	0
22	518	Picture	response	9083897	11512	1	10163	1	11450	25000	incorrect	939
22	518	Port Input	1	9093902	21517	1
22	518	Response	3	9093902	21517	1
22	519	Picture	ITI	9095060	0	1	24325	1	0	next	other	0
22	520	Sound	test	9107011	0	1			0		other	0
22	520	Picture	response	9119385	12374	1	6498	1	12250	25000	incorrect	944
22	520	Port Input	1	9125792	18781	1
22	520	Response	3	9125792	18781	1
22	521	Picture	ITI	9126883	0	1	26824	1	0	next	other	0
22	522	Sound	test	9141314	0	1			0		other	0
22	522	Picture	response	9153707	12393	1	8330	1	12250	25000	incorrect	949
22	522	Port Input	1	9161983	20669	1
22	522	Response	3	9161983	20669	1
22	523	Picture	ITI	9163037	0	1	31489	1	0	next	other	0
22	524	Sound	test	9182238	0	1			0		other	0
22	524	Picture	response	9194526	12288	1	6831	1	12250	25000	incorrect	954
22	524	Port Input	1	9201223	18985	1
22	524	Response	3	9201223	18985	1
22	525	Picture	ITI	9202357	0	1	30323	1	0	next	other	0
22	526	Sound	test	9221918	0	1			0		other	0
22	526	Picture	response	9232680	10762	1	8330	1	10700	25000	incorrect	959
22	526	Port Input	1	9240881	18963	1
22	526	Response	3	9240881	18963	1
22	527	Picture	ITI	9242010	0	1	25158	1	0	next	other	0
22	528	Sound	test	9255661	0	1			0		other	0
22	528	Picture	response	9267168	11507	1	4332	1	11450	25000	incorrect	964
22	528	Port Input	2	9271376	15714	1
22	528	Response	4	9271376	15714	1
22	529	Picture	ITI	9272500	0	1	30490	1	0	next	other	0
22	530	Sound	test	9287831	0	1			0		other	0
22	530	Picture	response	9302989	15158	1	3999	1	15000	25000	incorrect	969
22	530	Port Input	1	9306931	19100	1
22	530	Response	3	9306931	19100	1
22	531	Picture	ITI	9307987	0	1	25991	1	0	next	other	0
22	532	Sound	test	9323899	0	1			0		other	0
22	532	Picture	response	9333979	10080	1	3832	1	10000	25000	incorrect	974
22	532	Port Input	2	9337728	13829	1
22	532	Response	4	9337728	13829	1
22	533	Picture	ITI	9338810	0	1	22159	1	0	next	other	0
22	534	Sound	test	9350151	0	1			0		other	0
22	534	Picture	response	9360969	10818	1	5998	1	10700	25000	incorrect	979
22	534	Port Input	2	9366776	16624	1
22	534	Response	4	9366776	16624	1
22	535	Picture	ITI	9367800	0	1	27657	1	0	next	other	0
22	536	Sound	test	9385432	0	1			0		other	0
22	536	Picture	response	9395458	10026	1	6831	1	10000	25000	incorrect	984
22	536	Port Input	2	9402112	16681	1
22	536	Response	4	9402112	16681	1
22	537	Picture	ITI	9403122	0	1	29657	1	0	next	other	0
22	538	Sound	test	9419513	0	1			0		other	0
22	538	Picture	response	9432778	13265	1	4832	1	13100	25000	incorrect	989
22	538	Port Input	1	9437522	18009	1
22	538	Response	3	9437522	18009	1
22	539	Picture	ITI	9438610	0	1	28657	1	0	next	other	0
22	540	Sound	test	9456411	0	1			0		other	0
22	540	Picture	response	9467266	10856	1	7831	1	10700	25000	incorrect	994
22	540	Port Input	2	9474972	18561	1
22	540	Response	4	9474972	18561	1
22	541	Picture	ITI	9476097	0	1	20493	1	0	next	other	0
22	542	Sound	test	9486438	0	1			0		other	0
22	542	Picture	response	9496590	10152	1	9997	1	10000	25000	incorrect	999
22	542	Port Input	2	9506383	19945	1
22	542	Response	4	9506383	19945	1
22	543	Picture	ITI	9507419	0	1	26991	1	0	next	other	0
22	544	Sound	test	9524301	0	1			0		other	0
22	544	Picture	response	9534410	10110	1	4332	1	10000	25000	incorrect	1004
22	544	Port Input	2	9538679	14379	1
22	544	Response	4	9538679	14379	1
22	545	Picture	ITI	9539742	0	1	25158	1	0	next	other	0
22	546	Sound	test	9554833	0	1			0		other	0
22	546	Picture	response	9564900	10067	1	7331	1	10000	25000	incorrect	1009
22	546	Port Input	1	9572121	17288	1
22	546	Response	3	9572121	17288	1
22	547	Picture	ITI	9573230	0	1	28990	1	0	next	other	0
22	548	Sound	test	9588981	0	1			0		other	0
22	548	Picture	response	9602220	13239	1	10330	1	13100	25000	incorrect	1014
22	548	Port Input	1	9612434	23453	1
22	548	Response	3	9612434	23453	1
22	549	Picture	ITI	9613550	0	1	29823	1	0	next	other	0
22	550	Sound	test	9631801	0	1			0		other	0
22	550	Picture	response	9643373	11572	1	15828	1	11450	25000	incorrect	1019
22	550	Port Input	1	9659025	27224	1
22	550	Response	3	9659025	27224	1
22	551	Picture	ITI	9660034	0	1	27324	1	0	next	other	0
22	552	Sound	test	9673215	0	1			0		other	0
22	552	Picture	response	9687358	14143	1	4498	1	14020	25000	incorrect	1024
22	552	Port Input	1	9691728	18513	1
22	552	Response	3	9691728	18513	1
22	553	Picture	ITI	9692856	0	1	25158	1	0	next	other	0
22	554	Sound	test	9707217	0	1			0		other	0
22	554	Picture	response	9718014	10797	1	4499	1	10700	25000	incorrect	1029
22	554	Port Input	2	9722452	15235	1
22	554	Response	4	9722452	15235	1
22	555	Picture	ITI	9723512	0	1	27824	1	0	next	other	0
22	556	Sound	test	9739003	0	1			0		other	0
22	556	Picture	response	9751336	12333	1	7164	1	12250	25000	incorrect	1034
22	556	Port Input	1	9758299	19295	1
22	556	Response	3	9758299	19295	1
22	557	Picture	ITI	9759333	0	1	28823	1	0	next	other	0
22	558	Sound	test	9774024	0	1			0		other	0
22	558	Picture	response	9788157	14132	1	6165	1	14020	25000	incorrect	1039
22	558	Port Input	1	9794239	20215	1
22	558	Response	3	9794239	20215	1
22	559	Picture	ITI	9795321	0	1	29323	1	0	next	other	0
22	560	Sound	test	9809612	0	1			0		other	0
22	560	Picture	response	9824644	15032	1	6165	1	15000	25000	incorrect	1044
22	560	Port Input	1	9830689	21077	1
22	560	Response	3	9830689	21077	1
22	561	Picture	ITI	9831809	0	1	32322	1	0	next	other	0
22	562	Sound	test	9850990	0	1			0		other	0
22	562	Picture	response	9864131	13141	1	5665	1	13100	25000	incorrect	1049
22	562	Port Input	1	9869712	18722	1
22	562	Response	3	9869712	18722	1
22	563	Picture	ITI	9870795	0	1	32156	1	0	next	other	0
22	564	Sound	test	9887826	0	1			0		other	0
22	564	Picture	response	9902951	15124	1	4165	1	15000	25000	incorrect	1054
22	564	Port Input	1	9906953	19127	1
22	564	Response	3	9906953	19127	1
22	565	Picture	ITI	9907949	0	1	27324	1	0	next	other	0
22	566	Sound	test	9925190	0	1			0		other	0
22	566	Picture	response	9935273	10083	1	4998	1	10000	25000	incorrect	1059
22	566	Port Input	2	9940072	14882	1
22	566	Response	4	9940072	14882	1
22	567	Picture	ITI	9941105	0	1	32322	1	0	next	other	0
22	568	Sound	test	9958246	0	1			0		other	0
22	568	Picture	response	9973427	15181	1	3499	1	15000	25000	incorrect	1064
22	568	Port Input	1	9976866	18621	1
22	568	Response	3	9976866	18621	1
22	569	Picture	ITI	9977925	0	1	30656	1	0	next	other	0
22	570	Sound	test	9993517	0	1			0		other	0
22	570	Picture	response	10008581	15065	1	3832	1	15000	25000	incorrect	1069
22	570	Port Input	1	10012338	18822	1
22	570	Response	3	10012338	18822	1
22	571	Picture	ITI	10013413	0	1	29990	1	0	next	other	0
22	572	Sound	test	10031854	0	1			0		other	0
22	572	Picture	response	10043403	11549	1	8997	1	11450	25000	incorrect	1074
22	572	Port Input	1	10052193	20339	1
22	572	Response	3	10052193	20339	1
22	573	Picture	ITI	10053233	0	1	23992	1	0	next	other	0
22	574	Sound	test	10063974	0	1			0		other	0
22	574	Picture	response	10077225	13251	1	3499	1	13100	25000	incorrect	1079
22	574	Port Input	1	10080679	16705	1
22	574	Response	3	10080679	16705	1
22	575	Picture	ITI	10081723	0	1	30823	1	0	next	other	0
22	576	Sound	test	10098404	0	1			0		other	0
22	576	Picture	response	10112546	14142	1	4165	1	14020	25000	incorrect	1084
22	576	Port Input	1	10116526	18121	1
22	576	Response	3	10116526	18121	1
22	577	Picture	ITI	10117544	0	1	28324	1	0	next	other	0
22	578	Sound	test	10134986	0	1			0		other	0
22	578	Picture	response	10145868	10882	1	5831	1	10700	25000	incorrect	1089
22	578	Port Input	2	10151581	16595	1
22	578	Response	4	10151581	16595	1
22	579	Picture	ITI	10152699	0	1	25491	1	0	next	other	0
22	580	Sound	test	10165900	0	1			0		other	0
22	580	Picture	response	10178190	12290	1	11329	1	12250	25000	incorrect	1094
22	580	Port Input	1	10189416	23516	1
22	580	Response	3	10189416	23516	1
22	581	Picture	ITI	10190519	0	1	27491	1	0	next	other	0
22	582	Sound	test	10203931	0	1			0		other	0
22	582	Picture	response	10218010	14079	1	5165	1	14020	25000	incorrect	1099
22	582	Port Input	1	10223024	19094	1
22	582	Response	3	10223024	19094	1
22	583	Picture	ITI	10224008	0	1	30156	1	0	next	other	0
22	584	Sound	test	10240029	0	1			0		other	0
22	584	Picture	response	10254164	14135	1	4165	1	14020	25000	incorrect	1104
22	584	Port Input	1	10258205	18175	1
22	584	Response	3	10258205	18175	1
22	585	Picture	ITI	10259329	0	1	28657	1	0	next	other	0
22	586	Sound	test	10277910	0	1			0		other	0
22	586	Picture	response	10287986	10076	1	4998	1	10000	25000	incorrect	1109
22	586	Port Input	2	10292937	15027	1
22	586	Response	4	10292937	15027	1
22	587	Picture	ITI	10293984	0	1	29490	1	0	next	other	0
22	588	Sound	test	10312645	0	1			0		other	0
22	588	Picture	response	10323474	10829	1	13995	1	10700	25000	incorrect	1114
22	588	Port Input	2	10337280	24634	1
22	588	Response	4	10337280	24634	1
22	589	Picture	ITI	10338302	0	1	28490	1	0	next	other	0
22	590	Sound	test	10354464	0	1			0		other	0
22	590	Picture	response	10366792	12329	1	6498	1	12250	25000	incorrect	1119
22	590	Port Input	2	10373106	18642	1
22	590	Response	4	10373106	18642	1
22	591	Picture	ITI	10374123	0	1	23825	1	0	next	other	0
22	592	Sound	test	10384805	0	1			0		other	0
22	592	Picture	response	10397948	13144	1	4665	1	13100	25000	incorrect	1124
22	592	Port Input	1	10402549	17745	1
22	592	Response	3	10402549	17745	1
22	593	Picture	ITI	10403613	0	1	28490	1	0	next	other	0
22	594	Sound	test	10418015	0	1			0		other	0
22	594	Picture	response	10432104	14088	1	6831	1	14020	25000	incorrect	1129
22	594	Port Input	1	10438864	20849	1
22	594	Response	3	10438864	20849	1
22	595	Picture	ITI	10439934	0	1	32322	1	0	next	other	0
22	596	Sound	test	10459905	0	1			0		other	0
22	596	Picture	response	10472256	12351	1	5498	1	12250	25000	incorrect	1134
22	596	Port Input	2	10477626	17721	1
22	596	Response	4	10477626	17721	1
22	597	Picture	ITI	10478588	0	1	28657	1	0	next	other	0
22	598	Sound	test	10494819	0	1			0		other	0
22	598	Picture	response	10507245	12426	1	7331	1	12250	25000	incorrect	1139
22	598	Port Input	2	10514420	19601	1
22	598	Response	4	10514420	19601	1
22	599	Picture	ITI	10515408	0	1	31156	1	0	next	other	0
22	600	Sound	test	10534940	0	1			0		other	0
22	600	Picture	response	10546564	11625	1	5498	1	11450	25000	incorrect	1144
22	600	Port Input	2	10552016	17076	1
22	600	Response	4	10552016	17076	1
22	601	Picture	ITI	10553062	0	1	21493	1	0	next	other	0
22	602	Sound	test	10564383	0	1			0		other	0
22	602	Picture	response	10574555	10171	1	5831	1	10000	25000	incorrect	1149
22	602	Port Input	2	10580221	15837	1
22	602	Response	4	10580221	15837	1
22	603	Picture	ITI	10581219	0	1	29990	1	0	next	other	0
22	604	Sound	test	10598910	0	1			0		other	0
22	604	Picture	response	10611209	12299	1	6831	1	12250	25000	incorrect	1154
22	604	Port Input	1	10617993	19083	1
22	604	Response	3	10617993	19083	1
22	605	Picture	ITI	10619040	0	1	28990	1	0	next	other	0
22	606	Sound	test	10632901	0	1			0		other	0
22	606	Picture	response	10648030	15129	1	4498	1	15000	25000	incorrect	1159
22	606	Port Input	1	10652351	19450	1
22	606	Response	3	10652351	19450	1
22	607	Picture	ITI	10653361	0	1	29990	1	0	next	other	0
22	608	Sound	test	10670122	0	1			0		other	0
22	608	Picture	response	10683351	13229	1	5665	1	13100	25000	incorrect	1164
22	608	Port Input	1	10688812	18690	1
22	608	Response	3	10688812	18690	1
22	609	Picture	ITI	10689849	0	1	34488	1	0	next	other	0
22	610	Sound	test	10709250	0	1			0		other	0
22	610	Picture	response	10724337	15087	1	6165	1	15000	25000	incorrect	1169
22	610	Port Input	1	10730343	21093	1
22	610	Response	3	10730343	21093	1
22	611	Picture	ITI	10731335	0	1	28324	1	0	next	other	0
22	612	Sound	test	10748176	0	1			0		other	0
22	612	Picture	response	10759658	11482	1	5998	1	11450	25000	incorrect	1174
22	612	Port Input	2	10765545	17369	1
22	612	Response	4	10765545	17369	1
22	613	Picture	ITI	10766489	0	1	25491	1	0	next	other	0
22	614	Sound	test	10781890	0	1			0		other	0
22	614	Picture	response	10791981	10090	1	6664	1	10000	25000	incorrect	1179
22	614	Port Input	2	10798601	16711	1
22	614	Response	4	10798601	16711	1
22	615	Picture	ITI	10799645	0	1	27657	1	0	next	other	0
22	616	Sound	test	10812146	0	1			0		other	0
22	616	Picture	response	10827302	15156	1	3832	1	15000	25000	incorrect	1184
22	616	Port Input	1	10831064	18918	1
22	616	Response	3	10831064	18918	1
22	617	Picture	ITI	10832134	0	1	27824	1	0	next	other	0
22	618	Sound	test	10847525	0	1			0		other	0
22	618	Picture	response	10859957	12433	1	11663	1	12250	25000	incorrect	1189
22	618	Port Input	2	10871440	23915	1
22	618	Response	4	10871440	23915	1
22	619	Picture	ITI	10872453	0	1	25991	1	0	next	other	0
22	620	Sound	test	10888414	0	1			0		other	0
22	620	Picture	response	10898444	10030	1	3999	1	10000	25000	incorrect	1194
22	620	Port Input	2	10902330	13916	1
22	620	Response	4	10902330	13916	1
22	621	Picture	ITI	10903443	0	1	22492	1	0	next	other	0
22	622	Sound	test	10915834	0	1			0		other	0
22	622	Picture	response	10925935	10101	1	8997	1	10000	25000	incorrect	1199
22	622	Port Input	1	10934866	19033	1
22	622	Response	3	10934866	19033	1
22	623	Picture	ITI	10935931	0	1	29157	1	0	next	other	0
22	624	Sound	test	10954973	0	1			0		other	0
22	624	Picture	response	10965088	10116	1	5498	1	10000	25000	incorrect	1204
22	624	Port Input	2	10970421	15449	1
22	624	Response	4	10970421	15449	1
22	625	Picture	ITI	10971419	0	1	30323	1	0	next	other	0
22	626	Sound	test	10987531	0	1			0		other	0
22	626	Picture	response	11001742	14212	1	4499	1	14020	25000	incorrect	1209
22	626	Port Input	1	11006081	18550	1
22	626	Response	3	11006081	18550	1
22	627	Picture	ITI	11007240	0	1	27491	1	0	next	other	0
22	628	Sound	test	11024612	0	1			0		other	0
22	628	Picture	response	11034731	10119	1	6498	1	10000	25000	incorrect	1214
22	628	Port Input	2	11041188	16576	1
22	628	Response	4	11041188	16576	1
22	629	Picture	ITI	11042228	0	1	21992	1	0	next	other	0
22	630	Sound	test	11054150	0	1			0		other	0
22	630	Picture	response	11064221	10071	1	13162	1	10000	25000	incorrect	1219
22	630	Port Input	2	11077326	23176	1
22	630	Response	4	11077326	23176	1
22	631	Picture	ITI	11078383	0	1	28157	1	0	next	other	0
22	632	Sound	test	11093294	0	1			0		other	0
22	632	Picture	response	11106540	13246	1	4665	1	13100	25000	incorrect	1224
22	632	Port Input	1	11111049	17755	1
22	632	Response	3	11111049	17755	1
22	633	Picture	ITI	11112038	0	1	32822	1	0	next	other	0
22	634	Sound	test	11131639	0	1			0		other	0
22	634	Picture	response	11144860	13221	1	4665	1	13100	25000	incorrect	1229
22	634	Port Input	1	11149373	17734	1
22	634	Response	3	11149373	17734	1
22	635	Picture	ITI	11150525	0	1	28823	1	0	next	other	0
22	636	Sound	test	11169286	0	1			0		other	0
22	636	Picture	response	11179348	10062	1	6165	1	10000	25000	incorrect	1234
22	636	Port Input	2	11185387	16101	1
22	636	Response	4	11185387	16101	1
22	637	Picture	ITI	11186512	0	1	24325	1	0	next	other	0
22	638	Sound	test	11199214	0	1			0		other	0
22	638	Picture	response	11210838	11624	1	6498	1	11450	25000	incorrect	1239
22	638	Port Input	1	11217204	17990	1
22	638	Response	3	11217204	17990	1
22	639	Picture	ITI	11218335	0	1	26324	1	0	next	other	0
22	640	Sound	test	11231436	0	1			0		other	0
22	640	Picture	response	11244659	13223	1	4665	1	13100	25000	incorrect	1244
22	640	Port Input	1	11249147	17710	1
22	640	Response	3	11249147	17710	1
22	641	Picture	ITI	11250157	0	1	29990	1	0	next	other	0
22	642	Sound	test	11265959	0	1			0		other	0
22	642	Picture	response	11280147	14189	1	5332	1	14020	25000	incorrect	1249
22	642	Port Input	1	11285389	19430	1
22	642	Response	3	11285389	19430	1
22	643	Picture	ITI	11286478	0	1	26824	1	0	next	other	0
22	644	Sound	test	11300880	0	1			0		other	0
22	644	Picture	response	11313303	12423	1	6331	1	12250	25000	incorrect	1254
22	644	Port Input	1	11319455	18575	1
22	644	Response	3	11319455	18575	1
22	645	Picture	ITI	11320633	0	1	30156	1	0	next	other	0
22	646	Sound	test	11338375	0	1			0		other	0
22	646	Picture	response	11350790	12415	1	4498	1	12250	25000	incorrect	1259
22	646	Port Input	1	11355156	16781	1
22	646	Response	3	11355156	16781	1
22	647	Picture	ITI	11356288	0	1	29823	1	0	next	other	0
22	648	Sound	test	11372849	0	1			0		other	0
22	648	Picture	response	11386111	13262	1	5665	1	13100	25000	incorrect	1264
22	648	Port Input	1	11391617	18768	1
22	648	Response	3	11391617	18768	1
22	649	Picture	ITI	11392609	0	1	27157	1	0	next	other	0
22	650	Sound	test	11409580	0	1			0		other	0
22	650	Picture	response	11419766	10186	1	4998	1	10000	25000	incorrect	1269
22	650	Port Input	2	11424590	15010	1
22	650	Response	4	11424590	15010	1
22	651	Picture	ITI	11425598	0	1	29490	1	0	next	other	0
22	652	Sound	test	11439939	0	1			0		other	0
22	652	Picture	response	11455087	15149	1	4332	1	15000	25000	incorrect	1274
22	652	Port Input	1	11459239	19301	1
22	652	Response	3	11459239	19301	1
22	653	Picture	ITI	11460252	0	1	32822	1	0	next	other	0
22	654	Sound	test	11477914	0	1			0		other	0
22	654	Picture	response	11493074	15161	1	4665	1	15000	25000	incorrect	1279
22	654	Port Input	1	11497554	19640	1
22	654	Response	3	11497554	19640	1
22	655	Picture	ITI	11498573	0	1	31989	1	0	next	other	0
22	656	Sound	test	11515494	0	1			0		other	0
22	656	Picture	response	11530562	15068	1	4165	1	15000	25000	incorrect	1284
22	656	Port Input	1	11534660	19166	1
22	656	Response	3	11534660	19166	1
22	657	Picture	ITI	11535727	0	1	27491	1	0	next	other	0
22	658	Sound	test	11551618	0	1			0		other	0
22	658	Picture	response	11563217	11599	1	6498	1	11450	25000	incorrect	1289
22	658	Port Input	2	11569642	18025	1
22	658	Response	4	11569642	18025	1
22	659	Picture	ITI	11570715	0	1	20826	1	0	next	other	0
22	660	Sound	test	11581516	0	1			0		other	0
22	660	Picture	response	11591541	10025	1	6664	1	10000	25000	incorrect	1294
22	660	Port Input	2	11598003	16488	1
22	660	Response	4	11598003	16488	1
22	661	Picture	ITI	11599038	0	1	22826	1	0	next	other	0
22	662	Sound	test	11610240	0	1			0		other	0
22	662	Picture	response	11621864	11624	1	5831	1	11450	25000	incorrect	1299
22	662	Port Input	1	11627562	17322	1
22	662	Response	3	11627562	17322	1
22	663	Picture	ITI	11628695	0	1	25158	1	0	next	other	0
22	664	Sound	test	11643676	0	1			0		other	0
22	664	Picture	response	11653853	10177	1	6498	1	10000	25000	incorrect	1304
22	664	Port Input	2	11660191	16515	1
22	664	Response	4	11660191	16515	1
22	665	Picture	ITI	11661184	0	1	27491	1	0	next	other	0
22	666	Sound	test	11677885	0	1			0		other	0
22	666	Picture	response	11688674	10789	1	5998	1	10700	25000	incorrect	1309
22	666	Port Input	1	11694580	16695	1
22	666	Response	3	11694580	16695	1
22	667	Picture	ITI	11695672	0	1	27324	1	0	next	other	0
22	668	Sound	test	11711383	0	1			0		other	0
22	668	Picture	response	11722996	11613	1	5831	1	11450	25000	incorrect	1314
22	668	Port Input	1	11728730	17347	1
22	668	Response	3	11728730	17347	1
22	669	Picture	ITI	11729827	0	1	33655	1	0	next	other	0
22	670	Sound	test	11749378	0	1			0		other	0
22	670	Picture	response	11763482	14104	1	4998	1	14020	25000	incorrect	1319
22	670	Port Input	1	11768387	19009	1
22	670	Response	3	11768387	19009	1
22	671	Picture	ITI	11769480	0	1	25158	1	0	next	other	0
22	672	Sound	test	11781491	0	1			0		other	0
22	672	Picture	response	11794638	13147	1	5665	1	13100	25000	incorrect	1324
22	672	Port Input	1	11800204	18713	1
22	672	Response	3	11800204	18713	1
22	673	Picture	ITI	11801303	0	1	20160	1	0	next	other	0
22	674	Picture	Instruction	11821462	0	1	1697981	1	0	next	other	0
22	674	Port Input	1	11894095	72633	1
22	674	Port Input	2	11894095	72633	1
22	674	Response	3	11894095	72633	1
22	674	Response	4	11894095	72633	1
22	674	Port Input	1	11896648	75185	1
22	674	Port Input	2	11896648	75185	1
22	674	Response	3	11896648	75185	1
22	674	Response	4	11896648	75185	1
22	674	Port Input	2	11896650	75187	1
22	674	Response	4	11896650	75187	1
22	674	Port Input	1	11896650	75187	1
22	674	Response	3	11896650	75187	1
22	674	Port Input	1	11896673	75211	1
22	674	Port Input	2	11896673	75211	1
22	674	Response	3	11896673	75211	1
22	674	Response	4	11896673	75211	1
22	674	Port Input	1	11896676	75214	1
22	674	Port Input	2	11896676	75214	1
22	674	Response	3	11896676	75214	1
22	674	Response	4	11896676	75214	1
22	674	Quit		13513877	1692415	NA


{
   "app": "Presentation Version 20.2 Build 07.25.18",
   "device": "LENOVO 10A8S1PC00",
   "experiment": "{772213B2-5F0F-4A35-9C2F-36954700C7EA}",
   "os": "Windows 7 64 bit",
   "package": "",
   "parameters": {
      "configuration": "Default configuration"
   },
   "scenario": "Timing Task with Dynanometer.sce",
   "subject": "22",
   "timestamp": "2019/03/08 03:35:23 GMT"
}
