Scenario - Timing Task
Logfile written - 03/12/2019 14:09:22

Subject	Trial	Event Type	Code	Time	TTime	Uncertainty	Duration	Uncertainty	ReqTime	ReqDur	Stim Type	Pair Index

24	1	Picture	Instruction	833	0	1	47817	1	0	next	other	0
24	1	Response	1	43568	42735	0
24	2	Picture	ITI	48650	0	1	10830	1	0	next	other	0
24	3	Sound	Stimuli	58666	0	659			0		other	0
24	4	Picture	Feedback	89136	0	1	20160	1	0	next	other	0
24	5	Picture	ITI	109296	0	1	10163	1	0	next	other	0
24	6	Sound	Stimuli	119297	0	1			0		other	0
24	7	Picture	Feedback	154447	0	1	20160	1	0	next	other	0
24	8	Picture	ITI	174607	0	1	10163	1	0	next	other	0
24	9	Sound	Stimuli	184608	0	1			0		other	0
24	10	Picture	Feedback	214760	0	1	20160	1	0	next	other	0
24	10	Response	4	215564	804	1
24	11	Picture	ITI	234920	0	1	10163	1	0	next	other	0
24	12	Sound	Stimuli	244921	0	1			0		other	0
24	13	Picture	Feedback	280071	0	1	20160	1	0	next	other	0
24	14	Picture	ITI	300231	0	1	10163	1	0	next	other	0
24	15	Sound	Stimuli	310232	0	1			0		other	0
24	16	Picture	Feedback	340217	0	1	20160	1	0	next	other	0
24	17	Picture	ITI	360377	0	1	10163	1	0	next	other	0
24	18	Sound	Stimuli	370378	0	1			0		other	0
24	19	Picture	Feedback	405528	0	1	20160	1	0	next	other	0
24	19	Response	3	405787	259	1
24	20	Picture	ITI	425688	0	1	10163	1	0	next	other	0
24	21	Sound	Stimuli	435689	0	1			0		other	0
24	22	Picture	Feedback	465841	0	1	20160	1	0	next	other	0
24	23	Picture	ITI	486000	0	1	10163	1	0	next	other	0
24	24	Sound	Stimuli	496002	0	1			0		other	0
24	25	Picture	Feedback	531152	0	1	20160	1	0	next	other	0
24	26	Picture	ITI	551311	0	1	10163	1	0	next	other	0
24	27	Sound	Stimuli	561313	0	1			0		other	0
24	28	Picture	Feedback	591464	0	1	20160	1	0	next	other	0
24	28	Response	4	593615	2150	1
24	29	Picture	ITI	611624	0	1	10163	1	0	next	other	0
24	30	Sound	Stimuli	621626	0	1			0		other	0
24	30	Port Input	1	644986	23361	1
24	30	Port Input	1	656554	34928	1
24	31	Picture	Feedback	656609	0	1	20326	1	0	next	other	0
24	32	Picture	End_Block	676935	0	1	43985	1	0	next	other	0
24	32	Port Input	3	698743	21808	1
24	32	Port Input	3	698743	21808	1
24	32	Port Input	3	698747	21812	1
24	32	Port Input	3	698747	21812	1
24	32	Port Input	3	698747	21812	1
24	32	Port Input	3	699003	22068	1
24	32	Port Input	3	699022	22087	1
24	32	Port Input	3	699196	22261	1
24	32	Port Input	3	699209	22274	1
24	32	Port Input	3	699489	22554	1
24	32	Response	1	720760	43824	0
24	33	Picture	ITI	720920	0	1	10163	1	0	next	other	0
24	34	Picture	Break	731083	0	1	15661	1	0	next	other	0
24	34	Response	1	746679	15596	0
24	35	Picture	ITI	746745	0	1	10163	1	0	next	other	0
24	36	Picture	Instruction	756908	0	1	25825	1	0	next	other	0
24	36	Response	1	777559	20651	0
24	37	Picture	ITI	782732	0	1	29657	1	0	next	other	0
24	38	Sound	Practice	802334	0	1			0		other	0
24	38	Picture	response	812389	10055	1	5831	1	10000	25000	hit	60
24	38	Port Input	2	818144	15810	1
24	38	Response	4	818144	15810	1
24	39	Picture	ITI	828217	0	1	27157	1	0	next	other	0
24	40	Sound	Practice	845218	0	1			0		other	0
24	40	Picture	response	855374	10156	1	7831	1	10000	25000	hit	65
24	40	Port Input	2	863144	17926	1
24	40	Response	4	863144	17926	1
24	41	Picture	ITI	873202	0	1	30156	1	0	next	other	0
24	42	Sound	Practice	893203	0	1			0		other	0
24	42	Picture	response	903358	10155	1	14828	1	10000	25000	hit	70
24	42	Port Input	2	918118	24915	1
24	42	Response	4	918118	24915	1
24	43	Picture	ITI	928183	0	1	27324	1	0	next	other	0
24	44	Sound	Practice	940384	0	1			0		other	0
24	44	Picture	response	955507	15123	1	7331	1	15000	25000	hit	75
24	44	Port Input	1	962670	22286	1
24	44	Response	3	962670	22286	1
24	45	Picture	ITI	972834	0	1	28657	1	0	next	other	0
24	46	Sound	Practice	986446	0	1			0		other	0
24	46	Picture	response	1001491	15045	1	5998	1	15000	25000	hit	80
24	46	Port Input	1	1007368	20922	1
24	46	Response	3	1007368	20922	1
24	47	Picture	ITI	1017486	0	1	32489	1	0	next	other	0
24	48	Sound	Practice	1034887	0	1			0		other	0
24	48	Picture	response	1049975	15087	1	5165	1	15000	25000	hit	85
24	48	Port Input	1	1055096	20209	1
24	48	Response	3	1055096	20209	1
24	49	Picture	ITI	1065136	0	1	30156	1	0	next	other	0
24	50	Sound	Practice	1085107	0	1			0		other	0
24	50	Picture	response	1095292	10185	1	8330	1	10000	25000	hit	90
24	50	Port Input	2	1103521	18414	1
24	50	Response	4	1103521	18414	1
24	51	Picture	ITI	1113619	0	1	28324	1	0	next	other	0
24	52	Sound	Practice	1126781	0	1			0		other	0
24	52	Picture	response	1141943	15162	1	4165	1	15000	25000	hit	95
24	52	Port Input	1	1145939	19158	1
24	52	Response	3	1145939	19158	1
24	53	Picture	ITI	1156105	0	1	21493	1	0	next	other	0
24	54	Sound	Practice	1167467	0	1			0		other	0
24	54	Picture	response	1177598	10131	1	14162	1	10000	25000	hit	100
24	54	Port Input	2	1191584	24118	1
24	54	Response	4	1191584	24118	1
24	55	Picture	ITI	1201756	0	1	28990	1	0	next	other	0
24	56	Sound	Practice	1215597	0	1			0		other	0
24	56	Picture	response	1230746	15149	1	6664	1	15000	25000	hit	105
24	56	Port Input	1	1237365	21767	1
24	56	Response	3	1237365	21767	1
24	57	Picture	ITI	1247407	0	1	23325	1	0	next	other	0
24	58	Sound	Practice	1260609	0	1			0		other	0
24	58	Picture	response	1270732	10124	1	17494	1	10000	25000	hit	110
24	58	Port Input	2	1288112	27503	1
24	58	Response	4	1288112	27503	1
24	59	Picture	ITI	1298223	0	1	28824	1	0	next	other	0
24	60	Sound	Practice	1311884	0	1			0		other	0
24	60	Picture	response	1327047	15162	1	6998	1	15000	25000	hit	115
24	60	Port Input	1	1333882	21998	1
24	60	Response	3	1333882	21998	1
24	61	Picture	ITI	1344041	0	1	27157	1	0	next	other	0
24	62	Sound	Practice	1361142	0	1			0		other	0
24	62	Picture	response	1371198	10056	1	13662	1	10000	25000	hit	120
24	62	Port Input	2	1384734	23592	1
24	62	Response	4	1384734	23592	1
24	63	Picture	ITI	1394857	0	1	34155	1	0	next	other	0
24	64	Sound	Practice	1413868	0	1			0		other	0
24	64	Picture	response	1429012	15144	1	6498	1	15000	25000	hit	125
24	64	Port Input	1	1435366	21498	1
24	64	Response	3	1435366	21498	1
24	65	Picture	ITI	1445506	0	1	30490	1	0	next	other	0
24	66	Sound	Practice	1460848	0	1			0		other	0
24	66	Picture	response	1475996	15148	1	5332	1	15000	25000	hit	130
24	66	Port Input	1	1481199	20352	1
24	66	Response	3	1481199	20352	1
24	67	Picture	ITI	1491324	0	1	22659	1	0	next	other	0
24	68	Sound	Practice	1503795	0	1			0		other	0
24	68	Picture	response	1513983	10188	1	6331	1	10000	25000	hit	135
24	68	Port Input	2	1520254	16459	1
24	68	Response	4	1520254	16459	1
24	69	Picture	ITI	1530311	0	1	26824	1	0	next	other	0
24	70	Sound	Practice	1547032	0	1			0		other	0
24	70	Picture	response	1557135	10103	1	18327	1	10000	25000	hit	140
24	70	Port Input	2	1575312	28280	1
24	70	Response	4	1575312	28280	1
24	71	Picture	ITI	1585458	0	1	30656	1	0	next	other	0
24	72	Sound	Practice	1601080	0	1			0		other	0
24	72	Picture	response	1616115	15035	1	4498	1	15000	25000	hit	145
24	72	Port Input	1	1620447	19367	1
24	72	Response	3	1620447	19367	1
24	73	Picture	ITI	1630610	0	1	30490	1	0	next	other	0
24	74	Sound	Practice	1646041	0	1			0		other	0
24	74	Picture	response	1661099	15058	1	4832	1	15000	25000	hit	150
24	74	Port Input	1	1665728	19687	1
24	74	Response	3	1665728	19687	1
24	75	Picture	ITI	1675761	0	1	28990	1	0	next	other	0
24	76	Sound	Practice	1694702	0	1			0		other	0
24	76	Picture	response	1704751	10049	1	16161	1	10000	25000	hit	155
24	76	Port Input	2	1720713	26011	1
24	76	Response	4	1720713	26011	1
24	77	Picture	ITI	1730742	0	1	28490	1	0	next	other	0
24	78	Sound	Practice	1749173	0	1			0		other	0
24	78	Picture	response	1759232	10059	1	8497	1	10000	25000	hit	160
24	78	Port Input	2	1767587	18414	1
24	78	Response	4	1767587	18414	1
24	79	Picture	ITI	1777726	0	1	28157	1	0	next	other	0
24	80	Sound	Practice	1790787	0	1			0		other	0
24	80	Picture	response	1805883	15096	1	10330	1	15000	25000	hit	165
24	80	Port Input	1	1816158	25371	1
24	80	Response	3	1816158	25371	1
24	81	Picture	ITI	1826209	0	1	31489	1	0	next	other	0
24	82	Sound	Practice	1842521	0	1			0		other	0
24	82	Picture	response	1857699	15178	1	5165	1	15000	25000	hit	170
24	82	Port Input	1	1862658	20137	1
24	82	Response	3	1862658	20137	1
24	83	Picture	ITI	1872694	0	1	26991	1	0	next	other	0
24	84	Sound	Practice	1889495	0	1			0		other	0
24	84	Picture	response	1899684	10189	1	5332	1	10000	25000	hit	175
24	84	Port Input	2	1904961	15466	1
24	84	Response	4	1904961	15466	1
24	85	Picture	ITI	1915012	0	1	29823	1	0	next	other	0
24	86	Sound	Practice	1934724	0	1			0		other	0
24	86	Picture	response	1944836	10112	1	10330	1	10000	25000	hit	180
24	86	Port Input	2	1955094	20370	1
24	86	Response	4	1955094	20370	1
24	87	Picture	Break	1965162	0	1	22159	1	0	next	other	0
24	87	Response	1	1987144	21982	0
24	88	Picture	Instruction	1987321	0	1	8997	1	0	next	other	0
24	88	Response	1	1996263	8942	0
24	89	Picture	ITI	1996318	0	1	15162	1	0	next	other	0
24	90	Picture	ITI	2011479	0	1	34488	1	0	next	other	0
24	91	Sound	test	2030921	0	1			0		other	0
24	91	Picture	response	2045968	15047	1	2999	1	15000	25000	incorrect	190
24	91	Port Input	1	2048780	17859	1
24	91	Response	3	2048780	17859	1
24	92	Picture	ITI	2049800	0	1	30823	1	0	next	other	0
24	93	Sound	test	2065511	0	1			0		other	0
24	93	Picture	response	2080622	15112	1	3832	1	15000	25000	incorrect	195
24	93	Port Input	1	2084347	18836	1
24	93	Response	3	2084347	18836	1
24	94	Picture	ITI	2085288	0	1	21659	1	0	next	other	0
24	95	Sound	test	2096119	0	1			0		other	0
24	95	Picture	response	2106947	10828	1	11663	1	10700	25000	incorrect	200
24	95	Port Input	2	2118435	22316	1
24	95	Response	4	2118435	22316	1
24	96	Picture	ITI	2119443	0	1	26824	1	0	next	other	0
24	97	Sound	test	2131094	0	1			0		other	0
24	97	Picture	response	2146267	15173	1	4165	1	15000	25000	incorrect	205
24	97	Port Input	1	2150233	19139	1
24	97	Response	3	2150233	19139	1
24	98	Picture	ITI	2151265	0	1	21992	1	0	next	other	0
24	99	Sound	test	2163216	0	1			0		other	0
24	99	Picture	response	2173258	10041	1	6664	1	10000	25000	incorrect	210
24	99	Port Input	2	2179855	16638	1
24	99	Response	4	2179855	16638	1
24	100	Picture	ITI	2180922	0	1	31489	1	0	next	other	0
24	101	Sound	test	2197243	0	1			0		other	0
24	101	Picture	response	2212411	15168	1	4165	1	15000	25000	incorrect	215
24	101	Port Input	1	2216442	19199	1
24	101	Response	3	2216442	19199	1
24	102	Picture	ITI	2217409	0	1	26991	1	0	next	other	0
24	103	Sound	test	2230220	0	1			0		other	0
24	103	Picture	response	2244400	14180	1	4665	1	14020	25000	incorrect	220
24	103	Port Input	1	2249021	18800	1
24	103	Response	3	2249021	18800	1
24	104	Picture	ITI	2250065	0	1	25825	1	0	next	other	0
24	105	Sound	test	2260716	0	1			0		other	0
24	105	Picture	response	2275889	15173	1	3999	1	15000	25000	incorrect	225
24	105	Port Input	1	2279829	19113	1
24	105	Response	3	2279829	19113	1
24	106	Picture	ITI	2280887	0	1	24158	1	0	next	other	0
24	107	Sound	test	2292719	0	1			0		other	0
24	107	Picture	response	2305046	12327	1	4665	1	12250	25000	incorrect	230
24	107	Port Input	1	2309545	16826	1
24	107	Response	3	2309545	16826	1
24	108	Picture	ITI	2310544	0	1	30656	1	0	next	other	0
24	109	Sound	test	2329675	0	1			0		other	0
24	109	Picture	response	2341200	11525	1	8830	1	11450	25000	incorrect	235
24	109	Port Input	2	2349870	20195	1
24	109	Response	4	2349870	20195	1
24	110	Picture	ITI	2351030	0	1	32989	1	0	next	other	0
24	111	Sound	test	2369971	0	1			0		other	0
24	111	Picture	response	2384019	14047	1	11663	1	14020	25000	incorrect	240
24	111	Port Input	1	2395495	25523	1
24	111	Response	3	2395495	25523	1
24	112	Picture	ITI	2396515	0	1	23159	1	0	next	other	0
24	113	Sound	test	2407396	0	1			0		other	0
24	113	Picture	response	2419673	12278	1	17827	1	12250	25000	incorrect	245
24	113	Port Input	2	2437382	29986	1
24	113	Response	4	2437382	29986	1
24	114	Picture	ITI	2438500	0	1	31822	1	0	next	other	0
24	115	Sound	test	2455202	0	1			0		other	0
24	115	Picture	response	2470323	15121	1	10663	1	15000	25000	incorrect	250
24	115	Port Input	1	2480862	25660	1
24	115	Response	3	2480862	25660	1
24	116	Picture	ITI	2481985	0	1	25158	1	0	next	other	0
24	117	Sound	test	2493977	0	1			0		other	0
24	117	Picture	response	2507144	13167	1	5831	1	13100	25000	incorrect	255
24	117	Port Input	1	2512784	18808	1
24	117	Response	3	2512784	18808	1
24	118	Picture	ITI	2513808	0	1	26824	1	0	next	other	0
24	119	Sound	test	2525539	0	1			0		other	0
24	119	Picture	response	2540632	15093	1	4498	1	15000	25000	incorrect	260
24	119	Port Input	1	2545009	19470	1
24	119	Response	3	2545009	19470	1
24	120	Picture	ITI	2546130	0	1	25491	1	0	next	other	0
24	121	Sound	test	2560852	0	1			0		other	0
24	121	Picture	response	2571621	10770	1	16994	1	10700	25000	incorrect	265
24	121	Port Input	1	2588520	27669	1
24	121	Response	3	2588520	27669	1
24	122	Picture	ITI	2589615	0	1	32489	1	0	next	other	0
24	123	Sound	test	2608047	0	1			0		other	0
24	123	Picture	response	2622104	14058	1	4498	1	14020	25000	incorrect	270
24	123	Port Input	1	2626399	18352	1
24	123	Response	3	2626399	18352	1
24	124	Picture	ITI	2627436	0	1	25991	1	0	next	other	0
24	125	Sound	test	2641847	0	1			0		other	0
24	125	Picture	response	2653427	11580	1	15661	1	11450	25000	incorrect	275
24	125	Port Input	2	2669035	27188	1
24	125	Response	4	2669035	27188	1
24	126	Picture	ITI	2670088	0	1	25991	1	0	next	other	0
24	127	Sound	test	2685899	0	1			0		other	0
24	127	Picture	response	2696079	10180	1	7331	1	10000	25000	incorrect	280
24	127	Port Input	2	2703332	17433	1
24	127	Response	4	2703332	17433	1
24	128	Picture	ITI	2704410	0	1	31822	1	0	next	other	0
24	129	Sound	test	2722071	0	1			0		other	0
24	129	Picture	response	2736232	14161	1	8664	1	14020	25000	incorrect	285
24	129	Port Input	1	2744792	22721	1
24	129	Response	3	2744792	22721	1
24	130	Picture	ITI	2745895	0	1	25658	1	0	next	other	0
24	131	Sound	test	2757466	0	1			0		other	0
24	131	Picture	response	2771553	14087	1	14662	1	14020	25000	incorrect	290
24	131	Port Input	1	2786107	28640	1
24	131	Response	3	2786107	28640	1
24	132	Picture	ITI	2787214	0	1	23325	1	0	next	other	0
24	133	Sound	test	2797336	0	1			0		other	0
24	133	Picture	response	2810540	13204	1	14328	1	13100	25000	incorrect	295
24	133	Port Input	1	2824735	27399	1
24	133	Response	3	2824735	27399	1
24	134	Picture	ITI	2825701	0	1	26491	1	0	next	other	0
24	135	Sound	test	2837053	0	1			0		other	0
24	135	Picture	response	2852192	15140	1	9330	1	15000	25000	incorrect	300
24	135	Port Input	1	2861322	24269	1
24	135	Response	3	2861322	24269	1
24	136	Picture	ITI	2862356	0	1	29990	1	0	next	other	0
24	137	Sound	test	2879167	0	1			0		other	0
24	137	Picture	response	2892345	13179	1	25158	1	13100	25000	miss	0
24	138	Picture	ITI	2917670	0	1	25991	1	0	next	other	0
24	138	Port Input	1	2919805	2135	1
24	138	Response	3	2919805	2135	1
24	138	Port Input	2	2924730	7060	1
24	138	Response	4	2924730	7060	1
24	138	Port Input	2	2928302	10632	1
24	138	Response	4	2928302	10632	1
24	138	Port Input	2	2931196	13526	1
24	138	Response	4	2931196	13526	1
24	139	Sound	test	2933521	0	1			0		other	0
24	139	Picture	response	2943661	10140	1	4832	1	10000	25000	incorrect	316
24	139	Port Input	2	2948386	14865	1
24	139	Response	4	2948386	14865	1
24	140	Picture	ITI	2949492	0	1	25991	1	0	next	other	0
24	141	Sound	test	2962244	0	1			0		other	0
24	141	Picture	response	2975484	13240	1	15162	1	13100	25000	incorrect	321
24	141	Port Input	2	2990440	28196	1
24	141	Response	4	2990440	28196	1
24	142	Picture	ITI	2991478	0	1	22492	1	0	next	other	0
24	143	Sound	test	3003089	0	1			0		other	0
24	143	Picture	response	3013970	10881	1	7664	1	10700	25000	incorrect	326
24	143	Port Input	2	3021509	18419	1
24	143	Response	4	3021509	18419	1
24	144	Picture	ITI	3022467	0	1	30156	1	0	next	other	0
24	145	Sound	test	3038509	0	1			0		other	0
24	145	Picture	response	3052624	14115	1	4998	1	14020	25000	incorrect	331
24	145	Port Input	1	3057555	19046	1
24	145	Response	3	3057555	19046	1
24	146	Picture	ITI	3058622	0	1	26824	1	0	next	other	0
24	147	Sound	test	3072293	0	1			0		other	0
24	147	Picture	response	3085446	13153	1	9164	1	13100	25000	incorrect	336
24	147	Port Input	1	3094486	22193	1
24	147	Response	3	3094486	22193	1
24	148	Picture	ITI	3095609	0	1	28657	1	0	next	other	0
24	149	Sound	test	3111070	0	1			0		other	0
24	149	Picture	response	3124266	13196	1	9830	1	13100	25000	incorrect	341
24	149	Port Input	1	3133926	22855	1
24	149	Response	3	3133926	22855	1
24	150	Picture	ITI	3134929	0	1	33822	1	0	next	other	0
24	151	Sound	test	3154580	0	1			0		other	0
24	151	Picture	response	3168751	14171	1	8830	1	14020	25000	incorrect	346
24	151	Port Input	1	3177427	22846	1
24	151	Response	3	3177427	22846	1
24	152	Picture	ITI	3178414	0	1	22826	1	0	next	other	0
24	153	Sound	test	3190505	0	1			0		other	0
24	153	Picture	response	3201240	10734	1	15161	1	10700	25000	incorrect	351
24	153	Port Input	2	3216274	25768	1
24	153	Response	4	3216274	25768	1
24	154	Picture	ITI	3217401	0	1	27491	1	0	next	other	0
24	155	Sound	test	3234702	0	1			0		other	0
24	155	Picture	response	3244892	10189	1	7498	1	10000	25000	incorrect	356
24	155	Port Input	2	3252226	17524	1
24	155	Response	4	3252226	17524	1
24	156	Picture	ITI	3253222	0	1	24492	1	0	next	other	0
24	157	Sound	test	3264583	0	1			0		other	0
24	157	Picture	response	3277714	13131	1	14328	1	13100	25000	incorrect	361
24	157	Port Input	2	3291989	27406	1
24	157	Response	4	3291989	27406	1
24	158	Picture	ITI	3293042	0	1	30490	1	0	next	other	0
24	159	Sound	test	3310323	0	1			0		other	0
24	159	Picture	response	3323531	13208	1	5998	1	13100	25000	incorrect	366
24	159	Port Input	2	3329472	19149	1
24	159	Response	4	3329472	19149	1
24	160	Picture	ITI	3330529	0	1	27824	1	0	next	other	0
24	161	Sound	test	3348220	0	1			0		other	0
24	161	Picture	response	3358353	10133	1	6664	1	10000	25000	incorrect	371
24	161	Port Input	2	3364903	16683	1
24	161	Response	4	3364903	16683	1
24	162	Picture	ITI	3366017	0	1	27491	1	0	next	other	0
24	163	Sound	test	3381088	0	1			0		other	0
24	163	Picture	response	3393507	12419	1	8664	1	12250	25000	incorrect	376
24	163	Port Input	2	3401990	20902	1
24	163	Response	4	3401990	20902	1
24	164	Picture	ITI	3403004	0	1	26324	1	0	next	other	0
24	165	Sound	test	3417755	0	1			0		other	0
24	165	Picture	response	3429329	11573	1	10663	1	11450	25000	incorrect	381
24	165	Port Input	2	3439786	22030	1
24	165	Response	4	3439786	22030	1
24	166	Picture	ITI	3440825	0	1	22826	1	0	next	other	0
24	167	Sound	test	3452086	0	1			0		other	0
24	167	Picture	response	3463650	11564	1	6831	1	11450	25000	incorrect	386
24	167	Port Input	2	3470386	18300	1
24	167	Response	4	3470386	18300	1
24	168	Picture	ITI	3471481	0	1	25991	1	0	next	other	0
24	169	Sound	test	3486672	0	1			0		other	0
24	169	Picture	response	3497472	10800	1	7831	1	10700	25000	incorrect	391
24	169	Port Input	2	3505172	18500	1
24	169	Response	4	3505172	18500	1
24	170	Picture	ITI	3506302	0	1	20993	1	0	next	other	0
24	171	Sound	test	3517144	0	1			0		other	0
24	171	Picture	response	3527295	10152	1	7497	1	10000	25000	incorrect	396
24	171	Port Input	2	3534628	17484	1
24	171	Response	4	3534628	17484	1
24	172	Picture	ITI	3535626	0	1	29490	1	0	next	other	0
24	173	Sound	test	3555077	0	1			0		other	0
24	173	Picture	response	3565115	10039	1	13995	1	10000	25000	incorrect	401
24	173	Port Input	2	3578930	23853	1
24	173	Response	4	3578930	23853	1
24	174	Picture	ITI	3579944	0	1	29157	1	0	next	other	0
24	175	Sound	test	3593945	0	1			0		other	0
24	175	Picture	response	3609100	15156	1	14662	1	15000	25000	incorrect	406
24	175	Port Input	1	3623566	29621	1
24	175	Response	3	3623566	29621	1
24	176	Picture	ITI	3624595	0	1	27990	1	0	next	other	0
24	177	Sound	test	3641036	0	1			0		other	0
24	177	Picture	response	3652586	11549	1	6831	1	11450	25000	incorrect	411
24	177	Port Input	2	3659258	18222	1
24	177	Response	4	3659258	18222	1
24	178	Picture	ITI	3660416	0	1	32156	1	0	next	other	0
24	179	Sound	test	3680278	0	1			0		other	0
24	179	Picture	response	3692572	12294	1	7664	1	12250	25000	incorrect	416
24	179	Port Input	2	3700094	19816	1
24	179	Response	4	3700094	19816	1
24	180	Picture	ITI	3701069	0	1	25991	1	0	next	other	0
24	181	Sound	test	3715450	0	1			0		other	0
24	181	Picture	response	3727060	11610	1	7331	1	11450	25000	incorrect	421
24	181	Port Input	2	3734203	18753	1
24	181	Response	4	3734203	18753	1
24	182	Picture	ITI	3735224	0	1	28324	1	0	next	other	0
24	183	Sound	test	3748465	0	1			0		other	0
24	183	Picture	response	3763548	15082	1	5831	1	15000	25000	incorrect	426
24	183	Port Input	1	3769208	20742	1
24	183	Response	3	3769208	20742	1
24	184	Picture	ITI	3770212	0	1	24825	1	0	next	other	0
24	185	Sound	test	3784853	0	1			0		other	0
24	185	Picture	response	3795037	10184	1	10830	1	10000	25000	incorrect	431
24	185	Port Input	2	3805722	20869	1
24	185	Response	4	3805722	20869	1
24	186	Picture	ITI	3806700	0	1	28990	1	0	next	other	0
24	187	Sound	test	3820591	0	1			0		other	0
24	187	Picture	response	3835690	15099	1	5498	1	15000	25000	incorrect	436
24	187	Port Input	1	3841092	20501	1
24	187	Response	3	3841092	20501	1
24	188	Picture	ITI	3842188	0	1	27657	1	0	next	other	0
24	189	Sound	test	3854679	0	1			0		other	0
24	189	Picture	response	3869845	15166	1	4332	1	15000	25000	incorrect	441
24	189	Port Input	1	3874025	19346	1
24	189	Response	3	3874025	19346	1
24	190	Picture	ITI	3875010	0	1	24658	1	0	next	other	0
24	191	Sound	test	3888891	0	1			0		other	0
24	191	Picture	response	3899668	10777	1	9330	1	10700	25000	incorrect	446
24	191	Port Input	2	3908884	19993	1
24	191	Response	4	3908884	19993	1
24	192	Picture	ITI	3909998	0	1	26658	1	0	next	other	0
24	193	Sound	test	3922569	0	1			0		other	0
24	193	Picture	response	3936655	14086	1	9164	1	14020	25000	incorrect	451
24	193	Port Input	1	3945669	23100	1
24	193	Response	3	3945669	23100	1
24	194	Picture	ITI	3946818	0	1	25325	1	0	next	other	0
24	195	Sound	test	3959000	0	1			0		other	0
24	195	Picture	response	3972143	13143	1	19660	1	13100	25000	incorrect	456
24	195	Port Input	1	3991658	32659	1
24	195	Response	3	3991658	32659	1
24	196	Picture	ITI	3992803	0	1	22659	1	0	next	other	0
24	197	Sound	test	4003034	0	1			0		other	0
24	197	Picture	response	4015462	12428	1	13162	1	12250	25000	incorrect	461
24	197	Port Input	1	4028537	25503	1
24	197	Response	3	4028537	25503	1
24	198	Picture	ITI	4029624	0	1	26324	1	0	next	other	0
24	199	Sound	test	4040855	0	1			0		other	0
24	199	Picture	response	4055948	15093	1	5998	1	15000	25000	incorrect	466
24	199	Port Input	1	4061835	20980	1
24	199	Response	3	4061835	20980	1
24	200	Picture	ITI	4062945	0	1	30823	1	0	next	other	0
24	201	Sound	test	4082277	0	1			0		other	0
24	201	Picture	response	4093768	11492	1	16828	1	11450	25000	incorrect	471
24	201	Port Input	2	4110448	28171	1
24	201	Response	4	4110448	28171	1
24	202	Picture	ITI	4111596	0	1	25158	1	0	next	other	0
24	203	Sound	test	4125147	0	1			0		other	0
24	203	Picture	response	4136754	11607	1	9997	1	11450	25000	incorrect	476
24	203	Port Input	2	4146681	21534	1
24	203	Response	4	4146681	21534	1
24	204	Picture	ITI	4147750	0	1	23992	1	0	next	other	0
24	204	Port Input	2	4147899	150	1
24	204	Response	4	4147899	150	1
24	205	Sound	test	4161671	0	1			0		other	0
24	205	Picture	response	4171742	10070	1	21659	1	10000	25000	incorrect	483
24	205	Port Input	2	4193285	31614	1
24	205	Response	4	4193285	31614	1
24	206	Picture	ITI	4194401	0	1	31323	1	0	next	other	0
24	207	Sound	test	4210582	0	1			0		other	0
24	207	Picture	response	4225723	15141	1	4332	1	15000	25000	incorrect	488
24	207	Port Input	1	4229945	19364	1
24	207	Response	3	4229945	19364	1
24	208	Picture	ITI	4231055	0	1	28823	1	0	next	other	0
24	209	Sound	test	4247536	0	1			0		other	0
24	209	Picture	response	4259878	12342	1	10330	1	12250	25000	incorrect	493
24	209	Port Input	2	4270146	22610	1
24	209	Response	4	4270146	22610	1
24	210	Picture	ITI	4271208	0	1	27324	1	0	next	other	0
24	211	Sound	test	4284399	0	1			0		other	0
24	211	Picture	response	4298532	14133	1	3999	1	14020	25000	incorrect	498
24	211	Port Input	1	4302402	18003	1
24	211	Response	3	4302402	18003	1
24	212	Picture	ITI	4303363	0	1	23659	1	0	next	other	0
24	213	Sound	test	4316935	0	1			0		other	0
24	213	Picture	response	4327022	10087	1	17661	1	10000	25000	incorrect	503
24	213	Port Input	2	4344508	27573	1
24	213	Response	4	4344508	27573	1
24	214	Picture	ITI	4345516	0	1	26491	1	0	next	other	0
24	215	Sound	test	4361867	0	1			0		other	0
24	215	Picture	response	4372007	10140	1	8997	1	10000	25000	incorrect	508
24	215	Port Input	2	4380887	19020	1
24	215	Response	4	4380887	19020	1
24	216	Picture	ITI	4382003	0	1	26158	1	0	next	other	0
24	217	Sound	test	4393104	0	1			0		other	0
24	217	Picture	response	4408161	15056	1	7164	1	15000	25000	incorrect	513
24	217	Port Input	1	4415236	22131	1
24	217	Response	3	4415236	22131	1
24	218	Picture	ITI	4416325	0	1	24158	1	0	next	other	0
24	219	Sound	test	4429616	0	1			0		other	0
24	219	Picture	response	4440483	10867	1	10996	1	10700	25000	incorrect	518
24	219	Port Input	2	4451282	21666	1
24	219	Response	4	4451282	21666	1
24	220	Picture	ITI	4452312	0	1	25991	1	0	next	other	0
24	220	Port Input	2	4453208	896	1
24	220	Response	4	4453208	896	1
24	221	Sound	test	4466804	0	1			0		other	0
24	221	Picture	response	4478304	11500	1	25158	1	11450	25000	miss	0
24	222	Picture	ITI	4503628	0	1	25825	1	0	next	other	0
24	222	Port Input	2	4503810	182	1
24	222	Response	4	4503810	182	1
24	222	Port Input	2	4509120	5492	1
24	222	Response	4	4509120	5492	1
24	222	Port Input	2	4517460	13832	1
24	222	Response	4	4517460	13832	1
24	223	Sound	test	4519290	0	1			0		other	0
24	223	Picture	response	4529453	10163	1	8330	1	10000	25000	incorrect	534
24	223	Port Input	2	4537722	18432	1
24	223	Response	4	4537722	18432	1
24	224	Picture	ITI	4538783	0	1	26991	1	0	next	other	0
24	225	Sound	test	4553474	0	1			0		other	0
24	225	Picture	response	4565774	12300	1	7831	1	12250	25000	incorrect	539
24	225	Port Input	2	4573528	20054	1
24	225	Response	4	4573528	20054	1
24	226	Picture	ITI	4574604	0	1	30156	1	0	next	other	0
24	227	Sound	test	4593955	0	1			0		other	0
24	227	Picture	response	4604760	10805	1	7831	1	10700	25000	incorrect	544
24	227	Port Input	2	4612448	18493	1
24	227	Response	4	4612448	18493	1
24	228	Picture	ITI	4613591	0	1	20660	1	0	next	other	0
24	229	Sound	test	4624172	0	1			0		other	0
24	229	Picture	response	4634250	10078	1	6498	1	10000	25000	incorrect	549
24	229	Port Input	2	4640550	16378	1
24	229	Response	4	4640550	16378	1
24	230	Picture	ITI	4641581	0	1	31323	1	0	next	other	0
24	231	Sound	test	4659774	0	1			0		other	0
24	231	Picture	response	4672904	13130	1	7331	1	13100	25000	incorrect	554
24	231	Port Input	2	4680136	20362	1
24	231	Response	4	4680136	20362	1
24	232	Picture	ITI	4681234	0	1	28990	1	0	next	other	0
24	233	Sound	test	4699406	0	1			0		other	0
24	233	Picture	response	4710224	10819	1	6498	1	10700	25000	incorrect	559
24	233	Port Input	2	4716567	17162	1
24	233	Response	4	4716567	17162	1
24	234	Picture	ITI	4717555	0	1	29490	1	0	next	other	0
24	235	Sound	test	4733876	0	1			0		other	0
24	235	Picture	response	4747045	13169	1	9830	1	13100	25000	incorrect	564
24	235	Port Input	1	4756716	22839	1
24	235	Response	3	4756716	22839	1
24	236	Picture	ITI	4757708	0	1	26991	1	0	next	other	0
24	237	Sound	test	4770600	0	1			0		other	0
24	237	Picture	response	4784699	14099	1	4165	1	14020	25000	incorrect	569
24	237	Port Input	1	4788753	18154	1
24	237	Response	3	4788753	18154	1
24	238	Picture	ITI	4789864	0	1	27657	1	0	next	other	0
24	239	Sound	test	4807425	0	1			0		other	0
24	239	Picture	response	4817521	10096	1	10996	1	10000	25000	incorrect	574
24	239	Port Input	2	4828433	21008	1
24	239	Response	4	4828433	21008	1
24	240	Picture	ITI	4829517	0	1	30656	1	0	next	other	0
24	241	Sound	test	4846028	0	1			0		other	0
24	241	Picture	response	4860173	14145	1	3999	1	14020	25000	incorrect	579
24	241	Port Input	1	4864094	18066	1
24	241	Response	3	4864094	18066	1
24	242	Picture	ITI	4865172	0	1	26824	1	0	next	other	0
24	243	Sound	test	4880483	0	1			0		other	0
24	243	Picture	response	4891996	11513	1	14328	1	11450	25000	incorrect	584
24	243	Port Input	1	4906273	25790	1
24	243	Response	3	4906273	25790	1
24	244	Picture	ITI	4907324	0	1	25658	1	0	next	other	0
24	245	Sound	test	4918855	0	1			0		other	0
24	245	Picture	response	4932982	14127	1	22326	1	14020	25000	incorrect	589
24	245	Port Input	2	4955115	36260	1
24	245	Response	4	4955115	36260	1
24	246	Picture	ITI	4956140	0	1	29657	1	0	next	other	0
24	247	Sound	test	4973392	0	1			0		other	0
24	247	Picture	response	4985797	12405	1	8330	1	12250	25000	incorrect	594
24	247	Port Input	1	4994024	20633	1
24	247	Response	3	4994024	20633	1
24	248	Picture	ITI	4995127	0	1	28490	1	0	next	other	0
24	249	Sound	test	5010408	0	1			0		other	0
24	249	Picture	response	5023617	13209	1	13329	1	13100	25000	incorrect	599
24	249	Port Input	1	5036901	26492	1
24	249	Response	3	5036901	26492	1
24	250	Picture	ITI	5037946	0	1	25991	1	0	next	other	0
24	251	Sound	test	5050807	0	1			0		other	0
24	251	Picture	response	5063937	13130	1	7997	1	13100	25000	incorrect	604
24	251	Port Input	1	5071739	20932	1
24	251	Response	3	5071739	20932	1
24	252	Picture	ITI	5072767	0	1	28324	1	0	next	other	0
24	253	Sound	test	5089588	0	1			0		other	0
24	253	Picture	response	5101091	11502	1	9164	1	11450	25000	incorrect	609
24	253	Port Input	1	5110128	20539	1
24	253	Response	3	5110128	20539	1
24	254	Picture	ITI	5111254	0	1	31156	1	0	next	other	0
24	255	Sound	test	5128235	0	1			0		other	0
24	255	Picture	response	5142410	14175	1	7164	1	14020	25000	incorrect	614
24	255	Port Input	1	5149464	21229	1
24	255	Response	3	5149464	21229	1
24	256	Picture	ITI	5150574	0	1	29490	1	0	next	other	0
24	257	Sound	test	5167695	0	1			0		other	0
24	257	Picture	response	5180064	12369	1	8497	1	12250	25000	incorrect	619
24	257	Port Input	2	5188478	20782	1
24	257	Response	4	5188478	20782	1
24	258	Picture	ITI	5189561	0	1	31323	1	0	next	other	0
24	259	Sound	test	5208552	0	1			0		other	0
24	259	Picture	response	5220883	12331	1	13495	1	12250	25000	incorrect	624
24	259	Port Input	2	5234228	25676	1
24	259	Response	4	5234228	25676	1
24	260	Picture	ITI	5235378	0	1	28990	1	0	next	other	0
24	261	Sound	test	5252810	0	1			0		other	0
24	261	Picture	response	5264369	11559	1	6498	1	11450	25000	incorrect	629
24	261	Port Input	2	5270742	17933	1
24	261	Response	4	5270742	17933	1
24	262	Picture	ITI	5271866	0	1	30656	1	0	next	other	0
24	263	Sound	test	5291727	0	1			0		other	0
24	263	Picture	response	5302522	10795	1	5998	1	10700	25000	incorrect	634
24	263	Port Input	2	5308381	16654	1
24	263	Response	4	5308381	16654	1
24	264	Picture	ITI	5309353	0	1	26658	1	0	next	other	0
24	265	Sound	test	5325144	0	1			0		other	0
24	265	Picture	response	5336011	10866	1	9497	1	10700	25000	incorrect	639
24	265	Port Input	1	5345313	20168	1
24	265	Response	3	5345313	20168	1
24	266	Picture	ITI	5346341	0	1	30823	1	0	next	other	0
24	267	Sound	test	5366322	0	1			0		other	0
24	267	Picture	response	5377163	10842	1	7331	1	10700	25000	incorrect	644
24	267	Port Input	2	5384399	18077	1
24	267	Response	4	5384399	18077	1
24	268	Picture	ITI	5385494	0	1	23992	1	0	next	other	0
24	269	Sound	test	5399295	0	1			0		other	0
24	269	Picture	response	5409486	10191	1	10830	1	10000	25000	incorrect	649
24	269	Port Input	2	5420216	20921	1
24	269	Response	4	5420216	20921	1
24	270	Picture	ITI	5421315	0	1	29990	1	0	next	other	0
24	271	Sound	test	5437166	0	1			0		other	0
24	271	Picture	response	5451305	14139	1	6831	1	14020	25000	incorrect	654
24	271	Port Input	1	5458032	20866	1
24	271	Response	3	5458032	20866	1
24	272	Picture	ITI	5459135	0	1	27824	1	0	next	other	0
24	273	Sound	test	5476787	0	1			0		other	0
24	273	Picture	response	5486959	10173	1	12163	1	10000	25000	incorrect	659
24	273	Port Input	2	5498930	22144	1
24	273	Response	4	5498930	22144	1
24	274	Picture	ITI	5499955	0	1	34155	1	0	next	other	0
24	275	Sound	test	5519006	0	1			0		other	0
24	275	Picture	response	5534110	15104	1	4832	1	15000	25000	incorrect	664
24	275	Port Input	1	5538787	19781	1
24	275	Response	3	5538787	19781	1
24	276	Picture	ITI	5539774	0	1	23659	1	0	next	other	0
24	277	Sound	test	5550286	0	1			0		other	0
24	277	Picture	response	5563433	13147	1	7331	1	13100	25000	incorrect	669
24	277	Port Input	1	5570689	20404	1
24	277	Response	3	5570689	20404	1
24	278	Picture	ITI	5571763	0	1	25325	1	0	next	other	0
24	279	Sound	test	5581955	0	1			0		other	0
24	279	Picture	response	5597088	15133	1	9663	1	15000	25000	incorrect	674
24	279	Port Input	1	5606694	24739	1
24	279	Response	3	5606694	24739	1
24	280	Picture	ITI	5607751	0	1	29990	1	0	next	other	0
24	281	Sound	test	5626883	0	1			0		other	0
24	281	Picture	response	5637741	10858	1	9997	1	10700	25000	incorrect	679
24	281	Port Input	2	5647540	20657	1
24	281	Response	4	5647540	20657	1
24	282	Picture	ITI	5648571	0	1	25325	1	0	next	other	0
24	283	Sound	test	5663762	0	1			0		other	0
24	283	Picture	response	5673895	10133	1	5831	1	10000	25000	incorrect	684
24	283	Port Input	2	5679567	15805	1
24	283	Response	4	5679567	15805	1
24	284	Picture	ITI	5680560	0	1	26658	1	0	next	other	0
24	285	Sound	test	5694931	0	1			0		other	0
24	285	Picture	response	5707217	12286	1	7331	1	12250	25000	incorrect	689
24	285	Port Input	2	5714468	19537	1
24	285	Response	4	5714468	19537	1
24	286	Picture	ITI	5715548	0	1	24991	1	0	next	other	0
24	287	Sound	test	5728169	0	1			0		other	0
24	287	Picture	response	5740539	12370	1	12496	1	12250	25000	incorrect	694
24	287	Port Input	2	5752919	24750	1
24	287	Response	4	5752919	24750	1
24	288	Picture	ITI	5754035	0	1	26491	1	0	next	other	0
24	289	Sound	test	5770396	0	1			0		other	0
24	289	Picture	response	5780525	10130	1	4998	1	10000	25000	incorrect	699
24	289	Port Input	2	5785477	15081	1
24	289	Response	4	5785477	15081	1
24	290	Picture	ITI	5786523	0	1	30656	1	0	next	other	0
24	291	Sound	test	5803105	0	1			0		other	0
24	291	Picture	response	5817180	14075	1	2666	1	14020	25000	incorrect	704
24	291	Port Input	1	5819785	16680	1
24	291	Response	3	5819785	16680	1
24	292	Picture	ITI	5820845	0	1	29823	1	0	next	other	0
24	293	Sound	test	5839066	0	1			0		other	0
24	293	Picture	response	5850668	11602	1	7831	1	11450	25000	incorrect	709
24	293	Port Input	2	5858392	19326	1
24	293	Response	4	5858392	19326	1
24	294	Picture	ITI	5859499	0	1	26658	1	0	next	other	0
24	295	Sound	test	5876020	0	1			0		other	0
24	295	Picture	response	5886156	10136	1	5831	1	10000	25000	incorrect	714
24	295	Port Input	2	5891804	15784	1
24	295	Response	4	5891804	15784	1
24	296	Picture	ITI	5892820	0	1	23325	1	0	next	other	0
24	297	Sound	test	5904582	0	1			0		other	0
24	297	Picture	response	5916146	11564	1	6498	1	11450	25000	incorrect	719
24	297	Port Input	2	5922530	17948	1
24	297	Response	4	5922530	17948	1
24	298	Picture	ITI	5923643	0	1	25325	1	0	next	other	0
24	299	Sound	test	5938815	0	1			0		other	0
24	299	Picture	response	5948968	10153	1	6664	1	10000	25000	incorrect	724
24	299	Port Input	2	5955525	16711	1
24	299	Response	4	5955525	16711	1
24	300	Picture	ITI	5956632	0	1	26324	1	0	next	other	0
24	301	Sound	test	5972153	0	1			0		other	0
24	301	Picture	response	5982956	10803	1	7497	1	10700	25000	incorrect	729
24	301	Port Input	2	5990249	18096	1
24	301	Response	4	5990249	18096	1
24	302	Picture	ITI	5991287	0	1	26658	1	0	next	other	0
24	303	Sound	test	6004658	0	1			0		other	0
24	303	Picture	response	6017944	13286	1	15661	1	13100	25000	incorrect	734
24	303	Port Input	2	6033490	28832	1
24	303	Response	4	6033490	28832	1
24	304	Picture	ITI	6034439	0	1	30656	1	0	next	other	0
24	305	Sound	test	6049920	0	1			0		other	0
24	305	Picture	response	6065095	15175	1	5498	1	15000	25000	incorrect	739
24	305	Port Input	1	6070504	20584	1
24	305	Response	3	6070504	20584	1
24	306	Picture	ITI	6071593	0	1	31323	1	0	next	other	0
24	307	Sound	test	6087744	0	1			0		other	0
24	307	Picture	response	6102915	15171	1	3832	1	15000	25000	incorrect	744
24	307	Port Input	1	6106655	18911	1
24	307	Response	3	6106655	18911	1
24	308	Picture	ITI	6107747	0	1	29990	1	0	next	other	0
24	309	Sound	test	6126958	0	1			0		other	0
24	309	Picture	response	6137737	10778	1	6998	1	10700	25000	incorrect	749
24	309	Port Input	2	6144544	17585	1
24	309	Response	4	6144544	17585	1
24	310	Picture	ITI	6145568	0	1	30656	1	0	next	other	0
24	311	Sound	test	6163889	0	1			0		other	0
24	311	Picture	response	6176224	12335	1	9330	1	12250	25000	incorrect	754
24	311	Port Input	1	6185421	21532	1
24	311	Response	3	6185421	21532	1
24	312	Picture	ITI	6186554	0	1	30656	1	0	next	other	0
24	313	Sound	test	6204895	0	1			0		other	0
24	313	Picture	response	6217210	12315	1	10663	1	12250	25000	incorrect	759
24	313	Port Input	2	6227704	22809	1
24	313	Response	4	6227704	22809	1
24	314	Picture	ITI	6228706	0	1	23992	1	0	next	other	0
24	315	Sound	test	6240297	0	1			0		other	0
24	315	Picture	response	6252698	12401	1	5498	1	12250	25000	incorrect	764
24	315	Port Input	2	6258044	17747	1
24	315	Response	4	6258044	17747	1
24	316	Picture	ITI	6259029	0	1	28157	1	0	next	other	0
24	317	Sound	test	6275630	0	1			0		other	0
24	317	Picture	response	6287186	11556	1	11329	1	11450	25000	incorrect	769
24	317	Port Input	1	6298349	22719	1
24	317	Response	3	6298349	22719	1
24	318	Picture	ITI	6299348	0	1	27990	1	0	next	other	0
24	319	Sound	test	6312170	0	1			0		other	0
24	319	Picture	response	6327339	15169	1	3332	1	15000	25000	incorrect	774
24	319	Port Input	1	6330605	18436	1
24	319	Response	3	6330605	18436	1
24	441	Picture	resume	7541424	0	1	40320	1	0	next	other	0
24	441	Port Input	2	7580167	38743	1
24	441	Response	4	7580167	38743	1
24	442	Picture	ITI	7581744	0	1	10163	1	0	next	other	0
24	443	Picture	ITI	7591907	0	1	23325	1	0	next	other	0
24	444	Sound	test	7602038	0	1			0		other	0
24	444	Picture	response	7615232	13194	1	5998	1	13100	25000	incorrect	783
24	444	Port Input	1	7621075	19037	1
24	444	Response	3	7621075	19037	1
24	445	Picture	ITI	7622063	0	1	30490	1	0	next	other	0
24	446	Sound	test	7639315	0	1			0		other	0
24	446	Picture	response	7652553	13238	1	11829	1	13100	25000	incorrect	788
24	446	Port Input	1	7664327	25012	1
24	446	Response	3	7664327	25012	1
24	447	Picture	ITI	7665382	0	1	28324	1	0	next	other	0
24	448	Sound	test	7680423	0	1			0		other	0
24	448	Picture	response	7693705	13282	1	5332	1	13100	25000	incorrect	793
24	448	Port Input	1	7698926	18503	1
24	448	Response	3	7698926	18503	1
24	449	Picture	ITI	7700037	0	1	25325	1	0	next	other	0
24	450	Sound	test	7713748	0	1			0		other	0
24	450	Picture	response	7725361	11613	1	10330	1	11450	25000	incorrect	798
24	450	Port Input	2	7735566	21817	1
24	450	Response	4	7735566	21817	1
24	451	Picture	ITI	7736691	0	1	20826	1	0	next	other	0
24	452	Sound	test	7747442	0	1			0		other	0
24	452	Picture	response	7757517	10075	1	11330	1	10000	25000	incorrect	803
24	452	Port Input	2	7768759	21317	1
24	452	Response	4	7768759	21317	1
24	453	Picture	ITI	7769846	0	1	22992	1	0	next	other	0
24	454	Sound	test	7782707	0	1			0		other	0
24	454	Picture	response	7792838	10131	1	8830	1	10000	25000	incorrect	808
24	454	Port Input	2	7801598	18891	1
24	454	Response	4	7801598	18891	1
24	455	Picture	ITI	7802668	0	1	28324	1	0	next	other	0
24	456	Sound	test	7815939	0	1			0		other	0
24	456	Picture	response	7830992	15052	1	4332	1	15000	25000	incorrect	813
24	456	Port Input	1	7835167	19227	1
24	456	Response	3	7835167	19227	1
24	457	Picture	ITI	7836157	0	1	32989	1	0	next	other	0
24	458	Sound	test	7854958	0	1			0		other	0
24	458	Picture	response	7869145	14187	1	6664	1	14020	25000	incorrect	818
24	458	Port Input	1	7875763	20805	1
24	458	Response	3	7875763	20805	1
24	459	Picture	ITI	7876810	0	1	22659	1	0	next	other	0
24	460	Sound	test	7887151	0	1			0		other	0
24	460	Picture	response	7899469	12318	1	6331	1	12250	25000	incorrect	823
24	460	Port Input	2	7905593	18443	1
24	460	Response	4	7905593	18443	1
24	461	Picture	ITI	7906633	0	1	25491	1	0	next	other	0
24	462	Sound	test	7916974	0	1			0		other	0
24	462	Picture	response	7932124	15150	1	8664	1	15000	25000	incorrect	828
24	462	Port Input	1	7940630	23656	1
24	462	Response	3	7940630	23656	1
24	463	Picture	ITI	7941787	0	1	25991	1	0	next	other	0
24	464	Sound	test	7952719	0	1			0		other	0
24	464	Picture	response	7967779	15060	1	6831	1	15000	25000	incorrect	833
24	464	Port Input	1	7974500	21781	1
24	464	Response	3	7974500	21781	1
24	465	Picture	ITI	7975443	0	1	25325	1	0	next	other	0
24	466	Sound	test	7985624	0	1			0		other	0
24	466	Picture	response	8000767	15143	1	14995	1	15000	25000	incorrect	838
24	466	Port Input	2	8015700	30076	1
24	466	Response	4	8015700	30076	1
24	467	Picture	ITI	8016762	0	1	31822	1	0	next	other	0
24	468	Sound	test	8033483	0	1			0		other	0
24	468	Picture	response	8048584	15101	1	5498	1	15000	25000	incorrect	843
24	468	Port Input	1	8054037	20554	1
24	468	Response	3	8054037	20554	1
24	469	Picture	ITI	8055082	0	1	25491	1	0	next	other	0
24	470	Sound	test	8068263	0	1			0		other	0
24	470	Picture	response	8080573	12310	1	7497	1	12250	25000	incorrect	848
24	470	Port Input	1	8087918	19654	1
24	470	Response	3	8087918	19654	1
24	471	Picture	ITI	8089070	0	1	33155	1	0	next	other	0
24	472	Sound	test	8109032	0	1			0		other	0
24	472	Picture	response	8122226	13194	1	7331	1	13100	25000	incorrect	853
24	472	Port Input	2	8129493	20461	1
24	472	Response	4	8129493	20461	1
24	473	Picture	ITI	8130556	0	1	28824	1	0	next	other	0
24	474	Sound	test	8144307	0	1			0		other	0
24	474	Picture	response	8159380	15072	1	10163	1	15000	25000	incorrect	858
24	474	Port Input	1	8169350	25042	1
24	474	Response	3	8169350	25042	1
24	475	Picture	ITI	8170376	0	1	28657	1	0	next	other	0
24	476	Sound	test	8188297	0	1			0		other	0
24	476	Picture	response	8199033	10736	1	7164	1	10700	25000	incorrect	863
24	476	Port Input	2	8206000	17703	1
24	476	Response	4	8206000	17703	1
24	477	Picture	ITI	8207030	0	1	32322	1	0	next	other	0
24	478	Sound	test	8227001	0	1			0		other	0
24	478	Picture	response	8239352	12351	1	12329	1	12250	25000	incorrect	868
24	478	Port Input	2	8251594	24593	1
24	478	Response	4	8251594	24593	1
24	479	Picture	ITI	8252681	0	1	20993	1	0	next	other	0
24	480	Sound	test	8263562	0	1			0		other	0
24	480	Picture	response	8273674	10112	1	11163	1	10000	25000	incorrect	873
24	480	Port Input	2	8284725	21163	1
24	480	Response	4	8284725	21163	1
24	481	Picture	ITI	8285837	0	1	31323	1	0	next	other	0
24	482	Sound	test	8303988	0	1			0		other	0
24	482	Picture	response	8317159	13171	1	25158	1	13100	25000	miss	0
24	483	Picture	ITI	8342484	0	1	25325	1	0	next	other	0
24	483	Port Input	2	8343886	1402	1
24	483	Response	4	8343886	1402	1
24	484	Sound	test	8357645	0	1			0		other	0
24	484	Picture	response	8367809	10163	1	5998	1	10000	25000	incorrect	883
24	484	Port Input	2	8373612	15967	1
24	484	Response	4	8373612	15967	1
24	485	Picture	ITI	8374640	0	1	28824	1	0	next	other	0
24	486	Sound	test	8391061	0	1			0		other	0
24	486	Picture	response	8403463	12402	1	8830	1	12250	25000	incorrect	888
24	486	Port Input	2	8412126	21065	1
24	486	Response	4	8412126	21065	1
24	487	Picture	ITI	8413293	0	1	33155	1	0	next	other	0
24	488	Sound	test	8432284	0	1			0		other	0
24	488	Picture	response	8446448	14164	1	6664	1	14020	25000	incorrect	893
24	488	Port Input	1	8453056	20771	1
24	488	Response	3	8453056	20771	1
24	489	Picture	ITI	8454112	0	1	23159	1	0	next	other	0
24	490	Sound	test	8465644	0	1			0		other	0
24	490	Picture	response	8477271	11628	1	8331	1	11450	25000	incorrect	898
24	490	Port Input	2	8485406	19762	1
24	490	Response	4	8485406	19762	1
24	491	Picture	ITI	8486435	0	1	26158	1	0	next	other	0
24	492	Sound	test	8499466	0	1			0		other	0
24	492	Picture	response	8512592	13126	1	8164	1	13100	25000	incorrect	903
24	492	Port Input	2	8520713	21247	1
24	492	Response	4	8520713	21247	1
24	493	Picture	ITI	8521756	0	1	28824	1	0	next	other	0
24	494	Sound	test	8539087	0	1			0		other	0
24	494	Picture	response	8550579	11492	1	7331	1	11450	25000	incorrect	908
24	494	Port Input	2	8557852	18765	1
24	494	Response	4	8557852	18765	1
24	495	Picture	ITI	8558910	0	1	32156	1	0	next	other	0
24	496	Sound	test	8576991	0	1			0		other	0
24	496	Picture	response	8591066	14074	1	9164	1	14020	25000	incorrect	913
24	496	Port Input	1	8600073	23082	1
24	496	Response	3	8600073	23082	1
24	497	Picture	ITI	8601062	0	1	27990	1	0	next	other	0
24	498	Sound	test	8613933	0	1			0		other	0
24	498	Picture	response	8629053	15119	1	21326	1	15000	25000	incorrect	918
24	498	Port Input	1	8650207	36273	1
24	498	Response	3	8650207	36273	1
24	499	Picture	ITI	8651378	0	1	28990	1	0	next	other	0
24	500	Sound	test	8665230	0	1			0		other	0
24	500	Picture	response	8680368	15139	1	4665	1	15000	25000	incorrect	923
24	500	Port Input	1	8684889	19659	1
24	500	Response	3	8684889	19659	1
24	501	Picture	ITI	8685867	0	1	28823	1	0	next	other	0
24	502	Sound	test	8699558	0	1			0		other	0
24	502	Picture	response	8714690	15132	1	13162	1	15000	25000	incorrect	928
24	502	Port Input	2	8727672	28114	1
24	502	Response	4	8727672	28114	1
24	503	Picture	ITI	8728685	0	1	23325	1	0	next	other	0
24	504	Sound	test	8741877	0	1			0		other	0
24	504	Picture	response	8752011	10134	1	8164	1	10000	25000	incorrect	933
24	504	Port Input	2	8759980	18104	1
24	504	Response	4	8759980	18104	1
24	505	Picture	ITI	8761008	0	1	24325	1	0	next	other	0
24	506	Sound	test	8771169	0	1			0		other	0
24	506	Picture	response	8785333	14164	1	15328	1	14020	25000	incorrect	938
24	506	Port Input	2	8800493	29325	1
24	506	Response	4	8800493	29325	1
24	507	Picture	ITI	8801494	0	1	24492	1	0	next	other	0
24	508	Sound	test	8815225	0	1			0		other	0
24	508	Picture	response	8825985	10760	1	9663	1	10700	25000	incorrect	943
24	508	Port Input	2	8835478	20253	1
24	508	Response	4	8835478	20253	1
24	509	Picture	ITI	8836482	0	1	30823	1	0	next	other	0
24	510	Sound	test	8855013	0	1			0		other	0
24	510	Picture	response	8867305	12292	1	6831	1	12250	25000	incorrect	948
24	510	Port Input	2	8874085	19072	1
24	510	Response	4	8874085	19072	1
24	511	Picture	ITI	8875135	0	1	27657	1	0	next	other	0
24	512	Sound	test	8891187	0	1			0		other	0
24	512	Picture	response	8902792	11606	1	13829	1	11450	25000	incorrect	953
24	512	Port Input	2	8916494	25307	1
24	512	Response	4	8916494	25307	1
24	513	Picture	ITI	8917454	0	1	26324	1	0	next	other	0
24	514	Sound	test	8930545	0	1			0		other	0
24	514	Picture	response	8943778	13233	1	7664	1	13100	25000	incorrect	958
24	514	Port Input	2	8951384	20839	1
24	514	Response	4	8951384	20839	1
24	515	Picture	ITI	8952442	0	1	25491	1	0	next	other	0
24	516	Sound	test	8965533	0	1			0		other	0
24	516	Picture	response	8977934	12400	1	6664	1	12250	25000	incorrect	963
24	516	Port Input	2	8984442	18909	1
24	516	Response	4	8984442	18909	1
24	517	Picture	ITI	8985431	0	1	27991	1	0	next	other	0
24	518	Sound	test	9001062	0	1			0		other	0
24	518	Picture	response	9013421	12359	1	5998	1	12250	25000	incorrect	968
24	518	Port Input	2	9019281	18219	1
24	518	Response	4	9019281	18219	1
24	519	Picture	ITI	9020252	0	1	31156	1	0	next	other	0
24	520	Sound	test	9039774	0	1			0		other	0
24	520	Picture	response	9051408	11635	1	6831	1	11450	25000	incorrect	973
24	520	Port Input	2	9058076	18302	1
24	520	Response	4	9058076	18302	1
24	521	Picture	ITI	9059072	0	1	24158	1	0	next	other	0
24	522	Sound	test	9069984	0	1			0		other	0
24	522	Picture	response	9083231	13247	1	5831	1	13100	25000	incorrect	978
24	522	Port Input	1	9088979	18995	1
24	522	Response	3	9088979	18995	1
24	523	Picture	ITI	9090062	0	1	25325	1	0	next	other	0
24	524	Sound	test	9103833	0	1			0		other	0
24	524	Picture	response	9115387	11554	1	7164	1	11450	25000	incorrect	983
24	524	Port Input	2	9122370	18537	1
24	524	Response	4	9122370	18537	1
24	525	Picture	ITI	9123384	0	1	27990	1	0	next	other	0
24	526	Sound	test	9141315	0	1			0		other	0
24	526	Picture	response	9151374	10059	1	7831	1	10000	25000	incorrect	988
24	526	Port Input	2	9159010	17695	1
24	526	Response	4	9159010	17695	1
24	527	Picture	ITI	9160038	0	1	25991	1	0	next	other	0
24	528	Sound	test	9174439	0	1			0		other	0
24	528	Picture	response	9186029	11590	1	20993	1	11450	25000	incorrect	993
24	528	Port Input	2	9206832	32393	1
24	528	Response	4	9206832	32393	1
24	529	Picture	ITI	9207855	0	1	25325	1	0	next	other	0
24	530	Sound	test	9218146	0	1			0		other	0
24	530	Picture	response	9233180	15033	1	4332	1	15000	25000	incorrect	998
24	530	Port Input	1	9237402	19255	1
24	530	Response	3	9237402	19255	1
24	531	Picture	ITI	9238511	0	1	25325	1	0	next	other	0
24	532	Sound	test	9251432	0	1			0		other	0
24	532	Picture	response	9263836	12403	1	12329	1	12250	25000	incorrect	1003
24	532	Port Input	2	9276124	24691	1
24	532	Response	4	9276124	24691	1
24	533	Picture	ITI	9277165	0	1	24658	1	0	next	other	0
24	534	Sound	test	9287716	0	1			0		other	0
24	534	Picture	response	9301823	14107	1	8664	1	14020	25000	incorrect	1008
24	534	Port Input	1	9310338	22622	1
24	534	Response	3	9310338	22622	1
24	535	Picture	ITI	9311486	0	1	28990	1	0	next	other	0
24	536	Sound	test	9327277	0	1			0		other	0
24	536	Picture	response	9340476	13199	1	12163	1	13100	25000	incorrect	1013
24	536	Port Input	2	9352465	25187	1
24	536	Response	4	9352465	25187	1
24	537	Picture	ITI	9353472	0	1	32322	1	0	next	other	0
24	538	Sound	test	9370683	0	1			0		other	0
24	538	Picture	response	9385794	15111	1	5998	1	15000	25000	incorrect	1018
24	538	Port Input	1	9391676	20993	1
24	538	Response	3	9391676	20993	1
24	539	Picture	ITI	9392625	0	1	23492	1	0	next	other	0
24	540	Sound	test	9405246	0	1			0		other	0
24	540	Picture	response	9416117	10871	1	10163	1	10700	25000	incorrect	1023
24	540	Port Input	2	9426140	20893	1
24	540	Response	4	9426140	20893	1
24	541	Picture	ITI	9427280	0	1	25491	1	0	next	other	0
24	542	Sound	test	9437591	0	1			0		other	0
24	542	Picture	response	9452771	15180	1	4832	1	15000	25000	incorrect	1028
24	542	Port Input	1	9457449	19857	1
24	542	Response	3	9457449	19857	1
24	543	Picture	ITI	9458436	0	1	30989	1	0	next	other	0
24	544	Sound	test	9475337	0	1			0		other	0
24	544	Picture	response	9489425	14088	1	9497	1	14020	25000	incorrect	1033
24	544	Port Input	2	9498857	23520	1
24	544	Response	4	9498857	23520	1
24	545	Picture	ITI	9499922	0	1	27157	1	0	next	other	0
24	546	Sound	test	9514753	0	1			0		other	0
24	546	Picture	response	9527079	12326	1	8331	1	12250	25000	incorrect	1038
24	546	Port Input	2	9535351	20598	1
24	546	Response	4	9535351	20598	1
24	547	Picture	ITI	9536409	0	1	27990	1	0	next	other	0
24	548	Sound	test	9552901	0	1			0		other	0
24	548	Picture	response	9564400	11499	1	8997	1	11450	25000	incorrect	1043
24	548	Port Input	2	9573303	20402	1
24	548	Response	4	9573303	20402	1
24	549	Picture	ITI	9574396	0	1	27157	1	0	next	other	0
24	550	Sound	test	9591518	0	1			0		other	0
24	550	Picture	response	9601554	10036	1	11163	1	10000	25000	incorrect	1048
24	550	Port Input	2	9612629	21112	1
24	550	Response	4	9612629	21112	1
24	551	Picture	ITI	9613716	0	1	31989	1	0	next	other	0
24	552	Sound	test	9632478	0	1			0		other	0
24	552	Picture	response	9645705	13228	1	10996	1	13100	25000	incorrect	1053
24	552	Port Input	2	9656610	24132	1
24	552	Response	4	9656610	24132	1
24	553	Picture	ITI	9657701	0	1	29990	1	0	next	other	0
24	554	Sound	test	9672503	0	1			0		other	0
24	554	Picture	response	9687691	15188	1	7664	1	15000	25000	incorrect	1058
24	554	Port Input	1	9695186	22683	1
24	554	Response	3	9695186	22683	1
24	555	Picture	ITI	9696188	0	1	28324	1	0	next	other	0
24	556	Sound	test	9712179	0	1			0		other	0
24	556	Picture	response	9724512	12332	1	15828	1	12250	25000	incorrect	1063
24	556	Port Input	2	9740260	28080	1
24	556	Response	4	9740260	28080	1
24	557	Picture	ITI	9741339	0	1	28157	1	0	next	other	0
24	558	Sound	test	9759351	0	1			0		other	0
24	558	Picture	response	9769496	10146	1	7497	1	10000	25000	incorrect	1068
24	558	Port Input	2	9776931	17580	1
24	558	Response	4	9776931	17580	1
24	559	Picture	ITI	9777994	0	1	32822	1	0	next	other	0
24	560	Sound	test	9796715	0	1			0		other	0
24	560	Picture	response	9810816	14101	1	10496	1	14020	25000	incorrect	1073
24	560	Port Input	2	9821255	24540	1
24	560	Response	4	9821255	24540	1
24	561	Picture	ITI	9822312	0	1	28657	1	0	next	other	0
24	562	Sound	test	9837803	0	1			0		other	0
24	562	Picture	response	9850969	13166	1	8997	1	13100	25000	incorrect	1078
24	562	Port Input	2	9859831	22028	1
24	562	Response	4	9859831	22028	1
24	563	Picture	ITI	9860965	0	1	29490	1	0	next	other	0
24	564	Sound	test	9880276	0	1			0		other	0
24	564	Picture	response	9890455	10179	1	10330	1	10000	25000	incorrect	1083
24	564	Port Input	2	9900594	20318	1
24	564	Response	4	9900594	20318	1
24	565	Picture	ITI	9901618	0	1	30156	1	0	next	other	0
24	566	Sound	test	9917649	0	1			0		other	0
24	566	Picture	response	9931774	14125	1	14495	1	14020	25000	incorrect	1088
24	566	Port Input	2	9946084	28435	1
24	566	Response	4	9946084	28435	1
24	567	Picture	ITI	9947102	0	1	21826	1	0	next	other	0
24	568	Sound	test	9958894	0	1			0		other	0
24	568	Picture	response	9968928	10035	1	7997	1	10000	25000	incorrect	1093
24	568	Port Input	2	9976862	17968	1
24	568	Response	4	9976862	17968	1
24	569	Picture	ITI	9977925	0	1	29990	1	0	next	other	0
24	570	Sound	test	9995527	0	1			0		other	0
24	570	Picture	response	10007915	12389	1	11496	1	12250	25000	incorrect	1098
24	570	Port Input	2	10019301	23775	1
24	570	Response	4	10019301	23775	1
24	571	Picture	ITI	10020411	0	1	28823	1	0	next	other	0
24	572	Sound	test	10034072	0	1			0		other	0
24	572	Picture	response	10049234	15162	1	3332	1	15000	25000	incorrect	1103
24	572	Port Input	1	10052370	18298	1
24	572	Response	3	10052370	18298	1
24	573	Picture	ITI	10053399	0	1	21659	1	0	next	other	0
24	574	Sound	test	10063511	0	1			0		other	0
24	574	Picture	response	10075059	11548	1	7497	1	11450	25000	incorrect	1108
24	574	Port Input	2	10082429	18919	1
24	574	Response	4	10082429	18919	1
24	575	Picture	ITI	10083556	0	1	23325	1	0	next	other	0
24	576	Sound	test	10096037	0	1			0		other	0
24	576	Picture	response	10106881	10844	1	9164	1	10700	25000	incorrect	1113
24	576	Port Input	2	10115998	19960	1
24	576	Response	4	10115998	19960	1
24	577	Picture	ITI	10117044	0	1	30156	1	0	next	other	0
24	578	Sound	test	10136336	0	1			0		other	0
24	578	Picture	response	10147201	10865	1	10163	1	10700	25000	incorrect	1118
24	578	Port Input	2	10157208	20873	1
24	578	Response	4	10157208	20873	1
24	579	Picture	ITI	10158364	0	1	23825	1	0	next	other	0
24	580	Sound	test	10171405	0	1			0		other	0
24	580	Picture	response	10182189	10784	1	6498	1	10700	25000	incorrect	1123
24	580	Port Input	2	10188601	17196	1
24	580	Response	4	10188601	17196	1
24	581	Picture	ITI	10189686	0	1	30323	1	0	next	other	0
24	582	Sound	test	10205878	0	1			0		other	0
24	582	Picture	response	10220009	14132	1	18827	1	14020	25000	incorrect	1128
24	582	Port Input	1	10238641	32763	1
24	582	Response	3	10238641	32763	1
24	583	Picture	ITI	10239669	0	1	23325	1	0	next	other	0
24	584	Sound	test	10251481	0	1			0		other	0
24	584	Picture	response	10262995	11514	1	7997	1	11450	25000	incorrect	1133
24	584	Port Input	2	10270824	19344	1
24	584	Response	4	10270824	19344	1
24	585	Picture	ITI	10271825	0	1	31156	1	0	next	other	0
24	586	Sound	test	10289836	0	1			0		other	0
24	586	Picture	response	10302981	13145	1	5498	1	13100	25000	incorrect	1138
24	586	Port Input	1	10308370	18534	1
24	586	Response	3	10308370	18534	1
24	587	Picture	ITI	10309312	0	1	33655	1	0	next	other	0
24	588	Sound	test	10327873	0	1			0		other	0
24	588	Picture	response	10342967	15094	1	5331	1	15000	25000	incorrect	1143
24	588	Port Input	1	10348237	20364	1
24	588	Response	3	10348237	20364	1
24	589	Picture	ITI	10349298	0	1	20993	1	0	next	other	0
24	590	Sound	test	10359410	0	1			0		other	0
24	590	Picture	response	10370291	10882	1	7164	1	10700	25000	incorrect	1148
24	590	Port Input	2	10377256	17846	1
24	590	Response	4	10377256	17846	1
24	591	Picture	ITI	10378289	0	1	24158	1	0	next	other	0
24	592	Sound	test	10388300	0	1			0		other	0
24	592	Picture	response	10402447	14147	1	5498	1	14020	25000	incorrect	1153
24	592	Port Input	1	10407857	19557	1
24	592	Response	3	10407857	19557	1
24	593	Picture	ITI	10408945	0	1	28824	1	0	next	other	0
24	594	Sound	test	10424577	0	1			0		other	0
24	594	Picture	response	10437768	13192	1	5165	1	13100	25000	incorrect	1158
24	594	Port Input	1	10442778	18202	1
24	594	Response	3	10442778	18202	1
24	595	Picture	ITI	10443766	0	1	33822	1	0	next	other	0
24	596	Sound	test	10463537	0	1			0		other	0
24	596	Picture	response	10477588	14051	1	7331	1	14020	25000	incorrect	1163
24	596	Port Input	1	10484822	21285	1
24	596	Response	3	10484822	21285	1
24	597	Picture	ITI	10485918	0	1	25325	1	0	next	other	0
24	598	Sound	test	10497970	0	1			0		other	0
24	598	Picture	response	10511243	13274	1	9830	1	13100	25000	incorrect	1168
24	598	Port Input	2	10520973	23003	1
24	598	Response	4	10520973	23003	1
24	599	Picture	ITI	10522073	0	1	30656	1	0	next	other	0
24	600	Sound	test	10537644	0	1			0		other	0
24	600	Picture	response	10552729	15085	1	5498	1	15000	25000	incorrect	1173
24	600	Port Input	1	10558112	20468	1
24	600	Response	3	10558112	20468	1
24	601	Picture	ITI	10559227	0	1	26824	1	0	next	other	0
24	602	Sound	test	10571938	0	1			0		other	0
24	602	Picture	response	10586051	14113	1	5998	1	14020	25000	incorrect	1178
24	602	Port Input	1	10591993	20055	1
24	602	Response	3	10591993	20055	1
24	603	Picture	ITI	10593049	0	1	23659	1	0	next	other	0
24	604	Sound	test	10605870	0	1			0		other	0
24	604	Picture	response	10616707	10837	1	7331	1	10700	25000	incorrect	1183
24	604	Port Input	2	10623895	18025	1
24	604	Response	4	10623895	18025	1
24	605	Picture	ITI	10625038	0	1	26158	1	0	next	other	0
24	606	Sound	test	10638849	0	1			0		other	0
24	606	Picture	response	10651195	12347	1	7497	1	12250	25000	incorrect	1188
24	606	Port Input	2	10658609	19760	1
24	606	Response	4	10658609	19760	1
24	607	Picture	ITI	10659692	0	1	22492	1	0	next	other	0
24	608	Sound	test	10672074	0	1			0		other	0
24	608	Picture	response	10682185	10111	1	5831	1	10000	25000	incorrect	1193
24	608	Port Input	2	10687908	15835	1
24	608	Response	4	10687908	15835	1
24	609	Picture	ITI	10689016	0	1	31489	1	0	next	other	0
24	610	Sound	test	10709017	0	1			0		other	0
24	610	Picture	response	10720505	11488	1	7331	1	11450	25000	incorrect	1198
24	610	Port Input	2	10727776	18759	1
24	610	Response	4	10727776	18759	1
24	611	Picture	ITI	10728835	0	1	26658	1	0	next	other	0
24	612	Sound	test	10743937	0	1			0		other	0
24	612	Picture	response	10755493	11556	1	11163	1	11450	25000	incorrect	1203
24	612	Port Input	1	10766519	22582	1
24	612	Response	3	10766519	22582	1
24	613	Picture	ITI	10767656	0	1	30656	1	0	next	other	0
24	614	Sound	test	10787567	0	1			0		other	0
24	614	Picture	response	10798312	10745	1	10996	1	10700	25000	incorrect	1208
24	614	Port Input	2	10809177	21610	1
24	614	Response	4	10809177	21610	1
24	615	Picture	ITI	10810141	0	1	27491	1	0	next	other	0
24	616	Sound	test	10826142	0	1			0		other	0
24	616	Picture	response	10837632	11489	1	10663	1	11450	25000	incorrect	1213
24	616	Port Input	2	10848180	22038	1
24	616	Response	4	10848180	22038	1
24	617	Picture	ITI	10849294	0	1	27824	1	0	next	other	0
24	618	Sound	test	10866936	0	1			0		other	0
24	618	Picture	response	10877118	10183	1	9330	1	10000	25000	incorrect	1218
24	618	Port Input	2	10886247	19311	1
24	618	Response	4	10886247	19311	1
24	619	Picture	ITI	10887281	0	1	23992	1	0	next	other	0
24	620	Sound	test	10898943	0	1			0		other	0
24	620	Picture	response	10911273	12331	1	9330	1	12250	25000	incorrect	1223
24	620	Port Input	1	10920398	21455	1
24	620	Response	3	10920398	21455	1
24	621	Picture	ITI	10921436	0	1	20826	1	0	next	other	0
24	622	Sound	test	10932148	0	1			0		other	0
24	622	Picture	response	10942263	10115	1	8164	1	10000	25000	incorrect	1228
24	622	Port Input	2	10950228	18081	1
24	622	Response	4	10950228	18081	1
24	623	Picture	ITI	10951260	0	1	24991	1	0	next	other	0
24	624	Sound	test	10965421	0	1			0		other	0
24	624	Picture	response	10976251	10830	1	6664	1	10700	25000	incorrect	1233
24	624	Port Input	2	10982703	17283	1
24	624	Response	4	10982703	17283	1
24	625	Picture	ITI	10983748	0	1	34821	1	0	next	other	0
24	626	Sound	test	11003500	0	1			0		other	0
24	626	Picture	response	11018570	15070	1	11329	1	15000	25000	incorrect	1238
24	626	Port Input	1	11029839	26339	1
24	626	Response	3	11029839	26339	1
24	627	Picture	ITI	11030899	0	1	21992	1	0	next	other	0
24	628	Sound	test	11042840	0	1			0		other	0
24	628	Picture	response	11052891	10051	1	12829	1	10000	25000	incorrect	1243
24	628	Port Input	2	11065646	22805	1
24	628	Response	4	11065646	22805	1
24	629	Picture	ITI	11066720	0	1	30656	1	0	next	other	0
24	630	Sound	test	11086581	0	1			0		other	0
24	630	Picture	response	11097376	10795	1	12329	1	10700	25000	incorrect	1248
24	630	Port Input	2	11109553	22972	1
24	630	Response	4	11109553	22972	1
24	631	Picture	ITI	11110538	0	1	26491	1	0	next	other	0
24	632	Sound	test	11126910	0	1			0		other	0
24	632	Picture	response	11137029	10120	1	6831	1	10000	25000	incorrect	1253
24	632	Port Input	2	11143715	16805	1
24	632	Response	4	11143715	16805	1
24	633	Picture	ITI	11144860	0	1	26491	1	0	next	other	0
24	634	Sound	test	11157261	0	1			0		other	0
24	634	Picture	response	11171351	14090	1	4165	1	14020	25000	incorrect	1258
24	634	Port Input	1	11175326	18064	1
24	634	Response	3	11175326	18064	1
24	635	Picture	ITI	11176349	0	1	25325	1	0	next	other	0
24	636	Sound	test	11190851	0	1			0		other	0
24	636	Picture	response	11201674	10823	1	11329	1	10700	25000	incorrect	1263
24	636	Port Input	2	11212923	22073	1
24	636	Response	4	11212923	22073	1
24	637	Picture	ITI	11214003	0	1	30156	1	0	next	other	0
24	638	Sound	test	11229014	0	1			0		other	0
24	638	Picture	response	11244159	15145	1	4832	1	15000	25000	incorrect	1268
24	638	Port Input	1	11248866	19851	1
24	638	Response	3	11248866	19851	1
24	639	Picture	ITI	11249824	0	1	23492	1	0	next	other	0
24	640	Sound	test	11263176	0	1			0		other	0
24	640	Picture	response	11273316	10141	1	6498	1	10000	25000	incorrect	1273
24	640	Port Input	2	11279748	16572	1
24	640	Response	4	11279748	16572	1
24	641	Picture	ITI	11280814	0	1	26991	1	0	next	other	0
24	642	Sound	test	11297775	0	1			0		other	0
24	642	Picture	response	11307804	10029	1	6498	1	10000	25000	incorrect	1278
24	642	Port Input	2	11314180	16405	1
24	642	Response	4	11314180	16405	1
24	643	Picture	ITI	11315302	0	1	22992	1	0	next	other	0
24	644	Sound	test	11328163	0	1			0		other	0
24	644	Picture	response	11338294	10131	1	6498	1	10000	25000	incorrect	1283
24	644	Port Input	2	11344729	16566	1
24	644	Response	4	11344729	16566	1
24	645	Picture	ITI	11345791	0	1	25825	1	0	next	other	0
24	646	Sound	test	11358443	0	1			0		other	0
24	646	Picture	response	11371616	13173	1	5498	1	13100	25000	incorrect	1288
24	646	Port Input	1	11376933	18491	1
24	646	Response	3	11376933	18491	1
24	647	Picture	ITI	11377947	0	1	24991	1	0	next	other	0
24	648	Sound	test	11388878	0	1			0		other	0
24	648	Picture	response	11402939	14060	1	7331	1	14020	25000	incorrect	1293
24	648	Port Input	1	11410148	21269	1
24	648	Response	3	11410148	21269	1
24	649	Picture	ITI	11411102	0	1	31989	1	0	next	other	0
24	650	Sound	test	11430764	0	1			0		other	0
24	650	Picture	response	11443092	12328	1	16661	1	12250	25000	incorrect	1298
24	650	Port Input	1	11459584	28820	1
24	650	Response	3	11459584	28820	1
24	651	Picture	ITI	11460752	0	1	26324	1	0	next	other	0
24	652	Sound	test	11471953	0	1			0		other	0
24	652	Picture	response	11487077	15123	1	20326	1	15000	25000	incorrect	1303
24	652	Port Input	2	11507354	35401	1
24	652	Response	4	11507354	35401	1
24	653	Picture	ITI	11508403	0	1	29823	1	0	next	other	0
24	654	Sound	test	11527394	0	1			0		other	0
24	654	Picture	response	11538226	10832	1	7164	1	10700	25000	incorrect	1308
24	654	Port Input	2	11545348	17954	1
24	654	Response	4	11545348	17954	1
24	655	Picture	ITI	11546390	0	1	28157	1	0	next	other	0
24	656	Sound	test	11559381	0	1			0		other	0
24	656	Picture	response	11574547	15166	1	6664	1	15000	25000	incorrect	1313
24	656	Port Input	1	11581019	21638	1
24	656	Response	3	11581019	21638	1
24	657	Picture	ITI	11582044	0	1	25325	1	0	next	other	0
24	658	Sound	test	11597306	0	1			0		other	0
24	658	Picture	response	11607369	10063	1	9830	1	10000	25000	incorrect	1318
24	658	Port Input	2	11617055	19749	1
24	658	Response	4	11617055	19749	1
24	659	Picture	ITI	11618032	0	1	25991	1	0	next	other	0
24	660	Sound	test	11629823	0	1			0		other	0
24	660	Picture	response	11644023	14200	1	5498	1	14020	25000	incorrect	1323
24	660	Port Input	1	11649447	19624	1
24	660	Response	3	11649447	19624	1
24	661	Picture	ITI	11650521	0	1	25824	1	0	next	other	0
24	662	Sound	test	11665602	0	1			0		other	0
24	662	Picture	response	11676345	10743	1	6331	1	10700	25000	incorrect	1328
24	662	Port Input	2	11682526	16924	1
24	662	Response	4	11682526	16924	1
24	663	Picture	ITI	11683509	0	1	23825	1	0	next	other	0
24	664	Sound	test	11697281	0	1			0		other	0
24	664	Picture	response	11707335	10054	1	7997	1	10000	25000	incorrect	1333
24	664	Port Input	2	11715261	17981	1
24	664	Response	4	11715261	17981	1
24	665	Picture	ITI	11716332	0	1	25158	1	0	next	other	0
24	666	Sound	test	11730723	0	1			0		other	0
24	666	Picture	response	11741490	10767	1	9330	1	10700	25000	incorrect	1338
24	666	Port Input	2	11750652	19929	1
24	666	Response	4	11750652	19929	1
24	667	Picture	ITI	11751653	0	1	28490	1	0	next	other	0
24	668	Sound	test	11768614	0	1			0		other	0
24	668	Picture	response	11780143	11529	1	12662	1	11450	25000	incorrect	1343
24	668	Port Input	1	11792612	23998	1
24	668	Response	3	11792612	23998	1
24	669	Picture	ITI	11793638	0	1	21659	1	0	next	other	0
24	670	Sound	test	11803740	0	1			0		other	0
24	670	Picture	response	11815298	11558	1	12662	1	11450	25000	incorrect	1348
24	670	Port Input	2	11827805	24065	1
24	670	Response	4	11827805	24065	1
24	671	Picture	ITI	11828793	0	1	26324	1	0	next	other	0
24	672	Sound	test	11842714	0	1			0		other	0
24	672	Picture	response	11855118	12403	1	5165	1	12250	25000	incorrect	1353
24	672	Port Input	1	11860092	17378	1
24	672	Response	3	11860092	17378	1
24	673	Picture	ITI	11861115	0	1	20160	1	0	next	other	0
24	674	Picture	Instruction	11881275	0	1	222564	1	0	next	other	0
24	674	Port Input	3	11931338	50062	1
24	674	Port Input	3	11931403	50128	1
24	674	Port Input	3	11931412	50137	1
24	674	Port Input	3	11931791	50516	1
24	674	Port Input	3	11932377	51102	1
24	674	Port Input	3	11932379	51103	1
24	674	Port Input	3	11932380	51105	1
24	674	Port Input	3	11932380	51105	1
24	674	Port Input	3	11932381	51105	1
24	674	Port Input	3	11932381	51106	1
24	674	Port Input	3	11932381	51106	1
24	674	Port Input	3	11932424	51149	1
24	674	Port Input	3	11932431	51155	1
24	674	Port Input	3	11932431	51156	1
24	674	Port Input	3	11932432	51157	1
24	674	Port Input	3	11932435	51160	1
24	674	Port Input	3	11932443	51168	1
24	674	Port Input	3	11932444	51169	1
24	674	Port Input	3	11932451	51176	1
24	674	Port Input	3	11932457	51182	1
24	674	Port Input	3	11932479	51204	1
24	674	Port Input	3	11932638	51363	1
24	674	Port Input	3	11932667	51392	1
24	674	Port Input	3	11932668	51393	1
24	674	Port Input	3	11932670	51395	1
24	674	Port Input	3	11932671	51396	1
24	674	Port Input	3	11933236	51960	1
24	674	Port Input	3	11933293	52018	1
24	674	Port Input	3	11933412	52137	1
24	674	Quit		12098618	217343	NA


{
   "app": "Presentation Version 20.2 Build 07.25.18",
   "device": "LENOVO 10A8S1PC00",
   "experiment": "{772213B2-5F0F-4A35-9C2F-36954700C7EA}",
   "os": "Windows 7 64 bit",
   "package": "",
   "parameters": {
      "configuration": "Default configuration"
   },
   "scenario": "Timing Task with Dynanometer.sce",
   "subject": "24",
   "timestamp": "2019/03/12 05:49:10 GMT"
}
