Scenario - Timing Task
Logfile written - 03/14/2019 11:19:00

Subject	Trial	Event Type	Code	Time	TTime	Uncertainty	Duration	Uncertainty	ReqTime	ReqDur	Stim Type	Pair Index

25	1	Picture	Instruction	666	0	1	131787	1	0	next	other	0
25	1	Response	3	671	5	1
25	1	Response	3	92556	91889	1
25	1	Response	4	92556	91889	1
25	1	Response	3	92560	91894	1
25	1	Response	4	92560	91894	1
25	1	Response	3	92565	91899	1
25	1	Response	4	92565	91899	1
25	1	Response	3	92601	91935	1
25	1	Response	4	92601	91935	1
25	1	Response	3	92603	91937	1
25	1	Response	4	92603	91937	1
25	1	Response	3	92612	91946	1
25	1	Response	4	92612	91946	1
25	1	Response	3	92613	91947	1
25	1	Response	4	92613	91947	1
25	1	Response	3	92615	91948	1
25	1	Response	4	92615	91948	1
25	1	Response	3	92828	92161	1
25	1	Response	4	92828	92161	1
25	1	Response	3	92850	92184	1
25	1	Response	4	92850	92184	1
25	1	Response	3	92864	92198	1
25	1	Response	4	92864	92198	1
25	1	Response	3	92942	92276	1
25	1	Response	4	92942	92276	1
25	1	Response	3	92944	92277	1
25	1	Response	4	92944	92277	1
25	1	Response	3	92945	92278	1
25	1	Response	4	92945	92278	1
25	1	Response	3	92946	92280	1
25	1	Response	4	92946	92280	1
25	1	Response	3	92946	92280	1
25	1	Response	4	92946	92280	1
25	1	Response	3	92953	92287	1
25	1	Response	4	92953	92287	1
25	1	Response	3	93129	92463	1
25	1	Response	4	93129	92463	1
25	1	Response	3	93252	92586	1
25	1	Response	4	93252	92586	1
25	1	Response	3	93253	92587	1
25	1	Response	4	93253	92587	1
25	1	Response	3	93253	92587	1
25	1	Response	4	93253	92587	1
25	1	Response	3	93254	92588	1
25	1	Response	4	93254	92588	1
25	1	Response	3	93256	92590	1
25	1	Response	4	93256	92590	1
25	1	Response	3	93260	92594	1
25	1	Response	4	93260	92594	1
25	1	Response	3	93260	92594	1
25	1	Response	3	93282	92616	1
25	1	Response	4	93282	92616	1
25	1	Response	3	93295	92629	1
25	1	Response	4	93295	92629	1
25	1	Response	3	93459	92793	1
25	1	Response	4	93459	92793	1
25	1	Response	3	93595	92929	1
25	1	Response	4	93595	92929	1
25	1	Response	4	93596	92930	1
25	1	Response	3	93596	92930	1
25	1	Response	3	93598	92932	1
25	1	Response	4	93598	92932	1
25	1	Response	3	93771	93105	1
25	1	Response	4	93771	93105	1
25	1	Response	3	94087	93421	1
25	1	Response	4	94087	93421	1
25	1	Response	3	94402	93736	1
25	1	Response	4	94402	93736	1
25	1	Response	3	94707	94041	1
25	1	Response	4	94707	94041	1
25	1	Response	3	94709	94043	1
25	1	Response	4	94709	94043	1
25	1	Response	3	95006	94340	1
25	1	Response	4	95006	94340	1
25	1	Response	3	95414	94748	1
25	1	Response	4	95414	94748	1
25	1	Response	1	127370	126704	0
25	2	Picture	ITI	132453	0	1	10496	1	0	next	other	0
25	3	Sound	Stimuli	142469	0	416			0		other	0
25	4	Picture	Feedback	172939	0	1	20160	1	0	next	other	0
25	5	Picture	ITI	193099	0	1	10163	1	0	next	other	0
25	6	Sound	Stimuli	203100	0	1			0		other	0
25	7	Picture	Feedback	238250	0	1	20160	1	0	next	other	0
25	8	Picture	ITI	258409	0	1	10163	1	0	next	other	0
25	9	Sound	Stimuli	268410	0	1			0		other	0
25	10	Picture	Feedback	298395	0	1	20160	1	0	next	other	0
25	11	Picture	ITI	318555	0	1	10163	1	0	next	other	0
25	12	Sound	Stimuli	328556	0	1			0		other	0
25	13	Picture	Feedback	363706	0	1	20160	1	0	next	other	0
25	14	Picture	ITI	383865	0	1	10163	1	0	next	other	0
25	15	Sound	Stimuli	393866	0	1			0		other	0
25	16	Picture	Feedback	424018	0	1	20160	1	0	next	other	0
25	17	Picture	ITI	444177	0	1	10163	1	0	next	other	0
25	18	Sound	Stimuli	454179	0	1			0		other	0
25	19	Picture	Feedback	489328	0	1	20160	1	0	next	other	0
25	20	Picture	ITI	509488	0	1	10163	1	0	next	other	0
25	21	Sound	Stimuli	519489	0	1			0		other	0
25	22	Picture	Feedback	549474	0	1	20160	1	0	next	other	0
25	23	Picture	ITI	569633	0	1	10163	1	0	next	other	0
25	24	Sound	Stimuli	579635	0	1			0		other	0
25	25	Picture	Feedback	614618	0	1	20160	1	0	next	other	0
25	26	Picture	ITI	634777	0	1	10163	1	0	next	other	0
25	27	Sound	Stimuli	644778	0	1			0		other	0
25	28	Picture	Feedback	674930	0	1	20160	1	0	next	other	0
25	29	Picture	ITI	695089	0	1	10163	1	0	next	other	0
25	30	Sound	Stimuli	705091	0	1			0		other	0
25	31	Picture	Feedback	740073	0	1	20326	1	0	next	other	0
25	32	Picture	End_Block	760400	0	1	51149	1	0	next	other	0
25	32	Response	1	811436	51036	0
25	33	Picture	ITI	811548	0	1	10163	1	0	next	other	0
25	34	Picture	Break	821711	0	1	22992	1	0	next	other	0
25	34	Response	1	844635	22923	0
25	35	Picture	ITI	844703	0	1	10163	1	0	next	other	0
25	36	Picture	Instruction	854867	0	1	37987	1	0	next	other	0
25	36	Response	1	887754	32887	0
25	37	Picture	ITI	892853	0	1	33821	1	0	next	other	0
25	38	Sound	Practice	911555	0	1			0		other	0
25	38	Picture	response	926675	15120	1	7831	1	15000	25000	hit	121
25	38	Port Input	2	934312	22758	1
25	38	Response	4	934312	22758	1
25	38A	Port Input	1	934760	447	1
25	39	Picture	ITI	944502	0	1	25991	1	0	next	other	0
25	40	Sound	Practice	960323	0	1			0		other	0
25	40	Picture	response	970493	10169	1	7497	1	10000	25000	hit	127
25	40	Port Input	1	977792	17469	1
25	40	Response	3	977792	17469	1
25	41	Picture	ITI	987820	0	1	22825	1	0	next	other	0
25	42	Sound	Practice	1000611	0	1			0		other	0
25	42	Picture	response	1010645	10034	1	5665	1	10000	25000	hit	132
25	42	Port Input	1	1016202	15591	1
25	42	Response	3	1016202	15591	1
25	43	Picture	ITI	1026306	0	1	21992	1	0	next	other	0
25	44	Sound	Practice	1038168	0	1			0		other	0
25	44	Picture	response	1048299	10131	1	4832	1	10000	25000	hit	137
25	44	Port Input	1	1052966	14798	1
25	44	Response	3	1052966	14798	1
25	45	Picture	ITI	1063127	0	1	24158	1	0	next	other	0
25	46	Sound	Practice	1077238	0	1			0		other	0
25	46	Picture	response	1087285	10047	1	4832	1	10000	25000	hit	142
25	46	Port Input	1	1092032	14793	1
25	46	Response	3	1092032	14793	1
25	47	Picture	ITI	1102113	0	1	21326	1	0	next	other	0
25	48	Sound	Practice	1113284	0	1			0		other	0
25	48	Picture	response	1123439	10155	1	5665	1	10000	25000	hit	147
25	48	Port Input	1	1129035	15751	1
25	48	Response	3	1129035	15751	1
25	49	Picture	ITI	1139100	0	1	31989	1	0	next	other	0
25	50	Sound	Practice	1155952	0	1			0		other	0
25	50	Picture	response	1171089	15137	1	4832	1	15000	25000	hit	152
25	50	Port Input	2	1175868	19916	1
25	50	Response	4	1175868	19916	1
25	51	Picture	ITI	1185917	0	1	24491	1	0	next	other	0
25	52	Sound	Practice	1200298	0	1			0		other	0
25	52	Picture	response	1210408	10110	1	7331	1	10000	25000	hit	157
25	52	Port Input	1	1217547	17248	1
25	52	Response	3	1217547	17248	1
25	53	Picture	ITI	1227736	0	1	25658	1	0	next	other	0
25	54	Sound	Practice	1243297	0	1			0		other	0
25	54	Picture	response	1253393	10096	1	7497	1	10000	25000	hit	162
25	54	Port Input	1	1260715	17417	1
25	54	Response	3	1260715	17417	1
25	55	Picture	ITI	1270887	0	1	28823	1	0	next	other	0
25	56	Sound	Practice	1284559	0	1			0		other	0
25	56	Picture	response	1299710	15152	1	6331	1	15000	25000	hit	167
25	56	Port Input	2	1305996	21437	1
25	56	Response	4	1305996	21437	1
25	57	Picture	ITI	1316038	0	1	29156	1	0	next	other	0
25	58	Sound	Practice	1330060	0	1			0		other	0
25	58	Picture	response	1345194	15135	1	5332	1	15000	25000	hit	172
25	58	Port Input	2	1350361	20301	1
25	58	Response	4	1350361	20301	1
25	59	Picture	ITI	1360522	0	1	21159	1	0	next	other	0
25	60	Sound	Practice	1371654	0	1			0		other	0
25	60	Picture	response	1381682	10028	1	7497	1	10000	25000	hit	177
25	60	Port Input	1	1388999	17345	1
25	60	Response	3	1388999	17345	1
25	61	Picture	ITI	1399176	0	1	29656	1	0	next	other	0
25	62	Sound	Practice	1413647	0	1			0		other	0
25	62	Picture	response	1428832	15185	1	5331	1	15000	25000	hit	182
25	62	Port Input	2	1434051	20404	1
25	62	Response	4	1434051	20404	1
25	63	Picture	ITI	1444160	0	1	25991	1	0	next	other	0
25	64	Sound	Practice	1460021	0	1			0		other	0
25	64	Picture	response	1470151	10130	1	7331	1	10000	25000	hit	187
25	64	Port Input	1	1477282	17260	1
25	64	Response	3	1477282	17260	1
25	65	Picture	ITI	1487311	0	1	26657	1	0	next	other	0
25	66	Sound	Practice	1498933	0	1			0		other	0
25	66	Picture	response	1513969	15036	1	4332	1	15000	25000	hit	192
25	66	Port Input	2	1518221	19288	1
25	66	Response	4	1518221	19288	1
25	67	Picture	ITI	1528297	0	1	30323	1	0	next	other	0
25	68	Sound	Practice	1543508	0	1			0		other	0
25	68	Picture	response	1558620	15111	1	4665	1	15000	25000	hit	197
25	68	Port Input	2	1563159	19650	1
25	68	Response	4	1563159	19650	1
25	69	Picture	ITI	1573281	0	1	23325	1	0	next	other	0
25	70	Sound	Practice	1586543	0	1			0		other	0
25	70	Picture	response	1596606	10064	1	5665	1	10000	25000	hit	202
25	70	Port Input	1	1602151	15608	1
25	70	Response	3	1602151	15608	1
25	71	Picture	ITI	1612267	0	1	27157	1	0	next	other	0
25	72	Sound	Practice	1629259	0	1			0		other	0
25	72	Picture	response	1639425	10166	1	5665	1	10000	25000	hit	207
25	72	Port Input	1	1644892	15633	1
25	72	Response	3	1644892	15633	1
25	73	Picture	ITI	1654919	0	1	28823	1	0	next	other	0
25	74	Sound	Practice	1668581	0	1			0		other	0
25	74	Picture	response	1683742	15162	1	7831	1	15000	25000	hit	212
25	74	Port Input	2	1691474	22894	1
25	74	Response	4	1691474	22894	1
25	75	Picture	ITI	1701570	0	1	28490	1	0	next	other	0
25	76	Sound	Practice	1719941	0	1			0		other	0
25	76	Picture	response	1730059	10118	1	4332	1	10000	25000	hit	217
25	76	Port Input	1	1734340	14399	1
25	76	Response	3	1734340	14399	1
25	77	Picture	ITI	1744388	0	1	24991	1	0	next	other	0
25	78	Sound	Practice	1759199	0	1			0		other	0
25	78	Picture	response	1769379	10180	1	6498	1	10000	25000	hit	222
25	78	Port Input	1	1775790	16591	1
25	78	Response	3	1775790	16591	1
25	79	Picture	ITI	1785873	0	1	30323	1	0	next	other	0
25	80	Sound	Practice	1801045	0	1			0		other	0
25	80	Picture	response	1816196	15151	1	8164	1	15000	25000	incorrect	227
25	80	Port Input	1	1824184	23139	1
25	80	Response	3	1824184	23139	1
25	81	Picture	ITI	1834356	0	1	23992	1	0	next	other	0
25	82	Sound	Practice	1848188	0	1			0		other	0
25	82	Picture	response	1858348	10160	1	5665	1	10000	25000	hit	232
25	82	Port Input	1	1863905	15718	1
25	82	Response	3	1863905	15718	1
25	83	Picture	ITI	1874009	0	1	35154	1	0	next	other	0
25	84	Sound	Practice	1893990	0	1			0		other	0
25	84	Picture	response	1909163	15173	1	5831	1	15000	25000	hit	237
25	84	Port Input	2	1914903	20912	1
25	84	Response	4	1914903	20912	1
25	85	Picture	ITI	1924991	0	1	30323	1	0	next	other	0
25	86	Sound	Practice	1940133	0	1			0		other	0
25	86	Picture	response	1955314	15181	1	6664	1	15000	25000	hit	242
25	86	Port Input	2	1961933	21800	1
25	86	Response	4	1961933	21800	1
25	87	Picture	Break	1971975	0	1	13495	1	0	next	other	0
25	87	Response	1	1985411	13436	0
25	88	Picture	Instruction	1985470	0	1	21492	1	0	next	other	0
25	88	Response	1	2006850	21380	0
25	89	Picture	ITI	2006962	0	1	15161	1	0	next	other	0
25	90	Picture	ITI	2022124	0	1	24658	1	0	next	other	0
25	91	Sound	test	2032685	0	1			0		other	0
25	91	Picture	response	2046782	14097	1	4998	1	14020	25000	incorrect	252
25	91	Port Input	2	2051610	18925	1
25	91	Response	4	2051610	18925	1
25	92	Picture	ITI	2052780	0	1	29156	1	0	next	other	0
25	93	Sound	test	2069551	0	1			0		other	0
25	93	Picture	response	2081936	12385	1	7164	1	12250	25000	incorrect	257
25	93	Port Input	2	2089031	19480	1
25	93	Response	4	2089031	19480	1
25	94	Picture	ITI	2090100	0	1	23659	1	0	next	other	0
25	95	Sound	test	2102891	0	1			0		other	0
25	95	Picture	response	2113758	10867	1	6331	1	10700	25000	incorrect	262
25	95	Port Input	1	2120016	17125	1
25	95	Response	3	2120016	17125	1
25	96	Picture	ITI	2121089	0	1	24325	1	0	next	other	0
25	97	Sound	test	2131300	0	1			0		other	0
25	97	Picture	response	2145414	14114	1	4332	1	14020	25000	incorrect	267
25	97	Port Input	2	2149700	18400	1
25	97	Response	4	2149700	18400	1
25	98	Picture	ITI	2150745	0	1	29323	1	0	next	other	0
25	99	Sound	test	2169927	0	1			0		other	0
25	99	Picture	response	2180068	10141	1	5998	1	10000	25000	incorrect	272
25	99	Port Input	1	2185975	16049	1
25	99	Response	3	2185975	16049	1
25	100	Picture	ITI	2187066	0	1	29823	1	0	next	other	0
25	101	Sound	test	2203677	0	1			0		other	0
25	101	Picture	response	2216889	13212	1	7331	1	13100	25000	incorrect	277
25	101	Port Input	1	2224124	20447	1
25	101	Response	3	2224124	20447	1
25	102	Picture	ITI	2225219	0	1	29656	1	0	next	other	0
25	103	Sound	test	2241710	0	1			0		other	0
25	103	Picture	response	2254875	13165	1	6664	1	13100	25000	incorrect	282
25	103	Port Input	1	2261378	19668	1
25	103	Response	3	2261378	19668	1
25	104	Picture	ITI	2262373	0	1	20993	1	0	next	other	0
25	105	Sound	test	2273314	0	1			0		other	0
25	105	Picture	response	2283365	10051	1	5331	1	10000	25000	incorrect	287
25	105	Port Input	1	2288491	15177	1
25	105	Response	3	2288491	15177	1
25	106	Picture	ITI	2289530	0	1	25658	1	0	next	other	0
25	107	Sound	test	2302061	0	1			0		other	0
25	107	Picture	response	2315188	13126	1	8830	1	13100	25000	incorrect	292
25	107	Port Input	1	2323901	21840	1
25	107	Response	3	2323901	21840	1
25	108	Picture	ITI	2325017	0	1	28490	1	0	next	other	0
25	109	Sound	test	2343329	0	1			0		other	0
25	109	Picture	response	2353507	10178	1	5998	1	10000	25000	incorrect	297
25	109	Port Input	1	2359427	16098	1
25	109	Response	3	2359427	16098	1
25	110	Picture	ITI	2360505	0	1	29490	1	0	next	other	0
25	111	Sound	test	2377666	0	1			0		other	0
25	111	Picture	response	2389995	12328	1	9997	1	12250	25000	incorrect	302
25	111	Port Input	1	2399793	22127	1
25	111	Response	3	2399793	22127	1
25	112	Picture	ITI	2400824	0	1	22659	1	0	next	other	0
25	113	Sound	test	2411945	0	1			0		other	0
25	113	Picture	response	2423483	11537	1	6998	1	11450	25000	incorrect	307
25	113	Port Input	1	2430290	18344	1
25	113	Response	3	2430290	18344	1
25	114	Picture	ITI	2431313	0	1	28157	1	0	next	other	0
25	115	Sound	test	2444365	0	1			0		other	0
25	115	Picture	response	2459470	15106	1	5165	1	15000	25000	incorrect	312
25	115	Port Input	2	2464430	20065	1
25	115	Response	4	2464430	20065	1
25	116	Picture	ITI	2465468	0	1	26491	1	0	next	other	0
25	117	Sound	test	2481139	0	1			0		other	0
25	117	Picture	response	2491959	10819	1	6331	1	10700	25000	incorrect	317
25	117	Port Input	1	2498144	17004	1
25	117	Response	3	2498144	17004	1
25	118	Picture	ITI	2499123	0	1	23492	1	0	next	other	0
25	119	Sound	test	2512434	0	1			0		other	0
25	119	Picture	response	2522615	10180	1	4998	1	10000	25000	incorrect	322
25	119	Port Input	1	2527568	15133	1
25	119	Response	3	2527568	15133	1
25	120	Picture	ITI	2528613	0	1	21826	1	0	next	other	0
25	121	Sound	test	2540354	0	1			0		other	0
25	121	Picture	response	2550438	10084	1	6331	1	10000	25000	incorrect	327
25	121	Port Input	1	2556637	16284	1
25	121	Response	3	2556637	16284	1
25	122	Picture	ITI	2557769	0	1	30323	1	0	next	other	0
25	123	Sound	test	2573940	0	1			0		other	0
25	123	Picture	response	2588092	14151	1	10163	1	14020	25000	incorrect	332
25	123	Port Input	1	2598077	24136	1
25	123	Response	3	2598077	24136	1
25	124	Picture	ITI	2599088	0	1	31989	1	0	next	other	0
25	125	Sound	test	2616999	0	1			0		other	0
25	125	Picture	response	2631077	14077	1	9330	1	14020	25000	incorrect	337
25	125	Port Input	1	2640297	23297	1
25	125	Response	3	2640297	23297	1
25	126	Picture	ITI	2641406	0	1	28157	1	0	next	other	0
25	126	Port Input	1	2641869	462	1
25	126	Response	3	2641869	462	1
25	127	Sound	test	2656338	0	1			0		other	0
25	127	Picture	response	2669563	13225	1	5831	1	13100	25000	incorrect	344
25	127	Port Input	1	2675322	18984	1
25	127	Response	3	2675322	18984	1
25	128	Picture	ITI	2676394	0	1	20493	1	0	next	other	0
25	129	Sound	test	2686725	0	1			0		other	0
25	129	Picture	response	2696887	10162	1	5331	1	10000	25000	incorrect	349
25	129	Port Input	1	2702060	15334	1
25	129	Response	3	2702060	15334	1
25	130	Picture	ITI	2703051	0	1	31322	1	0	next	other	0
25	131	Sound	test	2720303	0	1			0		other	0
25	131	Picture	response	2734374	14071	1	8330	1	14020	25000	incorrect	354
25	131	Port Input	1	2742624	22322	1
25	131	Response	3	2742624	22322	1
25	132	Picture	ITI	2743704	0	1	27990	1	0	next	other	0
25	133	Sound	test	2761665	0	1			0		other	0
25	133	Picture	response	2771694	10029	1	7164	1	10000	25000	incorrect	359
25	133	Port Input	1	2778805	17140	1
25	133	Response	3	2778805	17140	1
25	134	Picture	ITI	2779858	0	1	30656	1	0	next	other	0
25	135	Sound	test	2796359	0	1			0		other	0
25	135	Picture	response	2810514	14155	1	11329	1	14020	25000	incorrect	364
25	135	Port Input	2	2821671	25312	1
25	135	Response	4	2821671	25312	1
25	136	Picture	ITI	2822676	0	1	31989	1	0	next	other	0
25	137	Sound	test	2839577	0	1			0		other	0
25	137	Picture	response	2854665	15088	1	5165	1	15000	25000	incorrect	369
25	137	Port Input	2	2859643	20066	1
25	137	Response	4	2859643	20066	1
25	138	Picture	ITI	2860663	0	1	23825	1	0	next	other	0
25	139	Sound	test	2874334	0	1			0		other	0
25	139	Picture	response	2884488	10154	1	4665	1	10000	25000	incorrect	374
25	139	Port Input	1	2888984	14650	1
25	139	Response	3	2888984	14650	1
25	140	Picture	ITI	2889986	0	1	24991	1	0	next	other	0
25	141	Sound	test	2904907	0	1			0		other	0
25	141	Picture	response	2914977	10070	1	4832	1	10000	25000	incorrect	379
25	141	Port Input	1	2919730	14823	1
25	141	Response	3	2919730	14823	1
25	142	Picture	ITI	2920808	0	1	30156	1	0	next	other	0
25	143	Sound	test	2935880	0	1			0		other	0
25	143	Picture	response	2950964	15085	1	4498	1	15000	25000	incorrect	384
25	143	Port Input	2	2955401	19521	1
25	143	Response	4	2955401	19521	1
25	144	Picture	ITI	2956462	0	1	23159	1	0	next	other	0
25	145	Sound	test	2967344	0	1			0		other	0
25	145	Picture	response	2979621	12277	1	6498	1	12250	25000	incorrect	389
25	145	Port Input	1	2985918	18574	1
25	145	Response	3	2985918	18574	1
25	146	Picture	ITI	2986952	0	1	28490	1	0	next	other	0
25	147	Sound	test	3004703	0	1			0		other	0
25	147	Picture	response	3015442	10739	1	4498	1	10700	25000	incorrect	394
25	147	Port Input	1	3019756	15053	1
25	147	Response	3	3019756	15053	1
25	148	Picture	ITI	3020773	0	1	34488	1	0	next	other	0
25	149	Sound	test	3040155	0	1			0		other	0
25	149	Picture	response	3055261	15107	1	4332	1	15000	25000	incorrect	399
25	149	Port Input	2	3059519	19365	1
25	149	Response	4	3059519	19365	1
25	150	Picture	ITI	3060593	0	1	22159	1	0	next	other	0
25	151	Sound	test	3071864	0	1			0		other	0
25	151	Picture	response	3082752	10888	1	5165	1	10700	25000	incorrect	404
25	151	Port Input	1	3087725	15861	1
25	151	Response	3	3087725	15861	1
25	152	Picture	ITI	3088749	0	1	21659	1	0	next	other	0
25	153	Sound	test	3099591	0	1			0		other	0
25	153	Picture	response	3110409	10818	1	4832	1	10700	25000	incorrect	409
25	153	Port Input	1	3115150	15559	1
25	153	Response	3	3115150	15559	1
25	154	Picture	ITI	3116240	0	1	23492	1	0	next	other	0
25	155	Sound	test	3129651	0	1			0		other	0
25	155	Picture	response	3139732	10080	1	4832	1	10000	25000	incorrect	414
25	155	Port Input	1	3144470	14818	1
25	155	Response	3	3144470	14818	1
25	156	Picture	ITI	3145563	0	1	29823	1	0	next	other	0
25	157	Sound	test	3160254	0	1			0		other	0
25	157	Picture	response	3175386	15132	1	7331	1	15000	25000	incorrect	419
25	157	Port Input	2	3182650	22396	1
25	157	Response	4	3182650	22396	1
25	158	Picture	ITI	3183716	0	1	32489	1	0	next	other	0
25	159	Sound	test	3202957	0	1			0		other	0
25	159	Picture	response	3216205	13247	1	11829	1	13100	25000	incorrect	424
25	159	Port Input	1	3227848	24890	1
25	159	Response	3	3227848	24890	1
25	160	Picture	ITI	3228867	0	1	29656	1	0	next	other	0
25	161	Sound	test	3246928	0	1			0		other	0
25	161	Picture	response	3258523	11595	1	9163	1	11450	25000	incorrect	429
25	161	Port Input	1	3267579	20651	1
25	161	Response	3	3267579	20651	1
25	162	Picture	ITI	3268686	0	1	23325	1	0	next	other	0
25	163	Sound	test	3281918	0	1			0		other	0
25	163	Picture	response	3292011	10094	1	4665	1	10000	25000	incorrect	434
25	163	Port Input	1	3296524	14607	1
25	163	Response	3	3296524	14607	1
25	164	Picture	ITI	3297510	0	1	20993	1	0	next	other	0
25	165	Sound	test	3308361	0	1			0		other	0
25	165	Picture	response	3318502	10141	1	5165	1	10000	25000	incorrect	439
25	165	Port Input	1	3323616	15255	1
25	165	Response	3	3323616	15255	1
25	166	Picture	ITI	3324667	0	1	25824	1	0	next	other	0
25	167	Sound	test	3338118	0	1			0		other	0
25	167	Picture	response	3350491	12373	1	10163	1	12250	25000	incorrect	444
25	167	Port Input	1	3360609	22491	1
25	167	Response	3	3360609	22491	1
25	168	Picture	ITI	3361654	0	1	27490	1	0	next	other	0
25	169	Sound	test	3374095	0	1			0		other	0
25	169	Picture	response	3389144	15049	1	4998	1	15000	25000	incorrect	449
25	169	Port Input	2	3393968	19873	1
25	169	Response	4	3393968	19873	1
25	170	Picture	ITI	3394975	0	1	25658	1	0	next	other	0
25	171	Sound	test	3409077	0	2			0		other	0
25	171	Picture	response	3420633	11556	1	5331	1	11450	25000	incorrect	454
25	171	Port Input	1	3425860	16783	1
25	171	Response	3	3425860	16783	1
25	172	Picture	ITI	3426964	0	1	28990	1	0	next	other	0
25	173	Sound	test	3445895	0	1			0		other	0
25	173	Picture	response	3455954	10059	1	6331	1	10000	25000	incorrect	459
25	173	Port Input	1	3462145	16250	1
25	173	Response	3	3462145	16250	1
25	174	Picture	ITI	3463118	0	1	27657	1	0	next	other	0
25	175	Sound	test	3476659	0	1			0		other	0
25	175	Picture	response	3490775	14116	1	6498	1	14020	25000	incorrect	464
25	175	Port Input	1	3497108	20449	1
25	175	Response	3	3497108	20449	1
25	176	Picture	ITI	3498106	0	1	27990	1	0	next	other	0
25	177	Sound	test	3512898	0	1			0		other	0
25	177	Picture	response	3526096	13198	1	6831	1	13100	25000	incorrect	469
25	177	Port Input	1	3532737	19840	1
25	177	Response	3	3532737	19840	1
25	178	Picture	ITI	3533760	0	1	29989	1	0	next	other	0
25	179	Sound	test	3552191	0	1			0		other	0
25	179	Picture	response	3563749	11558	1	4998	1	11450	25000	incorrect	474
25	179	Port Input	1	3568617	16425	1
25	179	Response	3	3568617	16425	1
25	180	Picture	ITI	3569747	0	1	24325	1	0	next	other	0
25	181	Sound	test	3581649	0	1			0		other	0
25	181	Picture	response	3594072	12424	1	5831	1	12250	25000	incorrect	479
25	181	Port Input	1	3599727	18079	1
25	181	Response	3	3599727	18079	1
25	182	Picture	ITI	3600736	0	1	24991	1	0	next	other	0
25	183	Sound	test	3612508	0	1			0		other	0
25	183	Picture	response	3625728	13220	1	5998	1	13100	25000	incorrect	484
25	183	Port Input	1	3631650	19142	1
25	183	Response	3	3631650	19142	1
25	184	Picture	ITI	3632725	0	1	27657	1	0	next	other	0
25	185	Sound	test	3645257	0	1			0		other	0
25	185	Picture	response	3660382	15126	1	14162	1	15000	25000	incorrect	489
25	185	Port Input	1	3674422	29165	1
25	185	Response	3	3674422	29165	1
25	186	Picture	ITI	3675544	0	1	22659	1	0	next	other	0
25	187	Sound	test	3685775	0	1			0		other	0
25	187	Picture	response	3698202	12427	1	14495	1	12250	25000	incorrect	494
25	187	Port Input	1	3712571	26796	1
25	187	Response	3	3712571	26796	1
25	188	Picture	ITI	3713697	0	1	27657	1	0	next	other	0
25	189	Sound	test	3731328	0	1			0		other	0
25	189	Picture	response	3741354	10026	1	5831	1	10000	25000	incorrect	499
25	189	Port Input	1	3746982	15654	1
25	189	Response	3	3746982	15654	1
25	190	Picture	ITI	3748018	0	1	31156	1	0	next	other	0
25	191	Sound	test	3765929	0	1			0		other	0
25	191	Picture	response	3779174	13245	1	11663	1	13100	25000	incorrect	504
25	191	Port Input	2	3790701	24772	1
25	191	Response	4	3790701	24772	1
25	192	Picture	ITI	3791836	0	1	31156	1	0	next	other	0
25	193	Sound	test	3811427	0	1			0		other	0
25	193	Picture	response	3822992	11564	1	7331	1	11450	25000	incorrect	509
25	193	Port Input	1	3830266	18839	1
25	193	Response	3	3830266	18839	1
25	194	Picture	ITI	3831322	0	1	25658	1	0	next	other	0
25	195	Sound	test	3841873	0	1			0		other	0
25	195	Picture	response	3856980	15106	1	16328	1	15000	25000	incorrect	514
25	195	Port Input	2	3873246	31373	1
25	195	Response	4	3873246	31373	1
25	196	Picture	ITI	3874307	0	1	29156	1	0	next	other	0
25	197	Sound	test	3891938	0	1			0		other	0
25	197	Picture	response	3903464	11525	1	6498	1	11450	25000	incorrect	519
25	197	Port Input	1	3909833	17895	1
25	197	Response	3	3909833	17895	1
25	198	Picture	ITI	3910794	0	1	33155	1	0	next	other	0
25	199	Sound	test	3930766	0	1			0		other	0
25	199	Picture	response	3943949	13184	1	12496	1	13100	25000	incorrect	524
25	199	Port Input	2	3956239	25473	1
25	199	Response	4	3956239	25473	1
25	200	Picture	ITI	3957278	0	1	27324	1	0	next	other	0
25	201	Sound	test	3970479	0	1			0		other	0
25	201	Picture	response	3984602	14122	1	8830	1	14020	25000	incorrect	529
25	201	Port Input	2	3993232	22753	1
25	201	Response	4	3993232	22753	1
25	202	Picture	ITI	3994265	0	1	26991	1	0	next	other	0
25	203	Sound	test	4008836	0	1			0		other	0
25	203	Picture	response	4021256	12419	1	15495	1	12250	25000	incorrect	534
25	203	Port Input	2	4036639	27803	1
25	203	Response	4	4036639	27803	1
25	204	Picture	ITI	4037583	0	1	29490	1	0	next	other	0
25	205	Sound	test	4055505	0	1			0		other	0
25	205	Picture	response	4067073	11568	1	8997	1	11450	25000	incorrect	539
25	205	Port Input	1	4076017	20512	1
25	205	Response	3	4076017	20512	1
25	206	Picture	ITI	4077069	0	1	28657	1	0	next	other	0
25	207	Sound	test	4094871	0	1			0		other	0
25	207	Picture	response	4105726	10855	1	5165	1	10700	25000	incorrect	544
25	207	Port Input	1	4110813	15942	1
25	207	Response	3	4110813	15942	1
25	208	Picture	ITI	4111891	0	1	25658	1	0	next	other	0
25	209	Sound	test	4126792	0	1			0		other	0
25	209	Picture	response	4137548	10756	1	5498	1	10700	25000	incorrect	549
25	209	Port Input	1	4142871	16079	1
25	209	Response	3	4142871	16079	1
25	210	Picture	ITI	4144046	0	1	32322	1	0	next	other	0
25	211	Sound	test	4163187	0	1			0		other	0
25	211	Picture	response	4176368	13181	1	5165	1	13100	25000	incorrect	554
25	211	Port Input	1	4181447	18260	1
25	211	Response	3	4181447	18260	1
25	212	Picture	ITI	4182532	0	1	23825	1	0	next	other	0
25	213	Sound	test	4195494	0	1			0		other	0
25	213	Picture	response	4206357	10864	1	5665	1	10700	25000	incorrect	559
25	213	Port Input	1	4211912	16418	1
25	213	Response	3	4211912	16418	1
25	214	Picture	ITI	4213022	0	1	26491	1	0	next	other	0
25	215	Sound	test	4228673	0	1			0		other	0
25	215	Picture	response	4239512	10839	1	5165	1	10700	25000	incorrect	564
25	215	Port Input	1	4244626	15953	1
25	215	Response	3	4244626	15953	1
25	216	Picture	ITI	4245677	0	1	28323	1	0	next	other	0
25	217	Sound	test	4261698	0	1			0		other	0
25	217	Picture	response	4274000	12302	1	5998	1	12250	25000	incorrect	569
25	217	Port Input	2	4279891	18192	1
25	217	Response	4	4279891	18192	1
25	218	Picture	ITI	4280998	0	1	26491	1	0	next	other	0
25	219	Sound	test	4297369	0	1			0		other	0
25	219	Picture	response	4307489	10119	1	6498	1	10000	25000	incorrect	574
25	219	Port Input	1	4313844	16475	1
25	219	Response	3	4313844	16475	1
25	220	Picture	ITI	4314819	0	1	24658	1	0	next	other	0
25	221	Sound	test	4327041	0	1			0		other	0
25	221	Picture	response	4339477	12437	1	10663	1	12250	25000	incorrect	579
25	221	Port Input	1	4349952	22911	1
25	221	Response	3	4349952	22911	1
25	222	Picture	ITI	4351140	0	1	29656	1	0	next	other	0
25	223	Sound	test	4365611	0	1			0		other	0
25	223	Picture	response	4380796	15185	1	5665	1	15000	25000	incorrect	584
25	223	Port Input	2	4386268	20657	1
25	223	Response	4	4386268	20657	1
25	224	Picture	ITI	4387294	0	1	27990	1	0	next	other	0
25	225	Sound	test	4401155	0	1			0		other	0
25	225	Picture	response	4415284	14129	1	5998	1	14020	25000	incorrect	589
25	225	Port Input	2	4421158	20003	1
25	225	Response	4	4421158	20003	1
25	226	Picture	ITI	4422282	0	1	20326	1	0	next	other	0
25	227	Sound	test	4432513	0	1			0		other	0
25	227	Picture	response	4442608	10095	1	7831	1	10000	25000	incorrect	594
25	227	Port Input	1	4450374	17861	1
25	227	Response	3	4450374	17861	1
25	228	Picture	ITI	4451438	0	1	24158	1	0	next	other	0
25	229	Sound	test	4461499	0	1			0		other	0
25	229	Picture	response	4475596	14097	1	5498	1	14020	25000	incorrect	599
25	229	Port Input	2	4480964	19465	1
25	229	Response	4	4480964	19465	1
25	230	Picture	ITI	4482094	0	1	26491	1	0	next	other	0
25	231	Sound	test	4497086	0	1			0		other	0
25	231	Picture	response	4508585	11499	1	7331	1	11450	25000	incorrect	604
25	231	Port Input	1	4515781	18695	1
25	231	Response	3	4515781	18695	1
25	232	Picture	ITI	4516915	0	1	24325	1	0	next	other	0
25	233	Sound	test	4530496	0	1			0		other	0
25	233	Picture	response	4541240	10744	1	6831	1	10700	25000	incorrect	609
25	233	Port Input	1	4547881	17384	1
25	233	Response	3	4547881	17384	1
25	234	Picture	ITI	4548904	0	1	25991	1	0	next	other	0
25	235	Sound	test	4559755	0	1			0		other	0
25	235	Picture	response	4574895	15140	1	4832	1	15000	25000	incorrect	614
25	235	Port Input	2	4579553	19798	1
25	235	Response	4	4579553	19798	1
25	236	Picture	ITI	4580726	0	1	26157	1	0	next	other	0
25	237	Sound	test	4592687	0	1			0		other	0
25	237	Picture	response	4606883	14196	1	4998	1	14020	25000	incorrect	619
25	237	Port Input	2	4611778	19091	1
25	237	Response	4	4611778	19091	1
25	238	Picture	ITI	4612881	0	1	32655	1	0	next	other	0
25	239	Sound	test	4630423	0	1			0		other	0
25	239	Picture	response	4645537	15114	1	10663	1	15000	25000	incorrect	624
25	239	Port Input	2	4656143	25720	1
25	239	Response	4	4656143	25720	1
25	240	Picture	ITI	4657199	0	1	25658	1	0	next	other	0
25	241	Sound	test	4671301	0	1			0		other	0
25	241	Picture	response	4682857	11556	1	6331	1	11450	25000	incorrect	629
25	241	Port Input	1	4689034	17733	1
25	241	Response	3	4689034	17733	1
25	242	Picture	ITI	4690021	0	1	21992	1	0	next	other	0
25	243	Sound	test	4701973	0	1			0		other	0
25	243	Picture	response	4712013	10040	1	8997	1	10000	25000	incorrect	634
25	243	Port Input	1	4720946	18973	1
25	243	Response	3	4720946	18973	1
25	244	Picture	ITI	4722010	0	1	22659	1	0	next	other	0
25	245	Sound	test	4733101	0	1			0		other	0
25	245	Picture	response	4744668	11567	1	5998	1	11450	25000	incorrect	639
25	245	Port Input	1	4750536	17435	1
25	245	Response	3	4750536	17435	1
25	246	Picture	ITI	4751499	0	1	32155	1	0	next	other	0
25	247	Sound	test	4768601	0	1			0		other	0
25	247	Picture	response	4783655	15054	1	8330	1	15000	25000	incorrect	644
25	247	Port Input	2	4791809	23208	1
25	247	Response	4	4791809	23208	1
25	248	Picture	ITI	4792818	0	1	23159	1	0	next	other	0
25	249	Sound	test	4803670	0	1			0		other	0
25	249	Picture	response	4815977	12307	1	6498	1	12250	25000	incorrect	649
25	249	Port Input	1	4822388	18718	1
25	249	Response	3	4822388	18718	1
25	250	Picture	ITI	4823474	0	1	30156	1	0	next	other	0
25	251	Sound	test	4838485	0	1			0		other	0
25	251	Picture	response	4853630	15145	1	6498	1	15000	25000	incorrect	654
25	251	Port Input	1	4859975	21490	1
25	251	Response	3	4859975	21490	1
25	252	Picture	ITI	4861128	0	1	29823	1	0	next	other	0
25	253	Sound	test	4878609	0	1			0		other	0
25	253	Picture	response	4890950	12342	1	6164	1	12250	25000	incorrect	659
25	253	Port Input	1	4897000	18391	1
25	253	Response	3	4897000	18391	1
25	253A	Port Input	1	4897812	811	1
25	254	Picture	ITI	4898115	0	1	33821	1	0	next	other	0
25	255	Sound	test	4917856	0	1			0		other	0
25	255	Picture	response	4931936	14080	1	5831	1	14020	25000	incorrect	665
25	255	Port Input	1	4937710	19854	1
25	255	Response	3	4937710	19854	1
25	256	Picture	ITI	4938767	0	1	22659	1	0	next	other	0
25	257	Sound	test	4950598	0	1			0		other	0
25	257	Picture	response	4961426	10827	1	5831	1	10700	25000	incorrect	670
25	257	Port Input	1	4967175	16577	1
25	257	Response	3	4967175	16577	1
25	258	Picture	ITI	4968257	0	1	30822	1	0	next	other	0
25	259	Sound	test	4985788	0	1			0		other	0
25	259	Picture	response	4999079	13291	1	5998	1	13100	25000	incorrect	675
25	259	Port Input	1	5004939	19151	1
25	259	Response	3	5004939	19151	1
25	260	Picture	ITI	5006077	0	1	20993	1	0	next	other	0
25	261	Sound	test	5016228	0	1			0		other	0
25	261	Picture	response	5027069	10841	1	4832	1	10700	25000	incorrect	680
25	261	Port Input	1	5031697	15469	1
25	261	Response	3	5031697	15469	1
25	262	Picture	ITI	5032734	0	1	24825	1	0	next	other	0
25	263	Sound	test	5046025	0	1			0		other	0
25	263	Picture	response	5057559	11533	1	5831	1	11450	25000	incorrect	685
25	263	Port Input	1	5063339	17313	1
25	263	Response	3	5063339	17313	1
25	264	Picture	ITI	5064390	0	1	31489	1	0	next	other	0
25	265	Sound	test	5083531	0	1			0		other	0
25	265	Picture	response	5095879	12348	1	14328	1	12250	25000	incorrect	690
25	265	Port Input	1	5110140	26609	1
25	265	Response	3	5110140	26609	1
25	266	Picture	ITI	5111207	0	1	23159	1	0	next	other	0
25	267	Sound	test	5124268	0	1			0		other	0
25	267	Picture	response	5134365	10097	1	6331	1	10000	25000	incorrect	695
25	267	Port Input	1	5140615	16347	1
25	267	Response	3	5140615	16347	1
25	268	Picture	ITI	5141696	0	1	29323	1	0	next	other	0
25	269	Sound	test	5160957	0	1			0		other	0
25	269	Picture	response	5171019	10062	1	6331	1	10000	25000	incorrect	700
25	269	Port Input	1	5177234	16277	1
25	269	Response	3	5177234	16277	1
25	270	Picture	ITI	5178183	0	1	25491	1	0	next	other	0
25	271	Sound	test	5190484	0	1			0		other	0
25	271	Picture	response	5203674	13190	1	13495	1	13100	25000	incorrect	705
25	271	Port Input	1	5217028	26543	1
25	271	Response	3	5217028	26543	1
25	272	Picture	ITI	5218002	0	1	30989	1	0	next	other	0
25	273	Sound	test	5233834	0	1			0		other	0
25	273	Picture	response	5248992	15158	1	5165	1	15000	25000	incorrect	710
25	273	Port Input	2	5253958	20125	1
25	273	Response	4	5253958	20125	1
25	274	Picture	ITI	5254989	0	1	28157	1	0	next	other	0
25	275	Sound	test	5272311	0	1			0		other	0
25	275	Picture	response	5283146	10836	1	6331	1	10700	25000	incorrect	715
25	275	Port Input	1	5289390	17079	1
25	275	Response	3	5289390	17079	1
25	276	Picture	ITI	5290477	0	1	26324	1	0	next	other	0
25	277	Sound	test	5303598	0	1			0		other	0
25	277	Picture	response	5316801	13203	1	12162	1	13100	25000	incorrect	720
25	277	Port Input	1	5328757	25159	1
25	277	Response	3	5328757	25159	1
25	278	Picture	ITI	5329797	0	1	27824	1	0	next	other	0
25	279	Sound	test	5346758	0	1			0		other	0
25	279	Picture	response	5357620	10862	1	6331	1	10700	25000	incorrect	725
25	279	Port Input	1	5363834	17076	1
25	279	Response	3	5363834	17076	1
25	280	Picture	ITI	5364951	0	1	32322	1	0	next	other	0
25	281	Sound	test	5384942	0	1			0		other	0
25	281	Picture	response	5397273	12331	1	5498	1	12250	25000	incorrect	730
25	281	Port Input	1	5402681	17739	1
25	281	Response	3	5402681	17739	1
25	282	Picture	ITI	5403771	0	1	30656	1	0	next	other	0
25	283	Sound	test	5422922	0	1			0		other	0
25	283	Picture	response	5434426	11505	1	6331	1	11450	25000	incorrect	735
25	283	Port Input	1	5440611	17689	1
25	283	Response	3	5440611	17689	1
25	284	Picture	ITI	5441591	0	1	22326	1	0	next	other	0
25	285	Sound	test	5453092	0	1			0		other	0
25	285	Picture	response	5463916	10824	1	5498	1	10700	25000	incorrect	740
25	285	Port Input	1	5469223	16131	1
25	285	Response	3	5469223	16131	1
25	286	Picture	ITI	5470247	0	1	20826	1	0	next	other	0
25	287	Sound	test	5480938	0	1			0		other	0
25	287	Picture	response	5491073	10135	1	5831	1	10000	25000	incorrect	745
25	287	Port Input	1	5496762	15823	1
25	287	Response	3	5496762	15823	1
25	288	Picture	ITI	5497904	0	1	32322	1	0	next	other	0
25	289	Sound	test	5517856	0	1			0		other	0
25	289	Picture	response	5530226	12371	1	5998	1	12250	25000	incorrect	750
25	289	Port Input	1	5536087	18232	1
25	289	Response	3	5536087	18232	1
25	290	Picture	ITI	5537057	0	1	29823	1	0	next	other	0
25	291	Sound	test	5554548	0	1			0		other	0
25	291	Picture	response	5566880	12332	1	6331	1	12250	25000	incorrect	755
25	291	Port Input	1	5573133	18584	1
25	291	Response	3	5573133	18584	1
25	292	Picture	ITI	5574211	0	1	25325	1	0	next	other	0
25	293	Sound	test	5585462	0	1			0		other	0
25	293	Picture	response	5599535	14073	1	5831	1	14020	25000	incorrect	760
25	293	Port Input	1	5605201	19739	1
25	293	Response	3	5605201	19739	1
25	294	Picture	ITI	5606200	0	1	32489	1	0	next	other	0
25	295	Sound	test	5624641	0	1			0		other	0
25	295	Picture	response	5638688	14047	1	6331	1	14020	25000	incorrect	765
25	295	Port Input	1	5644953	20312	1
25	295	Response	3	5644953	20312	1
25	296	Picture	ITI	5646019	0	1	24991	1	0	next	other	0
25	297	Sound	test	5659530	0	1			0		other	0
25	297	Picture	response	5671010	11480	1	5498	1	11450	25000	incorrect	770
25	297	Port Input	1	5676428	16898	1
25	297	Response	3	5676428	16898	1
25	298	Picture	ITI	5677508	0	1	28823	1	0	next	other	0
25	299	Sound	test	5691239	0	1			0		other	0
25	299	Picture	response	5706331	15092	1	5331	1	15000	25000	incorrect	775
25	299	Port Input	1	5711620	20381	1
25	299	Response	3	5711620	20381	1
25	300	Picture	ITI	5712662	0	1	29490	1	0	next	other	0
25	301	Sound	test	5727973	0	1			0		other	0
25	301	Picture	response	5742152	14178	1	5331	1	14020	25000	incorrect	780
25	301	Port Input	1	5747333	19359	1
25	301	Response	3	5747333	19359	1
25	302	Picture	ITI	5748483	0	1	30989	1	0	next	other	0
25	303	Sound	test	5766225	0	1			0		other	0
25	303	Picture	response	5779472	13247	1	6164	1	13100	25000	incorrect	785
25	303	Port Input	1	5785502	19278	1
25	303	Response	3	5785502	19278	1
25	304	Picture	ITI	5786470	0	1	28323	1	0	next	other	0
25	305	Sound	test	5799701	0	1			0		other	0
25	305	Picture	response	5814793	15092	1	11829	1	15000	25000	incorrect	790
25	305	Port Input	1	5826535	26834	1
25	305	Response	3	5826535	26834	1
25	306	Picture	ITI	5827622	0	1	24491	1	0	next	other	0
25	307	Sound	test	5838973	0	1			0		other	0
25	307	Picture	response	5852113	13140	1	9997	1	13100	25000	incorrect	795
25	307	Port Input	1	5861967	22994	1
25	307	Response	3	5861967	22994	1
25	308	Picture	ITI	5863109	0	1	33155	1	0	next	other	0
25	309	Sound	test	5881181	0	1			0		other	0
25	309	Picture	response	5896264	15084	1	6498	1	15000	25000	incorrect	800
25	309	Port Input	2	5902625	21444	1
25	309	Response	4	5902625	21444	1
25	310	Picture	ITI	5903762	0	1	34321	1	0	next	other	0
25	311	Sound	test	5922993	0	1			0		other	0
25	311	Picture	response	5938083	15090	1	6331	1	15000	25000	incorrect	805
25	311	Port Input	1	5944283	21290	1
25	311	Response	3	5944283	21290	1
25	312	Picture	ITI	5945247	0	1	34655	1	0	next	other	0
25	313	Sound	test	5964859	0	1			0		other	0
25	313	Picture	response	5979902	15043	1	7497	1	15000	25000	incorrect	810
25	313	Port Input	1	5987242	22383	1
25	313	Response	3	5987242	22383	1
25	314	Picture	ITI	5988399	0	1	23325	1	0	next	other	0
25	315	Sound	test	6000220	0	1			0		other	0
25	315	Picture	response	6011724	11504	1	4998	1	11450	25000	incorrect	815
25	315	Port Input	1	6016561	16341	1
25	315	Response	3	6016561	16341	1
25	316	Picture	ITI	6017555	0	1	30489	1	0	next	other	0
25	317	Sound	test	6032956	0	1			0		other	0
25	317	Picture	response	6048045	15088	1	3832	1	15000	25000	incorrect	820
25	317	Port Input	1	6051722	18766	1
25	317	Response	3	6051722	18766	1
25	318	Picture	ITI	6052876	0	1	25991	1	0	next	other	0
25	319	Sound	test	6067267	0	1			0		other	0
25	319	Picture	response	6078867	11600	1	5498	1	11450	25000	incorrect	825
25	319	Port Input	1	6084238	16971	1
25	319	Response	3	6084238	16971	1
25	441	Picture	resume	7294940	0	1	30323	1	0	next	other	0
25	441	Port Input	1	7323629	28689	1
25	441	Response	3	7323629	28689	1
25	441A	Port Input	2	7324462	832	1
25	442	Picture	ITI	7325263	0	1	10163	1	0	next	other	0
25	443	Picture	ITI	7335426	0	1	28157	1	0	next	other	0
25	444	Sound	test	7352067	0	1			0		other	0
25	444	Picture	response	7363583	11516	1	5165	1	11450	25000	incorrect	835
25	444	Port Input	1	7368577	16510	1
25	444	Response	3	7368577	16510	1
25	445	Picture	ITI	7369581	0	1	28823	1	0	next	other	0
25	446	Sound	test	7388222	0	1			0		other	0
25	446	Picture	response	7398404	10182	1	4832	1	10000	25000	incorrect	840
25	446	Port Input	1	7403113	14891	1
25	446	Response	3	7403113	14891	1
25	447	Picture	ITI	7404235	0	1	27824	1	0	next	other	0
25	448	Sound	test	7421217	0	1			0		other	0
25	448	Picture	response	7432059	10842	1	4332	1	10700	25000	incorrect	845
25	448	Port Input	1	7436285	15069	1
25	448	Response	3	7436285	15069	1
25	449	Picture	ITI	7437390	0	1	26824	1	0	next	other	0
25	450	Sound	test	7452692	0	1			0		other	0
25	450	Picture	response	7464214	11523	1	4998	1	11450	25000	incorrect	850
25	450	Port Input	1	7469020	16328	1
25	450	Response	3	7469020	16328	1
25	451	Picture	ITI	7470046	0	1	27324	1	0	next	other	0
25	452	Sound	test	7486607	0	1			0		other	0
25	452	Picture	response	7497369	10763	1	4998	1	10700	25000	incorrect	855
25	452	Port Input	1	7502296	15689	1
25	452	Response	3	7502296	15689	1
25	453	Picture	ITI	7503367	0	1	29989	1	0	next	other	0
25	454	Sound	test	7521859	0	1			0		other	0
25	454	Picture	response	7533357	11498	1	5831	1	11450	25000	incorrect	860
25	454	Port Input	1	7539008	17150	1
25	454	Response	3	7539008	17150	1
25	455	Picture	ITI	7540021	0	1	22492	1	0	next	other	0
25	456	Sound	test	7552362	0	1			0		other	0
25	456	Picture	response	7562513	10151	1	5498	1	10000	25000	incorrect	865
25	456	Port Input	1	7567870	15507	1
25	456	Response	3	7567870	15507	1
25	457	Picture	ITI	7568844	0	1	27324	1	0	next	other	0
25	458	Sound	test	7582036	0	1			0		other	0
25	458	Picture	response	7596168	14133	1	7497	1	14020	25000	incorrect	870
25	458	Port Input	2	7603509	21474	1
25	458	Response	4	7603509	21474	1
25	459	Picture	ITI	7604665	0	1	24825	1	0	next	other	0
25	460	Sound	test	7616226	0	1			0		other	0
25	460	Picture	response	7629490	13263	1	12329	1	13100	25000	incorrect	875
25	460	Port Input	1	7641710	25484	1
25	460	Response	3	7641710	25484	1
25	461	Picture	ITI	7642818	0	1	26324	1	0	next	other	0
25	462	Sound	test	7656010	0	1			0		other	0
25	462	Picture	response	7669142	13133	1	7497	1	13100	25000	incorrect	880
25	462	Port Input	2	7676444	20434	1
25	462	Response	4	7676444	20434	1
25	463	Picture	ITI	7677473	0	1	29823	1	0	next	other	0
25	464	Sound	test	7695814	0	1			0		other	0
25	464	Picture	response	7707296	11482	1	9497	1	11450	25000	incorrect	885
25	464	Port Input	1	7716634	20820	1
25	464	Response	3	7716634	20820	1
25	465	Picture	ITI	7717625	0	1	26657	1	0	next	other	0
25	466	Sound	test	7730227	0	1			0		other	0
25	466	Picture	response	7744283	14056	1	8330	1	14020	25000	incorrect	890
25	466	Port Input	2	7752440	22213	1
25	466	Response	4	7752440	22213	1
25	467	Picture	ITI	7753446	0	1	29823	1	0	next	other	0
25	468	Sound	test	7769997	0	1			0		other	0
25	468	Picture	response	7783269	13272	1	10996	1	13100	25000	incorrect	895
25	468	Port Input	1	7794118	24121	1
25	468	Response	3	7794118	24121	1
25	469	Picture	ITI	7795098	0	1	27490	1	0	next	other	0
25	470	Sound	test	7809350	0	1			0		other	0
25	470	Picture	response	7822589	13239	1	5498	1	13100	25000	incorrect	900
25	470	Port Input	2	7828019	18670	1
25	470	Response	4	7828019	18670	1
25	471	Picture	ITI	7829086	0	1	25658	1	0	next	other	0
25	472	Sound	test	7840578	0	1			0		other	0
25	472	Picture	response	7854744	14166	1	7831	1	14020	25000	incorrect	905
25	472	Port Input	2	7862441	21863	1
25	472	Response	4	7862441	21863	1
25	473	Picture	ITI	7863408	0	1	28990	1	0	next	other	0
25	474	Sound	test	7882339	0	1			0		other	0
25	474	Picture	response	7892397	10058	1	5665	1	10000	25000	incorrect	910
25	474	Port Input	1	7897966	15627	1
25	474	Response	3	7897966	15627	1
25	475	Picture	ITI	7898895	0	1	32322	1	0	next	other	0
25	476	Sound	test	7916186	0	1			0		other	0
25	476	Picture	response	7931217	15031	1	5165	1	15000	25000	incorrect	915
25	476	Port Input	2	7936188	20001	1
25	476	Response	4	7936188	20001	1
25	477	Picture	ITI	7937215	0	1	27990	1	0	next	other	0
25	478	Sound	test	7952016	0	1			0		other	0
25	478	Picture	response	7965205	13189	1	9997	1	13100	25000	incorrect	920
25	478	Port Input	2	7975128	23112	1
25	478	Response	4	7975128	23112	1
25	479	Picture	ITI	7976201	0	1	20993	1	0	next	other	0
25	480	Sound	test	7987043	0	1			0		other	0
25	480	Picture	response	7997194	10151	1	5165	1	10000	25000	incorrect	925
25	480	Port Input	1	8002282	15239	1
25	480	Response	3	8002282	15239	1
25	481	Picture	ITI	8003359	0	1	28657	1	0	next	other	0
25	482	Sound	test	8016840	0	1			0		other	0
25	482	Picture	response	8032015	15175	1	4332	1	15000	25000	incorrect	930
25	482	Port Input	2	8036203	19364	1
25	482	Response	4	8036203	19364	1
25	483	Picture	ITI	8037347	0	1	22325	1	0	next	other	0
25	484	Sound	test	8049608	0	1			0		other	0
25	484	Picture	response	8059672	10064	1	5165	1	10000	25000	incorrect	935
25	484	Port Input	1	8064638	15030	1
25	484	Response	3	8064638	15030	1
25	485	Picture	ITI	8065670	0	1	27657	1	0	next	other	0
25	486	Sound	test	8082491	0	1			0		other	0
25	486	Picture	response	8093327	10836	1	5165	1	10700	25000	incorrect	940
25	486	Port Input	1	8098414	15923	1
25	486	Response	3	8098414	15923	1
25	487	Picture	ITI	8099491	0	1	22825	1	0	next	other	0
25	488	Sound	test	8112183	0	1			0		other	0
25	488	Picture	response	8122317	10134	1	5498	1	10000	25000	incorrect	945
25	488	Port Input	1	8127619	15436	1
25	488	Response	3	8127619	15436	1
25	489	Picture	ITI	8128648	0	1	26657	1	0	next	other	0
25	490	Sound	test	8140269	0	1			0		other	0
25	490	Picture	response	8155305	15036	1	4832	1	15000	25000	incorrect	950
25	490	Port Input	2	8159989	19720	1
25	490	Response	4	8159989	19720	1
25	491	Picture	ITI	8161137	0	1	23992	1	0	next	other	0
25	492	Sound	test	8174948	0	1			0		other	0
25	492	Picture	response	8185128	10180	1	6998	1	10000	25000	incorrect	955
25	492	Port Input	1	8191995	17048	1
25	492	Response	3	8191995	17048	1
25	493	Picture	ITI	8193125	0	1	30989	1	0	next	other	0
25	494	Sound	test	8212617	0	1			0		other	0
25	494	Picture	response	8224114	11498	1	4832	1	11450	25000	incorrect	960
25	494	Port Input	1	8228832	16216	1
25	494	Response	3	8228832	16216	1
25	495	Picture	ITI	8229946	0	1	30823	1	0	next	other	0
25	496	Sound	test	8245657	0	1			0		other	0
25	496	Picture	response	8260768	15111	1	4998	1	15000	25000	incorrect	965
25	496	Port Input	2	8265721	20064	1
25	496	Response	4	8265721	20064	1
25	497	Picture	ITI	8266766	0	1	24825	1	0	next	other	0
25	498	Sound	test	8281477	0	1			0		other	0
25	498	Picture	response	8291591	10113	1	5998	1	10000	25000	incorrect	970
25	498	Port Input	1	8297519	16042	1
25	498	Response	3	8297519	16042	1
25	499	Picture	ITI	8298588	0	1	22825	1	0	next	other	0
25	500	Sound	test	8309070	0	1			0		other	0
25	500	Picture	response	8321414	12344	1	6498	1	12250	25000	incorrect	975
25	500	Port Input	1	8327734	18665	1
25	500	Response	3	8327734	18665	1
25	501	Picture	ITI	8328744	0	1	28323	1	0	next	other	0
25	502	Sound	test	8346946	0	1			0		other	0
25	502	Picture	response	8357068	10122	1	4165	1	10000	25000	incorrect	980
25	502	Port Input	1	8361041	14096	1
25	502	Response	3	8361041	14096	1
25	503	Picture	ITI	8362066	0	1	30823	1	0	next	other	0
25	504	Sound	test	8377827	0	1			0		other	0
25	504	Picture	response	8392889	15061	1	11163	1	15000	25000	incorrect	985
25	504	Port Input	2	8403990	26163	1
25	504	Response	4	8403990	26163	1
25	505	Picture	ITI	8405051	0	1	23992	1	0	next	other	0
25	506	Sound	test	8415752	0	1			0		other	0
25	506	Picture	response	8429043	13290	1	16494	1	13100	25000	incorrect	990
25	506	Port Input	2	8445429	29677	1
25	506	Response	4	8445429	29677	1
25	507	Picture	ITI	8446536	0	1	26158	1	0	next	other	0
25	508	Sound	test	8460398	0	1			0		other	0
25	508	Picture	response	8472694	12296	1	11329	1	12250	25000	incorrect	995
25	508	Port Input	1	8483859	23462	1
25	508	Response	3	8483859	23462	1
25	509	Picture	ITI	8485023	0	1	26158	1	0	next	other	0
25	510	Sound	test	8496084	0	1			0		other	0
25	510	Picture	response	8511180	15096	1	6664	1	15000	25000	incorrect	1000
25	510	Port Input	2	8517739	21655	1
25	510	Response	4	8517739	21655	1
25	511	Picture	ITI	8518844	0	1	29823	1	0	next	other	0
25	512	Sound	test	8536376	0	1			0		other	0
25	512	Picture	response	8548667	12292	1	10496	1	12250	25000	incorrect	1005
25	512	Port Input	1	8558980	22605	1
25	512	Response	3	8558980	22605	1
25	513	Picture	ITI	8559997	0	1	28323	1	0	next	other	0
25	514	Sound	test	8575078	0	1			0		other	0
25	514	Picture	response	8588320	13242	1	6664	1	13100	25000	incorrect	1010
25	514	Port Input	1	8594922	19844	1
25	514	Response	3	8594922	19844	1
25	515	Picture	ITI	8595984	0	1	26991	1	0	next	other	0
25	516	Sound	test	8607795	0	1			0		other	0
25	516	Picture	response	8622975	15179	1	12162	1	15000	25000	incorrect	1015
25	516	Port Input	1	8635080	27285	1
25	516	Response	3	8635080	27285	1
25	517	Picture	ITI	8636137	0	1	29490	1	0	next	other	0
25	518	Sound	test	8650458	0	1			0		other	0
25	518	Picture	response	8665626	15168	1	12162	1	15000	25000	incorrect	1020
25	518	Port Input	1	8677581	27123	1
25	518	Response	3	8677581	27123	1
25	519	Picture	ITI	8678622	0	1	26824	1	0	next	other	0
25	520	Sound	test	8695383	0	1			0		other	0
25	520	Picture	response	8705446	10063	1	8330	1	10000	25000	incorrect	1025
25	520	Port Input	1	8713721	18338	1
25	520	Response	3	8713721	18338	1
25	521	Picture	ITI	8714776	0	1	26324	1	0	next	other	0
25	522	Sound	test	8728707	0	1			0		other	0
25	522	Picture	response	8741100	12393	1	8664	1	12250	25000	incorrect	1030
25	522	Port Input	1	8749662	20955	1
25	522	Response	3	8749662	20955	1
25	523	Picture	ITI	8750763	0	1	25491	1	0	next	other	0
25	524	Sound	test	8765454	0	1			0		other	0
25	524	Picture	response	8776254	10800	1	6498	1	10700	25000	incorrect	1035
25	524	Port Input	1	8782626	17171	1
25	524	Response	3	8782626	17171	1
25	525	Picture	ITI	8783585	0	1	28823	1	0	next	other	0
25	526	Sound	test	8798226	0	1			0		other	0
25	526	Picture	response	8812408	14182	1	4832	1	14020	25000	incorrect	1040
25	526	Port Input	2	8817183	18956	1
25	526	Response	4	8817183	18956	1
25	527	Picture	ITI	8818239	0	1	28823	1	0	next	other	0
25	528	Sound	test	8832951	0	1			0		other	0
25	528	Picture	response	8847063	14112	1	3999	1	14020	25000	incorrect	1045
25	528	Port Input	2	8850865	17914	1
25	528	Response	4	8850865	17914	1
25	529	Picture	ITI	8851894	0	1	27157	1	0	next	other	0
25	530	Sound	test	8866776	0	2			0		other	0
25	530	Picture	response	8879051	12276	1	7164	1	12250	25000	incorrect	1050
25	530	Port Input	1	8886098	19323	1
25	530	Response	3	8886098	19323	1
25	531	Picture	ITI	8887215	0	1	25158	1	0	next	other	0
25	532	Sound	test	8902346	0	1			0		other	0
25	532	Picture	response	8912373	10027	1	5831	1	10000	25000	incorrect	1055
25	532	Port Input	1	8918104	15758	1
25	532	Response	3	8918104	15758	1
25	533	Picture	ITI	8919204	0	1	25491	1	0	next	other	0
25	534	Sound	test	8932375	0	1			0		other	0
25	534	Picture	response	8944695	12320	1	7831	1	12250	25000	incorrect	1060
25	534	Port Input	1	8952422	20046	1
25	534	Response	3	8952422	20046	1
25	535	Picture	ITI	8953525	0	1	31489	1	0	next	other	0
25	536	Sound	test	8973477	0	1			0		other	0
25	536	Picture	response	8985014	11538	1	6498	1	11450	25000	incorrect	1065
25	536	Port Input	1	8991372	17896	1
25	536	Response	3	8991372	17896	1
25	537	Picture	ITI	8992511	0	1	30489	1	0	next	other	0
25	538	Sound	test	9007883	0	1			0		other	0
25	538	Picture	response	9023001	15118	1	4998	1	15000	25000	incorrect	1070
25	538	Port Input	2	9027793	19910	1
25	538	Response	4	9027793	19910	1
25	539	Picture	ITI	9028832	0	1	33821	1	0	next	other	0
25	540	Sound	test	9048583	0	1			0		other	0
25	540	Picture	response	9062654	14070	1	11663	1	14020	25000	incorrect	1075
25	540	Port Input	2	9074115	25531	1
25	540	Response	4	9074115	25531	1
25	541	Picture	ITI	9075149	0	1	27657	1	0	next	other	0
25	542	Sound	test	9092760	0	1			0		other	0
25	542	Picture	response	9102806	10046	1	7331	1	10000	25000	incorrect	1080
25	542	Port Input	1	9110046	17285	1
25	542	Response	3	9110046	17285	1
25	543	Picture	ITI	9111137	0	1	28657	1	0	next	other	0
25	544	Sound	test	9128968	0	1			0		other	0
25	544	Picture	response	9139793	10825	1	4998	1	10700	25000	incorrect	1085
25	544	Port Input	1	9144686	15718	1
25	544	Response	3	9144686	15718	1
25	545	Picture	ITI	9145791	0	1	33821	1	0	next	other	0
25	546	Sound	test	9164462	0	1			0		other	0
25	546	Picture	response	9179613	15150	1	4165	1	15000	25000	incorrect	1090
25	546	Port Input	2	9183668	19205	1
25	546	Response	4	9183668	19205	1
25	547	Picture	ITI	9184777	0	1	26157	1	0	next	other	0
25	548	Sound	test	9197669	0	1			0		other	0
25	548	Picture	response	9210935	13266	1	12329	1	13100	25000	incorrect	1095
25	548	Port Input	2	9223212	25543	1
25	548	Response	4	9223212	25543	1
25	549	Picture	ITI	9224264	0	1	31156	1	0	next	other	0
25	550	Sound	test	9242255	0	1			0		other	0
25	550	Picture	response	9255419	13164	1	13162	1	13100	25000	incorrect	1100
25	550	Port Input	1	9268378	26123	1
25	550	Response	3	9268378	26123	1
25	551	Picture	ITI	9269414	0	1	26991	1	0	next	other	0
25	552	Sound	test	9285566	0	1			0		other	0
25	552	Picture	response	9296405	10839	1	9330	1	10700	25000	incorrect	1105
25	552	Port Input	1	9305621	20055	1
25	552	Response	3	9305621	20055	1
25	553	Picture	ITI	9306568	0	1	21159	1	0	next	other	0
25	554	Sound	test	9316849	0	1			0		other	0
25	554	Picture	response	9327727	10878	1	5665	1	10700	25000	incorrect	1110
25	554	Port Input	1	9333337	16488	1
25	554	Response	3	9333337	16488	1
25	555	Picture	ITI	9334392	0	1	32322	1	0	next	other	0
25	556	Sound	test	9351673	0	1			0		other	0
25	556	Picture	response	9366714	15040	1	4498	1	15000	25000	incorrect	1115
25	556	Port Input	2	9371038	19365	1
25	556	Response	4	9371038	19365	1
25	557	Picture	ITI	9372212	0	1	26824	1	0	next	other	0
25	558	Sound	test	9387473	0	1			0		other	0
25	558	Picture	response	9399036	11562	1	7331	1	11450	25000	incorrect	1120
25	558	Port Input	1	9406178	18705	1
25	558	Response	3	9406178	18705	1
25	559	Picture	ITI	9407199	0	1	20993	1	0	next	other	0
25	560	Sound	test	9418111	0	1			0		other	0
25	560	Picture	response	9428192	10081	1	5665	1	10000	25000	incorrect	1125
25	560	Port Input	1	9433749	15638	1
25	560	Response	3	9433749	15638	1
25	561	Picture	ITI	9434856	0	1	26824	1	0	next	other	0
25	562	Sound	test	9451568	0	1			0		other	0
25	562	Picture	response	9461680	10113	1	4665	1	10000	25000	incorrect	1130
25	562	Port Input	1	9466140	14572	1
25	562	Response	3	9466140	14572	1
25	563	Picture	ITI	9467178	0	1	23825	1	0	next	other	0
25	564	Sound	test	9478570	0	1			0		other	0
25	564	Picture	response	9491003	12433	1	3665	1	12250	25000	incorrect	1135
25	564	Port Input	1	9494554	15984	1
25	564	Response	3	9494554	15984	1
25	565	Picture	ITI	9495668	0	1	28823	1	0	next	other	0
25	566	Sound	test	9509420	0	1			0		other	0
25	566	Picture	response	9524492	15072	1	3832	1	15000	25000	incorrect	1140
25	566	Port Input	2	9528194	18775	1
25	566	Response	4	9528194	18775	1
25	567	Picture	ITI	9529323	0	1	24325	1	0	next	other	0
25	568	Sound	test	9543594	0	1			0		other	0
25	568	Picture	response	9553648	10054	1	4498	1	10000	25000	incorrect	1145
25	568	Port Input	1	9558076	14482	1
25	568	Response	3	9558076	14482	1
25	569	Picture	ITI	9559146	0	1	23159	1	0	next	other	0
25	570	Sound	test	9569897	0	1			0		other	0
25	570	Picture	response	9582305	12407	1	7164	1	12250	25000	incorrect	1150
25	570	Port Input	1	9589405	19508	1
25	570	Response	3	9589405	19508	1
25	571	Picture	ITI	9590468	0	1	31822	1	0	next	other	0
25	572	Sound	test	9609970	0	1			0		other	0
25	572	Picture	response	9622291	12321	1	6498	1	12250	25000	incorrect	1155
25	572	Port Input	1	9628668	18698	1
25	572	Response	3	9628668	18698	1
25	573	Picture	ITI	9629788	0	1	31822	1	0	next	other	0
25	573	Port Input	1	9629886	98	1
25	573	Response	3	9629886	98	1
25	574	Sound	test	9646479	0	1			0		other	0
25	574	Picture	response	9661610	15131	1	3332	1	15000	25000	incorrect	1162
25	574	Port Input	2	9664870	18391	1
25	574	Response	4	9664870	18391	1
25	575	Picture	ITI	9665942	0	1	28490	1	0	next	other	0
25	576	Sound	test	9683593	0	1			0		other	0
25	576	Picture	response	9694432	10839	1	8330	1	10700	25000	incorrect	1167
25	576	Port Input	1	9702633	19040	1
25	576	Response	3	9702633	19040	1
25	577	Picture	ITI	9703595	0	1	29990	1	0	next	other	0
25	578	Sound	test	9719497	0	1			0		other	0
25	578	Picture	response	9733585	14088	1	6164	1	14020	25000	incorrect	1172
25	578	Port Input	1	9739699	20203	1
25	578	Response	3	9739699	20203	1
25	579	Picture	ITI	9740749	0	1	27157	1	0	next	other	0
25	580	Sound	test	9757130	0	1			0		other	0
25	580	Picture	response	9767906	10776	1	4998	1	10700	25000	incorrect	1177
25	580	Port Input	1	9772715	15585	1
25	580	Response	3	9772715	15585	1
25	581	Picture	ITI	9773737	0	1	29656	1	0	next	other	0
25	582	Sound	test	9791089	0	1			0		other	0
25	582	Picture	response	9803394	12305	1	5665	1	12250	25000	incorrect	1182
25	582	Port Input	1	9808917	17828	1
25	582	Response	3	9808917	17828	1
25	583	Picture	ITI	9809891	0	1	27990	1	0	next	other	0
25	584	Sound	test	9827783	0	1			0		other	0
25	584	Picture	response	9837882	10099	1	5332	1	10000	25000	incorrect	1187
25	584	Port Input	1	9843078	15295	1
25	584	Response	3	9843078	15295	1
25	585	Picture	ITI	9844213	0	1	27824	1	0	next	other	0
25	586	Sound	test	9857884	0	1			0		other	0
25	586	Picture	response	9872036	14152	1	5665	1	14020	25000	incorrect	1192
25	586	Port Input	2	9877656	19772	1
25	586	Response	4	9877656	19772	1
25	587	Picture	ITI	9878701	0	1	27490	1	0	next	other	0
25	588	Sound	test	9892952	0	1			0		other	0
25	588	Picture	response	9906191	13239	1	3665	1	13100	25000	incorrect	1197
25	588	Port Input	2	9909724	16772	1
25	588	Response	4	9909724	16772	1
25	589	Picture	ITI	9910689	0	1	24158	1	0	next	other	0
25	590	Sound	test	9920761	0	1			0		other	0
25	590	Picture	response	9934848	14086	1	7331	1	14020	25000	incorrect	1202
25	590	Port Input	2	9942084	21323	1
25	590	Response	4	9942084	21323	1
25	591	Picture	ITI	9943178	0	1	26657	1	0	next	other	0
25	592	Sound	test	9956599	0	1			0		other	0
25	592	Picture	response	9969835	13236	1	10330	1	13100	25000	incorrect	1207
25	592	Port Input	1	9980087	23488	1
25	592	Response	3	9980087	23488	1
25	593	Picture	ITI	9981165	0	1	23658	1	0	next	other	0
25	594	Sound	test	9994057	0	1			0		other	0
25	594	Picture	response	10004823	10767	1	7331	1	10700	25000	incorrect	1212
25	594	Port Input	1	10011989	17932	1
25	594	Response	3	10011989	17932	1
25	595	Picture	ITI	10012987	0	1	22492	1	0	next	other	0
25	596	Sound	test	10024698	0	1			0		other	0
25	596	Picture	response	10035479	10781	1	6164	1	10700	25000	incorrect	1217
25	596	Port Input	1	10041496	16798	1
25	596	Response	3	10041496	16798	1
25	597	Picture	ITI	10042476	0	1	24158	1	0	next	other	0
25	598	Sound	test	10056498	0	1			0		other	0
25	598	Picture	response	10066635	10137	1	5165	1	10000	25000	incorrect	1222
25	598	Port Input	1	10071669	15171	1
25	598	Response	3	10071669	15171	1
25	599	Picture	ITI	10072799	0	1	32822	1	0	next	other	0
25	600	Sound	test	10090530	0	1			0		other	0
25	600	Picture	response	10105621	15091	1	7831	1	15000	25000	incorrect	1227
25	600	Port Input	1	10113306	22775	1
25	600	Response	3	10113306	22775	1
25	601	Picture	ITI	10114285	0	1	29490	1	0	next	other	0
25	602	Sound	test	10130576	0	1			0		other	0
25	602	Picture	response	10143774	13198	1	5831	1	13100	25000	incorrect	1232
25	602	Port Input	1	10149549	18973	1
25	602	Response	3	10149549	18973	1
25	603	Picture	ITI	10150605	0	1	31322	1	0	next	other	0
25	604	Sound	test	10169606	0	1			0		other	0
25	604	Picture	response	10181927	12321	1	5498	1	12250	25000	incorrect	1237
25	604	Port Input	1	10187282	17675	1
25	604	Response	3	10187282	17675	1
25	605	Picture	ITI	10188259	0	1	29656	1	0	next	other	0
25	606	Sound	test	10202760	0	1			0		other	0
25	606	Picture	response	10217915	15155	1	13829	1	15000	25000	incorrect	1242
25	606	Port Input	1	10231542	28782	1
25	606	Response	3	10231542	28782	1
25	607	Picture	ITI	10232576	0	1	29323	1	0	next	other	0
25	608	Sound	test	10250298	0	1			0		other	0
25	608	Picture	response	10261899	11602	1	5665	1	11450	25000	incorrect	1247
25	608	Port Input	1	10267369	17072	1
25	608	Response	3	10267369	17072	1
25	609	Picture	ITI	10268397	0	1	29656	1	0	next	other	0
25	610	Sound	test	10282938	0	1			0		other	0
25	610	Picture	response	10298053	15115	1	5498	1	15000	25000	incorrect	1252
25	610	Port Input	2	10303477	20539	1
25	610	Response	4	10303477	20539	1
25	611	Picture	ITI	10304551	0	1	25658	1	0	next	other	0
25	612	Sound	test	10316032	0	1			0		other	0
25	612	Picture	response	10330209	14176	1	9330	1	14020	25000	incorrect	1257
25	612	Port Input	2	10339377	23345	1
25	612	Response	4	10339377	23345	1
25	613	Picture	ITI	10340372	0	1	20993	1	0	next	other	0
25	614	Sound	test	10350573	0	1			0		other	0
25	614	Picture	response	10361365	10791	1	6331	1	10700	25000	incorrect	1262
25	614	Port Input	1	10367583	17010	1
25	614	Response	3	10367583	17010	1
25	615	Picture	ITI	10368695	0	1	23325	1	0	next	other	0
25	616	Sound	test	10380437	0	1			0		other	0
25	616	Picture	response	10392020	11584	1	4498	1	11450	25000	incorrect	1267
25	616	Port Input	1	10396423	15987	1
25	616	Response	3	10396423	15987	1
25	617	Picture	ITI	10397519	0	1	30489	1	0	next	other	0
25	618	Sound	test	10417150	0	1			0		other	0
25	618	Picture	response	10428008	10858	1	5665	1	10700	25000	incorrect	1272
25	618	Port Input	1	10433583	16433	1
25	618	Response	3	10433583	16433	1
25	619	Picture	ITI	10434672	0	1	25324	1	0	next	other	0
25	620	Sound	test	10446734	0	1			0		other	0
25	620	Picture	response	10459997	13263	1	5165	1	13100	25000	incorrect	1277
25	620	Port Input	1	10464975	18241	1
25	620	Response	3	10464975	18241	1
25	621	Picture	ITI	10465995	0	1	29156	1	0	next	other	0
25	622	Sound	test	10482866	0	1			0		other	0
25	622	Picture	response	10495151	12285	1	4665	1	12250	25000	incorrect	1282
25	622	Port Input	1	10499615	16749	1
25	622	Response	3	10499615	16749	1
25	623	Picture	ITI	10500649	0	1	30823	1	0	next	other	0
25	624	Sound	test	10519930	0	1			0		other	0
25	624	Picture	response	10531472	11541	1	5998	1	11450	25000	incorrect	1287
25	624	Port Input	1	10537305	17375	1
25	624	Response	3	10537305	17375	1
25	625	Picture	ITI	10538302	0	1	25491	1	0	next	other	0
25	626	Sound	test	10552924	0	1			0		other	0
25	626	Picture	response	10563794	10870	1	6331	1	10700	25000	incorrect	1292
25	626	Port Input	1	10570040	17116	1
25	626	Response	3	10570040	17116	1
25	627	Picture	ITI	10571124	0	1	23992	1	0	next	other	0
25	628	Sound	test	10583576	0	1			0		other	0
25	628	Picture	response	10595116	11540	1	5998	1	11450	25000	incorrect	1297
25	628	Port Input	1	10601047	17471	1
25	628	Response	3	10601047	17471	1
25	629	Picture	ITI	10602113	0	1	26657	1	0	next	other	0
25	630	Sound	test	10614675	0	1			0		other	0
25	630	Picture	response	10628771	14096	1	13162	1	14020	25000	incorrect	1302
25	630	Port Input	2	10641788	27113	1
25	630	Response	4	10641788	27113	1
25	631	Picture	ITI	10642766	0	1	32822	1	0	next	other	0
25	632	Sound	test	10660407	0	1			0		other	0
25	632	Picture	response	10675588	15181	1	8997	1	15000	25000	incorrect	1307
25	632	Port Input	2	10684487	24079	1
25	632	Response	4	10684487	24079	1
25	633	Picture	ITI	10685584	0	1	28323	1	0	next	other	0
25	633	Port Input	2	10685778	194	1
25	633	Response	4	10685778	194	1
25	634	Sound	test	10699795	0	1			0		other	0
25	634	Picture	response	10713908	14112	1	18494	1	14020	25000	incorrect	1314
25	634	Port Input	2	10732350	32554	1
25	634	Response	4	10732350	32554	1
25	635	Picture	ITI	10733401	0	1	25324	1	0	next	other	0
25	636	Sound	test	10746372	0	1			0		other	0
25	636	Picture	response	10758725	12353	1	5998	1	12250	25000	incorrect	1319
25	636	Port Input	1	10764595	18223	1
25	636	Response	3	10764595	18223	1
25	637	Picture	ITI	10765556	0	1	25824	1	0	next	other	0
25	638	Sound	test	10779747	0	1			0		other	0
25	638	Picture	response	10791380	11633	1	5165	1	11450	25000	incorrect	1324
25	638	Port Input	1	10796434	16687	1
25	638	Response	3	10796434	16687	1
25	639	Picture	ITI	10797545	0	1	34488	1	0	next	other	0
25	640	Sound	test	10816976	0	1			0		other	0
25	640	Picture	response	10832033	15057	1	4165	1	15000	25000	incorrect	1329
25	640	Port Input	2	10836020	19044	1
25	640	Response	4	10836020	19044	1
25	641	Picture	ITI	10837198	0	1	26991	1	0	next	other	0
25	642	Sound	test	10852709	0	1			0		other	0
25	642	Picture	response	10864188	11479	1	6165	1	11450	25000	incorrect	1334
25	642	Port Input	1	10870223	17514	1
25	642	Response	3	10870223	17514	1
25	643	Picture	ITI	10871352	0	1	27490	1	0	next	other	0
25	644	Sound	test	10884644	0	1			0		other	0
25	644	Picture	response	10898843	14199	1	10496	1	14020	25000	incorrect	1339
25	644	Port Input	1	10909246	24602	1
25	644	Response	3	10909246	24602	1
25	645	Picture	ITI	10910339	0	1	30656	1	0	next	other	0
25	646	Sound	test	10926920	0	1			0		other	0
25	646	Picture	response	10940995	14075	1	5331	1	14020	25000	incorrect	1344
25	646	Port Input	1	10946198	19278	1
25	646	Response	3	10946198	19278	1
25	647	Picture	ITI	10947159	0	1	34988	1	0	next	other	0
25	648	Sound	test	10966960	0	1			0		other	0
25	648	Picture	response	10982147	15186	1	8497	1	15000	25000	incorrect	1349
25	648	Port Input	1	10990573	23612	1
25	648	Response	3	10990573	23612	1
25	649	Picture	ITI	10991643	0	1	25991	1	0	next	other	0
25	650	Sound	test	11004425	0	1			0		other	0
25	650	Picture	response	11017634	13210	1	4665	1	13100	25000	incorrect	1354
25	650	Port Input	1	11022193	17769	1
25	650	Response	3	11022193	17769	1
25	651	Picture	ITI	11023132	0	1	29156	1	0	next	other	0
25	652	Sound	test	11039924	0	1			0		other	0
25	652	Picture	response	11052289	12365	1	5665	1	12250	25000	incorrect	1359
25	652	Port Input	1	11057770	17847	1
25	652	Response	3	11057770	17847	1
25	653	Picture	ITI	11058787	0	1	26657	1	0	next	other	0
25	654	Sound	test	11071248	0	1			0		other	0
25	654	Picture	response	11085444	14196	1	7497	1	14020	25000	incorrect	1364
25	654	Port Input	1	11092817	21569	1
25	654	Response	3	11092817	21569	1
25	655	Picture	ITI	11093941	0	1	23658	1	0	next	other	0
25	656	Sound	test	11105172	0	1			0		other	0
25	656	Picture	response	11117599	12427	1	5665	1	12250	25000	incorrect	1369
25	656	Port Input	1	11123198	18026	1
25	656	Response	3	11123198	18026	1
25	657	Picture	ITI	11124264	0	1	26657	1	0	next	other	0
25	658	Sound	test	11140745	0	1			0		other	0
25	658	Picture	response	11150921	10176	1	4998	1	10000	25000	incorrect	1374
25	658	Port Input	1	11155860	15115	1
25	658	Response	3	11155860	15115	1
25	659	Picture	ITI	11156919	0	1	29490	1	0	next	other	0
25	660	Sound	test	11175680	0	1			0		other	0
25	660	Picture	response	11186408	10728	1	4665	1	10700	25000	incorrect	1379
25	660	Port Input	1	11190948	15268	1
25	660	Response	3	11190948	15268	1
25	661	Picture	ITI	11192073	0	1	23492	1	0	next	other	0
25	662	Sound	test	11202404	0	1			0		other	0
25	662	Picture	response	11215565	13160	1	6165	1	13100	25000	incorrect	1384
25	662	Port Input	1	11221527	19123	1
25	662	Response	3	11221527	19123	1
25	663	Picture	ITI	11222562	0	1	28823	1	0	next	other	0
25	664	Sound	test	11239784	0	1			0		other	0
25	664	Picture	response	11251386	11602	1	4498	1	11450	25000	incorrect	1389
25	664	Port Input	1	11255688	15904	1
25	664	Response	3	11255688	15904	1
25	665	Picture	ITI	11256717	0	1	28990	1	0	next	other	0
25	666	Sound	test	11275518	0	1			0		other	0
25	666	Picture	response	11285707	10189	1	5665	1	10000	25000	incorrect	1394
25	666	Port Input	1	11291317	15799	1
25	666	Response	3	11291317	15799	1
25	667	Picture	ITI	11292371	0	1	31156	1	0	next	other	0
25	668	Sound	test	11311972	0	1			0		other	0
25	668	Picture	response	11323527	11555	1	4498	1	11450	25000	incorrect	1399
25	668	Port Input	1	11327956	15984	1
25	668	Response	3	11327956	15984	1
25	669	Picture	ITI	11329025	0	1	29156	1	0	next	other	0
25	670	Sound	test	11343036	0	1			0		other	0
25	670	Picture	response	11358182	15145	1	5165	1	15000	25000	incorrect	1404
25	670	Port Input	1	11363242	20206	1
25	670	Response	3	11363242	20206	1
25	671	Picture	ITI	11364346	0	1	24158	1	0	next	other	0
25	672	Sound	test	11378437	0	1			0		other	0
25	672	Picture	response	11388504	10067	1	4998	1	10000	25000	incorrect	1409
25	672	Port Input	1	11393394	14957	1
25	672	Response	3	11393394	14957	1
25	673	Picture	ITI	11394502	0	1	20160	1	0	next	other	0
25	674	Picture	Instruction	11414662	0	1	1829761	1	0	next	other	0
25	674	Quit		13238765	1824103	NA


{
   "app": "Presentation Version 20.2 Build 07.25.18",
   "device": "LENOVO 10A8S1PC00",
   "experiment": "{772213B2-5F0F-4A35-9C2F-36954700C7EA}",
   "os": "Windows 7 64 bit",
   "package": "",
   "parameters": {
      "configuration": "Default configuration"
   },
   "scenario": "Timing Task with Dynanometer.sce",
   "subject": "25",
   "timestamp": "2019/03/14 02:56:43 GMT"
}
