Scenario - Timing Task
Logfile written - 03/10/2019 09:22:46

Subject	Trial	Event Type	Code	Time	TTime	Uncertainty	Duration	Uncertainty	ReqTime	ReqDur	Stim Type	Pair Index

26	1	Picture	Instruction	500	0	1	279904	1	0	next	other	0
26	1	Response	1	275219	274719	0
26	2	Picture	ITI	280404	0	1	10996	1	0	next	other	0
26	3	Sound	Stimuli	290420	0	936			0		other	0
26	4	Picture	Feedback	321223	0	1	20160	1	0	next	other	0
26	4	Response	3	322918	1694	1
26	5	Picture	ITI	341383	0	1	10163	1	0	next	other	0
26	6	Sound	Stimuli	351384	0	1			0		other	0
26	7	Picture	Feedback	386368	0	1	20160	1	0	next	other	0
26	8	Picture	ITI	406528	0	1	10163	1	0	next	other	0
26	9	Sound	Stimuli	416529	0	1			0		other	0
26	10	Picture	Feedback	446681	0	1	20160	1	0	next	other	0
26	11	Picture	ITI	466840	0	1	10163	1	0	next	other	0
26	12	Sound	Stimuli	476842	0	1			0		other	0
26	13	Picture	Feedback	511992	0	1	20160	1	0	next	other	0
26	14	Picture	ITI	532151	0	1	10163	1	0	next	other	0
26	15	Sound	Stimuli	542153	0	1			0		other	0
26	16	Picture	Feedback	572304	0	1	20160	1	0	next	other	0
26	17	Picture	ITI	592464	0	1	10163	1	0	next	other	0
26	18	Sound	Stimuli	602465	0	1			0		other	0
26	19	Picture	Feedback	637449	0	1	20160	1	0	next	other	0
26	20	Picture	ITI	657609	0	1	10163	1	0	next	other	0
26	21	Sound	Stimuli	667610	0	1			0		other	0
26	22	Picture	Feedback	697761	0	1	20160	1	0	next	other	0
26	23	Picture	ITI	717921	0	1	10163	1	0	next	other	0
26	24	Sound	Stimuli	727922	0	1			0		other	0
26	25	Picture	Feedback	763072	0	1	20160	1	0	next	other	0
26	26	Picture	ITI	783232	0	1	10163	1	0	next	other	0
26	27	Sound	Stimuli	793233	0	1			0		other	0
26	28	Picture	Feedback	823385	0	1	20160	1	0	next	other	0
26	29	Picture	ITI	843545	0	1	10163	1	0	next	other	0
26	30	Sound	Stimuli	853546	0	1			0		other	0
26	31	Picture	Feedback	888696	0	1	20160	1	0	next	other	0
26	32	Picture	End_Block	908856	0	1	26158	1	0	next	other	0
26	32	Response	1	934971	26115	0
26	33	Picture	ITI	935014	0	1	10163	1	0	next	other	0
26	34	Picture	Break	945177	0	1	24825	1	0	next	other	0
26	34	Response	1	969850	24673	0
26	35	Picture	ITI	970002	0	1	10163	1	0	next	other	0
26	36	Picture	Instruction	980165	0	1	35821	1	0	next	other	0
26	36	Response	1	1010890	30725	0
26	37	Picture	ITI	1015986	0	1	28157	1	0	next	other	0
26	38	Sound	Practice	1029068	0	1			0		other	0
26	38	Picture	response	1044143	15076	1	7497	1	15000	25000	hit	46
26	38	Port Input	1	1051556	22489	1
26	38	Response	3	1051556	22489	1
26	39	Picture	ITI	1061637	0	1	25325	1	0	next	other	0
26	40	Sound	Practice	1076829	0	1			0		other	0
26	40	Picture	response	1086962	10133	1	7164	1	10000	25000	hit	51
26	40	Port Input	2	1094036	17207	1
26	40	Response	4	1094036	17207	1
26	41	Picture	ITI	1104123	0	1	32822	1	0	next	other	0
26	42	Sound	Practice	1121814	0	1			0		other	0
26	42	Picture	response	1136945	15131	1	7831	1	15000	25000	hit	56
26	42	Port Input	1	1144678	22864	1
26	42	Response	3	1144678	22864	1
26	43	Picture	ITI	1154772	0	1	27990	1	0	next	other	0
26	44	Sound	Practice	1172673	0	1			0		other	0
26	44	Picture	response	1182762	10089	1	6498	1	10000	25000	hit	61
26	44	Port Input	2	1189167	16494	1
26	44	Response	4	1189167	16494	1
26	45	Picture	ITI	1199257	0	1	28823	1	0	next	other	0
26	46	Sound	Practice	1217968	0	1			0		other	0
26	46	Picture	response	1228080	10112	1	7497	1	10000	25000	hit	66
26	46	Port Input	2	1235405	17437	1
26	46	Response	4	1235405	17437	1
26	47	Picture	ITI	1245574	0	1	21992	1	0	next	other	0
26	48	Sound	Practice	1257456	0	1			0		other	0
26	48	Picture	response	1267567	10111	1	7331	1	10000	25000	hit	71
26	48	Port Input	2	1274699	17243	1
26	48	Response	4	1274699	17243	1
26	49	Picture	ITI	1284728	0	1	27824	1	0	next	other	0
26	50	Sound	Practice	1297419	0	1			0		other	0
26	50	Picture	response	1312551	15132	1	4832	1	15000	25000	hit	76
26	50	Port Input	1	1317283	19864	1
26	50	Response	3	1317283	19864	1
26	51	Picture	ITI	1327380	0	1	29990	1	0	next	other	0
26	52	Sound	Practice	1342341	0	1			0		other	0
26	52	Picture	response	1357370	15028	1	5498	1	15000	25000	hit	81
26	52	Port Input	1	1362740	20399	1
26	52	Response	3	1362740	20399	1
26	53	Picture	ITI	1372864	0	1	32489	1	0	next	other	0
26	54	Sound	Practice	1390256	0	1			0		other	0
26	54	Picture	response	1405353	15097	1	4665	1	15000	25000	hit	86
26	54	Port Input	1	1409946	19691	1
26	54	Response	3	1409946	19691	1
26	55	Picture	ITI	1420015	0	1	21992	1	0	next	other	0
26	56	Sound	Practice	1431966	0	1			0		other	0
26	56	Picture	response	1442007	10041	1	7497	1	10000	25000	hit	91
26	56	Port Input	2	1449303	17336	1
26	56	Response	4	1449303	17336	1
26	57	Picture	ITI	1459335	0	1	26824	1	0	next	other	0
26	58	Sound	Practice	1471126	0	1			0		other	0
26	58	Picture	response	1486159	15033	1	4499	1	15000	25000	hit	96
26	58	Port Input	1	1490564	19438	1
26	58	Response	3	1490564	19438	1
26	59	Picture	ITI	1500654	0	1	25491	1	0	next	other	0
26	60	Sound	Practice	1516045	0	1			0		other	0
26	60	Picture	response	1526145	10100	1	6831	1	10000	25000	hit	101
26	60	Port Input	2	1532877	16832	1
26	60	Response	4	1532877	16832	1
26	61	Picture	ITI	1542973	0	1	22992	1	0	next	other	0
26	62	Sound	Practice	1555804	0	1			0		other	0
26	62	Picture	response	1565965	10161	1	7497	1	10000	25000	hit	106
26	62	Port Input	2	1573347	17543	1
26	62	Response	4	1573347	17543	1
26	63	Picture	ITI	1583459	0	1	27657	1	0	next	other	0
26	64	Sound	Practice	1601070	0	1			0		other	0
26	64	Picture	response	1611116	10046	1	7997	1	10000	25000	hit	111
26	64	Port Input	2	1618940	17869	1
26	64	Response	4	1618940	17869	1
26	65	Picture	ITI	1629110	0	1	27824	1	0	next	other	0
26	66	Sound	Practice	1641801	0	1			0		other	0
26	66	Picture	response	1656934	15132	1	4665	1	15000	25000	hit	116
26	66	Port Input	1	1661503	19701	1
26	66	Response	3	1661503	19701	1
26	67	Picture	ITI	1671596	0	1	27990	1	0	next	other	0
26	68	Sound	Practice	1684527	0	1			0		other	0
26	68	Picture	response	1699586	15059	1	7497	1	15000	25000	hit	121
26	68	Port Input	1	1707022	22495	1
26	68	Response	3	1707022	22495	1
26	69	Picture	ITI	1717080	0	1	29823	1	0	next	other	0
26	70	Sound	Practice	1736711	0	1			0		other	0
26	70	Picture	response	1746903	10192	1	7331	1	10000	25000	hit	126
26	70	Port Input	2	1754052	17341	1
26	70	Response	4	1754052	17341	1
26	71	Picture	ITI	1764231	0	1	29323	1	0	next	other	0
26	72	Sound	Practice	1783372	0	1			0		other	0
26	72	Picture	response	1793554	10182	1	9330	1	10000	25000	hit	131
26	72	Port Input	2	1802716	19344	1
26	72	Response	4	1802716	19344	1
26	73	Picture	ITI	1812881	0	1	30823	1	0	next	other	0
26	74	Sound	Practice	1828562	0	1			0		other	0
26	74	Picture	response	1843703	15141	1	4332	1	15000	25000	hit	136
26	74	Port Input	1	1847830	19268	1
26	74	Response	3	1847830	19268	1
26	75	Picture	ITI	1857865	0	1	29990	1	0	next	other	0
26	76	Sound	Practice	1872717	0	1			0		other	0
26	76	Picture	response	1887855	15138	1	5665	1	15000	25000	hit	141
26	76	Port Input	1	1893318	20602	1
26	76	Response	3	1893318	20602	1
26	77	Picture	ITI	1903350	0	1	26658	1	0	next	other	0
26	78	Sound	Practice	1919891	0	1			0		other	0
26	78	Picture	response	1930007	10116	1	7831	1	10000	25000	hit	146
26	78	Port Input	2	1937787	17895	1
26	78	Response	4	1937787	17895	1
26	79	Picture	ITI	1947835	0	1	30490	1	0	next	other	0
26	80	Sound	Practice	1963206	0	1			0		other	0
26	80	Picture	response	1978324	15118	1	5332	1	15000	25000	hit	151
26	80	Port Input	1	1983546	20340	1
26	80	Response	3	1983546	20340	1
26	81	Picture	ITI	1993652	0	1	29990	1	0	next	other	0
26	82	Sound	Practice	2013614	0	1			0		other	0
26	82	Picture	response	2023642	10028	1	6498	1	10000	25000	hit	156
26	82	Port Input	2	2029972	16358	1
26	82	Response	4	2029972	16358	1
26	83	Picture	ITI	2040136	0	1	26491	1	0	next	other	0
26	84	Sound	Practice	2051558	0	1			0		other	0
26	84	Picture	response	2066627	15070	1	5331	1	15000	25000	hit	161
26	84	Port Input	1	2071878	20321	1
26	84	Response	3	2071878	20321	1
26	85	Picture	ITI	2081955	0	1	29823	1	0	next	other	0
26	86	Sound	Practice	2101717	0	1			0		other	0
26	86	Picture	response	2111779	10062	1	6831	1	10000	25000	hit	166
26	86	Port Input	2	2118408	16691	1
26	86	Response	4	2118408	16691	1
26	87	Picture	Break	2128440	0	1	22326	1	0	next	other	0
26	87	Response	1	2150636	22196	0
26	88	Picture	Instruction	2150765	0	1	13162	1	0	next	other	0
26	88	Response	1	2163835	13070	0
26	89	Picture	ITI	2163928	0	1	15161	1	0	next	other	0
26	90	Picture	ITI	2179089	0	1	30989	1	0	next	other	0
26	91	Sound	test	2195900	0	1			0		other	0
26	91	Picture	response	2210078	14178	1	5498	1	14020	25000	incorrect	176
26	91	Port Input	1	2215466	19565	1
26	91	Response	3	2215466	19565	1
26	92	Picture	ITI	2216576	0	1	26824	1	0	next	other	0
26	93	Sound	test	2229257	0	1			0		other	0
26	93	Picture	response	2243400	14143	1	7331	1	14020	25000	incorrect	181
26	93	Port Input	1	2250688	21431	1
26	93	Response	3	2250688	21431	1
26	94	Picture	ITI	2251731	0	1	23159	1	0	next	other	0
26	95	Sound	test	2264832	0	1			0		other	0
26	95	Picture	response	2274889	10058	1	20660	1	10000	25000	incorrect	186
26	95	Port Input	2	2295344	30512	1
26	95	Response	4	2295344	30512	1
26	96	Picture	ITI	2296382	0	1	33822	1	0	next	other	0
26	97	Sound	test	2315024	0	1			0		other	0
26	97	Picture	response	2330204	15180	1	4332	1	15000	25000	incorrect	191
26	97	Port Input	1	2334388	19364	1
26	97	Response	3	2334388	19364	1
26	98	Picture	ITI	2335369	0	1	30823	1	0	next	other	0
26	99	Sound	test	2353820	0	1			0		other	0
26	99	Picture	response	2366192	12372	1	6498	1	12250	25000	incorrect	196
26	99	Port Input	1	2372494	18674	1
26	99	Response	3	2372494	18674	1
26	100	Picture	ITI	2373522	0	1	26158	1	0	next	other	0
26	101	Sound	test	2388134	0	1			0		other	0
26	101	Picture	response	2399680	11546	1	13495	1	11450	25000	incorrect	201
26	101	Port Input	2	2413100	24966	1
26	101	Response	4	2413100	24966	1
26	102	Picture	ITI	2414175	0	1	23659	1	0	next	other	0
26	103	Sound	test	2426996	0	1			0		other	0
26	103	Picture	response	2437834	10837	1	25158	1	10700	25000	miss	0
26	104	Picture	ITI	2463159	0	1	32156	1	0	next	other	0
26	104	Port Input	2	2472884	9725	1
26	104	Response	4	2472884	9725	1
26	105	Sound	test	2480170	0	1			0		other	0
26	105	Picture	response	2495314	15144	1	3999	1	15000	25000	incorrect	211
26	105	Port Input	1	2499131	18962	1
26	105	Response	3	2499131	18962	1
26	106	Picture	ITI	2500146	0	1	26824	1	0	next	other	0
26	107	Sound	test	2516867	0	1			0		other	0
26	107	Picture	response	2526970	10103	1	6664	1	10000	25000	incorrect	216
26	107	Port Input	2	2533552	16685	1
26	107	Response	4	2533552	16685	1
26	108	Picture	ITI	2534634	0	1	28657	1	0	next	other	0
26	109	Sound	test	2549175	0	1			0		other	0
26	109	Picture	response	2563291	14116	1	5498	1	14020	25000	incorrect	221
26	109	Port Input	1	2568598	19423	1
26	109	Response	3	2568598	19423	1
26	110	Picture	ITI	2569622	0	1	22492	1	0	next	other	0
26	111	Sound	test	2582083	0	1			0		other	0
26	111	Picture	response	2592114	10031	1	6998	1	10000	25000	incorrect	226
26	111	Port Input	2	2598948	16865	1
26	111	Response	4	2598948	16865	1
26	112	Picture	ITI	2599945	0	1	27491	1	0	next	other	0
26	113	Sound	test	2617406	0	1			0		other	0
26	113	Picture	response	2627436	10029	1	7164	1	10000	25000	incorrect	231
26	113	Port Input	2	2634483	17077	1
26	113	Response	4	2634483	17077	1
26	114	Picture	ITI	2635600	0	1	34322	1	0	next	other	0
26	115	Sound	test	2654741	0	1			0		other	0
26	115	Picture	response	2669921	15180	1	5998	1	15000	25000	incorrect	236
26	115	Port Input	1	2675786	21045	1
26	115	Response	3	2675786	21045	1
26	116	Picture	ITI	2676919	0	1	20660	1	0	next	other	0
26	117	Sound	test	2687530	0	1			0		other	0
26	117	Picture	response	2697578	10048	1	5998	1	10000	25000	incorrect	241
26	117	Port Input	2	2703502	15972	1
26	117	Response	4	2703502	15972	1
26	118	Picture	ITI	2704576	0	1	27990	1	0	next	other	0
26	119	Sound	test	2717477	0	1			0		other	0
26	119	Picture	response	2732567	15089	1	4832	1	15000	25000	incorrect	246
26	119	Port Input	1	2737309	19832	1
26	119	Response	3	2737309	19832	1
26	120	Picture	ITI	2738398	0	1	25824	1	0	next	other	0
26	121	Sound	test	2749059	0	1			0		other	0
26	121	Picture	response	2764222	15163	1	4498	1	15000	25000	incorrect	251
26	121	Port Input	1	2768638	19578	1
26	121	Response	3	2768638	19578	1
26	122	Picture	ITI	2769720	0	1	25991	1	0	next	other	0
26	123	Sound	test	2785522	0	1			0		other	0
26	123	Picture	response	2795712	10190	1	5332	1	10000	25000	incorrect	256
26	123	Port Input	2	2800966	15444	1
26	123	Response	4	2800966	15444	1
26	124	Picture	ITI	2802043	0	1	25325	1	0	next	other	0
26	125	Sound	test	2815004	0	1			0		other	0
26	125	Picture	response	2827367	12364	1	6331	1	12250	25000	incorrect	261
26	125	Port Input	1	2833606	18602	1
26	125	Response	3	2833606	18602	1
26	126	Picture	ITI	2834698	0	1	30156	1	0	next	other	0
26	127	Sound	test	2851600	0	1			0		other	0
26	127	Picture	response	2864855	13255	1	8331	1	13100	25000	incorrect	266
26	127	Port Input	2	2873098	21498	1
26	127	Response	4	2873098	21498	1
26	128	Picture	ITI	2874185	0	1	26991	1	0	next	other	0
26	129	Sound	test	2890306	0	1			0		other	0
26	129	Picture	response	2901176	10870	1	5998	1	10700	25000	incorrect	271
26	129	Port Input	2	2907040	16734	1
26	129	Response	4	2907040	16734	1
26	130	Picture	ITI	2908007	0	1	29657	1	0	next	other	0
26	131	Sound	test	2927558	0	1			0		other	0
26	131	Picture	response	2937663	10105	1	6664	1	10000	25000	incorrect	276
26	131	Port Input	2	2944189	16631	1
26	131	Response	4	2944189	16631	1
26	132	Picture	ITI	2945327	0	1	23325	1	0	next	other	0
26	133	Sound	test	2955458	0	1			0		other	0
26	133	Picture	response	2968653	13194	1	10663	1	13100	25000	incorrect	281
26	133	Port Input	2	2979203	23745	1
26	133	Response	4	2979203	23745	1
26	134	Picture	ITI	2980315	0	1	26158	1	0	next	other	0
26	135	Sound	test	2994906	0	1			0		other	0
26	135	Picture	response	3006473	11566	1	8664	1	11450	25000	incorrect	286
26	135	Port Input	2	3015009	20102	1
26	135	Response	4	3015009	20102	1
26	136	Picture	ITI	3016136	0	1	28990	1	0	next	other	0
26	137	Sound	test	3029958	0	1			0		other	0
26	137	Picture	response	3045126	15169	1	3832	1	15000	25000	incorrect	291
26	137	Port Input	1	3048847	18889	1
26	137	Response	3	3048847	18889	1
26	138	Picture	ITI	3049958	0	1	24992	1	0	next	other	0
26	139	Sound	test	3062569	0	1			0		other	0
26	139	Picture	response	3074950	12380	1	14995	1	12250	25000	incorrect	296
26	139	Port Input	1	3089796	27227	1
26	139	Response	3	3089796	27227	1
26	140	Picture	ITI	3090944	0	1	29157	1	0	next	other	0
26	141	Sound	test	3107745	0	1			0		other	0
26	141	Picture	response	3120101	12356	1	13329	1	12250	25000	incorrect	301
26	141	Port Input	2	3133348	25603	1
26	141	Response	4	3133348	25603	1
26	142	Picture	ITI	3134429	0	1	24991	1	0	next	other	0
26	143	Sound	test	3149330	0	1			0		other	0
26	143	Picture	response	3159421	10090	1	7164	1	10000	25000	incorrect	306
26	143	Port Input	2	3166499	17168	1
26	143	Response	4	3166499	17168	1
26	144	Picture	ITI	3167585	0	1	32322	1	0	next	other	0
26	145	Sound	test	3186726	0	1			0		other	0
26	145	Picture	response	3199907	13181	1	6331	1	13100	25000	incorrect	311
26	145	Port Input	1	3206115	19389	1
26	145	Response	3	3206115	19389	1
26	146	Picture	ITI	3207238	0	1	30823	1	0	next	other	0
26	147	Sound	test	3223969	0	1			0		other	0
26	147	Picture	response	3238061	14092	1	5831	1	14020	25000	incorrect	316
26	147	Port Input	1	3243764	19795	1
26	147	Response	3	3243764	19795	1
26	148	Picture	ITI	3244725	0	1	27657	1	0	next	other	0
26	149	Sound	test	3257296	0	1			0		other	0
26	149	Picture	response	3272382	15086	1	4498	1	15000	25000	incorrect	321
26	149	Port Input	1	3276685	19389	1
26	149	Response	3	3276685	19389	1
26	150	Picture	ITI	3277714	0	1	24158	1	0	next	other	0
26	151	Sound	test	3291045	0	1			0		other	0
26	151	Picture	response	3301872	10827	1	8664	1	10700	25000	incorrect	326
26	151	Port Input	2	3310367	19322	1
26	151	Response	4	3310367	19322	1
26	152	Picture	ITI	3311369	0	1	21826	1	0	next	other	0
26	153	Sound	test	3322400	0	1			0		other	0
26	153	Picture	response	3333195	10795	1	9997	1	10700	25000	incorrect	331
26	153	Port Input	2	3343070	20670	1
26	153	Response	4	3343070	20670	1
26	154	Picture	ITI	3344024	0	1	27990	1	0	next	other	0
26	155	Sound	test	3356986	0	1			0		other	0
26	155	Picture	response	3372015	15029	1	3999	1	15000	25000	incorrect	336
26	155	Port Input	1	3375867	18882	1
26	155	Response	3	3375867	18882	1
26	156	Picture	ITI	3376846	0	1	29157	1	0	next	other	0
26	157	Sound	test	3395188	0	1			0		other	0
26	157	Picture	response	3406003	10815	1	8331	1	10700	25000	incorrect	341
26	157	Port Input	1	3414245	19057	1
26	157	Response	3	3414245	19057	1
26	158	Picture	ITI	3415333	0	1	29323	1	0	next	other	0
26	159	Sound	test	3432295	0	1			0		other	0
26	159	Picture	response	3444657	12362	1	9663	1	12250	25000	incorrect	346
26	159	Port Input	1	3454277	21983	1
26	159	Response	3	3454277	21983	1
26	160	Picture	ITI	3455320	0	1	25658	1	0	next	other	0
26	161	Sound	test	3470881	0	1			0		other	0
26	161	Picture	response	3480978	10097	1	10163	1	10000	25000	incorrect	351
26	161	Port Input	2	3490979	20098	1
26	161	Response	4	3490979	20098	1
26	162	Picture	ITI	3492140	0	1	24158	1	0	next	other	0
26	163	Sound	test	3504782	0	1			0		other	0
26	163	Picture	response	3516299	11517	1	9997	1	11450	25000	incorrect	356
26	163	Port Input	2	3526160	21378	1
26	163	Response	4	3526160	21378	1
26	164	Picture	ITI	3527128	0	1	24158	1	0	next	other	0
26	165	Sound	test	3537180	0	1			0		other	0
26	165	Picture	response	3551287	14107	1	6165	1	14020	25000	incorrect	361
26	165	Port Input	1	3557384	20204	1
26	165	Response	3	3557384	20204	1
26	166	Picture	ITI	3558451	0	1	22659	1	0	next	other	0
26	167	Sound	test	3570242	0	1			0		other	0
26	167	Picture	response	3581110	10868	1	9663	1	10700	25000	incorrect	366
26	167	Port Input	1	3590608	20366	1
26	167	Response	3	3590608	20366	1
26	168	Picture	ITI	3591606	0	1	25991	1	0	next	other	0
26	169	Sound	test	3605258	0	1			0		other	0
26	169	Picture	response	3617598	12340	1	13662	1	12250	25000	incorrect	371
26	169	Port Input	2	3631057	25800	1
26	169	Response	4	3631057	25800	1
26	170	Picture	ITI	3632093	0	1	24825	1	0	next	other	0
26	171	Sound	test	3645424	0	1			0		other	0
26	171	Picture	response	3656917	11494	1	8330	1	11450	25000	incorrect	376
26	171	Port Input	2	3665124	19700	1
26	171	Response	4	3665124	19700	1
26	172	Picture	ITI	3666248	0	1	29323	1	0	next	other	0
26	173	Sound	test	3683949	0	1			0		other	0
26	173	Picture	response	3695571	11622	1	8664	1	11450	25000	incorrect	381
26	173	Port Input	2	3704106	20157	1
26	173	Response	4	3704106	20157	1
26	174	Picture	ITI	3705234	0	1	24992	1	0	next	other	0
26	175	Sound	test	3717786	0	1			0		other	0
26	175	Picture	response	3730226	12440	1	12496	1	12250	25000	incorrect	386
26	175	Port Input	2	3742577	24791	1
26	175	Response	4	3742577	24791	1
26	176	Picture	ITI	3743721	0	1	26824	1	0	next	other	0
26	177	Sound	test	3756472	0	1			0		other	0
26	177	Picture	response	3770545	14073	1	8330	1	14020	25000	incorrect	391
26	177	Port Input	1	3778716	22243	1
26	177	Response	3	3778716	22243	1
26	178	Picture	ITI	3779709	0	1	22492	1	0	next	other	0
26	179	Sound	test	3790660	0	1			0		other	0
26	179	Picture	response	3802201	11541	1	8331	1	11450	25000	incorrect	396
26	179	Port Input	2	3810347	19687	1
26	179	Response	4	3810347	19687	1
26	180	Picture	ITI	3811365	0	1	26158	1	0	next	other	0
26	181	Sound	test	3824286	0	1			0		other	0
26	181	Picture	response	3837522	13237	1	4998	1	13100	25000	incorrect	401
26	181	Port Input	1	3842373	18087	1
26	181	Response	3	3842373	18087	1
26	182	Picture	ITI	3843520	0	1	24325	1	0	next	other	0
26	183	Sound	test	3857102	0	1			0		other	0
26	183	Picture	response	3867845	10744	1	8664	1	10700	25000	incorrect	406
26	183	Port Input	2	3876419	19318	1
26	183	Response	4	3876419	19318	1
26	184	Picture	ITI	3877509	0	1	25991	1	0	next	other	0
26	185	Sound	test	3888360	0	1			0		other	0
26	185	Picture	response	3903500	15140	1	4998	1	15000	25000	incorrect	411
26	185	Port Input	1	3908435	20075	1
26	185	Response	3	3908435	20075	1
26	186	Picture	ITI	3909498	0	1	28657	1	0	next	other	0
26	187	Sound	test	3923119	0	1			0		other	0
26	187	Picture	response	3938155	15036	1	2999	1	15000	25000	incorrect	416
26	187	Port Input	1	3941003	17884	1
26	187	Response	3	3941003	17884	1
26	188	Picture	ITI	3942153	0	1	25158	1	0	next	other	0
26	189	Sound	test	3954025	0	1			0		other	0
26	189	Picture	response	3967311	13287	1	6165	1	13100	25000	incorrect	421
26	189	Port Input	1	3973435	19411	1
26	189	Response	3	3973435	19411	1
26	190	Picture	ITI	3974476	0	1	29323	1	0	next	other	0
26	191	Sound	test	3992257	0	1			0		other	0
26	191	Picture	response	4003799	11542	1	8331	1	11450	25000	incorrect	426
26	191	Port Input	2	4011959	19702	1
26	191	Response	4	4011959	19702	1
26	192	Picture	ITI	4012963	0	1	22659	1	0	next	other	0
26	193	Sound	test	4025584	0	1			0		other	0
26	193	Picture	response	4035621	10038	1	9497	1	10000	25000	incorrect	431
26	193	Port Input	2	4045057	19473	1
26	193	Response	4	4045057	19473	1
26	194	Picture	ITI	4046118	0	1	33155	1	0	next	other	0
26	195	Sound	test	4066089	0	1			0		other	0
26	195	Picture	response	4079273	13184	1	7664	1	13100	25000	incorrect	436
26	195	Port Input	2	4086746	20657	1
26	195	Response	4	4086746	20657	1
26	196	Picture	ITI	4087770	0	1	28823	1	0	next	other	0
26	197	Sound	test	4104222	0	1			0		other	0
26	197	Picture	response	4116594	12372	1	9164	1	12250	25000	incorrect	441
26	197	Port Input	1	4125633	21412	1
26	197	Response	3	4125633	21412	1
26	198	Picture	ITI	4126757	0	1	30823	1	0	next	other	0
26	199	Sound	test	4144368	0	1			0		other	0
26	199	Picture	response	4157580	13212	1	16328	1	13100	25000	incorrect	446
26	199	Port Input	1	4173829	29461	1
26	199	Response	3	4173829	29461	1
26	200	Picture	ITI	4174907	0	1	26324	1	0	next	other	0
26	201	Sound	test	4187178	0	1			0		other	0
26	201	Picture	response	4201232	14053	1	7331	1	14020	25000	incorrect	451
26	201	Port Input	1	4208396	21217	1
26	201	Response	3	4208396	21217	1
26	202	Picture	ITI	4209395	0	1	28157	1	0	next	other	0
26	203	Sound	test	4225247	0	1			0		other	0
26	203	Picture	response	4237552	12306	1	13495	1	12250	25000	incorrect	456
26	203	Port Input	1	4250875	25629	1
26	203	Response	3	4250875	25629	1
26	204	Picture	ITI	4252048	0	1	25991	1	0	next	other	0
26	205	Sound	test	4267189	0	1			0		other	0
26	205	Picture	response	4278039	10850	1	13995	1	10700	25000	incorrect	461
26	205	Port Input	2	4291877	24688	1
26	205	Response	4	4291877	24688	1
26	206	Picture	ITI	4293034	0	1	26491	1	0	next	other	0
26	207	Sound	test	4307145	0	1			0		other	0
26	207	Picture	response	4319524	12380	1	8830	1	12250	25000	incorrect	466
26	207	Port Input	1	4328224	21079	1
26	207	Response	3	4328224	21079	1
26	208	Picture	ITI	4329354	0	1	31989	1	0	next	other	0
26	209	Sound	test	4346306	0	1			0		other	0
26	209	Picture	response	4361344	15038	1	5831	1	15000	25000	incorrect	471
26	209	Port Input	1	4367028	20722	1
26	209	Response	3	4367028	20722	1
26	210	Picture	ITI	4368008	0	1	24658	1	0	next	other	0
26	211	Sound	test	4381779	0	1			0		other	0
26	211	Picture	response	4392666	10887	1	12662	1	10700	25000	incorrect	476
26	211	Port Input	2	4405249	23470	1
26	211	Response	4	4405249	23470	1
26	212	Picture	ITI	4406328	0	1	32989	1	0	next	other	0
26	213	Sound	test	4425109	0	1			0		other	0
26	213	Picture	response	4439317	14207	1	7664	1	14020	25000	incorrect	481
26	213	Port Input	1	4446792	21683	1
26	213	Response	3	4446792	21683	1
26	214	Picture	ITI	4447814	0	1	25491	1	0	next	other	0
26	215	Sound	test	4462475	0	1			0		other	0
26	215	Picture	response	4473305	10830	1	9164	1	10700	25000	incorrect	486
26	215	Port Input	1	4482286	19810	1
26	215	Response	3	4482286	19810	1
26	216	Picture	ITI	4483302	0	1	29657	1	0	next	other	0
26	217	Sound	test	4501373	0	1			0		other	0
26	217	Picture	response	4512958	11585	1	10163	1	11450	25000	incorrect	491
26	217	Port Input	2	4523016	21643	1
26	217	Response	4	4523016	21643	1
26	218	Picture	ITI	4524121	0	1	24492	1	0	next	other	0
26	219	Sound	test	4538492	0	1			0		other	0
26	219	Picture	response	4548613	10120	1	10663	1	10000	25000	incorrect	496
26	219	Port Input	2	4559165	20673	1
26	219	Response	4	4559165	20673	1
26	220	Picture	ITI	4560276	0	1	32156	1	0	next	other	0
26	221	Sound	test	4579287	0	1			0		other	0
26	221	Picture	response	4592431	13145	1	5498	1	13100	25000	incorrect	501
26	221	Port Input	1	4597824	18537	1
26	221	Response	3	4597824	18537	1
26	222	Picture	ITI	4598929	0	1	33988	1	0	next	other	0
26	223	Sound	test	4618830	0	1			0		other	0
26	223	Picture	response	4632917	14087	1	5165	1	14020	25000	incorrect	506
26	223	Port Input	1	4638003	19172	1
26	223	Response	3	4638003	19172	1
26	224	Picture	ITI	4639082	0	1	28657	1	0	next	other	0
26	225	Sound	test	4657663	0	1			0		other	0
26	225	Picture	response	4667739	10076	1	8331	1	10000	25000	incorrect	511
26	225	Port Input	2	4675901	18238	1
26	225	Response	4	4675901	18238	1
26	226	Picture	ITI	4676902	0	1	27824	1	0	next	other	0
26	227	Sound	test	4690644	0	1			0		other	0
26	227	Picture	response	4704726	14083	1	6331	1	14020	25000	incorrect	516
26	227	Port Input	1	4710864	20220	1
26	227	Response	3	4710864	20220	1
26	228	Picture	ITI	4711890	0	1	29490	1	0	next	other	0
26	229	Sound	test	4726272	0	1			0		other	0
26	229	Picture	response	4741380	15109	1	4165	1	15000	25000	incorrect	521
26	229	Port Input	1	4745410	19138	1
26	229	Response	3	4745410	19138	1
26	230	Picture	ITI	4746379	0	1	26324	1	0	next	other	0
26	231	Sound	test	4761921	0	1			0		other	0
26	231	Picture	response	4772703	10782	1	7664	1	10700	25000	incorrect	526
26	231	Port Input	2	4780216	18295	1
26	231	Response	4	4780216	18295	1
26	232	Picture	ITI	4781200	0	1	26658	1	0	next	other	0
26	233	Sound	test	4797091	0	1			0		other	0
26	233	Picture	response	4807858	10766	1	9330	1	10700	25000	incorrect	531
26	233	Port Input	2	4817094	20003	1
26	233	Response	4	4817094	20003	1
26	234	Picture	ITI	4818188	0	1	21993	1	0	next	other	0
26	235	Sound	test	4830069	0	1			0		other	0
26	235	Picture	response	4840180	10111	1	7997	1	10000	25000	incorrect	536
26	235	Port Input	2	4847986	17917	1
26	235	Response	4	4847986	17917	1
26	236	Picture	ITI	4849010	0	1	32989	1	0	next	other	0
26	237	Sound	test	4866872	0	1			0		other	0
26	237	Picture	response	4881999	15127	1	4998	1	15000	25000	incorrect	541
26	237	Port Input	1	4886925	20054	1
26	237	Response	3	4886925	20054	1
26	238	Picture	ITI	4887997	0	1	26824	1	0	next	other	0
26	239	Sound	test	4904738	0	1			0		other	0
26	239	Picture	response	4914821	10083	1	8497	1	10000	25000	incorrect	546
26	239	Port Input	2	4923221	18482	1
26	239	Response	4	4923221	18482	1
26	240	Picture	ITI	4924318	0	1	28824	1	0	next	other	0
26	241	Sound	test	4939859	0	1			0		other	0
26	241	Picture	response	4953141	13282	1	5998	1	13100	25000	incorrect	551
26	241	Port Input	1	4958943	19084	1
26	241	Response	3	4958943	19084	1
26	242	Picture	ITI	4959972	0	1	30656	1	0	next	other	0
26	243	Sound	test	4977424	0	1			0		other	0
26	243	Picture	response	4990629	13205	1	4998	1	13100	25000	incorrect	556
26	243	Port Input	1	4995457	18033	1
26	243	Response	3	4995457	18033	1
26	244	Picture	ITI	4996627	0	1	27824	1	0	next	other	0
26	245	Sound	test	5012838	0	1			0		other	0
26	245	Picture	response	5024450	11613	1	19660	1	11450	25000	incorrect	561
26	245	Port Input	2	5043923	31086	1
26	245	Response	4	5043923	31086	1
26	246	Picture	ITI	5044943	0	1	32989	1	0	next	other	0
26	247	Sound	test	5062895	0	1			0		other	0
26	247	Picture	response	5077932	15037	1	3999	1	15000	25000	incorrect	566
26	247	Port Input	1	5081853	18959	1
26	247	Response	3	5081853	18959	1
26	248	Picture	ITI	5082930	0	1	30823	1	0	next	other	0
26	249	Sound	test	5098672	0	1			0		other	0
26	249	Picture	response	5113753	15082	1	5998	1	15000	25000	incorrect	571
26	249	Port Input	1	5119710	21038	1
26	249	Response	3	5119710	21038	1
26	250	Picture	ITI	5120751	0	1	31323	1	0	next	other	0
26	251	Sound	test	5139662	0	1			0		other	0
26	251	Picture	response	5152073	12411	1	8664	1	12250	25000	incorrect	576
26	251	Port Input	1	5160555	20893	1
26	251	Response	3	5160555	20893	1
26	252	Picture	ITI	5161737	0	1	32489	1	0	next	other	0
26	253	Sound	test	5179098	0	1			0		other	0
26	253	Picture	response	5194226	15128	1	6998	1	15000	25000	incorrect	581
26	253	Port Input	1	5201078	21979	1
26	253	Response	3	5201078	21979	1
26	254	Picture	ITI	5202223	0	1	27491	1	0	next	other	0
26	255	Sound	test	5219614	0	1			0		other	0
26	255	Picture	response	5229714	10099	1	6998	1	10000	25000	incorrect	586
26	255	Port Input	2	5236571	16957	1
26	255	Response	4	5236571	16957	1
26	256	Picture	ITI	5237711	0	1	33155	1	0	next	other	0
26	257	Sound	test	5257602	0	1			0		other	0
26	257	Picture	response	5270866	13264	1	5165	1	13100	25000	incorrect	591
26	257	Port Input	1	5275875	18273	1
26	257	Response	3	5275875	18273	1
26	258	Picture	ITI	5277031	0	1	30989	1	0	next	other	0
26	259	Sound	test	5295742	0	1			0		other	0
26	259	Picture	response	5308020	12278	1	7331	1	12250	25000	incorrect	596
26	259	Port Input	1	5315283	19541	1
26	259	Response	3	5315283	19541	1
26	260	Picture	ITI	5316351	0	1	26491	1	0	next	other	0
26	261	Sound	test	5327672	0	1			0		other	0
26	261	Picture	response	5342842	15170	1	5831	1	15000	25000	incorrect	601
26	261	Port Input	1	5348601	20929	1
26	261	Response	3	5348601	20929	1
26	262	Picture	ITI	5349673	0	1	26991	1	0	next	other	0
26	263	Sound	test	5361624	0	1			0		other	0
26	263	Picture	response	5376663	15040	1	4832	1	15000	25000	incorrect	606
26	263	Port Input	1	5381325	19701	1
26	263	Response	3	5381325	19701	1
26	264	Picture	ITI	5382328	0	1	25325	1	0	next	other	0
26	265	Sound	test	5393459	0	1			0		other	0
26	265	Picture	response	5407653	14193	1	6331	1	14020	25000	incorrect	611
26	265	Port Input	1	5413945	20485	1
26	265	Response	3	5413945	20485	1
26	266	Picture	ITI	5414984	0	1	34488	1	0	next	other	0
26	267	Sound	test	5434405	0	1			0		other	0
26	267	Picture	response	5449472	15067	1	4832	1	15000	25000	incorrect	616
26	267	Port Input	1	5454238	19833	1
26	267	Response	3	5454238	19833	1
26	268	Picture	ITI	5455303	0	1	28657	1	0	next	other	0
26	269	Sound	test	5472324	0	1			0		other	0
26	269	Picture	response	5483960	11636	1	7331	1	11450	25000	incorrect	621
26	269	Port Input	2	5491127	18802	1
26	269	Response	4	5491127	18802	1
26	270	Picture	ITI	5492124	0	1	23659	1	0	next	other	0
26	271	Sound	test	5504175	0	1			0		other	0
26	271	Picture	response	5515783	11607	1	9497	1	11450	25000	incorrect	626
26	271	Port Input	2	5525214	21039	1
26	271	Response	4	5525214	21039	1
26	272	Picture	ITI	5526279	0	1	20660	1	0	next	other	0
26	273	Sound	test	5536860	0	1			0		other	0
26	273	Picture	response	5546939	10078	1	8830	1	10000	25000	incorrect	631
26	273	Port Input	2	5555700	18840	1
26	273	Response	4	5555700	18840	1
26	274	Picture	ITI	5556769	0	1	29323	1	0	next	other	0
26	275	Sound	test	5573760	0	1			0		other	0
26	275	Picture	response	5586092	12332	1	8330	1	12250	25000	incorrect	636
26	275	Port Input	2	5594338	20578	1
26	275	Response	4	5594338	20578	1
26	276	Picture	ITI	5595422	0	1	26491	1	0	next	other	0
26	277	Sound	test	5611023	0	1			0		other	0
26	277	Picture	response	5621913	10890	1	8664	1	10700	25000	incorrect	641
26	277	Port Input	2	5630425	19401	1
26	277	Response	4	5630425	19401	1
26	278	Picture	ITI	5631410	0	1	25158	1	0	next	other	0
26	279	Sound	test	5642411	0	1			0		other	0
26	279	Picture	response	5656568	14157	1	5332	1	14020	25000	incorrect	646
26	279	Port Input	1	5661712	19301	1
26	279	Response	3	5661712	19301	1
26	280	Picture	ITI	5662732	0	1	27157	1	0	next	other	0
26	281	Sound	test	5677594	0	1			0		other	0
26	281	Picture	response	5689890	12296	1	9663	1	12250	25000	incorrect	651
26	281	Port Input	1	5699496	21902	1
26	281	Response	3	5699496	21902	1
26	282	Picture	ITI	5700553	0	1	26491	1	0	next	other	0
26	283	Sound	test	5711974	0	1			0		other	0
26	283	Picture	response	5727044	15070	1	5665	1	15000	25000	incorrect	656
26	283	Port Input	1	5732532	20558	1
26	283	Response	3	5732532	20558	1
26	284	Picture	ITI	5733542	0	1	24158	1	0	next	other	0
26	285	Sound	test	5744493	0	1			0		other	0
26	285	Picture	response	5757700	13207	1	7331	1	13100	25000	incorrect	661
26	285	Port Input	1	5764881	20389	1
26	285	Response	3	5764881	20389	1
26	286	Picture	ITI	5766030	0	1	29990	1	0	next	other	0
26	287	Sound	test	5781962	0	1			0		other	0
26	287	Picture	response	5796020	14059	1	6331	1	14020	25000	incorrect	666
26	287	Port Input	1	5802270	20308	1
26	287	Response	3	5802270	20308	1
26	288	Picture	ITI	5803351	0	1	28824	1	0	next	other	0
26	289	Sound	test	5821362	0	1			0		other	0
26	289	Picture	response	5832175	10812	1	15828	1	10700	25000	incorrect	671
26	289	Port Input	2	5847883	26521	1
26	289	Response	4	5847883	26521	1
26	290	Picture	ITI	5849002	0	1	25825	1	0	next	other	0
26	291	Sound	test	5864023	0	1			0		other	0
26	291	Picture	response	5874827	10803	1	8497	1	10700	25000	incorrect	676
26	291	Port Input	2	5883273	19249	1
26	291	Response	4	5883273	19249	1
26	292	Picture	ITI	5884323	0	1	22159	1	0	next	other	0
26	293	Sound	test	5894925	0	1			0		other	0
26	293	Picture	response	5906483	11558	1	10996	1	11450	25000	incorrect	681
26	293	Port Input	1	5917319	22395	1
26	293	Response	3	5917319	22395	1
26	294	Picture	ITI	5918312	0	1	26824	1	0	next	other	0
26	295	Sound	test	5931053	0	1			0		other	0
26	295	Picture	response	5945136	14083	1	5331	1	14020	25000	incorrect	686
26	295	Port Input	1	5950345	19292	1
26	295	Response	3	5950345	19292	1
26	296	Picture	ITI	5951467	0	1	28824	1	0	next	other	0
26	297	Sound	test	5967068	0	1			0		other	0
26	297	Picture	response	5980291	13222	1	10163	1	13100	25000	incorrect	691
26	297	Port Input	2	5990357	23289	1
26	297	Response	4	5990357	23289	1
26	298	Picture	ITI	5991453	0	1	28824	1	0	next	other	0
26	299	Sound	test	6007125	0	1			0		other	0
26	299	Picture	response	6020277	13152	1	5998	1	13100	25000	incorrect	696
26	299	Port Input	1	6026111	18986	1
26	299	Response	3	6026111	18986	1
26	300	Picture	ITI	6027108	0	1	24492	1	0	next	other	0
26	301	Sound	test	6041409	0	1			0		other	0
26	301	Picture	response	6051600	10190	1	8497	1	10000	25000	incorrect	701
26	301	Port Input	2	6059939	18529	1
26	301	Response	4	6059939	18529	1
26	302	Picture	ITI	6060930	0	1	24991	1	0	next	other	0
26	303	Sound	test	6075861	0	1			0		other	0
26	303	Picture	response	6085921	10060	1	7831	1	10000	25000	incorrect	706
26	303	Port Input	2	6093558	17697	1
26	303	Response	4	6093558	17697	1
26	304	Picture	ITI	6094585	0	1	25825	1	0	next	other	0
26	305	Sound	test	6107236	0	1			0		other	0
26	305	Picture	response	6120409	13173	1	6831	1	13100	25000	incorrect	711
26	305	Port Input	1	6127115	19879	1
26	305	Response	3	6127115	19879	1
26	306	Picture	ITI	6128073	0	1	20993	1	0	next	other	0
26	307	Sound	test	6138915	0	1			0		other	0
26	307	Picture	response	6149066	10152	1	11996	1	10000	25000	incorrect	716
26	307	Port Input	2	6160901	21986	1
26	307	Response	4	6160901	21986	1
26	308	Picture	ITI	6161895	0	1	24992	1	0	next	other	0
26	309	Sound	test	6176827	0	1			0		other	0
26	309	Picture	response	6186887	10060	1	7164	1	10000	25000	incorrect	721
26	309	Port Input	2	6194000	17173	1
26	309	Response	4	6194000	17173	1
26	310	Picture	ITI	6195051	0	1	22492	1	0	next	other	0
26	311	Sound	test	6205942	0	1			0		other	0
26	311	Picture	response	6217543	11601	1	8164	1	11450	25000	incorrect	726
26	311	Port Input	2	6225630	19689	1
26	311	Response	4	6225630	19689	1
26	312	Picture	ITI	6226706	0	1	22992	1	0	next	other	0
26	313	Sound	test	6237408	0	1			0		other	0
26	313	Picture	response	6249699	12291	1	6664	1	12250	25000	incorrect	731
26	313	Port Input	1	6256210	18802	1
26	313	Response	3	6256210	18802	1
26	314	Picture	ITI	6257196	0	1	30490	1	0	next	other	0
26	315	Sound	test	6273497	0	1			0		other	0
26	315	Picture	response	6287686	14188	1	4998	1	14020	25000	incorrect	736
26	315	Port Input	1	6292494	18997	1
26	315	Response	3	6292494	18997	1
26	316	Picture	ITI	6293517	0	1	22492	1	0	next	other	0
26	317	Sound	test	6304378	0	1			0		other	0
26	317	Picture	response	6316009	11631	1	17327	1	11450	25000	incorrect	741
26	317	Port Input	1	6333225	28847	1
26	317	Response	3	6333225	28847	1
26	318	Picture	ITI	6334170	0	1	22659	1	0	next	other	0
26	319	Sound	test	6345231	0	1			0		other	0
26	319	Picture	response	6356829	11598	1	9497	1	11450	25000	incorrect	746
26	319	Port Input	2	6366230	20999	1
26	319	Response	4	6366230	20999	1
26	441	Picture	resume	7576912	0	1	37987	1	0	next	other	0
26	441	Port Input	1	7613281	36369	1
26	441	Response	3	7613281	36369	1
26	442	Picture	ITI	7614899	0	1	10163	1	0	next	other	0
26	443	Picture	ITI	7625062	0	1	23325	1	0	next	other	0
26	444	Sound	test	7635103	0	1			0		other	0
26	444	Picture	response	7648388	13284	1	6998	1	13100	25000	incorrect	755
26	444	Port Input	1	7655209	20106	1
26	444	Response	3	7655209	20106	1
26	445	Picture	ITI	7656218	0	1	24658	1	0	next	other	0
26	446	Sound	test	7667709	0	1			0		other	0
26	446	Picture	response	7680876	13167	1	7331	1	13100	25000	incorrect	760
26	446	Port Input	1	7688162	20452	1
26	446	Response	3	7688162	20452	1
26	447	Picture	ITI	7689207	0	1	29490	1	0	next	other	0
26	448	Sound	test	7708648	0	1			0		other	0
26	448	Picture	response	7718697	10049	1	9497	1	10000	25000	incorrect	765
26	448	Port Input	2	7728070	19422	1
26	448	Response	4	7728070	19422	1
26	449	Picture	ITI	7729193	0	1	20826	1	0	next	other	0
26	450	Sound	test	7739255	0	1			0		other	0
26	450	Picture	response	7750020	10765	1	7831	1	10700	25000	incorrect	770
26	450	Port Input	2	7757649	18395	1
26	450	Response	4	7757649	18395	1
26	451	Picture	ITI	7758683	0	1	25158	1	0	next	other	0
26	452	Sound	test	7770624	0	1			0		other	0
26	452	Picture	response	7783841	13217	1	5831	1	13100	25000	incorrect	775
26	452	Port Input	1	7789572	18947	1
26	452	Response	3	7789572	18947	1
26	453	Picture	ITI	7790672	0	1	24158	1	0	next	other	0
26	454	Sound	test	7801674	0	1			0		other	0
26	454	Picture	response	7814831	13157	1	5665	1	13100	25000	incorrect	780
26	454	Port Input	1	7820390	18717	1
26	454	Response	3	7820390	18717	1
26	455	Picture	ITI	7821495	0	1	24658	1	0	next	other	0
26	456	Sound	test	7836066	0	1			0		other	0
26	456	Picture	response	7846153	10087	1	12329	1	10000	25000	incorrect	785
26	456	Port Input	2	7858393	22327	1
26	456	Response	4	7858393	22327	1
26	457	Picture	ITI	7859482	0	1	30323	1	0	next	other	0
26	458	Sound	test	7874643	0	1			0		other	0
26	458	Picture	response	7889805	15162	1	3832	1	15000	25000	incorrect	790
26	458	Port Input	1	7893574	18931	1
26	458	Response	3	7893574	18931	1
26	459	Picture	ITI	7894637	0	1	20826	1	0	next	other	0
26	460	Sound	test	7904668	0	1			0		other	0
26	460	Picture	response	7915463	10795	1	6664	1	10700	25000	incorrect	795
26	460	Port Input	1	7922081	17413	1
26	460	Response	3	7922081	17413	1
26	461	Picture	ITI	7923127	0	1	28657	1	0	next	other	0
26	462	Sound	test	7938638	0	1			0		other	0
26	462	Picture	response	7951784	13146	1	5665	1	13100	25000	incorrect	800
26	462	Port Input	1	7957367	18728	1
26	462	Response	3	7957367	18728	1
26	463	Picture	ITI	7958448	0	1	28490	1	0	next	other	0
26	464	Sound	test	7974590	0	1			0		other	0
26	464	Picture	response	7986939	12349	1	9997	1	12250	25000	incorrect	805
26	464	Port Input	2	7996785	22196	1
26	464	Response	4	7996785	22196	1
26	465	Picture	ITI	7997768	0	1	30656	1	0	next	other	0
26	466	Sound	test	8014250	0	1			0		other	0
26	466	Picture	response	8028424	14175	1	7164	1	14020	25000	incorrect	810
26	466	Port Input	1	8035444	21194	1
26	466	Response	3	8035444	21194	1
26	467	Picture	ITI	8036588	0	1	29323	1	0	next	other	0
26	468	Sound	test	8054330	0	1			0		other	0
26	468	Picture	response	8065912	11582	1	7664	1	11450	25000	incorrect	815
26	468	Port Input	2	8073436	19107	1
26	468	Response	4	8073436	19107	1
26	469	Picture	ITI	8074575	0	1	23325	1	0	next	other	0
26	470	Sound	test	8086277	0	1			0		other	0
26	470	Picture	response	8097901	11624	1	8830	1	11450	25000	incorrect	820
26	470	Port Input	2	8106556	20279	1
26	470	Response	4	8106556	20279	1
26	471	Picture	ITI	8107564	0	1	27157	1	0	next	other	0
26	472	Sound	test	8120605	0	1			0		other	0
26	472	Picture	response	8134721	14116	1	6165	1	14020	25000	incorrect	825
26	472	Port Input	1	8140821	20215	1
26	472	Response	3	8140821	20215	1
26	473	Picture	ITI	8141886	0	1	31323	1	0	next	other	0
26	474	Sound	test	8160837	0	1			0		other	0
26	474	Picture	response	8173208	12371	1	11163	1	12250	25000	incorrect	830
26	474	Port Input	1	8184300	23463	1
26	474	Response	3	8184300	23463	1
26	475	Picture	ITI	8185371	0	1	26991	1	0	next	other	0
26	476	Sound	test	8199112	0	1			0		other	0
26	476	Picture	response	8212362	13249	1	11663	1	13100	25000	incorrect	835
26	476	Port Input	1	8223968	24856	1
26	476	Response	3	8223968	24856	1
26	477	Picture	ITI	8225024	0	1	20826	1	0	next	other	0
26	478	Sound	test	8235755	0	1			0		other	0
26	478	Picture	response	8245850	10095	1	7164	1	10000	25000	incorrect	840
26	478	Port Input	2	8252934	17178	1
26	478	Response	4	8252934	17178	1
26	479	Picture	ITI	8254014	0	1	33655	1	0	next	other	0
26	480	Sound	test	8272595	0	1			0		other	0
26	480	Picture	response	8287669	15074	1	4998	1	15000	25000	incorrect	845
26	480	Port Input	1	8292550	19955	1
26	480	Response	3	8292550	19955	1
26	481	Picture	ITI	8293667	0	1	24658	1	0	next	other	0
26	482	Sound	test	8307508	0	1			0		other	0
26	482	Picture	response	8318325	10817	1	7331	1	10700	25000	incorrect	850
26	482	Port Input	2	8325482	17974	1
26	482	Response	4	8325482	17974	1
26	483	Picture	ITI	8326489	0	1	30989	1	0	next	other	0
26	484	Sound	test	8345961	0	1			0		other	0
26	484	Picture	response	8357479	11518	1	6998	1	11450	25000	incorrect	855
26	484	Port Input	1	8364287	18326	1
26	484	Response	3	8364287	18326	1
26	485	Picture	ITI	8365309	0	1	24158	1	0	next	other	0
26	486	Sound	test	8378621	0	1			0		other	0
26	486	Picture	response	8389468	10847	1	9997	1	10700	25000	incorrect	860
26	486	Port Input	1	8399322	20701	1
26	486	Response	3	8399322	20701	1
26	487	Picture	ITI	8400464	0	1	22659	1	0	next	other	0
26	488	Sound	test	8412365	0	1			0		other	0
26	488	Picture	response	8423123	10758	1	7664	1	10700	25000	incorrect	865
26	488	Port Input	1	8430640	18275	1
26	488	Response	3	8430640	18275	1
26	489	Picture	ITI	8431787	0	1	28823	1	0	next	other	0
26	490	Sound	test	8449728	0	1			0		other	0
26	490	Picture	response	8460610	10882	1	8497	1	10700	25000	incorrect	870
26	490	Port Input	1	8469060	19332	1
26	490	Response	3	8469060	19332	1
26	491	Picture	ITI	8470107	0	1	23992	1	0	next	other	0
26	492	Sound	test	8482548	0	1			0		other	0
26	492	Picture	response	8494099	11550	1	7497	1	11450	25000	incorrect	875
26	492	Port Input	1	8501409	18860	1
26	492	Response	3	8501409	18860	1
26	493	Picture	ITI	8502429	0	1	22992	1	0	next	other	0
26	494	Sound	test	8515260	0	1			0		other	0
26	494	Picture	response	8525421	10161	1	7164	1	10000	25000	incorrect	880
26	494	Port Input	1	8532467	17206	1
26	494	Response	3	8532467	17206	1
26	495	Picture	ITI	8533585	0	1	28324	1	0	next	other	0
26	496	Sound	test	8551807	0	1			0		other	0
26	496	Picture	response	8561909	10102	1	9164	1	10000	25000	incorrect	885
26	496	Port Input	2	8570886	19080	1
26	496	Response	4	8570886	19080	1
26	497	Picture	ITI	8571906	0	1	23825	1	0	next	other	0
26	498	Sound	test	8583367	0	1			0		other	0
26	498	Picture	response	8595731	12364	1	5998	1	12250	25000	incorrect	890
26	498	Port Input	1	8601632	18265	1
26	498	Response	3	8601632	18265	1
26	499	Picture	ITI	8602728	0	1	28490	1	0	next	other	0
26	500	Sound	test	8616100	0	1			0		other	0
26	500	Picture	response	8631219	15119	1	7664	1	15000	25000	incorrect	895
26	500	Port Input	1	8638801	22702	1
26	500	Response	3	8638801	22702	1
26	501	Picture	ITI	8639882	0	1	30989	1	0	next	other	0
26	502	Sound	test	8655813	0	1			0		other	0
26	502	Picture	response	8670872	15058	1	4832	1	15000	25000	incorrect	900
26	502	Port Input	1	8675617	19804	1
26	502	Response	3	8675617	19804	1
26	503	Picture	ITI	8676703	0	1	32989	1	0	next	other	0
26	504	Sound	test	8695534	0	1			0		other	0
26	504	Picture	response	8709692	14157	1	7997	1	14020	25000	incorrect	905
26	504	Port Input	1	8717608	22073	1
26	504	Response	3	8717608	22073	1
26	505	Picture	ITI	8718689	0	1	24158	1	0	next	other	0
26	506	Sound	test	8728740	0	1			0		other	0
26	506	Picture	response	8742847	14107	1	6831	1	14020	25000	incorrect	910
26	506	Port Input	1	8749603	20863	1
26	506	Response	3	8749603	20863	1
26	507	Picture	ITI	8750678	0	1	24825	1	0	next	other	0
26	508	Sound	test	8762279	0	1			0		other	0
26	508	Picture	response	8775503	13224	1	7164	1	13100	25000	incorrect	915
26	508	Port Input	1	8782618	20339	1
26	508	Response	3	8782618	20339	1
26	509	Picture	ITI	8783666	0	1	31656	1	0	next	other	0
26	510	Sound	test	8802948	0	1			0		other	0
26	510	Picture	response	8815322	12375	1	7498	1	12250	25000	incorrect	920
26	510	Port Input	1	8822662	19714	1
26	510	Response	3	8822662	19714	1
26	511	Picture	ITI	8823653	0	1	28823	1	0	next	other	0
26	512	Sound	test	8842374	0	1			0		other	0
26	512	Picture	response	8852476	10102	1	9497	1	10000	25000	incorrect	925
26	512	Port Input	2	8861883	19509	1
26	512	Response	4	8861883	19509	1
26	513	Picture	ITI	8862973	0	1	27324	1	0	next	other	0
26	514	Sound	test	8875124	0	1			0		other	0
26	514	Picture	response	8890297	15173	1	4165	1	15000	25000	incorrect	930
26	514	Port Input	1	8894357	19233	1
26	514	Response	3	8894357	19233	1
26	515	Picture	ITI	8895462	0	1	27990	1	0	next	other	0
26	516	Sound	test	8913263	0	1			0		other	0
26	516	Picture	response	8923452	10189	1	8331	1	10000	25000	incorrect	935
26	516	Port Input	2	8931599	18336	1
26	516	Response	4	8931599	18336	1
26	517	Picture	ITI	8932616	0	1	28990	1	0	next	other	0
26	518	Sound	test	8946467	0	1			0		other	0
26	518	Picture	response	8961606	15139	1	4332	1	15000	25000	incorrect	940
26	518	Port Input	1	8965864	19397	1
26	518	Response	3	8965864	19397	1
26	519	Picture	ITI	8966937	0	1	23325	1	0	next	other	0
26	520	Sound	test	8978738	0	1			0		other	0
26	520	Picture	response	8990263	11524	1	7831	1	11450	25000	incorrect	945
26	520	Port Input	1	8998005	19267	1
26	520	Response	3	8998005	19267	1
26	521	Picture	ITI	8999093	0	1	29657	1	0	next	other	0
26	522	Sound	test	9016474	0	1			0		other	0
26	522	Picture	response	9028749	12275	1	7331	1	12250	25000	incorrect	950
26	522	Port Input	1	9036008	19534	1
26	522	Response	3	9036008	19534	1
26	523	Picture	ITI	9037080	0	1	30156	1	0	next	other	0
26	524	Sound	test	9053951	0	1			0		other	0
26	524	Picture	response	9067236	13285	1	6498	1	13100	25000	incorrect	955
26	524	Port Input	1	9073584	19632	1
26	524	Response	3	9073584	19632	1
26	525	Picture	ITI	9074567	0	1	29323	1	0	next	other	0
26	526	Sound	test	9092388	0	1			0		other	0
26	526	Picture	response	9103890	11502	1	6831	1	11450	25000	incorrect	960
26	526	Port Input	1	9110618	18230	1
26	526	Response	3	9110618	18230	1
26	527	Picture	ITI	9111721	0	1	26824	1	0	next	other	0
26	528	Sound	test	9123472	0	1			0		other	0
26	528	Picture	response	9138545	15073	1	6331	1	15000	25000	incorrect	965
26	528	Port Input	1	9144706	21234	1
26	528	Response	3	9144706	21234	1
26	529	Picture	ITI	9145709	0	1	23159	1	0	next	other	0
26	530	Sound	test	9157981	0	1			0		other	0
26	530	Picture	response	9168868	10888	1	9497	1	10700	25000	incorrect	970
26	530	Port Input	2	9178242	20261	1
26	530	Response	4	9178242	20261	1
26	531	Picture	ITI	9179365	0	1	33988	1	0	next	other	0
26	532	Sound	test	9198246	0	1			0		other	0
26	532	Picture	response	9213353	15107	1	6831	1	15000	25000	incorrect	975
26	532	Port Input	1	9219993	21747	1
26	532	Response	3	9219993	21747	1
26	533	Picture	ITI	9221017	0	1	21659	1	0	next	other	0
26	534	Sound	test	9231108	0	1			0		other	0
26	534	Picture	response	9242676	11568	1	7831	1	11450	25000	incorrect	980
26	534	Port Input	1	9250416	19308	1
26	534	Response	3	9250416	19308	1
26	535	Picture	ITI	9251507	0	1	25325	1	0	next	other	0
26	536	Sound	test	9265248	0	1			0		other	0
26	536	Picture	response	9276831	11583	1	6498	1	11450	25000	incorrect	985
26	536	Port Input	1	9283182	17934	1
26	536	Response	3	9283182	17934	1
26	537	Picture	ITI	9284162	0	1	29823	1	0	next	other	0
26	538	Sound	test	9302353	0	1			0		other	0
26	538	Picture	response	9313985	11632	1	7664	1	11450	25000	incorrect	990
26	538	Port Input	1	9321507	19154	1
26	538	Response	3	9321507	19154	1
26	539	Picture	ITI	9322482	0	1	27324	1	0	next	other	0
26	540	Sound	test	9339704	0	1			0		other	0
26	540	Picture	response	9349806	10103	1	8330	1	10000	25000	incorrect	995
26	540	Port Input	2	9358042	18338	1
26	540	Response	4	9358042	18338	1
26	541	Picture	ITI	9359137	0	1	27491	1	0	next	other	0
26	542	Sound	test	9375748	0	1			0		other	0
26	542	Picture	response	9386627	10879	1	8164	1	10700	25000	incorrect	1000
26	542	Port Input	2	9394639	18891	1
26	542	Response	4	9394639	18891	1
26	543	Picture	ITI	9395791	0	1	23492	1	0	next	other	0
26	544	Sound	test	9406962	0	1			0		other	0
26	544	Picture	response	9419283	12321	1	7831	1	12250	25000	incorrect	1005
26	544	Port Input	1	9426936	19974	1
26	544	Response	3	9426936	19974	1
26	545	Picture	ITI	9427946	0	1	23992	1	0	next	other	0
26	546	Sound	test	9441868	0	1			0		other	0
26	546	Picture	response	9451938	10071	1	14828	1	10000	25000	incorrect	1010
26	546	Port Input	2	9466584	24716	1
26	546	Response	4	9466584	24716	1
26	547	Picture	ITI	9467600	0	1	26491	1	0	next	other	0
26	548	Sound	test	9478951	0	1			0		other	0
26	548	Picture	response	9494091	15140	1	3999	1	15000	25000	incorrect	1015
26	548	Port Input	1	9497975	19024	1
26	548	Response	3	9497975	19024	1
26	549	Picture	ITI	9499089	0	1	31989	1	0	next	other	0
26	550	Sound	test	9517800	0	1			0		other	0
26	550	Picture	response	9531078	13278	1	6331	1	13100	25000	incorrect	1020
26	550	Port Input	1	9537248	19448	1
26	550	Response	3	9537248	19448	1
26	551	Picture	ITI	9538242	0	1	24325	1	0	next	other	0
26	552	Sound	test	9552463	0	1			0		other	0
26	552	Picture	response	9562567	10104	1	9497	1	10000	25000	incorrect	1025
26	552	Port Input	2	9572013	19549	1
26	552	Response	4	9572013	19549	1
26	553	Picture	ITI	9573064	0	1	27157	1	0	next	other	0
26	554	Sound	test	9586035	0	2			0		other	0
26	554	Picture	response	9600221	14186	1	6664	1	14020	25000	incorrect	1030
26	554	Port Input	1	9606736	20700	1
26	554	Response	3	9606736	20700	1
26	555	Picture	ITI	9607885	0	1	26991	1	0	next	other	0
26	556	Sound	test	9624776	0	1			0		other	0
26	556	Picture	response	9634876	10100	1	8997	1	10000	25000	incorrect	1035
26	556	Port Input	2	9643791	19015	1
26	556	Response	4	9643791	19015	1
26	557	Picture	ITI	9644872	0	1	30156	1	0	next	other	0
26	558	Sound	test	9662704	0	1			0		other	0
26	558	Picture	response	9675029	12325	1	9997	1	12250	25000	incorrect	1040
26	558	Port Input	1	9684896	22193	1
26	558	Response	3	9684896	22193	1
26	559	Picture	ITI	9685858	0	1	21493	1	0	next	other	0
26	560	Sound	test	9697170	0	1			0		other	0
26	560	Picture	response	9707351	10181	1	8830	1	10000	25000	incorrect	1045
26	560	Port Input	2	9716048	18878	1
26	560	Response	4	9716048	18878	1
26	561	Picture	ITI	9717181	0	1	33988	1	0	next	other	0
26	562	Sound	test	9737112	0	1			0		other	0
26	562	Picture	response	9751169	14057	1	6998	1	14020	25000	incorrect	1050
26	562	Port Input	1	9757965	20853	1
26	562	Response	3	9757965	20853	1
26	563	Picture	ITI	9759000	0	1	27657	1	0	next	other	0
26	564	Sound	test	9771501	0	1			0		other	0
26	564	Picture	response	9786657	15156	1	4832	1	15000	25000	incorrect	1055
26	564	Port Input	1	9791314	19813	1
26	564	Response	3	9791314	19813	1
26	565	Picture	ITI	9792489	0	1	23825	1	0	next	other	0
26	566	Sound	test	9805480	0	1			0		other	0
26	566	Picture	response	9816314	10834	1	11163	1	10700	25000	incorrect	1060
26	566	Port Input	2	9827287	21807	1
26	566	Response	4	9827287	21807	1
26	567	Picture	ITI	9828310	0	1	21992	1	0	next	other	0
26	568	Sound	test	9839571	0	1			0		other	0
26	568	Picture	response	9850302	10731	1	10496	1	10700	25000	incorrect	1065
26	568	Port Input	2	9860750	21179	1
26	568	Response	4	9860750	21179	1
26	569	Picture	ITI	9861798	0	1	30823	1	0	next	other	0
26	570	Sound	test	9880320	0	1			0		other	0
26	570	Picture	response	9892621	12302	1	7331	1	12250	25000	incorrect	1070
26	570	Port Input	1	9899825	19505	1
26	570	Response	3	9899825	19505	1
26	571	Picture	ITI	9900952	0	1	32156	1	0	next	other	0
26	572	Sound	test	9920813	0	1			0		other	0
26	572	Picture	response	9933107	12294	1	9497	1	12250	25000	incorrect	1075
26	572	Port Input	1	9942492	21679	1
26	572	Response	3	9942492	21679	1
26	573	Picture	ITI	9943437	0	1	29823	1	0	next	other	0
26	574	Sound	test	9962508	0	1			0		other	0
26	574	Picture	response	9973260	10752	1	8331	1	10700	25000	incorrect	1080
26	574	Port Input	2	9981474	18965	1
26	574	Response	4	9981474	18965	1
26	575	Picture	ITI	9982590	0	1	22492	1	0	next	other	0
26	576	Sound	test	9994952	0	1			0		other	0
26	576	Picture	response	10005083	10131	1	8664	1	10000	25000	incorrect	1085
26	576	Port Input	2	10013625	18673	1
26	576	Response	4	10013625	18673	1
26	577	Picture	ITI	10014746	0	1	29490	1	0	next	other	0
26	578	Sound	test	10033467	0	1			0		other	0
26	578	Picture	response	10044236	10769	1	8497	1	10700	25000	incorrect	1090
26	578	Port Input	2	10052544	19077	1
26	578	Response	4	10052544	19077	1
26	579	Picture	ITI	10053566	0	1	34488	1	0	next	other	0
26	580	Sound	test	10072977	0	1			0		other	0
26	580	Picture	response	10088054	15077	1	7164	1	15000	25000	incorrect	1095
26	580	Port Input	1	10095065	22088	1
26	580	Response	3	10095065	22088	1
26	581	Picture	ITI	10096052	0	1	30323	1	0	next	other	0
26	582	Sound	test	10111343	0	1			0		other	0
26	582	Picture	response	10126375	15032	1	5665	1	15000	25000	incorrect	1100
26	582	Port Input	1	10131891	20549	1
26	582	Response	3	10131891	20549	1
26	583	Picture	ITI	10132872	0	1	31823	1	0	next	other	0
26	584	Sound	test	10149584	0	1			0		other	0
26	584	Picture	response	10164695	15111	1	4498	1	15000	25000	incorrect	1105
26	584	Port Input	1	10169113	19530	1
26	584	Response	3	10169113	19530	1
26	585	Picture	ITI	10170193	0	1	26991	1	0	next	other	0
26	586	Sound	test	10181994	0	1			0		other	0
26	586	Picture	response	10197184	15189	1	5165	1	15000	25000	incorrect	1110
26	586	Port Input	1	10202275	20280	1
26	586	Response	3	10202275	20280	1
26	587	Picture	ITI	10203348	0	1	21326	1	0	next	other	0
26	588	Sound	test	10214600	0	1			0		other	0
26	588	Picture	response	10224674	10075	1	9830	1	10000	25000	incorrect	1115
26	588	Port Input	2	10234405	19806	1
26	588	Response	4	10234405	19806	1
26	589	Picture	ITI	10235504	0	1	27491	1	0	next	other	0
26	590	Sound	test	10252835	0	1			0		other	0
26	590	Picture	response	10262995	10159	1	8664	1	10000	25000	incorrect	1120
26	590	Port Input	2	10271492	18656	1
26	590	Response	4	10271492	18656	1
26	591	Picture	ITI	10272491	0	1	27491	1	0	next	other	0
26	592	Sound	test	10289143	0	1			0		other	0
26	592	Picture	response	10299982	10839	1	7997	1	10700	25000	incorrect	1125
26	592	Port Input	2	10307881	18738	1
26	592	Response	4	10307881	18738	1
26	593	Picture	ITI	10308979	0	1	25491	1	0	next	other	0
26	594	Sound	test	10319401	0	1			0		other	0
26	594	Picture	response	10334470	15069	1	4832	1	15000	25000	incorrect	1130
26	594	Port Input	1	10339199	19798	1
26	594	Response	3	10339199	19798	1
26	595	Picture	ITI	10340302	0	1	25658	1	0	next	other	0
26	596	Sound	test	10350853	0	1			0		other	0
26	596	Picture	response	10365959	15107	1	4165	1	15000	25000	incorrect	1135
26	596	Port Input	1	10369924	19071	1
26	596	Response	3	10369924	19071	1
26	597	Picture	ITI	10370958	0	1	26658	1	0	next	other	0
26	598	Sound	test	10386019	0	1			0		other	0
26	598	Picture	response	10397615	11596	1	11163	1	11450	25000	incorrect	1140
26	598	Port Input	2	10408656	22637	1
26	598	Response	4	10408656	22637	1
26	599	Picture	ITI	10409778	0	1	24825	1	0	next	other	0
26	600	Sound	test	10424429	0	1			0		other	0
26	600	Picture	response	10434603	10174	1	8497	1	10000	25000	incorrect	1145
26	600	Port Input	2	10442910	18481	1
26	600	Response	4	10442910	18481	1
26	601	Picture	ITI	10443933	0	1	20826	1	0	next	other	0
26	602	Sound	test	10454694	0	1			0		other	0
26	602	Picture	response	10464759	10065	1	7664	1	10000	25000	incorrect	1150
26	602	Port Input	2	10472271	17577	1
26	602	Response	4	10472271	17577	1
26	603	Picture	ITI	10473256	0	1	29323	1	0	next	other	0
26	604	Sound	test	10489437	0	1			0		other	0
26	604	Picture	response	10502579	13142	1	5998	1	13100	25000	incorrect	1155
26	604	Port Input	1	10508514	19077	1
26	604	Response	3	10508514	19077	1
26	605	Picture	ITI	10509577	0	1	27157	1	0	next	other	0
26	606	Sound	test	10522688	0	1			0		other	0
26	606	Picture	response	10536734	14046	1	7997	1	14020	25000	incorrect	1160
26	606	Port Input	1	10544653	21965	1
26	606	Response	3	10544653	21965	1
26	607	Picture	ITI	10545731	0	1	26991	1	0	next	other	0
26	608	Sound	test	10560323	0	2			0		other	0
26	608	Picture	response	10572722	12400	1	14662	1	12250	25000	incorrect	1165
26	608	Port Input	1	10587321	26998	1
26	608	Response	3	10587321	26998	1
26	609	Picture	ITI	10588383	0	1	30823	1	0	next	other	0
26	610	Sound	test	10606035	0	1			0		other	0
26	610	Picture	response	10619206	13172	1	6831	1	13100	25000	incorrect	1170
26	610	Port Input	1	10625948	19913	1
26	610	Response	3	10625948	19913	1
26	611	Picture	ITI	10627037	0	1	27491	1	0	next	other	0
26	612	Sound	test	10644418	0	1			0		other	0
26	612	Picture	response	10654528	10109	1	8497	1	10000	25000	incorrect	1175
26	612	Port Input	2	10662983	18565	1
26	612	Response	4	10662983	18565	1
26	613	Picture	ITI	10664024	0	1	31323	1	0	next	other	0
26	614	Sound	test	10680315	0	1			0		other	0
26	614	Picture	response	10695347	15031	1	5165	1	15000	25000	incorrect	1180
26	614	Port Input	1	10700340	20024	1
26	614	Response	3	10700340	20024	1
26	615	Picture	ITI	10701345	0	1	31489	1	0	next	other	0
26	616	Sound	test	10718676	0	1			0		other	0
26	616	Picture	response	10732834	14158	1	6664	1	14020	25000	incorrect	1185
26	616	Port Input	1	10739363	20687	1
26	616	Response	3	10739363	20687	1
26	617	Picture	ITI	10740332	0	1	32156	1	0	next	other	0
26	618	Sound	test	10758353	0	1			0		other	0
26	618	Picture	response	10772487	14134	1	6331	1	14020	25000	incorrect	1190
26	618	Port Input	1	10778698	20346	1
26	618	Response	3	10778698	20346	1
26	619	Picture	ITI	10779818	0	1	25325	1	0	next	other	0
26	620	Sound	test	10794319	0	1			0		other	0
26	620	Picture	response	10805143	10823	1	7831	1	10700	25000	incorrect	1195
26	620	Port Input	2	10812870	18550	1
26	620	Response	4	10812870	18550	1
26	621	Picture	ITI	10813973	0	1	28490	1	0	next	other	0
26	622	Sound	test	10830174	0	1			0		other	0
26	622	Picture	response	10842463	12289	1	6831	1	12250	25000	incorrect	1200
26	622	Port Input	1	10849206	19032	1
26	622	Response	3	10849206	19032	1
26	623	Picture	ITI	10850294	0	1	32822	1	0	next	other	0
26	624	Sound	test	10867975	0	1			0		other	0
26	624	Picture	response	10883116	15141	1	7331	1	15000	25000	incorrect	1205
26	624	Port Input	1	10890343	22368	1
26	624	Response	3	10890343	22368	1
26	625	Picture	ITI	10891447	0	1	24991	1	0	next	other	0
26	626	Sound	test	10904848	0	1			0		other	0
26	626	Picture	response	10916438	11590	1	14162	1	11450	25000	incorrect	1210
26	626	Port Input	1	10930532	25685	1
26	626	Response	3	10930532	25685	1
26	627	Picture	ITI	10931600	0	1	28657	1	0	next	other	0
26	628	Sound	test	10946101	0	1			0		other	0
26	628	Picture	response	10960256	14156	1	6498	1	14020	25000	incorrect	1215
26	628	Port Input	1	10966713	20612	1
26	628	Response	3	10966713	20612	1
26	629	Picture	ITI	10967754	0	1	22326	1	0	next	other	0
26	630	Sound	test	10980005	0	1			0		other	0
26	630	Picture	response	10990080	10074	1	8497	1	10000	25000	incorrect	1220
26	630	Port Input	2	10998458	18453	1
26	630	Response	4	10998458	18453	1
26	631	Picture	ITI	10999410	0	1	26991	1	0	next	other	0
26	632	Sound	test	11012241	0	1			0		other	0
26	632	Picture	response	11026401	14160	1	5165	1	14020	25000	incorrect	1225
26	632	Port Input	1	11031411	19170	1
26	632	Response	3	11031411	19170	1
26	633	Picture	ITI	11032565	0	1	21826	1	0	next	other	0
26	634	Sound	test	11042756	0	1			0		other	0
26	634	Picture	response	11054391	11635	1	12329	1	11450	25000	incorrect	1230
26	634	Port Input	2	11066582	23826	1
26	634	Response	4	11066582	23826	1
26	635	Picture	ITI	11067553	0	1	22992	1	0	next	other	0
26	636	Sound	test	11078914	0	1			0		other	0
26	636	Picture	response	11090545	11631	1	8997	1	11450	25000	incorrect	1235
26	636	Port Input	2	11099442	20527	1
26	636	Response	4	11099442	20527	1
26	637	Picture	ITI	11100542	0	1	27657	1	0	next	other	0
26	638	Sound	test	11114043	0	1			0		other	0
26	638	Picture	response	11128199	14156	1	9330	1	14020	25000	incorrect	1240
26	638	Port Input	1	11137392	23349	1
26	638	Response	3	11137392	23349	1
26	639	Picture	ITI	11138529	0	1	22826	1	0	next	other	0
26	640	Sound	test	11150540	0	1			0		other	0
26	640	Picture	response	11161354	10814	1	9330	1	10700	25000	incorrect	1245
26	640	Port Input	1	11170512	19972	1
26	640	Response	3	11170512	19972	1
26	641	Picture	ITI	11171518	0	1	33489	1	0	next	other	0
26	642	Sound	test	11190799	0	1			0		other	0
26	642	Picture	response	11205006	14207	1	5332	1	14020	25000	incorrect	1250
26	642	Port Input	1	11210274	19476	1
26	642	Response	3	11210274	19476	1
26	643	Picture	ITI	11211337	0	1	27657	1	0	next	other	0
26	644	Sound	test	11225809	0	1			0		other	0
26	644	Picture	response	11238995	13186	1	7831	1	13100	25000	incorrect	1255
26	644	Port Input	1	11246663	20855	1
26	644	Response	3	11246663	20855	1
26	645	Picture	ITI	11247658	0	1	29490	1	0	next	other	0
26	646	Sound	test	11263960	0	1			0		other	0
26	646	Picture	response	11277148	13189	1	7331	1	13100	25000	incorrect	1260
26	646	Port Input	1	11284333	20373	1
26	646	Response	3	11284333	20373	1
26	647	Picture	ITI	11285312	0	1	28324	1	0	next	other	0
26	648	Sound	test	11298483	0	1			0		other	0
26	648	Picture	response	11313636	15152	1	6998	1	15000	25000	incorrect	1265
26	648	Port Input	1	11320430	21947	1
26	648	Response	3	11320430	21947	1
26	649	Picture	ITI	11321466	0	1	27491	1	0	next	other	0
26	650	Sound	test	11336578	0	1			0		other	0
26	650	Picture	response	11348957	12379	1	10663	1	12250	25000	incorrect	1270
26	650	Port Input	2	11359547	22970	1
26	650	Response	4	11359547	22970	1
26	651	Picture	ITI	11360620	0	1	27990	1	0	next	other	0
26	652	Sound	test	11377091	0	1			0		other	0
26	652	Picture	response	11388610	11519	1	12662	1	11450	25000	incorrect	1275
26	652	Port Input	1	11401121	24030	1
26	652	Response	3	11401121	24030	1
26	653	Picture	ITI	11402105	0	1	30156	1	0	next	other	0
26	654	Sound	test	11419907	0	1			0		other	0
26	654	Picture	response	11432262	12355	1	11829	1	12250	25000	incorrect	1280
26	654	Port Input	1	11444007	24100	1
26	654	Response	3	11444007	24100	1
26	655	Picture	ITI	11445091	0	1	29823	1	0	next	other	0
26	656	Sound	test	11461642	0	1			0		other	0
26	656	Picture	response	11474914	13272	1	7164	1	13100	25000	incorrect	1285
26	656	Port Input	1	11481947	20305	1
26	656	Response	3	11481947	20305	1
26	657	Picture	ITI	11482911	0	1	24492	1	0	next	other	0
26	658	Sound	test	11494133	0	1			0		other	0
26	658	Picture	response	11507403	13270	1	7831	1	13100	25000	incorrect	1290
26	658	Port Input	1	11515150	21018	1
26	658	Response	3	11515150	21018	1
26	659	Picture	ITI	11516233	0	1	31822	1	0	next	other	0
26	660	Sound	test	11533994	0	1			0		other	0
26	660	Picture	response	11548056	14061	1	6998	1	14020	25000	incorrect	1295
26	660	Port Input	1	11554975	20980	1
26	660	Response	3	11554975	20980	1
26	661	Picture	ITI	11556053	0	1	27157	1	0	next	other	0
26	662	Sound	test	11570784	0	1			0		other	0
26	662	Picture	response	11583210	12426	1	9164	1	12250	25000	incorrect	1300
26	662	Port Input	1	11592301	21517	1
26	662	Response	3	11592301	21517	1
26	663	Picture	ITI	11593374	0	1	28824	1	0	next	other	0
26	664	Sound	test	11610565	0	1			0		other	0
26	664	Picture	response	11622197	11632	1	9164	1	11450	25000	incorrect	1305
26	664	Port Input	2	11631251	20686	1
26	664	Response	4	11631251	20686	1
26	665	Picture	ITI	11632360	0	1	29657	1	0	next	other	0
26	666	Sound	test	11649631	0	1			0		other	0
26	666	Picture	response	11662017	12385	1	8997	1	12250	25000	incorrect	1310
26	666	Port Input	1	11670972	21340	1
26	666	Response	3	11670972	21340	1
26	667	Picture	ITI	11672013	0	1	26824	1	0	next	other	0
26	668	Sound	test	11684765	0	1			0		other	0
26	668	Picture	response	11698838	14073	1	6664	1	14020	25000	incorrect	1315
26	668	Port Input	1	11705351	20587	1
26	668	Response	3	11705351	20587	1
26	669	Picture	ITI	11706335	0	1	28157	1	0	next	other	0
26	670	Sound	test	11724316	0	1			0		other	0
26	670	Picture	response	11734492	10176	1	10830	1	10000	25000	incorrect	1320
26	670	Port Input	2	11745228	20912	1
26	670	Response	4	11745228	20912	1
26	671	Picture	ITI	11746321	0	1	31156	1	0	next	other	0
26	672	Sound	test	11762433	0	1			0		other	0
26	672	Picture	response	11777477	15045	1	4832	1	15000	25000	incorrect	1325
26	672	Port Input	1	11782200	19768	1
26	672	Response	3	11782200	19768	1
26	673	Picture	ITI	11783309	0	1	20160	1	0	next	other	0
26	674	Picture	Instruction	11803468	0	1	252801	1	0	next	other	0
26	674	Quit		12050592	247124	NA


{
   "app": "Presentation Version 20.2 Build 07.25.18",
   "device": "LENOVO 10A8S1PC00",
   "experiment": "{772213B2-5F0F-4A35-9C2F-36954700C7EA}",
   "os": "Windows 7 64 bit",
   "package": "",
   "parameters": {
      "configuration": "Default configuration"
   },
   "scenario": "Timing Task with Dynanometer.sce",
   "subject": "26",
   "timestamp": "2019/03/10 01:02:32 GMT"
}
