Scenario - Timing Task
Logfile written - 03/09/2019 16:02:45

Subject	Trial	Event Type	Code	Time	TTime	Uncertainty	Duration	Uncertainty	ReqTime	ReqDur	Stim Type	Pair Index

3	1	Picture	Instruction	500	0	1	30156	1	0	next	other	0
3	1	Response	1	25583	25084	1
3	2	Picture	ITI	30656	0	1	10830	1	0	next	other	0
3	3	Sound	Stimuli	40672	0	702			0		other	0
3	4	Picture	Feedback	71309	0	1	20160	1	0	next	other	0
3	5	Picture	ITI	91469	0	1	10163	1	0	next	other	0
3	6	Sound	Stimuli	101470	0	1			0		other	0
3	7	Picture	Feedback	136620	0	1	20160	1	0	next	other	0
3	8	Picture	ITI	156780	0	1	10163	1	0	next	other	0
3	9	Sound	Stimuli	166781	0	1			0		other	0
3	10	Picture	Feedback	196933	0	1	20160	1	0	next	other	0
3	11	Picture	ITI	217092	0	1	10163	1	0	next	other	0
3	12	Sound	Stimuli	227094	0	1			0		other	0
3	13	Picture	Feedback	262077	0	1	20160	1	0	next	other	0
3	14	Picture	ITI	282237	0	1	10163	1	0	next	other	0
3	15	Sound	Stimuli	292238	0	1			0		other	0
3	16	Picture	Feedback	322390	0	1	20160	1	0	next	other	0
3	17	Picture	ITI	342549	0	1	10163	1	0	next	other	0
3	18	Sound	Stimuli	352551	0	1			0		other	0
3	19	Picture	Feedback	387701	0	1	20160	1	0	next	other	0
3	20	Picture	ITI	407861	0	1	10163	1	0	next	other	0
3	21	Sound	Stimuli	417862	0	1			0		other	0
3	22	Picture	Feedback	448013	0	1	20160	1	0	next	other	0
3	23	Picture	ITI	468173	0	1	10163	1	0	next	other	0
3	24	Sound	Stimuli	478174	0	1			0		other	0
3	25	Picture	Feedback	513324	0	1	20160	1	0	next	other	0
3	26	Picture	ITI	533484	0	1	10163	1	0	next	other	0
3	27	Sound	Stimuli	543485	0	1			0		other	0
3	28	Picture	Feedback	573471	0	1	20160	1	0	next	other	0
3	29	Picture	ITI	593630	0	1	10163	1	0	next	other	0
3	30	Sound	Stimuli	603632	0	1			0		other	0
3	31	Picture	Feedback	638782	0	1	20326	1	0	next	other	0
3	32	Picture	End_Block	659108	0	1	52815	1	0	next	other	0
3	32	Response	1	711815	52707	0
3	33	Picture	ITI	711923	0	1	10163	1	0	next	other	0
3	34	Picture	Break	722087	0	1	23325	1	0	next	other	0
3	34	Response	1	745334	23248	0
3	35	Picture	ITI	745412	0	1	10163	1	0	next	other	0
3	36	Picture	Instruction	755575	0	1	38987	1	0	next	other	0
3	36	Response	1	789414	33839	0
3	37	Picture	ITI	794562	0	1	25658	1	0	next	other	0
3	38	Sound	Practice	810073	0	1			0		other	0
3	38	Picture	response	820220	10146	1	7831	1	10000	25000	hit	45
3	38	Port Input	1	827911	17838	1
3	38	Response	3	827911	17838	1
3	39	Picture	ITI	838047	0	1	32156	1	0	next	other	0
3	40	Sound	Practice	855129	0	1			0		other	0
3	40	Picture	response	870203	15074	1	3665	1	15000	25000	hit	50
3	40	Port Input	2	873816	18688	1
3	40	Response	4	873816	18688	1
3	41	Picture	ITI	883865	0	1	22992	1	0	next	other	0
3	42	Sound	Practice	896776	0	1			0		other	0
3	42	Picture	response	906857	10081	1	8497	1	10000	25000	hit	55
3	42	Port Input	1	915161	18385	1
3	42	Response	3	915161	18385	1
3	43	Picture	ITI	925350	0	1	30156	1	0	next	other	0
3	44	Sound	Practice	940462	0	1			0		other	0
3	44	Picture	response	955507	15045	1	4332	1	15000	25000	hit	60
3	44	Port Input	2	959692	19230	1
3	44	Response	4	959692	19230	1
3	45	Picture	ITI	969835	0	1	28990	1	0	next	other	0
3	46	Sound	Practice	988767	0	1			0		other	0
3	46	Picture	response	998825	10059	1	6998	1	10000	25000	hit	65
3	46	Port Input	1	1005629	16862	1
3	46	Response	3	1005629	16862	1
3	47	Picture	ITI	1015820	0	1	29157	1	0	next	other	0
3	48	Sound	Practice	1034791	0	1			0		other	0
3	48	Picture	response	1044976	10185	1	9497	1	10000	25000	hit	70
3	48	Port Input	1	1054335	19544	1
3	48	Response	3	1054335	19544	1
3	49	Picture	ITI	1064470	0	1	21326	1	0	next	other	0
3	50	Sound	Practice	1075721	0	1			0		other	0
3	50	Picture	response	1085796	10075	1	11163	1	10000	25000	hit	75
3	50	Port Input	1	1096794	21073	1
3	50	Response	3	1096794	21073	1
3	51	Picture	ITI	1106955	0	1	22159	1	0	next	other	0
3	52	Sound	Practice	1119026	0	1			0		other	0
3	52	Picture	response	1129114	10088	1	4998	1	10000	25000	hit	80
3	52	Port Input	1	1133912	14886	1
3	52	Response	3	1133912	14886	1
3	53	Picture	ITI	1143942	0	1	20660	1	0	next	other	0
3	54	Sound	Practice	1154454	0	1			0		other	0
3	54	Picture	response	1164602	10148	1	7164	1	10000	25000	hit	85
3	54	Port Input	1	1171592	17138	1
3	54	Response	3	1171592	17138	1
3	55	Picture	ITI	1181763	0	1	29490	1	0	next	other	0
3	56	Sound	Practice	1196174	0	1			0		other	0
3	56	Picture	response	1211253	15079	1	4332	1	15000	25000	hit	90
3	56	Port Input	2	1215540	19366	1
3	56	Response	4	1215540	19366	1
3	57	Picture	ITI	1225581	0	1	20326	1	0	next	other	0
3	58	Sound	Practice	1235873	0	1			0		other	0
3	58	Picture	response	1245908	10035	1	9663	1	10000	25000	hit	95
3	58	Port Input	1	1255386	19513	1
3	58	Response	3	1255386	19513	1
3	59	Picture	ITI	1265568	0	1	24658	1	0	next	other	0
3	60	Sound	Practice	1280139	0	1			0		other	0
3	60	Picture	response	1290226	10087	1	4665	1	10000	25000	hit	100
3	60	Port Input	1	1294815	14676	1
3	60	Response	3	1294815	14676	1
3	61	Picture	ITI	1304887	0	1	26658	1	0	next	other	0
3	62	Sound	Practice	1321379	0	1			0		other	0
3	62	Picture	response	1331545	10166	1	4332	1	10000	25000	hit	105
3	62	Port Input	1	1335671	14292	1
3	62	Response	3	1335671	14292	1
3	63	Picture	ITI	1345707	0	1	22826	1	0	next	other	0
3	64	Sound	Practice	1358488	0	1			0		other	0
3	64	Picture	response	1368532	10044	1	4332	1	10000	25000	hit	110
3	64	Port Input	1	1372664	14176	1
3	64	Response	3	1372664	14176	1
3	65	Picture	ITI	1382694	0	1	26824	1	0	next	other	0
3	66	Sound	Practice	1399456	0	1			0		other	0
3	66	Picture	response	1409518	10063	1	5998	1	10000	25000	hit	115
3	66	Port Input	1	1415414	15959	1
3	66	Response	3	1415414	15959	1
3	67	Picture	ITI	1425513	0	1	30989	1	0	next	other	0
3	68	Sound	Practice	1441424	0	1			0		other	0
3	68	Picture	response	1456502	15078	1	4499	1	15000	25000	hit	120
3	68	Port Input	2	1460914	19490	1
3	68	Response	4	1460914	19490	1
3	69	Picture	ITI	1470997	0	1	25325	1	0	next	other	0
3	70	Sound	Practice	1481239	0	1			0		other	0
3	70	Picture	response	1496322	15083	1	4499	1	15000	25000	hit	125
3	70	Port Input	2	1500645	19406	1
3	70	Response	4	1500645	19406	1
3	71	Picture	ITI	1510817	0	1	30656	1	0	next	other	0
3	72	Sound	Practice	1526409	0	1			0		other	0
3	72	Picture	response	1541473	15065	1	4498	1	15000	25000	hit	130
3	72	Port Input	2	1545780	19371	1
3	72	Response	4	1545780	19371	1
3	73	Picture	ITI	1555968	0	1	22659	1	0	next	other	0
3	74	Sound	Practice	1568560	0	1			0		other	0
3	74	Picture	response	1578627	10067	1	7831	1	10000	25000	hit	135
3	74	Port Input	1	1586375	17816	1
3	74	Response	3	1586375	17816	1
3	75	Picture	ITI	1596455	0	1	29323	1	0	next	other	0
3	76	Sound	Practice	1610606	0	1			0		other	0
3	76	Picture	response	1625778	15172	1	5831	1	15000	25000	hit	140
3	76	Port Input	2	1631479	20873	1
3	76	Response	4	1631479	20873	1
3	77	Picture	ITI	1641606	0	1	22992	1	0	next	other	0
3	78	Sound	Practice	1654437	0	1			0		other	0
3	78	Picture	response	1664598	10161	1	3832	1	10000	25000	hit	145
3	78	Port Input	1	1668378	13941	1
3	78	Response	3	1668378	13941	1
3	79	Picture	ITI	1678427	0	1	31989	1	0	next	other	0
3	80	Sound	Practice	1695358	0	1			0		other	0
3	80	Picture	response	1710416	15058	1	4332	1	15000	25000	hit	150
3	80	Port Input	2	1714648	19290	1
3	80	Response	4	1714648	19290	1
3	81	Picture	ITI	1724744	0	1	24492	1	0	next	other	0
3	82	Sound	Practice	1739145	0	1			0		other	0
3	82	Picture	response	1749236	10090	1	5498	1	10000	25000	hit	155
3	82	Port Input	1	1754577	15432	1
3	82	Response	3	1754577	15432	1
3	83	Picture	ITI	1764730	0	1	21659	1	0	next	other	0
3	84	Sound	Practice	1776302	0	1			0		other	0
3	84	Picture	response	1786390	10088	1	5165	1	10000	25000	hit	160
3	84	Port Input	1	1791435	15133	1
3	84	Response	3	1791435	15133	1
3	85	Picture	ITI	1801551	0	1	30490	1	0	next	other	0
3	86	Sound	Practice	1817003	0	1			0		other	0
3	86	Picture	response	1832041	15038	1	5831	1	15000	25000	hit	165
3	86	Port Input	2	1837705	20702	1
3	86	Response	4	1837705	20702	1
3	87	Picture	Break	1847869	0	1	17494	1	0	next	other	0
3	87	Response	1	1865241	17372	0
3	88	Picture	Instruction	1865363	0	1	91469	1	0	next	other	0
3	88	Response	1	1956759	91396	0
3	89	Picture	ITI	1956832	0	1	15161	1	0	next	other	0
3	90	Picture	ITI	1971993	0	1	20993	1	0	next	other	0
3	91	Sound	test	1982854	0	1			0		other	0
3	91	Picture	response	1992986	10132	1	5498	1	10000	25000	incorrect	175
3	91	Port Input	1	1998421	15566	1
3	91	Response	3	1998421	15566	1
3	92	Picture	ITI	1999484	0	1	29657	1	0	next	other	0
3	93	Sound	test	2019015	0	1			0		other	0
3	93	Picture	response	2029140	10125	1	5831	1	10000	25000	incorrect	180
3	93	Port Input	1	2034914	15899	1
3	93	Response	3	2034914	15899	1
3	94	Picture	ITI	2035971	0	1	28990	1	0	next	other	0
3	95	Sound	test	2052632	0	1			0		other	0
3	95	Picture	response	2064961	12329	1	13995	1	12250	25000	incorrect	185
3	95	Port Input	2	2078903	26271	1
3	95	Response	4	2078903	26271	1
3	96	Picture	ITI	2079956	0	1	29157	1	0	next	other	0
3	97	Sound	test	2096777	0	1			0		other	0
3	97	Picture	response	2109113	12335	1	11996	1	12250	25000	incorrect	190
3	97	Port Input	2	2120988	24210	1
3	97	Response	4	2120988	24210	1
3	98	Picture	ITI	2121942	0	1	24825	1	0	next	other	0
3	99	Sound	test	2135233	0	1			0		other	0
3	99	Picture	response	2146767	11534	1	5998	1	11450	25000	incorrect	195
3	99	Port Input	1	2152619	17386	1
3	99	Response	3	2152619	17386	1
3	100	Picture	ITI	2153764	0	1	30490	1	0	next	other	0
3	101	Sound	test	2169175	0	1			0		other	0
3	101	Picture	response	2184254	15078	1	4498	1	15000	25000	incorrect	200
3	101	Port Input	2	2188560	19385	1
3	101	Response	4	2188560	19385	1
3	102	Picture	ITI	2189585	0	1	26824	1	0	next	other	0
3	103	Sound	test	2203206	0	1			0		other	0
3	103	Picture	response	2216410	13203	1	3999	1	13100	25000	incorrect	205
3	103	Port Input	2	2220358	17151	1
3	103	Response	4	2220358	17151	1
3	104	Picture	ITI	2221408	0	1	27157	1	0	next	other	0
3	105	Sound	test	2238479	0	1			0		other	0
3	105	Picture	response	2248565	10086	1	4165	1	10000	25000	incorrect	210
3	105	Port Input	1	2252603	14124	1
3	105	Response	3	2252603	14124	1
3	106	Picture	ITI	2253563	0	1	30323	1	0	next	other	0
3	107	Sound	test	2268825	0	1			0		other	0
3	107	Picture	response	2283886	15062	1	8664	1	15000	25000	incorrect	215
3	107	Port Input	2	2292501	23676	1
3	107	Response	4	2292501	23676	1
3	108	Picture	ITI	2293550	0	1	23492	1	0	next	other	0
3	109	Sound	test	2306191	0	1			0		other	0
3	109	Picture	response	2317042	10851	1	4332	1	10700	25000	incorrect	220
3	109	Port Input	1	2321216	15026	1
3	109	Response	3	2321216	15026	1
3	110	Picture	ITI	2322373	0	1	29323	1	0	next	other	0
3	111	Sound	test	2336625	0	1			0		other	0
3	111	Picture	response	2351697	15072	1	6498	1	15000	25000	incorrect	225
3	111	Port Input	2	2358064	21439	1
3	111	Response	4	2358064	21439	1
3	112	Picture	ITI	2359194	0	1	30823	1	0	next	other	0
3	113	Sound	test	2378465	0	1			0		other	0
3	113	Picture	response	2390017	11552	1	4998	1	11450	25000	incorrect	230
3	113	Port Input	1	2394911	16446	1
3	113	Response	3	2394911	16446	1
3	114	Picture	ITI	2395848	0	1	28324	1	0	next	other	0
3	115	Sound	test	2414049	0	1			0		other	0
3	115	Picture	response	2424172	10122	1	4165	1	10000	25000	incorrect	235
3	115	Port Input	1	2428176	14127	1
3	115	Response	3	2428176	14127	1
3	116	Picture	ITI	2429170	0	1	31656	1	0	next	other	0
3	117	Sound	test	2447571	0	1			0		other	0
3	117	Picture	response	2460826	13255	1	4498	1	13100	25000	incorrect	240
3	117	Port Input	1	2465190	17619	1
3	117	Response	3	2465190	17619	1
3	118	Picture	ITI	2466157	0	1	30823	1	0	next	other	0
3	119	Sound	test	2481869	0	1			0		other	0
3	119	Picture	response	2496980	15112	1	4332	1	15000	25000	incorrect	245
3	119	Port Input	2	2501132	19263	1
3	119	Response	4	2501132	19263	1
3	120	Picture	ITI	2502145	0	1	32322	1	0	next	other	0
3	121	Sound	test	2519417	0	1			0		other	0
3	121	Picture	response	2534467	15051	1	4498	1	15000	25000	incorrect	250
3	121	Port Input	2	2538791	19374	1
3	121	Response	4	2538791	19374	1
3	122	Picture	ITI	2539799	0	1	33988	1	0	next	other	0
3	123	Sound	test	2558611	0	1			0		other	0
3	123	Picture	response	2573787	15177	1	4498	1	15000	25000	incorrect	255
3	123	Port Input	2	2578241	19631	1
3	123	Response	4	2578241	19631	1
3	124	Picture	ITI	2579286	0	1	27990	1	0	next	other	0
3	125	Sound	test	2594087	0	1			0		other	0
3	125	Picture	response	2607276	13189	1	5165	1	13100	25000	incorrect	260
3	125	Port Input	1	2612256	18170	1
3	125	Response	3	2612256	18170	1
3	126	Picture	ITI	2613274	0	1	31156	1	0	next	other	0
3	127	Sound	test	2631285	0	1			0		other	0
3	127	Picture	response	2644430	13145	1	7997	1	13100	25000	incorrect	265
3	127	Port Input	2	2652248	20963	1
3	127	Response	4	2652248	20963	1
3	128	Picture	ITI	2653260	0	1	31656	1	0	next	other	0
3	129	Sound	test	2671682	0	1			0		other	0
3	129	Picture	response	2684916	13235	1	3999	1	13100	25000	incorrect	270
3	129	Port Input	2	2688804	17122	1
3	129	Response	4	2688804	17122	1
3	130	Picture	ITI	2689748	0	1	24325	1	0	next	other	0
3	131	Sound	test	2703249	0	1			0		other	0
3	131	Picture	response	2714073	10824	1	4998	1	10700	25000	incorrect	275
3	131	Port Input	1	2718998	15749	1
3	131	Response	3	2718998	15749	1
3	132	Picture	ITI	2720071	0	1	28990	1	0	next	other	0
3	133	Sound	test	2737522	0	1			0		other	0
3	133	Picture	response	2749061	11539	1	4832	1	11450	25000	incorrect	280
3	133	Port Input	1	2753784	16262	1
3	133	Response	3	2753784	16262	1
3	134	Picture	ITI	2754892	0	1	27824	1	0	next	other	0
3	135	Sound	test	2772623	0	1			0		other	0
3	135	Picture	response	2782716	10093	1	4165	1	10000	25000	incorrect	285
3	135	Port Input	1	2786705	14082	1
3	135	Response	3	2786705	14082	1
3	136	Picture	ITI	2787881	0	1	28157	1	0	next	other	0
3	137	Sound	test	2804482	0	1			0		other	0
3	137	Picture	response	2816038	11556	1	3999	1	11450	25000	incorrect	290
3	137	Port Input	1	2819867	15385	1
3	137	Response	3	2819867	15385	1
3	138	Picture	ITI	2820870	0	1	33155	1	0	next	other	0
3	139	Sound	test	2839841	0	1			0		other	0
3	139	Picture	response	2854025	14184	1	3499	1	14020	25000	incorrect	295
3	139	Port Input	2	2857464	17623	1
3	139	Response	4	2857464	17623	1
3	140	Picture	ITI	2858524	0	1	29990	1	0	next	other	0
3	141	Sound	test	2877665	0	1			0		other	0
3	141	Picture	response	2888513	10848	1	4832	1	10700	25000	incorrect	300
3	141	Port Input	1	2893176	15511	1
3	141	Response	3	2893176	15511	1
3	142	Picture	ITI	2894178	0	1	30989	1	0	next	other	0
3	143	Sound	test	2912039	0	1			0		other	0
3	143	Picture	response	2925167	13128	1	4332	1	13100	25000	incorrect	305
3	143	Port Input	2	2929451	17411	1
3	143	Response	4	2929451	17411	1
3	144	Picture	ITI	2930499	0	1	27824	1	0	next	other	0
3	145	Sound	test	2946841	0	1			0		other	0
3	145	Picture	response	2958323	11482	1	5498	1	11450	25000	incorrect	310
3	145	Port Input	1	2963664	16823	1
3	145	Response	3	2963664	16823	1
3	146	Picture	ITI	2964654	0	1	25991	1	0	next	other	0
3	147	Sound	test	2977485	0	1			0		other	0
3	147	Picture	response	2990645	13160	1	4165	1	13100	25000	incorrect	315
3	147	Port Input	2	2994680	17195	1
3	147	Response	4	2994680	17195	1
3	148	Picture	ITI	2995643	0	1	25158	1	0	next	other	0
3	149	Sound	test	3009305	0	1			0		other	0
3	149	Picture	response	3020801	11497	1	8330	1	11450	25000	incorrect	320
3	149	Port Input	1	3028997	19693	1
3	149	Response	3	3028997	19693	1
3	150	Picture	ITI	3030132	0	1	32989	1	0	next	other	0
3	151	Sound	test	3048953	0	1			0		other	0
3	151	Picture	response	3063120	14168	1	3999	1	14020	25000	incorrect	325
3	151	Port Input	2	3067063	18110	1
3	151	Response	4	3067063	18110	1
3	152	Picture	ITI	3068119	0	1	25658	1	0	next	other	0
3	153	Sound	test	3083650	0	1			0		other	0
3	153	Picture	response	3093776	10127	1	4332	1	10000	25000	incorrect	330
3	153	Port Input	1	3098048	14398	1
3	153	Response	3	3098048	14398	1
3	154	Picture	ITI	3099108	0	1	29657	1	0	next	other	0
3	155	Sound	test	3114559	0	1			0		other	0
3	155	Picture	response	3128765	14205	1	4165	1	14020	25000	incorrect	335
3	155	Port Input	2	3132730	18170	1
3	155	Response	4	3132730	18170	1
3	156	Picture	ITI	3133763	0	1	22826	1	0	next	other	0
3	157	Sound	test	3145724	0	1			0		other	0
3	157	Picture	response	3156588	10864	1	3332	1	10700	25000	incorrect	340
3	157	Port Input	1	3159779	14055	1
3	157	Response	3	3159779	14055	1
3	158	Picture	ITI	3160754	0	1	31489	1	0	next	other	0
3	159	Sound	test	3179035	0	1			0		other	0
3	159	Picture	response	3192243	13208	1	7664	1	13100	25000	incorrect	345
3	159	Port Input	2	3199771	20736	1
3	159	Response	4	3199771	20736	1
3	160	Picture	ITI	3200740	0	1	21992	1	0	next	other	0
3	161	Sound	test	3212661	0	1			0		other	0
3	161	Picture	response	3222732	10071	1	5665	1	10000	25000	incorrect	350
3	161	Port Input	1	3228351	15690	1
3	161	Response	3	3228351	15690	1
3	162	Picture	ITI	3229397	0	1	23825	1	0	next	other	0
3	163	Sound	test	3241728	0	1			0		other	0
3	163	Picture	response	3253222	11494	1	5332	1	11450	25000	incorrect	355
3	163	Port Input	1	3258462	16734	1
3	163	Response	3	3258462	16734	1
3	164	Picture	ITI	3259553	0	1	30490	1	0	next	other	0
3	165	Sound	test	3276814	0	1			0		other	0
3	165	Picture	response	3290043	13228	1	9330	1	13100	25000	incorrect	360
3	165	Port Input	2	3299245	22430	1
3	165	Response	4	3299245	22430	1
3	166	Picture	ITI	3300373	0	1	26158	1	0	next	other	0
3	167	Sound	test	3312404	0	1			0		other	0
3	167	Picture	response	3326530	14127	1	5498	1	14020	25000	incorrect	365
3	167	Port Input	2	3331854	19451	1
3	167	Response	4	3331854	19451	1
3	168	Picture	ITI	3332862	0	1	27990	1	0	next	other	0
3	169	Sound	test	3350713	0	1			0		other	0
3	169	Picture	response	3360852	10139	1	4998	1	10000	25000	incorrect	370
3	169	Port Input	1	3365724	15011	1
3	169	Response	3	3365724	15011	1
3	170	Picture	ITI	3366850	0	1	34655	1	0	next	other	0
3	171	Sound	test	3386441	0	1			0		other	0
3	171	Picture	response	3401505	15064	1	4499	1	15000	25000	incorrect	375
3	171	Port Input	2	3405799	19358	1
3	171	Response	4	3405799	19358	1
3	172	Picture	ITI	3406836	0	1	29823	1	0	next	other	0
3	173	Sound	test	3426567	0	1			0		other	0
3	173	Picture	response	3436659	10092	1	3832	1	10000	25000	incorrect	380
3	173	Port Input	1	3440418	13850	1
3	173	Response	3	3440418	13850	1
3	174	Picture	ITI	3441491	0	1	28490	1	0	next	other	0
3	175	Sound	test	3459152	0	1			0		other	0
3	175	Picture	response	3469981	10829	1	4332	1	10700	25000	incorrect	385
3	175	Port Input	1	3474245	15093	1
3	175	Response	3	3474245	15093	1
3	176	Picture	ITI	3475313	0	1	29323	1	0	next	other	0
3	177	Sound	test	3493824	0	1			0		other	0
3	177	Picture	response	3504636	10812	1	3166	1	10700	25000	incorrect	390
3	177	Port Input	1	3507698	13874	1
3	177	Response	3	3507698	13874	1
3	178	Picture	ITI	3508801	0	1	24158	1	0	next	other	0
3	179	Sound	test	3520683	0	1			0		other	0
3	179	Picture	response	3532960	12277	1	3999	1	12250	25000	incorrect	395
3	179	Port Input	2	3536914	16231	1
3	179	Response	4	3536914	16231	1
3	180	Picture	ITI	3537958	0	1	30490	1	0	next	other	0
3	181	Sound	test	3553399	0	1			0		other	0
3	181	Picture	response	3568448	15048	1	4165	1	15000	25000	incorrect	400
3	181	Port Input	2	3572418	19019	1
3	181	Response	4	3572418	19019	1
3	182	Picture	ITI	3573446	0	1	28824	1	0	next	other	0
3	183	Sound	test	3588137	0	1			0		other	0
3	183	Picture	response	3602269	14132	1	4332	1	14020	25000	incorrect	405
3	183	Port Input	2	3606485	18348	1
3	183	Response	4	3606485	18348	1
3	184	Picture	ITI	3607434	0	1	24991	1	0	next	other	0
3	185	Sound	test	3618326	0	1			0		other	0
3	185	Picture	response	3632426	14100	1	4498	1	14020	25000	incorrect	410
3	185	Port Input	1	3636783	18458	1
3	185	Response	3	3636783	18458	1
3	186	Picture	ITI	3637757	0	1	25825	1	0	next	other	0
3	187	Sound	test	3652789	0	1			0		other	0
3	187	Picture	response	3663582	10793	1	3999	1	10700	25000	incorrect	415
3	187	Port Input	1	3667404	14616	1
3	187	Response	3	3667404	14616	1
3	188	Picture	ITI	3668580	0	1	28157	1	0	next	other	0
3	189	Sound	test	3683471	0	1			0		other	0
3	189	Picture	response	3696737	13266	1	3832	1	13100	25000	incorrect	420
3	189	Port Input	2	3700514	17042	1
3	189	Response	4	3700514	17042	1
3	190	Picture	ITI	3701569	0	1	25825	1	0	next	other	0
3	191	Sound	test	3713290	0	1			0		other	0
3	191	Picture	response	3727393	14103	1	5498	1	14020	25000	incorrect	425
3	191	Port Input	2	3732790	19500	1
3	191	Response	4	3732790	19500	1
3	192	Picture	ITI	3733725	0	1	30823	1	0	next	other	0
3	193	Sound	test	3753006	0	1			0		other	0
3	193	Picture	response	3764547	11542	1	5331	1	11450	25000	incorrect	430
3	193	Port Input	1	3769773	16767	1
3	193	Response	3	3769773	16767	1
3	194	Picture	ITI	3770879	0	1	25325	1	0	next	other	0
3	195	Sound	test	3783860	0	1			0		other	0
3	195	Picture	response	3796203	12344	1	8664	1	12250	25000	incorrect	435
3	195	Port Input	1	3804673	20813	1
3	195	Response	3	3804673	20813	1
3	196	Picture	ITI	3805700	0	1	29490	1	0	next	other	0
3	197	Sound	test	3823581	0	1			0		other	0
3	197	Picture	response	3835190	11609	1	4665	1	11450	25000	incorrect	440
3	197	Port Input	1	3839687	16106	1
3	197	Response	3	3839687	16106	1
3	198	Picture	ITI	3840688	0	1	22826	1	0	next	other	0
3	199	Sound	test	3853379	0	1			0		other	0
3	199	Picture	response	3863514	10134	1	4165	1	10000	25000	incorrect	445
3	199	Port Input	1	3867487	14108	1
3	199	Response	3	3867487	14108	1
3	200	Picture	ITI	3868512	0	1	27157	1	0	next	other	0
3	201	Sound	test	3883363	0	1			0		other	0
3	201	Picture	response	3895669	12306	1	4832	1	12250	25000	incorrect	450
3	201	Port Input	2	3900305	16941	1
3	201	Response	4	3900305	16941	1
3	202	Picture	ITI	3901334	0	1	32989	1	0	next	other	0
3	203	Sound	test	3920205	0	1			0		other	0
3	203	Picture	response	3934323	14117	1	4165	1	14020	25000	incorrect	455
3	203	Port Input	2	3938360	18154	1
3	203	Response	4	3938360	18154	1
3	204	Picture	ITI	3939321	0	1	29657	1	0	next	other	0
3	205	Sound	test	3953872	0	1			0		other	0
3	205	Picture	response	3968978	15105	1	4498	1	15000	25000	incorrect	460
3	205	Port Input	2	3973343	19471	1
3	205	Response	4	3973343	19471	1
3	206	Picture	ITI	3974476	0	1	26658	1	0	next	other	0
3	207	Sound	test	3989507	0	1			0		other	0
3	207	Picture	response	4001133	11626	1	4165	1	11450	25000	incorrect	465
3	207	Port Input	1	4005161	15654	1
3	207	Response	3	4005161	15654	1
3	208	Picture	ITI	4006132	0	1	24492	1	0	next	other	0
3	209	Sound	test	4018313	0	1			0		other	0
3	209	Picture	response	4030623	12310	1	5165	1	12250	25000	incorrect	470
3	209	Port Input	1	4035595	17282	1
3	209	Response	3	4035595	17282	1
3	210	Picture	ITI	4036621	0	1	25824	1	0	next	other	0
3	211	Sound	test	4052342	0	1			0		other	0
3	211	Picture	response	4062446	10103	1	6498	1	10000	25000	incorrect	475
3	211	Port Input	1	4068808	16466	1
3	211	Response	3	4068808	16466	1
3	212	Picture	ITI	4069943	0	1	21826	1	0	next	other	0
3	213	Sound	test	4081714	0	1			0		other	0
3	213	Picture	response	4091769	10055	1	7664	1	10000	25000	incorrect	480
3	213	Port Input	1	4099232	17517	1
3	213	Response	3	4099232	17517	1
3	214	Picture	ITI	4100266	0	1	26658	1	0	next	other	0
3	215	Sound	test	4113687	0	1			0		other	0
3	215	Picture	response	4126924	13236	1	7997	1	13100	25000	incorrect	485
3	215	Port Input	2	4134808	21121	1
3	215	Response	4	4134808	21121	1
3	216	Picture	ITI	4135921	0	1	21493	1	0	next	other	0
3	217	Sound	test	4146652	0	1			0		other	0
3	217	Picture	response	4157413	10761	1	6331	1	10700	25000	incorrect	490
3	217	Port Input	1	4163670	17018	1
3	217	Response	3	4163670	17018	1
3	218	Picture	ITI	4164744	0	1	31156	1	0	next	other	0
3	219	Sound	test	4180845	0	1			0		other	0
3	219	Picture	response	4195900	15055	1	4165	1	15000	25000	incorrect	495
3	219	Port Input	2	4199861	19016	1
3	219	Response	4	4199861	19016	1
3	220	Picture	ITI	4200898	0	1	28990	1	0	next	other	0
3	221	Sound	test	4219830	0	1			0		other	0
3	221	Picture	response	4229888	10059	1	7331	1	10000	25000	incorrect	500
3	221	Port Input	2	4237104	17274	1
3	221	Response	4	4237104	17274	1
3	222	Picture	ITI	4238219	0	1	25325	1	0	next	other	0
3	223	Sound	test	4249420	0	1			0		other	0
3	223	Picture	response	4263544	14124	1	7164	1	14020	25000	incorrect	505
3	223	Port Input	2	4270578	21157	1
3	223	Response	4	4270578	21157	1
3	224	Picture	ITI	4271541	0	1	28823	1	0	next	other	0
3	225	Sound	test	4287942	0	1			0		other	0
3	225	Picture	response	4300364	12422	1	3499	1	12250	25000	incorrect	510
3	225	Port Input	2	4303822	15880	1
3	225	Response	4	4303822	15880	1
3	226	Picture	ITI	4304863	0	1	25491	1	0	next	other	0
3	227	Sound	test	4315244	0	1			0		other	0
3	227	Picture	response	4330354	15110	1	3499	1	15000	25000	incorrect	515
3	227	Port Input	2	4333704	18460	1
3	227	Response	4	4333704	18460	1
3	228	Picture	ITI	4334853	0	1	22159	1	0	next	other	0
3	229	Sound	test	4346284	0	1			0		other	0
3	229	Picture	response	4357012	10728	1	3999	1	10700	25000	incorrect	520
3	229	Port Input	1	4360920	14637	1
3	229	Response	3	4360920	14637	1
3	230	Picture	ITI	4362010	0	1	30156	1	0	next	other	0
3	231	Sound	test	4382011	0	1			0		other	0
3	231	Picture	response	4392166	10155	1	3832	1	10000	25000	incorrect	525
3	231	Port Input	1	4395862	13851	1
3	231	Response	3	4395862	13851	1
3	232	Picture	ITI	4396831	0	1	24991	1	0	next	other	0
3	233	Sound	test	4410973	0	1			0		other	0
3	233	Picture	response	4421823	10850	1	4165	1	10700	25000	incorrect	530
3	233	Port Input	1	4425796	14823	1
3	233	Response	3	4425796	14823	1
3	234	Picture	ITI	4426821	0	1	26824	1	0	next	other	0
3	235	Sound	test	4439502	0	1			0		other	0
3	235	Picture	response	4453645	14143	1	4332	1	14020	25000	incorrect	535
3	235	Port Input	2	4457833	18331	1
3	235	Response	4	4457833	18331	1
3	236	Picture	ITI	4458810	0	1	20660	1	0	next	other	0
3	237	Sound	test	4469302	0	1			0		other	0
3	237	Picture	response	4479470	10168	1	5665	1	10000	25000	incorrect	540
3	237	Port Input	1	4485028	15727	1
3	237	Response	3	4485028	15727	1
3	238	Picture	ITI	4486134	0	1	23325	1	0	next	other	0
3	239	Sound	test	4498705	0	1			0		other	0
3	239	Picture	response	4509460	10754	1	4332	1	10700	25000	incorrect	545
3	239	Port Input	1	4513713	15007	1
3	239	Response	3	4513713	15007	1
3	240	Picture	ITI	4514791	0	1	27157	1	0	next	other	0
3	241	Sound	test	4526882	0	1			0		other	0
3	241	Picture	response	4541949	15066	1	8664	1	15000	25000	incorrect	550
3	241	Port Input	2	4550456	23573	1
3	241	Response	4	4550456	23573	1
3	242	Picture	ITI	4551445	0	1	27824	1	0	next	other	0
3	243	Sound	test	4564206	0	1			0		other	0
3	243	Picture	response	4579269	15063	1	11663	1	15000	25000	incorrect	555
3	243	Port Input	2	4590770	26564	1
3	243	Response	4	4590770	26564	1
3	244	Picture	ITI	4591765	0	1	31489	1	0	next	other	0
3	245	Sound	test	4609077	0	1			0		other	0
3	245	Picture	response	4623254	14177	1	6331	1	14020	25000	incorrect	560
3	245	Port Input	2	4629502	20424	1
3	245	Response	4	4629502	20424	1
3	246	Picture	ITI	4630585	0	1	24825	1	0	next	other	0
3	247	Sound	test	4643096	0	1			0		other	0
3	247	Picture	response	4655410	12314	1	3665	1	12250	25000	incorrect	565
3	247	Port Input	2	4658915	15819	1
3	247	Response	4	4658915	15819	1
3	248	Picture	ITI	4659908	0	1	29657	1	0	next	other	0
3	249	Sound	test	4676420	0	1			0		other	0
3	249	Picture	response	4689565	13145	1	3832	1	13100	25000	incorrect	570
3	249	Port Input	2	4693347	16927	1
3	249	Response	4	4693347	16927	1
3	250	Picture	ITI	4694396	0	1	30490	1	0	next	other	0
3	251	Sound	test	4713378	0	1			0		other	0
3	251	Picture	response	4724886	11508	1	3665	1	11450	25000	incorrect	575
3	251	Port Input	2	4728403	15025	1
3	251	Response	4	4728403	15025	1
3	252	Picture	ITI	4729551	0	1	26324	1	0	next	other	0
3	253	Sound	test	4744342	0	1			0		other	0
3	253	Picture	response	4755875	11533	1	4498	1	11450	25000	incorrect	580
3	253	Port Input	1	4760315	15972	1
3	253	Response	3	4760315	15972	1
3	254	Picture	ITI	4761374	0	1	30656	1	0	next	other	0
3	255	Sound	test	4779735	0	1			0		other	0
3	255	Picture	response	4792030	12295	1	4998	1	12250	25000	incorrect	585
3	255	Port Input	1	4796943	17209	1
3	255	Response	3	4796943	17209	1
3	256	Picture	ITI	4798028	0	1	22826	1	0	next	other	0
3	257	Sound	test	4810779	0	1			0		other	0
3	257	Picture	response	4820853	10074	1	5831	1	10000	25000	incorrect	590
3	257	Port Input	1	4826534	15755	1
3	257	Response	3	4826534	15755	1
3	258	Picture	ITI	4827518	0	1	21493	1	0	next	other	0
3	259	Sound	test	4838979	0	1			0		other	0
3	259	Picture	response	4849010	10031	1	3999	1	10000	25000	incorrect	595
3	259	Port Input	1	4852865	13886	1
3	259	Response	3	4852865	13886	1
3	260	Picture	ITI	4853842	0	1	31656	1	0	next	other	0
3	261	Sound	test	4870363	0	1			0		other	0
3	261	Picture	response	4885498	15135	1	7831	1	15000	25000	incorrect	600
3	261	Port Input	2	4893179	22816	1
3	261	Response	4	4893179	22816	1
3	262	Picture	ITI	4894328	0	1	34988	1	0	next	other	0
3	263	Sound	test	4914289	0	1			0		other	0
3	263	Picture	response	4929316	15027	1	4332	1	15000	25000	incorrect	605
3	263	Port Input	2	4933577	19287	1
3	263	Response	4	4933577	19287	1
3	264	Picture	ITI	4934648	0	1	32822	1	0	next	other	0
3	265	Sound	test	4954219	0	1			0		other	0
3	265	Picture	response	4967470	13251	1	6498	1	13100	25000	incorrect	610
3	265	Port Input	2	4973881	19662	1
3	265	Response	4	4973881	19662	1
3	266	Picture	ITI	4974967	0	1	25991	1	0	next	other	0
3	267	Sound	test	4988528	0	1			0		other	0
3	267	Picture	response	5000958	12430	1	5831	1	12250	25000	incorrect	615
3	267	Port Input	2	5006667	18139	1
3	267	Response	4	5006667	18139	1
3	268	Picture	ITI	5007623	0	1	27491	1	0	next	other	0
3	269	Sound	test	5021974	0	1			0		other	0
3	269	Picture	response	5035113	13139	1	4665	1	13100	25000	incorrect	620
3	269	Port Input	2	5039631	17657	1
3	269	Response	4	5039631	17657	1
3	270	Picture	ITI	5040612	0	1	30656	1	0	next	other	0
3	271	Sound	test	5056083	0	1			0		other	0
3	271	Picture	response	5071268	15185	1	4498	1	15000	25000	incorrect	625
3	271	Port Input	2	5075635	19552	1
3	271	Response	4	5075635	19552	1
3	272	Picture	ITI	5076599	0	1	22992	1	0	next	other	0
3	273	Sound	test	5087300	0	1			0		other	0
3	273	Picture	response	5099591	12291	1	4998	1	12250	25000	incorrect	630
3	273	Port Input	2	5104413	17112	1
3	273	Response	4	5104413	17112	1
3	274	Picture	ITI	5105423	0	1	29990	1	0	next	other	0
3	275	Sound	test	5120344	0	1			0		other	0
3	275	Picture	response	5135413	15068	1	4832	1	15000	25000	incorrect	635
3	275	Port Input	2	5140146	19802	1
3	275	Response	4	5140146	19802	1
3	276	Picture	ITI	5141244	0	1	22992	1	0	next	other	0
3	277	Sound	test	5151815	0	1			0		other	0
3	277	Picture	response	5164236	12421	1	8997	1	12250	25000	incorrect	640
3	277	Port Input	2	5173057	21242	1
3	277	Response	4	5173057	21242	1
3	278	Picture	ITI	5174066	0	1	22159	1	0	next	other	0
3	279	Sound	test	5185357	0	1			0		other	0
3	279	Picture	response	5196225	10868	1	8997	1	10700	25000	incorrect	645
3	279	Port Input	1	5205063	19706	1
3	279	Response	3	5205063	19706	1
3	280	Picture	ITI	5206055	0	1	24992	1	0	next	other	0
3	281	Sound	test	5216876	0	1			0		other	0
3	281	Picture	response	5231047	14170	1	8164	1	14020	25000	incorrect	650
3	281	Port Input	2	5239141	22264	1
3	281	Response	4	5239141	22264	1
3	282	Picture	ITI	5240210	0	1	30156	1	0	next	other	0
3	283	Sound	test	5258811	0	2			0		other	0
3	283	Picture	response	5270366	11555	1	5498	1	11450	25000	incorrect	655
3	283	Port Input	1	5275800	16989	1
3	283	Response	3	5275800	16989	1
3	284	Picture	ITI	5276864	0	1	34655	1	0	next	other	0
3	285	Sound	test	5296465	0	1			0		other	0
3	285	Picture	response	5311519	15054	1	4498	1	15000	25000	incorrect	660
3	285	Port Input	2	5315886	19420	1
3	285	Response	4	5315886	19420	1
3	286	Picture	ITI	5317017	0	1	22326	1	0	next	other	0
3	287	Sound	test	5329199	0	1			0		other	0
3	287	Picture	response	5339343	10144	1	4165	1	10000	25000	incorrect	665
3	287	Port Input	1	5343341	14143	1
3	287	Response	3	5343341	14143	1
3	288	Picture	ITI	5344341	0	1	26991	1	0	next	other	0
3	289	Sound	test	5359752	0	1			0		other	0
3	289	Picture	response	5371332	11580	1	4332	1	11450	25000	incorrect	670
3	289	Port Input	2	5375618	15865	1
3	289	Response	4	5375618	15865	1
3	290	Picture	ITI	5376663	0	1	31489	1	0	next	other	0
3	291	Sound	test	5394915	0	1			0		other	0
3	291	Picture	response	5408153	13238	1	4165	1	13100	25000	incorrect	675
3	291	Port Input	2	5412163	17248	1
3	291	Response	4	5412163	17248	1
3	292	Picture	ITI	5413151	0	1	32489	1	0	next	other	0
3	293	Sound	test	5431532	0	1			0		other	0
3	293	Picture	response	5445640	14108	1	5998	1	14020	25000	incorrect	680
3	293	Port Input	2	5451467	19935	1
3	293	Response	4	5451467	19935	1
3	294	Picture	ITI	5452637	0	1	34155	1	0	next	other	0
3	295	Sound	test	5472629	0	1			0		other	0
3	295	Picture	response	5486792	14164	1	4832	1	14020	25000	incorrect	685
3	295	Port Input	2	5491532	18903	1
3	295	Response	4	5491532	18903	1
3	296	Picture	ITI	5492624	0	1	25825	1	0	next	other	0
3	297	Sound	test	5504325	0	1			0		other	0
3	297	Picture	response	5518448	14123	1	4165	1	14020	25000	incorrect	690
3	297	Port Input	1	5522413	18088	1
3	297	Response	3	5522413	18088	1
3	298	Picture	ITI	5523447	0	1	30656	1	0	next	other	0
3	299	Sound	test	5543368	0	1			0		other	0
3	299	Picture	response	5554103	10735	1	6165	1	10700	25000	incorrect	695
3	299	Port Input	1	5560124	16757	1
3	299	Response	3	5560124	16757	1
3	300	Picture	ITI	5561100	0	1	24991	1	0	next	other	0
3	301	Sound	test	5573702	0	1			0		other	0
3	301	Picture	response	5586092	12390	1	3999	1	12250	25000	incorrect	700
3	301	Port Input	2	5589996	16294	1
3	301	Response	4	5589996	16294	1
3	302	Picture	ITI	5591090	0	1	22326	1	0	next	other	0
3	303	Sound	test	5602661	0	1			0		other	0
3	303	Picture	response	5613416	10755	1	4332	1	10700	25000	incorrect	705
3	303	Port Input	1	5617660	14998	1
3	303	Response	3	5617660	14998	1
3	304	Picture	ITI	5618747	0	1	29323	1	0	next	other	0
3	305	Sound	test	5635669	0	1			0		other	0
3	305	Picture	response	5648071	12402	1	4498	1	12250	25000	incorrect	710
3	305	Port Input	2	5652487	16818	1
3	305	Response	4	5652487	16818	1
3	306	Picture	ITI	5653569	0	1	24825	1	0	next	other	0
3	307	Sound	test	5668280	0	1			0		other	0
3	307	Picture	response	5678394	10114	1	4498	1	10000	25000	incorrect	715
3	307	Port Input	1	5682743	14463	1
3	307	Response	3	5682743	14463	1
3	308	Picture	ITI	5683725	0	1	30490	1	0	next	other	0
3	309	Sound	test	5702687	0	1			0		other	0
3	309	Picture	response	5714215	11528	1	4332	1	11450	25000	incorrect	720
3	309	Port Input	2	5718362	15676	1
3	309	Response	4	5718362	15676	1
3	310	Picture	ITI	5719380	0	1	32156	1	0	next	other	0
3	311	Sound	test	5736461	0	1			0		other	0
3	311	Picture	response	5751535	15074	1	5665	1	15000	25000	incorrect	725
3	311	Port Input	2	5757125	20664	1
3	311	Response	4	5757125	20664	1
3	312	Picture	ITI	5758200	0	1	23492	1	0	next	other	0
3	313	Sound	test	5771611	0	1			0		other	0
3	313	Picture	response	5781692	10081	1	5332	1	10000	25000	incorrect	730
3	313	Port Input	1	5786923	15312	1
3	313	Response	3	5786923	15312	1
3	314	Picture	ITI	5788023	0	1	25825	1	0	next	other	0
3	315	Sound	test	5801424	0	1			0		other	0
3	315	Picture	response	5813848	12423	1	4165	1	12250	25000	incorrect	735
3	315	Port Input	2	5817825	16401	1
3	315	Response	4	5817825	16401	1
3	316	Picture	ITI	5818846	0	1	21493	1	0	next	other	0
3	317	Sound	test	5829487	0	1			0		other	0
3	317	Picture	response	5840338	10851	1	4998	1	10700	25000	incorrect	740
3	317	Port Input	1	5845260	15773	1
3	317	Response	3	5845260	15773	1
3	318	Picture	ITI	5846336	0	1	32156	1	0	next	other	0
3	319	Sound	test	5863308	0	1			0		other	0
3	319	Picture	response	5878492	15184	1	4165	1	15000	25000	incorrect	745
3	319	Port Input	1	5882493	19185	1
3	319	Response	3	5882493	19185	1
3	441	Picture	resume	7093244	0	1	56314	1	0	next	other	0
3	441	Port Input	2	7147894	54650	1
3	441	Response	4	7147894	54650	1
3	442	Picture	ITI	7149558	0	1	10163	1	0	next	other	0
3	443	Picture	ITI	7159721	0	1	25158	1	0	next	other	0
3	444	Sound	test	7173332	0	1			0		other	0
3	444	Picture	response	7184879	11547	1	5831	1	11450	25000	incorrect	754
3	444	Port Input	2	7190645	17312	1
3	444	Response	4	7190645	17312	1
3	445	Picture	ITI	7191710	0	1	33988	1	0	next	other	0
3	446	Sound	test	7210561	0	1			0		other	0
3	446	Picture	response	7225699	15137	1	4165	1	15000	25000	incorrect	759
3	446	Port Input	2	7229699	19138	1
3	446	Response	4	7229699	19138	1
3	447	Picture	ITI	7230697	0	1	31989	1	0	next	other	0
3	448	Sound	test	7249538	0	1			0		other	0
3	448	Picture	response	7262686	13148	1	3665	1	13100	25000	incorrect	764
3	448	Port Input	2	7266161	16623	1
3	448	Response	4	7266161	16623	1
3	449	Picture	ITI	7267184	0	1	25325	1	0	next	other	0
3	450	Sound	test	7281646	0	1			0		other	0
3	450	Picture	response	7292509	10863	1	8331	1	10700	25000	incorrect	769
3	450	Port Input	1	7300686	19041	1
3	450	Response	3	7300686	19041	1
3	451	Picture	ITI	7301839	0	1	23159	1	0	next	other	0
3	452	Sound	test	7314901	0	1			0		other	0
3	452	Picture	response	7324998	10098	1	3832	1	10000	25000	incorrect	774
3	452	Port Input	2	7328767	13866	1
3	452	Response	4	7328767	13866	1
3	453	Picture	ITI	7329830	0	1	20826	1	0	next	other	0
3	454	Sound	test	7340511	0	1			0		other	0
3	454	Picture	response	7350656	10145	1	3332	1	10000	25000	incorrect	779
3	454	Port Input	1	7353942	13431	1
3	454	Response	3	7353942	13431	1
3	455	Picture	ITI	7354988	0	1	24325	1	0	next	other	0
3	456	Sound	test	7367819	0	1			0		other	0
3	456	Picture	response	7379313	11494	1	4165	1	11450	25000	incorrect	784
3	456	Port Input	2	7383324	15505	1
3	456	Response	4	7383324	15505	1
3	457	Picture	ITI	7384311	0	1	25825	1	0	next	other	0
3	458	Sound	test	7395072	0	1			0		other	0
3	458	Picture	response	7410136	15063	1	4832	1	15000	25000	incorrect	789
3	458	Port Input	2	7414903	19831	1
3	458	Response	4	7414903	19831	1
3	459	Picture	ITI	7415967	0	1	24492	1	0	next	other	0
3	460	Sound	test	7428098	0	1			0		other	0
3	460	Picture	response	7440459	12360	1	4165	1	12250	25000	incorrect	794
3	460	Port Input	2	7444451	16353	1
3	460	Response	4	7444451	16353	1
3	461	Picture	ITI	7445624	0	1	25491	1	0	next	other	0
3	462	Sound	test	7461015	0	1			0		other	0
3	462	Picture	response	7471115	10100	1	3499	1	10000	25000	incorrect	799
3	462	Port Input	1	7474437	13422	1
3	462	Response	3	7474437	13422	1
3	463	Picture	ITI	7475447	0	1	29323	1	0	next	other	0
3	464	Sound	test	7489648	0	1			0		other	0
3	464	Picture	response	7504770	15122	1	4332	1	15000	25000	incorrect	804
3	464	Port Input	2	7509015	19367	1
3	464	Response	4	7509015	19367	1
3	465	Picture	ITI	7510101	0	1	21493	1	0	next	other	0
3	466	Sound	test	7520853	0	1			0		other	0
3	466	Picture	response	7531594	10741	1	8330	1	10700	25000	incorrect	809
3	466	Port Input	2	7539740	18887	1
3	466	Response	4	7539740	18887	1
3	467	Picture	ITI	7540758	0	1	22826	1	0	next	other	0
3	468	Sound	test	7552009	0	1			0		other	0
3	468	Picture	response	7563583	11574	1	4498	1	11450	25000	incorrect	814
3	468	Port Input	2	7567893	15884	1
3	468	Response	4	7567893	15884	1
3	469	Picture	ITI	7568915	0	1	22659	1	0	next	other	0
3	470	Sound	test	7580746	0	1			0		other	0
3	470	Picture	response	7591574	10828	1	5331	1	10700	25000	incorrect	819
3	470	Port Input	2	7596838	16092	1
3	470	Response	4	7596838	16092	1
3	471	Picture	ITI	7597905	0	1	33988	1	0	next	other	0
3	472	Sound	test	7617836	0	1			0		other	0
3	472	Picture	response	7631893	14057	1	5665	1	14020	25000	incorrect	824
3	472	Port Input	2	7637371	19534	1
3	472	Response	4	7637371	19534	1
3	473	Picture	ITI	7638391	0	1	28490	1	0	next	other	0
3	474	Sound	test	7652752	0	1			0		other	0
3	474	Picture	response	7666881	14129	1	4832	1	14020	25000	incorrect	829
3	474	Port Input	2	7671583	18831	1
3	474	Response	4	7671583	18831	1
3	475	Picture	ITI	7672713	0	1	27491	1	0	next	other	0
3	476	Sound	test	7687044	0	1			0		other	0
3	476	Picture	response	7700203	13159	1	4332	1	13100	25000	incorrect	834
3	476	Port Input	2	7704422	17378	1
3	476	Response	4	7704422	17378	1
3	477	Picture	ITI	7705368	0	1	29157	1	0	next	other	0
3	478	Sound	test	7720349	0	1			0		other	0
3	478	Picture	response	7734525	14175	1	4498	1	14020	25000	incorrect	839
3	478	Port Input	2	7738854	18504	1
3	478	Response	4	7738854	18504	1
3	479	Picture	ITI	7740023	0	1	26324	1	0	next	other	0
3	480	Sound	test	7756194	0	1			0		other	0
3	480	Picture	response	7766347	10153	1	6498	1	10000	25000	incorrect	844
3	480	Port Input	1	7772744	16550	1
3	480	Response	3	7772744	16550	1
3	481	Picture	ITI	7773678	0	1	25991	1	0	next	other	0
3	482	Sound	test	7789509	0	1			0		other	0
3	482	Picture	response	7799669	10160	1	8830	1	10000	25000	incorrect	849
3	482	Port Input	2	7808393	18884	1
3	482	Response	4	7808393	18884	1
3	483	Picture	ITI	7809499	0	1	32989	1	0	next	other	0
3	484	Sound	test	7829300	0	1			0		other	0
3	484	Picture	response	7842488	13187	1	4499	1	13100	25000	incorrect	854
3	484	Port Input	2	7846844	17544	1
3	484	Response	4	7846844	17544	1
3	485	Picture	ITI	7847819	0	1	31323	1	0	next	other	0
3	486	Sound	test	7864031	0	1			0		other	0
3	486	Picture	response	7879142	15111	1	4498	1	15000	25000	incorrect	859
3	486	Port Input	2	7883597	19567	1
3	486	Response	4	7883597	19567	1
3	487	Picture	ITI	7884640	0	1	22992	1	0	next	other	0
3	488	Sound	test	7897571	0	1			0		other	0
3	488	Picture	response	7907632	10061	1	4832	1	10000	25000	incorrect	864
3	488	Port Input	2	7912282	14710	1
3	488	Response	4	7912282	14710	1
3	489	Picture	ITI	7913297	0	1	25325	1	0	next	other	0
3	490	Sound	test	7927028	0	1			0		other	0
3	490	Picture	response	7938622	11593	1	4332	1	11450	25000	incorrect	869
3	490	Port Input	2	7942840	15812	1
3	490	Response	4	7942840	15812	1
3	491	Picture	ITI	7943787	0	1	28657	1	0	next	other	0
3	492	Sound	test	7958328	0	1			0		other	0
3	492	Picture	response	7972444	14116	1	4165	1	14020	25000	incorrect	874
3	492	Port Input	2	7976439	18111	1
3	492	Response	4	7976439	18111	1
3	493	Picture	ITI	7977442	0	1	29323	1	0	next	other	0
3	494	Sound	test	7993633	0	1			0		other	0
3	494	Picture	response	8006765	13132	1	8164	1	13100	25000	incorrect	879
3	494	Port Input	2	8014816	21183	1
3	494	Response	4	8014816	21183	1
3	495	Picture	ITI	8015929	0	1	24158	1	0	next	other	0
3	496	Sound	test	8029910	0	1			0		other	0
3	496	Picture	response	8040087	10177	1	4998	1	10000	25000	incorrect	884
3	496	Port Input	1	8044948	15038	1
3	496	Response	3	8044948	15038	1
3	497	Picture	ITI	8046085	0	1	24825	1	0	next	other	0
3	498	Sound	test	8057656	0	1			0		other	0
3	498	Picture	response	8070910	13254	1	3832	1	13100	25000	incorrect	889
3	498	Port Input	2	8074580	16924	1
3	498	Response	4	8074580	16924	1
3	499	Picture	ITI	8075575	0	1	28657	1	0	next	other	0
3	500	Sound	test	8093466	0	1			0		other	0
3	500	Picture	response	8104232	10766	1	9830	1	10700	25000	incorrect	894
3	500	Port Input	1	8113967	20501	1
3	500	Response	3	8113967	20501	1
3	501	Picture	ITI	8115062	0	1	25991	1	0	next	other	0
3	502	Sound	test	8127813	0	1			0		other	0
3	502	Picture	response	8141053	13240	1	4165	1	13100	25000	incorrect	899
3	502	Port Input	2	8145036	17223	1
3	502	Response	4	8145036	17223	1
3	503	Picture	ITI	8146051	0	1	31323	1	0	next	other	0
3	504	Sound	test	8162232	0	1			0		other	0
3	504	Picture	response	8177374	15141	1	4499	1	15000	25000	incorrect	904
3	504	Port Input	2	8181717	19484	1
3	504	Response	4	8181717	19484	1
3	505	Picture	ITI	8182705	0	1	30323	1	0	next	other	0
3	506	Sound	test	8200696	0	1			0		other	0
3	506	Picture	response	8213028	12332	1	4165	1	12250	25000	incorrect	909
3	506	Port Input	2	8217075	16379	1
3	506	Response	4	8217075	16379	1
3	507	Picture	ITI	8218193	0	1	28324	1	0	next	other	0
3	508	Sound	test	8234114	0	1			0		other	0
3	508	Picture	response	8246517	12402	1	3999	1	12250	25000	incorrect	914
3	508	Port Input	2	8250392	16278	1
3	508	Response	4	8250392	16278	1
3	509	Picture	ITI	8251515	0	1	21659	1	0	next	other	0
3	510	Sound	test	8263046	0	1			0		other	0
3	510	Picture	response	8273174	10128	1	4165	1	10000	25000	incorrect	919
3	510	Port Input	1	8277151	14104	1
3	510	Response	3	8277151	14104	1
3	511	Picture	ITI	8278172	0	1	21993	1	0	next	other	0
3	512	Sound	test	8289414	0	1			0		other	0
3	512	Picture	response	8300165	10751	1	3499	1	10700	25000	incorrect	924
3	512	Port Input	1	8303503	14089	1
3	512	Response	3	8303503	14089	1
3	513	Picture	ITI	8304497	0	1	27324	1	0	next	other	0
3	514	Sound	test	8316728	0	1			0		other	0
3	514	Picture	response	8331821	15093	1	3832	1	15000	25000	incorrect	929
3	514	Port Input	2	8335529	18801	1
3	514	Response	4	8335529	18801	1
3	515	Picture	ITI	8336486	0	1	22659	1	0	next	other	0
3	516	Sound	test	8346787	0	1			0		other	0
3	516	Picture	response	8359145	12358	1	3499	1	12250	25000	incorrect	934
3	516	Port Input	2	8362558	15771	1
3	516	Response	4	8362558	15771	1
3	517	Picture	ITI	8363643	0	1	23159	1	0	next	other	0
3	518	Sound	test	8376075	0	1			0		other	0
3	518	Picture	response	8386802	10727	1	7831	1	10700	25000	incorrect	939
3	518	Port Input	2	8394543	18468	1
3	518	Response	4	8394543	18468	1
3	519	Picture	ITI	8395632	0	1	25491	1	0	next	other	0
3	520	Sound	test	8407954	0	1			0		other	0
3	520	Picture	response	8421124	13170	1	3832	1	13100	25000	incorrect	944
3	520	Port Input	2	8424820	16867	1
3	520	Response	4	8424820	16867	1
3	521	Picture	ITI	8425789	0	1	28990	1	0	next	other	0
3	522	Sound	test	8440580	0	1			0		other	0
3	522	Picture	response	8454779	14199	1	3665	1	14020	25000	incorrect	949
3	522	Port Input	2	8458346	17766	1
3	522	Response	4	8458346	17766	1
3	523	Picture	ITI	8459444	0	1	24325	1	0	next	other	0
3	524	Sound	test	8469565	0	1			0		other	0
3	524	Picture	response	8483769	14204	1	3832	1	14020	25000	incorrect	954
3	524	Port Input	1	8487467	17902	1
3	524	Response	3	8487467	17902	1
3	525	Picture	ITI	8488601	0	1	22326	1	0	next	other	0
3	526	Sound	test	8498602	0	1			0		other	0
3	526	Picture	response	8510926	12324	1	4498	1	12250	25000	incorrect	959
3	526	Port Input	1	8515361	16759	1
3	526	Response	3	8515361	16759	1
3	527	Picture	ITI	8516424	0	1	26824	1	0	next	other	0
3	528	Sound	test	8529166	0	1			0		other	0
3	528	Picture	response	8543249	14083	1	7497	1	14020	25000	incorrect	964
3	528	Port Input	2	8550563	21397	1
3	528	Response	4	8550563	21397	1
3	529	Picture	ITI	8551579	0	1	25491	1	0	next	other	0
3	530	Sound	test	8561880	0	1			0		other	0
3	530	Picture	response	8577070	15190	1	3499	1	15000	25000	incorrect	969
3	530	Port Input	2	8580517	18637	1
3	530	Response	4	8580517	18637	1
3	531	Picture	ITI	8581569	0	1	31822	1	0	next	other	0
3	532	Sound	test	8600990	0	1			0		other	0
3	532	Picture	response	8613391	12401	1	3999	1	12250	25000	incorrect	974
3	532	Port Input	2	8617281	16291	1
3	532	Response	4	8617281	16291	1
3	533	Picture	ITI	8618390	0	1	24658	1	0	next	other	0
3	534	Sound	test	8633011	0	1			0		other	0
3	534	Picture	response	8643048	10037	1	5165	1	10000	25000	incorrect	979
3	534	Port Input	1	8648027	15016	1
3	534	Response	3	8648027	15016	1
3	535	Picture	ITI	8649046	0	1	25991	1	0	next	other	0
3	536	Sound	test	8661817	0	1			0		other	0
3	536	Picture	response	8675037	13220	1	3665	1	13100	25000	incorrect	984
3	536	Port Input	2	8678596	16779	1
3	536	Response	4	8678596	16779	1
3	537	Picture	ITI	8679702	0	1	25825	1	0	next	other	0
3	538	Sound	test	8691323	0	1			0		other	0
3	538	Picture	response	8705527	14203	1	2166	1	14020	25000	incorrect	989
3	538	Port Input	2	8707582	16259	1
3	538	Response	4	8707582	16259	1
3	539	Picture	ITI	8708692	0	1	23159	1	0	next	other	0
3	540	Sound	test	8719443	0	1			0		other	0
3	540	Picture	response	8731851	12408	1	9330	1	12250	25000	incorrect	994
3	540	Port Input	1	8741004	21560	1
3	540	Response	3	8741004	21560	1
3	541	Picture	ITI	8742014	0	1	31989	1	0	next	other	0
3	542	Sound	test	8758815	0	1			0		other	0
3	542	Picture	response	8774003	15188	1	3999	1	15000	25000	incorrect	999
3	542	Port Input	2	8777913	19098	1
3	542	Response	4	8777913	19098	1
3	543	Picture	ITI	8779001	0	1	25991	1	0	next	other	0
3	544	Sound	test	8791743	0	1			0		other	0
3	544	Picture	response	8804993	13250	1	3665	1	13100	25000	incorrect	1004
3	544	Port Input	2	8808513	16771	1
3	544	Response	4	8808513	16771	1
3	545	Picture	ITI	8809491	0	1	32156	1	0	next	other	0
3	546	Sound	test	8827442	0	1			0		other	0
3	546	Picture	response	8841647	14205	1	4998	1	14020	25000	incorrect	1009
3	546	Port Input	2	8846537	19095	1
3	546	Response	4	8846537	19095	1
3	547	Picture	ITI	8847645	0	1	33155	1	0	next	other	0
3	548	Sound	test	8867516	0	1			0		other	0
3	548	Picture	response	8880800	13284	1	4165	1	13100	25000	incorrect	1014
3	548	Port Input	2	8884790	17274	1
3	548	Response	4	8884790	17274	1
3	549	Picture	ITI	8885798	0	1	25825	1	0	next	other	0
3	550	Sound	test	8901580	0	1			0		other	0
3	550	Picture	response	8911623	10043	1	11163	1	10000	25000	incorrect	1019
3	550	Port Input	1	8922740	21161	1
3	550	Response	3	8922740	21161	1
3	551	Picture	ITI	8923785	0	1	26658	1	0	next	other	0
3	552	Sound	test	8938017	0	1			0		other	0
3	552	Picture	response	8950443	12426	1	3999	1	12250	25000	incorrect	1024
3	552	Port Input	2	8954319	16303	1
3	552	Response	4	8954319	16303	1
3	553	Picture	ITI	8955275	0	1	31989	1	0	next	other	0
3	554	Sound	test	8972226	0	1			0		other	0
3	554	Picture	response	8987264	15038	1	4498	1	15000	25000	incorrect	1029
3	554	Port Input	2	8991656	19430	1
3	554	Response	4	8991656	19430	1
3	555	Picture	ITI	8992762	0	1	32489	1	0	next	other	0
3	556	Sound	test	9010063	0	1			0		other	0
3	556	Picture	response	9025251	15188	1	4665	1	15000	25000	incorrect	1034
3	556	Port Input	2	9029721	19658	1
3	556	Response	4	9029721	19658	1
3	557	Picture	ITI	9030749	0	1	26324	1	0	next	other	0
3	558	Sound	test	9044660	0	1			0		other	0
3	558	Picture	response	9057073	12413	1	9163	1	12250	25000	incorrect	1039
3	558	Port Input	2	9066151	21492	1
3	558	Response	4	9066151	21492	1
3	559	Picture	ITI	9067236	0	1	28490	1	0	next	other	0
3	560	Sound	test	9083388	0	1			0		other	0
3	560	Picture	response	9095727	12339	1	3332	1	12250	25000	incorrect	1044
3	560	Port Input	2	9098928	15540	1
3	560	Response	4	9098928	15540	1
3	561	Picture	ITI	9099892	0	1	20493	1	0	next	other	0
3	562	Sound	test	9110353	0	1			0		other	0
3	562	Picture	response	9120385	10032	1	5831	1	10000	25000	incorrect	1049
3	562	Port Input	1	9126154	15801	1
3	562	Response	3	9126154	15801	1
3	563	Picture	ITI	9127216	0	1	23325	1	0	next	other	0
3	564	Sound	test	9139017	0	1			0		other	0
3	564	Picture	response	9150541	11524	1	4498	1	11450	25000	incorrect	1054
3	564	Port Input	2	9154974	15957	1
3	564	Response	4	9154974	15957	1
3	565	Picture	ITI	9156039	0	1	24492	1	0	next	other	0
3	566	Sound	test	9170431	0	1			0		other	0
3	566	Picture	response	9180531	10100	1	5498	1	10000	25000	incorrect	1059
3	566	Port Input	1	9185834	15404	1
3	566	Response	3	9185834	15404	1
3	567	Picture	ITI	9186862	0	1	32489	1	0	next	other	0
3	568	Sound	test	9204303	0	1			0		other	0
3	568	Picture	response	9219351	15048	1	4165	1	15000	25000	incorrect	1064
3	568	Port Input	2	9223400	19096	1
3	568	Response	4	9223400	19096	1
3	569	Picture	ITI	9224516	0	1	26158	1	0	next	other	0
3	570	Sound	test	9238237	0	1			0		other	0
3	570	Picture	response	9250674	12436	1	7331	1	12250	25000	incorrect	1069
3	570	Port Input	2	9257935	19698	1
3	570	Response	4	9257935	19698	1
3	571	Picture	ITI	9259004	0	1	26824	1	0	next	other	0
3	572	Sound	test	9272655	0	1			0		other	0
3	572	Picture	response	9285828	13173	1	9997	1	13100	25000	incorrect	1074
3	572	Port Input	2	9295782	23127	1
3	572	Response	4	9295782	23127	1
3	573	Picture	ITI	9296825	0	1	31156	1	0	next	other	0
3	574	Sound	test	9312796	0	1			0		other	0
3	574	Picture	response	9327981	15185	1	3665	1	15000	25000	incorrect	1079
3	574	Port Input	2	9331515	18719	1
3	574	Response	4	9331515	18719	1
3	575	Picture	ITI	9332479	0	1	32822	1	0	next	other	0
3	576	Sound	test	9350250	0	1			0		other	0
3	576	Picture	response	9365301	15051	1	3832	1	15000	25000	incorrect	1084
3	576	Port Input	2	9369049	18799	1
3	576	Response	4	9369049	18799	1
3	577	Picture	ITI	9370133	0	1	24492	1	0	next	other	0
3	578	Sound	test	9381474	0	1			0		other	0
3	578	Picture	response	9394625	13150	1	3832	1	13100	25000	incorrect	1089
3	578	Port Input	2	9398296	16822	1
3	578	Response	4	9398296	16822	1
3	579	Picture	ITI	9399290	0	1	30323	1	0	next	other	0
3	580	Sound	test	9417231	0	1			0		other	0
3	580	Picture	response	9429613	12382	1	3665	1	12250	25000	incorrect	1094
3	580	Port Input	2	9433175	15944	1
3	580	Response	4	9433175	15944	1
3	581	Picture	ITI	9434278	0	1	27324	1	0	next	other	0
3	582	Sound	test	9446549	0	1			0		other	0
3	582	Picture	response	9461602	15053	1	5998	1	15000	25000	incorrect	1099
3	582	Port Input	2	9467492	20943	1
3	582	Response	4	9467492	20943	1
3	583	Picture	ITI	9468599	0	1	27157	1	0	next	other	0
3	584	Sound	test	9484941	0	1			0		other	0
3	584	Picture	response	9495757	10816	1	7997	1	10700	25000	incorrect	1104
3	584	Port Input	2	9503683	18743	1
3	584	Response	4	9503683	18743	1
3	585	Picture	ITI	9504754	0	1	29657	1	0	next	other	0
3	586	Sound	test	9522905	0	1			0		other	0
3	586	Picture	response	9534410	11505	1	3832	1	11450	25000	incorrect	1109
3	586	Port Input	2	9538167	15262	1
3	586	Response	4	9538167	15262	1
3	587	Picture	ITI	9539242	0	1	29990	1	0	next	other	0
3	588	Sound	test	9556853	0	1			0		other	0
3	588	Picture	response	9569232	12379	1	6998	1	12250	25000	incorrect	1114
3	588	Port Input	2	9576055	19202	1
3	588	Response	4	9576055	19202	1
3	589	Picture	ITI	9577062	0	1	22826	1	0	next	other	0
3	590	Sound	test	9589703	0	1			0		other	0
3	590	Picture	response	9599888	10184	1	5998	1	10000	25000	incorrect	1119
3	590	Port Input	1	9605718	16015	1
3	590	Response	3	9605718	16015	1
3	591	Picture	ITI	9606719	0	1	29657	1	0	next	other	0
3	592	Sound	test	9623100	0	1			0		other	0
3	592	Picture	response	9636375	13275	1	4498	1	13100	25000	incorrect	1124
3	592	Port Input	2	9640702	17602	1
3	592	Response	4	9640702	17602	1
3	593	Picture	ITI	9641707	0	1	29157	1	0	next	other	0
3	594	Sound	test	9655808	0	1			0		other	0
3	594	Picture	response	9670864	15056	1	7331	1	15000	25000	incorrect	1129
3	594	Port Input	2	9678153	22345	1
3	594	Response	4	9678153	22345	1
3	595	Picture	ITI	9679194	0	1	26658	1	0	next	other	0
3	596	Sound	test	9695745	0	1			0		other	0
3	596	Picture	response	9705852	10106	1	4332	1	10000	25000	incorrect	1134
3	596	Port Input	2	9710127	14382	1
3	596	Response	4	9710127	14382	1
3	597	Picture	ITI	9711183	0	1	34488	1	0	next	other	0
3	598	Sound	test	9730544	0	1			0		other	0
3	598	Picture	response	9745671	15127	1	4332	1	15000	25000	incorrect	1139
3	598	Port Input	2	9749848	19303	1
3	598	Response	4	9749848	19303	1
3	599	Picture	ITI	9751003	0	1	20160	1	0	next	other	0
3	600	Sound	test	9761004	0	1			0		other	0
3	600	Picture	response	9771163	10159	1	3665	1	10000	25000	incorrect	1144
3	600	Port Input	1	9774732	13728	1
3	600	Response	3	9774732	13728	1
3	601	Picture	ITI	9775828	0	1	24325	1	0	next	other	0
3	602	Sound	test	9788579	0	1			0		other	0
3	602	Picture	response	9800153	11574	1	4165	1	11450	25000	incorrect	1149
3	602	Port Input	2	9804114	15535	1
3	602	Response	4	9804114	15535	1
3	603	Picture	ITI	9805151	0	1	26158	1	0	next	other	0
3	604	Sound	test	9820462	0	1			0		other	0
3	604	Picture	response	9831309	10846	1	7164	1	10700	25000	incorrect	1154
3	604	Port Input	1	9838358	17896	1
3	604	Response	3	9838358	17896	1
3	605	Picture	ITI	9839473	0	1	22992	1	0	next	other	0
3	606	Sound	test	9850924	0	1			0		other	0
3	606	Picture	response	9862465	11541	1	4498	1	11450	25000	incorrect	1159
3	606	Port Input	2	9866834	15910	1
3	606	Response	4	9866834	15910	1
3	607	Picture	ITI	9867963	0	1	26824	1	0	next	other	0
3	608	Sound	test	9879744	0	1			0		other	0
3	608	Picture	response	9894787	15043	1	3832	1	15000	25000	incorrect	1164
3	608	Port Input	2	9898538	18794	1
3	608	Response	4	9898538	18794	1
3	609	Picture	ITI	9899619	0	1	29323	1	0	next	other	0
3	610	Sound	test	9916640	0	1			0		other	0
3	610	Picture	response	9928942	12302	1	3999	1	12250	25000	incorrect	1169
3	610	Port Input	2	9932875	16236	1
3	610	Response	4	9932875	16236	1
3	611	Picture	ITI	9933940	0	1	28490	1	0	next	other	0
3	612	Sound	test	9951632	0	1			0		other	0
3	612	Picture	response	9962431	10799	1	7164	1	10700	25000	incorrect	1174
3	612	Port Input	1	9969514	17883	1
3	612	Response	3	9969514	17883	1
3	613	Picture	ITI	9970594	0	1	25825	1	0	next	other	0
3	614	Sound	test	9986266	0	1			0		other	0
3	614	Picture	response	9996419	10153	1	4165	1	10000	25000	incorrect	1179
3	614	Port Input	1	10000406	14140	1
3	614	Response	3	10000406	14140	1
3	615	Picture	ITI	10001417	0	1	21826	1	0	next	other	0
3	616	Sound	test	10011668	0	1			0		other	0
3	616	Picture	response	10023243	11575	1	3832	1	11450	25000	incorrect	1184
3	616	Port Input	1	10026904	15235	1
3	616	Response	3	10026904	15235	1
3	617	Picture	ITI	10027908	0	1	30323	1	0	next	other	0
3	618	Sound	test	10044029	0	1			0		other	0
3	618	Picture	response	10058231	14202	1	7331	1	14020	25000	incorrect	1189
3	618	Port Input	2	10065458	21429	1
3	618	Response	4	10065458	21429	1
3	619	Picture	ITI	10066562	0	1	24825	1	0	next	other	0
3	620	Sound	test	10077213	0	1			0		other	0
3	620	Picture	response	10091387	14174	1	4998	1	14020	25000	incorrect	1194
3	620	Port Input	2	10096256	19043	1
3	620	Response	4	10096256	19043	1
3	621	Picture	ITI	10097385	0	1	20493	1	0	next	other	0
3	622	Sound	test	10107806	0	1			0		other	0
3	622	Picture	response	10117877	10072	1	4165	1	10000	25000	incorrect	1199
3	622	Port Input	2	10121911	14105	1
3	622	Response	4	10121911	14105	1
3	623	Picture	ITI	10122876	0	1	23325	1	0	next	other	0
3	624	Sound	test	10136137	0	1			0		other	0
3	624	Picture	response	10146201	10064	1	8164	1	10000	25000	incorrect	1204
3	624	Port Input	1	10154281	18144	1
3	624	Response	3	10154281	18144	1
3	625	Picture	ITI	10155365	0	1	24991	1	0	next	other	0
3	626	Sound	test	10169536	0	1			0		other	0
3	626	Picture	response	10180356	10820	1	5498	1	10700	25000	incorrect	1209
3	626	Port Input	1	10185672	16136	1
3	626	Response	3	10185672	16136	1
3	627	Picture	ITI	10186687	0	1	29990	1	0	next	other	0
3	628	Sound	test	10202528	0	1			0		other	0
3	628	Picture	response	10216677	14149	1	4332	1	14020	25000	incorrect	1214
3	628	Port Input	2	10220937	18408	1
3	628	Response	4	10220937	18408	1
3	629	Picture	ITI	10222009	0	1	24158	1	0	next	other	0
3	630	Sound	test	10232050	0	1			0		other	0
3	630	Picture	response	10246167	14117	1	3999	1	14020	25000	incorrect	1219
3	630	Port Input	2	10250079	18029	1
3	630	Response	4	10250079	18029	1
3	631	Picture	ITI	10251165	0	1	22492	1	0	next	other	0
3	632	Sound	test	10262167	0	1			0		other	0
3	632	Picture	response	10273658	11491	1	4165	1	11450	25000	incorrect	1224
3	632	Port Input	2	10277712	15545	1
3	632	Response	4	10277712	15545	1
3	633	Picture	ITI	10278656	0	1	23992	1	0	next	other	0
3	634	Sound	test	10291117	0	1			0		other	0
3	634	Picture	response	10302648	11531	1	4165	1	11450	25000	incorrect	1229
3	634	Port Input	1	10306729	15612	1
3	634	Response	3	10306729	15612	1
3	635	Picture	ITI	10307813	0	1	25158	1	0	next	other	0
3	636	Sound	test	10322834	0	1			0		other	0
3	636	Picture	response	10332971	10137	1	4165	1	10000	25000	incorrect	1234
3	636	Port Input	2	10336965	14131	1
3	636	Response	4	10336965	14131	1
3	637	Picture	ITI	10337969	0	1	28657	1	0	next	other	0
3	638	Sound	test	10355030	0	1			0		other	0
3	638	Picture	response	10366626	11596	1	4165	1	11450	25000	incorrect	1239
3	638	Port Input	2	10370595	15565	1
3	638	Response	4	10370595	15565	1
3	639	Picture	ITI	10371624	0	1	32156	1	0	next	other	0
3	640	Sound	test	10389635	0	1			0		other	0
3	640	Picture	response	10403780	14144	1	4832	1	14020	25000	incorrect	1244
3	640	Port Input	2	10408410	18775	1
3	640	Response	4	10408410	18775	1
3	641	Picture	ITI	10409445	0	1	25658	1	0	next	other	0
3	642	Sound	test	10420056	0	1			0		other	0
3	642	Picture	response	10435102	15047	1	5998	1	15000	25000	incorrect	1249
3	642	Port Input	2	10441040	20985	1
3	642	Response	4	10441040	20985	1
3	643	Picture	ITI	10442100	0	1	24825	1	0	next	other	0
3	644	Sound	test	10452801	0	1			0		other	0
3	644	Picture	response	10466925	14124	1	3999	1	14020	25000	incorrect	1254
3	644	Port Input	2	10470860	18058	1
3	644	Response	4	10470860	18058	1
3	645	Picture	ITI	10471923	0	1	23825	1	0	next	other	0
3	646	Sound	test	10484865	0	1			0		other	0
3	646	Picture	response	10495748	10884	1	3665	1	10700	25000	incorrect	1259
3	646	Port Input	2	10499346	14482	1
3	646	Response	4	10499346	14482	1
3	647	Picture	ITI	10500414	0	1	29157	1	0	next	other	0
3	648	Sound	test	10518805	0	1			0		other	0
3	648	Picture	response	10529570	10765	1	6998	1	10700	25000	incorrect	1264
3	648	Port Input	1	10536433	17628	1
3	648	Response	3	10536433	17628	1
3	649	Picture	ITI	10537568	0	1	29990	1	0	next	other	0
3	650	Sound	test	10557459	0	1			0		other	0
3	650	Picture	response	10567557	10099	1	4665	1	10000	25000	incorrect	1269
3	650	Port Input	2	10572103	14645	1
3	650	Response	4	10572103	14645	1
3	651	Picture	ITI	10573055	0	1	31989	1	0	next	other	0
3	652	Sound	test	10589957	0	1			0		other	0
3	652	Picture	response	10605044	15088	1	3832	1	15000	25000	incorrect	1274
3	652	Port Input	2	10608711	18754	1
3	652	Response	4	10608711	18754	1
3	653	Picture	ITI	10609710	0	1	31323	1	0	next	other	0
3	654	Sound	test	10629431	0	1			0		other	0
3	654	Picture	response	10641032	11601	1	4332	1	11450	25000	incorrect	1279
3	654	Port Input	2	10645318	15888	1
3	654	Response	4	10645318	15888	1
3	655	Picture	ITI	10646364	0	1	21992	1	0	next	other	0
3	656	Sound	test	10657605	0	1			0		other	0
3	656	Picture	response	10668356	10751	1	10996	1	10700	25000	incorrect	1284
3	656	Port Input	2	10679261	21656	1
3	656	Response	4	10679261	21656	1
3	657	Picture	ITI	10680352	0	1	26324	1	0	next	other	0
3	658	Sound	test	10695173	0	1			0		other	0
3	658	Picture	response	10706676	11503	1	5165	1	11450	25000	incorrect	1289
3	658	Port Input	2	10711766	16593	1
3	658	Response	4	10711766	16593	1
3	659	Picture	ITI	10712841	0	1	28490	1	0	next	other	0
3	660	Sound	test	10728182	0	1			0		other	0
3	660	Picture	response	10741331	13149	1	4165	1	13100	25000	incorrect	1294
3	660	Port Input	2	10745334	17151	1
3	660	Response	4	10745334	17151	1
3	661	Picture	ITI	10746496	0	1	28157	1	0	next	other	0
3	662	Sound	test	10763857	0	1			0		other	0
3	662	Picture	response	10774653	10796	1	5831	1	10700	25000	incorrect	1299
3	662	Port Input	2	10780390	16532	1
3	662	Response	4	10780390	16532	1
3	663	Picture	ITI	10781484	0	1	31656	1	0	next	other	0
3	664	Sound	test	10799935	0	1			0		other	0
3	664	Picture	response	10813140	13205	1	4165	1	13100	25000	incorrect	1304
3	664	Port Input	2	10817185	17249	1
3	664	Response	4	10817185	17249	1
3	665	Picture	ITI	10818138	0	1	31489	1	0	next	other	0
3	666	Sound	test	10834470	0	1			0		other	0
3	666	Picture	response	10849628	15158	1	6331	1	15000	25000	incorrect	1309
3	666	Port Input	2	10855896	21426	1
3	666	Response	4	10855896	21426	1
3	667	Picture	ITI	10856958	0	1	27657	1	0	next	other	0
3	668	Sound	test	10873130	0	1			0		other	0
3	668	Picture	response	10884616	11486	1	7331	1	11450	25000	incorrect	1314
3	668	Port Input	2	10891847	18718	1
3	668	Response	4	10891847	18718	1
3	669	Picture	ITI	10892946	0	1	26991	1	0	next	other	0
3	670	Sound	test	10907607	0	1			0		other	0
3	670	Picture	response	10919937	12330	1	3999	1	12250	25000	incorrect	1319
3	670	Port Input	2	10923853	16246	1
3	670	Response	4	10923853	16246	1
3	671	Picture	ITI	10924935	0	1	30823	1	0	next	other	0
3	672	Sound	test	10944886	0	1			0		other	0
3	672	Picture	response	10955758	10872	1	3832	1	10700	25000	incorrect	1324
3	672	Port Input	2	10959399	14512	1
3	672	Response	4	10959399	14512	1
3	673	Picture	ITI	10960423	0	1	20160	1	0	next	other	0
3	674	Picture	Instruction	10980583	0	1	4096454	1	0	next	other	0
3	674	Quit		15071636	4091053	NA


{
   "app": "Presentation Version 20.2 Build 07.25.18",
   "device": "LENOVO 10A8S1PC00",
   "experiment": "{772213B2-5F0F-4A35-9C2F-36954700C7EA}",
   "os": "Windows 7 64 bit",
   "package": "",
   "parameters": {
      "configuration": "Default configuration"
   },
   "scenario": "Timing Task with Dynanometer.sce",
   "subject": "3",
   "timestamp": "2019/03/09 07:37:03 GMT"
}
