Scenario - Timing Task
Logfile written - 03/14/2019 13:07:06

Subject	Trial	Event Type	Code	Time	TTime	Uncertainty	Duration	Uncertainty	ReqTime	ReqDur	Stim Type	Pair Index

31	1	Picture	Instruction	500	0	1	23325	1	0	next	other	0
31	1	Response	3	505	5	1
31	1	Response	1	18737	18237	0
31	2	Picture	ITI	23825	0	1	10496	1	0	next	other	0
31	3	Sound	Stimuli	33834	0	416			0		other	0
31	4	Picture	Feedback	64311	0	1	20160	1	0	next	other	0
31	4	Response	3	74196	9886	1
31	5	Picture	ITI	84470	0	1	10163	1	0	next	other	0
31	5	Response	3	84743	273	1
31	6	Sound	Stimuli	94471	0	1			0		other	0
31	7	Picture	Feedback	129454	0	1	20160	1	0	next	other	0
31	8	Picture	ITI	149614	0	1	10163	1	0	next	other	0
31	9	Sound	Stimuli	159615	0	1			0		other	0
31	10	Picture	Feedback	189767	0	1	20160	1	0	next	other	0
31	11	Picture	ITI	209926	0	1	10163	1	0	next	other	0
31	12	Sound	Stimuli	219927	0	1			0		other	0
31	13	Picture	Feedback	255077	0	1	20160	1	0	next	other	0
31	14	Picture	ITI	275237	0	1	10163	1	0	next	other	0
31	15	Sound	Stimuli	285238	0	1			0		other	0
31	16	Picture	Feedback	315389	0	1	20160	1	0	next	other	0
31	17	Picture	ITI	335549	0	1	10163	1	0	next	other	0
31	18	Sound	Stimuli	345550	0	1			0		other	0
31	19	Picture	Feedback	380700	0	1	20160	1	0	next	other	0
31	20	Picture	ITI	400859	0	1	10163	1	0	next	other	0
31	21	Sound	Stimuli	410860	0	1			0		other	0
31	22	Picture	Feedback	440845	0	1	20160	1	0	next	other	0
31	23	Picture	ITI	461005	0	1	10163	1	0	next	other	0
31	24	Sound	Stimuli	471006	0	1			0		other	0
31	25	Picture	Feedback	506156	0	1	20160	1	0	next	other	0
31	26	Picture	ITI	526315	0	1	10163	1	0	next	other	0
31	27	Sound	Stimuli	536316	0	1			0		other	0
31	28	Picture	Feedback	566468	0	1	20160	1	0	next	other	0
31	29	Picture	ITI	586627	0	1	14936	1	0	next	other	0
31	29	Quit		595925	9297	NA


{
   "app": "Presentation Version 20.2 Build 07.25.18",
   "device": "LENOVO 10A8S1PC00",
   "experiment": "{772213B2-5F0F-4A35-9C2F-36954700C7EA}",
   "os": "Windows 7 64 bit",
   "package": "",
   "parameters": {
      "configuration": "Default configuration"
   },
   "scenario": "Timing Task with Dynanometer.sce",
   "subject": "31",
   "timestamp": "2019/03/14 05:06:04 GMT"
}
