Scenario - Timing Task
Logfile written - 03/10/2019 10:53:43

Subject	Trial	Event Type	Code	Time	TTime	Uncertainty	Duration	Uncertainty	ReqTime	ReqDur	Stim Type	Pair Index

32	1	Picture	Instruction	333	0	1	88636	1	0	next	other	0
32	1	Response	1	83774	83441	0
32	2	Picture	ITI	88969	0	1	10996	1	0	next	other	0
32	3	Sound	Stimuli	98985	0	863			0		other	0
32	4	Picture	Feedback	129789	0	1	20160	1	0	next	other	0
32	5	Picture	ITI	149949	0	1	10163	1	0	next	other	0
32	6	Sound	Stimuli	159950	0	1			0		other	0
32	7	Picture	Feedback	195100	0	1	20160	1	0	next	other	0
32	8	Picture	ITI	215260	0	1	10163	1	0	next	other	0
32	9	Sound	Stimuli	225261	0	1			0		other	0
32	10	Picture	Feedback	255246	0	1	20160	1	0	next	other	0
32	11	Picture	ITI	275406	0	1	10163	1	0	next	other	0
32	12	Sound	Stimuli	285407	0	1			0		other	0
32	13	Picture	Feedback	320557	0	1	20160	1	0	next	other	0
32	14	Picture	ITI	340717	0	1	10163	1	0	next	other	0
32	15	Sound	Stimuli	350718	0	1			0		other	0
32	16	Picture	Feedback	380870	0	1	20160	1	0	next	other	0
32	17	Picture	ITI	401030	0	1	10163	1	0	next	other	0
32	18	Sound	Stimuli	411031	0	2			0		other	0
32	19	Picture	Feedback	446181	0	1	20160	1	0	next	other	0
32	20	Picture	ITI	466341	0	1	10163	1	0	next	other	0
32	21	Sound	Stimuli	476342	0	1			0		other	0
32	22	Picture	Feedback	506493	0	1	20160	1	0	next	other	0
32	23	Picture	ITI	526653	0	1	10163	1	0	next	other	0
32	24	Sound	Stimuli	536654	0	1			0		other	0
32	25	Picture	Feedback	571638	0	1	20160	1	0	next	other	0
32	26	Picture	ITI	591798	0	1	10163	1	0	next	other	0
32	27	Sound	Stimuli	601799	0	1			0		other	0
32	28	Picture	Feedback	631784	0	1	20160	1	0	next	other	0
32	29	Picture	ITI	651944	0	1	10163	1	0	next	other	0
32	30	Sound	Stimuli	661945	0	1			0		other	0
32	31	Picture	Feedback	697095	0	1	20160	1	0	next	other	0
32	32	Picture	End_Block	717255	0	1	14828	1	0	next	other	0
32	32	Response	1	731927	14672	0
32	33	Picture	ITI	732083	0	1	10163	1	0	next	other	0
32	34	Picture	Break	742246	0	1	19493	1	0	next	other	0
32	34	Response	1	761606	19359	0
32	35	Picture	ITI	761740	0	1	10163	1	0	next	other	0
32	36	Picture	Instruction	771903	0	1	297398	1	0	next	other	0
32	36	Response	1	1064243	292340	0
32	37	Picture	ITI	1069301	0	1	28657	1	0	next	other	0
32	38	Sound	Practice	1087893	0	1			0		other	0
32	38	Picture	response	1097958	10065	1	5332	1	10000	25000	hit	45
32	38	Port Input	2	1103217	15324	1
32	38	Response	4	1103217	15324	1
32	39	Picture	ITI	1113286	0	1	23825	1	0	next	other	0
32	40	Sound	Practice	1127018	0	1			0		other	0
32	40	Picture	response	1137111	10094	1	3999	1	10000	25000	hit	50
32	40	Port Input	2	1140949	13931	1
32	40	Response	4	1140949	13931	1
32	41	Picture	ITI	1151107	0	1	25658	1	0	next	other	0
32	42	Sound	Practice	1166658	0	1			0		other	0
32	42	Picture	response	1176765	10106	1	6998	1	10000	25000	hit	55
32	42	Port Input	2	1183658	17000	1
32	42	Response	4	1183658	17000	1
32	43	Picture	ITI	1193759	0	1	34655	1	0	next	other	0
32	44	Sound	Practice	1213320	0	1			0		other	0
32	44	Picture	response	1228414	15093	1	2832	1	15000	25000	hit	60
32	44	Port Input	1	1231146	17826	1
32	44	Response	3	1231146	17826	1
32	45	Picture	ITI	1241243	0	1	32489	1	0	next	other	0
32	46	Sound	Practice	1258614	0	1			0		other	0
32	46	Picture	response	1273731	15118	1	8330	1	15000	25000	hit	65
32	46	Port Input	1	1281976	23362	1
32	46	Response	3	1281976	23362	1
32	47	Picture	ITI	1292058	0	1	28324	1	0	next	other	0
32	48	Sound	Practice	1310230	0	1			0		other	0
32	48	Picture	response	1320382	10152	1	4665	1	10000	25000	hit	70
32	48	Port Input	2	1324945	14716	1
32	48	Response	4	1324945	14716	1
32	49	Picture	ITI	1335044	0	1	21159	1	0	next	other	0
32	50	Sound	Practice	1346055	0	1			0		other	0
32	50	Picture	response	1356203	10148	1	4332	1	10000	25000	hit	75
32	50	Port Input	2	1360450	14394	1
32	50	Response	4	1360450	14394	1
32	51	Picture	ITI	1370532	0	1	29323	1	0	next	other	0
32	52	Sound	Practice	1389823	0	1			0		other	0
32	52	Picture	response	1399855	10032	1	5332	1	10000	25000	hit	80
32	52	Port Input	2	1405054	15230	1
32	52	Response	4	1405054	15230	1
32	53	Picture	ITI	1415183	0	1	31156	1	0	next	other	0
32	54	Sound	Practice	1431275	0	1			0		other	0
32	54	Picture	response	1446339	15065	1	3332	1	15000	25000	hit	85
32	54	Port Input	1	1449553	18279	1
32	54	Response	3	1449553	18279	1
32	55	Picture	ITI	1459668	0	1	31156	1	0	next	other	0
32	56	Sound	Practice	1475639	0	1			0		other	0
32	56	Picture	response	1490824	15184	1	4499	1	15000	25000	hit	90
32	56	Port Input	1	1495157	19517	1
32	56	Response	3	1495157	19517	1
32	57	Picture	ITI	1505319	0	1	20993	1	0	next	other	0
32	58	Sound	Practice	1516230	0	1			0		other	0
32	58	Picture	response	1526312	10081	1	5498	1	10000	25000	hit	95
32	58	Port Input	2	1531692	15461	1
32	58	Response	4	1531692	15461	1
32	59	Picture	ITI	1541807	0	1	23492	1	0	next	other	0
32	60	Sound	Practice	1555258	0	1			0		other	0
32	60	Picture	response	1565299	10041	1	4832	1	10000	25000	hit	100
32	60	Port Input	2	1569986	14728	1
32	60	Response	4	1569986	14728	1
32	61	Picture	ITI	1580127	0	1	31656	1	0	next	other	0
32	62	Sound	Practice	1596758	0	1			0		other	0
32	62	Picture	response	1611783	15024	1	3665	1	15000	25000	hit	105
32	62	Port Input	1	1615392	18633	1
32	62	Response	3	1615392	18633	1
32	63	Picture	ITI	1625445	0	1	29490	1	0	next	other	0
32	64	Sound	Practice	1639866	0	1			0		other	0
32	64	Picture	response	1654935	15068	1	7831	1	15000	25000	incorrect	110
32	64	Port Input	2	1662651	22785	1
32	64	Response	4	1662651	22785	1
32	65	Picture	ITI	1672762	0	1	30656	1	0	next	other	0
32	66	Sound	Practice	1688283	0	1			0		other	0
32	66	Picture	response	1703418	15135	1	4998	1	15000	25000	hit	115
32	66	Port Input	1	1708348	20065	1
32	66	Response	3	1708348	20065	1
32	67	Picture	ITI	1718413	0	1	32156	1	0	next	other	0
32	68	Sound	Practice	1735454	0	1			0		other	0
32	68	Picture	response	1750569	15114	1	4332	1	15000	25000	hit	120
32	68	Port Input	1	1754732	19278	1
32	68	Response	3	1754732	19278	1
32	69	Picture	ITI	1764897	0	1	25991	1	0	next	other	0
32	70	Sound	Practice	1780788	0	1			0		other	0
32	70	Picture	response	1790888	10100	1	6165	1	10000	25000	hit	125
32	70	Port Input	2	1796973	16184	1
32	70	Response	4	1796973	16184	1
32	71	Picture	ITI	1807049	0	1	25658	1	0	next	other	0
32	72	Sound	Practice	1817541	0	1			0		other	0
32	72	Picture	response	1832707	15167	1	4165	1	15000	25000	hit	130
32	72	Port Input	1	1836725	19184	1
32	72	Response	3	1836725	19184	1
32	73	Picture	ITI	1846869	0	1	25658	1	0	next	other	0
32	74	Sound	Practice	1862490	0	1			0		other	0
32	74	Picture	response	1872527	10037	1	9663	1	10000	25000	hit	135
32	74	Port Input	2	1881985	19494	1
32	74	Response	4	1881985	19494	1
32	75	Picture	ITI	1892020	0	1	32822	1	0	next	other	0
32	76	Sound	Practice	1909692	0	1			0		other	0
32	76	Picture	response	1924842	15151	1	4332	1	15000	25000	hit	140
32	76	Port Input	1	1929056	19364	1
32	76	Response	3	1929056	19364	1
32	77	Picture	ITI	1939171	0	1	29157	1	0	next	other	0
32	78	Sound	Practice	1958282	0	1			0		other	0
32	78	Picture	response	1968328	10045	1	3999	1	10000	25000	hit	145
32	78	Port Input	2	1972192	13910	1
32	78	Response	4	1972192	13910	1
32	79	Picture	ITI	1982323	0	1	25991	1	0	next	other	0
32	80	Sound	Practice	1993254	0	1			0		other	0
32	80	Picture	response	2008314	15060	1	3499	1	15000	25000	hit	150
32	80	Port Input	1	2011663	18409	1
32	80	Response	3	2011663	18409	1
32	81	Picture	ITI	2021809	0	1	29157	1	0	next	other	0
32	82	Sound	Practice	2040841	0	1			0		other	0
32	82	Picture	response	2050966	10125	1	5498	1	10000	25000	hit	155
32	82	Port Input	2	2056381	15541	1
32	82	Response	4	2056381	15541	1
32	83	Picture	ITI	2066461	0	1	24658	1	0	next	other	0
32	84	Sound	Practice	2081072	0	1			0		other	0
32	84	Picture	response	2091119	10047	1	8997	1	10000	25000	incorrect	160
32	84	Port Input	1	2099955	18882	1
32	84	Response	3	2099955	18882	1
32	85	Picture	ITI	2110112	0	1	24658	1	0	next	other	0
32	86	Sound	Practice	2124634	0	1			0		other	0
32	86	Picture	response	2134771	10137	1	3332	1	10000	25000	hit	165
32	86	Port Input	2	2137947	13313	1
32	86	Response	4	2137947	13313	1
32	87	Picture	Break	2148099	0	1	14662	1	0	next	other	0
32	87	Response	1	2162629	14529	0
32	88	Picture	Instruction	2162761	0	1	25991	1	0	next	other	0
32	88	Response	1	2188628	25867	0
32	89	Picture	ITI	2188752	0	1	15161	1	0	next	other	0
32	90	Picture	ITI	2203914	0	1	31656	1	0	next	other	0
32	91	Sound	test	2220425	0	1			0		other	0
32	91	Picture	response	2235570	15145	1	3332	1	15000	25000	incorrect	175
32	91	Port Input	1	2238827	18402	1
32	91	Response	3	2238827	18402	1
32	92	Picture	ITI	2239901	0	1	23659	1	0	next	other	0
32	93	Sound	test	2252003	0	1			0		other	0
32	93	Picture	response	2263560	11557	1	6998	1	11450	25000	incorrect	180
32	93	Port Input	2	2270416	18413	1
32	93	Response	4	2270416	18413	1
32	94	Picture	ITI	2271557	0	1	25658	1	0	next	other	0
32	95	Sound	test	2285669	0	1			0		other	0
32	95	Picture	response	2297215	11547	1	4499	1	11450	25000	incorrect	185
32	95	Port Input	2	2301651	15982	1
32	95	Response	4	2301651	15982	1
32	96	Picture	ITI	2302713	0	1	30156	1	0	next	other	0
32	97	Sound	test	2317755	0	1			0		other	0
32	97	Picture	response	2332870	15115	1	4165	1	15000	25000	incorrect	190
32	97	Port Input	1	2336843	19088	1
32	97	Response	3	2336843	19088	1
32	98	Picture	ITI	2337868	0	1	27657	1	0	next	other	0
32	99	Sound	test	2355389	0	1			0		other	0
32	99	Picture	response	2365525	10136	1	4165	1	10000	25000	incorrect	195
32	99	Port Input	2	2369505	14115	1
32	99	Response	4	2369505	14115	1
32	100	Picture	ITI	2370524	0	1	22826	1	0	next	other	0
32	101	Sound	test	2381855	0	1			0		other	0
32	101	Picture	response	2393349	11494	1	4832	1	11450	25000	incorrect	200
32	101	Port Input	2	2398126	16272	1
32	101	Response	4	2398126	16272	1
32	102	Picture	ITI	2399180	0	1	21659	1	0	next	other	0
32	103	Sound	test	2409292	0	1			0		other	0
32	103	Picture	response	2420840	11548	1	3999	1	11450	25000	incorrect	205
32	103	Port Input	2	2424770	15479	1
32	103	Response	4	2424770	15479	1
32	104	Picture	ITI	2425838	0	1	22492	1	0	next	other	0
32	105	Sound	test	2437549	0	1			0		other	0
32	105	Picture	response	2448330	10781	1	4498	1	10700	25000	incorrect	210
32	105	Port Input	2	2452767	15218	1
32	105	Response	4	2452767	15218	1
32	106	Picture	ITI	2453828	0	1	20493	1	0	next	other	0
32	107	Sound	test	2464190	0	1			0		other	0
32	107	Picture	response	2474321	10132	1	4332	1	10000	25000	incorrect	215
32	107	Port Input	2	2478568	14378	1
32	107	Response	4	2478568	14378	1
32	108	Picture	ITI	2479653	0	1	22492	1	0	next	other	0
32	109	Sound	test	2492104	0	1			0		other	0
32	109	Picture	response	2502145	10041	1	4332	1	10000	25000	incorrect	220
32	109	Port Input	2	2506430	14326	1
32	109	Response	4	2506430	14326	1
32	110	Picture	ITI	2507477	0	1	27324	1	0	next	other	0
32	111	Sound	test	2523918	0	1			0		other	0
32	111	Picture	response	2534801	10883	1	4165	1	10700	25000	incorrect	225
32	111	Port Input	2	2538821	14903	1
32	111	Response	4	2538821	14903	1
32	112	Picture	ITI	2539799	0	1	25491	1	0	next	other	0
32	113	Sound	test	2550220	0	1			0		other	0
32	113	Picture	response	2565290	15070	1	1666	1	15000	25000	incorrect	230
32	113	Port Input	1	2566818	16598	1
32	113	Response	3	2566818	16598	1
32	114	Picture	ITI	2567956	0	1	30156	1	0	next	other	0
32	115	Sound	test	2583917	0	1			0		other	0
32	115	Picture	response	2598112	14195	1	5831	1	14020	25000	incorrect	235
32	115	Port Input	1	2603780	19862	1
32	115	Response	3	2603780	19862	1
32	116	Picture	ITI	2604943	0	1	26324	1	0	next	other	0
32	117	Sound	test	2617205	0	1			0		other	0
32	117	Picture	response	2631268	14063	1	3999	1	14020	25000	incorrect	240
32	117	Port Input	1	2635067	17862	1
32	117	Response	3	2635067	17862	1
32	118	Picture	ITI	2636100	0	1	24658	1	0	next	other	0
32	119	Sound	test	2648451	0	1			0		other	0
32	119	Picture	response	2660758	12307	1	4498	1	12250	25000	incorrect	245
32	119	Port Input	1	2665115	16664	1
32	119	Response	3	2665115	16664	1
32	120	Picture	ITI	2666256	0	1	28657	1	0	next	other	0
32	121	Sound	test	2682517	0	1			0		other	0
32	121	Picture	response	2694913	12396	1	6831	1	12250	25000	incorrect	250
32	121	Port Input	2	2701650	19133	1
32	121	Response	4	2701650	19133	1
32	122	Picture	ITI	2702743	0	1	29323	1	0	next	other	0
32	123	Sound	test	2718895	0	1			0		other	0
32	123	Picture	response	2732067	13172	1	5665	1	13100	25000	incorrect	255
32	123	Port Input	2	2737623	18728	1
32	123	Response	4	2737623	18728	1
32	124	Picture	ITI	2738731	0	1	30490	1	0	next	other	0
32	125	Sound	test	2755072	0	1			0		other	0
32	125	Picture	response	2769221	14148	1	8164	1	14020	25000	incorrect	260
32	125	Port Input	1	2777177	22105	1
32	125	Response	3	2777177	22105	1
32	126	Picture	ITI	2778218	0	1	25491	1	0	next	other	0
32	127	Sound	test	2792119	0	1			0		other	0
32	127	Picture	response	2803709	11590	1	3999	1	11450	25000	incorrect	265
32	127	Port Input	2	2807663	15544	1
32	127	Response	4	2807663	15544	1
32	128	Picture	ITI	2808707	0	1	25491	1	0	next	other	0
32	129	Sound	test	2824038	0	1			0		other	0
32	129	Picture	response	2834198	10160	1	4165	1	10000	25000	incorrect	270
32	129	Port Input	2	2838190	14151	1
32	129	Response	4	2838190	14151	1
32	130	Picture	ITI	2839197	0	1	28990	1	0	next	other	0
32	131	Sound	test	2855858	0	1			0		other	0
32	131	Picture	response	2868187	12329	1	4998	1	12250	25000	incorrect	275
32	131	Port Input	2	2873111	17253	1
32	131	Response	4	2873111	17253	1
32	132	Picture	ITI	2874185	0	1	27491	1	0	next	other	0
32	133	Sound	test	2891546	0	1			0		other	0
32	133	Picture	response	2901675	10129	1	4665	1	10000	25000	incorrect	280
32	133	Port Input	2	2906179	14633	1
32	133	Response	4	2906179	14633	1
32	134	Picture	ITI	2907340	0	1	25158	1	0	next	other	0
32	135	Sound	test	2922421	0	1			0		other	0
32	135	Picture	response	2932498	10077	1	4832	1	10000	25000	incorrect	285
32	135	Port Input	2	2937258	14836	1
32	135	Response	4	2937258	14836	1
32	136	Picture	ITI	2938330	0	1	31323	1	0	next	other	0
32	137	Sound	test	2956481	0	1			0		other	0
32	137	Picture	response	2969652	13171	1	4832	1	13100	25000	incorrect	290
32	137	Port Input	2	2974438	17957	1
32	137	Response	4	2974438	17957	1
32	138	Picture	ITI	2975484	0	1	28324	1	0	next	other	0
32	139	Sound	test	2988695	0	1			0		other	0
32	139	Picture	response	3003807	15112	1	3332	1	15000	25000	incorrect	295
32	139	Port Input	1	3007058	18363	1
32	139	Response	3	3007058	18363	1
32	140	Picture	ITI	3008139	0	1	24492	1	0	next	other	0
32	141	Sound	test	3021890	0	1			0		other	0
32	141	Picture	response	3032631	10740	1	4332	1	10700	25000	incorrect	300
32	141	Port Input	2	3036857	14966	1
32	141	Response	4	3036857	14966	1
32	142	Picture	ITI	3037796	0	1	23992	1	0	next	other	0
32	143	Sound	test	3051627	0	1			0		other	0
32	143	Picture	response	3061787	10161	1	3999	1	10000	25000	incorrect	305
32	143	Port Input	2	3065635	14008	1
32	143	Response	4	3065635	14008	1
32	144	Picture	ITI	3066619	0	1	33155	1	0	next	other	0
32	145	Sound	test	3084670	0	1			0		other	0
32	145	Picture	response	3099774	15104	1	4332	1	15000	25000	incorrect	310
32	145	Port Input	1	3103971	19300	1
32	145	Response	3	3103971	19300	1
32	146	Picture	ITI	3105106	0	1	27157	1	0	next	other	0
32	147	Sound	test	3118987	0	1			0		other	0
32	147	Picture	response	3132263	13276	1	4498	1	13100	25000	incorrect	315
32	147	Port Input	1	3136580	17593	1
32	147	Response	3	3136580	17593	1
32	148	Picture	ITI	3137595	0	1	33988	1	0	next	other	0
32	149	Sound	test	3156396	0	1			0		other	0
32	149	Picture	response	3171583	15187	1	4665	1	15000	25000	incorrect	320
32	149	Port Input	1	3176093	19697	1
32	149	Response	3	3176093	19697	1
32	150	Picture	ITI	3177248	0	1	33155	1	0	next	other	0
32	151	Sound	test	3196200	0	1			0		other	0
32	151	Picture	response	3210403	14204	1	4332	1	14020	25000	incorrect	325
32	151	Port Input	1	3214689	18490	1
32	151	Response	3	3214689	18490	1
32	152	Picture	ITI	3215735	0	1	25991	1	0	next	other	0
32	153	Sound	test	3231606	0	1			0		other	0
32	153	Picture	response	3241726	10120	1	5831	1	10000	25000	incorrect	330
32	153	Port Input	2	3247424	15818	1
32	153	Response	4	3247424	15818	1
32	154	Picture	ITI	3248390	0	1	26158	1	0	next	other	0
32	155	Sound	test	3264522	0	1			0		other	0
32	155	Picture	response	3274548	10026	1	4332	1	10000	25000	incorrect	335
32	155	Port Input	2	3278711	14190	1
32	155	Response	4	3278711	14190	1
32	156	Picture	ITI	3279713	0	1	30656	1	0	next	other	0
32	157	Sound	test	3296274	0	1			0		other	0
32	157	Picture	response	3310369	14095	1	4665	1	14020	25000	incorrect	340
32	157	Port Input	2	3314830	18555	1
32	157	Response	4	3314830	18555	1
32	158	Picture	ITI	3315867	0	1	29990	1	0	next	other	0
32	159	Sound	test	3332649	0	1			0		other	0
32	159	Picture	response	3345857	13209	1	5831	1	13100	25000	incorrect	345
32	159	Port Input	2	3351542	18893	1
32	159	Response	4	3351542	18893	1
32	160	Picture	ITI	3352521	0	1	24492	1	0	next	other	0
32	161	Sound	test	3365423	0	1			0		other	0
32	161	Picture	response	3377013	11590	1	4498	1	11450	25000	incorrect	350
32	161	Port Input	2	3381403	15980	1
32	161	Response	4	3381403	15980	1
32	162	Picture	ITI	3382511	0	1	25491	1	0	next	other	0
32	163	Sound	test	3393832	0	1			0		other	0
32	163	Picture	response	3408002	14170	1	3999	1	14020	25000	incorrect	355
32	163	Port Input	2	3411909	18076	1
32	163	Response	4	3411909	18076	1
32	164	Picture	ITI	3413001	0	1	24658	1	0	next	other	0
32	165	Sound	test	3426882	0	1			0		other	0
32	165	Picture	response	3437659	10777	1	4832	1	10700	25000	incorrect	360
32	165	Port Input	2	3442426	15544	1
32	165	Response	4	3442426	15544	1
32	166	Picture	ITI	3443490	0	1	27990	1	0	next	other	0
32	167	Sound	test	3456322	0	1			0		other	0
32	167	Picture	response	3471481	15159	1	4332	1	15000	25000	incorrect	365
32	167	Port Input	2	3475618	19297	1
32	167	Response	4	3475618	19297	1
32	168	Picture	ITI	3476646	0	1	25325	1	0	next	other	0
32	169	Sound	test	3487917	0	1			0		other	0
32	169	Picture	response	3501970	14053	1	4332	1	14020	25000	incorrect	370
32	169	Port Input	2	3506260	18343	1
32	169	Response	4	3506260	18343	1
32	170	Picture	ITI	3507302	0	1	20326	1	0	next	other	0
32	171	Sound	test	3517573	0	1			0		other	0
32	171	Picture	response	3527628	10055	1	4665	1	10000	25000	incorrect	375
32	171	Port Input	2	3532113	14540	1
32	171	Response	4	3532113	14540	1
32	172	Picture	ITI	3533126	0	1	22159	1	0	next	other	0
32	173	Sound	test	3545258	0	1			0		other	0
32	173	Picture	response	3555286	10028	1	4498	1	10000	25000	incorrect	380
32	173	Port Input	2	3559610	14352	1
32	173	Response	4	3559610	14352	1
32	174	Picture	ITI	3560617	0	1	24158	1	0	next	other	0
32	175	Sound	test	3573188	0	1			0		other	0
32	175	Picture	response	3584775	11587	1	3999	1	11450	25000	incorrect	385
32	175	Port Input	2	3588648	15460	1
32	175	Response	4	3588648	15460	1
32	176	Picture	ITI	3589607	0	1	28324	1	0	next	other	0
32	177	Sound	test	3607158	0	1			0		other	0
32	177	Picture	response	3617931	10772	1	3832	1	10700	25000	incorrect	390
32	177	Port Input	2	3621664	14506	1
32	177	Response	4	3621664	14506	1
32	178	Picture	ITI	3622762	0	1	24658	1	0	next	other	0
32	179	Sound	test	3635904	0	1			0		other	0
32	179	Picture	response	3647421	11517	1	4165	1	11450	25000	incorrect	395
32	179	Port Input	2	3651400	15496	1
32	179	Response	4	3651400	15496	1
32	180	Picture	ITI	3652419	0	1	30823	1	0	next	other	0
32	181	Sound	test	3668210	0	1			0		other	0
32	181	Picture	response	3683242	15032	1	4998	1	15000	25000	incorrect	400
32	181	Port Input	2	3688195	19985	1
32	181	Response	4	3688195	19985	1
32	182	Picture	ITI	3689240	0	1	22492	1	0	next	other	0
32	183	Sound	test	3700151	0	1			0		other	0
32	183	Picture	response	3711732	11581	1	4832	1	11450	25000	incorrect	405
32	183	Port Input	2	3716474	16323	1
32	183	Response	4	3716474	16323	1
32	184	Picture	ITI	3717563	0	1	28657	1	0	next	other	0
32	185	Sound	test	3733885	0	1			0		other	0
32	185	Picture	response	3746220	12336	1	6331	1	12250	25000	incorrect	410
32	185	Port Input	2	3752478	18593	1
32	185	Response	4	3752478	18593	1
32	186	Picture	ITI	3753551	0	1	25158	1	0	next	other	0
32	187	Sound	test	3765482	0	1			0		other	0
32	187	Picture	response	3778709	13227	1	4332	1	13100	25000	incorrect	415
32	187	Port Input	2	3782974	17491	1
32	187	Response	4	3782974	17491	1
32	188	Picture	ITI	3784041	0	1	32822	1	0	next	other	0
32	189	Sound	test	3803622	0	1			0		other	0
32	189	Picture	response	3816863	13241	1	5998	1	13100	25000	incorrect	420
32	189	Port Input	2	3822767	19145	1
32	189	Response	4	3822767	19145	1
32	190	Picture	ITI	3823860	0	1	27157	1	0	next	other	0
32	191	Sound	test	3836972	0	1			0		other	0
32	191	Picture	response	3851018	14046	1	4998	1	14020	25000	incorrect	425
32	191	Port Input	2	3855929	18957	1
32	191	Response	4	3855929	18957	1
32	192	Picture	ITI	3857016	0	1	23325	1	0	next	other	0
32	193	Sound	test	3867957	0	1			0		other	0
32	193	Picture	response	3880341	12384	1	4665	1	12250	25000	incorrect	430
32	193	Port Input	2	3884957	17000	1
32	193	Response	4	3884957	17000	1
32	194	Picture	ITI	3886006	0	1	30156	1	0	next	other	0
32	195	Sound	test	3901117	0	1			0		other	0
32	195	Picture	response	3916162	15045	1	4498	1	15000	25000	incorrect	435
32	195	Port Input	1	3920575	19458	1
32	195	Response	3	3920575	19458	1
32	196	Picture	ITI	3921660	0	1	22159	1	0	next	other	0
32	197	Sound	test	3932932	0	1			0		other	0
32	197	Picture	response	3943819	10888	1	5165	1	10700	25000	incorrect	440
32	197	Port Input	2	3948791	15860	1
32	197	Response	4	3948791	15860	1
32	198	Picture	ITI	3949817	0	1	23659	1	0	next	other	0
32	199	Sound	test	3963429	0	1			0		other	0
32	199	Picture	response	3973476	10047	1	4332	1	10000	25000	incorrect	445
32	199	Port Input	2	3977653	14224	1
32	199	Response	4	3977653	14224	1
32	200	Picture	ITI	3978808	0	1	27324	1	0	next	other	0
32	201	Sound	test	3992879	0	1			0		other	0
32	201	Picture	response	4006132	13253	1	4499	1	13100	25000	incorrect	450
32	201	Port Input	2	4010543	17665	1
32	201	Response	4	4010543	17665	1
32	202	Picture	ITI	4011630	0	1	28990	1	0	next	other	0
32	203	Sound	test	4029091	0	1			0		other	0
32	203	Picture	response	4040620	11529	1	4332	1	11450	25000	incorrect	455
32	203	Port Input	2	4044819	15728	1
32	203	Response	4	4044819	15728	1
32	204	Picture	ITI	4045785	0	1	27324	1	0	next	other	0
32	205	Sound	test	4058006	0	1			0		other	0
32	205	Picture	response	4073109	15103	1	12329	1	15000	25000	incorrect	460
32	205	Port Input	2	4085394	27388	1
32	205	Response	4	4085394	27388	1
32	206	Picture	ITI	4086437	0	1	27990	1	0	next	other	0
32	207	Sound	test	4101259	0	1			0		other	0
32	207	Picture	response	4114428	13169	1	4332	1	13100	25000	incorrect	465
32	207	Port Input	2	4118607	17348	1
32	207	Response	4	4118607	17348	1
32	208	Picture	ITI	4119593	0	1	27657	1	0	next	other	0
32	209	Sound	test	4134914	0	1			0		other	0
32	209	Picture	response	4147250	12336	1	4165	1	12250	25000	incorrect	470
32	209	Port Input	2	4151227	16313	1
32	209	Response	4	4151227	16313	1
32	210	Picture	ITI	4152248	0	1	25825	1	0	next	other	0
32	211	Sound	test	4167920	0	1			0		other	0
32	211	Picture	response	4178073	10153	1	6498	1	10000	25000	incorrect	475
32	211	Port Input	2	4184461	16542	1
32	211	Response	4	4184461	16542	1
32	212	Picture	ITI	4185570	0	1	28490	1	0	next	other	0
32	213	Sound	test	4203881	0	1			0		other	0
32	213	Picture	response	4214061	10179	1	4165	1	10000	25000	incorrect	480
32	213	Port Input	2	4218091	14210	1
32	213	Response	4	4218091	14210	1
32	214	Picture	ITI	4219225	0	1	30490	1	0	next	other	0
32	215	Sound	test	4238987	0	1			0		other	0
32	215	Picture	response	4249715	10728	1	4832	1	10700	25000	incorrect	485
32	215	Port Input	2	4254449	15462	1
32	215	Response	4	4254449	15462	1
32	216	Picture	ITI	4255380	0	1	31156	1	0	next	other	0
32	217	Sound	test	4271421	0	1			0		other	0
32	217	Picture	response	4286536	15115	1	2832	1	15000	25000	incorrect	490
32	217	Port Input	1	4289308	17887	1
32	217	Response	3	4289308	17887	1
32	218	Picture	ITI	4290368	0	1	25658	1	0	next	other	0
32	219	Sound	test	4305249	0	1			0		other	0
32	219	Picture	response	4316026	10777	1	4498	1	10700	25000	incorrect	495
32	219	Port Input	2	4320470	15221	1
32	219	Response	4	4320470	15221	1
32	220	Picture	ITI	4321524	0	1	24158	1	0	next	other	0
32	221	Sound	test	4333375	0	1			0		other	0
32	221	Picture	response	4345682	12307	1	4498	1	12250	25000	incorrect	500
32	221	Port Input	2	4350102	16727	1
32	221	Response	4	4350102	16727	1
32	222	Picture	ITI	4351180	0	1	23325	1	0	next	other	0
32	223	Sound	test	4363722	0	1			0		other	0
32	223	Picture	response	4374506	10784	1	4332	1	10700	25000	incorrect	505
32	223	Port Input	2	4378766	15044	1
32	223	Response	4	4378766	15044	1
32	224	Picture	ITI	4379837	0	1	28990	1	0	next	other	0
32	225	Sound	test	4393649	0	1			0		other	0
32	225	Picture	response	4408827	15179	1	4665	1	15000	25000	incorrect	510
32	225	Port Input	2	4413447	19798	1
32	225	Response	4	4413447	19798	1
32	226	Picture	ITI	4414492	0	1	32156	1	0	next	other	0
32	227	Sound	test	4434284	0	1			0		other	0
32	227	Picture	response	4446648	12364	1	3999	1	12250	25000	incorrect	515
32	227	Port Input	2	4450555	16271	1
32	227	Response	4	4450555	16271	1
32	228	Picture	ITI	4451646	0	1	26991	1	0	next	other	0
32	229	Sound	test	4464478	0	1			0		other	0
32	229	Picture	response	4478637	14159	1	3832	1	14020	25000	incorrect	520
32	229	Port Input	2	4482425	17948	1
32	229	Response	4	4482425	17948	1
32	230	Picture	ITI	4483469	0	1	23992	1	0	next	other	0
32	231	Sound	test	4495051	0	1			0		other	0
32	231	Picture	response	4507460	12410	1	3999	1	12250	25000	incorrect	525
32	231	Port Input	2	4511266	16215	1
32	231	Response	4	4511266	16215	1
32	232	Picture	ITI	4512292	0	1	27157	1	0	next	other	0
32	233	Sound	test	4529333	0	1			0		other	0
32	233	Picture	response	4539449	10116	1	3665	1	10000	25000	incorrect	530
32	233	Port Input	2	4543043	13709	1
32	233	Response	4	4543043	13709	1
32	234	Picture	ITI	4544115	0	1	30656	1	0	next	other	0
32	235	Sound	test	4560616	0	1			0		other	0
32	235	Picture	response	4574771	14155	1	3999	1	14020	25000	incorrect	535
32	235	Port Input	2	4578703	18087	1
32	235	Response	4	4578703	18087	1
32	236	Picture	ITI	4579769	0	1	25825	1	0	next	other	0
32	237	Sound	test	4592310	0	1			0		other	0
32	237	Picture	response	4605593	13283	1	2999	1	13100	25000	incorrect	540
32	237	Port Input	2	4608460	16150	1
32	237	Response	4	4608460	16150	1
32	238	Picture	ITI	4609592	0	1	24158	1	0	next	other	0
32	239	Sound	test	4619663	0	1			0		other	0
32	239	Picture	response	4633751	14087	1	3499	1	14020	25000	incorrect	545
32	239	Port Input	2	4637113	17450	1
32	239	Response	4	4637113	17450	1
32	240	Picture	ITI	4638082	0	1	29157	1	0	next	other	0
32	241	Sound	test	4655704	0	1			0		other	0
32	241	Picture	response	4667239	11535	1	5165	1	11450	25000	incorrect	550
32	241	Port Input	2	4672221	16518	1
32	241	Response	4	4672221	16518	1
32	242	Picture	ITI	4673237	0	1	20993	1	0	next	other	0
32	243	Sound	test	4684118	0	1			0		other	0
32	243	Picture	response	4694230	10112	1	3665	1	10000	25000	incorrect	555
32	243	Port Input	2	4697803	13685	1
32	243	Response	4	4697803	13685	1
32	244	Picture	ITI	4698895	0	1	27824	1	0	next	other	0
32	245	Sound	test	4711666	0	1			0		other	0
32	245	Picture	response	4726719	15053	1	4832	1	15000	25000	incorrect	560
32	245	Port Input	2	4731464	19798	1
32	245	Response	4	4731464	19798	1
32	246	Picture	ITI	4732550	0	1	27491	1	0	next	other	0
32	247	Sound	test	4746791	0	1			0		other	0
32	247	Picture	response	4760041	13249	1	3999	1	13100	25000	incorrect	565
32	247	Port Input	2	4763876	17085	1
32	247	Response	4	4763876	17085	1
32	248	Picture	ITI	4764872	0	1	24658	1	0	next	other	0
32	249	Sound	test	4775324	0	1			0		other	0
32	249	Picture	response	4789531	14207	1	4832	1	14020	25000	incorrect	570
32	249	Port Input	1	4794278	18955	1
32	249	Response	3	4794278	18955	1
32	250	Picture	ITI	4795362	0	1	26491	1	0	next	other	0
32	251	Sound	test	4811043	0	1			0		other	0
32	251	Picture	response	4821853	10810	1	4332	1	10700	25000	incorrect	575
32	251	Port Input	2	4826097	15053	1
32	251	Response	4	4826097	15053	1
32	252	Picture	ITI	4827184	0	1	29490	1	0	next	other	0
32	253	Sound	test	4846616	0	1			0		other	0
32	253	Picture	response	4856674	10059	1	4665	1	10000	25000	incorrect	580
32	253	Port Input	2	4861195	14579	1
32	253	Response	4	4861195	14579	1
32	254	Picture	ITI	4862173	0	1	27324	1	0	next	other	0
32	255	Sound	test	4878654	0	1			0		other	0
32	255	Picture	response	4889497	10843	1	3832	1	10700	25000	incorrect	585
32	255	Port Input	2	4893169	14516	1
32	255	Response	4	4893169	14516	1
32	256	Picture	ITI	4894328	0	1	29323	1	0	next	other	0
32	257	Sound	test	4909489	0	1			0		other	0
32	257	Picture	response	4923652	14162	1	3999	1	14020	25000	incorrect	590
32	257	Port Input	2	4927445	17956	1
32	257	Response	4	4927445	17956	1
32	258	Picture	ITI	4928483	0	1	21826	1	0	next	other	0
32	259	Sound	test	4939584	0	1			0		other	0
32	259	Picture	response	4950309	10725	1	4498	1	10700	25000	incorrect	595
32	259	Port Input	2	4954745	15160	1
32	259	Response	4	4954745	15160	1
32	260	Picture	ITI	4955807	0	1	29823	1	0	next	other	0
32	261	Sound	test	4973218	0	1			0		other	0
32	261	Picture	response	4985630	12412	1	4832	1	12250	25000	incorrect	600
32	261	Port Input	2	4990363	17145	1
32	261	Response	4	4990363	17145	1
32	262	Picture	ITI	4991462	0	1	28324	1	0	next	other	0
32	263	Sound	test	5004723	0	1			0		other	0
32	263	Picture	response	5019785	15062	1	3665	1	15000	25000	incorrect	605
32	263	Port Input	1	5023337	18614	1
32	263	Response	3	5023337	18614	1
32	264	Picture	ITI	5024284	0	1	28324	1	0	next	other	0
32	265	Sound	test	5040275	0	2			0		other	0
32	265	Picture	response	5052607	12332	1	5498	1	12250	25000	incorrect	610
32	265	Port Input	2	5058029	17754	1
32	265	Response	4	5058029	17754	1
32	266	Picture	ITI	5059105	0	1	31323	1	0	next	other	0
32	267	Sound	test	5078817	0	1			0		other	0
32	267	Picture	response	5090428	11611	1	3499	1	11450	25000	incorrect	615
32	267	Port Input	2	5093825	15009	1
32	267	Response	4	5093825	15009	1
32	268	Picture	ITI	5094926	0	1	34988	1	0	next	other	0
32	269	Sound	test	5114878	0	1			0		other	0
32	269	Picture	response	5129914	15037	1	9997	1	15000	25000	incorrect	620
32	269	Port Input	1	5139856	24978	1
32	269	Response	3	5139856	24978	1
32	270	Picture	ITI	5140911	0	1	21992	1	0	next	other	0
32	271	Sound	test	5152172	0	1			0		other	0
32	271	Picture	response	5162903	10731	1	5332	1	10700	25000	incorrect	625
32	271	Port Input	2	5168165	15993	1
32	271	Response	4	5168165	15993	1
32	272	Picture	ITI	5169234	0	1	24825	1	0	next	other	0
32	273	Sound	test	5180826	0	1			0		other	0
32	273	Picture	response	5194059	13234	1	4832	1	13100	25000	incorrect	630
32	273	Port Input	1	5198776	17950	1
32	273	Response	3	5198776	17950	1
32	274	Picture	ITI	5199890	0	1	21826	1	0	next	other	0
32	275	Sound	test	5210122	0	1			0		other	0
32	275	Picture	response	5221716	11595	1	4332	1	11450	25000	incorrect	635
32	275	Port Input	1	5225950	15829	1
32	275	Response	3	5225950	15829	1
32	276	Picture	ITI	5227048	0	1	26491	1	0	next	other	0
32	277	Sound	test	5241229	0	1			0		other	0
32	277	Picture	response	5253539	12310	1	6498	1	12250	25000	incorrect	640
32	277	Port Input	2	5259914	18684	1
32	277	Response	4	5259914	18684	1
32	278	Picture	ITI	5260870	0	1	32489	1	0	next	other	0
32	279	Sound	test	5279291	0	1			0		other	0
32	279	Picture	response	5293359	14068	1	4498	1	14020	25000	incorrect	645
32	279	Port Input	2	5297740	18449	1
32	279	Response	4	5297740	18449	1
32	280	Picture	ITI	5298857	0	1	28157	1	0	next	other	0
32	281	Sound	test	5313848	0	1			0		other	0
32	281	Picture	response	5327014	13166	1	12496	1	13100	25000	incorrect	650
32	281	Port Input	1	5339418	25570	1
32	281	Response	3	5339418	25570	1
32	282	Picture	ITI	5340509	0	1	22159	1	0	next	other	0
32	283	Sound	test	5352510	0	1			0		other	0
32	283	Picture	response	5362668	10158	1	3999	1	10000	25000	incorrect	655
32	283	Port Input	2	5366582	14072	1
32	283	Response	4	5366582	14072	1
32	284	Picture	ITI	5367667	0	1	31989	1	0	next	other	0
32	285	Sound	test	5384498	0	1			0		other	0
32	285	Picture	response	5399656	15158	1	3499	1	15000	25000	incorrect	660
32	285	Port Input	2	5402992	18494	1
32	285	Response	4	5402992	18494	1
32	286	Picture	ITI	5403987	0	1	25158	1	0	next	other	0
32	287	Sound	test	5418369	0	1			0		other	0
32	287	Picture	response	5429146	10777	1	5332	1	10700	25000	incorrect	665
32	287	Port Input	2	5434342	15973	1
32	287	Response	4	5434342	15973	1
32	288	Picture	ITI	5435477	0	1	32489	1	0	next	other	0
32	289	Sound	test	5452918	0	1			0		other	0
32	289	Picture	response	5467966	15048	1	4498	1	15000	25000	incorrect	670
32	289	Port Input	2	5472334	19416	1
32	289	Response	4	5472334	19416	1
32	290	Picture	ITI	5473464	0	1	25658	1	0	next	other	0
32	291	Sound	test	5485865	0	1			0		other	0
32	291	Picture	response	5499122	13257	1	3999	1	13100	25000	incorrect	675
32	291	Port Input	2	5503070	17205	1
32	291	Response	4	5503070	17205	1
32	292	Picture	ITI	5504120	0	1	23659	1	0	next	other	0
32	293	Sound	test	5514572	0	2			0		other	0
32	293	Picture	response	5527779	13207	1	4499	1	13100	25000	incorrect	680
32	293	Port Input	2	5532181	17609	1
32	293	Response	4	5532181	17609	1
32	294	Picture	ITI	5533277	0	1	22492	1	0	next	other	0
32	295	Sound	test	5544288	0	1			0		other	0
32	295	Picture	response	5555769	11481	1	4332	1	11450	25000	incorrect	685
32	295	Port Input	2	5559897	15610	1
32	295	Response	4	5559897	15610	1
32	296	Picture	ITI	5560934	0	1	27990	1	0	next	other	0
32	297	Sound	test	5576595	0	1			0		other	0
32	297	Picture	response	5588924	12329	1	4498	1	12250	25000	incorrect	690
32	297	Port Input	2	5593330	16735	1
32	297	Response	4	5593330	16735	1
32	298	Picture	ITI	5594256	0	1	23992	1	0	next	other	0
32	299	Sound	test	5605847	0	1			0		other	0
32	299	Picture	response	5618248	12401	1	3999	1	12250	25000	incorrect	695
32	299	Port Input	2	5622170	16323	1
32	299	Response	4	5622170	16323	1
32	300	Picture	ITI	5623246	0	1	29657	1	0	next	other	0
32	301	Sound	test	5642777	0	1			0		other	0
32	301	Picture	response	5652902	10125	1	3499	1	10000	25000	incorrect	700
32	301	Port Input	2	5656310	13533	1
32	301	Response	4	5656310	13533	1
32	302	Picture	ITI	5657401	0	1	23659	1	0	next	other	0
32	303	Sound	test	5667832	0	1			0		other	0
32	303	Picture	response	5681060	13227	1	7331	1	13100	25000	incorrect	705
32	303	Port Input	2	5688316	20484	1
32	303	Response	4	5688316	20484	1
32	304	Picture	ITI	5689390	0	1	33822	1	0	next	other	0
32	305	Sound	test	5708061	0	1			0		other	0
32	305	Picture	response	5723212	15151	1	3332	1	15000	25000	incorrect	710
32	305	Port Input	2	5726465	18404	1
32	305	Response	4	5726465	18404	1
32	306	Picture	ITI	5727544	0	1	22826	1	0	next	other	0
32	307	Sound	test	5740215	0	1			0		other	0
32	307	Picture	response	5750369	10154	1	4332	1	10000	25000	incorrect	715
32	307	Port Input	2	5754649	14435	1
32	307	Response	4	5754649	14435	1
32	308	Picture	ITI	5755701	0	1	27157	1	0	next	other	0
32	309	Sound	test	5767762	0	1			0		other	0
32	309	Picture	response	5782858	15096	1	1999	1	15000	25000	incorrect	720
32	309	Port Input	1	5784791	17029	1
32	309	Response	3	5784791	17029	1
32	310	Picture	ITI	5785857	0	1	32822	1	0	next	other	0
32	311	Sound	test	5804578	0	1			0		other	0
32	311	Picture	response	5818679	14101	1	3166	1	14020	25000	incorrect	725
32	311	Port Input	1	5821670	17092	1
32	311	Response	3	5821670	17092	1
32	312	Picture	ITI	5822678	0	1	26991	1	0	next	other	0
32	313	Sound	test	5838789	0	1			0		other	0
32	313	Picture	response	5849669	10880	1	5165	1	10700	25000	incorrect	730
32	313	Port Input	2	5854738	15949	1
32	313	Response	4	5854738	15949	1
32	314	Picture	ITI	5855833	0	1	23992	1	0	next	other	0
32	315	Sound	test	5867534	0	1			0		other	0
32	315	Picture	response	5879825	12291	1	5665	1	12250	25000	incorrect	735
32	315	Port Input	2	5885369	17835	1
32	315	Response	4	5885369	17835	1
32	316	Picture	ITI	5886489	0	1	29323	1	0	next	other	0
32	317	Sound	test	5900711	0	1			0		other	0
32	317	Picture	response	5915813	15102	1	2832	1	15000	25000	incorrect	740
32	317	Port Input	1	5918468	17757	1
32	317	Response	3	5918468	17757	1
32	318	Picture	ITI	5919478	0	1	22492	1	0	next	other	0
32	319	Sound	test	5930389	0	1			0		other	0
32	319	Picture	response	5941970	11581	1	4498	1	11450	25000	incorrect	745
32	319	Port Input	2	5946288	15899	1
32	319	Response	4	5946288	15899	1
32	321	Response	1	5964981	7683	0
32	323	Response	1	5978981	1689	0
32	323	Response	1	5982820	5529	0
32	323	Response	1	5985141	7849	0
32	324	Response	1	5992020	4732	0
32	324	Response	1	5993620	6332	0
32	324	Response	1	5995380	8092	0
32	325	Response	1	6005700	8415	0
32	441	Picture	resume	7156889	0	1	75308	1	0	next	other	0
32	441	Port Input	1	7230725	73837	1
32	441	Response	3	7230725	73837	1
32	442	Picture	ITI	7232196	0	1	10163	1	0	next	other	0
32	443	Picture	ITI	7242360	0	1	26658	1	0	next	other	0
32	444	Sound	test	7256701	0	1			0		other	0
32	444	Picture	response	7269017	12316	1	8830	1	12250	25000	incorrect	762
32	444	Port Input	2	7277745	21044	1
32	444	Response	4	7277745	21044	1
32	445	Picture	ITI	7278847	0	1	33322	1	0	next	other	0
32	446	Sound	test	7298028	0	1			0		other	0
32	446	Picture	response	7312169	14141	1	3166	1	14020	25000	incorrect	767
32	446	Port Input	1	7315238	17209	1
32	446	Response	3	7315238	17209	1
32	447	Picture	ITI	7316334	0	1	28157	1	0	next	other	0
32	448	Sound	test	7333006	0	1			0		other	0
32	448	Picture	response	7344491	11486	1	5998	1	11450	25000	incorrect	772
32	448	Port Input	2	7350325	17320	1
32	448	Response	4	7350325	17320	1
32	449	Picture	ITI	7351489	0	1	23992	1	0	next	other	0
32	450	Sound	test	7362320	0	1			0		other	0
32	450	Picture	response	7375481	13161	1	3499	1	13100	25000	incorrect	777
32	450	Port Input	1	7378864	16544	1
32	450	Response	3	7378864	16544	1
32	451	Picture	ITI	7379979	0	1	21326	1	0	next	other	0
32	452	Sound	test	7391170	0	1			0		other	0
32	452	Picture	response	7401305	10135	1	4998	1	10000	25000	incorrect	782
32	452	Port Input	1	7406216	15045	1
32	452	Response	3	7406216	15045	1
32	453	Picture	ITI	7407303	0	1	29990	1	0	next	other	0
32	454	Sound	test	7422255	0	1			0		other	0
32	454	Picture	response	7437293	15038	1	4332	1	15000	25000	incorrect	787
32	454	Port Input	1	7441501	19246	1
32	454	Response	3	7441501	19246	1
32	455	Picture	ITI	7442458	0	1	28990	1	0	next	other	0
32	456	Sound	test	7461319	0	1			0		other	0
32	456	Picture	response	7471448	10129	1	4332	1	10000	25000	incorrect	792
32	456	Port Input	2	7475579	14259	1
32	456	Response	4	7475579	14259	1
32	457	Picture	ITI	7476613	0	1	29823	1	0	next	other	0
32	458	Sound	test	7492374	0	1			0		other	0
32	458	Picture	response	7506436	14062	1	2999	1	14020	25000	incorrect	797
32	458	Port Input	1	7509344	16970	1
32	458	Response	3	7509344	16970	1
32	459	Picture	ITI	7510435	0	1	31989	1	0	next	other	0
32	460	Sound	test	7529136	0	1			0		other	0
32	460	Picture	response	7542424	13288	1	7331	1	13100	25000	incorrect	802
32	460	Port Input	2	7549606	20470	1
32	460	Response	4	7549606	20470	1
32	461	Picture	ITI	7550588	0	1	22826	1	0	next	other	0
32	462	Sound	test	7561079	0	1			0		other	0
32	462	Picture	response	7573413	12334	1	6498	1	12250	25000	incorrect	807
32	462	Port Input	2	7579780	18701	1
32	462	Response	4	7579780	18701	1
32	463	Picture	ITI	7580744	0	1	26824	1	0	next	other	0
32	464	Sound	test	7595255	0	1			0		other	0
32	464	Picture	response	7607568	12313	1	4332	1	12250	25000	incorrect	812
32	464	Port Input	2	7611785	16530	1
32	464	Response	4	7611785	16530	1
32	465	Picture	ITI	7612900	0	1	32822	1	0	next	other	0
32	466	Sound	test	7632471	0	1			0		other	0
32	466	Picture	response	7645722	13251	1	4998	1	13100	25000	incorrect	817
32	466	Port Input	2	7650621	18150	1
32	466	Response	4	7650621	18150	1
32	467	Picture	ITI	7651720	0	1	23825	1	0	next	other	0
32	468	Sound	test	7662321	0	1			0		other	0
32	468	Picture	response	7675545	13224	1	4665	1	13100	25000	incorrect	822
32	468	Port Input	2	7680170	17849	1
32	468	Response	4	7680170	17849	1
32	469	Picture	ITI	7681210	0	1	21826	1	0	next	other	0
32	470	Sound	test	7692861	0	1			0		other	0
32	470	Picture	response	7703036	10175	1	4498	1	10000	25000	incorrect	827
32	470	Port Input	2	7707417	14556	1
32	470	Response	4	7707417	14556	1
32	471	Picture	ITI	7708534	0	1	26824	1	0	next	other	0
32	472	Sound	test	7722955	0	1			0		other	0
32	472	Picture	response	7735358	12403	1	6998	1	12250	25000	incorrect	832
32	472	Port Input	2	7742203	19248	1
32	472	Response	4	7742203	19248	1
32	473	Picture	ITI	7743189	0	1	23159	1	0	next	other	0
32	474	Sound	test	7753940	0	1			0		other	0
32	474	Picture	response	7766347	12408	1	3665	1	12250	25000	incorrect	837
32	474	Port Input	2	7769898	15958	1
32	474	Response	4	7769898	15958	1
32	475	Picture	ITI	7770846	0	1	29490	1	0	next	other	0
32	476	Sound	test	7786207	0	1			0		other	0
32	476	Picture	response	7800336	14129	1	3999	1	14020	25000	incorrect	842
32	476	Port Input	1	7804205	17998	1
32	476	Response	3	7804205	17998	1
32	477	Picture	ITI	7805167	0	1	29823	1	0	next	other	0
32	478	Sound	test	7822589	0	1			0		other	0
32	478	Picture	response	7834991	12402	1	3999	1	12250	25000	incorrect	847
32	478	Port Input	2	7838918	16329	1
32	478	Response	4	7838918	16329	1
32	479	Picture	ITI	7839989	0	1	29490	1	0	next	other	0
32	480	Sound	test	7857970	0	1			0		other	0
32	480	Picture	response	7869479	11509	1	4165	1	11450	25000	incorrect	852
32	480	Port Input	2	7873443	15473	1
32	480	Response	4	7873443	15473	1
32	481	Picture	ITI	7874477	0	1	28324	1	0	next	other	0
32	482	Sound	test	7890468	0	1			0		other	0
32	482	Picture	response	7902801	12332	1	4498	1	12250	25000	incorrect	857
32	482	Port Input	2	7907250	16782	1
32	482	Response	4	7907250	16782	1
32	483	Picture	ITI	7908299	0	1	27657	1	0	next	other	0
32	484	Sound	test	7923570	0	1			0		other	0
32	484	Picture	response	7935956	12386	1	3999	1	12250	25000	incorrect	862
32	484	Port Input	2	7939912	16342	1
32	484	Response	4	7939912	16342	1
32	485	Picture	ITI	7940954	0	1	32656	1	0	next	other	0
32	486	Sound	test	7959416	0	1			0		other	0
32	486	Picture	response	7973610	14194	1	5665	1	14020	25000	incorrect	867
32	486	Port Input	2	7979206	19790	1
32	486	Response	4	7979206	19790	1
32	487	Picture	ITI	7980274	0	1	24158	1	0	next	other	0
32	488	Sound	test	7992905	0	1			0		other	0
32	488	Picture	response	8004433	11527	1	4498	1	11450	25000	incorrect	872
32	488	Port Input	2	8008765	15859	1
32	488	Response	4	8008765	15859	1
32	489	Picture	ITI	8009764	0	1	31823	1	0	next	other	0
32	490	Sound	test	8028345	0	1			0		other	0
32	490	Picture	response	8041587	13241	1	4832	1	13100	25000	incorrect	877
32	490	Port Input	2	8046310	17964	1
32	490	Response	4	8046310	17964	1
32	491	Picture	ITI	8047418	0	1	29323	1	0	next	other	0
32	492	Sound	test	8061679	0	1			0		other	0
32	492	Picture	response	8076741	15062	1	7164	1	15000	25000	incorrect	882
32	492	Port Input	1	8083771	22092	1
32	492	Response	3	8083771	22092	1
32	493	Picture	ITI	8084905	0	1	31323	1	0	next	other	0
32	494	Sound	test	8103916	0	1			0		other	0
32	494	Picture	response	8116228	12311	1	7497	1	12250	25000	incorrect	887
32	494	Port Input	2	8123544	19627	1
32	494	Response	4	8123544	19627	1
32	495	Picture	ITI	8124558	0	1	27824	1	0	next	other	0
32	496	Sound	test	8142249	0	1			0		other	0
32	496	Picture	response	8152382	10133	1	4332	1	10000	25000	incorrect	892
32	496	Port Input	2	8156570	14320	1
32	496	Response	4	8156570	14320	1
32	497	Picture	ITI	8157547	0	1	27657	1	0	next	other	0
32	498	Sound	test	8173588	0	1			0		other	0
32	498	Picture	response	8185204	11616	1	4498	1	11450	25000	incorrect	897
32	498	Port Input	2	8189554	15966	1
32	498	Response	4	8189554	15966	1
32	499	Picture	ITI	8190536	0	1	28990	1	0	next	other	0
32	500	Sound	test	8209477	0	1			0		other	0
32	500	Picture	response	8219526	10049	1	3665	1	10000	25000	incorrect	902
32	500	Port Input	2	8223028	13551	1
32	500	Response	4	8223028	13551	1
32	501	Picture	ITI	8224191	0	1	25825	1	0	next	other	0
32	502	Sound	test	8235922	0	1			0		other	0
32	502	Picture	response	8250015	14093	1	6831	1	14020	25000	incorrect	907
32	502	Port Input	1	8256741	20819	1
32	502	Response	3	8256741	20819	1
32	503	Picture	ITI	8257846	0	1	31489	1	0	next	other	0
32	504	Sound	test	8276187	0	1			0		other	0
32	504	Picture	response	8289335	13148	1	4665	1	13100	25000	incorrect	912
32	504	Port Input	2	8293797	17609	1
32	504	Response	4	8293797	17609	1
32	505	Picture	ITI	8294833	0	1	33322	1	0	next	other	0
32	506	Sound	test	8313125	0	1			0		other	0
32	506	Picture	response	8328155	15031	1	4499	1	15000	25000	incorrect	917
32	506	Port Input	2	8332508	19383	1
32	506	Response	4	8332508	19383	1
32	507	Picture	ITI	8333487	0	1	24492	1	0	next	other	0
32	508	Sound	test	8347158	0	1			0		other	0
32	508	Picture	response	8357979	10820	1	3999	1	10700	25000	incorrect	922
32	508	Port Input	2	8361775	14617	1
32	508	Response	4	8361775	14617	1
32	509	Picture	ITI	8362810	0	1	26824	1	0	next	other	0
32	510	Sound	test	8375451	0	1			0		other	0
32	510	Picture	response	8389634	14183	1	7164	1	14020	25000	incorrect	927
32	510	Port Input	2	8396696	21245	1
32	510	Response	4	8396696	21245	1
32	511	Picture	ITI	8397632	0	1	30323	1	0	next	other	0
32	512	Sound	test	8412893	0	1			0		other	0
32	512	Picture	response	8427955	15062	1	4665	1	15000	25000	incorrect	932
32	512	Port Input	2	8432429	19536	1
32	512	Response	4	8432429	19536	1
32	513	Picture	ITI	8433453	0	1	23825	1	0	next	other	0
32	514	Sound	test	8446484	0	1			0		other	0
32	514	Picture	response	8457278	10794	1	3832	1	10700	25000	incorrect	937
32	514	Port Input	2	8461020	14536	1
32	514	Response	4	8461020	14536	1
32	515	Picture	ITI	8462110	0	1	28824	1	0	next	other	0
32	516	Sound	test	8476741	0	1			0		other	0
32	516	Picture	response	8490933	14192	1	7164	1	14020	25000	incorrect	942
32	516	Port Input	1	8497930	21189	1
32	516	Response	3	8497930	21189	1
32	517	Picture	ITI	8499097	0	1	21992	1	0	next	other	0
32	518	Sound	test	8510328	0	1			0		other	0
32	518	Picture	response	8521090	10761	1	4332	1	10700	25000	incorrect	947
32	518	Port Input	2	8525313	14984	1
32	518	Response	4	8525313	14984	1
32	519	Picture	ITI	8526421	0	1	24825	1	0	next	other	0
32	520	Sound	test	8537052	0	1			0		other	0
32	520	Picture	response	8551246	14194	1	4498	1	14020	25000	incorrect	952
32	520	Port Input	1	8555631	18579	1
32	520	Response	3	8555631	18579	1
32	521	Picture	ITI	8556744	0	1	23325	1	0	next	other	0
32	522	Sound	test	8569185	0	1			0		other	0
32	522	Picture	response	8580069	10884	1	3999	1	10700	25000	incorrect	957
32	522	Port Input	2	8583879	14693	1
32	522	Response	4	8583879	14693	1
32	523	Picture	ITI	8584901	0	1	25491	1	0	next	other	0
32	524	Sound	test	8595352	0	1			0		other	0
32	524	Picture	response	8610392	15040	1	3499	1	15000	25000	incorrect	962
32	524	Port Input	1	8613729	18377	1
32	524	Response	3	8613729	18377	1
32	525	Picture	ITI	8614891	0	1	28990	1	0	next	other	0
32	526	Sound	test	8630752	0	1			0		other	0
32	526	Picture	response	8643881	13129	1	4165	1	13100	25000	incorrect	967
32	526	Port Input	2	8647900	17148	1
32	526	Response	4	8647900	17148	1
32	527	Picture	ITI	8648879	0	1	23992	1	0	next	other	0
32	528	Sound	test	8661240	0	1			0		other	0
32	528	Picture	response	8672871	11631	1	4332	1	11450	25000	incorrect	972
32	528	Port Input	2	8677074	15834	1
32	528	Response	4	8677074	15834	1
32	529	Picture	ITI	8678036	0	1	27657	1	0	next	other	0
32	530	Sound	test	8690647	0	1			0		other	0
32	530	Picture	response	8705693	15046	1	6165	1	15000	25000	incorrect	977
32	530	Port Input	2	8711797	21150	1
32	530	Response	4	8711797	21150	1
32	531	Picture	ITI	8712857	0	1	30323	1	0	next	other	0
32	532	Sound	test	8731679	0	1			0		other	0
32	532	Picture	response	8743180	11502	1	3999	1	11450	25000	incorrect	982
32	532	Port Input	2	8747041	15362	1
32	532	Response	4	8747041	15362	1
32	533	Picture	ITI	8748179	0	1	22826	1	0	next	other	0
32	534	Sound	test	8760230	0	1			0		other	0
32	534	Picture	response	8771004	10774	1	4499	1	10700	25000	incorrect	987
32	534	Port Input	2	8775382	15152	1
32	534	Response	4	8775382	15152	1
32	535	Picture	ITI	8776336	0	1	27824	1	0	next	other	0
32	536	Sound	test	8790957	0	1			0		other	0
32	536	Picture	response	8804160	13203	1	3166	1	13100	25000	incorrect	992
32	536	Port Input	2	8807190	16233	1
32	536	Response	4	8807190	16233	1
32	537	Picture	ITI	8808158	0	1	33155	1	0	next	other	0
32	538	Sound	test	8827129	0	1			0		other	0
32	538	Port Input	2	8840341	13211	1
32	538	Picture	response	8841314	14184	1	8664	1	14020	25000	incorrect	998
32	538	Port Input	1	8849774	22644	1
32	538	Response	3	8849774	22644	1
32	539	Picture	ITI	8850810	0	1	30156	1	0	next	other	0
32	540	Sound	test	8870182	0	1			0		other	0
32	540	Picture	response	8880967	10785	1	4165	1	10700	25000	incorrect	1003
32	540	Port Input	2	8884955	14774	1
32	540	Response	4	8884955	14774	1
32	541	Picture	ITI	8885965	0	1	24991	1	0	next	other	0
32	542	Sound	test	8896896	0	1			0		other	0
32	542	Picture	response	8910956	14060	1	3999	1	14020	25000	incorrect	1008
32	542	Port Input	2	8914785	17889	1
32	542	Response	4	8914785	17889	1
32	543	Picture	ITI	8915788	0	1	24492	1	0	next	other	0
32	544	Sound	test	8927849	0	1			0		other	0
32	544	Picture	response	8940280	12430	1	3665	1	12250	25000	incorrect	1013
32	544	Port Input	2	8943865	16016	1
32	544	Response	4	8943865	16016	1
32	545	Picture	ITI	8944945	0	1	22826	1	0	next	other	0
32	546	Sound	test	8957036	0	1			0		other	0
32	546	Picture	response	8967770	10734	1	3665	1	10700	25000	incorrect	1018
32	546	Port Input	2	8971258	14222	1
32	546	Response	4	8971258	14222	1
32	547	Picture	ITI	8972269	0	1	20493	1	0	next	other	0
32	548	Sound	test	8982680	0	1			0		other	0
32	548	Picture	response	8992762	10082	1	3499	1	10000	25000	incorrect	1023
32	548	Port Input	2	8996111	13431	1
32	548	Response	4	8996111	13431	1
32	549	Picture	ITI	8997260	0	1	31989	1	0	next	other	0
32	550	Sound	test	9014221	0	1			0		other	0
32	550	Picture	response	9029249	15028	1	3832	1	15000	25000	incorrect	1028
32	550	Port Input	1	9032979	18758	1
32	550	Response	3	9032979	18758	1
32	551	Picture	ITI	9034081	0	1	25991	1	0	next	other	0
32	552	Sound	test	9045912	0	1			0		other	0
32	552	Picture	response	9060072	14160	1	4832	1	14020	25000	incorrect	1033
32	552	Port Input	2	9064818	18906	1
32	552	Response	4	9064818	18906	1
32	553	Picture	ITI	9065903	0	1	32322	1	0	next	other	0
32	554	Sound	test	9083085	0	1			0		other	0
32	554	Picture	response	9098226	15141	1	2999	1	15000	25000	incorrect	1038
32	554	Port Input	1	9101072	17987	1
32	554	Response	3	9101072	17987	1
32	555	Picture	ITI	9102058	0	1	25325	1	0	next	other	0
32	556	Sound	test	9114099	0	1			0		other	0
32	556	Picture	response	9127382	13283	1	4332	1	13100	25000	incorrect	1043
32	556	Port Input	1	9131641	17542	1
32	556	Response	3	9131641	17542	1
32	557	Picture	ITI	9132714	0	1	27157	1	0	next	other	0
32	558	Sound	test	9148365	0	1			0		other	0
32	558	Picture	response	9159871	11506	1	4998	1	11450	25000	incorrect	1048
32	558	Port Input	2	9164761	16395	1
32	558	Response	4	9164761	16395	1
32	559	Picture	ITI	9165869	0	1	23992	1	0	next	other	0
32	560	Sound	test	9179131	0	1			0		other	0
32	560	Picture	response	9189861	10731	1	3999	1	10700	25000	incorrect	1053
32	560	Port Input	2	9193664	14533	1
32	560	Response	4	9193664	14533	1
32	561	Picture	ITI	9194693	0	1	32656	1	0	next	other	0
32	562	Sound	test	9214174	0	1			0		other	0
32	562	Picture	response	9227348	13174	1	3499	1	13100	25000	incorrect	1058
32	562	Port Input	2	9230792	16618	1
32	562	Response	4	9230792	16618	1
32	563	Picture	ITI	9231847	0	1	28990	1	0	next	other	0
32	564	Sound	test	9250788	0	1			0		other	0
32	564	Picture	response	9260837	10049	1	4998	1	10000	25000	incorrect	1063
32	564	Port Input	2	9265640	14852	1
32	564	Response	4	9265640	14852	1
32	565	Picture	ITI	9266668	0	1	30490	1	0	next	other	0
32	566	Sound	test	9286359	0	1			0		other	0
32	566	Picture	response	9297158	10798	1	3166	1	10700	25000	incorrect	1068
32	566	Port Input	2	9300134	13775	1
32	566	Response	4	9300134	13775	1
32	567	Picture	ITI	9301156	0	1	31323	1	0	next	other	0
32	568	Sound	test	9318288	0	1			0		other	0
32	568	Picture	response	9332479	14191	1	3832	1	14020	25000	incorrect	1073
32	568	Port Input	2	9336159	17871	1
32	568	Response	4	9336159	17871	1
32	569	Picture	ITI	9337144	0	1	26491	1	0	next	other	0
32	570	Sound	test	9353515	0	1			0		other	0
32	570	Picture	response	9363635	10120	1	3832	1	10000	25000	incorrect	1078
32	570	Port Input	2	9367321	13806	1
32	570	Response	4	9367321	13806	1
32	571	Picture	ITI	9368467	0	1	25658	1	0	next	other	0
32	572	Sound	test	9380908	0	1			0		other	0
32	572	Picture	response	9394125	13217	1	6331	1	13100	25000	incorrect	1083
32	572	Port Input	2	9400389	19481	1
32	572	Response	4	9400389	19481	1
32	573	Picture	ITI	9401455	0	1	27990	1	0	next	other	0
32	574	Sound	test	9416317	0	1			0		other	0
32	574	Picture	response	9429446	13129	1	5165	1	13100	25000	incorrect	1088
32	574	Port Input	2	9434425	18108	1
32	574	Response	4	9434425	18108	1
32	575	Picture	ITI	9435444	0	1	26324	1	0	next	other	0
32	576	Sound	test	9450995	0	1			0		other	0
32	576	Picture	response	9461768	10773	1	4165	1	10700	25000	incorrect	1093
32	576	Port Input	2	9465733	14738	1
32	576	Response	4	9465733	14738	1
32	577	Picture	ITI	9466767	0	1	26658	1	0	next	other	0
32	578	Sound	test	9482678	0	1			0		other	0
32	578	Picture	response	9493424	10746	1	4165	1	10700	25000	incorrect	1098
32	578	Port Input	2	9497416	14738	1
32	578	Response	4	9497416	14738	1
32	579	Picture	ITI	9498422	0	1	26491	1	0	next	other	0
32	580	Sound	test	9510764	0	1			0		other	0
32	580	Picture	response	9524913	14150	1	7164	1	14020	25000	incorrect	1103
32	580	Port Input	2	9531962	21199	1
32	580	Response	4	9531962	21199	1
32	581	Picture	ITI	9533077	0	1	29990	1	0	next	other	0
32	582	Sound	test	9548039	0	1			0		other	0
32	582	Picture	response	9563067	15028	1	3832	1	15000	25000	incorrect	1108
32	582	Port Input	2	9566758	18720	1
32	582	Response	4	9566758	18720	1
32	583	Picture	ITI	9567732	0	1	27157	1	0	next	other	0
32	584	Sound	test	9584733	0	1			0		other	0
32	584	Picture	response	9594889	10156	1	3832	1	10000	25000	incorrect	1113
32	584	Port Input	2	9598598	13864	1
32	584	Response	4	9598598	13864	1
32	585	Picture	ITI	9599721	0	1	30656	1	0	next	other	0
32	586	Sound	test	9619592	0	1			0		other	0
32	586	Picture	response	9630377	10785	1	3665	1	10700	25000	incorrect	1118
32	586	Port Input	2	9633873	14280	1
32	586	Response	4	9633873	14280	1
32	587	Picture	ITI	9634876	0	1	31822	1	0	next	other	0
32	588	Sound	test	9651577	0	1			0		other	0
32	588	Picture	response	9666698	15121	1	3499	1	15000	25000	incorrect	1123
32	588	Port Input	2	9670001	18424	1
32	588	Response	4	9670001	18424	1
32	589	Picture	ITI	9671030	0	1	33489	1	0	next	other	0
32	590	Sound	test	9689481	0	1			0		other	0
32	590	Picture	response	9704519	15037	1	3832	1	15000	25000	incorrect	1128
32	590	Port Input	2	9708254	18773	1
32	590	Response	4	9708254	18773	1
32	591	Picture	ITI	9709350	0	1	24658	1	0	next	other	0
32	592	Sound	test	9719942	0	1			0		other	0
32	592	Port Input	2	9732305	12364	1
32	592	Picture	response	9734009	14067	1	3499	1	14020	25000	incorrect	1134
32	592	Port Input	2	9737365	17424	1
32	592	Response	4	9737365	17424	1
32	593	Picture	ITI	9738340	0	1	30823	1	0	next	other	0
32	594	Sound	test	9754082	0	1			0		other	0
32	594	Picture	response	9769163	15081	1	3332	1	15000	25000	incorrect	1139
32	594	Port Input	1	9772422	18339	1
32	594	Response	3	9772422	18339	1
32	595	Picture	ITI	9773495	0	1	27824	1	0	next	other	0
32	596	Sound	test	9791128	0	2			0		other	0
32	596	Picture	response	9801319	10191	1	4165	1	10000	25000	incorrect	1144
32	596	Port Input	2	9805365	14237	1
32	596	Response	4	9805365	14237	1
32	597	Picture	ITI	9806317	0	1	33322	1	0	next	other	0
32	598	Sound	test	9824529	0	1			0		other	0
32	598	Picture	response	9839639	15111	1	3665	1	15000	25000	incorrect	1149
32	598	Port Input	2	9843170	18641	1
32	598	Response	4	9843170	18641	1
32	599	Picture	ITI	9844138	0	1	24825	1	0	next	other	0
32	600	Sound	test	9858209	0	1			0		other	0
32	600	Picture	response	9868963	10754	1	4332	1	10700	25000	incorrect	1154
32	600	Port Input	2	9873249	15041	1
32	600	Response	4	9873249	15041	1
32	601	Picture	ITI	9874294	0	1	31822	1	0	next	other	0
32	602	Sound	test	9892835	0	1			0		other	0
32	602	Picture	response	9906116	13281	1	3665	1	13100	25000	incorrect	1159
32	602	Port Input	2	9909670	16834	1
32	602	Response	4	9909670	16834	1
32	603	Picture	ITI	9910782	0	1	24991	1	0	next	other	0
32	604	Sound	test	9925693	0	1			0		other	0
32	604	Picture	response	9935773	10080	1	7664	1	10000	25000	incorrect	1164
32	604	Port Input	2	9943237	17544	1
32	604	Response	4	9943237	17544	1
32	605	Picture	ITI	9944270	0	1	23992	1	0	next	other	0
32	606	Sound	test	9956681	0	1			0		other	0
32	606	Picture	response	9968262	11581	1	3665	1	11450	25000	incorrect	1169
32	606	Port Input	2	9971807	15126	1
32	606	Response	4	9971807	15126	1
32	607	Picture	ITI	9972927	0	1	23325	1	0	next	other	0
32	608	Sound	test	9984668	0	1			0		other	0
32	608	Picture	response	9996252	11584	1	3499	1	11450	25000	incorrect	1174
32	608	Port Input	2	9999711	15042	1
32	608	Response	4	9999711	15042	1
32	609	Picture	ITI	10000751	0	1	22492	1	0	next	other	0
32	610	Sound	test	10013132	0	1			0		other	0
32	610	Picture	response	10023243	10111	1	3999	1	10000	25000	incorrect	1179
32	610	Port Input	2	10027166	14034	1
32	610	Response	4	10027166	14034	1
32	611	Picture	ITI	10028241	0	1	26824	1	0	next	other	0
32	612	Sound	test	10043553	0	1			0		other	0
32	612	Picture	response	10055066	11513	1	3665	1	11450	25000	incorrect	1184
32	612	Port Input	2	10058600	15047	1
32	612	Response	4	10058600	15047	1
32	613	Picture	ITI	10059731	0	1	31156	1	0	next	other	0
32	614	Sound	test	10078482	0	1			0		other	0
32	614	Picture	response	10090887	12405	1	3665	1	12250	25000	incorrect	1189
32	614	Port Input	2	10094489	16007	1
32	614	Response	4	10094489	16007	1
32	615	Picture	ITI	10095552	0	1	28157	1	0	next	other	0
32	616	Sound	test	10113553	0	1			0		other	0
32	616	Picture	response	10123709	10156	1	11329	1	10000	25000	incorrect	1194
32	616	Port Input	2	10134886	21333	1
32	616	Response	4	10134886	21333	1
32	617	Picture	ITI	10135871	0	1	33155	1	0	next	other	0
32	618	Sound	test	10153893	0	1			0		other	0
32	618	Picture	response	10169027	15134	1	8997	1	15000	25000	incorrect	1199
32	618	Port Input	1	10177877	23984	1
32	618	Response	3	10177877	23984	1
32	619	Picture	ITI	10178857	0	1	26991	1	0	next	other	0
32	620	Sound	test	10190688	0	1			0		other	0
32	620	Picture	response	10205847	15159	1	4499	1	15000	25000	incorrect	1204
32	620	Port Input	2	10210153	19465	1
32	620	Response	4	10210153	19465	1
32	621	Picture	ITI	10211179	0	1	23325	1	0	next	other	0
32	622	Sound	test	10224420	0	1			0		other	0
32	622	Picture	response	10234504	10084	1	5165	1	10000	25000	incorrect	1209
32	622	Port Input	2	10239556	15136	1
32	622	Response	4	10239556	15136	1
32	623	Picture	ITI	10240669	0	1	22992	1	0	next	other	0
32	624	Sound	test	10251300	0	1			0		other	0
32	624	Picture	response	10263661	12361	1	9497	1	12250	25000	incorrect	1214
32	624	Port Input	2	10273019	21719	1
32	624	Response	4	10273019	21719	1
32	625	Picture	ITI	10274157	0	1	26491	1	0	next	other	0
32	626	Sound	test	10290539	0	1			0		other	0
32	626	Picture	response	10300648	10110	1	3665	1	10000	25000	incorrect	1219
32	626	Port Input	2	10304182	13643	1
32	626	Response	4	10304182	13643	1
32	627	Picture	ITI	10305147	0	1	31656	1	0	next	other	0
32	628	Sound	test	10321738	0	1			0		other	0
32	628	Picture	response	10336803	15065	1	1333	1	15000	25000	incorrect	1224
32	628	Port Input	1	10338061	16323	1
32	628	Response	3	10338061	16323	1
32	629	Picture	ITI	10339135	0	1	29323	1	0	next	other	0
32	630	Sound	test	10356977	0	1			0		other	0
32	630	Picture	response	10368459	11482	1	5498	1	11450	25000	incorrect	1229
32	630	Port Input	2	10373889	16912	1
32	630	Response	4	10373889	16912	1
32	631	Picture	ITI	10374956	0	1	27491	1	0	next	other	0
32	632	Sound	test	10390058	0	1			0		other	0
32	632	Picture	response	10402447	12389	1	3999	1	12250	25000	incorrect	1234
32	632	Port Input	2	10406248	16191	1
32	632	Response	4	10406248	16191	1
32	633	Picture	ITI	10407279	0	1	27824	1	0	next	other	0
32	634	Sound	test	10424930	0	1			0		other	0
32	634	Picture	response	10435102	10173	1	6831	1	10000	25000	incorrect	1239
32	634	Port Input	2	10441836	16906	1
32	634	Response	4	10441836	16906	1
32	635	Picture	ITI	10442933	0	1	30823	1	0	next	other	0
32	636	Sound	test	10458714	0	1			0		other	0
32	636	Picture	response	10473756	15042	1	9997	1	15000	25000	incorrect	1244
32	636	Port Input	1	10483691	24976	1
32	636	Response	3	10483691	24976	1
32	637	Picture	ITI	10484752	0	1	31323	1	0	next	other	0
32	638	Sound	test	10504463	0	1			0		other	0
32	638	Picture	response	10516075	11611	1	3832	1	11450	25000	incorrect	1249
32	638	Port Input	2	10519830	15367	1
32	638	Response	4	10519830	15367	1
32	639	Picture	ITI	10520906	0	1	27657	1	0	next	other	0
32	640	Sound	test	10536278	0	1			0		other	0
32	640	Picture	response	10548564	12286	1	5498	1	12250	25000	incorrect	1254
32	640	Port Input	2	10553991	17713	1
32	640	Response	4	10553991	17713	1
32	641	Picture	ITI	10555062	0	1	28157	1	0	next	other	0
32	642	Sound	test	10573143	0	1			0		other	0
32	642	Picture	response	10583219	10076	1	3832	1	10000	25000	incorrect	1259
32	642	Port Input	2	10586965	13822	1
32	642	Response	4	10586965	13822	1
32	643	Picture	ITI	10588050	0	1	25158	1	0	next	other	0
32	644	Sound	test	10600882	0	1			0		other	0
32	644	Picture	response	10613208	12327	1	3665	1	12250	25000	incorrect	1264
32	644	Port Input	2	10616732	15851	1
32	644	Response	4	10616732	15851	1
32	645	Picture	ITI	10617873	0	1	24158	1	0	next	other	0
32	646	Sound	test	10630455	0	1			0		other	0
32	646	Picture	response	10642032	11577	1	2832	1	11450	25000	incorrect	1269
32	646	Port Input	2	10644719	14264	1
32	646	Response	4	10644719	14264	1
32	647	Picture	ITI	10645864	0	1	23492	1	0	next	other	0
32	648	Sound	test	10659185	0	1			0		other	0
32	648	Picture	response	10669356	10171	1	3999	1	10000	25000	incorrect	1274
32	648	Port Input	2	10673174	13989	1
32	648	Response	4	10673174	13989	1
32	649	Picture	ITI	10674188	0	1	30490	1	0	next	other	0
32	650	Sound	test	10693949	0	1			0		other	0
32	650	Picture	response	10704677	10728	1	3332	1	10700	25000	incorrect	1279
32	650	Port Input	2	10707971	14022	1
32	650	Response	4	10707971	14022	1
32	651	Picture	ITI	10709009	0	1	25991	1	0	next	other	0
32	652	Sound	test	10721730	0	1			0		other	0
32	652	Picture	response	10735000	13270	1	2832	1	13100	25000	incorrect	1284
32	652	Port Input	1	10737686	15956	1
32	652	Response	3	10737686	15956	1
32	653	Picture	ITI	10738832	0	1	30323	1	0	next	other	0
32	654	Sound	test	10754013	0	1			0		other	0
32	654	Picture	response	10769155	15142	1	3499	1	15000	25000	incorrect	1289
32	654	Port Input	1	10772513	18500	1
32	654	Response	3	10772513	18500	1
32	655	Picture	ITI	10773654	0	1	23992	1	0	next	other	0
32	656	Sound	test	10787495	0	1			0		other	0
32	656	Picture	response	10797645	10151	1	5665	1	10000	25000	incorrect	1294
32	656	Port Input	2	10803134	15639	1
32	656	Response	4	10803134	15639	1
32	657	Picture	ITI	10804143	0	1	22826	1	0	next	other	0
32	658	Sound	test	10815494	0	1			0		other	0
32	658	Picture	response	10826969	11474	1	4332	1	11450	25000	incorrect	1299
32	658	Port Input	2	10831100	15606	1
32	658	Response	4	10831100	15606	1
32	659	Picture	ITI	10832134	0	1	21326	1	0	next	other	0
32	660	Sound	test	10842585	0	1			0		other	0
32	660	Picture	response	10853460	10875	1	3665	1	10700	25000	incorrect	1304
32	660	Port Input	2	10857067	14482	1
32	660	Response	4	10857067	14482	1
32	661	Picture	ITI	10858125	0	1	29990	1	0	next	other	0
32	662	Sound	test	10872996	0	1			0		other	0
32	662	Picture	response	10888114	15119	1	3499	1	15000	25000	incorrect	1309
32	662	Port Input	1	10891509	18513	1
32	662	Response	3	10891509	18513	1
32	663	Picture	ITI	10892613	0	1	28324	1	0	next	other	0
32	664	Sound	test	10905884	0	1			0		other	0
32	664	Picture	response	10920937	15052	1	3499	1	15000	25000	incorrect	1314
32	664	Port Input	1	10924244	18360	1
32	664	Response	3	10924244	18360	1
32	665	Picture	ITI	10925268	0	1	29157	1	0	next	other	0
32	666	Sound	test	10941190	0	1			0		other	0
32	666	Picture	response	10954425	13235	1	3832	1	13100	25000	incorrect	1319
32	666	Port Input	2	10958197	17007	1
32	666	Response	4	10958197	17007	1
32	667	Picture	ITI	10959257	0	1	31489	1	0	next	other	0
32	668	Sound	test	10979208	0	1			0		other	0
32	668	Picture	response	10990746	11538	1	4998	1	11450	25000	incorrect	1324
32	668	Port Input	2	10995606	16398	1
32	668	Response	4	10995606	16398	1
32	669	Picture	ITI	10996744	0	1	29323	1	0	next	other	0
32	670	Sound	test	11011865	0	1			0		other	0
32	670	Picture	response	11026067	14202	1	4165	1	14020	25000	incorrect	1329
32	670	Port Input	2	11030059	18194	1
32	670	Response	4	11030059	18194	1
32	671	Picture	ITI	11031066	0	1	23159	1	0	next	other	0
32	672	Sound	test	11044047	0	1			0		other	0
32	672	Picture	response	11054224	10178	1	4499	1	10000	25000	incorrect	1334
32	672	Port Input	2	11058639	14592	1
32	672	Response	4	11058639	14592	1
32	673	Picture	ITI	11059723	0	1	20160	1	0	next	other	0
32	674	Picture	Instruction	11079882	0	1	122999	1	0	next	other	0
32	674	Quit		11197236	117354	NA


{
   "app": "Presentation Version 20.2 Build 07.25.18",
   "device": "LENOVO 10A8S1PC00",
   "experiment": "{772213B2-5F0F-4A35-9C2F-36954700C7EA}",
   "os": "Windows 7 64 bit",
   "package": "",
   "parameters": {
      "configuration": "Default configuration"
   },
   "scenario": "Timing Task with Dynanometer.sce",
   "subject": "32",
   "timestamp": "2019/03/10 02:35:00 GMT"
}
