Scenario - Timing Task
Logfile written - 03/09/2019 18:52:02

Subject	Trial	Event Type	Code	Time	TTime	Uncertainty	Duration	Uncertainty	ReqTime	ReqDur	Stim Type	Pair Index

33	1	Picture	Instruction	500	0	1	361876	1	0	next	other	0
33	1	Response	3	505	5	1
33	1	Response	1	357324	356825	0
33	2	Picture	ITI	362376	0	1	10663	1	0	next	other	0
33	3	Sound	Stimuli	372385	0	572			0		other	0
33	4	Picture	Feedback	402862	0	1	20160	1	0	next	other	0
33	5	Picture	ITI	423022	0	1	10163	1	0	next	other	0
33	6	Sound	Stimuli	433023	0	1			0		other	0
33	7	Picture	Feedback	468173	0	1	20160	1	0	next	other	0
33	8	Picture	ITI	488333	0	1	10163	1	0	next	other	0
33	9	Sound	Stimuli	498334	0	1			0		other	0
33	10	Picture	Feedback	528486	0	1	20160	1	0	next	other	0
33	11	Picture	ITI	548646	0	1	10163	1	0	next	other	0
33	12	Sound	Stimuli	558647	0	1			0		other	0
33	13	Picture	Feedback	593797	0	1	20160	1	0	next	other	0
33	14	Picture	ITI	613957	0	1	10163	1	0	next	other	0
33	15	Sound	Stimuli	623958	0	1			0		other	0
33	16	Picture	Feedback	654110	0	1	20160	1	0	next	other	0
33	17	Picture	ITI	674270	0	1	10163	1	0	next	other	0
33	18	Sound	Stimuli	684271	0	1			0		other	0
33	19	Picture	Feedback	719254	0	1	20160	1	0	next	other	0
33	20	Picture	ITI	739414	0	1	10163	1	0	next	other	0
33	21	Sound	Stimuli	749415	0	1			0		other	0
33	22	Picture	Feedback	779567	0	1	20160	1	0	next	other	0
33	23	Picture	ITI	799727	0	1	10163	1	0	next	other	0
33	24	Sound	Stimuli	809728	0	1			0		other	0
33	25	Picture	Feedback	844878	0	1	20160	1	0	next	other	0
33	26	Picture	ITI	865038	0	1	10163	1	0	next	other	0
33	27	Sound	Stimuli	875039	0	1			0		other	0
33	28	Picture	Feedback	905191	0	1	20160	1	0	next	other	0
33	29	Picture	ITI	925350	0	1	10163	1	0	next	other	0
33	30	Sound	Stimuli	935352	0	1			0		other	0
33	31	Picture	Feedback	970502	0	1	20160	1	0	next	other	0
33	32	Picture	End_Block	990661	0	1	76141	1	0	next	other	0
33	32	Response	1	1066675	76014	0
33	33	Picture	ITI	1066802	0	1	10163	1	0	next	other	0
33	34	Picture	Break	1076965	0	1	17661	1	0	next	other	0
33	34	Response	1	1094595	17630	0
33	35	Picture	ITI	1094626	0	1	10163	1	0	next	other	0
33	36	Picture	Instruction	1104789	0	1	58313	1	0	next	other	0
33	36	Response	1	1158034	53245	0
33	37	Picture	ITI	1163103	0	1	27657	1	0	next	other	0
33	38	Sound	Practice	1175584	0	1			0		other	0
33	38	Picture	response	1190760	15175	1	5831	1	15000	25000	hit	46
33	38	Port Input	2	1196488	20904	1
33	38	Response	4	1196488	20904	1
33	39	Picture	ITI	1206588	0	1	29657	1	0	next	other	0
33	40	Sound	Practice	1221089	0	1			0		other	0
33	40	Picture	response	1236244	15155	1	7997	1	15000	25000	hit	51
33	40	Port Input	2	1244091	23002	1
33	40	Response	4	1244091	23002	1
33	41	Picture	ITI	1254238	0	1	29157	1	0	next	other	0
33	42	Sound	Practice	1268350	0	1			0		other	0
33	42	Picture	response	1283395	15045	1	5998	1	15000	25000	hit	56
33	42	Port Input	2	1289257	20908	1
33	42	Response	4	1289257	20908	1
33	43	Picture	ITI	1299389	0	1	22659	1	0	next	other	0
33	44	Sound	Practice	1311991	0	1			0		other	0
33	44	Picture	response	1322048	10058	1	9497	1	10000	25000	hit	61
33	44	Port Input	1	1331341	19351	1
33	44	Response	3	1331341	19351	1
33	45	Picture	ITI	1341375	0	1	33822	1	0	next	other	0
33	46	Sound	Practice	1360086	0	1			0		other	0
33	46	Picture	response	1375197	15110	1	5998	1	15000	25000	hit	66
33	46	Port Input	2	1381078	20992	1
33	46	Response	4	1381078	20992	1
33	47	Picture	ITI	1391191	0	1	26991	1	0	next	other	0
33	48	Sound	Practice	1403043	0	1			0		other	0
33	48	Picture	response	1418182	15139	1	8331	1	15000	25000	hit	71
33	48	Port Input	2	1426453	23410	1
33	48	Response	4	1426453	23410	1
33	49	Picture	ITI	1436509	0	1	25325	1	0	next	other	0
33	50	Sound	Practice	1446700	0	1			0		other	0
33	50	Picture	response	1461834	15133	1	6165	1	15000	25000	hit	76
33	50	Port Input	2	1467902	21202	1
33	50	Response	4	1467902	21202	1
33	51	Picture	ITI	1477995	0	1	34655	1	0	next	other	0
33	52	Sound	Practice	1497536	0	1			0		other	0
33	52	Picture	response	1512650	15113	1	5332	1	15000	25000	hit	81
33	52	Port Input	2	1517941	20405	1
33	52	Response	4	1517941	20405	1
33	53	Picture	ITI	1527978	0	1	26991	1	0	next	other	0
33	54	Sound	Practice	1544789	0	1			0		other	0
33	54	Picture	response	1554969	10179	1	5831	1	10000	25000	hit	86
33	54	Port Input	1	1560733	15944	1
33	54	Response	3	1560733	15944	1
33	55	Picture	ITI	1570797	0	1	29990	1	0	next	other	0
33	56	Sound	Practice	1585668	0	1			0		other	0
33	56	Picture	response	1600786	15118	1	3332	1	15000	25000	hit	91
33	56	Port Input	2	1604036	18368	1
33	56	Response	4	1604036	18368	1
33	57	Picture	ITI	1614115	0	1	29823	1	0	next	other	0
33	58	Sound	Practice	1633767	0	1			0		other	0
33	58	Picture	response	1643938	10172	1	5165	1	10000	25000	hit	96
33	58	Port Input	1	1648994	15227	1
33	58	Response	3	1648994	15227	1
33	59	Picture	ITI	1659100	0	1	28990	1	0	next	other	0
33	60	Sound	Practice	1673031	0	1			0		other	0
33	60	Picture	response	1688090	15059	1	3665	1	15000	25000	hit	101
33	60	Port Input	2	1691661	18630	1
33	60	Response	4	1691661	18630	1
33	61	Picture	ITI	1701752	0	1	20826	1	0	next	other	0
33	62	Sound	Practice	1712543	0	1			0		other	0
33	62	Picture	response	1722578	10035	1	5332	1	10000	25000	hit	106
33	62	Port Input	1	1727780	15237	1
33	62	Response	3	1727780	15237	1
33	63	Picture	ITI	1737906	0	1	23659	1	0	next	other	0
33	64	Sound	Practice	1751418	0	1			0		other	0
33	64	Picture	response	1761565	10147	1	4998	1	10000	25000	hit	111
33	64	Port Input	1	1766470	15052	1
33	64	Response	3	1766470	15052	1
33	65	Picture	ITI	1776560	0	1	26658	1	0	next	other	0
33	66	Sound	Practice	1788191	0	1			0		other	0
33	66	Picture	response	1803217	15026	1	3665	1	15000	25000	hit	116
33	66	Port Input	2	1806805	18614	1
33	66	Response	4	1806805	18614	1
33	67	Picture	ITI	1816879	0	1	34988	1	0	next	other	0
33	68	Sound	Practice	1836721	0	1			0		other	0
33	68	Picture	response	1851867	15147	1	3332	1	15000	25000	hit	121
33	68	Port Input	2	1855126	18405	1
33	68	Response	4	1855126	18405	1
33	69	Picture	ITI	1865196	0	1	28990	1	0	next	other	0
33	70	Sound	Practice	1884007	0	1			0		other	0
33	70	Picture	response	1894186	10179	1	6331	1	10000	25000	hit	126
33	70	Port Input	1	1900324	16316	1
33	70	Response	3	1900324	16316	1
33	71	Picture	ITI	1910514	0	1	24991	1	0	next	other	0
33	72	Sound	Practice	1925455	0	1			0		other	0
33	72	Picture	response	1935505	10050	1	9330	1	10000	25000	hit	131
33	72	Port Input	1	1944751	19295	1
33	72	Response	3	1944751	19295	1
33	73	Picture	ITI	1954832	0	1	24158	1	0	next	other	0
33	74	Sound	Practice	1968844	0	1			0		other	0
33	74	Picture	response	1978991	10147	1	5998	1	10000	25000	hit	136
33	74	Port Input	1	1984836	15992	1
33	74	Response	3	1984836	15992	1
33	75	Picture	ITI	1994985	0	1	29657	1	0	next	other	0
33	76	Sound	Practice	2009497	0	1			0		other	0
33	76	Picture	response	2024642	15145	1	3665	1	15000	25000	hit	141
33	76	Port Input	2	2028263	18767	1
33	76	Response	4	2028263	18767	1
33	77	Picture	ITI	2038304	0	1	32322	1	0	next	other	0
33	78	Sound	Practice	2055515	0	1			0		other	0
33	78	Picture	response	2070626	15111	1	4998	1	15000	25000	hit	146
33	78	Port Input	2	2075429	19914	1
33	78	Response	4	2075429	19914	1
33	79	Picture	ITI	2085454	0	1	22659	1	0	next	other	0
33	80	Sound	Practice	2097936	0	1			0		other	0
33	80	Picture	response	2108113	10178	1	4998	1	10000	25000	hit	151
33	80	Port Input	1	2113005	15069	1
33	80	Response	3	2113005	15069	1
33	81	Picture	ITI	2123108	0	1	26324	1	0	next	other	0
33	82	Sound	Practice	2139339	0	1			0		other	0
33	82	Picture	response	2149432	10093	1	6165	1	10000	25000	hit	156
33	82	Port Input	1	2155485	16145	1
33	82	Response	3	2155485	16145	1
33	83	Picture	ITI	2165593	0	1	21493	1	0	next	other	0
33	84	Sound	Practice	2177015	0	1			0		other	0
33	84	Picture	response	2187086	10071	1	4832	1	10000	25000	hit	161
33	84	Port Input	1	2191812	14797	1
33	84	Response	3	2191812	14797	1
33	85	Picture	ITI	2201914	0	1	27157	1	0	next	other	0
33	86	Sound	Practice	2213926	0	1			0		other	0
33	86	Picture	response	2229072	15146	1	3499	1	15000	25000	hit	166
33	86	Port Input	2	2232469	18544	1
33	86	Response	4	2232469	18544	1
33	87	Picture	Break	2242567	0	1	16994	1	0	next	other	0
33	87	Response	1	2259381	16814	0
33	88	Picture	Instruction	2259561	0	1	36488	1	0	next	other	0
33	88	Response	1	2296020	36459	0
33	89	Picture	ITI	2296049	0	1	15161	1	0	next	other	0
33	90	Picture	ITI	2311210	0	1	22659	1	0	next	other	0
33	91	Sound	test	2323042	0	1			0		other	0
33	91	Picture	response	2333869	10828	1	14828	1	10700	25000	incorrect	176
33	91	Port Input	1	2348603	25561	1
33	91	Response	3	2348603	25561	1
33	92	Picture	ITI	2349697	0	1	29823	1	0	next	other	0
33	93	Sound	test	2368689	0	1			0		other	0
33	93	Picture	response	2379520	10832	1	18994	1	10700	25000	incorrect	181
33	93	Port Input	1	2398454	29765	1
33	93	Response	3	2398454	29765	1
33	94	Picture	ITI	2399514	0	1	30323	1	0	next	other	0
33	95	Sound	test	2414705	0	1			0		other	0
33	95	Picture	response	2429836	15132	1	3332	1	15000	25000	incorrect	186
33	95	Port Input	2	2433115	18410	1
33	95	Response	4	2433115	18410	1
33	96	Picture	ITI	2434168	0	1	28490	1	0	next	other	0
33	97	Sound	test	2451060	0	1			0		other	0
33	97	Picture	response	2462659	11599	1	8331	1	11450	25000	incorrect	191
33	97	Port Input	1	2470920	19860	1
33	97	Response	3	2470920	19860	1
33	98	Picture	ITI	2471989	0	1	24991	1	0	next	other	0
33	99	Sound	test	2486240	0	1			0		other	0
33	99	Picture	response	2496980	10740	1	14995	1	10700	25000	incorrect	196
33	99	Port Input	1	2511797	25557	1
33	99	Response	3	2511797	25557	1
33	100	Picture	ITI	2512808	0	1	27990	1	0	next	other	0
33	101	Sound	test	2525669	0	1			0		other	0
33	101	Picture	response	2540799	15129	1	5332	1	15000	25000	incorrect	201
33	101	Port Input	2	2545937	20267	1
33	101	Response	4	2545937	20267	1
33	102	Picture	ITI	2546963	0	1	25991	1	0	next	other	0
33	103	Sound	test	2558764	0	1			0		other	0
33	103	Picture	response	2572954	14190	1	9164	1	14020	25000	incorrect	206
33	103	Port Input	2	2582014	23249	1
33	103	Response	4	2582014	23249	1
33	104	Picture	ITI	2583118	0	1	24325	1	0	next	other	0
33	105	Sound	test	2597329	0	1			0		other	0
33	105	Picture	response	2607443	10114	1	5332	1	10000	25000	incorrect	211
33	105	Port Input	1	2612572	15243	1
33	105	Response	3	2612572	15243	1
33	106	Picture	ITI	2613607	0	1	23992	1	0	next	other	0
33	107	Sound	test	2627438	0	1			0		other	0
33	107	Picture	response	2637599	10161	1	7997	1	10000	25000	incorrect	216
33	107	Port Input	1	2645546	18108	1
33	107	Response	3	2645546	18108	1
33	108	Picture	ITI	2646596	0	1	27991	1	0	next	other	0
33	109	Sound	test	2662277	0	1			0		other	0
33	109	Picture	response	2674586	12309	1	3999	1	12250	25000	incorrect	221
33	109	Port Input	2	2678510	16233	1
33	109	Response	4	2678510	16233	1
33	110	Picture	ITI	2679585	0	1	28990	1	0	next	other	0
33	111	Sound	test	2693396	0	1			0		other	0
33	111	Picture	response	2708575	15179	1	3832	1	15000	25000	incorrect	226
33	111	Port Input	2	2712286	18890	1
33	111	Response	4	2712286	18890	1
33	112	Picture	ITI	2713406	0	1	29823	1	0	next	other	0
33	113	Sound	test	2733088	0	1			0		other	0
33	113	Picture	response	2743230	10142	1	6165	1	10000	25000	incorrect	231
33	113	Port Input	1	2749258	16170	1
33	113	Response	3	2749258	16170	1
33	114	Picture	ITI	2750394	0	1	34655	1	0	next	other	0
33	115	Sound	test	2769995	0	1			0		other	0
33	115	Picture	response	2785049	15054	1	3832	1	15000	25000	incorrect	236
33	115	Port Input	2	2788833	18838	1
33	115	Response	4	2788833	18838	1
33	116	Picture	ITI	2789880	0	1	26491	1	0	next	other	0
33	117	Sound	test	2805491	0	1			0		other	0
33	117	Picture	response	2816371	10880	1	7664	1	10700	25000	incorrect	241
33	117	Port Input	1	2823911	18419	1
33	117	Response	3	2823911	18419	1
33	118	Picture	ITI	2824868	0	1	26324	1	0	next	other	0
33	119	Sound	test	2837090	0	1			0		other	0
33	119	Picture	response	2851193	14103	1	3999	1	14020	25000	incorrect	246
33	119	Port Input	2	2855115	18025	1
33	119	Response	4	2855115	18025	1
33	120	Picture	ITI	2856191	0	1	29823	1	0	next	other	0
33	121	Sound	test	2875922	0	1			0		other	0
33	121	Picture	response	2886014	10092	1	6165	1	10000	25000	incorrect	251
33	121	Port Input	1	2892087	16165	1
33	121	Response	3	2892087	16165	1
33	122	Picture	ITI	2893178	0	1	24158	1	0	next	other	0
33	123	Sound	test	2904129	0	1			0		other	0
33	123	Picture	response	2917337	13207	1	7497	1	13100	25000	incorrect	256
33	123	Port Input	1	2924676	20546	1
33	123	Response	3	2924676	20546	1
33	124	Picture	ITI	2925667	0	1	25825	1	0	next	other	0
33	125	Sound	test	2937378	0	1			0		other	0
33	125	Picture	response	2951492	14113	1	3665	1	14020	25000	incorrect	261
33	125	Port Input	2	2955036	17658	1
33	125	Response	4	2955036	17658	1
33	126	Picture	ITI	2956157	0	1	29323	1	0	next	other	0
33	127	Sound	test	2972308	0	1			0		other	0
33	127	Picture	response	2985480	13172	1	3166	1	13100	25000	incorrect	266
33	127	Port Input	2	2988583	16275	1
33	127	Response	4	2988583	16275	1
33	128	Picture	ITI	2989645	0	1	23992	1	0	next	other	0
33	129	Sound	test	3002007	0	1			0		other	0
33	129	Picture	response	3013637	11631	1	8331	1	11450	25000	incorrect	271
33	129	Port Input	1	3021880	19874	1
33	129	Response	3	3021880	19874	1
33	130	Picture	ITI	3022967	0	1	23825	1	0	next	other	0
33	131	Sound	test	3035239	0	1			0		other	0
33	131	Picture	response	3046793	11554	1	12329	1	11450	25000	incorrect	276
33	131	Port Input	2	3059008	23770	1
33	131	Response	4	3059008	23770	1
33	132	Picture	ITI	3059955	0	1	29823	1	0	next	other	0
33	133	Sound	test	3075616	0	1			0		other	0
33	133	Picture	response	3089778	14162	1	5332	1	14020	25000	incorrect	281
33	133	Port Input	2	3095012	19396	1
33	133	Response	4	3095012	19396	1
33	134	Picture	ITI	3096109	0	1	30656	1	0	next	other	0
33	135	Sound	test	3112700	0	1			0		other	0
33	135	Picture	response	3126765	14065	1	3999	1	14020	25000	incorrect	286
33	135	Port Input	2	3130704	18004	1
33	135	Response	4	3130704	18004	1
33	136	Picture	ITI	3131764	0	1	28823	1	0	next	other	0
33	137	Sound	test	3148295	0	1			0		other	0
33	137	Picture	response	3160587	12292	1	4332	1	12250	25000	incorrect	291
33	137	Port Input	2	3164782	16487	1
33	137	Response	4	3164782	16487	1
33	138	Picture	ITI	3165752	0	1	23992	1	0	next	other	0
33	139	Sound	test	3177453	0	1			0		other	0
33	139	Picture	response	3189744	12291	1	10996	1	12250	25000	incorrect	296
33	139	Port Input	1	3200692	23239	1
33	139	Response	3	3200692	23239	1
33	140	Picture	ITI	3201740	0	1	31989	1	0	next	other	0
33	141	Sound	test	3221381	0	1			0		other	0
33	141	Picture	response	3233729	12348	1	7497	1	12250	25000	incorrect	301
33	141	Port Input	1	3241038	19657	1
33	141	Response	3	3241038	19657	1
33	142	Picture	ITI	3242059	0	1	22992	1	0	next	other	0
33	143	Sound	test	3253570	0	1			0		other	0
33	143	Picture	response	3265051	11481	1	5998	1	11450	25000	incorrect	306
33	143	Port Input	1	3270888	17318	1
33	143	Response	3	3270888	17318	1
33	144	Picture	ITI	3271882	0	1	33988	1	0	next	other	0
33	145	Sound	test	3290744	0	1			0		other	0
33	145	Picture	response	3305871	15127	1	6831	1	15000	25000	incorrect	311
33	145	Port Input	2	3312660	21917	1
33	145	Response	4	3312660	21917	1
33	146	Picture	ITI	3313701	0	1	32322	1	0	next	other	0
33	147	Sound	test	3330883	0	1			0		other	0
33	147	Picture	response	3346024	15141	1	4498	1	15000	25000	incorrect	316
33	147	Port Input	2	3350340	19458	1
33	147	Response	4	3350340	19458	1
33	148	Picture	ITI	3351355	0	1	25991	1	0	next	other	0
33	149	Sound	test	3365036	0	1			0		other	0
33	149	Picture	response	3377346	12310	1	3999	1	12250	25000	incorrect	321
33	149	Port Input	2	3381243	16206	1
33	149	Response	4	3381243	16206	1
33	150	Picture	ITI	3382345	0	1	29490	1	0	next	other	0
33	151	Sound	test	3397646	0	1			0		other	0
33	151	Picture	response	3411834	14189	1	3332	1	14020	25000	incorrect	326
33	151	Port Input	2	3415091	17446	1
33	151	Response	4	3415091	17446	1
33	152	Picture	ITI	3416166	0	1	25825	1	0	next	other	0
33	153	Sound	test	3429588	0	1			0		other	0
33	153	Picture	response	3441991	12403	1	4165	1	12250	25000	incorrect	331
33	153	Port Input	2	3446004	16416	1
33	153	Response	4	3446004	16416	1
33	154	Picture	ITI	3446989	0	1	25824	1	0	next	other	0
33	155	Sound	test	3461320	0	1			0		other	0
33	155	Picture	response	3472814	11493	1	9330	1	11450	25000	incorrect	336
33	155	Port Input	1	3481956	20635	1
33	155	Response	3	3481956	20635	1
33	156	Picture	ITI	3482977	0	1	28657	1	0	next	other	0
33	157	Sound	test	3501488	0	1			0		other	0
33	157	Picture	response	3511634	10146	1	5998	1	10000	25000	incorrect	341
33	157	Port Input	1	3517460	15972	1
33	157	Response	3	3517460	15972	1
33	158	Picture	ITI	3518465	0	1	28824	1	0	next	other	0
33	159	Sound	test	3537176	0	1			0		other	0
33	159	Picture	response	3547288	10112	1	6165	1	10000	25000	incorrect	346
33	159	Port Input	1	3553349	16173	1
33	159	Response	3	3553349	16173	1
33	160	Picture	ITI	3554452	0	1	26324	1	0	next	other	0
33	161	Sound	test	3568344	0	1			0		other	0
33	161	Picture	response	3580777	12433	1	5332	1	12250	25000	incorrect	351
33	161	Port Input	1	3586001	17657	1
33	161	Response	3	3586001	17657	1
33	162	Picture	ITI	3587108	0	1	29657	1	0	next	other	0
33	163	Sound	test	3604399	0	1			0		other	0
33	163	Picture	response	3616765	12365	1	6831	1	12250	25000	incorrect	356
33	163	Port Input	2	3623483	19084	1
33	163	Response	4	3623483	19084	1
33	164	Picture	ITI	3624595	0	1	28157	1	0	next	other	0
33	165	Sound	test	3641266	0	1			0		other	0
33	165	Picture	response	3652752	11486	1	10163	1	11450	25000	incorrect	361
33	165	Port Input	1	3662819	21552	1
33	165	Response	3	3662819	21552	1
33	166	Picture	ITI	3663915	0	1	32322	1	0	next	other	0
33	167	Sound	test	3682026	0	1			0		other	0
33	167	Picture	response	3696237	14211	1	3665	1	14020	25000	incorrect	366
33	167	Port Input	2	3699801	17775	1
33	167	Response	4	3699801	17775	1
33	168	Picture	ITI	3700902	0	1	27657	1	0	next	other	0
33	169	Sound	test	3715344	0	1			0		other	0
33	169	Picture	response	3728560	13216	1	5165	1	13100	25000	incorrect	371
33	169	Port Input	2	3733525	18181	1
33	169	Response	4	3733525	18181	1
33	170	Picture	ITI	3734558	0	1	28324	1	0	next	other	0
33	171	Sound	test	3752829	0	1			0		other	0
33	171	Picture	response	3762881	10052	1	7331	1	10000	25000	incorrect	376
33	171	Port Input	1	3770039	17210	1
33	171	Response	3	3770039	17210	1
33	172	Picture	ITI	3771045	0	1	29323	1	0	next	other	0
33	173	Sound	test	3787136	0	1			0		other	0
33	173	Picture	response	3800368	13232	1	3832	1	13100	25000	incorrect	381
33	173	Port Input	2	3804159	17022	1
33	173	Response	4	3804159	17022	1
33	174	Picture	ITI	3805200	0	1	28324	1	0	next	other	0
33	175	Sound	test	3818401	0	1			0		other	0
33	175	Picture	response	3833524	15122	1	3832	1	15000	25000	incorrect	386
33	175	Port Input	2	3837237	18835	1
33	175	Response	4	3837237	18835	1
33	176	Picture	ITI	3838356	0	1	28657	1	0	next	other	0
33	177	Sound	test	3856207	0	1			0		other	0
33	177	Picture	response	3867012	10806	1	15828	1	10700	25000	incorrect	391
33	177	Port Input	1	3882736	26529	1
33	177	Response	3	3882736	26529	1
33	178	Picture	ITI	3883840	0	1	32822	1	0	next	other	0
33	179	Sound	test	3902571	0	1			0		other	0
33	179	Picture	response	3916662	14091	1	3999	1	14020	25000	incorrect	396
33	179	Port Input	2	3920468	17897	1
33	179	Response	4	3920468	17897	1
33	180	Picture	ITI	3921494	0	1	34821	1	0	next	other	0
33	181	Sound	test	3941175	0	1			0		other	0
33	181	Picture	response	3956315	15140	1	5332	1	15000	25000	incorrect	401
33	181	Port Input	2	3961491	20316	1
33	181	Response	4	3961491	20316	1
33	182	Picture	ITI	3962480	0	1	22326	1	0	next	other	0
33	183	Sound	test	3974061	0	1			0		other	0
33	183	Picture	response	3984806	10744	1	6331	1	10700	25000	incorrect	406
33	183	Port Input	1	3991050	16989	1
33	183	Response	3	3991050	16989	1
33	184	Picture	ITI	3992136	0	1	28824	1	0	next	other	0
33	185	Sound	test	4005868	0	1			0		other	0
33	185	Picture	response	4020960	15092	1	3499	1	15000	25000	incorrect	411
33	185	Port Input	2	4024315	18448	1
33	185	Response	4	4024315	18448	1
33	186	Picture	ITI	4025292	0	1	27657	1	0	next	other	0
33	187	Sound	test	4039713	0	1			0		other	0
33	187	Picture	response	4052949	13236	1	9663	1	13100	25000	incorrect	416
33	187	Port Input	1	4062412	22699	1
33	187	Response	3	4062412	22699	1
33	188	Picture	ITI	4063445	0	1	31822	1	0	next	other	0
33	189	Sound	test	4080177	0	1			0		other	0
33	189	Picture	response	4095268	15091	1	6165	1	15000	25000	incorrect	421
33	189	Port Input	2	4101290	21113	1
33	189	Response	4	4101290	21113	1
33	190	Picture	ITI	4102265	0	1	29990	1	0	next	other	0
33	191	Sound	test	4122097	0	1			0		other	0
33	191	Picture	response	4132255	10159	1	7164	1	10000	25000	incorrect	426
33	191	Port Input	1	4139261	17165	1
33	191	Response	3	4139261	17165	1
33	192	Picture	ITI	4140252	0	1	29657	1	0	next	other	0
33	193	Sound	test	4158334	0	1			0		other	0
33	193	Picture	response	4169909	11575	1	7831	1	11450	25000	incorrect	431
33	193	Port Input	1	4177545	19212	1
33	193	Response	3	4177545	19212	1
33	194	Picture	ITI	4178573	0	1	24492	1	0	next	other	0
33	195	Sound	test	4188874	0	1			0		other	0
33	195	Picture	response	4203064	14191	1	3166	1	14020	25000	incorrect	436
33	195	Port Input	2	4206095	17221	1
33	195	Response	4	4206095	17221	1
33	196	Picture	ITI	4207063	0	1	32156	1	0	next	other	0
33	197	Sound	test	4224044	0	1			0		other	0
33	197	Picture	response	4239219	15174	1	3332	1	15000	25000	incorrect	441
33	197	Port Input	2	4242504	18460	1
33	197	Response	4	4242504	18460	1
33	198	Picture	ITI	4243550	0	1	27157	1	0	next	other	0
33	199	Sound	test	4255682	0	1			0		other	0
33	199	Picture	response	4270708	15026	1	4498	1	15000	25000	incorrect	446
33	199	Port Input	2	4275031	19349	1
33	199	Response	4	4275031	19349	1
33	200	Picture	ITI	4276039	0	1	33155	1	0	next	other	0
33	201	Sound	test	4294101	0	1			0		other	0
33	201	Picture	response	4309195	15094	1	4332	1	15000	25000	incorrect	451
33	201	Port Input	2	4313388	19287	1
33	201	Response	4	4313388	19287	1
33	202	Picture	ITI	4314360	0	1	30656	1	0	next	other	0
33	203	Sound	test	4334151	0	1			0		other	0
33	203	Picture	response	4345016	10865	1	8164	1	10700	25000	incorrect	456
33	203	Port Input	1	4353077	18927	1
33	203	Response	3	4353077	18927	1
33	204	Picture	ITI	4354179	0	1	27824	1	0	next	other	0
33	205	Sound	test	4366851	0	1			0		other	0
33	205	Picture	response	4382003	15153	1	3499	1	15000	25000	incorrect	461
33	205	Port Input	2	4385323	18472	1
33	205	Response	4	4385323	18472	1
33	206	Picture	ITI	4386335	0	1	23159	1	0	next	other	0
33	207	Sound	test	4397156	0	1			0		other	0
33	207	Picture	response	4409494	12337	1	10830	1	12250	25000	incorrect	466
33	207	Port Input	1	4420119	22962	1
33	207	Response	3	4420119	22962	1
33	208	Picture	ITI	4421156	0	1	24658	1	0	next	other	0
33	209	Sound	test	4434338	0	1			0		other	0
33	209	Picture	response	4445815	11477	1	8830	1	11450	25000	incorrect	471
33	209	Port Input	1	4454561	20223	1
33	209	Response	3	4454561	20223	1
33	210	Picture	ITI	4455645	0	1	20993	1	0	next	other	0
33	211	Sound	test	4466576	0	1			0		other	0
33	211	Picture	response	4476638	10062	1	6997	1	10000	25000	incorrect	476
33	211	Port Input	1	4483464	16888	1
33	211	Response	3	4483464	16888	1
33	212	Picture	ITI	4484468	0	1	24825	1	0	next	other	0
33	213	Sound	test	4496069	0	1			0		other	0
33	213	Picture	response	4509293	13224	1	9663	1	13100	25000	incorrect	481
33	213	Port Input	1	4518843	22773	1
33	213	Response	3	4518843	22773	1
33	214	Picture	ITI	4519956	0	1	27491	1	0	next	other	0
33	215	Sound	test	4535137	0	1			0		other	0
33	215	Picture	response	4547447	12309	1	6998	1	12250	25000	incorrect	486
33	215	Port Input	1	4554306	19168	1
33	215	Response	3	4554306	19168	1
33	216	Picture	ITI	4555277	0	1	30490	1	0	next	other	0
33	217	Sound	test	4573439	0	1			0		other	0
33	217	Picture	response	4585767	12328	1	5998	1	12250	25000	incorrect	491
33	217	Port Input	1	4591600	18161	1
33	217	Response	3	4591600	18161	1
33	218	Picture	ITI	4592598	0	1	23825	1	0	next	other	0
33	219	Sound	test	4604789	0	1			0		other	0
33	219	Picture	response	4616423	11634	1	4998	1	11450	25000	incorrect	496
33	219	Port Input	1	4621274	16485	1
33	219	Response	3	4621274	16485	1
33	220	Picture	ITI	4622254	0	1	29490	1	0	next	other	0
33	221	Sound	test	4640986	0	1			0		other	0
33	221	Picture	response	4651744	10759	1	6831	1	10700	25000	incorrect	501
33	221	Port Input	1	4658496	17510	1
33	221	Response	3	4658496	17510	1
33	222	Picture	ITI	4659575	0	1	21493	1	0	next	other	0
33	223	Sound	test	4670926	0	1			0		other	0
33	223	Picture	response	4681068	10141	1	6331	1	10000	25000	incorrect	506
33	223	Port Input	1	4687201	16275	1
33	223	Response	3	4687201	16275	1
33	224	Picture	ITI	4688232	0	1	28990	1	0	next	other	0
33	225	Sound	test	4706493	0	1			0		other	0
33	225	Picture	response	4717222	10729	1	5498	1	10700	25000	incorrect	511
33	225	Port Input	1	4722653	16160	1
33	225	Response	3	4722653	16160	1
33	226	Picture	ITI	4723720	0	1	32822	1	0	next	other	0
33	227	Sound	test	4742401	0	1			0		other	0
33	227	Picture	response	4756542	14141	1	6831	1	14020	25000	incorrect	516
33	227	Port Input	2	4763176	20775	1
33	227	Response	4	4763176	20775	1
33	228	Picture	ITI	4764206	0	1	29157	1	0	next	other	0
33	229	Sound	test	4781757	0	1			0		other	0
33	229	Picture	response	4793363	11605	1	6664	1	11450	25000	incorrect	521
33	229	Port Input	1	4799919	18162	1
33	229	Response	3	4799919	18162	1
33	230	Picture	ITI	4801027	0	1	30323	1	0	next	other	0
33	231	Sound	test	4818119	0	1			0		other	0
33	231	Picture	response	4831350	13231	1	6165	1	13100	25000	incorrect	526
33	231	Port Input	2	4837360	19241	1
33	231	Response	4	4837360	19241	1
33	232	Picture	ITI	4838347	0	1	27491	1	0	next	other	0
33	233	Sound	test	4853519	0	1			0		other	0
33	233	Picture	response	4865838	12319	1	7664	1	12250	25000	incorrect	531
33	233	Port Input	2	4873363	19845	1
33	233	Response	4	4873363	19845	1
33	234	Picture	ITI	4874335	0	1	29823	1	0	next	other	0
33	235	Sound	test	4891016	0	1			0		other	0
33	235	Picture	response	4904158	13142	1	4665	1	13100	25000	incorrect	536
33	235	Port Input	2	4908659	17643	1
33	235	Response	4	4908659	17643	1
33	236	Picture	ITI	4909656	0	1	30656	1	0	next	other	0
33	237	Sound	test	4925188	0	1			0		other	0
33	237	Picture	response	4940312	15125	1	3499	1	15000	25000	incorrect	541
33	237	Port Input	2	4943664	18476	1
33	237	Response	4	4943664	18476	1
33	238	Picture	ITI	4944644	0	1	31489	1	0	next	other	0
33	239	Sound	test	4962946	0	1			0		other	0
33	239	Picture	response	4976134	13188	1	5331	1	13100	25000	incorrect	546
33	239	Port Input	1	4981271	18325	1
33	239	Response	3	4981271	18325	1
33	240	Picture	ITI	4982298	0	1	26324	1	0	next	other	0
33	241	Sound	test	4997879	0	1			0		other	0
33	241	Picture	response	5008622	10743	1	4498	1	10700	25000	incorrect	551
33	241	Port Input	2	5013037	15158	1
33	241	Response	4	5013037	15158	1
33	242	Picture	ITI	5014121	0	1	26491	1	0	next	other	0
33	243	Sound	test	5029802	0	1			0		other	0
33	243	Picture	response	5040612	10810	1	4832	1	10700	25000	incorrect	556
33	243	Port Input	1	5045314	15512	1
33	243	Response	3	5045314	15512	1
33	244	Picture	ITI	5046443	0	1	32322	1	0	next	other	0
33	245	Sound	test	5066384	0	1			0		other	0
33	245	Picture	response	5078765	12381	1	3166	1	12250	25000	incorrect	561
33	245	Port Input	2	5081786	15402	1
33	245	Response	4	5081786	15402	1
33	246	Picture	ITI	5082764	0	1	23492	1	0	next	other	0
33	247	Sound	test	5095405	0	1			0		other	0
33	247	Picture	response	5106256	10851	1	8164	1	10700	25000	incorrect	566
33	247	Port Input	1	5114250	18845	1
33	247	Response	3	5114250	18845	1
33	248	Picture	ITI	5115253	0	1	30656	1	0	next	other	0
33	249	Sound	test	5135124	0	1			0		other	0
33	249	Picture	response	5145909	10785	1	5331	1	10700	25000	incorrect	571
33	249	Port Input	2	5151097	15973	1
33	249	Response	4	5151097	15973	1
33	250	Picture	ITI	5152073	0	1	24992	1	0	next	other	0
33	251	Sound	test	5164685	0	1			0		other	0
33	251	Picture	response	5177065	12380	1	2666	1	12250	25000	incorrect	576
33	251	Port Input	2	5179636	14951	1
33	251	Response	4	5179636	14951	1
33	252	Picture	ITI	5180730	0	1	25991	1	0	next	other	0
33	253	Sound	test	5195832	0	1			0		other	0
33	253	Picture	response	5206722	10890	1	3665	1	10700	25000	incorrect	581
33	253	Port Input	2	5210205	14373	1
33	253	Response	4	5210205	14373	1
33	254	Picture	ITI	5211220	0	1	21993	1	0	next	other	0
33	255	Sound	test	5223131	0	1			0		other	0
33	255	Picture	response	5233212	10081	1	7164	1	10000	25000	incorrect	586
33	255	Port Input	1	5240222	17091	1
33	255	Response	3	5240222	17091	1
33	256	Picture	ITI	5241376	0	1	30823	1	0	next	other	0
33	257	Sound	test	5258938	0	1			0		other	0
33	257	Picture	response	5272199	13262	1	11163	1	13100	25000	incorrect	591
33	257	Port Input	1	5283191	24253	1
33	257	Response	3	5283191	24253	1
33	258	Picture	ITI	5284195	0	1	26324	1	0	next	other	0
33	259	Sound	test	5300386	0	1			0		other	0
33	259	Picture	response	5310519	10133	1	6331	1	10000	25000	incorrect	596
33	259	Port Input	1	5316758	16372	1
33	259	Response	3	5316758	16372	1
33	260	Picture	ITI	5317850	0	1	31656	1	0	next	other	0
33	261	Sound	test	5337221	0	1			0		other	0
33	261	Picture	response	5349506	12285	1	5498	1	12250	25000	incorrect	601
33	261	Port Input	1	5354938	17717	1
33	261	Response	3	5354938	17717	1
33	262	Picture	ITI	5356004	0	1	33988	1	0	next	other	0
33	263	Sound	test	5375945	0	1			0		other	0
33	263	Picture	response	5389992	14047	1	4165	1	14020	25000	incorrect	606
33	263	Port Input	2	5394034	18089	1
33	263	Response	4	5394034	18089	1
33	264	Picture	ITI	5395157	0	1	31156	1	0	next	other	0
33	265	Sound	test	5412178	0	1			0		other	0
33	265	Picture	response	5426313	14135	1	7164	1	14020	25000	incorrect	611
33	265	Port Input	2	5433360	21181	1
33	265	Response	4	5433360	21181	1
33	266	Picture	ITI	5434477	0	1	27657	1	0	next	other	0
33	267	Sound	test	5446968	0	1			0		other	0
33	267	Picture	response	5462134	15166	1	3665	1	15000	25000	incorrect	616
33	267	Port Input	2	5465709	18741	1
33	267	Response	4	5465709	18741	1
33	268	Picture	ITI	5466799	0	1	25825	1	0	next	other	0
33	269	Sound	test	5481121	0	1			0		other	0
33	269	Picture	response	5492624	11503	1	5831	1	11450	25000	incorrect	621
33	269	Port Input	2	5498360	17240	1
33	269	Response	4	5498360	17240	1
33	270	Picture	ITI	5499455	0	1	23492	1	0	next	other	0
33	271	Sound	test	5512836	0	1			0		other	0
33	271	Picture	response	5522947	10111	1	6831	1	10000	25000	incorrect	626
33	271	Port Input	1	5529658	16822	1
33	271	Response	3	5529658	16822	1
33	272	Picture	ITI	5530777	0	1	24492	1	0	next	other	0
33	273	Sound	test	5541999	0	1			0		other	0
33	273	Picture	response	5555269	13270	1	4665	1	13100	25000	incorrect	631
33	273	Port Input	2	5559800	17801	1
33	273	Response	4	5559800	17801	1
33	274	Picture	ITI	5560934	0	1	26658	1	0	next	other	0
33	275	Sound	test	5577415	0	1			0		other	0
33	275	Picture	response	5587591	10176	1	6165	1	10000	25000	incorrect	636
33	275	Port Input	1	5593690	16275	1
33	275	Response	3	5593690	16275	1
33	276	Picture	ITI	5594756	0	1	29490	1	0	next	other	0
33	277	Sound	test	5611057	0	1			0		other	0
33	277	Picture	response	5624246	13189	1	3665	1	13100	25000	incorrect	641
33	277	Port Input	2	5627716	16659	1
33	277	Response	4	5627716	16659	1
33	278	Picture	ITI	5628744	0	1	29990	1	0	next	other	0
33	279	Sound	test	5643685	0	1			0		other	0
33	279	Picture	response	5658734	15049	1	3499	1	15000	25000	incorrect	646
33	279	Port Input	2	5662043	18358	1
33	279	Response	4	5662043	18358	1
33	280	Picture	ITI	5663066	0	1	29157	1	0	next	other	0
33	281	Sound	test	5680747	0	1			0		other	0
33	281	Picture	response	5692222	11475	1	7831	1	11450	25000	incorrect	651
33	281	Port Input	2	5699953	19206	1
33	281	Response	4	5699953	19206	1
33	282	Picture	ITI	5701053	0	1	24158	1	0	next	other	0
33	283	Sound	test	5711944	0	1			0		other	0
33	283	Picture	response	5725211	13267	1	10996	1	13100	25000	incorrect	656
33	283	Port Input	1	5736081	24137	1
33	283	Response	3	5736081	24137	1
33	284	Picture	ITI	5737040	0	1	26824	1	0	next	other	0
33	285	Sound	test	5749672	0	1			0		other	0
33	285	Picture	response	5763865	14193	1	3999	1	14020	25000	incorrect	661
33	285	Port Input	2	5767660	17989	1
33	285	Response	4	5767660	17989	1
33	286	Picture	ITI	5768696	0	1	26324	1	0	next	other	0
33	287	Sound	test	5780877	0	1			0		other	0
33	287	Picture	response	5795021	14143	1	3499	1	14020	25000	incorrect	666
33	287	Port Input	2	5798406	17529	1
33	287	Response	4	5798406	17529	1
33	288	Picture	ITI	5799519	0	1	21993	1	0	next	other	0
33	289	Sound	test	5810750	0	1			0		other	0
33	289	Picture	response	5821512	10761	1	6664	1	10700	25000	incorrect	671
33	289	Port Input	1	5828059	17309	1
33	289	Response	3	5828059	17309	1
33	290	Picture	ITI	5829176	0	1	29323	1	0	next	other	0
33	291	Sound	test	5843337	0	1			0		other	0
33	291	Picture	response	5858499	15162	1	2832	1	15000	25000	incorrect	676
33	291	Port Input	2	5861137	17800	1
33	291	Response	4	5861137	17800	1
33	292	Picture	ITI	5862164	0	1	28824	1	0	next	other	0
33	293	Sound	test	5879395	0	1			0		other	0
33	293	Picture	response	5890988	11592	1	3665	1	11450	25000	incorrect	681
33	293	Port Input	2	5894496	15101	1
33	293	Response	4	5894496	15101	1
33	294	Picture	ITI	5895653	0	1	27657	1	0	next	other	0
33	295	Sound	test	5911784	0	1			0		other	0
33	295	Picture	response	5923310	11526	1	4665	1	11450	25000	incorrect	686
33	295	Port Input	2	5927772	15988	1
33	295	Response	4	5927772	15988	1
33	296	Picture	ITI	5928808	0	1	22826	1	0	next	other	0
33	297	Sound	test	5941499	0	1			0		other	0
33	297	Picture	response	5951634	10134	1	4498	1	10000	25000	incorrect	691
33	297	Port Input	2	5955978	14478	1
33	297	Response	4	5955978	14478	1
33	298	Picture	ITI	5956965	0	1	28324	1	0	next	other	0
33	299	Sound	test	5970236	0	1			0		other	0
33	299	Picture	response	5985289	15053	1	1999	1	15000	25000	incorrect	696
33	299	Port Input	2	5987171	16935	1
33	299	Response	4	5987171	16935	1
33	300	Picture	ITI	5988121	0	1	25825	1	0	next	other	0
33	301	Sound	test	6000762	0	1			0		other	0
33	301	Picture	response	6013946	13183	1	4998	1	13100	25000	incorrect	701
33	301	Port Input	2	6018823	18060	1
33	301	Response	4	6018823	18060	1
33	302	Picture	ITI	6019944	0	1	29157	1	0	next	other	0
33	303	Sound	test	6039026	0	1			0		other	0
33	303	Picture	response	6049100	10074	1	4498	1	10000	25000	incorrect	706
33	303	Port Input	2	6053557	14530	1
33	303	Response	4	6053557	14530	1
33	304	Picture	ITI	6054599	0	1	22159	1	0	next	other	0
33	305	Sound	test	6066610	0	1			0		other	0
33	305	Picture	response	6076758	10148	1	6831	1	10000	25000	incorrect	711
33	305	Port Input	1	6083386	16776	1
33	305	Response	3	6083386	16776	1
33	306	Picture	ITI	6084422	0	1	29323	1	0	next	other	0
33	307	Sound	test	6103603	0	1			0		other	0
33	307	Picture	response	6113745	10142	1	5998	1	10000	25000	incorrect	716
33	307	Port Input	1	6119577	15974	1
33	307	Response	3	6119577	15974	1
33	308	Picture	ITI	6120576	0	1	28657	1	0	next	other	0
33	309	Sound	test	6139157	0	1			0		other	0
33	309	Picture	response	6149233	10076	1	10663	1	10000	25000	incorrect	721
33	309	Port Input	1	6159725	20568	1
33	309	Response	3	6159725	20568	1
33	310	Picture	ITI	6160729	0	1	26824	1	0	next	other	0
33	311	Sound	test	6177500	0	1			0		other	0
33	311	Picture	response	6187553	10053	1	4832	1	10000	25000	incorrect	726
33	311	Port Input	1	6192178	14678	1
33	311	Response	3	6192178	14678	1
33	312	Picture	ITI	6193218	0	1	27157	1	0	next	other	0
33	313	Sound	test	6208849	0	1			0		other	0
33	313	Picture	response	6220375	11526	1	5498	1	11450	25000	incorrect	731
33	313	Port Input	1	6225746	16897	1
33	313	Response	3	6225746	16897	1
33	314	Picture	ITI	6226873	0	1	29823	1	0	next	other	0
33	315	Sound	test	6242604	0	1			0		other	0
33	315	Picture	response	6256696	14092	1	5998	1	14020	25000	incorrect	736
33	315	Port Input	2	6262541	19937	1
33	315	Response	4	6262541	19937	1
33	316	Picture	ITI	6263527	0	1	25824	1	0	next	other	0
33	317	Sound	test	6276218	0	1			0		other	0
33	317	Picture	response	6289352	13133	1	4499	1	13100	25000	incorrect	741
33	317	Port Input	2	6293714	17495	1
33	317	Response	4	6293714	17495	1
33	318	Picture	ITI	6294850	0	1	25824	1	0	next	other	0
33	319	Sound	test	6305511	0	1			0		other	0
33	319	Picture	response	6320674	15163	1	2333	1	15000	25000	incorrect	746
33	319	Port Input	2	6322960	17449	1
33	319	Response	4	6322960	17449	1
33	441	Picture	resume	7533593	0	1	19660	1	0	next	other	0
33	441	Port Input	1	7551515	17922	1
33	441	Response	3	7551515	17922	1
33	442	Picture	ITI	7553253	0	1	10163	1	0	next	other	0
33	443	Picture	ITI	7563417	0	1	27824	1	0	next	other	0
33	444	Sound	test	7576098	0	1			0		other	0
33	444	Picture	response	7591240	15143	1	3999	1	15000	25000	incorrect	755
33	444	Port Input	2	7595099	19001	1
33	444	Response	4	7595099	19001	1
33	445	Picture	ITI	7596239	0	1	29323	1	0	next	other	0
33	446	Sound	test	7611510	0	1			0		other	0
33	446	Picture	response	7625562	14052	1	3999	1	14020	25000	incorrect	760
33	446	Port Input	2	7629405	17895	1
33	446	Response	4	7629405	17895	1
33	447	Picture	ITI	7630560	0	1	31822	1	0	next	other	0
33	448	Sound	test	7647192	0	1			0		other	0
33	448	Picture	response	7662383	15191	1	3665	1	15000	25000	incorrect	765
33	448	Port Input	2	7665867	18676	1
33	448	Response	4	7665867	18676	1
33	449	Picture	ITI	7666881	0	1	29157	1	0	next	other	0
33	450	Sound	test	7685163	0	1			0		other	0
33	450	Picture	response	7696038	10875	1	10663	1	10700	25000	incorrect	770
33	450	Port Input	1	7706494	21331	1
33	450	Response	3	7706494	21331	1
33	451	Picture	ITI	7707534	0	1	25325	1	0	next	other	0
33	452	Sound	test	7720515	0	1			0		other	0
33	452	Picture	response	7732859	12343	1	7331	1	12250	25000	incorrect	775
33	452	Port Input	1	7739988	19473	1
33	452	Response	3	7739988	19473	1
33	453	Picture	ITI	7741023	0	1	29490	1	0	next	other	0
33	454	Sound	test	7760414	0	1			0		other	0
33	454	Picture	response	7770513	10099	1	5165	1	10000	25000	incorrect	780
33	454	Port Input	1	7775638	15224	1
33	454	Response	3	7775638	15224	1
33	455	Picture	ITI	7776677	0	1	29157	1	0	next	other	0
33	456	Sound	test	7790688	0	1			0		other	0
33	456	Picture	response	7805834	15146	1	3166	1	15000	25000	incorrect	785
33	456	Port Input	2	7808841	18153	1
33	456	Response	4	7808841	18153	1
33	457	Picture	ITI	7809832	0	1	29490	1	0	next	other	0
33	458	Sound	test	7825174	0	1			0		other	0
33	458	Picture	response	7839322	14148	1	9997	1	14020	25000	incorrect	790
33	458	Port Input	1	7849249	24075	1
33	458	Response	3	7849249	24075	1
33	459	Picture	ITI	7850319	0	1	25991	1	0	next	other	0
33	460	Sound	test	7861160	0	1			0		other	0
33	460	Picture	response	7876310	15150	1	4165	1	15000	25000	incorrect	795
33	460	Port Input	2	7880318	19158	1
33	460	Response	4	7880318	19158	1
33	461	Picture	ITI	7881308	0	1	25491	1	0	next	other	0
33	462	Sound	test	7896609	0	1			0		other	0
33	462	Picture	response	7906799	10190	1	5998	1	10000	25000	incorrect	800
33	462	Port Input	1	7912709	16100	1
33	462	Response	3	7912709	16100	1
33	463	Picture	ITI	7913797	0	1	29990	1	0	next	other	0
33	464	Sound	test	7933608	0	1			0		other	0
33	464	Picture	response	7943787	10179	1	6331	1	10000	25000	incorrect	805
33	464	Port Input	1	7950076	16468	1
33	464	Response	3	7950076	16468	1
33	465	Picture	ITI	7951117	0	1	25325	1	0	next	other	0
33	466	Sound	test	7965679	0	1			0		other	0
33	466	Picture	response	7976442	10764	1	5498	1	10700	25000	incorrect	810
33	466	Port Input	1	7981780	16102	1
33	466	Response	3	7981780	16102	1
33	467	Picture	ITI	7982940	0	1	29157	1	0	next	other	0
33	468	Sound	test	7998031	0	1			0		other	0
33	468	Picture	response	8012097	14065	1	12662	1	14020	25000	incorrect	815
33	468	Port Input	2	8024656	26625	1
33	468	Response	4	8024656	26625	1
33	469	Picture	ITI	8025759	0	1	25991	1	0	next	other	0
33	470	Sound	test	8040250	0	1			0		other	0
33	470	Picture	response	8051750	11500	1	9497	1	11450	25000	incorrect	820
33	470	Port Input	1	8061170	20920	1
33	470	Response	3	8061170	20920	1
33	471	Picture	ITI	8062246	0	1	25825	1	0	next	other	0
33	472	Sound	test	8073037	0	1			0		other	0
33	472	Picture	response	8088071	15033	1	7664	1	15000	25000	incorrect	825
33	472	Port Input	2	8095612	22574	1
33	472	Response	4	8095612	22574	1
33	473	Picture	ITI	8096734	0	1	26824	1	0	next	other	0
33	474	Sound	test	8108416	0	1			0		other	0
33	474	Picture	response	8123559	15143	1	2999	1	15000	25000	incorrect	830
33	474	Port Input	2	8126451	18036	1
33	474	Response	4	8126451	18036	1
33	475	Picture	ITI	8127557	0	1	23159	1	0	next	other	0
33	476	Sound	test	8140678	0	1			0		other	0
33	476	Picture	response	8150716	10038	1	5831	1	10000	25000	incorrect	835
33	476	Port Input	1	8156489	15811	1
33	476	Response	3	8156489	15811	1
33	477	Picture	ITI	8157547	0	1	26158	1	0	next	other	0
33	478	Sound	test	8171318	0	1			0		other	0
33	478	Picture	response	8183705	12387	1	3665	1	12250	25000	incorrect	840
33	478	Port Input	2	8187235	15917	1
33	478	Response	4	8187235	15917	1
33	479	Picture	ITI	8188203	0	1	29990	1	0	next	other	0
33	480	Sound	test	8206654	0	1			0		other	0
33	480	Picture	response	8218193	11539	1	9663	1	11450	25000	incorrect	845
33	480	Port Input	1	8227810	21155	1
33	480	Response	3	8227810	21155	1
33	481	Picture	ITI	8228856	0	1	30989	1	0	next	other	0
33	481	Port Input	1	8229028	172	1
33	481	Response	3	8229028	172	1
33	482	Sound	test	8248237	0	1			0		other	0
33	482	Picture	response	8259845	11608	1	8330	1	11450	25000	incorrect	852
33	482	Port Input	1	8267989	19751	1
33	482	Response	3	8267989	19751	1
33	483	Picture	ITI	8269009	0	1	32156	1	0	next	other	0
33	484	Sound	test	8286030	0	1			0		other	0
33	484	Picture	response	8301165	15134	1	2832	1	15000	25000	incorrect	857
33	484	Port Input	2	8303919	17889	1
33	484	Response	4	8303919	17889	1
33	485	Picture	ITI	8304997	0	1	27491	1	0	next	other	0
33	486	Sound	test	8320968	0	1			0		other	0
33	486	Picture	response	8332487	11519	1	5998	1	11450	25000	incorrect	862
33	486	Port Input	1	8338341	17373	1
33	486	Response	3	8338341	17373	1
33	487	Picture	ITI	8339318	0	1	32156	1	0	next	other	0
33	488	Sound	test	8356370	0	1			0		other	0
33	488	Picture	response	8371474	15104	1	3332	1	15000	25000	incorrect	867
33	488	Port Input	2	8374740	18370	1
33	488	Response	4	8374740	18370	1
33	489	Picture	ITI	8375806	0	1	29657	1	0	next	other	0
33	490	Sound	test	8391397	0	1			0		other	0
33	490	Picture	response	8405462	14065	1	3999	1	14020	25000	incorrect	872
33	490	Port Input	2	8409401	18003	1
33	490	Response	4	8409401	18003	1
33	491	Picture	ITI	8410461	0	1	23492	1	0	next	other	0
33	492	Sound	test	8423852	0	1			0		other	0
33	492	Picture	response	8433953	10101	1	5998	1	10000	25000	incorrect	877
33	492	Port Input	1	8439751	15899	1
33	492	Response	3	8439751	15899	1
33	493	Picture	ITI	8440784	0	1	33489	1	0	next	other	0
33	494	Sound	test	8460135	0	1			0		other	0
33	494	Picture	response	8474272	14137	1	8664	1	14020	25000	incorrect	882
33	494	Port Input	2	8482876	22742	1
33	494	Response	4	8482876	22742	1
33	495	Picture	ITI	8483936	0	1	30823	1	0	next	other	0
33	496	Sound	test	8503237	0	1			0		other	0
33	496	Picture	response	8514758	11522	1	7331	1	11450	25000	incorrect	887
33	496	Port Input	1	8521889	18652	1
33	496	Response	3	8521889	18652	1
33	497	Picture	ITI	8522922	0	1	28490	1	0	next	other	0
33	498	Sound	test	8538233	0	1			0		other	0
33	498	Picture	response	8551412	13179	1	6831	1	13100	25000	incorrect	892
33	498	Port Input	1	8558195	19961	1
33	498	Response	3	8558195	19961	1
33	499	Picture	ITI	8559243	0	1	27824	1	0	next	other	0
33	500	Sound	test	8572884	0	1			0		other	0
33	500	Picture	response	8587067	14183	1	6664	1	14020	25000	incorrect	897
33	500	Port Input	1	8593605	20721	1
33	500	Response	3	8593605	20721	1
33	501	Picture	ITI	8594731	0	1	31989	1	0	next	other	0
33	502	Sound	test	8612552	0	1			0		other	0
33	502	Picture	response	8626720	14168	1	8330	1	14020	25000	incorrect	902
33	502	Port Input	2	8634877	22325	1
33	502	Response	4	8634877	22325	1
33	503	Picture	ITI	8635884	0	1	25491	1	0	next	other	0
33	504	Sound	test	8650595	0	1			0		other	0
33	504	Picture	response	8661375	10780	1	7831	1	10700	25000	incorrect	907
33	504	Port Input	1	8669049	18454	1
33	504	Response	3	8669049	18454	1
33	505	Picture	ITI	8670039	0	1	29657	1	0	next	other	0
33	506	Sound	test	8686440	0	1			0		other	0
33	506	Picture	response	8699695	13255	1	3999	1	13100	25000	incorrect	912
33	506	Port Input	2	8703564	17124	1
33	506	Response	4	8703564	17124	1
33	507	Picture	ITI	8704693	0	1	31323	1	0	next	other	0
33	508	Sound	test	8724395	0	1			0		other	0
33	508	Picture	response	8736016	11621	1	9497	1	11450	25000	incorrect	917
33	508	Port Input	2	8745460	21066	1
33	508	Response	4	8745460	21066	1
33	509	Picture	ITI	8746513	0	1	23159	1	0	next	other	0
33	510	Sound	test	8756534	0	1			0		other	0
33	510	Picture	response	8769671	13137	1	3832	1	13100	25000	incorrect	922
33	510	Port Input	2	8773385	16851	1
33	510	Response	4	8773385	16851	1
33	511	Picture	ITI	8774503	0	1	28657	1	0	next	other	0
33	512	Sound	test	8792344	0	1			0		other	0
33	512	Picture	response	8803160	10816	1	6165	1	10700	25000	incorrect	927
33	512	Port Input	1	8809243	16899	1
33	512	Response	3	8809243	16899	1
33	513	Picture	ITI	8810324	0	1	26658	1	0	next	other	0
33	514	Sound	test	8825355	0	1			0		other	0
33	514	Picture	response	8836982	11626	1	5831	1	11450	25000	incorrect	932
33	514	Port Input	1	8842623	17267	1
33	514	Response	3	8842623	17267	1
33	515	Picture	ITI	8843646	0	1	31489	1	0	next	other	0
33	516	Sound	test	8862767	0	1			0		other	0
33	516	Picture	response	8875135	12368	1	5831	1	12250	25000	incorrect	937
33	516	Port Input	2	8880917	18150	1
33	516	Response	4	8880917	18150	1
33	517	Picture	ITI	8881966	0	1	30989	1	0	next	other	0
33	518	Sound	test	8898847	0	1			0		other	0
33	518	Picture	response	8912956	14108	1	7664	1	14020	25000	incorrect	942
33	518	Port Input	2	8920471	21624	1
33	518	Response	4	8920471	21624	1
33	519	Picture	ITI	8921619	0	1	35155	1	0	next	other	0
33	520	Sound	test	8941591	0	1			0		other	0
33	520	Picture	response	8956774	15183	1	4332	1	15000	25000	incorrect	947
33	520	Port Input	2	8960994	19403	1
33	520	Response	4	8960994	19403	1
33	521	Picture	ITI	8962106	0	1	24658	1	0	next	other	0
33	522	Sound	test	8972577	0	1			0		other	0
33	522	Picture	response	8986764	14187	1	8664	1	14020	25000	incorrect	952
33	522	Port Input	2	8995300	22724	1
33	522	Response	4	8995300	22724	1
33	523	Picture	ITI	8996427	0	1	27657	1	0	next	other	0
33	524	Sound	test	9011778	0	1			0		other	0
33	524	Picture	response	9024084	12306	1	11163	1	12250	25000	incorrect	957
33	524	Port Input	1	9035177	23399	1
33	524	Response	3	9035177	23399	1
33	525	Picture	ITI	9036247	0	1	25325	1	0	next	other	0
33	526	Sound	test	9049168	0	1			0		other	0
33	526	Picture	response	9061572	12403	1	7831	1	12250	25000	incorrect	962
33	526	Port Input	1	9069203	20035	1
33	526	Response	3	9069203	20035	1
33	527	Picture	ITI	9070235	0	1	21326	1	0	next	other	0
33	528	Sound	test	9080697	0	1			0		other	0
33	528	Picture	response	9091561	10865	1	5831	1	10700	25000	incorrect	967
33	528	Port Input	1	9097273	16576	1
33	528	Response	3	9097273	16576	1
33	529	Picture	ITI	9098392	0	1	29990	1	0	next	other	0
33	530	Sound	test	9115244	0	1			0		other	0
33	530	Picture	response	9128382	13138	1	5665	1	13100	25000	incorrect	972
33	530	Port Input	2	9133933	18689	1
33	530	Response	4	9133933	18689	1
33	531	Picture	ITI	9135046	0	1	28824	1	0	next	other	0
33	532	Sound	test	9150668	0	1			0		other	0
33	532	Picture	response	9163870	13202	1	4165	1	13100	25000	incorrect	977
33	532	Port Input	2	9167833	17166	1
33	532	Response	4	9167833	17166	1
33	533	Picture	ITI	9168868	0	1	33655	1	0	next	other	0
33	534	Sound	test	9187450	0	1			0		other	0
33	534	Picture	response	9202523	15074	1	3665	1	15000	25000	incorrect	982
33	534	Port Input	2	9206055	18605	1
33	534	Response	4	9206055	18605	1
33	535	Picture	ITI	9207189	0	1	20993	1	0	next	other	0
33	536	Sound	test	9218030	0	1			0		other	0
33	536	Picture	response	9228181	10152	1	4998	1	10000	25000	incorrect	987
33	536	Port Input	2	9233084	15054	1
33	536	Response	4	9233084	15054	1
33	537	Picture	ITI	9234179	0	1	24991	1	0	next	other	0
33	538	Sound	test	9244961	0	1			0		other	0
33	538	Picture	response	9259171	14210	1	3999	1	14020	25000	incorrect	992
33	538	Port Input	2	9263007	18046	1
33	538	Response	4	9263007	18046	1
33	539	Picture	ITI	9264002	0	1	32322	1	0	next	other	0
33	540	Sound	test	9282204	0	1			0		other	0
33	540	Picture	response	9296325	14121	1	4332	1	14020	25000	incorrect	997
33	540	Port Input	2	9300593	18390	1
33	540	Response	4	9300593	18390	1
33	541	Picture	ITI	9301656	0	1	24825	1	0	next	other	0
33	542	Sound	test	9315727	0	1			0		other	0
33	542	Picture	response	9326481	10754	1	8664	1	10700	25000	incorrect	1002
33	542	Port Input	1	9334983	19256	1
33	542	Response	3	9334983	19256	1
33	543	Picture	ITI	9335978	0	1	31989	1	0	next	other	0
33	544	Sound	test	9353869	0	1			0		other	0
33	544	Picture	response	9367967	14098	1	4332	1	14020	25000	incorrect	1007
33	544	Port Input	2	9372174	18305	1
33	544	Response	4	9372174	18305	1
33	545	Picture	ITI	9373298	0	1	32322	1	0	next	other	0
33	546	Sound	test	9392460	0	1			0		other	0
33	546	Picture	response	9405621	13161	1	4498	1	13100	25000	incorrect	1012
33	546	Port Input	2	9409948	17488	1
33	546	Response	4	9409948	17488	1
33	547	Picture	ITI	9410952	0	1	24825	1	0	next	other	0
33	548	Sound	test	9423383	0	2			0		other	0
33	548	Picture	response	9435777	12394	1	9164	1	12250	25000	incorrect	1017
33	548	Port Input	1	9444765	21381	1
33	548	Response	3	9444765	21381	1
33	549	Picture	ITI	9445940	0	1	28157	1	0	next	other	0
33	550	Sound	test	9458961	0	1			0		other	0
33	550	Picture	response	9474097	15136	1	3332	1	15000	25000	incorrect	1022
33	550	Port Input	2	9477385	18423	1
33	550	Response	4	9477385	18423	1
33	551	Picture	ITI	9478429	0	1	26824	1	0	next	other	0
33	552	Sound	test	9494400	0	1			0		other	0
33	552	Picture	response	9505253	10853	1	7331	1	10700	25000	incorrect	1027
33	552	Port Input	1	9512410	18009	1
33	552	Response	3	9512410	18009	1
33	553	Picture	ITI	9513417	0	1	24825	1	0	next	other	0
33	554	Sound	test	9528058	0	1			0		other	0
33	554	Picture	response	9538242	10184	1	8330	1	10000	25000	incorrect	1032
33	554	Port Input	1	9546498	18439	1
33	554	Response	3	9546498	18439	1
33	555	Picture	ITI	9547572	0	1	26491	1	0	next	other	0
33	556	Sound	test	9559854	0	1			0		other	0
33	556	Picture	response	9574063	14210	1	4665	1	14020	25000	incorrect	1037
33	556	Port Input	2	9578660	18806	1
33	556	Response	4	9578660	18806	1
33	557	Picture	ITI	9579728	0	1	27324	1	0	next	other	0
33	558	Sound	test	9596889	0	1			0		other	0
33	558	Picture	response	9607052	10163	1	6498	1	10000	25000	incorrect	1042
33	558	Port Input	1	9613372	16483	1
33	558	Response	3	9613372	16483	1
33	559	Picture	ITI	9614383	0	1	32989	1	0	next	other	0
33	560	Sound	test	9634144	0	1			0		other	0
33	560	Picture	response	9647372	13227	1	8330	1	13100	25000	incorrect	1047
33	560	Port Input	1	9655550	21406	1
33	560	Response	3	9655550	21406	1
33	561	Picture	ITI	9656702	0	1	23659	1	0	next	other	0
33	562	Sound	test	9669603	0	1			0		other	0
33	562	Picture	response	9680360	10757	1	6165	1	10700	25000	incorrect	1052
33	562	Port Input	1	9686463	16860	1
33	562	Response	3	9686463	16860	1
33	563	Picture	ITI	9687524	0	1	28324	1	0	next	other	0
33	564	Sound	test	9702716	0	1			0		other	0
33	564	Picture	response	9715848	13133	1	7164	1	13100	25000	incorrect	1057
33	564	Port Input	1	9722810	20094	1
33	564	Response	3	9722810	20094	1
33	565	Picture	ITI	9723845	0	1	27491	1	0	next	other	0
33	566	Sound	test	9741207	0	1			0		other	0
33	566	Picture	response	9751336	10129	1	7164	1	10000	25000	incorrect	1062
33	566	Port Input	1	9758314	17108	1
33	566	Response	3	9758314	17108	1
33	567	Picture	ITI	9759333	0	1	24492	1	0	next	other	0
33	568	Sound	test	9770655	0	1			0		other	0
33	568	Picture	response	9783825	13170	1	7664	1	13100	25000	incorrect	1067
33	568	Port Input	1	9791424	20769	1
33	568	Response	3	9791424	20769	1
33	569	Picture	ITI	9792489	0	1	24825	1	0	next	other	0
33	570	Sound	test	9806490	0	1			0		other	0
33	570	Picture	response	9817313	10824	1	6664	1	10700	25000	incorrect	1072
33	570	Port Input	1	9823846	17356	1
33	570	Response	3	9823846	17356	1
33	571	Picture	ITI	9824978	0	1	29323	1	0	next	other	0
33	572	Sound	test	9844269	0	1			0		other	0
33	572	Picture	response	9854301	10032	1	6664	1	10000	25000	incorrect	1077
33	572	Port Input	1	9860922	16653	1
33	572	Response	3	9860922	16653	1
33	573	Picture	ITI	9861965	0	1	26324	1	0	next	other	0
33	574	Sound	test	9875096	0	1			0		other	0
33	574	Picture	response	9888289	13193	1	3665	1	13100	25000	incorrect	1082
33	574	Port Input	2	9891834	16738	1
33	574	Response	4	9891834	16738	1
33	575	Picture	ITI	9892788	0	1	31489	1	0	next	other	0
33	576	Sound	test	9911979	0	1			0		other	0
33	576	Picture	response	9924277	12298	1	11163	1	12250	25000	incorrect	1087
33	576	Port Input	2	9935334	23355	1
33	576	Response	4	9935334	23355	1
33	577	Picture	ITI	9936273	0	1	24492	1	0	next	other	0
33	578	Sound	test	9949954	0	1			0		other	0
33	578	Picture	response	9960764	10810	1	7164	1	10700	25000	incorrect	1092
33	578	Port Input	1	9967882	17928	1
33	578	Response	3	9967882	17928	1
33	579	Picture	ITI	9968928	0	1	29657	1	0	next	other	0
33	580	Sound	test	9985430	0	1			0		other	0
33	580	Picture	response	9998585	13155	1	4332	1	13100	25000	incorrect	1097
33	580	Port Input	2	10002813	17383	1
33	580	Response	4	10002813	17383	1
33	581	Picture	ITI	10003916	0	1	26491	1	0	next	other	0
33	582	Sound	test	10015378	0	1			0		other	0
33	582	Picture	response	10030407	15029	1	4498	1	15000	25000	incorrect	1102
33	582	Port Input	2	10034819	19441	1
33	582	Response	4	10034819	19441	1
33	583	Picture	ITI	10035905	0	1	22992	1	0	next	other	0
33	584	Sound	test	10046547	0	1			0		other	0
33	584	Picture	response	10058898	12351	1	4165	1	12250	25000	incorrect	1107
33	584	Port Input	2	10062941	16394	1
33	584	Response	4	10062941	16394	1
33	585	Picture	ITI	10063896	0	1	26491	1	0	next	other	0
33	586	Sound	test	10079578	0	1			0		other	0
33	586	Picture	response	10090387	10809	1	10663	1	10700	25000	incorrect	1112
33	586	Port Input	1	10100975	21397	1
33	586	Response	3	10100975	21397	1
33	587	Picture	ITI	10102050	0	1	24325	1	0	next	other	0
33	588	Sound	test	10116301	0	1			0		other	0
33	588	Picture	response	10126375	10074	1	5665	1	10000	25000	incorrect	1117
33	588	Port Input	1	10131939	15638	1
33	588	Response	3	10131939	15638	1
33	589	Picture	ITI	10132872	0	1	32489	1	0	next	other	0
33	590	Sound	test	10151274	0	1			0		other	0
33	590	Picture	response	10165361	14088	1	4332	1	14020	25000	incorrect	1122
33	590	Port Input	2	10169630	18356	1
33	590	Response	4	10169630	18356	1
33	591	Picture	ITI	10170693	0	1	24325	1	0	next	other	0
33	592	Sound	test	10184954	0	1			0		other	0
33	592	Picture	response	10195018	10064	1	7664	1	10000	25000	incorrect	1127
33	592	Port Input	1	10202593	17639	1
33	592	Response	3	10202593	17639	1
33	593	Picture	ITI	10203682	0	1	22826	1	0	next	other	0
33	594	Sound	test	10214163	0	1			0		other	0
33	594	Picture	response	10226507	12344	1	3999	1	12250	25000	incorrect	1132
33	594	Port Input	2	10230361	16198	1
33	594	Response	4	10230361	16198	1
33	595	Picture	ITI	10231505	0	1	28990	1	0	next	other	0
33	596	Sound	test	10245447	0	1			0		other	0
33	596	Picture	response	10260495	15049	1	3332	1	15000	25000	incorrect	1137
33	596	Port Input	2	10263679	18232	1
33	596	Response	4	10263679	18232	1
33	597	Picture	ITI	10264827	0	1	33489	1	0	next	other	0
33	598	Sound	test	10283229	0	1			0		other	0
33	598	Picture	response	10298316	15087	1	4998	1	15000	25000	incorrect	1142
33	598	Port Input	2	10303129	19900	1
33	598	Response	4	10303129	19900	1
33	599	Picture	ITI	10304147	0	1	28657	1	0	next	other	0
33	600	Sound	test	10317679	0	1			0		other	0
33	600	Picture	response	10332804	15126	1	4498	1	15000	25000	incorrect	1147
33	600	Port Input	2	10337175	19497	1
33	600	Response	4	10337175	19497	1
33	601	Picture	ITI	10338302	0	1	28823	1	0	next	other	0
33	602	Sound	test	10354803	0	1			0		other	0
33	602	Picture	response	10367126	12322	1	11163	1	12250	25000	incorrect	1152
33	602	Port Input	2	10378145	23342	1
33	602	Response	4	10378145	23342	1
33	603	Picture	ITI	10379288	0	1	25491	1	0	next	other	0
33	604	Sound	test	10394669	0	1			0		other	0
33	604	Picture	response	10404779	10110	1	6998	1	10000	25000	incorrect	1157
33	604	Port Input	1	10411609	16939	1
33	604	Response	3	10411609	16939	1
33	605	Picture	ITI	10412610	0	1	26991	1	0	next	other	0
33	606	Sound	test	10427311	0	1			0		other	0
33	606	Picture	response	10439601	12290	1	4165	1	12250	25000	incorrect	1162
33	606	Port Input	1	10443635	16324	1
33	606	Response	3	10443635	16324	1
33	607	Picture	ITI	10444599	0	1	24825	1	0	next	other	0
33	608	Sound	test	10456140	0	1			0		other	0
33	608	Picture	response	10469424	13284	1	5498	1	13100	25000	incorrect	1167
33	608	Port Input	1	10474756	18616	1
33	608	Response	3	10474756	18616	1
33	609	Picture	ITI	10475922	0	1	29823	1	0	next	other	0
33	610	Sound	test	10495683	0	1			0		other	0
33	610	Picture	response	10505745	10062	1	6831	1	10000	25000	incorrect	1172
33	610	Port Input	1	10512384	16701	1
33	610	Response	3	10512384	16701	1
33	611	Picture	ITI	10513409	0	1	29823	1	0	next	other	0
33	612	Sound	test	10532460	0	1			0		other	0
33	612	Picture	response	10543232	10772	1	5165	1	10700	25000	incorrect	1177
33	612	Port Input	1	10548304	15844	1
33	612	Response	3	10548304	15844	1
33	613	Picture	ITI	10549397	0	1	28824	1	0	next	other	0
33	614	Sound	test	10565928	0	1			0		other	0
33	614	Picture	response	10578220	12292	1	4998	1	12250	25000	incorrect	1182
33	614	Port Input	1	10583059	17131	1
33	614	Response	3	10583059	17131	1
33	615	Picture	ITI	10584218	0	1	33155	1	0	next	other	0
33	616	Sound	test	10602299	0	1			0		other	0
33	616	Picture	response	10617374	15074	1	3832	1	15000	25000	incorrect	1187
33	616	Port Input	2	10621155	18856	1
33	616	Response	4	10621155	18856	1
33	617	Picture	ITI	10622205	0	1	26824	1	0	next	other	0
33	618	Sound	test	10633936	0	1			0		other	0
33	618	Picture	response	10649029	15093	1	4498	1	15000	25000	incorrect	1192
33	618	Port Input	2	10653401	19464	1
33	618	Response	4	10653401	19464	1
33	619	Picture	ITI	10654361	0	1	30989	1	0	next	other	0
33	620	Sound	test	10672152	0	1			0		other	0
33	620	Picture	response	10685350	13198	1	7497	1	13100	25000	incorrect	1197
33	620	Port Input	1	10692788	20636	1
33	620	Response	3	10692788	20636	1
33	621	Picture	ITI	10693847	0	1	24825	1	0	next	other	0
33	622	Sound	test	10706379	0	1			0		other	0
33	622	Picture	response	10718672	12294	1	7997	1	12250	25000	incorrect	1202
33	622	Port Input	2	10726491	20112	1
33	622	Response	4	10726491	20112	1
33	623	Picture	ITI	10727503	0	1	24492	1	0	next	other	0
33	624	Sound	test	10741264	0	1			0		other	0
33	624	Picture	response	10751994	10730	1	6331	1	10700	25000	incorrect	1207
33	624	Port Input	1	10758174	16910	1
33	624	Response	3	10758174	16910	1
33	625	Picture	ITI	10759325	0	1	30490	1	0	next	other	0
33	626	Sound	test	10778236	0	1			0		other	0
33	626	Picture	response	10789815	11578	1	5332	1	11450	25000	incorrect	1212
33	626	Port Input	1	10795011	16774	1
33	626	Response	3	10795011	16774	1
33	627	Picture	ITI	10795979	0	1	29823	1	0	next	other	0
33	628	Sound	test	10815650	0	1			0		other	0
33	628	Picture	response	10825802	10152	1	6998	1	10000	25000	incorrect	1217
33	628	Port Input	1	10832732	17082	1
33	628	Response	3	10832732	17082	1
33	629	Picture	ITI	10833800	0	1	25824	1	0	next	other	0
33	630	Sound	test	10844501	0	1			0		other	0
33	630	Picture	response	10859624	15123	1	4332	1	15000	25000	incorrect	1222
33	630	Port Input	2	10863863	19362	1
33	630	Response	4	10863863	19362	1
33	631	Picture	ITI	10864956	0	1	30656	1	0	next	other	0
33	632	Sound	test	10884077	0	1			0		other	0
33	632	Picture	response	10895612	11535	1	7331	1	11450	25000	incorrect	1227
33	632	Port Input	1	10902741	18664	1
33	632	Response	3	10902741	18664	1
33	633	Picture	ITI	10903776	0	1	23825	1	0	next	other	0
33	634	Sound	test	10917477	0	1			0		other	0
33	634	Picture	response	10927601	10124	1	7997	1	10000	25000	incorrect	1232
33	634	Port Input	1	10935402	17925	1
33	634	Response	3	10935402	17925	1
33	635	Picture	ITI	10936431	0	1	24158	1	0	next	other	0
33	636	Sound	test	10950482	0	1			0		other	0
33	636	Picture	response	10960590	10107	1	12829	1	10000	25000	incorrect	1237
33	636	Port Input	1	10973311	22829	1
33	636	Response	3	10973311	22829	1
33	637	Picture	ITI	10974418	0	1	26824	1	0	next	other	0
33	638	Sound	test	10990450	0	1			0		other	0
33	638	Picture	response	11001242	10793	1	6331	1	10700	25000	incorrect	1242
33	638	Port Input	1	11007472	17023	1
33	638	Response	3	11007472	17023	1
33	639	Picture	ITI	11008573	0	1	29323	1	0	next	other	0
33	640	Sound	test	11026275	0	1			0		other	0
33	640	Picture	response	11037897	11622	1	8331	1	11450	25000	incorrect	1247
33	640	Port Input	1	11046173	19898	1
33	640	Response	3	11046173	19898	1
33	641	Picture	ITI	11047227	0	1	33988	1	0	next	other	0
33	642	Sound	test	11067078	0	1			0		other	0
33	642	Picture	response	11081215	14137	1	10330	1	14020	25000	incorrect	1252
33	642	Port Input	2	11091474	24396	1
33	642	Response	4	11091474	24396	1
33	643	Picture	ITI	11092545	0	1	29157	1	0	next	other	0
33	644	Sound	test	11110136	0	1			0		other	0
33	644	Picture	response	11121701	11565	1	11163	1	11450	25000	incorrect	1257
33	644	Port Input	2	11132705	22569	1
33	644	Response	4	11132705	22569	1
33	645	Picture	ITI	11133697	0	1	32322	1	0	next	other	0
33	646	Sound	test	11152878	0	1			0		other	0
33	646	Picture	response	11166020	13141	1	9330	1	13100	25000	incorrect	1262
33	646	Port Input	2	11175143	22264	1
33	646	Response	4	11175143	22264	1
33	647	Picture	ITI	11176183	0	1	23659	1	0	next	other	0
33	648	Sound	test	11187544	0	1			0		other	0
33	648	Picture	response	11199841	12297	1	5831	1	12250	25000	incorrect	1267
33	648	Port Input	2	11205514	17970	1
33	648	Response	4	11205514	17970	1
33	649	Picture	ITI	11206506	0	1	22992	1	0	next	other	0
33	650	Sound	test	11219327	0	1			0		other	0
33	650	Picture	response	11229498	10171	1	8664	1	10000	25000	incorrect	1272
33	650	Port Input	1	11238051	18724	1
33	650	Response	3	11238051	18724	1
33	651	Picture	ITI	11239161	0	1	24492	1	0	next	other	0
33	652	Sound	test	11252172	0	1			0		other	0
33	652	Picture	response	11263653	11480	1	6831	1	11450	25000	incorrect	1277
33	652	Port Input	1	11270337	18165	1
33	652	Response	3	11270337	18165	1
33	653	Picture	ITI	11271484	0	1	20326	1	0	next	other	0
33	654	Sound	test	11281685	0	1			0		other	0
33	654	Picture	response	11291810	10125	1	5665	1	10000	25000	incorrect	1282
33	654	Port Input	1	11297397	15713	1
33	654	Response	3	11297397	15713	1
33	655	Picture	ITI	11298474	0	1	31822	1	0	next	other	0
33	656	Sound	test	11315215	0	1			0		other	0
33	656	Picture	response	11330297	15081	1	5831	1	15000	25000	incorrect	1287
33	656	Port Input	1	11336046	20830	1
33	656	Response	3	11336046	20830	1
33	657	Picture	ITI	11337128	0	1	28657	1	0	next	other	0
33	658	Sound	test	11354259	0	1			0		other	0
33	658	Picture	response	11365785	11526	1	5998	1	11450	25000	incorrect	1292
33	658	Port Input	1	11371654	17395	1
33	658	Response	3	11371654	17395	1
33	659	Picture	ITI	11372782	0	1	27324	1	0	next	other	0
33	660	Sound	test	11388473	0	1			0		other	0
33	660	Picture	response	11400106	11633	1	13662	1	11450	25000	incorrect	1297
33	660	Port Input	1	11413582	25109	1
33	660	Response	3	11413582	25109	1
33	661	Picture	ITI	11414601	0	1	29823	1	0	next	other	0
33	662	Sound	test	11434303	0	1			0		other	0
33	662	Picture	response	11444424	10122	1	7997	1	10000	25000	incorrect	1302
33	662	Port Input	1	11452314	18011	1
33	662	Response	3	11452314	18011	1
33	663	Picture	ITI	11453255	0	1	32822	1	0	next	other	0
33	664	Sound	test	11471016	0	1			0		other	0
33	664	Picture	response	11486077	15061	1	7497	1	15000	25000	incorrect	1307
33	664	Port Input	1	11493430	22414	1
33	664	Response	3	11493430	22414	1
33	665	Picture	ITI	11494574	0	1	22992	1	0	next	other	0
33	666	Sound	test	11506025	0	1			0		other	0
33	666	Picture	response	11517566	11541	1	5498	1	11450	25000	incorrect	1312
33	666	Port Input	2	11522874	16849	1
33	666	Response	4	11522874	16849	1
33	667	Picture	ITI	11523897	0	1	29323	1	0	next	other	0
33	668	Sound	test	11540069	0	1			0		other	0
33	668	Picture	response	11553221	13152	1	8997	1	13100	25000	incorrect	1317
33	668	Port Input	1	11562053	21985	1
33	668	Response	3	11562053	21985	1
33	669	Picture	ITI	11563051	0	1	20826	1	0	next	other	0
33	670	Sound	test	11573122	0	1			0		other	0
33	670	Picture	response	11583877	10755	1	6498	1	10700	25000	incorrect	1322
33	670	Port Input	1	11590186	17064	1
33	670	Response	3	11590186	17064	1
33	671	Picture	ITI	11591208	0	1	30490	1	0	next	other	0
33	672	Sound	test	11609419	0	1			0		other	0
33	672	Picture	response	11621697	12278	1	6165	1	12250	25000	incorrect	1327
33	672	Port Input	1	11627689	18270	1
33	672	Response	3	11627689	18270	1
33	673	Picture	ITI	11628695	0	1	20160	1	0	next	other	0
33	674	Picture	Instruction	11648855	0	1	1939130	1	0	next	other	0
33	674	Port Input	2	11764325	115470	1
33	674	Response	4	11764325	115470	1
33	674	Quit		13582359	1933504	NA


{
   "app": "Presentation Version 20.2 Build 07.25.18",
   "device": "LENOVO 10A8S1PC00",
   "experiment": "{772213B2-5F0F-4A35-9C2F-36954700C7EA}",
   "os": "Windows 7 64 bit",
   "package": "",
   "parameters": {
      "configuration": "Default configuration"
   },
   "scenario": "Timing Task with Dynanometer.sce",
   "subject": "33",
   "timestamp": "2019/03/09 10:29:22 GMT"
}
