Scenario - Timing Task
Logfile written - 03/08/2019 09:58:52

Subject	Trial	Event Type	Code	Time	TTime	Uncertainty	Duration	Uncertainty	ReqTime	ReqDur	Stim Type	Pair Index

34	1	Picture	Instruction	500	0	1	116793	1	0	next	other	0
34	1	Response	1	112109	111609	0
34	2	Picture	ITI	117293	0	1	10496	1	0	next	other	0
34	3	Sound	Stimuli	127302	0	390			0		other	0
34	4	Picture	Feedback	157613	0	1	20160	1	0	next	other	0
34	5	Picture	ITI	177772	0	1	10163	1	0	next	other	0
34	6	Sound	Stimuli	187774	0	1			0		other	0
34	7	Picture	Feedback	222924	0	1	20160	1	0	next	other	0
34	8	Picture	ITI	243083	0	1	10163	1	0	next	other	0
34	9	Sound	Stimuli	253085	0	2			0		other	0
34	10	Picture	Feedback	283236	0	1	20160	1	0	next	other	0
34	11	Picture	ITI	303396	0	1	10163	1	0	next	other	0
34	12	Sound	Stimuli	313397	0	1			0		other	0
34	13	Picture	Feedback	348547	0	1	20160	1	0	next	other	0
34	14	Picture	ITI	368707	0	1	10163	1	0	next	other	0
34	15	Sound	Stimuli	378708	0	1			0		other	0
34	16	Picture	Feedback	408694	0	1	20160	1	0	next	other	0
34	17	Picture	ITI	428853	0	1	10163	1	0	next	other	0
34	18	Sound	Stimuli	438855	0	1			0		other	0
34	19	Picture	Feedback	474005	0	1	20160	1	0	next	other	0
34	20	Picture	ITI	494164	0	1	10163	1	0	next	other	0
34	21	Sound	Stimuli	504166	0	1			0		other	0
34	22	Picture	Feedback	534317	0	1	20160	1	0	next	other	0
34	23	Picture	ITI	554477	0	1	10163	1	0	next	other	0
34	24	Sound	Stimuli	564478	0	1			0		other	0
34	25	Picture	Feedback	599628	0	1	20160	1	0	next	other	0
34	26	Picture	ITI	619788	0	1	10163	1	0	next	other	0
34	27	Sound	Stimuli	629789	0	1			0		other	0
34	28	Picture	Feedback	659941	0	1	20160	1	0	next	other	0
34	29	Picture	ITI	680101	0	1	10163	1	0	next	other	0
34	30	Sound	Stimuli	690102	0	1			0		other	0
34	31	Picture	Feedback	725085	0	1	20160	1	0	next	other	0
34	32	Picture	End_Block	745245	0	1	63145	1	0	next	other	0
34	32	Response	1	808260	63015	0
34	33	Picture	ITI	808390	0	1	10163	1	0	next	other	0
34	34	Picture	Break	818554	0	1	16494	1	0	next	other	0
34	34	Response	1	834980	16427	0
34	35	Picture	ITI	835048	0	1	10163	1	0	next	other	0
34	36	Picture	Instruction	845211	0	1	40153	1	0	next	other	0
34	36	Response	1	880179	34968	0
34	37	Picture	ITI	885364	0	1	20493	1	0	next	other	0
34	38	Sound	Practice	895746	0	1			0		other	0
34	38	Picture	response	905857	10112	1	12496	1	10000	25000	hit	45
34	38	Port Input	2	918227	22482	1
34	38	Response	4	918227	22482	1
34	39	Picture	ITI	928349	0	1	27990	1	0	next	other	0
34	40	Sound	Practice	946151	0	1			0		other	0
34	40	Picture	response	956340	10189	1	23325	1	10000	25000	hit	50
34	40	Port Input	2	979488	33337	1
34	40	Response	4	979488	33337	1
34	41	Picture	ITI	989662	0	1	20993	1	0	next	other	0
34	42	Sound	Practice	1000583	0	1			0		other	0
34	42	Picture	response	1010655	10071	1	6831	1	10000	25000	hit	55
34	42	Port Input	2	1017375	16792	1
34	42	Response	4	1017375	16792	1
34	43	Picture	ITI	1027482	0	1	26491	1	0	next	other	0
34	44	Sound	Practice	1043814	0	1			0		other	0
34	44	Picture	response	1053973	10160	1	7997	1	10000	25000	hit	60
34	44	Port Input	2	1061843	18029	1
34	44	Response	4	1061843	18029	1
34	45	Picture	ITI	1071967	0	1	20160	1	0	next	other	0
34	46	Sound	Practice	1082098	0	1			0		other	0
34	46	Picture	response	1092127	10028	1	6664	1	10000	25000	hit	65
34	46	Port Input	2	1098616	16518	1
34	46	Response	4	1098616	16518	1
34	47	Picture	ITI	1108788	0	1	34488	1	0	next	other	0
34	48	Sound	Practice	1128159	0	1			0		other	0
34	48	Picture	response	1143276	15117	1	5498	1	15000	25000	hit	70
34	48	Port Input	1	1148643	20484	1
34	48	Response	3	1148643	20484	1
34	49	Picture	ITI	1158771	0	1	24325	1	0	next	other	0
34	50	Sound	Practice	1173042	0	1			0		other	0
34	50	Picture	response	1183096	10053	1	7831	1	10000	25000	hit	75
34	50	Port Input	2	1190778	17736	1
34	50	Response	4	1190778	17736	1
34	51	Picture	ITI	1200923	0	1	22659	1	0	next	other	0
34	52	Sound	Practice	1213454	0	1			0		other	0
34	52	Picture	response	1223582	10128	1	5831	1	10000	25000	hit	80
34	52	Port Input	2	1229321	15867	1
34	52	Response	4	1229321	15867	1
34	53	Picture	ITI	1239410	0	1	26991	1	0	next	other	0
34	54	Sound	Practice	1251311	0	1			0		other	0
34	54	Picture	response	1266401	15089	1	3332	1	15000	25000	hit	85
34	54	Port Input	1	1269572	18261	1
34	54	Response	3	1269572	18261	1
34	55	Picture	ITI	1279729	0	1	29323	1	0	next	other	0
34	56	Sound	Practice	1293881	0	1			0		other	0
34	56	Picture	response	1309053	15172	1	4165	1	15000	25000	hit	90
34	56	Port Input	1	1313175	19294	1
34	56	Response	3	1313175	19294	1
34	57	Picture	ITI	1323215	0	1	25158	1	0	next	other	0
34	58	Sound	Practice	1333346	0	1			0		other	0
34	58	Picture	response	1348373	15027	1	4332	1	15000	25000	hit	95
34	58	Port Input	1	1352530	19185	1
34	58	Response	3	1352530	19185	1
34	59	Picture	ITI	1362701	0	1	31656	1	0	next	other	0
34	60	Sound	Practice	1379192	0	1			0		other	0
34	60	Picture	response	1394357	15164	1	3665	1	15000	25000	hit	100
34	60	Port Input	1	1397924	18732	1
34	60	Response	3	1397924	18732	1
34	61	Picture	ITI	1408019	0	1	33822	1	0	next	other	0
34	62	Sound	Practice	1426720	0	1			0		other	0
34	62	Picture	response	1441841	15120	1	5498	1	15000	25000	hit	105
34	62	Port Input	1	1447160	20440	1
34	62	Response	3	1447160	20440	1
34	63	Picture	ITI	1457335	0	1	26158	1	0	next	other	0
34	64	Sound	Practice	1473427	0	1			0		other	0
34	64	Picture	response	1483493	10066	1	5831	1	10000	25000	hit	110
34	64	Port Input	2	1489181	15754	1
34	64	Response	4	1489181	15754	1
34	65	Picture	ITI	1499321	0	1	28157	1	0	next	other	0
34	66	Sound	Practice	1517402	0	1			0		other	0
34	66	Picture	response	1527478	10076	1	9330	1	10000	25000	hit	115
34	66	Port Input	2	1536730	19327	1
34	66	Response	4	1536730	19327	1
34	67	Picture	ITI	1546805	0	1	33322	1	0	next	other	0
34	68	Sound	Practice	1565076	0	1			0		other	0
34	68	Picture	response	1580127	15051	1	13329	1	15000	25000	incorrect	120
34	68	Port Input	2	1593285	28209	1
34	68	Response	4	1593285	28209	1
34	69	Picture	ITI	1603452	0	1	27824	1	0	next	other	0
34	70	Sound	Practice	1616164	0	1			0		other	0
34	70	Picture	response	1631276	15112	1	3665	1	15000	25000	hit	125
34	70	Port Input	1	1634837	18673	1
34	70	Response	3	1634837	18673	1
34	71	Picture	ITI	1644938	0	1	28490	1	0	next	other	0
34	72	Sound	Practice	1663309	0	1			0		other	0
34	72	Picture	response	1673428	10119	1	5332	1	10000	25000	hit	130
34	72	Port Input	2	1678659	15349	1
34	72	Response	4	1678659	15349	1
34	73	Picture	ITI	1688756	0	1	22992	1	0	next	other	0
34	74	Sound	Practice	1701578	0	1			0		other	0
34	74	Picture	response	1711748	10171	1	20826	1	10000	25000	hit	135
34	74	Port Input	2	1732434	30856	1
34	74	Response	4	1732434	30856	1
34	75	Picture	ITI	1742571	0	1	21493	1	0	next	other	0
34	76	Sound	Practice	1753953	0	1			0		other	0
34	76	Picture	response	1764064	10111	1	5831	1	10000	25000	hit	140
34	76	Port Input	2	1769853	15900	1
34	76	Response	4	1769853	15900	1
34	77	Picture	ITI	1779892	0	1	27324	1	0	next	other	0
34	78	Sound	Practice	1797043	0	1			0		other	0
34	78	Picture	response	1807216	10173	1	6998	1	10000	25000	hit	145
34	78	Port Input	2	1814060	17016	1
34	78	Response	4	1814060	17016	1
34	79	Picture	ITI	1824210	0	1	29823	1	0	next	other	0
34	80	Sound	Practice	1838941	0	1			0		other	0
34	80	Picture	response	1854033	15092	1	6998	1	15000	25000	incorrect	150
34	80	Port Input	2	1860974	22032	1
34	80	Response	4	1860974	22032	1
34	81	Picture	ITI	1871027	0	1	25658	1	0	next	other	0
34	82	Sound	Practice	1886599	0	1			0		other	0
34	82	Picture	response	1896685	10086	1	6664	1	10000	25000	hit	155
34	82	Port Input	2	1903161	16562	1
34	82	Response	4	1903161	16562	1
34	83	Picture	ITI	1913346	0	1	23992	1	0	next	other	0
34	84	Sound	Practice	1927198	0	1			0		other	0
34	84	Picture	response	1937338	10140	1	8164	1	10000	25000	hit	160
34	84	Port Input	2	1945338	18140	1
34	84	Response	4	1945338	18140	1
34	85	Picture	ITI	1955499	0	1	29490	1	0	next	other	0
34	86	Sound	Practice	1974920	0	1			0		other	0
34	86	Picture	response	1984989	10069	1	12163	1	10000	25000	hit	165
34	86	Port Input	2	1997020	22100	1
34	86	Response	4	1997020	22100	1
34	87	Picture	Break	2007148	0	1	16494	1	0	next	other	0
34	87	Response	1	2023525	16377	0
34	88	Picture	Instruction	2023642	0	1	422189	1	0	next	other	0
34	88	Response	1	2445760	422118	0
34	89	Picture	ITI	2445831	0	1	15161	1	0	next	other	0
34	90	Picture	ITI	2460993	0	1	24991	1	0	next	other	0
34	91	Sound	test	2475174	0	1			0		other	0
34	91	Picture	response	2485984	10810	1	8331	1	10700	25000	incorrect	175
34	91	Port Input	2	2494240	19066	1
34	91	Response	4	2494240	19066	1
34	92	Picture	ITI	2495314	0	1	26824	1	0	next	other	0
34	93	Sound	test	2506946	0	1			0		other	0
34	93	Picture	response	2522138	15193	1	1666	1	15000	25000	incorrect	180
34	93	Port Input	1	2523694	16748	1
34	93	Response	3	2523694	16748	1
34	94	Picture	ITI	2524804	0	1	34821	1	0	next	other	0
34	95	Sound	test	2544585	0	1			0		other	0
34	95	Picture	response	2559626	15040	1	7664	1	15000	25000	incorrect	185
34	95	Port Input	1	2567089	22503	1
34	95	Response	3	2567089	22503	1
34	96	Picture	ITI	2568123	0	1	26324	1	0	next	other	0
34	97	Sound	test	2584314	0	1			0		other	0
34	97	Picture	response	2594447	10133	1	4498	1	10000	25000	incorrect	190
34	97	Port Input	2	2598792	14478	1
34	97	Response	4	2598792	14478	1
34	98	Picture	ITI	2599779	0	1	25491	1	0	next	other	0
34	99	Sound	test	2613650	0	1			0		other	0
34	99	Picture	response	2625270	11620	1	5498	1	11450	25000	incorrect	195
34	99	Port Input	2	2630692	17043	1
34	99	Response	4	2630692	17043	1
34	100	Picture	ITI	2631768	0	1	20993	1	0	next	other	0
34	101	Sound	test	2641999	0	1			0		other	0
34	101	Picture	response	2652760	10762	1	4332	1	10700	25000	incorrect	200
34	101	Port Input	2	2657002	15003	1
34	101	Response	4	2657002	15003	1
34	102	Picture	ITI	2658092	0	1	31656	1	0	next	other	0
34	103	Sound	test	2676603	0	1			0		other	0
34	103	Picture	response	2689748	13145	1	3999	1	13100	25000	incorrect	205
34	103	Port Input	1	2693609	17006	1
34	103	Response	3	2693609	17006	1
34	104	Picture	ITI	2694580	0	1	24991	1	0	next	other	0
34	105	Sound	test	2705361	0	1			0		other	0
34	105	Picture	response	2719571	14210	1	4998	1	14020	25000	incorrect	210
34	105	Port Input	1	2724458	19097	1
34	105	Response	3	2724458	19097	1
34	106	Picture	ITI	2725569	0	1	26991	1	0	next	other	0
34	107	Sound	test	2740150	0	1			0		other	0
34	107	Picture	response	2752560	12410	1	6831	1	12250	25000	incorrect	215
34	107	Port Input	2	2759232	19082	1
34	107	Response	4	2759232	19082	1
34	108	Picture	ITI	2760390	0	1	29490	1	0	next	other	0
34	109	Sound	test	2778992	0	1			0		other	0
34	109	Picture	response	2789880	10889	1	5831	1	10700	25000	incorrect	220
34	109	Port Input	2	2795526	16535	1
34	109	Response	4	2795526	16535	1
34	110	Picture	ITI	2796711	0	1	23992	1	0	next	other	0
34	111	Sound	test	2809143	0	1			0		other	0
34	111	Picture	response	2820703	11561	1	6331	1	11450	25000	incorrect	225
34	111	Port Input	2	2826938	17795	1
34	111	Response	4	2826938	17795	1
34	112	Picture	ITI	2828034	0	1	34821	1	0	next	other	0
34	113	Sound	test	2847756	0	1			0		other	0
34	113	Picture	response	2862855	15100	1	9830	1	15000	25000	incorrect	230
34	113	Port Input	1	2872634	24878	1
34	113	Response	3	2872634	24878	1
34	114	Picture	ITI	2873685	0	1	26824	1	0	next	other	0
34	115	Sound	test	2889636	0	1			0		other	0
34	115	Picture	response	2900509	10873	1	7164	1	10700	25000	incorrect	235
34	115	Port Input	2	2907616	17980	1
34	115	Response	4	2907616	17980	1
34	116	Picture	ITI	2908673	0	1	33988	1	0	next	other	0
34	117	Sound	test	2927594	0	1			0		other	0
34	117	Picture	response	2942661	15067	1	6331	1	15000	25000	incorrect	240
34	117	Port Input	1	2948887	21293	1
34	117	Response	3	2948887	21293	1
34	118	Picture	ITI	2949992	0	1	32322	1	0	next	other	0
34	119	Sound	test	2967284	0	1			0		other	0
34	119	Picture	response	2982315	15031	1	6331	1	15000	25000	incorrect	245
34	119	Port Input	1	2988451	21167	1
34	119	Response	3	2988451	21167	1
34	120	Picture	ITI	2989479	0	1	26991	1	0	next	other	0
34	121	Sound	test	3005590	0	1			0		other	0
34	121	Picture	response	3016470	10880	1	5665	1	10700	25000	incorrect	250
34	121	Port Input	2	3022028	16438	1
34	121	Response	4	3022028	16438	1
34	122	Picture	ITI	3023134	0	1	32489	1	0	next	other	0
34	123	Sound	test	3040465	0	1			0		other	0
34	123	Picture	response	3055623	15158	1	9830	1	15000	25000	incorrect	255
34	123	Port Input	1	3065277	24812	1
34	123	Response	3	3065277	24812	1
34	124	Picture	ITI	3066286	0	1	24658	1	0	next	other	0
34	125	Sound	test	3078527	0	1			0		other	0
34	125	Picture	response	3090944	12417	1	8330	1	12250	25000	incorrect	260
34	125	Port Input	2	3099073	20545	1
34	125	Response	4	3099073	20545	1
34	126	Picture	ITI	3100108	0	1	32989	1	0	next	other	0
34	127	Sound	test	3117979	0	1			0		other	0
34	127	Picture	response	3133096	15117	1	15661	1	15000	25000	incorrect	265
34	127	Port Input	1	3148704	30725	1
34	127	Response	3	3148704	30725	1
34	128	Picture	ITI	3149757	0	1	30156	1	0	next	other	0
34	129	Sound	test	3164749	0	1			0		other	0
34	129	Picture	response	3179914	15165	1	21493	1	15000	25000	incorrect	270
34	129	Port Input	1	3201324	36575	1
34	129	Response	3	3201324	36575	1
34	130	Picture	ITI	3202406	0	1	30656	1	0	next	other	0
34	131	Sound	test	3218977	0	1			0		other	0
34	131	Picture	response	3233062	14085	1	7831	1	14020	25000	incorrect	275
34	131	Port Input	2	3240783	21806	1
34	131	Response	4	3240783	21806	1
34	132	Picture	ITI	3241893	0	1	29823	1	0	next	other	0
34	133	Sound	test	3261614	0	1			0		other	0
34	133	Picture	response	3271716	10102	1	4665	1	10000	25000	incorrect	280
34	133	Port Input	2	3276338	14724	1
34	133	Response	4	3276338	14724	1
34	134	Picture	ITI	3277380	0	1	27657	1	0	next	other	0
34	135	Sound	test	3290012	0	1			0		other	0
34	135	Picture	response	3305038	15026	1	14162	1	15000	25000	incorrect	285
34	135	Port Input	2	3319088	29076	1
34	135	Response	4	3319088	29076	1
34	136	Picture	ITI	3320199	0	1	23492	1	0	next	other	0
34	137	Sound	test	3332070	0	1			0		other	0
34	137	Picture	response	3343691	11621	1	6331	1	11450	25000	incorrect	290
34	137	Port Input	2	3349833	17762	1
34	137	Response	4	3349833	17762	1
34	138	Picture	ITI	3350855	0	1	26491	1	0	next	other	0
34	139	Sound	test	3365777	0	1			0		other	0
34	139	Picture	response	3377346	11570	1	5498	1	11450	25000	incorrect	295
34	139	Port Input	2	3382712	16935	1
34	139	Response	4	3382712	16935	1
34	140	Picture	ITI	3383677	0	1	32989	1	0	next	other	0
34	141	Sound	test	3401509	0	1			0		other	0
34	141	Picture	response	3416666	15157	1	6498	1	15000	25000	incorrect	300
34	141	Port Input	1	3423036	21527	1
34	141	Response	3	3423036	21527	1
34	142	Picture	ITI	3424164	0	1	30823	1	0	next	other	0
34	143	Sound	test	3439925	0	1			0		other	0
34	143	Picture	response	3454986	15062	1	18993	1	15000	25000	incorrect	305
34	143	Port Input	2	3473875	33950	1
34	143	Response	4	3473875	33950	1
34	144	Picture	ITI	3474980	0	1	27657	1	0	next	other	0
34	145	Sound	test	3491121	0	1			0		other	0
34	145	Picture	response	3502637	11516	1	7997	1	11450	25000	incorrect	310
34	145	Port Input	2	3510533	19413	1
34	145	Response	4	3510533	19413	1
34	146	Picture	ITI	3511634	0	1	33155	1	0	next	other	0
34	147	Sound	test	3530645	0	1			0		other	0
34	147	Picture	response	3544789	14144	1	7664	1	14020	25000	incorrect	315
34	147	Port Input	2	3552377	21732	1
34	147	Response	4	3552377	21732	1
34	148	Picture	ITI	3553453	0	1	25991	1	0	next	other	0
34	149	Sound	test	3569314	0	1			0		other	0
34	149	Picture	response	3579444	10130	1	5831	1	10000	25000	incorrect	320
34	149	Port Input	2	3585205	15891	1
34	149	Response	4	3585205	15891	1
34	150	Picture	ITI	3586275	0	1	26658	1	0	next	other	0
34	151	Sound	test	3599736	0	1			0		other	0
34	151	Picture	response	3612933	13196	1	25158	1	13100	25000	miss	0
34	152	Picture	ITI	3638257	0	1	25491	1	0	next	other	0
34	152	Port Input	2	3638834	577	1
34	152	Response	4	3638834	577	1
34	152	Port Input	2	3646622	8365	1
34	152	Response	4	3646622	8365	1
34	152	Port Input	2	3651265	13008	1
34	152	Response	4	3651265	13008	1
34	153	Sound	test	3652858	0	1			0		other	0
34	153	Picture	response	3663749	10890	1	7497	1	10700	25000	incorrect	334
34	153	Port Input	2	3671068	18209	1
34	153	Response	4	3671068	18209	1
34	154	Picture	ITI	3672079	0	1	30989	1	0	next	other	0
34	155	Sound	test	3690710	0	1			0		other	0
34	155	Picture	response	3703068	12358	1	4998	1	12250	25000	incorrect	339
34	155	Port Input	1	3707862	17151	1
34	155	Response	3	3707862	17151	1
34	156	Picture	ITI	3708900	0	1	22826	1	0	next	other	0
34	157	Sound	test	3721671	0	1			0		other	0
34	157	Picture	response	3731725	10054	1	6831	1	10000	25000	incorrect	344
34	157	Port Input	2	3738482	16811	1
34	157	Response	4	3738482	16811	1
34	158	Picture	ITI	3739556	0	1	26991	1	0	next	other	0
34	159	Sound	test	3755057	0	1			0		other	0
34	159	Picture	response	3766547	11490	1	6664	1	11450	25000	incorrect	349
34	159	Port Input	2	3773079	18022	1
34	159	Response	4	3773079	18022	1
34	160	Picture	ITI	3774044	0	1	28990	1	0	next	other	0
34	161	Sound	test	3792265	0	1			0		other	0
34	161	Picture	response	3803034	10769	1	6331	1	10700	25000	incorrect	354
34	161	Port Input	2	3809165	16900	1
34	161	Response	4	3809165	16900	1
34	162	Picture	ITI	3810198	0	1	26324	1	0	next	other	0
34	163	Sound	test	3823370	0	1			0		other	0
34	163	Picture	response	3836523	13153	1	5665	1	13100	25000	incorrect	359
34	163	Port Input	1	3841982	18613	1
34	163	Response	3	3841982	18613	1
34	164	Picture	ITI	3843021	0	1	31656	1	0	next	other	0
34	165	Sound	test	3862322	0	1			0		other	0
34	165	Picture	response	3874676	12355	1	15495	1	12250	25000	incorrect	364
34	165	Port Input	1	3890073	27751	1
34	165	Response	3	3890073	27751	1
34	166	Picture	ITI	3891171	0	1	22159	1	0	next	other	0
34	167	Sound	test	3902552	0	1			0		other	0
34	167	Picture	response	3913330	10778	1	4498	1	10700	25000	incorrect	369
34	167	Port Input	2	3917757	15205	1
34	167	Response	4	3917757	15205	1
34	168	Picture	ITI	3918828	0	1	28157	1	0	next	other	0
34	169	Sound	test	3932779	0	1			0		other	0
34	169	Picture	response	3946985	14206	1	6165	1	14020	25000	incorrect	374
34	169	Port Input	1	3953031	20252	1
34	169	Response	3	3953031	20252	1
34	170	Picture	ITI	3954149	0	1	20326	1	0	next	other	0
34	171	Sound	test	3964391	0	1			0		other	0
34	171	Picture	response	3974476	10085	1	4498	1	10000	25000	incorrect	379
34	171	Port Input	2	3978893	14503	1
34	171	Response	4	3978893	14503	1
34	172	Picture	ITI	3979974	0	1	31323	1	0	next	other	0
34	173	Sound	test	3999005	0	1			0		other	0
34	173	Picture	response	4011296	12291	1	7831	1	12250	25000	incorrect	384
34	173	Port Input	2	4019081	20076	1
34	173	Response	4	4019081	20076	1
34	174	Picture	ITI	4020127	0	1	24991	1	0	next	other	0
34	175	Sound	test	4035018	0	1			0		other	0
34	175	Picture	response	4045118	10100	1	7164	1	10000	25000	incorrect	389
34	175	Port Input	2	4052169	17151	1
34	175	Response	4	4052169	17151	1
34	176	Picture	ITI	4053282	0	1	31489	1	0	next	other	0
34	177	Sound	test	4069693	0	1			0		other	0
34	177	Picture	response	4084771	15078	1	5498	1	15000	25000	incorrect	394
34	177	Port Input	1	4090119	20425	1
34	177	Response	3	4090119	20425	1
34	178	Picture	ITI	4091269	0	1	28657	1	0	next	other	0
34	179	Sound	test	4107620	0	1			0		other	0
34	179	Picture	response	4119926	12306	1	5831	1	12250	25000	incorrect	399
34	179	Port Input	2	4125674	18054	1
34	179	Response	4	4125674	18054	1
34	180	Picture	ITI	4126757	0	1	23825	1	0	next	other	0
34	181	Sound	test	4137448	0	1			0		other	0
34	181	Picture	response	4150582	13134	1	8997	1	13100	25000	incorrect	404
34	181	Port Input	2	4159438	21990	1
34	181	Response	4	4159438	21990	1
34	182	Picture	ITI	4160579	0	1	28657	1	0	next	other	0
34	183	Sound	test	4174210	0	1			0		other	0
34	183	Picture	response	4189236	15026	1	6498	1	15000	25000	incorrect	409
34	183	Port Input	1	4195556	21346	1
34	183	Response	3	4195556	21346	1
34	184	Picture	ITI	4196567	0	1	26491	1	0	next	other	0
34	185	Sound	test	4211568	0	1			0		other	0
34	185	Picture	response	4223057	11490	1	7331	1	11450	25000	incorrect	414
34	185	Port Input	2	4230319	18752	1
34	185	Response	4	4230319	18752	1
34	186	Picture	ITI	4231388	0	1	27491	1	0	next	other	0
34	187	Sound	test	4248809	0	1			0		other	0
34	187	Picture	response	4258879	10069	1	6498	1	10000	25000	incorrect	419
34	187	Port Input	2	4265260	16451	1
34	187	Response	4	4265260	16451	1
34	188	Picture	ITI	4266376	0	1	29990	1	0	next	other	0
34	189	Sound	test	4284027	0	1			0		other	0
34	189	Picture	response	4296366	12339	1	24658	1	12250	25000	incorrect	424
34	189	Port Input	2	4320930	36903	1
34	189	Response	4	4320930	36903	1
34	190	Picture	ITI	4322024	0	1	29823	1	0	next	other	0
34	191	Sound	test	4338715	0	1			0		other	0
34	191	Picture	response	4351847	13132	1	15328	1	13100	25000	incorrect	429
34	191	Port Input	1	4367022	28307	1
34	191	Response	3	4367022	28307	1
34	192	Picture	ITI	4368175	0	1	29657	1	0	next	other	0
34	193	Sound	test	4386246	0	1			0		other	0
34	193	Picture	response	4397831	11585	1	5332	1	11450	25000	incorrect	434
34	193	Port Input	2	4403014	16768	1
34	193	Response	4	4403014	16768	1
34	194	Picture	ITI	4404162	0	1	30156	1	0	next	other	0
34	195	Sound	test	4423444	0	1			0		other	0
34	195	Picture	response	4434319	10875	1	5332	1	10700	25000	incorrect	439
34	195	Port Input	2	4439527	16084	1
34	195	Response	4	4439527	16084	1
34	196	Picture	ITI	4440650	0	1	24991	1	0	next	other	0
34	197	Sound	test	4455461	0	1			0		other	0
34	197	Picture	response	4465641	10180	1	9497	1	10000	25000	incorrect	444
34	197	Port Input	2	4474968	19507	1
34	197	Response	4	4474968	19507	1
34	198	Picture	ITI	4475971	0	1	25158	1	0	next	other	0
34	199	Sound	test	4489562	0	1			0		other	0
34	199	Picture	response	4501129	11567	1	4998	1	11450	25000	incorrect	449
34	199	Port Input	2	4505994	16432	1
34	199	Response	4	4505994	16432	1
34	200	Picture	ITI	4506960	0	1	32989	1	0	next	other	0
34	201	Sound	test	4525802	0	1			0		other	0
34	201	Picture	response	4539949	14148	1	4498	1	14020	25000	incorrect	454
34	201	Port Input	1	4544246	18444	1
34	201	Response	3	4544246	18444	1
34	202	Picture	ITI	4545281	0	1	24492	1	0	next	other	0
34	203	Sound	test	4556522	0	1			0		other	0
34	203	Picture	response	4569772	13250	1	7664	1	13100	25000	incorrect	459
34	203	Port Input	1	4577354	20832	1
34	203	Response	3	4577354	20832	1
34	204	Picture	ITI	4578436	0	1	32322	1	0	next	other	0
34	205	Sound	test	4598397	0	1			0		other	0
34	205	Picture	response	4610758	12361	1	5998	1	12250	25000	incorrect	464
34	205	Port Input	2	4616689	18292	1
34	205	Response	4	4616689	18292	1
34	206	Picture	ITI	4617756	0	1	29323	1	0	next	other	0
34	207	Sound	test	4632917	0	1			0		other	0
34	207	Picture	response	4647079	14162	1	5998	1	14020	25000	incorrect	469
34	207	Port Input	2	4652879	19962	1
34	207	Response	4	4652879	19962	1
34	208	Picture	ITI	4653910	0	1	33489	1	0	next	other	0
34	209	Sound	test	4673272	0	1			0		other	0
34	209	Picture	response	4687399	14127	1	15328	1	14020	25000	incorrect	474
34	209	Port Input	2	4702615	29343	1
34	209	Response	4	4702615	29343	1
34	210	Picture	ITI	4703727	0	1	33155	1	0	next	other	0
34	211	Sound	test	4722778	0	1			0		other	0
34	211	Picture	response	4736882	14104	1	16661	1	14020	25000	incorrect	479
34	211	Port Input	2	4753391	30613	1
34	211	Response	4	4753391	30613	1
34	212	Picture	ITI	4754376	0	1	28324	1	0	next	other	0
34	213	Sound	test	4768517	0	1			0		other	0
34	213	Picture	response	4782700	14182	1	4998	1	14020	25000	incorrect	484
34	213	Port Input	1	4787614	19097	1
34	213	Response	3	4787614	19097	1
34	214	Picture	ITI	4788698	0	1	26658	1	0	next	other	0
34	215	Sound	test	4803839	0	1			0		other	0
34	215	Picture	response	4815355	11516	1	20660	1	11450	25000	incorrect	489
34	215	Port Input	2	4835808	31970	1
34	215	Response	4	4835808	31970	1
34	216	Picture	ITI	4836848	0	1	29657	1	0	next	other	0
34	217	Sound	test	4856349	0	1			0		other	0
34	217	Picture	response	4866504	10155	1	8331	1	10000	25000	incorrect	494
34	217	Port Input	2	4874726	18377	1
34	217	Response	4	4874726	18377	1
34	218	Picture	ITI	4875835	0	1	25991	1	0	next	other	0
34	219	Sound	test	4890336	0	1			0		other	0
34	219	Picture	response	4901826	11490	1	23325	1	11450	25000	incorrect	499
34	219	Port Input	1	4925066	34730	1
34	219	Response	3	4925066	34730	1
34	220	Picture	ITI	4926151	0	1	23325	1	0	next	other	0
34	221	Sound	test	4939442	0	1			0		other	0
34	221	Picture	response	4949476	10034	1	7997	1	10000	25000	incorrect	504
34	221	Port Input	2	4957404	17962	1
34	221	Response	4	4957404	17962	1
34	222	Picture	ITI	4958473	0	1	25158	1	0	next	other	0
34	223	Sound	test	4973474	0	1			0		other	0
34	223	Picture	response	4983631	10157	1	12996	1	10000	25000	incorrect	509
34	223	Port Input	2	4996520	23046	1
34	223	Response	4	4996520	23046	1
34	224	Picture	ITI	4997626	0	1	27324	1	0	next	other	0
34	225	Sound	test	5014147	0	1			0		other	0
34	225	Picture	response	5024950	10803	1	7831	1	10700	25000	incorrect	514
34	225	Port Input	2	5032616	18469	1
34	225	Response	4	5032616	18469	1
34	226	Picture	ITI	5033781	0	1	29323	1	0	next	other	0
34	227	Sound	test	5052292	0	1			0		other	0
34	227	Picture	response	5063104	10812	1	10663	1	10700	25000	incorrect	519
34	227	Port Input	2	5073669	21377	1
34	227	Response	4	5073669	21377	1
34	228	Picture	ITI	5074767	0	1	27657	1	0	next	other	0
34	229	Sound	test	5089258	0	1			0		other	0
34	229	Picture	response	5102424	13166	1	7997	1	13100	25000	incorrect	524
34	229	Port Input	1	5110213	20955	1
34	229	Response	3	5110213	20955	1
34	230	Picture	ITI	5111254	0	1	33822	1	0	next	other	0
34	231	Sound	test	5130926	0	2			0		other	0
34	231	Picture	response	5145076	14150	1	4499	1	14020	25000	incorrect	529
34	231	Port Input	1	5149464	18538	1
34	231	Response	3	5149464	18538	1
34	232	Picture	ITI	5150574	0	1	26824	1	0	next	other	0
34	233	Sound	test	5167285	0	1			0		other	0
34	233	Picture	response	5177398	10113	1	7831	1	10000	25000	incorrect	534
34	233	Port Input	2	5185144	17859	1
34	233	Response	4	5185144	17859	1
34	234	Picture	ITI	5186229	0	1	29323	1	0	next	other	0
34	235	Sound	test	5202300	0	1			0		other	0
34	235	Picture	response	5215552	13252	1	13329	1	13100	25000	incorrect	539
34	235	Port Input	1	5228685	26385	1
34	235	Response	3	5228685	26385	1
34	236	Picture	ITI	5229714	0	1	25824	1	0	next	other	0
34	237	Sound	test	5245385	0	1			0		other	0
34	237	Picture	response	5255538	10153	1	10663	1	10000	25000	incorrect	544
34	237	Port Input	2	5266156	20771	1
34	237	Response	4	5266156	20771	1
34	238	Picture	ITI	5267201	0	1	25491	1	0	next	other	0
34	239	Sound	test	5280342	0	1			0		other	0
34	239	Picture	response	5292692	12350	1	13495	1	12250	25000	incorrect	549
34	239	Port Input	2	5306094	25752	1
34	239	Response	4	5306094	25752	1
34	240	Picture	ITI	5307187	0	1	21826	1	0	next	other	0
34	241	Sound	test	5317478	0	1			0		other	0
34	241	Picture	response	5329013	11535	1	8497	1	11450	25000	incorrect	554
34	241	Port Input	2	5337381	19902	1
34	241	Response	4	5337381	19902	1
34	242	Picture	ITI	5338343	0	1	28157	1	0	next	other	0
34	243	Sound	test	5356314	0	1			0		other	0
34	243	Picture	response	5366500	10186	1	3999	1	10000	25000	incorrect	559
34	243	Port Input	2	5370323	14008	1
34	243	Response	4	5370323	14008	1
34	244	Picture	ITI	5371332	0	1	34655	1	0	next	other	0
34	245	Sound	test	5390923	0	2			0		other	0
34	245	Picture	response	5405987	15064	1	10163	1	15000	25000	incorrect	564
34	245	Port Input	1	5416102	25179	1
34	245	Response	3	5416102	25179	1
34	246	Picture	ITI	5417150	0	1	30156	1	0	next	other	0
34	247	Sound	test	5432281	0	1			0		other	0
34	247	Picture	response	5447306	15025	1	12496	1	15000	25000	incorrect	569
34	247	Port Input	1	5459695	27414	1
34	247	Response	3	5459695	27414	1
34	248	Picture	ITI	5460801	0	1	20826	1	0	next	other	0
34	249	Sound	test	5471503	0	1			0		other	0
34	249	Picture	response	5481628	10125	1	7664	1	10000	25000	incorrect	574
34	249	Port Input	2	5489128	17625	1
34	249	Response	4	5489128	17625	1
34	250	Picture	ITI	5490125	0	1	27824	1	0	next	other	0
34	251	Sound	test	5507846	0	1			0		other	0
34	251	Picture	response	5517949	10103	1	16494	1	10000	25000	incorrect	579
34	251	Port Input	1	5534334	26488	1
34	251	Response	3	5534334	26488	1
34	252	Picture	ITI	5535443	0	1	24825	1	0	next	other	0
34	253	Sound	test	5548664	0	1			0		other	0
34	253	Picture	response	5560267	11604	1	9997	1	11450	25000	incorrect	584
34	253	Port Input	2	5570202	21538	1
34	253	Response	4	5570202	21538	1
34	254	Picture	ITI	5571264	0	1	28657	1	0	next	other	0
34	255	Sound	test	5587515	0	1			0		other	0
34	255	Picture	response	5599921	12406	1	25158	1	12250	25000	miss	0
34	256	Picture	ITI	5625245	0	1	24158	1	0	next	other	0
34	256	Port Input	1	5629568	4323	1
34	256	Response	3	5629568	4323	1
34	257	Sound	test	5635276	0	1			0		other	0
34	257	Port Input	1	5636471	1194	1
34	257	Picture	response	5649404	14127	1	15162	1	14020	25000	incorrect	595
34	257	Port Input	2	5664488	29212	1
34	257	Response	4	5664488	29212	1
34	258	Picture	ITI	5665565	0	1	33155	1	0	next	other	0
34	259	Sound	test	5684536	0	1			0		other	0
34	259	Picture	response	5698720	14184	1	8664	1	14020	25000	incorrect	600
34	259	Port Input	1	5707310	22774	1
34	259	Response	3	5707310	22774	1
34	260	Picture	ITI	5708383	0	1	25825	1	0	next	other	0
34	261	Sound	test	5720075	0	1			0		other	0
34	261	Picture	response	5734208	14133	1	12662	1	14020	25000	incorrect	605
34	261	Port Input	2	5746666	26591	1
34	261	Response	4	5746666	26591	1
34	262	Picture	ITI	5747703	0	1	26324	1	0	next	other	0
34	263	Sound	test	5758845	0	1			0		other	0
34	263	Picture	response	5774028	15183	1	6664	1	15000	25000	incorrect	610
34	263	Port Input	1	5780555	21711	1
34	263	Response	3	5780555	21711	1
34	264	Picture	ITI	5781525	0	1	25325	1	0	next	other	0
34	265	Sound	test	5792656	0	1			0		other	0
34	265	Picture	response	5806850	14193	1	14328	1	14020	25000	incorrect	615
34	265	Port Input	1	5821066	28410	1
34	265	Response	3	5821066	28410	1
34	266	Picture	ITI	5822011	0	1	27657	1	0	next	other	0
34	267	Sound	test	5836483	0	1			0		other	0
34	267	Picture	response	5849669	13186	1	9997	1	13100	25000	incorrect	620
34	267	Port Input	2	5859620	23137	1
34	267	Response	4	5859620	23137	1
34	268	Picture	ITI	5860665	0	1	25825	1	0	next	other	0
34	269	Sound	test	5871406	0	1			0		other	0
34	269	Picture	response	5886489	15083	1	8664	1	15000	25000	incorrect	625
34	269	Port Input	2	5895019	23613	1
34	269	Response	4	5895019	23613	1
34	270	Picture	ITI	5896153	0	1	25491	1	0	next	other	0
34	271	Sound	test	5910784	0	1			0		other	0
34	271	Picture	response	5921644	10860	1	8497	1	10700	25000	incorrect	630
34	271	Port Input	2	5930022	19238	1
34	271	Response	4	5930022	19238	1
34	272	Picture	ITI	5931141	0	1	23159	1	0	next	other	0
34	273	Sound	test	5941882	0	1			0		other	0
34	273	Picture	response	5954300	12418	1	10163	1	12250	25000	incorrect	635
34	273	Port Input	1	5964307	22425	1
34	273	Response	3	5964307	22425	1
34	274	Picture	ITI	5965462	0	1	21326	1	0	next	other	0
34	275	Sound	test	5976674	0	1			0		other	0
34	275	Picture	response	5986788	10115	1	9330	1	10000	25000	incorrect	640
34	275	Port Input	2	5995916	19243	1
34	275	Response	4	5995916	19243	1
34	276	Picture	ITI	5996952	0	1	27824	1	0	next	other	0
34	277	Sound	test	6011643	0	1			0		other	0
34	277	Picture	response	6024775	13133	1	16161	1	13100	25000	incorrect	645
34	277	Port Input	1	6040894	29251	1
34	277	Response	3	6040894	29251	1
34	278	Picture	ITI	6041936	0	1	29490	1	0	next	other	0
34	279	Sound	test	6058227	0	1			0		other	0
34	279	Picture	response	6071426	13199	1	25158	1	13100	25000	miss	0
34	280	Picture	ITI	6096751	0	1	25325	1	0	next	other	0
34	280	Port Input	2	6098354	1604	1
34	280	Response	4	6098354	1604	1
34	281	Sound	test	6108812	0	1			0		other	0
34	281	Picture	response	6122076	13264	1	11496	1	13100	25000	incorrect	655
34	281	Port Input	2	6133410	24598	1
34	281	Response	4	6133410	24598	1
34	282	Picture	ITI	6134405	0	1	21159	1	0	next	other	0
34	283	Sound	test	6145426	0	1			0		other	0
34	283	Picture	response	6155564	10138	1	8997	1	10000	25000	incorrect	660
34	283	Port Input	2	6164519	19093	1
34	283	Response	4	6164519	19093	1
34	284	Picture	ITI	6165561	0	1	24991	1	0	next	other	0
34	285	Sound	test	6178162	0	1			0		other	0
34	285	Picture	response	6190552	12390	1	18161	1	12250	25000	incorrect	665
34	285	Port Input	1	6208539	30377	1
34	285	Response	3	6208539	30377	1
34	286	Picture	ITI	6209546	0	1	33489	1	0	next	other	0
34	287	Sound	test	6228867	0	1			0		other	0
34	287	Picture	response	6243034	14167	1	6331	1	14020	25000	incorrect	670
34	287	Port Input	2	6249310	20443	1
34	287	Response	4	6249310	20443	1
34	288	Picture	ITI	6250365	0	1	23159	1	0	next	other	0
34	289	Sound	test	6260396	0	1			0		other	0
34	289	Picture	response	6273524	13128	1	17827	1	13100	25000	incorrect	675
34	289	Port Input	2	6291300	30903	1
34	289	Response	4	6291300	30903	1
34	290	Picture	ITI	6292351	0	1	29823	1	0	next	other	0
34	291	Sound	test	6307062	0	1			0		other	0
34	291	Picture	response	6322174	15112	1	11663	1	15000	25000	incorrect	680
34	291	Port Input	1	6333653	26592	1
34	291	Response	3	6333653	26592	1
34	292	Picture	ITI	6334670	0	1	26491	1	0	next	other	0
34	293	Sound	test	6346001	0	1			0		other	0
34	293	Picture	response	6361161	15160	1	7331	1	15000	25000	incorrect	685
34	293	Port Input	1	6368376	22375	1
34	293	Response	3	6368376	22375	1
34	294	Picture	ITI	6369491	0	1	30323	1	0	next	other	0
34	295	Sound	test	6388262	0	1			0		other	0
34	295	Picture	response	6399814	11552	1	7664	1	11450	25000	incorrect	690
34	295	Port Input	1	6407387	19125	1
34	295	Response	3	6407387	19125	1
34	296	Picture	ITI	6408478	0	1	24158	1	0	next	other	0
34	297	Sound	test	6420269	0	1			0		other	0
34	297	Picture	response	6432636	12367	1	9663	1	12250	25000	incorrect	695
34	297	Port Input	2	6442235	21966	1
34	297	Response	4	6442235	21966	1
34	298	Picture	ITI	6443299	0	1	21992	1	0	next	other	0
34	299	Sound	test	6455221	0	1			0		other	0
34	299	Picture	response	6465292	10071	1	8331	1	10000	25000	incorrect	700
34	299	Port Input	2	6473552	18332	1
34	299	Response	4	6473552	18332	1
34	300	Picture	ITI	6474622	0	1	21326	1	0	next	other	0
34	301	Sound	test	6485793	0	1			0		other	0
34	301	Picture	response	6495948	10155	1	7997	1	10000	25000	incorrect	705
34	301	Port Input	2	6503756	17963	1
34	301	Response	4	6503756	17963	1
34	302	Picture	ITI	6504778	0	1	25158	1	0	next	other	0
34	303	Sound	test	6519099	0	1			0		other	0
34	303	Picture	response	6529936	10837	1	7664	1	10700	25000	incorrect	710
34	303	Port Input	2	6537479	18379	1
34	303	Response	4	6537479	18379	1
34	304	Picture	ITI	6538600	0	1	29990	1	0	next	other	0
34	305	Sound	test	6557781	0	1			0		other	0
34	305	Picture	response	6568590	10809	1	6998	1	10700	25000	incorrect	715
34	305	Port Input	2	6575428	17647	1
34	305	Response	4	6575428	17647	1
34	306	Picture	ITI	6576420	0	1	29990	1	0	next	other	0
34	307	Sound	test	6593152	0	1			0		other	0
34	307	Picture	response	6606410	13259	1	17494	1	13100	25000	incorrect	720
34	307	Port Input	1	6623863	30711	1
34	307	Response	3	6623863	30711	1
34	308	Picture	ITI	6624904	0	1	28157	1	0	next	other	0
34	309	Sound	test	6642225	0	1			0		other	0
34	309	Picture	response	6653061	10836	1	5831	1	10700	25000	incorrect	725
34	309	Port Input	2	6658824	16599	1
34	309	Response	4	6658824	16599	1
34	310	Picture	ITI	6659892	0	1	29323	1	0	next	other	0
34	311	Sound	test	6674163	0	1			0		other	0
34	311	Picture	response	6689215	15052	1	9997	1	15000	25000	incorrect	730
34	311	Port Input	1	6699044	24881	1
34	311	Response	3	6699044	24881	1
34	312	Picture	ITI	6700045	0	1	24658	1	0	next	other	0
34	313	Sound	test	6712276	0	1			0		other	0
34	313	Picture	response	6724703	12427	1	5831	1	12250	25000	incorrect	735
34	313	Port Input	2	6730486	18210	1
34	313	Response	4	6730486	18210	1
34	314	Picture	ITI	6731534	0	1	31323	1	0	next	other	0
34	315	Sound	test	6751335	0	1			0		other	0
34	315	Picture	response	6762857	11521	1	5998	1	11450	25000	incorrect	740
34	315	Port Input	2	6768697	17361	1
34	315	Response	4	6768697	17361	1
34	316	Picture	ITI	6769854	0	1	23325	1	0	next	other	0
34	317	Sound	test	6779986	0	1			0		other	0
34	317	Picture	response	6793180	13194	1	4665	1	13100	25000	incorrect	745
34	317	Port Input	2	6797672	17686	1
34	317	Response	4	6797672	17686	1
34	318	Picture	ITI	6798844	0	1	24825	1	0	next	other	0
34	319	Sound	test	6811376	0	1			0		other	0
34	319	Picture	response	6823669	12294	1	10830	1	12250	25000	incorrect	750
34	319	Port Input	1	6834393	23017	1
34	319	Response	3	6834393	23017	1
34	441	Picture	resume	8045085	0	1	25658	1	0	next	other	0
34	441	Port Input	2	8069278	24193	1
34	441	Response	4	8069278	24193	1
34	442	Picture	ITI	8070743	0	1	10163	1	0	next	other	0
34	443	Picture	ITI	8080907	0	1	26991	1	0	next	other	0
34	444	Sound	test	8092728	0	1			0		other	0
34	444	Picture	response	8107897	15169	1	4832	1	15000	25000	incorrect	759
34	444	Port Input	1	8112600	19872	1
34	444	Response	3	8112600	19872	1
34	445	Picture	ITI	8113729	0	1	26991	1	0	next	other	0
34	446	Sound	test	8130550	0	1			0		other	0
34	446	Picture	response	8140719	10169	1	5332	1	10000	25000	incorrect	764
34	446	Port Input	2	8145875	15325	1
34	446	Response	4	8145875	15325	1
34	447	Picture	ITI	8147051	0	1	25158	1	0	next	other	0
34	448	Sound	test	8162152	0	1			0		other	0
34	448	Picture	response	8172209	10057	1	5831	1	10000	25000	incorrect	769
34	448	Port Input	2	8177891	15739	1
34	448	Response	4	8177891	15739	1
34	449	Picture	ITI	8179040	0	1	27990	1	0	next	other	0
34	450	Sound	test	8193831	0	1			0		other	0
34	450	Picture	response	8207030	13199	1	12996	1	13100	25000	incorrect	774
34	450	Port Input	1	8219922	26091	1
34	450	Response	3	8219922	26091	1
34	451	Picture	ITI	8221025	0	1	34988	1	0	next	other	0
34	452	Sound	test	8240957	0	1			0		other	0
34	452	Picture	response	8256013	15057	1	3499	1	15000	25000	incorrect	779
34	452	Port Input	1	8259402	18446	1
34	452	Response	3	8259402	18446	1
34	453	Picture	ITI	8260512	0	1	25825	1	0	next	other	0
34	454	Sound	test	8271293	0	1			0		other	0
34	454	Picture	response	8286336	15043	1	6664	1	15000	25000	incorrect	784
34	454	Port Input	1	8292938	21645	1
34	454	Response	3	8292938	21645	1
34	455	Picture	ITI	8294000	0	1	31989	1	0	next	other	0
34	456	Sound	test	8310802	0	1			0		other	0
34	456	Picture	response	8325990	15188	1	5831	1	15000	25000	incorrect	789
34	456	Port Input	1	8331679	20877	1
34	456	Response	3	8331679	20877	1
34	457	Picture	ITI	8332820	0	1	26824	1	0	next	other	0
34	458	Sound	test	8347342	0	1			0		other	0
34	458	Picture	response	8359645	12303	1	12496	1	12250	25000	incorrect	794
34	458	Port Input	2	8372055	24713	1
34	458	Response	4	8372055	24713	1
34	459	Picture	ITI	8373140	0	1	29490	1	0	next	other	0
34	460	Sound	test	8391131	0	1			0		other	0
34	460	Picture	response	8402630	11499	1	7331	1	11450	25000	incorrect	799
34	460	Port Input	2	8409911	18779	1
34	460	Response	4	8409911	18779	1
34	461	Picture	ITI	8410960	0	1	34488	1	0	next	other	0
34	462	Sound	test	8430262	0	1			0		other	0
34	462	Picture	response	8445449	15187	1	6165	1	15000	25000	incorrect	804
34	462	Port Input	1	8451505	21243	1
34	462	Response	3	8451505	21243	1
34	463	Picture	ITI	8452613	0	1	31156	1	0	next	other	0
34	464	Sound	test	8469654	0	1			0		other	0
34	464	Picture	response	8483769	14115	1	8164	1	14020	25000	incorrect	809
34	464	Port Input	1	8491755	22101	1
34	464	Response	3	8491755	22101	1
34	465	Picture	ITI	8492766	0	1	27657	1	0	next	other	0
34	466	Sound	test	8510397	0	1			0		other	0
34	466	Picture	response	8520423	10026	1	8164	1	10000	25000	incorrect	814
34	466	Port Input	2	8528539	18142	1
34	466	Response	4	8528539	18142	1
34	467	Picture	ITI	8529587	0	1	21992	1	0	next	other	0
34	468	Sound	test	8540708	0	1			0		other	0
34	468	Picture	response	8551579	10871	1	6831	1	10700	25000	incorrect	819
34	468	Port Input	2	8558212	17504	1
34	468	Response	4	8558212	17504	1
34	469	Picture	ITI	8559243	0	1	30156	1	0	next	other	0
34	470	Sound	test	8577094	0	1			0		other	0
34	470	Picture	response	8589400	12305	1	9164	1	12250	25000	incorrect	824
34	470	Port Input	2	8598431	21337	1
34	470	Response	4	8598431	21337	1
34	471	Picture	ITI	8599396	0	1	24158	1	0	next	other	0
34	472	Sound	test	8612047	0	1			0		other	0
34	472	Picture	response	8623555	11507	1	5998	1	11450	25000	incorrect	829
34	472	Port Input	2	8629364	17316	1
34	472	Response	4	8629364	17316	1
34	473	Picture	ITI	8630386	0	1	31156	1	0	next	other	0
34	474	Sound	test	8650047	0	1			0		other	0
34	474	Picture	response	8661542	11495	1	8497	1	11450	25000	incorrect	834
34	474	Port Input	2	8669833	19786	1
34	474	Response	4	8669833	19786	1
34	475	Picture	ITI	8670872	0	1	28823	1	0	next	other	0
34	476	Sound	test	8688083	0	1			0		other	0
34	476	Picture	response	8699695	11612	1	8330	1	11450	25000	incorrect	839
34	476	Port Input	2	8707897	19815	1
34	476	Response	4	8707897	19815	1
34	477	Picture	ITI	8709025	0	1	28824	1	0	next	other	0
34	478	Sound	test	8726997	0	1			0		other	0
34	478	Picture	response	8737849	10852	1	13662	1	10700	25000	incorrect	844
34	478	Port Input	1	8751459	24463	1
34	478	Response	3	8751459	24463	1
34	479	Picture	ITI	8752510	0	1	27824	1	0	next	other	0
34	480	Sound	test	8766142	0	1			0		other	0
34	480	Picture	response	8780334	14193	1	9497	1	14020	25000	incorrect	849
34	480	Port Input	1	8789700	23559	1
34	480	Response	3	8789700	23559	1
34	481	Picture	ITI	8790831	0	1	23492	1	0	next	other	0
34	482	Sound	test	8804182	0	2			0		other	0
34	482	Picture	response	8814323	10141	1	24492	1	10000	25000	incorrect	854
34	482	Port Input	1	8838728	34546	1
34	482	Response	3	8838728	34546	1
34	483	Picture	ITI	8839814	0	1	34322	1	0	next	other	0
34	484	Sound	test	8859105	0	1			0		other	0
34	484	Picture	response	8874136	15030	1	7331	1	15000	25000	incorrect	859
34	484	Port Input	1	8881269	22164	1
34	484	Response	3	8881269	22164	1
34	485	Picture	ITI	8882299	0	1	25325	1	0	next	other	0
34	486	Sound	test	8897541	0	1			0		other	0
34	486	Picture	response	8907624	10083	1	8664	1	10000	25000	incorrect	864
34	486	Port Input	2	8916096	18555	1
34	486	Response	4	8916096	18555	1
34	487	Picture	ITI	8917121	0	1	25991	1	0	next	other	0
34	488	Sound	test	8931562	0	1			0		other	0
34	488	Picture	response	8943112	11550	1	11829	1	11450	25000	incorrect	869
34	488	Port Input	2	8954774	23212	1
34	488	Response	4	8954774	23212	1
34	489	Picture	ITI	8955941	0	1	34655	1	0	next	other	0
34	490	Sound	test	8975442	0	1			0		other	0
34	490	Picture	response	8990596	15154	1	10996	1	15000	25000	incorrect	874
34	490	Port Input	1	9001397	25955	1
34	490	Response	3	9001397	25955	1
34	491	Picture	ITI	9002425	0	1	27990	1	0	next	other	0
34	492	Sound	test	9017976	0	1			0		other	0
34	492	Picture	response	9030416	12439	1	11663	1	12250	25000	incorrect	879
34	492	Port Input	2	9041887	23911	1
34	492	Response	4	9041887	23911	1
34	493	Picture	ITI	9042911	0	1	28657	1	0	next	other	0
34	494	Sound	test	9060813	0	1			0		other	0
34	494	Picture	response	9071568	10756	1	5165	1	10700	25000	incorrect	884
34	494	Port Input	2	9076568	15755	1
34	494	Response	4	9076568	15755	1
34	495	Picture	ITI	9077733	0	1	23325	1	0	next	other	0
34	496	Sound	test	9088634	0	1			0		other	0
34	496	Picture	response	9101058	12424	1	5998	1	12250	25000	incorrect	889
34	496	Port Input	2	9106959	18325	1
34	496	Response	4	9106959	18325	1
34	497	Picture	ITI	9108056	0	1	23159	1	0	next	other	0
34	498	Sound	test	9118077	0	1			0		other	0
34	498	Picture	response	9131214	13138	1	6998	1	13100	25000	incorrect	894
34	498	Port Input	2	9138068	19991	1
34	498	Response	4	9138068	19991	1
34	499	Picture	ITI	9139212	0	1	28490	1	0	next	other	0
34	500	Sound	test	9152623	0	1			0		other	0
34	500	Picture	response	9167702	15079	1	6664	1	15000	25000	incorrect	899
34	500	Port Input	1	9174290	21667	1
34	500	Response	3	9174290	21667	1
34	501	Picture	ITI	9175366	0	1	28490	1	0	next	other	0
34	502	Sound	test	9188807	0	1			0		other	0
34	502	Picture	response	9203856	15049	1	9163	1	15000	25000	incorrect	904
34	502	Port Input	1	9212874	24067	1
34	502	Response	3	9212874	24067	1
34	503	Picture	ITI	9214020	0	1	30156	1	0	next	other	0
34	504	Sound	test	9231031	0	1			0		other	0
34	504	Picture	response	9244176	13145	1	10663	1	13100	25000	incorrect	909
34	504	Port Input	2	9254656	23625	1
34	504	Response	4	9254656	23625	1
34	505	Picture	ITI	9255839	0	1	25491	1	0	next	other	0
34	506	Sound	test	9267270	0	1			0		other	0
34	506	Picture	response	9281330	14060	1	17494	1	14020	25000	incorrect	914
34	506	Port Input	2	9298759	31489	1
34	506	Response	4	9298759	31489	1
34	507	Picture	ITI	9299824	0	1	24658	1	0	next	other	0
34	508	Sound	test	9310325	0	1			0		other	0
34	508	Picture	response	9324482	14157	1	8997	1	14020	25000	incorrect	919
34	508	Port Input	1	9333408	23083	1
34	508	Response	3	9333408	23083	1
34	509	Picture	ITI	9334478	0	1	23325	1	0	next	other	0
34	510	Sound	test	9347750	0	1			0		other	0
34	510	Picture	response	9357804	10054	1	7164	1	10000	25000	incorrect	924
34	510	Port Input	2	9364788	17038	1
34	510	Response	4	9364788	17038	1
34	511	Picture	ITI	9365801	0	1	26824	1	0	next	other	0
34	512	Sound	test	9378482	0	1			0		other	0
34	512	Picture	response	9392625	14143	1	9497	1	14020	25000	incorrect	929
34	512	Port Input	1	9401957	23475	1
34	512	Response	3	9401957	23475	1
34	513	Picture	ITI	9403122	0	1	32489	1	0	next	other	0
34	514	Sound	test	9422413	0	1			0		other	0
34	514	Picture	response	9435611	13198	1	13829	1	13100	25000	incorrect	934
34	514	Port Input	1	9449392	26979	1
34	514	Response	3	9449392	26979	1
34	515	Picture	ITI	9450439	0	1	26658	1	0	next	other	0
34	516	Sound	test	9463880	0	1			0		other	0
34	516	Picture	response	9477096	13216	1	13495	1	13100	25000	incorrect	939
34	516	Port Input	1	9490506	26626	1
34	516	Response	3	9490506	26626	1
34	517	Picture	ITI	9491591	0	1	23159	1	0	next	other	0
34	518	Sound	test	9504633	0	1			0		other	0
34	518	Picture	response	9514750	10117	1	7664	1	10000	25000	incorrect	944
34	518	Port Input	2	9522345	17712	1
34	518	Response	4	9522345	17712	1
34	519	Picture	ITI	9523414	0	1	25658	1	0	next	other	0
34	520	Sound	test	9534955	0	1			0		other	0
34	520	Picture	response	9549072	14117	1	10996	1	14020	25000	incorrect	949
34	520	Port Input	2	9559920	24965	1
34	520	Response	4	9559920	24965	1
34	521	Picture	ITI	9560901	0	1	30656	1	0	next	other	0
34	522	Sound	test	9580792	0	1			0		other	0
34	522	Picture	response	9591557	10765	1	12829	1	10700	25000	incorrect	954
34	522	Port Input	1	9604273	23480	1
34	522	Response	3	9604273	23480	1
34	523	Picture	ITI	9605386	0	1	29323	1	0	next	other	0
34	524	Sound	test	9622407	0	1			0		other	0
34	524	Picture	response	9634709	12302	1	15328	1	12250	25000	incorrect	959
34	524	Port Input	1	9649885	27478	1
34	524	Response	3	9649885	27478	1
34	525	Picture	ITI	9651037	0	1	25158	1	0	next	other	0
34	526	Sound	test	9661088	0	1			0		other	0
34	526	Picture	response	9676195	15107	1	6165	1	15000	25000	incorrect	964
34	526	Port Input	1	9682223	21135	1
34	526	Response	3	9682223	21135	1
34	527	Picture	ITI	9683193	0	1	33988	1	0	next	other	0
34	528	Sound	test	9702144	0	1			0		other	0
34	528	Picture	response	9717181	15037	1	5498	1	15000	25000	incorrect	969
34	528	Port Input	1	9722609	20465	1
34	528	Response	3	9722609	20465	1
34	529	Picture	ITI	9723679	0	1	26491	1	0	next	other	0
34	530	Sound	test	9740100	0	1			0		other	0
34	530	Picture	response	9750170	10070	1	5998	1	10000	25000	incorrect	974
34	530	Port Input	2	9756061	15961	1
34	530	Response	4	9756061	15961	1
34	531	Picture	ITI	9757167	0	1	21659	1	0	next	other	0
34	532	Sound	test	9768019	0	1			0		other	0
34	532	Picture	response	9778827	10808	1	7164	1	10700	25000	incorrect	979
34	532	Port Input	2	9785828	17809	1
34	532	Response	4	9785828	17809	1
34	533	Picture	ITI	9786824	0	1	27324	1	0	next	other	0
34	534	Sound	test	9802665	0	1			0		other	0
34	534	Picture	response	9814148	11483	1	18994	1	11450	25000	incorrect	984
34	534	Port Input	2	9832940	30274	1
34	534	Response	4	9832940	30274	1
34	535	Picture	ITI	9833974	0	1	24492	1	0	next	other	0
34	536	Sound	test	9848306	0	1			0		other	0
34	536	Picture	response	9858466	10160	1	10163	1	10000	25000	incorrect	989
34	536	Port Input	2	9868557	20252	1
34	536	Response	4	9868557	20252	1
34	537	Picture	ITI	9869629	0	1	31489	1	0	next	other	0
34	538	Sound	test	9886000	0	1			0		other	0
34	538	Picture	response	9901118	15118	1	8830	1	15000	25000	incorrect	994
34	538	Port Input	1	9909787	23786	1
34	538	Response	3	9909787	23786	1
34	539	Picture	ITI	9910782	0	1	22659	1	0	next	other	0
34	540	Sound	test	9923273	0	1			0		other	0
34	540	Picture	response	9933440	10168	1	8164	1	10000	25000	incorrect	999
34	540	Port Input	2	9941406	18133	1
34	540	Response	4	9941406	18133	1
34	541	Picture	ITI	9942437	0	1	22492	1	0	next	other	0
34	542	Sound	test	9952529	0	1			0		other	0
34	542	Picture	response	9964930	12401	1	16661	1	12250	25000	incorrect	1004
34	542	Port Input	2	9981542	29014	1
34	542	Response	4	9981542	29014	1
34	543	Picture	ITI	9982590	0	1	25158	1	0	next	other	0
34	544	Sound	test	9997582	0	1			0		other	0
34	544	Picture	response	10007748	10167	1	16994	1	10000	25000	incorrect	1009
34	544	Port Input	2	10024677	27096	1
34	544	Response	4	10024677	27096	1
34	545	Picture	ITI	10025742	0	1	30656	1	0	next	other	0
34	546	Sound	test	10041274	0	1			0		other	0
34	546	Picture	response	10056398	15125	1	6498	1	15000	25000	incorrect	1014
34	546	Port Input	1	10062742	21468	1
34	546	Response	3	10062742	21468	1
34	547	Picture	ITI	10063896	0	1	21992	1	0	next	other	0
34	548	Sound	test	10075087	0	1			0		other	0
34	548	Picture	response	10085888	10801	1	10830	1	10700	25000	incorrect	1019
34	548	Port Input	2	10096662	21575	1
34	548	Response	4	10096662	21575	1
34	549	Picture	ITI	10097718	0	1	27491	1	0	next	other	0
34	550	Sound	test	10112919	0	1			0		other	0
34	550	Picture	response	10125208	12289	1	14995	1	12250	25000	incorrect	1024
34	550	Port Input	2	10140067	27148	1
34	550	Response	4	10140067	27148	1
34	551	Picture	ITI	10141203	0	1	29323	1	0	next	other	0
34	552	Sound	test	10159754	0	1			0		other	0
34	552	Picture	response	10170526	10772	1	18327	1	10700	25000	incorrect	1029
34	552	Port Input	1	10188647	28893	1
34	552	Response	3	10188647	28893	1
34	553	Picture	ITI	10189686	0	1	29490	1	0	next	other	0
34	554	Sound	test	10205888	0	1			0		other	0
34	554	Picture	response	10219176	13289	1	6831	1	13100	25000	incorrect	1034
34	554	Port Input	2	10225837	19950	1
34	554	Response	4	10225837	19950	1
34	555	Picture	ITI	10226840	0	1	29490	1	0	next	other	0
34	556	Sound	test	10243941	0	1			0		other	0
34	556	Picture	response	10256330	12389	1	7497	1	12250	25000	incorrect	1039
34	556	Port Input	2	10263704	19762	1
34	556	Response	4	10263704	19762	1
34	557	Picture	ITI	10264827	0	1	24158	1	0	next	other	0
34	558	Sound	test	10278889	0	1			0		other	0
34	558	Picture	response	10288986	10097	1	11329	1	10000	25000	incorrect	1044
34	558	Port Input	2	10300144	21255	1
34	558	Response	4	10300144	21255	1
34	559	Picture	ITI	10301315	0	1	33655	1	0	next	other	0
34	560	Sound	test	10319896	0	1			0		other	0
34	560	Picture	response	10334970	15074	1	12329	1	15000	25000	incorrect	1049
34	560	Port Input	1	10347193	27297	1
34	560	Response	3	10347193	27297	1
34	561	Picture	ITI	10348299	0	1	28990	1	0	next	other	0
34	562	Sound	test	10366520	0	1			0		other	0
34	562	Picture	response	10377289	10769	1	7331	1	10700	25000	incorrect	1054
34	562	Port Input	2	10384425	17905	1
34	562	Response	4	10384425	17905	1
34	563	Picture	ITI	10385453	0	1	32822	1	0	next	other	0
34	564	Sound	test	10404074	0	1			0		other	0
34	564	Picture	response	10418275	14201	1	8664	1	14020	25000	incorrect	1059
34	564	Port Input	1	10426862	22788	1
34	564	Response	3	10426862	22788	1
34	565	Picture	ITI	10427938	0	1	24658	1	0	next	other	0
34	566	Sound	test	10442429	0	1			0		other	0
34	566	Picture	response	10452597	10167	1	5331	1	10000	25000	incorrect	1064
34	566	Port Input	2	10457878	15448	1
34	566	Response	4	10457878	15448	1
34	567	Picture	ITI	10458928	0	1	29323	1	0	next	other	0
34	568	Sound	test	10475029	0	1			0		other	0
34	568	Picture	response	10488251	13222	1	11163	1	13100	25000	incorrect	1069
34	568	Port Input	1	10499336	24307	1
34	568	Response	3	10499336	24307	1
34	569	Picture	ITI	10500413	0	1	31823	1	0	next	other	0
34	570	Sound	test	10519945	0	1			0		other	0
34	570	Picture	response	10532236	12291	1	6165	1	12250	25000	incorrect	1074
34	570	Port Input	2	10538223	18278	1
34	570	Response	4	10538223	18278	1
34	571	Picture	ITI	10539234	0	1	23325	1	0	next	other	0
34	572	Sound	test	10550265	0	1			0		other	0
34	572	Picture	response	10562559	12294	1	14828	1	12250	25000	incorrect	1079
34	572	Port Input	2	10577339	27074	1
34	572	Response	4	10577339	27074	1
34	573	Picture	ITI	10578387	0	1	30156	1	0	next	other	0
34	574	Sound	test	10594448	0	1			0		other	0
34	574	Picture	response	10608543	14095	1	10330	1	14020	25000	incorrect	1084
34	574	Port Input	1	10618704	24255	1
34	574	Response	3	10618704	24255	1
34	575	Picture	ITI	10619706	0	1	29823	1	0	next	other	0
34	576	Sound	test	10637957	0	1			0		other	0
34	576	Picture	response	10649529	11572	1	19327	1	11450	25000	incorrect	1089
34	576	Port Input	1	10668762	30804	1
34	576	Response	3	10668762	30804	1
34	577	Picture	ITI	10669856	0	1	31156	1	0	next	other	0
34	578	Sound	test	10686947	0	1			0		other	0
34	578	Picture	response	10701012	14065	1	8830	1	14020	25000	incorrect	1094
34	578	Port Input	1	10709773	22826	1
34	578	Response	3	10709773	22826	1
34	579	Picture	ITI	10710842	0	1	29490	1	0	next	other	0
34	580	Sound	test	10727143	0	1			0		other	0
34	580	Picture	response	10740332	13189	1	10496	1	13100	25000	incorrect	1099
34	580	Port Input	2	10750638	23495	1
34	580	Response	4	10750638	23495	1
34	581	Picture	ITI	10751661	0	1	28990	1	0	next	other	0
34	582	Sound	test	10770482	0	1			0		other	0
34	582	Picture	response	10780651	10169	1	5665	1	10000	25000	incorrect	1104
34	582	Port Input	2	10786214	15731	1
34	582	Response	4	10786214	15731	1
34	583	Picture	ITI	10787315	0	1	29490	1	0	next	other	0
34	584	Sound	test	10802667	0	1			0		other	0
34	584	Picture	response	10816805	14139	1	9663	1	14020	25000	incorrect	1109
34	584	Port Input	1	10826402	23735	1
34	584	Response	3	10826402	23735	1
34	585	Picture	ITI	10827468	0	1	24158	1	0	next	other	0
34	586	Sound	test	10838390	0	1			0		other	0
34	586	Picture	response	10851627	13237	1	10663	1	13100	25000	incorrect	1114
34	586	Port Input	1	10862113	23724	1
34	586	Response	3	10862113	23724	1
34	587	Picture	ITI	10863123	0	1	28324	1	0	next	other	0
34	588	Sound	test	10876304	0	1			0		other	0
34	588	Picture	response	10891447	15142	1	7831	1	15000	25000	incorrect	1119
34	588	Port Input	1	10899126	22822	1
34	588	Response	3	10899126	22822	1
34	589	Picture	ITI	10900277	0	1	30490	1	0	next	other	0
34	590	Sound	test	10919148	0	1			0		other	0
34	590	Picture	response	10930767	11618	1	22159	1	11450	25000	incorrect	1124
34	590	Port Input	1	10952745	33597	1
34	590	Response	3	10952745	33597	1
34	591	Picture	ITI	10953759	0	1	25991	1	0	next	other	0
34	592	Sound	test	10968220	0	1			0		other	0
34	592	Picture	response	10979750	11530	1	11163	1	11450	25000	incorrect	1129
34	592	Port Input	2	10990789	22569	1
34	592	Response	4	10990789	22569	1
34	593	Picture	ITI	10991912	0	1	23659	1	0	next	other	0
34	594	Sound	test	11005524	0	1			0		other	0
34	594	Picture	response	11015571	10047	1	6498	1	10000	25000	incorrect	1134
34	594	Port Input	2	11022023	16499	1
34	594	Response	4	11022023	16499	1
34	595	Picture	ITI	11023068	0	1	21159	1	0	next	other	0
34	596	Sound	test	11033430	0	1			0		other	0
34	596	Picture	response	11044228	10798	1	8330	1	10700	25000	incorrect	1139
34	596	Port Input	2	11052414	18985	1
34	596	Response	4	11052414	18985	1
34	597	Picture	ITI	11053391	0	1	30490	1	0	next	other	0
34	598	Sound	test	11072343	0	1			0		other	0
34	598	Picture	response	11083881	11538	1	5998	1	11450	25000	incorrect	1144
34	598	Port Input	2	11089781	17438	1
34	598	Response	4	11089781	17438	1
34	599	Picture	ITI	11090878	0	1	23325	1	0	next	other	0
34	600	Sound	test	11101770	0	1			0		other	0
34	600	Picture	response	11114204	12434	1	17161	1	12250	25000	incorrect	1149
34	600	Port Input	2	11131250	29480	1
34	600	Response	4	11131250	29480	1
34	601	Picture	ITI	11132364	0	1	31823	1	0	next	other	0
34	602	Sound	test	11151056	0	1			0		other	0
34	602	Picture	response	11164187	13131	1	7664	1	13100	25000	incorrect	1154
34	602	Port Input	1	11171802	20747	1
34	602	Response	3	11171802	20747	1
34	603	Picture	ITI	11172850	0	1	33988	1	0	next	other	0
34	604	Sound	test	11192762	0	1			0		other	0
34	604	Picture	response	11206839	14077	1	9497	1	14020	25000	incorrect	1159
34	604	Port Input	1	11216155	23393	1
34	604	Response	3	11216155	23393	1
34	605	Picture	ITI	11217169	0	1	27657	1	0	next	other	0
34	606	Sound	test	11231650	0	1			0		other	0
34	606	Picture	response	11244826	13176	1	12996	1	13100	25000	incorrect	1164
34	606	Port Input	2	11257780	26130	1
34	606	Response	4	11257780	26130	1
34	607	Picture	ITI	11258821	0	1	28490	1	0	next	other	0
34	608	Sound	test	11276452	0	2			0		other	0
34	608	Picture	response	11287311	10859	1	5165	1	10700	25000	incorrect	1169
34	608	Port Input	2	11292305	15852	1
34	608	Response	4	11292305	15852	1
34	609	Picture	ITI	11293309	0	1	26158	1	0	next	other	0
34	610	Sound	test	11308741	0	1			0		other	0
34	610	Picture	response	11319467	10726	1	7831	1	10700	25000	incorrect	1174
34	610	Port Input	2	11327183	18442	1
34	610	Response	4	11327183	18442	1
34	611	Picture	ITI	11328297	0	1	25158	1	0	next	other	0
34	612	Sound	test	11342599	0	1			0		other	0
34	612	Picture	response	11353455	10857	1	4665	1	10700	25000	incorrect	1179
34	612	Port Input	2	11358043	15444	1
34	612	Response	4	11358043	15444	1
34	613	Picture	ITI	11359120	0	1	30656	1	0	next	other	0
34	614	Sound	test	11379001	0	1			0		other	0
34	614	Picture	response	11389776	10775	1	4998	1	10700	25000	incorrect	1184
34	614	Port Input	2	11394639	15637	1
34	614	Response	4	11394639	15637	1
34	615	Picture	ITI	11395774	0	1	25658	1	0	next	other	0
34	616	Sound	test	11406256	0	1			0		other	0
34	616	Picture	response	11421432	15177	1	8997	1	15000	25000	incorrect	1189
34	616	Port Input	1	11430225	23970	1
34	616	Response	3	11430225	23970	1
34	617	Picture	ITI	11431262	0	1	33822	1	0	next	other	0
34	618	Sound	test	11450893	0	1			0		other	0
34	618	Picture	response	11465084	14191	1	7831	1	14020	25000	incorrect	1194
34	618	Port Input	1	11472777	21883	1
34	618	Response	3	11472777	21883	1
34	619	Picture	ITI	11473914	0	1	27157	1	0	next	other	0
34	620	Sound	test	11485906	0	1			0		other	0
34	620	Picture	response	11501072	15166	1	5831	1	15000	25000	incorrect	1199
34	620	Port Input	1	11506822	20917	1
34	620	Response	3	11506822	20917	1
34	621	Picture	ITI	11507903	0	1	30490	1	0	next	other	0
34	622	Sound	test	11524184	0	1			0		other	0
34	622	Picture	response	11538392	14208	1	14162	1	14020	25000	incorrect	1204
34	622	Port Input	2	11552435	28251	1
34	622	Response	4	11552435	28251	1
34	623	Picture	ITI	11553554	0	1	29990	1	0	next	other	0
34	624	Sound	test	11571905	0	1			0		other	0
34	624	Picture	response	11583544	11639	1	4998	1	11450	25000	incorrect	1209
34	624	Port Input	2	11588448	16543	1
34	624	Response	4	11588448	16543	1
34	625	Picture	ITI	11589542	0	1	29157	1	0	next	other	0
34	626	Sound	test	11608623	0	1			0		other	0
34	626	Picture	response	11618698	10075	1	9164	1	10000	25000	incorrect	1214
34	626	Port Input	2	11627814	19191	1
34	626	Response	4	11627814	19191	1
34	627	Picture	ITI	11628861	0	1	28490	1	0	next	other	0
34	628	Sound	test	11644093	0	1			0		other	0
34	628	Picture	response	11657352	13259	1	8997	1	13100	25000	incorrect	1219
34	628	Port Input	2	11666232	22140	1
34	628	Response	4	11666232	22140	1
34	629	Picture	ITI	11667348	0	1	27657	1	0	next	other	0
34	630	Sound	test	11682639	0	1			0		other	0
34	630	Picture	response	11695006	12366	1	9830	1	12250	25000	incorrect	1224
34	630	Port Input	2	11704703	22063	1
34	630	Response	4	11704703	22063	1
34	631	Picture	ITI	11705669	0	1	26158	1	0	next	other	0
34	632	Sound	test	11716800	0	1			0		other	0
34	632	Picture	response	11731826	15026	1	8830	1	15000	25000	incorrect	1229
34	632	Port Input	2	11740570	23770	1
34	632	Response	4	11740570	23770	1
34	633	Picture	ITI	11741656	0	1	26324	1	0	next	other	0
34	634	Sound	test	11757817	0	1			0		other	0
34	634	Picture	response	11767981	10163	1	7497	1	10000	25000	incorrect	1234
34	634	Port Input	2	11775292	17475	1
34	634	Response	4	11775292	17475	1
34	635	Picture	ITI	11776311	0	1	22992	1	0	next	other	0
34	636	Sound	test	11786952	0	1			0		other	0
34	636	Picture	response	11799303	12351	1	6664	1	12250	25000	incorrect	1239
34	636	Port Input	2	11805860	18908	1
34	636	Response	4	11805860	18908	1
34	637	Picture	ITI	11806967	0	1	27491	1	0	next	other	0
34	638	Sound	test	11822159	0	1			0		other	0
34	638	Picture	response	11834458	12299	1	7164	1	12250	25000	incorrect	1244
34	638	Port Input	2	11841457	19299	1
34	638	Response	4	11841457	19299	1
34	639	Picture	ITI	11842455	0	1	21493	1	0	next	other	0
34	640	Sound	test	11853196	0	1			0		other	0
34	640	Picture	response	11863948	10751	1	10330	1	10700	25000	incorrect	1249
34	640	Port Input	2	11874118	20922	1
34	640	Response	4	11874118	20922	1
34	641	Picture	ITI	11875277	0	1	26158	1	0	next	other	0
34	642	Sound	test	11889888	0	1			0		other	0
34	642	Picture	response	11901435	11546	1	11329	1	11450	25000	incorrect	1254
34	642	Port Input	2	11912578	22689	1
34	642	Response	4	11912578	22689	1
34	643	Picture	ITI	11913598	0	1	22492	1	0	next	other	0
34	644	Sound	test	11924569	0	1			0		other	0
34	644	Picture	response	11936090	11521	1	6831	1	11450	25000	incorrect	1259
34	644	Port Input	2	11942761	18192	1
34	644	Response	4	11942761	18192	1
34	645	Picture	ITI	11943754	0	1	28490	1	0	next	other	0
34	646	Sound	test	11959105	0	1			0		other	0
34	646	Picture	response	11972244	13139	1	15162	1	13100	25000	incorrect	1264
34	646	Port Input	1	11987363	28258	1
34	646	Response	3	11987363	28258	1
34	647	Picture	ITI	11988405	0	1	26324	1	0	next	other	0
34	648	Sound	test	12004697	0	1			0		other	0
34	648	Picture	response	12014730	10033	1	6998	1	10000	25000	incorrect	1269
34	648	Port Input	2	12021544	16848	1
34	648	Response	4	12021544	16848	1
34	649	Picture	ITI	12022560	0	1	33489	1	0	next	other	0
34	650	Sound	test	12041012	0	1			0		other	0
34	650	Picture	response	12056049	15037	1	5665	1	15000	25000	incorrect	1274
34	650	Port Input	1	12061514	20502	1
34	650	Response	3	12061514	20502	1
34	651	Picture	ITI	12062547	0	1	30490	1	0	next	other	0
34	652	Sound	test	12077938	0	1			0		other	0
34	652	Picture	response	12093036	15098	1	6331	1	15000	25000	incorrect	1279
34	652	Port Input	1	12099245	21307	1
34	652	Response	3	12099245	21307	1
34	653	Picture	ITI	12100367	0	1	29823	1	0	next	other	0
34	654	Sound	test	12119358	0	1			0		other	0
34	654	Picture	response	12130190	10832	1	5165	1	10700	25000	incorrect	1284
34	654	Port Input	2	12135206	15848	1
34	654	Response	4	12135206	15848	1
34	655	Picture	ITI	12136188	0	1	24825	1	0	next	other	0
34	656	Sound	test	12149529	0	1			0		other	0
34	656	Picture	response	12161013	11484	1	11330	1	11450	25000	incorrect	1289
34	656	Port Input	2	12172157	22627	1
34	656	Response	4	12172157	22627	1
34	657	Picture	ITI	12173176	0	1	20993	1	0	next	other	0
34	658	Sound	test	12184047	0	1			0		other	0
34	658	Picture	response	12194168	10122	1	7497	1	10000	25000	incorrect	1294
34	658	Port Input	2	12201527	17480	1
34	658	Response	4	12201527	17480	1
34	659	Picture	ITI	12202665	0	1	22992	1	0	next	other	0
34	660	Sound	test	12213217	0	1			0		other	0
34	660	Picture	response	12225658	12441	1	6498	1	12250	25000	incorrect	1299
34	660	Port Input	2	12232106	18889	1
34	660	Response	4	12232106	18889	1
34	661	Picture	ITI	12233155	0	1	30156	1	0	next	other	0
34	662	Sound	test	12249116	0	1			0		other	0
34	662	Picture	response	12263311	14195	1	4498	1	14020	25000	incorrect	1304
34	662	Port Input	2	12267744	18628	1
34	662	Response	4	12267744	18628	1
34	663	Picture	ITI	12268810	0	1	30156	1	0	next	other	0
34	664	Sound	test	12285781	0	1			0		other	0
34	664	Picture	response	12298966	13185	1	8164	1	13100	25000	incorrect	1309
34	664	Port Input	2	12306933	21152	1
34	664	Response	4	12306933	21152	1
34	665	Picture	ITI	12307963	0	1	30323	1	0	next	other	0
34	666	Sound	test	12325154	0	1			0		other	0
34	666	Picture	response	12338286	13132	1	18994	1	13100	25000	incorrect	1314
34	666	Port Input	1	12357116	31962	1
34	666	Response	3	12357116	31962	1
34	667	Picture	ITI	12358279	0	1	24325	1	0	next	other	0
34	668	Sound	test	12371120	0	1			0		other	0
34	668	Picture	response	12382604	11484	1	7331	1	11450	25000	incorrect	1319
34	668	Port Input	2	12389891	18771	1
34	668	Response	4	12389891	18771	1
34	669	Picture	ITI	12390934	0	1	26324	1	0	next	other	0
34	670	Sound	test	12407136	0	1			0		other	0
34	670	Picture	response	12417259	10123	1	10830	1	10000	25000	incorrect	1324
34	670	Port Input	2	12427924	20789	1
34	670	Response	4	12427924	20789	1
34	671	Picture	ITI	12429088	0	1	25825	1	0	next	other	0
34	672	Sound	test	12440829	0	1			0		other	0
34	672	Picture	response	12454913	14083	1	19827	1	14020	25000	incorrect	1329
34	672	Port Input	2	12474651	33822	1
34	672	Response	4	12474651	33822	1
34	673	Picture	ITI	12475739	0	1	20160	1	0	next	other	0
34	674	Picture	Instruction	12495899	0	1	230299	1	0	next	other	0
34	674	Quit		12720591	224692	NA


{
   "app": "Presentation Version 20.2 Build 07.25.18",
   "device": "LENOVO 10A8S1PC00",
   "experiment": "{772213B2-5F0F-4A35-9C2F-36954700C7EA}",
   "os": "Windows 7 64 bit",
   "package": "",
   "parameters": {
      "configuration": "Default configuration"
   },
   "scenario": "Timing Task with Dynanometer.sce",
   "subject": "34",
   "timestamp": "2019/03/08 01:37:36 GMT"
}
