Scenario - Timing Task
Logfile written - 03/18/2019 12:57:15

Subject	Trial	Event Type	Code	Time	TTime	Uncertainty	Duration	Uncertainty	ReqTime	ReqDur	Stim Type	Pair Index

36	1	Picture	Instruction	833	0	1	27157	1	0	next	other	0
36	1	Response	1	22825	21992	0
36	2	Picture	ITI	27990	0	1	10496	1	0	next	other	0
36	3	Sound	Stimuli	38000	0	415			0		other	0
36	4	Picture	Feedback	68475	0	1	20160	1	0	next	other	0
36	5	Picture	ITI	88635	0	1	10163	1	0	next	other	0
36	6	Sound	Stimuli	98636	0	1			0		other	0
36	7	Picture	Feedback	133786	0	1	20160	1	0	next	other	0
36	8	Picture	ITI	153945	0	1	10163	1	0	next	other	0
36	9	Sound	Stimuli	163946	0	1			0		other	0
36	10	Picture	Feedback	193931	0	1	20160	1	0	next	other	0
36	11	Picture	ITI	214090	0	1	10163	1	0	next	other	0
36	12	Sound	Stimuli	224092	0	1			0		other	0
36	13	Picture	Feedback	259241	0	1	20159	1	0	next	other	0
36	14	Picture	ITI	279401	0	1	10163	1	0	next	other	0
36	15	Sound	Stimuli	289402	0	1			0		other	0
36	16	Picture	Feedback	319553	0	1	20160	1	0	next	other	0
36	17	Picture	ITI	339713	0	1	10163	1	0	next	other	0
36	18	Sound	Stimuli	349714	0	1			0		other	0
36	19	Picture	Feedback	384697	0	1	20160	1	0	next	other	0
36	20	Picture	ITI	404856	0	1	10163	1	0	next	other	0
36	21	Sound	Stimuli	414858	0	1			0		other	0
36	22	Picture	Feedback	444842	0	1	20160	1	0	next	other	0
36	23	Picture	ITI	465002	0	1	10163	1	0	next	other	0
36	24	Sound	Stimuli	475003	0	1			0		other	0
36	25	Picture	Feedback	510152	0	1	20160	1	0	next	other	0
36	26	Picture	ITI	530312	0	1	10163	1	0	next	other	0
36	27	Sound	Stimuli	540313	0	1			0		other	0
36	28	Picture	Feedback	570298	0	1	20160	1	0	next	other	0
36	29	Picture	ITI	590457	0	1	10163	1	0	next	other	0
36	30	Sound	Stimuli	600459	0	1			0		other	0
36	31	Picture	Feedback	635608	0	1	20326	1	0	next	other	0
36	32	Picture	End_Block	655934	0	1	9497	1	0	next	other	0
36	32	Response	1	665289	9355	0
36	33	Picture	ITI	665431	0	1	10163	1	0	next	other	0
36	33	Response	1	667449	2018	0
36	33	Response	1	668728	3297	1
36	33	Response	1	672488	7057	1
36	33	Response	1	674088	8657	1
36	34	Picture	Break	675594	0	1	333	1	0	next	other	0
36	34	Response	1	675769	175	0
36	35	Picture	ITI	675927	0	1	10163	1	0	next	other	0
36	35	Response	1	677608	1681	1
36	35	Response	1	679208	3281	0
36	35	Response	1	680488	4561	1
36	35	Response	1	682328	6401	0
36	35	Response	1	683688	7761	0
36	35	Response	1	685528	9601	0
36	36	Picture	Instruction	686090	0	1	5665	1	0	next	other	0
36	36	Response	1	686728	638	0
36	36	Response	1	688808	2718	0
36	36	Response	1	690569	4479	0
36	37	Picture	ITI	691755	0	1	27324	1	0	next	other	0
36	38	Sound	Practice	709046	0	1			0		other	0
36	38	Picture	response	719078	10032	1	8164	1	10000	25000	hit	57
36	38	Port Input	2	727103	18057	1
36	38	Response	4	727103	18057	1
36	39	Picture	ITI	737239	0	1	31156	1	0	next	other	0
36	40	Sound	Practice	753260	0	1			0		other	0
36	40	Picture	response	768394	15134	1	2666	1	15000	25000	hit	62
36	40	Port Input	1	770907	17647	1
36	40	Response	3	770907	17647	1
36	41	Picture	ITI	781056	0	1	34654	1	0	next	other	0
36	42	Sound	Practice	800588	0	1			0		other	0
36	42	Picture	response	815711	15122	1	1833	1	15000	25000	hit	67
36	42	Port Input	1	817438	16850	1
36	42	Response	3	817438	16850	1
36	43	Picture	ITI	827540	0	1	26491	1	0	next	other	0
36	44	Sound	Practice	838971	0	1			0		other	0
36	44	Picture	response	854031	15059	1	2332	1	15000	25000	hit	72
36	44	Port Input	1	856223	17251	1
36	44	Response	3	856223	17251	1
36	45	Picture	ITI	866360	0	1	28157	1	0	next	other	0
36	46	Sound	Practice	884441	0	1			0		other	0
36	46	Picture	response	894516	10075	1	5498	1	10000	25000	hit	77
36	46	Port Input	2	899818	15377	1
36	46	Response	4	899818	15377	1
36	47	Picture	ITI	909844	0	1	28823	1	0	next	other	0
36	48	Sound	Practice	923476	0	1			0		other	0
36	48	Picture	response	938667	15192	1	3832	1	15000	25000	hit	82
36	48	Port Input	1	942351	18876	1
36	48	Response	3	942351	18876	1
36	49	Picture	ITI	952496	0	1	21992	1	0	next	other	0
36	50	Sound	Practice	964357	0	1			0		other	0
36	50	Picture	response	974488	10131	1	4165	1	10000	25000	hit	87
36	50	Port Input	2	978595	14238	1
36	50	Response	4	978595	14238	1
36	51	Picture	ITI	988650	0	1	22659	1	0	next	other	0
36	52	Sound	Practice	1001241	0	1			0		other	0
36	52	Picture	response	1011308	10067	1	6331	1	10000	25000	hit	92
36	52	Port Input	2	1017463	16222	1
36	52	Response	4	1017463	16222	1
36	53	Picture	ITI	1027636	0	1	31489	1	0	next	other	0
36	54	Sound	Practice	1043938	0	2			0		other	0
36	54	Picture	response	1059125	15187	1	2832	1	15000	25000	hit	97
36	54	Port Input	1	1061808	17870	1
36	54	Response	3	1061808	17870	1
36	55	Picture	ITI	1071953	0	1	25491	1	0	next	other	0
36	56	Sound	Practice	1082275	0	1			0		other	0
36	56	Picture	response	1097444	15170	1	2166	1	15000	25000	hit	102
36	56	Port Input	1	1099500	17225	1
36	56	Response	3	1099500	17225	1
36	57	Picture	ITI	1109607	0	1	34654	1	0	next	other	0
36	58	Sound	Practice	1129088	0	1			0		other	0
36	58	Picture	response	1144261	15173	1	3832	1	15000	25000	hit	107
36	58	Port Input	1	1147978	18890	1
36	58	Response	3	1147978	18890	1
36	59	Picture	ITI	1158090	0	1	29156	1	0	next	other	0
36	60	Sound	Practice	1177141	0	1			0		other	0
36	60	Picture	response	1187246	10105	1	7497	1	10000	25000	hit	112
36	60	Port Input	2	1194655	17514	1
36	60	Response	4	1194655	17514	1
36	61	Picture	ITI	1204740	0	1	30656	1	0	next	other	0
36	62	Sound	Practice	1220241	0	1			0		other	0
36	62	Picture	response	1235396	15154	1	4332	1	15000	25000	hit	117
36	62	Port Input	1	1239520	19279	1
36	62	Response	3	1239520	19279	1
36	63	Picture	ITI	1249557	0	1	27157	1	0	next	other	0
36	64	Sound	Practice	1261529	0	1			0		other	0
36	64	Picture	response	1276714	15186	1	8330	1	15000	25000	hit	122
36	64	Port Input	1	1284927	23399	1
36	64	Response	3	1284927	23399	1
36	65	Picture	ITI	1295041	0	1	22492	1	0	next	other	0
36	66	Sound	Practice	1307363	0	1			0		other	0
36	66	Picture	response	1317533	10171	1	6664	1	10000	25000	hit	127
36	66	Port Input	2	1324108	16745	1
36	66	Response	4	1324108	16745	1
36	67	Picture	ITI	1334194	0	1	25158	1	0	next	other	0
36	68	Sound	Practice	1344215	0	1			0		other	0
36	68	Picture	response	1359352	15136	1	4165	1	15000	25000	hit	132
36	68	Port Input	1	1363465	19250	1
36	68	Response	3	1363465	19250	1
36	69	Picture	ITI	1373513	0	1	27324	1	0	next	other	0
36	70	Sound	Practice	1385775	0	1			0		other	0
36	70	Picture	response	1400837	15062	1	4332	1	15000	25000	hit	137
36	70	Port Input	1	1405124	19349	1
36	70	Response	3	1405124	19349	1
36	71	Picture	ITI	1415165	0	1	28823	1	0	next	other	0
36	72	Sound	Practice	1428917	0	1			0		other	0
36	72	Picture	response	1443988	15072	1	6498	1	15000	25000	incorrect	142
36	72	Port Input	2	1450385	21468	1
36	72	Response	4	1450385	21468	1
36	73	Picture	ITI	1460483	0	1	24658	1	0	next	other	0
36	74	Sound	Practice	1475014	0	1			0		other	0
36	74	Picture	response	1485141	10127	1	4332	1	10000	25000	hit	147
36	74	Port Input	2	1489367	14353	1
36	74	Response	4	1489367	14353	1
36	75	Picture	ITI	1499469	0	1	27490	1	0	next	other	0
36	76	Sound	Practice	1511930	0	1			0		other	0
36	76	Picture	response	1526959	15029	1	3665	1	15000	25000	hit	152
36	76	Port Input	1	1530464	18533	1
36	76	Response	3	1530464	18533	1
36	77	Picture	ITI	1540621	0	1	24658	1	0	next	other	0
36	78	Sound	Practice	1555222	0	1			0		other	0
36	78	Picture	response	1565279	10057	1	4665	1	10000	25000	hit	157
36	78	Port Input	2	1569904	14682	1
36	78	Response	4	1569904	14682	1
36	79	Picture	ITI	1579940	0	1	27157	1	0	next	other	0
36	80	Sound	Practice	1592042	0	1			0		other	0
36	80	Picture	response	1607097	15056	1	3665	1	15000	25000	hit	162
36	80	Port Input	1	1610657	18615	1
36	80	Response	3	1610657	18615	1
36	81	Picture	ITI	1620759	0	1	26824	1	0	next	other	0
36	82	Sound	Practice	1637470	0	1			0		other	0
36	82	Picture	response	1647583	10113	1	10163	1	10000	25000	hit	167
36	82	Port Input	2	1657594	20124	1
36	82	Response	4	1657594	20124	1
36	83	Picture	ITI	1667742	0	1	29656	1	0	next	other	0
36	84	Sound	Practice	1682264	0	1			0		other	0
36	84	Picture	response	1697399	15135	1	3332	1	15000	25000	hit	172
36	84	Port Input	1	1700544	18280	1
36	84	Response	3	1700544	18280	1
36	85	Picture	ITI	1710727	0	1	30989	1	0	next	other	0
36	86	Sound	Practice	1726659	0	1			0		other	0
36	86	Picture	response	1741716	15058	1	3999	1	15000	25000	hit	177
36	86	Port Input	1	1745545	18886	1
36	86	Response	3	1745545	18886	1
36	87	Picture	Break	1755711	0	1	13662	1	0	next	other	0
36	87	Response	1	1769261	13550	0
36	88	Picture	Instruction	1769373	0	1	2499	1	0	next	other	0
36	88	Response	1	1771821	2448	0
36	89	Picture	ITI	1771872	0	1	15161	1	0	next	other	0
36	89	Response	1	1773661	1788	0
36	89	Response	1	1774861	2988	0
36	89	Response	1	1776461	4588	0
36	90	Picture	ITI	1787034	0	1	27490	1	0	next	other	0
36	91	Sound	test	1802215	0	1			0		other	0
36	91	Picture	response	1814524	12309	1	6498	1	12250	25000	incorrect	190
36	91	Port Input	2	1820855	18640	1
36	91	Response	4	1820855	18640	1
36	92	Picture	ITI	1821855	0	1	28823	1	0	next	other	0
36	93	Sound	test	1837476	0	1			0		other	0
36	93	Picture	response	1850678	13202	1	6831	1	13100	25000	incorrect	195
36	93	Port Input	2	1857464	19988	1
36	93	Response	4	1857464	19988	1
36	94	Picture	ITI	1858508	0	1	29656	1	0	next	other	0
36	95	Sound	test	1876640	0	1			0		other	0
36	95	Picture	response	1888164	11525	1	7164	1	11450	25000	incorrect	200
36	95	Port Input	2	1895280	18640	1
36	95	Response	4	1895280	18640	1
36	96	Picture	ITI	1896328	0	1	30822	1	0	next	other	0
36	97	Sound	test	1916269	0	1			0		other	0
36	97	Picture	response	1927151	10881	1	4998	1	10700	25000	incorrect	205
36	97	Port Input	2	1931962	15692	1
36	97	Response	4	1931962	15692	1
36	98	Picture	ITI	1932982	0	1	28157	1	0	next	other	0
36	99	Sound	test	1950343	0	1			0		other	0
36	99	Picture	response	1961139	10796	1	4832	1	10700	25000	incorrect	210
36	99	Port Input	2	1965926	15583	1
36	99	Response	4	1965926	15583	1
36	100	Picture	ITI	1966970	0	1	31322	1	0	next	other	0
36	101	Sound	test	1985881	0	1			0		other	0
36	101	Picture	response	1998292	12411	1	8330	1	12250	25000	incorrect	215
36	101	Port Input	1	2006543	20662	1
36	101	Response	3	2006543	20662	1
36	102	Picture	ITI	2007622	0	1	25824	1	0	next	other	0
36	103	Sound	test	2021853	0	1			0		other	0
36	103	Picture	response	2033446	11593	1	6831	1	11450	25000	incorrect	220
36	103	Port Input	2	2040174	18321	1
36	103	Response	4	2040174	18321	1
36	104	Picture	ITI	2041277	0	1	23658	1	0	next	other	0
36	105	Sound	test	2052518	0	1			0		other	0
36	105	Picture	response	2064935	12417	1	10996	1	12250	25000	incorrect	225
36	105	Port Input	1	2075793	23275	1
36	105	Response	3	2075793	23275	1
36	106	Picture	ITI	2076764	0	1	28490	1	0	next	other	0
36	107	Sound	test	2094516	0	1			0		other	0
36	107	Picture	response	2105254	10739	1	5998	1	10700	25000	incorrect	230
36	107	Port Input	2	2111059	16544	1
36	107	Response	4	2111059	16544	1
36	108	Picture	ITI	2112085	0	1	26157	1	0	next	other	0
36	109	Sound	test	2125936	0	1			0		other	0
36	109	Picture	response	2138243	12306	1	4665	1	12250	25000	incorrect	235
36	109	Port Input	2	2142774	16838	1
36	109	Response	4	2142774	16838	1
36	110	Picture	ITI	2143907	0	1	30156	1	0	next	other	0
36	111	Sound	test	2163888	0	1			0		other	0
36	111	Picture	response	2174063	10175	1	4165	1	10000	25000	incorrect	240
36	111	Port Input	2	2178092	14203	1
36	111	Response	4	2178092	14203	1
36	112	Picture	ITI	2179061	0	1	27490	1	0	next	other	0
36	113	Sound	test	2193303	0	1			0		other	0
36	113	Picture	response	2206552	13249	1	3665	1	13100	25000	incorrect	245
36	113	Port Input	1	2210046	16744	1
36	113	Response	3	2210046	16744	1
36	114	Picture	ITI	2211050	0	1	29490	1	0	next	other	0
36	115	Sound	test	2226351	0	1			0		other	0
36	115	Picture	response	2240540	14188	1	1166	1	14020	25000	incorrect	250
36	115	Port Input	1	2241532	15181	1
36	115	Response	3	2241532	15181	1
36	116	Picture	ITI	2242706	0	1	26824	1	0	next	other	0
36	117	Sound	test	2254477	0	1			0		other	0
36	117	Picture	response	2269529	15053	1	3832	1	15000	25000	incorrect	255
36	117	Port Input	1	2273237	18760	1
36	117	Response	3	2273237	18760	1
36	118	Picture	ITI	2274361	0	1	27990	1	0	next	other	0
36	119	Sound	test	2291532	0	1			0		other	0
36	119	Picture	response	2302351	10819	1	4998	1	10700	25000	incorrect	260
36	119	Port Input	2	2307232	15700	1
36	119	Response	4	2307232	15700	1
36	120	Picture	ITI	2308349	0	1	20993	1	0	next	other	0
36	121	Sound	test	2318460	0	1			0		other	0
36	121	Picture	response	2329342	10881	1	5331	1	10700	25000	incorrect	265
36	121	Port Input	1	2334470	16010	1
36	121	Response	3	2334470	16010	1
36	122	Picture	ITI	2335506	0	1	32488	1	0	next	other	0
36	123	Sound	test	2353907	0	1			0		other	0
36	123	Picture	response	2367995	14087	1	2999	1	14020	25000	incorrect	270
36	123	Port Input	1	2370943	17036	1
36	123	Response	3	2370943	17036	1
36	124	Picture	ITI	2371993	0	1	27824	1	0	next	other	0
36	125	Sound	test	2389714	0	1			0		other	0
36	125	Picture	response	2399817	10102	1	4665	1	10000	25000	incorrect	275
36	125	Port Input	2	2404335	14620	1
36	125	Response	4	2404335	14620	1
36	126	Picture	ITI	2405481	0	1	31989	1	0	next	other	0
36	127	Sound	test	2425072	0	1			0		other	0
36	127	Picture	response	2437470	12397	1	10163	1	12250	25000	incorrect	280
36	127	Port Input	1	2447545	22472	1
36	127	Response	3	2447545	22472	1
36	128	Picture	ITI	2448633	0	1	30323	1	0	next	other	0
36	129	Sound	test	2468154	0	1			0		other	0
36	129	Picture	response	2478955	10801	1	5165	1	10700	25000	incorrect	285
36	129	Port Input	2	2484070	15916	1
36	129	Response	4	2484070	15916	1
36	130	Picture	ITI	2485120	0	1	29490	1	0	next	other	0
36	131	Sound	test	2501451	0	1			0		other	0
36	131	Picture	response	2514609	13158	1	6498	1	13100	25000	incorrect	290
36	131	Port Input	2	2520918	19467	1
36	131	Response	4	2520918	19467	1
36	132	Picture	ITI	2521940	0	1	23325	1	0	next	other	0
36	133	Sound	test	2534481	0	1			0		other	0
36	133	Picture	response	2545265	10784	1	4498	1	10700	25000	incorrect	295
36	133	Port Input	2	2549593	15112	1
36	133	Response	4	2549593	15112	1
36	134	Picture	ITI	2550597	0	1	25158	1	0	next	other	0
36	135	Sound	test	2560638	0	1			0		other	0
36	135	Picture	response	2575754	15117	1	3999	1	15000	25000	incorrect	300
36	135	Port Input	1	2579569	18931	1
36	135	Response	3	2579569	18931	1
36	136	Picture	ITI	2580586	0	1	29656	1	0	next	other	0
36	137	Sound	test	2600197	0	1			0		other	0
36	137	Picture	response	2610242	10045	1	3999	1	10000	25000	incorrect	305
36	137	Port Input	2	2614200	14002	1
36	137	Response	4	2614200	14002	1
36	138	Picture	ITI	2615240	0	1	25824	1	0	next	other	0
36	139	Sound	test	2627802	0	1			0		other	0
36	139	Picture	response	2641065	13263	1	3499	1	13100	25000	incorrect	310
36	139	Port Input	1	2644447	16645	1
36	139	Response	3	2644447	16645	1
36	140	Picture	ITI	2645563	0	1	31822	1	0	next	other	0
36	141	Sound	test	2663304	0	1			0		other	0
36	141	Picture	response	2677385	14081	1	4332	1	14020	25000	incorrect	315
36	141	Port Input	1	2681618	18313	1
36	141	Response	3	2681618	18313	1
36	142	Picture	ITI	2682716	0	1	24658	1	0	next	other	0
36	143	Sound	test	2695898	0	1			0		other	0
36	143	Picture	response	2707374	11477	1	5998	1	11450	25000	incorrect	320
36	143	Port Input	2	2713239	17341	1
36	143	Response	4	2713239	17341	1
36	144	Picture	ITI	2714372	0	1	28490	1	0	next	other	0
36	145	Sound	test	2732723	0	1			0		other	0
36	145	Picture	response	2742862	10139	1	5498	1	10000	25000	incorrect	325
36	145	Port Input	2	2748275	15552	1
36	145	Response	4	2748275	15552	1
36	146	Picture	ITI	2749360	0	1	28657	1	0	next	other	0
36	147	Sound	test	2765631	0	1			0		other	0
36	147	Picture	response	2778016	12385	1	7331	1	12250	25000	incorrect	330
36	147	Port Input	2	2785196	19566	1
36	147	Response	4	2785196	19566	1
36	148	Picture	ITI	2786180	0	1	29989	1	0	next	other	0
36	149	Sound	test	2801081	0	1			0		other	0
36	149	Picture	response	2816169	15088	1	3999	1	15000	25000	incorrect	335
36	149	Port Input	1	2819993	18912	1
36	149	Response	3	2819993	18912	1
36	150	Picture	ITI	2821001	0	1	30656	1	0	next	other	0
36	151	Sound	test	2837552	0	1			0		other	0
36	151	Picture	response	2851657	14105	1	6998	1	14020	25000	incorrect	340
36	151	Port Input	1	2858497	20945	1
36	151	Response	3	2858497	20945	1
36	152	Picture	ITI	2859487	0	1	34488	1	0	next	other	0
36	153	Sound	test	2878868	0	1			0		other	0
36	153	Picture	response	2893975	15107	1	3499	1	15000	25000	incorrect	345
36	153	Port Input	1	2897292	18424	1
36	153	Response	3	2897292	18424	1
36	154	Picture	ITI	2898307	0	1	28657	1	0	next	other	0
36	155	Sound	test	2912788	0	1			0		other	0
36	155	Picture	response	2926963	14175	1	4165	1	14020	25000	incorrect	350
36	155	Port Input	1	2930944	18156	1
36	155	Response	3	2930944	18156	1
36	156	Picture	ITI	2931962	0	1	26824	1	0	next	other	0
36	157	Sound	test	2945633	0	1			0		other	0
36	157	Picture	response	2958785	13153	1	3499	1	13100	25000	incorrect	355
36	157	Port Input	1	2962211	16579	1
36	157	Response	3	2962211	16579	1
36	158	Picture	ITI	2963284	0	1	22492	1	0	next	other	0
36	159	Sound	test	2975715	0	1			0		other	0
36	159	Picture	response	2985776	10061	1	4332	1	10000	25000	incorrect	360
36	159	Port Input	2	2990064	14349	1
36	159	Response	4	2990064	14349	1
36	160	Picture	ITI	2991107	0	1	26990	1	0	next	other	0
36	161	Sound	test	3006459	0	1			0		other	0
36	161	Picture	response	3018098	11639	1	4832	1	11450	25000	incorrect	365
36	161	Port Input	2	3022778	16320	1
36	161	Response	4	3022778	16320	1
36	162	Picture	ITI	3023762	0	1	28823	1	0	next	other	0
36	163	Sound	test	3038474	0	1			0		other	0
36	163	Picture	response	3052586	14112	1	3499	1	14020	25000	incorrect	370
36	163	Port Input	1	3055909	17436	1
36	163	Response	3	3055909	17436	1
36	164	Picture	ITI	3057084	0	1	30989	1	0	next	other	0
36	165	Sound	test	3072895	0	1			0		other	0
36	165	Picture	response	3088073	15178	1	9330	1	15000	25000	incorrect	375
36	165	Port Input	1	3097276	24381	1
36	165	Response	3	3097276	24381	1
36	166	Picture	ITI	3098236	0	1	21826	1	0	next	other	0
36	167	Sound	test	3108527	0	1			0		other	0
36	167	Picture	response	3120062	11534	1	4998	1	11450	25000	incorrect	380
36	167	Port Input	2	3124889	16362	1
36	167	Response	4	3124889	16362	1
36	168	Picture	ITI	3125893	0	1	25658	1	0	next	other	0
36	169	Sound	test	3138294	0	1			0		other	0
36	169	Picture	response	3151550	13256	1	10830	1	13100	25000	incorrect	385
36	169	Port Input	2	3162258	23964	1
36	169	Response	4	3162258	23964	1
36	170	Picture	ITI	3163380	0	1	20993	1	0	next	other	0
36	171	Sound	test	3173581	0	1			0		other	0
36	171	Picture	response	3184372	10791	1	6664	1	10700	25000	incorrect	390
36	171	Port Input	2	3190922	17341	1
36	171	Response	4	3190922	17341	1
36	172	Picture	ITI	3192036	0	1	29490	1	0	next	other	0
36	173	Sound	test	3209887	0	1			0		other	0
36	173	Picture	response	3221526	11638	1	5498	1	11450	25000	incorrect	395
36	173	Port Input	2	3226854	16967	1
36	173	Response	4	3226854	16967	1
36	174	Picture	ITI	3227857	0	1	21159	1	0	next	other	0
36	175	Sound	test	3238848	0	1			0		other	0
36	175	Picture	response	3249016	10168	1	4998	1	10000	25000	incorrect	400
36	175	Port Input	2	3253873	15025	1
36	175	Response	4	3253873	15025	1
36	176	Picture	ITI	3254847	0	1	24991	1	0	next	other	0
36	177	Sound	test	3266658	0	1			0		other	0
36	177	Picture	response	3279838	13180	1	6498	1	13100	25000	incorrect	405
36	177	Port Input	2	3286203	19544	1
36	177	Response	4	3286203	19544	1
36	178	Picture	ITI	3287336	0	1	25158	1	0	next	other	0
36	179	Sound	test	3297387	0	1			0		other	0
36	179	Picture	response	3312494	15107	1	3332	1	15000	25000	incorrect	410
36	179	Port Input	1	3315690	18303	1
36	179	Response	3	3315690	18303	1
36	180	Picture	ITI	3316659	0	1	24658	1	0	next	other	0
36	181	Sound	test	3328140	0	1			0		other	0
36	181	Picture	response	3341317	13177	1	4165	1	13100	25000	incorrect	415
36	181	Port Input	1	3345354	17214	1
36	181	Response	3	3345354	17214	1
36	182	Picture	ITI	3346481	0	1	23991	1	0	next	other	0
36	183	Sound	test	3358883	0	1			0		other	0
36	183	Picture	response	3370473	11590	1	4498	1	11450	25000	incorrect	420
36	183	Port Input	2	3374872	15989	1
36	183	Response	4	3374872	15989	1
36	184	Picture	ITI	3375971	0	1	29490	1	0	next	other	0
36	185	Sound	test	3392262	0	1			0		other	0
36	185	Picture	response	3405461	13198	1	5498	1	13100	25000	incorrect	425
36	185	Port Input	1	3410772	18510	1
36	185	Response	3	3410772	18510	1
36	186	Picture	ITI	3411792	0	1	29490	1	0	next	other	0
36	187	Sound	test	3430443	0	1			0		other	0
36	187	Picture	response	3441281	10838	1	3999	1	10700	25000	incorrect	430
36	187	Port Input	2	3445163	14720	1
36	187	Response	4	3445163	14720	1
36	188	Picture	ITI	3446113	0	1	24991	1	0	next	other	0
36	189	Sound	test	3457954	0	1			0		other	0
36	189	Picture	response	3471104	13150	1	4332	1	13100	25000	incorrect	435
36	189	Port Input	1	3475254	17300	1
36	189	Response	3	3475254	17300	1
36	190	Picture	ITI	3476269	0	1	34155	1	0	next	other	0
36	191	Sound	test	3495350	0	1			0		other	0
36	191	Picture	response	3510423	15073	1	7164	1	15000	25000	incorrect	440
36	191	Port Input	1	3517485	22135	1
36	191	Response	3	3517485	22135	1
36	192	Picture	ITI	3518587	0	1	28157	1	0	next	other	0
36	193	Sound	test	3531678	0	1			0		other	0
36	193	Picture	response	3546744	15066	1	2499	1	15000	25000	incorrect	445
36	193	Port Input	1	3549138	17460	1
36	193	Response	3	3549138	17460	1
36	194	Picture	ITI	3550243	0	1	33655	1	0	next	other	0
36	195	Sound	test	3569844	0	1			0		other	0
36	195	Picture	response	3583897	14054	1	5998	1	14020	25000	incorrect	450
36	195	Port Input	2	3589766	19922	1
36	195	Response	4	3589766	19922	1
36	196	Picture	ITI	3590728	0	1	30822	1	0	next	other	0
36	197	Sound	test	3609270	0	1			0		other	0
36	197	Picture	response	3621551	12281	1	4498	1	12250	25000	incorrect	455
36	197	Port Input	1	3626000	16730	1
36	197	Response	3	3626000	16730	1
36	198	Picture	ITI	3627049	0	1	26157	1	0	next	other	0
36	199	Sound	test	3638140	0	1			0		other	0
36	199	Picture	response	3653206	15066	1	2999	1	15000	25000	incorrect	460
36	199	Port Input	1	3656080	17940	1
36	199	Response	3	3656080	17940	1
36	200	Picture	ITI	3657205	0	1	21659	1	0	next	other	0
36	201	Sound	test	3668056	0	1			0		other	0
36	201	Picture	response	3678864	10808	1	4832	1	10700	25000	incorrect	465
36	201	Port Input	2	3683505	15450	1
36	201	Response	4	3683505	15450	1
36	202	Picture	ITI	3684528	0	1	28657	1	0	next	other	0
36	203	Sound	test	3701570	0	1			0		other	0
36	203	Picture	response	3713185	11615	1	4498	1	11450	25000	incorrect	470
36	203	Port Input	1	3717490	15921	1
36	203	Response	3	3717490	15921	1
36	204	Picture	ITI	3718516	0	1	29989	1	0	next	other	0
36	205	Sound	test	3734388	0	1			0		other	0
36	205	Picture	response	3748506	14118	1	4165	1	14020	25000	incorrect	475
36	205	Port Input	1	3752464	18077	1
36	205	Response	3	3752464	18077	1
36	206	Picture	ITI	3753504	0	1	26491	1	0	next	other	0
36	207	Sound	test	3767685	0	1			0		other	0
36	207	Picture	response	3779995	12309	1	5165	1	12250	25000	incorrect	480
36	207	Port Input	1	3785075	17390	1
36	207	Response	3	3785075	17390	1
36	208	Picture	ITI	3786159	0	1	27657	1	0	next	other	0
36	209	Sound	test	3802171	0	1			0		other	0
36	209	Picture	response	3813816	11645	1	5332	1	11450	25000	incorrect	485
36	209	Port Input	1	3819018	16847	1
36	209	Response	3	3819018	16847	1
36	210	Picture	ITI	3820147	0	1	22159	1	0	next	other	0
36	211	Sound	test	3831448	0	1			0		other	0
36	211	Picture	response	3842306	10858	1	6831	1	10700	25000	incorrect	490
36	211	Port Input	1	3849015	17567	1
36	211	Response	3	3849015	17567	1
36	212	Picture	ITI	3850136	0	1	25991	1	0	next	other	0
36	213	Sound	test	3865998	0	1			0		other	0
36	213	Picture	response	3876127	10129	1	12829	1	10000	25000	incorrect	495
36	213	Port Input	2	3884083	18085	1
36	213	Response	4	3884083	18085	1
36	214	Picture	ITI	3889956	0	1	27990	1	0	next	other	0
36	215	Sound	test	3903797	0	1			0		other	0
36	215	Picture	response	3917946	14149	1	4998	1	14020	25000	incorrect	500
36	215	Port Input	1	3922764	18967	1
36	215	Response	3	3922764	18967	1
36	216	Picture	ITI	3923777	0	1	29156	1	0	next	other	0
36	217	Sound	test	3938868	0	1			0		other	0
36	217	Picture	response	3952933	14065	1	3499	1	14020	25000	incorrect	505
36	217	Port Input	1	3956363	17495	1
36	217	Response	3	3956363	17495	1
36	218	Picture	ITI	3957432	0	1	34321	1	0	next	other	0
36	219	Sound	test	3976713	0	1			0		other	0
36	219	Picture	response	3991753	15040	1	3499	1	15000	25000	incorrect	510
36	219	Port Input	1	3995190	18477	1
36	219	Response	3	3995190	18477	1
36	220	Picture	ITI	3996251	0	1	22825	1	0	next	other	0
36	221	Sound	test	4008933	0	1			0		other	0
36	221	Picture	response	4019077	10144	1	6831	1	10000	25000	incorrect	515
36	221	Port Input	2	4025749	16817	1
36	221	Response	4	4025749	16817	1
36	222	Picture	ITI	4026741	0	1	33488	1	0	next	other	0
36	223	Sound	test	4045192	0	1			0		other	0
36	223	Picture	response	4060229	15037	1	2999	1	15000	25000	incorrect	520
36	223	Port Input	1	4063045	17853	1
36	223	Response	3	4063045	17853	1
36	224	Picture	ITI	4064061	0	1	32489	1	0	next	other	0
36	225	Sound	test	4081392	0	1			0		other	0
36	225	Picture	response	4096549	15157	1	3332	1	15000	25000	incorrect	525
36	225	Port Input	1	4099769	18376	1
36	225	Response	3	4099769	18376	1
36	226	Picture	ITI	4100714	0	1	28990	1	0	next	other	0
36	227	Sound	test	4114676	0	1			0		other	0
36	227	Picture	response	4129704	15029	1	5331	1	15000	25000	incorrect	530
36	227	Port Input	1	4134961	20286	1
36	227	Response	3	4134961	20286	1
36	228	Picture	ITI	4136035	0	1	23158	1	0	next	other	0
36	229	Sound	test	4149087	0	1			0		other	0
36	229	Picture	response	4159194	10107	1	5831	1	10000	25000	incorrect	535
36	229	Port Input	2	4164948	15861	1
36	229	Response	4	4164948	15861	1
36	230	Picture	ITI	4166025	0	1	24158	1	0	next	other	0
36	231	Sound	test	4180036	0	1			0		other	0
36	231	Picture	response	4190183	10146	1	3999	1	10000	25000	incorrect	540
36	231	Port Input	2	4194133	14097	1
36	231	Response	4	4194133	14097	1
36	232	Picture	ITI	4195181	0	2	28824	2	0	next	other	0
36	233	Sound	test	4213162	0	1			0		other	0
36	233	Picture	response	4224004	10842	1	5331	1	10700	25000	incorrect	545
36	233	Port Input	2	4229263	16101	1
36	233	Response	4	4229263	16101	1
36	234	Picture	ITI	4230335	0	1	27657	1	0	next	other	0
36	235	Sound	test	4244716	0	1			0		other	0
36	235	Picture	response	4257992	13276	1	3499	1	13100	25000	incorrect	550
36	235	Port Input	1	4261322	16605	1
36	235	Response	3	4261322	16605	1
36	236	Picture	ITI	4262324	0	1	30656	1	0	next	other	0
36	237	Sound	test	4281495	0	1			0		other	0
36	237	Picture	response	4292980	11485	1	8330	1	11450	25000	incorrect	555
36	237	Port Input	1	4301158	19663	1
36	237	Response	3	4301158	19663	1
36	238	Picture	ITI	4302143	0	1	26324	1	0	next	other	0
36	239	Sound	test	4318414	0	1			0		other	0
36	239	Picture	response	4328467	10053	1	5998	1	10000	25000	incorrect	560
36	239	Port Input	2	4334258	15844	1
36	239	Response	4	4334258	15844	1
36	240	Picture	ITI	4335298	0	1	25324	1	0	next	other	0
36	241	Sound	test	4349739	0	1			0		other	0
36	241	Picture	response	4360622	10883	1	5998	1	10700	25000	incorrect	565
36	241	Port Input	2	4366515	16775	1
36	241	Response	4	4366515	16775	1
36	242	Picture	ITI	4367620	0	1	26824	1	0	next	other	0
36	243	Sound	test	4380301	0	1			0		other	0
36	243	Picture	response	4394444	14143	1	4165	1	14020	25000	incorrect	570
36	243	Port Input	1	4398448	18147	1
36	243	Response	3	4398448	18147	1
36	244	Picture	ITI	4399442	0	1	23991	1	0	next	other	0
36	245	Sound	test	4411053	0	1			0		other	0
36	245	Picture	response	4423433	12380	1	8664	1	12250	25000	incorrect	575
36	245	Port Input	1	4432027	20974	1
36	245	Response	3	4432027	20974	1
36	246	Picture	ITI	4433097	0	1	25991	1	0	next	other	0
36	247	Sound	test	4444978	0	1			0		other	0
36	247	Picture	response	4459088	14110	1	3499	1	14020	25000	incorrect	580
36	247	Port Input	1	4462441	17463	1
36	247	Response	3	4462441	17463	1
36	248	Picture	ITI	4463419	0	1	32155	1	0	next	other	0
36	249	Sound	test	4482381	0	1			0		other	0
36	249	Picture	response	4495575	13194	1	8164	1	13100	25000	incorrect	585
36	249	Port Input	1	4503537	21157	1
36	249	Response	3	4503537	21157	1
36	250	Picture	ITI	4504571	0	1	34321	1	0	next	other	0
36	251	Sound	test	4523813	0	1			0		other	0
36	251	Picture	response	4538893	15080	1	13995	1	15000	25000	incorrect	590
36	251	Port Input	1	4552797	28984	1
36	251	Response	3	4552797	28984	1
36	252	Picture	ITI	4553887	0	1	31655	1	0	next	other	0
36	253	Sound	test	4573249	0	1			0		other	0
36	253	Picture	response	4585543	12294	1	5165	1	12250	25000	incorrect	595
36	253	Port Input	2	4590509	17261	1
36	253	Response	4	4590509	17261	1
36	254	Picture	ITI	4591541	0	1	29490	1	0	next	other	0
36	255	Sound	test	4610912	0	1			0		other	0
36	255	Picture	response	4621030	10118	1	4832	1	10000	25000	incorrect	600
36	255	Port Input	2	4625733	14821	1
36	255	Response	4	4625733	14821	1
36	256	Picture	ITI	4626695	0	1	33488	1	0	next	other	0
36	257	Sound	test	4646076	0	1			0		other	0
36	257	Picture	response	4660183	14107	1	2166	1	14020	25000	incorrect	605
36	257	Port Input	1	4662290	16213	1
36	257	Response	3	4662290	16213	1
36	258	Picture	ITI	4663349	0	1	28990	1	0	next	other	0
36	259	Sound	test	4679940	0	1			0		other	0
36	259	Picture	response	4692338	12399	1	3999	1	12250	25000	incorrect	610
36	259	Port Input	2	4696295	16356	1
36	259	Response	4	4696295	16356	1
36	260	Picture	ITI	4697337	0	1	25824	1	0	next	other	0
36	261	Sound	test	4708058	0	1			0		other	0
36	261	Picture	response	4723161	15103	1	1999	1	15000	25000	incorrect	615
36	261	Port Input	1	4725095	17037	1
36	261	Response	3	4725095	17037	1
36	262	Picture	ITI	4726160	0	1	27823	1	0	next	other	0
36	263	Sound	test	4739851	0	1			0		other	0
36	263	Picture	response	4753983	14132	1	8330	1	14020	25000	incorrect	620
36	263	Port Input	1	4762266	22415	1
36	263	Response	3	4762266	22415	1
36	264	Picture	ITI	4763313	0	1	30489	1	0	next	other	0
36	265	Sound	test	4781374	0	1			0		other	0
36	265	Picture	response	4793802	12428	1	9163	1	12250	25000	incorrect	625
36	265	Port Input	2	4802904	21530	1
36	265	Response	4	4802904	21530	1
36	266	Picture	ITI	4803965	0	1	23825	1	0	next	other	0
36	267	Sound	test	4816277	0	1			0		other	0
36	267	Picture	response	4827790	11514	1	5831	1	11450	25000	incorrect	630
36	267	Port Input	2	4833516	17239	1
36	267	Response	4	4833516	17239	1
36	268	Picture	ITI	4834621	0	1	32489	1	0	next	other	0
36	269	Sound	test	4853912	0	1			0		other	0
36	269	Picture	response	4867110	13197	1	5498	1	13100	25000	incorrect	635
36	269	Port Input	2	4872488	18576	1
36	269	Response	4	4872488	18576	1
36	270	Picture	ITI	4873607	0	1	29823	1	0	next	other	0
36	271	Sound	test	4888379	0	1			0		other	0
36	271	Picture	response	4903430	15052	1	3499	1	15000	25000	incorrect	640
36	271	Port Input	1	4906827	18448	1
36	271	Response	3	4906827	18448	1
36	272	Picture	ITI	4907929	0	1	25491	1	0	next	other	0
36	273	Sound	test	4920150	0	1			0		other	0
36	273	Picture	response	4933420	13269	1	4832	1	13100	25000	incorrect	645
36	273	Port Input	2	4938157	18007	1
36	273	Response	4	4938157	18007	1
36	274	Picture	ITI	4939251	0	1	25324	1	0	next	other	0
36	275	Sound	test	4954392	0	1			0		other	0
36	275	Picture	response	4964575	10183	1	4832	1	10000	25000	incorrect	650
36	275	Port Input	2	4969237	14845	1
36	275	Response	4	4969237	14845	1
36	276	Picture	ITI	4970240	0	1	20993	1	0	next	other	0
36	277	Sound	test	4981051	0	1			0		other	0
36	277	Picture	response	4991232	10181	1	3832	1	10000	25000	incorrect	655
36	277	Port Input	2	4994923	13872	1
36	277	Response	4	4994923	13872	1
36	278	Picture	ITI	4995898	0	1	25991	1	0	next	other	0
36	279	Sound	test	5007779	0	1			0		other	0
36	279	Picture	response	5021888	14109	1	3999	1	14020	25000	incorrect	660
36	279	Port Input	1	5025785	18006	1
36	279	Response	3	5025785	18006	1
36	280	Picture	ITI	5026887	0	1	24491	1	0	next	other	0
36	281	Sound	test	5039038	0	1			0		other	0
36	281	Picture	response	5051378	12340	1	3166	1	12250	25000	incorrect	665
36	281	Port Input	2	5054397	15359	1
36	281	Response	4	5054397	15359	1
36	282	Picture	ITI	5055376	0	1	24991	1	0	next	other	0
36	283	Sound	test	5068818	0	1			0		other	0
36	283	Picture	response	5080368	11550	1	3832	1	11450	25000	incorrect	670
36	283	Port Input	2	5084082	15264	1
36	283	Response	4	5084082	15264	1
36	284	Picture	ITI	5085199	0	1	30156	1	0	next	other	0
36	285	Sound	test	5100250	0	1			0		other	0
36	285	Picture	response	5115355	15105	1	4498	1	15000	25000	incorrect	675
36	285	Port Input	1	5119680	19430	1
36	285	Response	3	5119680	19430	1
36	286	Picture	ITI	5120687	0	1	28823	1	0	next	other	0
36	287	Sound	test	5139418	0	1			0		other	0
36	287	Picture	response	5149510	10092	1	4832	1	10000	25000	incorrect	680
36	287	Port Input	2	5154196	14779	1
36	287	Response	4	5154196	14779	1
36	288	Picture	ITI	5155174	0	1	29156	1	0	next	other	0
36	289	Sound	test	5169306	0	1			0		other	0
36	289	Picture	response	5184331	15025	1	2166	1	15000	25000	incorrect	685
36	289	Port Input	1	5186432	17126	1
36	289	Response	3	5186432	17126	1
36	290	Picture	ITI	5187496	0	1	31822	1	0	next	other	0
36	291	Sound	test	5206918	0	1			0		other	0
36	291	Picture	response	5219318	12401	1	12496	1	12250	25000	incorrect	690
36	291	Port Input	2	5231673	24755	1
36	291	Response	4	5231673	24755	1
36	292	Picture	ITI	5232814	0	1	28990	1	0	next	other	0
36	293	Sound	test	5250225	0	2			0		other	0
36	293	Picture	response	5261803	11578	1	6498	1	11450	25000	incorrect	695
36	293	Port Input	2	5268177	17952	1
36	293	Response	4	5268177	17952	1
36	294	Picture	ITI	5269301	0	1	25324	1	0	next	other	0
36	295	Sound	test	5284462	0	1			0		other	0
36	295	Picture	response	5294625	10163	1	4332	1	10000	25000	incorrect	700
36	295	Port Input	2	5298757	14295	1
36	295	Response	4	5298757	14295	1
36	296	Picture	ITI	5299790	0	1	28990	1	0	next	other	0
36	297	Sound	test	5317961	0	1			0		other	0
36	297	Picture	response	5328780	10818	1	5165	1	10700	25000	incorrect	705
36	297	Port Input	2	5333867	15906	1
36	297	Response	4	5333867	15906	1
36	298	Picture	ITI	5334944	0	1	26657	1	0	next	other	0
36	299	Sound	test	5351485	0	1			0		other	0
36	299	Picture	response	5361601	10116	1	5331	1	10000	25000	incorrect	710
36	299	Port Input	2	5366769	15283	1
36	299	Response	4	5366769	15283	1
36	300	Picture	ITI	5367932	0	1	23325	1	0	next	other	0
36	301	Sound	test	5379754	0	1			0		other	0
36	301	Picture	response	5391258	11504	1	2999	1	11450	25000	incorrect	715
36	301	Port Input	1	5394184	14430	1
36	301	Response	3	5394184	14430	1
36	302	Picture	ITI	5395256	0	1	22492	1	0	next	other	0
36	303	Sound	test	5405337	0	1			0		other	0
36	303	Picture	response	5417748	12411	1	3499	1	12250	25000	incorrect	720
36	303	Port Input	1	5421203	15866	1
36	303	Response	3	5421203	15866	1
36	304	Picture	ITI	5422247	0	1	27490	1	0	next	other	0
36	305	Sound	test	5438258	0	1			0		other	0
36	305	Picture	response	5449737	11479	1	4498	1	11450	25000	incorrect	725
36	305	Port Input	2	5454147	15889	1
36	305	Response	4	5454147	15889	1
36	306	Picture	ITI	5455235	0	1	28490	1	0	next	other	0
36	307	Sound	test	5473687	0	2			0		other	0
36	307	Picture	response	5483725	10038	1	4165	1	10000	25000	incorrect	730
36	307	Port Input	2	5487746	14060	1
36	307	Response	4	5487746	14060	1
36	308	Picture	ITI	5488890	0	1	27157	1	0	next	other	0
36	309	Sound	test	5502891	0	1			0		other	0
36	309	Picture	response	5516047	13155	1	9497	1	13100	25000	incorrect	735
36	309	Port Input	1	5525480	22588	1
36	309	Response	3	5525480	22588	1
36	310	Picture	ITI	5526543	0	1	23992	1	0	next	other	0
36	311	Sound	test	5540394	0	1			0		other	0
36	311	Picture	response	5550534	10140	1	5331	1	10000	25000	incorrect	740
36	311	Port Input	2	5555706	15312	1
36	311	Response	4	5555706	15312	1
36	312	Picture	ITI	5556699	0	1	23658	1	0	next	other	0
36	313	Sound	test	5570190	0	1			0		other	0
36	313	Picture	response	5580357	10167	1	3832	1	10000	25000	incorrect	745
36	313	Port Input	2	5584110	13920	1
36	313	Response	4	5584110	13920	1
36	314	Picture	ITI	5585189	0	1	26824	1	0	next	other	0
36	315	Sound	test	5596890	0	1			0		other	0
36	315	Picture	response	5612013	15123	1	2999	1	15000	25000	incorrect	750
36	315	Port Input	1	5614846	17956	1
36	315	Response	3	5614846	17956	1
36	316	Picture	ITI	5616011	0	1	33155	1	0	next	other	0
36	317	Sound	test	5634043	0	1			0		other	0
36	317	Picture	response	5649166	15124	1	3665	1	15000	25000	incorrect	755
36	317	Port Input	1	5652663	18620	1
36	317	Response	3	5652663	18620	1
36	318	Picture	ITI	5653665	0	1	24158	1	0	next	other	0
36	319	Sound	test	5667086	0	1			0		other	0
36	319	Picture	response	5677823	10737	1	5165	1	10700	25000	incorrect	760
36	319	Port Input	2	5682910	15824	1
36	319	Response	4	5682910	15824	1
36	441	Picture	resume	6893559	0	1	10330	1	0	next	other	0
36	441	Port Input	2	6902589	9030	1
36	441	Response	4	6902589	9030	1
36	442	Picture	ITI	6903889	0	1	10163	1	0	next	other	0
36	443	Picture	ITI	6914052	0	1	34155	1	0	next	other	0
36	444	Sound	test	6933133	0	1			0		other	0
36	444	Picture	response	6948206	15073	1	2832	1	15000	25000	incorrect	769
36	444	Port Input	1	6950838	17705	1
36	444	Response	3	6950838	17705	1
36	445	Picture	ITI	6951872	0	1	28323	1	0	next	other	0
36	446	Sound	test	6965143	0	1			0		other	0
36	446	Picture	response	6980195	15052	1	2499	1	15000	25000	incorrect	774
36	446	Port Input	1	6982512	17369	1
36	446	Response	3	6982512	17369	1
36	447	Picture	ITI	6983527	0	1	25991	1	0	next	other	0
36	448	Sound	test	6994378	0	1			0		other	0
36	448	Picture	response	7009518	15140	1	2332	1	15000	25000	incorrect	779
36	448	Port Input	1	7011686	17308	1
36	448	Response	3	7011686	17308	1
36	449	Picture	ITI	7012850	0	1	24825	1	0	next	other	0
36	450	Sound	test	7026801	0	1			0		other	0
36	450	Picture	response	7037675	10873	1	5498	1	10700	25000	incorrect	784
36	450	Port Input	2	7043027	16226	1
36	450	Response	4	7043027	16226	1
36	451	Picture	ITI	7044006	0	1	32322	1	0	next	other	0
36	452	Sound	test	7063137	0	1			0		other	0
36	452	Picture	response	7076328	13191	1	4498	1	13100	25000	incorrect	789
36	452	Port Input	2	7080719	17582	1
36	452	Response	4	7080719	17582	1
36	453	Picture	ITI	7081826	0	1	30822	1	0	next	other	0
36	454	Sound	test	7097537	0	1			0		other	0
36	454	Picture	response	7112648	15111	1	2999	1	15000	25000	incorrect	794
36	454	Port Input	1	7115609	18073	1
36	454	Response	3	7115609	18073	1
36	455	Picture	ITI	7116647	0	1	27157	1	0	next	other	0
36	456	Sound	test	7130678	0	1			0		other	0
36	456	Picture	response	7143804	13126	1	6331	1	13100	25000	incorrect	799
36	456	Port Input	2	7150032	19354	1
36	456	Response	4	7150032	19354	1
36	457	Picture	ITI	7151134	0	1	29323	1	0	next	other	0
36	458	Sound	test	7166316	0	1			0		other	0
36	458	Picture	response	7180457	14142	1	4498	1	14020	25000	incorrect	804
36	458	Port Input	1	7184787	18471	1
36	458	Response	3	7184787	18471	1
36	459	Picture	ITI	7185955	0	1	22159	1	0	next	other	0
36	460	Sound	test	7196597	0	1			0		other	0
36	460	Picture	response	7208114	11518	1	4165	1	11450	25000	incorrect	809
36	460	Port Input	2	7212077	15480	1
36	460	Response	4	7212077	15480	1
36	461	Picture	ITI	7213112	0	1	21659	1	0	next	other	0
36	462	Sound	test	7223294	0	1			0		other	0
36	462	Picture	response	7234772	11478	1	6831	1	11450	25000	incorrect	814
36	462	Port Input	2	7241554	18260	1
36	462	Response	4	7241554	18260	1
36	463	Picture	ITI	7242602	0	1	29490	1	0	next	other	0
36	464	Sound	test	7257013	0	1			0		other	0
36	464	Picture	response	7272092	15078	1	3999	1	15000	25000	incorrect	819
36	464	Port Input	1	7276018	19004	1
36	464	Response	3	7276018	19004	1
36	465	Picture	ITI	7277090	0	1	25824	1	0	next	other	0
36	466	Sound	test	7289771	0	1			0		other	0
36	466	Picture	response	7302914	13143	1	6331	1	13100	25000	incorrect	824
36	466	Port Input	2	7309045	19274	1
36	466	Response	4	7309045	19274	1
36	467	Picture	ITI	7310078	0	1	27157	1	0	next	other	0
36	468	Sound	test	7322059	0	1			0		other	0
36	468	Picture	response	7337235	15176	1	3499	1	15000	25000	incorrect	829
36	468	Port Input	1	7340687	18628	1
36	468	Response	3	7340687	18628	1
36	469	Picture	ITI	7341734	0	1	29156	1	0	next	other	0
36	470	Sound	test	7357705	0	1			0		other	0
36	470	Picture	response	7370890	13185	1	15828	1	13100	25000	incorrect	834
36	470	Port Input	1	7386552	28847	1
36	470	Response	3	7386552	28847	1
36	471	Picture	ITI	7387551	0	1	28990	1	0	next	other	0
36	472	Sound	test	7402332	0	1			0		other	0
36	472	Picture	response	7416540	14209	1	11663	1	14020	25000	incorrect	839
36	472	Port Input	1	7428096	25764	1
36	472	Response	3	7428096	25764	1
36	473	Picture	ITI	7429203	0	1	27490	1	0	next	other	0
36	474	Sound	test	7441624	0	1			0		other	0
36	474	Picture	response	7456693	15069	1	3499	1	15000	25000	incorrect	844
36	474	Port Input	1	7460051	18427	1
36	474	Response	3	7460051	18427	1
36	475	Picture	ITI	7461025	0	1	25824	1	0	next	other	0
36	476	Sound	test	7476676	0	1			0		other	0
36	476	Picture	response	7486849	10173	1	5165	1	10000	25000	incorrect	849
36	476	Port Input	1	7491933	15257	1
36	476	Response	3	7491933	15257	1
36	477	Picture	ITI	7493013	0	1	20993	1	0	next	other	0
36	478	Sound	test	7503815	0	1			0		other	0
36	478	Picture	response	7514006	10191	1	5998	1	10000	25000	incorrect	854
36	478	Port Input	2	7519868	16054	1
36	478	Response	4	7519868	16054	1
36	479	Picture	ITI	7521003	0	1	25491	1	0	next	other	0
36	480	Sound	test	7535605	0	1			0		other	0
36	480	Picture	response	7546494	10890	1	5498	1	10700	25000	incorrect	859
36	480	Port Input	2	7551927	16322	1
36	480	Response	4	7551927	16322	1
36	481	Picture	ITI	7552992	0	1	30656	1	0	next	other	0
36	482	Sound	test	7568523	0	1			0		other	0
36	482	Picture	response	7583648	15125	1	2832	1	15000	25000	incorrect	864
36	482	Port Input	1	7586443	17920	1
36	482	Response	3	7586443	17920	1
36	483	Picture	ITI	7587480	0	1	25658	1	0	next	other	0
36	484	Sound	test	7600741	0	1			0		other	0
36	484	Picture	response	7613138	12396	1	5831	1	12250	25000	incorrect	869
36	484	Port Input	1	7618877	18136	1
36	484	Response	3	7618877	18136	1
36	485	Picture	ITI	7619968	0	1	25824	1	0	next	other	0
36	486	Sound	test	7633460	0	1			0		other	0
36	486	Picture	response	7645793	12333	1	4998	1	12250	25000	incorrect	874
36	486	Port Input	1	7650706	17247	1
36	486	Response	3	7650706	17247	1
36	487	Picture	ITI	7651790	0	1	27990	1	0	next	other	0
36	488	Sound	test	7669692	0	1			0		other	0
36	488	Picture	response	7679781	10089	1	4832	1	10000	25000	incorrect	879
36	488	Port Input	2	7684545	14854	1
36	488	Response	4	7684545	14854	1
36	489	Picture	ITI	7685612	0	1	33988	1	0	next	other	0
36	490	Sound	test	7704413	0	1			0		other	0
36	490	Picture	response	7719600	15187	1	3499	1	15000	25000	incorrect	884
36	490	Port Input	1	7723039	18626	1
36	490	Response	3	7723039	18626	1
36	491	Picture	ITI	7724098	0	1	26324	1	0	next	other	0
36	492	Sound	test	7738889	0	1			0		other	0
36	492	Picture	response	7750422	11533	1	4665	1	11450	25000	incorrect	889
36	492	Port Input	2	7754931	16042	1
36	492	Response	4	7754931	16042	1
36	493	Picture	ITI	7755920	0	1	22659	1	0	next	other	0
36	494	Sound	test	7767072	0	1			0		other	0
36	494	Picture	response	7778579	11507	1	4498	1	11450	25000	incorrect	894
36	494	Port Input	2	7783023	15951	1
36	494	Response	4	7783023	15951	1
36	495	Picture	ITI	7784077	0	1	24991	1	0	next	other	0
36	496	Sound	test	7797518	0	1			0		other	0
36	496	Picture	response	7809068	11550	1	5498	1	11450	25000	incorrect	899
36	496	Port Input	2	7814478	16960	1
36	496	Response	4	7814478	16960	1
36	497	Picture	ITI	7815566	0	1	24658	1	0	next	other	0
36	498	Sound	test	7826057	0	1			0		other	0
36	498	Picture	response	7840224	14167	1	2832	1	14020	25000	incorrect	904
36	498	Port Input	1	7843017	16960	1
36	498	Response	3	7843017	16960	1
36	499	Picture	ITI	7844056	0	1	24658	1	0	next	other	0
36	500	Sound	test	7856317	0	1			0		other	0
36	500	Picture	response	7868714	12397	1	4998	1	12250	25000	incorrect	909
36	500	Port Input	1	7873514	17197	1
36	500	Response	3	7873514	17197	1
36	501	Picture	ITI	7874545	0	1	32988	1	0	next	other	0
36	502	Sound	test	7893336	0	1			0		other	0
36	502	Picture	response	7907533	14197	1	2666	1	14020	25000	incorrect	914
36	502	Port Input	1	7909998	16662	1
36	502	Response	3	7909998	16662	1
36	503	Picture	ITI	7911032	0	1	26990	1	0	next	other	0
36	504	Sound	test	7927933	0	1			0		other	0
36	504	Picture	response	7938022	10089	1	4332	1	10000	25000	incorrect	919
36	504	Port Input	2	7942307	14373	1
36	504	Response	4	7942307	14373	1
36	505	Picture	ITI	7943354	0	1	29323	1	0	next	other	0
36	506	Sound	test	7961105	0	1			0		other	0
36	506	Picture	response	7972677	11572	1	11496	1	11450	25000	incorrect	924
36	506	Port Input	1	7984090	22985	1
36	506	Response	3	7984090	22985	1
36	507	Picture	ITI	7985173	0	1	23991	1	0	next	other	0
36	508	Sound	test	7996774	0	1			0		other	0
36	508	Picture	response	8009164	12390	1	3999	1	12250	25000	incorrect	929
36	508	Port Input	1	8012984	16210	1
36	508	Response	3	8012984	16210	1
36	509	Picture	ITI	8013996	0	1	25991	1	0	next	other	0
36	510	Sound	test	8029857	0	1			0		other	0
36	510	Picture	response	8039986	10130	1	5831	1	10000	25000	incorrect	934
36	510	Port Input	2	8045688	15831	1
36	510	Response	4	8045688	15831	1
36	511	Picture	ITI	8046817	0	1	31989	1	0	next	other	0
36	512	Sound	test	8065649	0	1			0		other	0
36	512	Picture	response	8078806	13157	1	2832	1	13100	25000	incorrect	939
36	512	Port Input	1	8081579	15930	1
36	512	Response	3	8081579	15930	1
36	513	Picture	ITI	8082638	0	1	25491	1	0	next	other	0
36	514	Sound	test	8097309	0	1			0		other	0
36	514	Picture	response	8108129	10820	1	4832	1	10700	25000	incorrect	944
36	514	Port Input	2	8112783	15474	1
36	514	Response	4	8112783	15474	1
36	515	Picture	ITI	8113794	0	1	29656	1	0	next	other	0
36	516	Sound	test	8131125	0	1			0		other	0
36	516	Picture	response	8143450	12325	1	3665	1	12250	25000	incorrect	949
36	516	Port Input	1	8146977	15852	1
36	516	Response	3	8146977	15852	1
36	517	Picture	ITI	8148115	0	1	33821	1	0	next	other	0
36	518	Sound	test	8166816	0	1			0		other	0
36	518	Picture	response	8181936	15120	1	2666	1	15000	25000	incorrect	954
36	518	Port Input	1	8184543	17727	1
36	518	Response	3	8184543	17727	1
36	519	Picture	ITI	8185602	0	1	23492	1	0	next	other	0
36	520	Sound	test	8196673	0	1			0		other	0
36	520	Picture	response	8209093	12421	1	4498	1	12250	25000	incorrect	959
36	520	Port Input	1	8213541	16868	1
36	520	Response	3	8213541	16868	1
36	521	Picture	ITI	8214591	0	1	27490	1	0	next	other	0
36	522	Sound	test	8231962	0	1			0		other	0
36	522	Picture	response	8242082	10119	1	4332	1	10000	25000	incorrect	964
36	522	Port Input	2	8246214	14252	1
36	522	Response	4	8246214	14252	1
36	523	Picture	ITI	8247246	0	1	27157	1	0	next	other	0
36	524	Sound	test	8259348	0	1			0		other	0
36	524	Picture	response	8274403	15056	1	1999	1	15000	25000	incorrect	969
36	524	Port Input	1	8276347	16999	1
36	524	Response	3	8276347	16999	1
36	525	Picture	ITI	8277402	0	1	22492	1	0	next	other	0
36	526	Sound	test	8288273	0	1			0		other	0
36	526	Picture	response	8299894	11621	1	7664	1	11450	25000	incorrect	974
36	526	Port Input	1	8307447	19174	1
36	526	Response	3	8307447	19174	1
36	527	Picture	ITI	8308391	0	1	27990	1	0	next	other	0
36	528	Sound	test	8323972	0	1			0		other	0
36	528	Picture	response	8336381	12409	1	3665	1	12250	25000	incorrect	979
36	528	Port Input	1	8339933	15961	1
36	528	Response	3	8339933	15961	1
36	529	Picture	ITI	8340880	0	1	23825	1	0	next	other	0
36	530	Sound	test	8353911	0	1			0		other	0
36	530	Picture	response	8364705	10794	1	4832	1	10700	25000	incorrect	984
36	530	Port Input	2	8369410	15499	1
36	530	Response	4	8369410	15499	1
36	531	Picture	ITI	8370536	0	1	26324	1	0	next	other	0
36	532	Sound	test	8386767	0	1			0		other	0
36	532	Picture	response	8396860	10093	1	4332	1	10000	25000	incorrect	989
36	532	Port Input	2	8401021	14253	1
36	532	Response	4	8401021	14253	1
36	533	Picture	ITI	8402025	0	1	23492	1	0	next	other	0
36	534	Sound	test	8413146	0	1			0		other	0
36	534	Picture	response	8425517	12371	1	4498	1	12250	25000	incorrect	994
36	534	Port Input	1	8429966	16820	1
36	534	Response	3	8429966	16820	1
36	535	Picture	ITI	8431015	0	1	29323	1	0	next	other	0
36	536	Sound	test	8450156	0	1			0		other	0
36	536	Picture	response	8460338	10182	1	5998	1	10000	25000	incorrect	999
36	536	Port Input	2	8466159	16003	1
36	536	Response	4	8466159	16003	1
36	537	Picture	ITI	8467168	0	1	26324	1	0	next	other	0
36	538	Sound	test	8479320	0	1			0		other	0
36	538	Picture	response	8493493	14173	1	2999	1	14020	25000	incorrect	1004
36	538	Port Input	1	8496416	17096	1
36	538	Response	3	8496416	17096	1
36	539	Picture	ITI	8497491	0	1	31489	1	0	next	other	0
36	540	Sound	test	8513932	0	1			0		other	0
36	540	Picture	response	8528980	15048	1	11163	1	15000	25000	incorrect	1009
36	540	Port Input	1	8540032	26100	1
36	540	Response	3	8540032	26100	1
36	541	Picture	ITI	8540976	0	1	29656	1	0	next	other	0
36	542	Sound	test	8560587	0	1			0		other	0
36	542	Picture	response	8570632	10045	1	5665	1	10000	25000	incorrect	1014
36	542	Port Input	2	8576224	15638	1
36	542	Response	4	8576224	15638	1
36	543	Picture	ITI	8577296	0	1	30656	1	0	next	other	0
36	544	Sound	test	8595537	0	1			0		other	0
36	544	Picture	response	8607952	12415	1	4498	1	12250	25000	incorrect	1019
36	544	Port Input	1	8612406	16869	1
36	544	Response	3	8612406	16869	1
36	545	Picture	ITI	8613450	0	1	21992	1	0	next	other	0
36	546	Sound	test	8625381	0	1			0		other	0
36	546	Picture	response	8635442	10061	1	5165	1	10000	25000	incorrect	1024
36	546	Port Input	2	8640529	15148	1
36	546	Response	4	8640529	15148	1
36	547	Picture	ITI	8641607	0	1	28323	1	0	next	other	0
36	548	Sound	test	8657648	0	1			0		other	0
36	548	Picture	response	8669930	12282	1	9330	1	12250	25000	incorrect	1029
36	548	Port Input	1	8679096	21448	1
36	548	Response	3	8679096	21448	1
36	549	Picture	ITI	8680093	0	1	28990	1	0	next	other	0
36	550	Sound	test	8695944	0	1			0		other	0
36	550	Picture	response	8709083	13139	1	4998	1	13100	25000	incorrect	1034
36	550	Port Input	1	8713903	17959	1
36	550	Response	3	8713903	17959	1
36	551	Picture	ITI	8714914	0	1	24325	1	0	next	other	0
36	552	Sound	test	8725115	0	1			0		other	0
36	552	Picture	response	8739239	14124	1	3999	1	14020	25000	incorrect	1039
36	552	Port Input	1	8743119	18004	1
36	552	Response	3	8743119	18004	1
36	553	Picture	ITI	8744070	0	1	28323	1	0	next	other	0
36	554	Sound	test	8759982	0	1			0		other	0
36	554	Picture	response	8772394	12412	1	4832	1	12250	25000	incorrect	1044
36	554	Port Input	2	8777104	17123	1
36	554	Response	4	8777104	17123	1
36	555	Picture	ITI	8778225	0	1	33155	1	0	next	other	0
36	556	Sound	test	8798116	0	1			0		other	0
36	556	Picture	response	8811380	13264	1	6831	1	13100	25000	incorrect	1049
36	556	Port Input	1	8818169	20053	1
36	556	Response	3	8818169	20053	1
36	557	Picture	ITI	8819211	0	1	26491	1	0	next	other	0
36	558	Sound	test	8830512	0	1			0		other	0
36	558	Picture	response	8845701	15189	1	333	1	15000	25000	incorrect	1054
36	558	Port Input	2	8845897	15385	1
36	558	Response	4	8845897	15385	1
36	559	Picture	ITI	8846867	0	1	23325	1	0	next	other	0
36	560	Sound	test	8858559	0	1			0		other	0
36	560	Picture	response	8870192	11634	1	4332	1	11450	25000	incorrect	1059
36	560	Port Input	1	8874384	15826	1
36	560	Response	3	8874384	15826	1
36	561	Picture	ITI	8875357	0	1	24658	1	0	next	other	0
36	562	Sound	test	8889278	0	1			0		other	0
36	562	Picture	response	8900015	10737	1	5831	1	10700	25000	incorrect	1064
36	562	Port Input	2	8905766	16488	1
36	562	Response	4	8905766	16488	1
36	563	Picture	ITI	8906846	0	1	29490	1	0	next	other	0
36	564	Sound	test	8923907	0	1			0		other	0
36	564	Picture	response	8936336	12428	1	3332	1	12250	25000	incorrect	1069
36	564	Port Input	1	8939616	15708	1
36	564	Response	3	8939616	15708	1
36	565	Picture	ITI	8940668	0	1	22492	1	0	next	other	0
36	566	Sound	test	8952369	0	1			0		other	0
36	566	Picture	response	8963160	10791	1	14828	1	10700	25000	incorrect	1074
36	566	Port Input	2	8977901	25532	1
36	566	Response	4	8977901	25532	1
36	567	Picture	ITI	8978987	0	1	23492	1	0	next	other	0
36	568	Sound	test	8989238	0	1			0		other	0
36	568	Picture	response	9002479	13241	1	2666	1	13100	25000	incorrect	1079
36	568	Port Input	1	9005108	15869	1
36	568	Response	3	9005108	15869	1
36	569	Picture	ITI	9006144	0	1	25658	1	0	next	other	0
36	570	Sound	test	9021696	0	1			0		other	0
36	570	Picture	response	9031802	10106	1	6164	1	10000	25000	incorrect	1084
36	570	Port Input	2	9037906	16210	1
36	570	Response	4	9037906	16210	1
36	571	Picture	ITI	9038966	0	1	30156	1	0	next	other	0
36	572	Sound	test	9055957	0	1			0		other	0
36	572	Picture	response	9069122	13165	1	3999	1	13100	25000	incorrect	1089
36	572	Port Input	1	9073067	17110	1
36	572	Response	3	9073067	17110	1
36	573	Picture	ITI	9074120	0	1	30989	1	0	next	other	0
36	574	Sound	test	9091881	0	1			0		other	0
36	574	Picture	response	9105109	13228	1	2999	1	13100	25000	incorrect	1094
36	574	Port Input	1	9108010	16129	1
36	574	Response	3	9108010	16129	1
36	575	Picture	ITI	9109108	0	1	24325	1	0	next	other	0
36	576	Sound	test	9122619	0	1			0		other	0
36	576	Picture	response	9133433	10814	1	8664	1	10700	25000	incorrect	1099
36	576	Port Input	1	9142005	19386	1
36	576	Response	3	9142005	19386	1
36	577	Picture	ITI	9143096	0	1	28323	1	0	next	other	0
36	578	Sound	test	9156367	0	1			0		other	0
36	578	Picture	response	9171419	15052	1	1999	1	15000	25000	incorrect	1104
36	578	Port Input	1	9173221	16854	1
36	578	Response	3	9173221	16854	1
36	579	Picture	ITI	9174251	0	1	27324	1	0	next	other	0
36	580	Sound	test	9187433	0	1			0		other	0
36	580	Picture	response	9201575	14143	1	4998	1	14020	25000	incorrect	1109
36	580	Port Input	1	9206425	18992	1
36	580	Response	3	9206425	18992	1
36	581	Picture	ITI	9207573	0	1	29989	1	0	next	other	0
36	582	Sound	test	9222414	0	1			0		other	0
36	582	Picture	response	9237562	15148	1	1500	1	15000	25000	incorrect	1114
36	582	Port Input	1	9238879	16465	1
36	582	Response	3	9238879	16465	1
36	583	Picture	ITI	9239895	0	1	24658	1	0	next	other	0
36	584	Sound	test	9254526	0	1			0		other	0
36	584	Picture	response	9264553	10027	1	4332	1	10000	25000	incorrect	1119
36	584	Port Input	2	9268793	14267	1
36	584	Response	4	9268793	14267	1
36	585	Picture	ITI	9269884	0	1	26491	1	0	next	other	0
36	586	Sound	test	9286275	0	1			0		other	0
36	586	Picture	response	9296375	10099	1	4165	1	10000	25000	incorrect	1124
36	586	Port Input	2	9300362	14087	1
36	586	Response	4	9300362	14087	1
36	587	Picture	ITI	9301373	0	1	28157	1	0	next	other	0
36	588	Sound	test	9316294	0	1			0		other	0
36	588	Picture	response	9329530	13236	1	7331	1	13100	25000	incorrect	1129
36	588	Port Input	1	9336763	20469	1
36	588	Response	3	9336763	20469	1
36	589	Picture	ITI	9337860	0	1	24325	1	0	next	other	0
36	590	Sound	test	9348111	0	1			0		other	0
36	590	Picture	response	9362185	14074	1	2832	1	14020	25000	incorrect	1134
36	590	Port Input	1	9364907	16795	1
36	590	Response	3	9364907	16795	1
36	591	Picture	ITI	9365850	0	1	22159	1	0	next	other	0
36	592	Sound	test	9376371	0	1			0		other	0
36	592	Picture	response	9388009	11638	1	3499	1	11450	25000	incorrect	1139
36	592	Port Input	2	9391416	15044	1
36	592	Response	4	9391416	15044	1
36	593	Picture	ITI	9392508	0	1	22325	1	0	next	other	0
36	594	Sound	test	9404059	0	1			0		other	0
36	594	Picture	response	9414833	10774	1	4832	1	10700	25000	incorrect	1144
36	594	Port Input	2	9419528	15469	1
36	594	Response	4	9419528	15469	1
36	595	Picture	ITI	9420664	0	1	22659	1	0	next	other	0
36	596	Sound	test	9432545	0	1			0		other	0
36	596	Picture	response	9443323	10777	1	4832	1	10700	25000	incorrect	1149
36	596	Port Input	2	9447974	15429	1
36	596	Response	4	9447974	15429	1
36	597	Picture	ITI	9448988	0	1	25324	1	0	next	other	0
36	598	Sound	test	9461969	0	1			0		other	0
36	598	Picture	response	9474312	12343	1	6831	1	12250	25000	incorrect	1154
36	598	Port Input	1	9481053	19085	1
36	598	Response	3	9481053	19085	1
36	599	Picture	ITI	9482142	0	1	21659	1	0	next	other	0
36	600	Sound	test	9492254	0	1			0		other	0
36	600	Picture	response	9503801	11548	1	3999	1	11450	25000	incorrect	1159
36	600	Port Input	1	9507729	15475	1
36	600	Response	3	9507729	15475	1
36	601	Picture	ITI	9508800	0	1	30489	1	0	next	other	0
36	602	Sound	test	9528531	0	1			0		other	0
36	602	Picture	response	9539289	10758	1	3499	1	10700	25000	incorrect	1164
36	602	Port Input	2	9542693	14162	1
36	602	Response	4	9542693	14162	1
36	603	Picture	ITI	9543787	0	1	30822	1	0	next	other	0
36	604	Sound	test	9560439	0	1			0		other	0
36	604	Picture	response	9574610	14171	1	3332	1	14020	25000	incorrect	1169
36	604	Port Input	1	9577886	17447	1
36	604	Response	3	9577886	17447	1
36	605	Picture	ITI	9578942	0	1	29323	1	0	next	other	0
36	606	Sound	test	9598133	0	1			0		other	0
36	606	Picture	response	9608264	10132	1	6498	1	10000	25000	incorrect	1174
36	606	Port Input	2	9614567	16434	1
36	606	Response	4	9614567	16434	1
36	607	Picture	ITI	9615595	0	1	21326	1	0	next	other	0
36	608	Sound	test	9626176	0	1			0		other	0
36	608	Picture	response	9636921	10745	1	3832	1	10700	25000	incorrect	1179
36	608	Port Input	2	9640691	14515	1
36	608	Response	4	9640691	14515	1
36	609	Picture	ITI	9641753	0	1	24658	1	0	next	other	0
36	610	Sound	test	9654774	0	1			0		other	0
36	610	Picture	response	9666411	11637	1	6998	1	11450	25000	incorrect	1184
36	610	Port Input	2	9673260	18486	1
36	610	Response	4	9673260	18486	1
36	611	Picture	ITI	9674241	0	1	24658	1	0	next	other	0
36	612	Sound	test	9688742	0	1			0		other	0
36	612	Picture	response	9698899	10157	1	4332	1	10000	25000	incorrect	1189
36	612	Port Input	2	9703143	14400	1
36	612	Response	4	9703143	14400	1
36	613	Picture	ITI	9704231	0	1	33655	1	0	next	other	0
36	614	Sound	test	9723732	0	1			0		other	0
36	614	Picture	response	9737885	14154	1	2666	1	14020	25000	incorrect	1194
36	614	Port Input	2	9740480	16748	1
36	614	Response	4	9740480	16748	1
36	615	Picture	ITI	9741551	0	1	25324	1	0	next	other	0
36	616	Sound	test	9753672	0	1			0		other	0
36	616	Picture	response	9766875	13203	1	4998	1	13100	25000	incorrect	1199
36	616	Port Input	1	9771779	18107	1
36	616	Response	3	9771779	18107	1
36	617	Picture	ITI	9772873	0	1	22492	1	0	next	other	0
36	618	Sound	test	9784494	0	1			0		other	0
36	618	Picture	response	9795365	10871	1	8830	1	10700	25000	incorrect	1204
36	618	Port Input	2	9804025	19531	1
36	618	Response	4	9804025	19531	1
36	619	Picture	ITI	9805195	0	1	23159	1	0	next	other	0
36	620	Sound	test	9817586	0	1			0		other	0
36	620	Picture	response	9828353	10767	1	4498	1	10700	25000	incorrect	1209
36	620	Port Input	2	9832679	15093	1
36	620	Response	4	9832679	15093	1
36	621	Picture	ITI	9833685	0	1	33488	1	0	next	other	0
36	622	Sound	test	9853086	0	1			0		other	0
36	622	Picture	response	9867173	14087	1	5498	1	14020	25000	incorrect	1214
36	622	Port Input	1	9872484	19398	1
36	622	Response	3	9872484	19398	1
36	623	Picture	ITI	9873504	0	1	26824	1	0	next	other	0
36	624	Sound	test	9885165	0	1			0		other	0
36	624	Picture	response	9900328	15163	1	3166	1	15000	25000	incorrect	1219
36	624	Port Input	1	9903325	18160	1
36	624	Response	3	9903325	18160	1
36	625	Picture	ITI	9904493	0	1	31655	1	0	next	other	0
36	626	Sound	test	9921114	0	1			0		other	0
36	626	Picture	response	9936148	15034	1	2333	1	15000	25000	incorrect	1224
36	626	Port Input	1	9938424	17310	1
36	626	Response	3	9938424	17310	1
36	627	Picture	ITI	9939481	0	1	33322	1	0	next	other	0
36	628	Sound	test	9957692	0	1			0		other	0
36	628	Picture	response	9972802	15110	1	3499	1	15000	25000	incorrect	1229
36	628	Port Input	1	9976168	18476	1
36	628	Response	3	9976168	18476	1
36	629	Picture	ITI	9977134	0	1	26491	1	0	next	other	0
36	630	Sound	test	9990365	0	1			0		other	0
36	630	Picture	response	10003624	13259	1	10330	1	13100	25000	incorrect	1234
36	630	Port Input	1	10013776	23411	1
36	630	Response	3	10013776	23411	1
36	631	Picture	ITI	10014787	0	1	23492	1	0	next	other	0
36	632	Sound	test	10028248	0	1			0		other	0
36	632	Picture	response	10038279	10031	1	6998	1	10000	25000	incorrect	1239
36	632	Port Input	2	10045168	16920	1
36	632	Response	4	10045168	16920	1
36	633	Picture	ITI	10046276	0	1	30489	1	0	next	other	0
36	634	Sound	test	10063627	0	1			0		other	0
36	634	Picture	response	10076765	13138	1	4165	1	13100	25000	incorrect	1244
36	634	Port Input	1	10080871	17244	1
36	634	Response	3	10080871	17244	1
36	635	Picture	ITI	10081930	0	1	32655	1	0	next	other	0
36	636	Sound	test	10100511	0	1			0		other	0
36	636	Picture	response	10114585	14074	1	15161	1	14020	25000	incorrect	1249
36	636	Port Input	1	10129589	29078	1
36	636	Response	3	10129589	29078	1
36	637	Picture	ITI	10130580	0	1	31489	1	0	next	other	0
36	638	Sound	test	10149771	0	1			0		other	0
36	638	Picture	response	10162068	12298	1	6997	1	12250	25000	incorrect	1254
36	638	Port Input	1	10168874	19103	1
36	638	Response	3	10168874	19103	1
36	639	Picture	ITI	10169899	0	1	21826	1	0	next	other	0
36	640	Sound	test	10181610	0	1			0		other	0
36	640	Picture	response	10191725	10114	1	10163	1	10000	25000	incorrect	1259
36	640	Port Input	2	10201849	20239	1
36	640	Response	4	10201849	20239	1
36	641	Picture	ITI	10202887	0	1	24991	1	0	next	other	0
36	642	Sound	test	10216278	0	1			0		other	0
36	642	Picture	response	10227878	11600	1	4165	1	11450	25000	incorrect	1264
36	642	Port Input	2	10231992	15713	1
36	642	Response	4	10231992	15713	1
36	643	Picture	ITI	10233043	0	1	24825	1	0	next	other	0
36	644	Sound	test	10245465	0	1			0		other	0
36	644	Picture	response	10257868	12403	1	6165	1	12250	25000	incorrect	1269
36	644	Port Input	1	10263832	18367	1
36	644	Response	3	10263832	18367	1
36	645	Picture	ITI	10264865	0	1	28490	1	0	next	other	0
36	646	Sound	test	10279266	0	1			0		other	0
36	646	Picture	response	10293355	14089	1	7497	1	14020	25000	incorrect	1274
36	646	Port Input	1	10300649	21382	1
36	646	Response	3	10300649	21382	1
36	647	Picture	ITI	10301686	0	1	32822	1	0	next	other	0
36	648	Sound	test	10321367	0	1			0		other	0
36	648	Picture	response	10334507	13141	1	5165	1	13100	25000	incorrect	1279
36	648	Port Input	1	10339475	18108	1
36	648	Response	3	10339475	18108	1
36	649	Picture	ITI	10340505	0	1	33155	1	0	next	other	0
36	650	Sound	test	10358606	0	1			0		other	0
36	650	Picture	response	10373660	15054	1	3665	1	15000	25000	incorrect	1284
36	650	Port Input	1	10377250	18644	1
36	650	Response	3	10377250	18644	1
36	651	Picture	ITI	10378325	0	1	22992	1	0	next	other	0
36	652	Sound	test	10391176	0	1			0		other	0
36	652	Picture	response	10401317	10141	1	4665	1	10000	25000	incorrect	1289
36	652	Port Input	1	10405852	14676	1
36	652	Response	3	10405852	14676	1
36	653	Picture	ITI	10406982	0	1	27490	1	0	next	other	0
36	654	Sound	test	10420263	0	1			0		other	0
36	654	Picture	response	10434472	14209	1	1833	1	14020	25000	incorrect	1294
36	654	Port Input	1	10436193	15930	1
36	654	Response	3	10436193	15930	1
36	655	Picture	ITI	10437138	0	1	27490	1	0	next	other	0
36	656	Sound	test	10449499	0	1			0		other	0
36	656	Picture	response	10464628	15129	1	2332	1	15000	25000	incorrect	1299
36	656	Port Input	1	10466804	17306	1
36	656	Response	3	10466804	17306	1
36	657	Picture	ITI	10467960	0	1	22992	1	0	next	other	0
36	658	Sound	test	10480771	0	1			0		other	0
36	658	Picture	response	10490952	10181	1	3665	1	10000	25000	incorrect	1304
36	658	Port Input	2	10494438	13667	1
36	658	Response	4	10494438	13667	1
36	659	Picture	ITI	10495450	0	1	29490	1	0	next	other	0
36	660	Sound	test	10513302	0	1			0		other	0
36	660	Picture	response	10524940	11638	1	5331	1	11450	25000	incorrect	1309
36	660	Port Input	1	10530214	16912	1
36	660	Response	3	10530214	16912	1
36	661	Picture	ITI	10531271	0	1	23492	1	0	next	other	0
36	662	Sound	test	10544662	0	1			0		other	0
36	662	Picture	response	10554763	10101	1	13329	1	10000	25000	incorrect	1314
36	662	Port Input	2	10568020	23358	1
36	662	Response	4	10568020	23358	1
36	663	Picture	ITI	10569091	0	1	27490	1	0	next	other	0
36	664	Sound	test	10585062	0	1			0		other	0
36	664	Picture	response	10596581	11519	1	6331	1	11450	25000	incorrect	1319
36	664	Port Input	1	10602786	17724	1
36	664	Response	3	10602786	17724	1
36	665	Picture	ITI	10603745	0	1	29490	1	0	next	other	0
36	666	Sound	test	10622407	0	1			0		other	0
36	666	Picture	response	10633235	10828	1	9163	1	10700	25000	incorrect	1324
36	666	Port Input	2	10642279	19872	1
36	666	Response	4	10642279	19872	1
36	667	Picture	ITI	10643231	0	1	23492	1	0	next	other	0
36	668	Sound	test	10655123	0	1			0		other	0
36	668	Picture	response	10666723	11601	1	7331	1	11450	25000	incorrect	1329
36	668	Port Input	1	10674004	18882	1
36	668	Response	3	10674004	18882	1
36	669	Picture	ITI	10675053	0	1	33655	1	0	next	other	0
36	670	Sound	test	10694615	0	1			0		other	0
36	670	Picture	response	10708708	14094	1	2666	1	14020	25000	incorrect	1334
36	670	Port Input	1	10711269	16654	1
36	670	Response	3	10711269	16654	1
36	671	Picture	ITI	10712374	0	1	29989	1	0	next	other	0
36	672	Sound	test	10731495	0	1			0		other	0
36	672	Picture	response	10742363	10868	1	5331	1	10700	25000	incorrect	1339
36	672	Port Input	2	10747638	16144	1
36	672	Response	4	10747638	16144	1
36	673	Picture	ITI	10748694	0	1	20160	1	0	next	other	0
36	674	Picture	Instruction	10768854	0	1	339909	1	0	next	other	0
36	674	Quit		11104308	335454	NA


{
   "app": "Presentation Version 20.2 Build 07.25.18",
   "device": "LENOVO 10A8S1PC00",
   "experiment": "{772213B2-5F0F-4A35-9C2F-36954700C7EA}",
   "os": "Windows 7 64 bit",
   "package": "",
   "parameters": {
      "configuration": "Default configuration"
   },
   "scenario": "Timing Task with Dynanometer.sce",
   "subject": "36",
   "timestamp": "2019/03/18 04:38:43 GMT"
}
