Scenario - Timing Task
Logfile written - 03/09/2019 10:38:47

Subject	Trial	Event Type	Code	Time	TTime	Uncertainty	Duration	Uncertainty	ReqTime	ReqDur	Stim Type	Pair Index

38	1	Picture	Instruction	666	0	1	44318	1	0	next	other	0
38	1	Response	1	39913	39246	0
38	2	Picture	ITI	44984	0	1	10496	1	0	next	other	0
38	3	Sound	Stimuli	55000	0	419			0		other	0
38	4	Picture	Feedback	85471	0	1	20160	1	0	next	other	0
38	5	Picture	ITI	105630	0	1	10163	1	0	next	other	0
38	6	Sound	Stimuli	115632	0	1			0		other	0
38	7	Picture	Feedback	150782	0	1	20160	1	0	next	other	0
38	7	Response	1	153991	3210	1
38	7	Response	1	160471	9690	0
38	7	Response	1	164871	14089	0
38	8	Picture	ITI	170941	0	1	10163	1	0	next	other	0
38	8	Response	1	172071	1130	1
38	9	Sound	Stimuli	180943	0	1			0		other	0
38	10	Picture	Feedback	210928	0	1	20160	1	0	next	other	0
38	11	Picture	ITI	231088	0	1	10163	1	0	next	other	0
38	12	Sound	Stimuli	241089	0	1			0		other	0
38	13	Picture	Feedback	276239	0	1	20160	1	0	next	other	0
38	14	Picture	ITI	296399	0	1	10163	1	0	next	other	0
38	15	Sound	Stimuli	306400	0	1			0		other	0
38	16	Picture	Feedback	336552	0	1	20160	1	0	next	other	0
38	17	Picture	ITI	356711	0	1	10163	1	0	next	other	0
38	18	Sound	Stimuli	366713	0	1			0		other	0
38	19	Picture	Feedback	401863	0	1	20160	1	0	next	other	0
38	20	Picture	ITI	422022	0	1	10163	1	0	next	other	0
38	21	Sound	Stimuli	432024	0	1			0		other	0
38	22	Picture	Feedback	462175	0	1	20160	1	0	next	other	0
38	23	Picture	ITI	482335	0	1	10163	1	0	next	other	0
38	24	Sound	Stimuli	492336	0	1			0		other	0
38	25	Picture	Feedback	527320	0	1	20160	1	0	next	other	0
38	26	Picture	ITI	547480	0	1	10163	1	0	next	other	0
38	27	Sound	Stimuli	557481	0	1			0		other	0
38	28	Picture	Feedback	587632	0	1	20160	1	0	next	other	0
38	29	Picture	ITI	607792	0	1	10163	1	0	next	other	0
38	30	Sound	Stimuli	617794	0	1			0		other	0
38	31	Picture	Feedback	652944	0	1	20160	1	0	next	other	0
38	31	Response	1	661025	8081	0
38	32	Picture	End_Block	673103	0	1	16661	1	0	next	other	0
38	32	Response	1	689664	16561	0
38	33	Picture	ITI	689764	0	1	10163	1	0	next	other	0
38	34	Picture	Break	699927	0	1	10163	1	0	next	other	0
38	34	Response	1	709985	10057	0
38	35	Picture	ITI	710091	0	1	10163	1	0	next	other	0
38	36	Picture	Instruction	720254	0	1	19660	1	0	next	other	0
38	36	Response	1	734864	14610	0
38	37	Picture	ITI	739914	0	1	28990	1	0	next	other	0
38	38	Sound	Practice	753765	0	1			0		other	0
38	38	Port Input	1	757227	3461	1
38	38	Port Input	2	757227	3461	1
38	38	Port Input	1	757236	3471	1
38	38	Port Input	2	757236	3471	1
38	38	Picture	response	768904	15139	1	25158	1	15000	25000	miss	0
38	39	Picture	ITI	804392	0	1	33655	1	0	next	other	0
38	40	Sound	Practice	822993	0	1			0		other	0
38	40	Picture	response	838047	15054	1	25158	1	15000	25000	miss	0
38	41	Picture	ITI	873535	0	1	34488	1	0	next	other	0
38	42	Sound	Practice	892986	0	1			0		other	0
38	42	Picture	response	908023	15037	1	25158	1	15000	25000	miss	0
38	43	Picture	ITI	943511	0	1	27157	1	0	next	other	0
38	44	Sound	Practice	960542	0	1			0		other	0
38	44	Picture	response	970668	10126	1	25158	1	10000	25000	miss	0
38	45	Picture	ITI	1006156	0	1	31489	1	0	next	other	0
38	46	Sound	Practice	1022498	0	1			0		other	0
38	46	Picture	response	1037645	15148	1	25158	1	15000	25000	miss	0
38	47	Picture	ITI	1073133	0	1	31156	1	0	next	other	0
38	48	Sound	Practice	1089195	0	1			0		other	0
38	48	Picture	response	1104289	15095	1	2333	1	15000	25000	incorrect	68
38	48	Response	1	1106539	17344	1
38	49	Picture	ITI	1116618	0	1	22159	1	0	next	other	0
38	50	Sound	Practice	1128620	0	1			0		other	0
38	50	Picture	response	1138778	10158	1	25158	1	10000	25000	miss	0
38	51	Picture	ITI	1174265	0	1	23992	1	0	next	other	0
38	52	Sound	Practice	1188137	0	1			0		other	0
38	52	Picture	response	1198257	10120	1	10330	1	10000	25000	incorrect	75
38	52	Response	2	1208538	20401	0
38	53	Picture	ITI	1218584	0	1	27657	1	0	next	other	0
38	54	Sound	Practice	1231175	0	1			0		other	0
38	54	Picture	response	1246241	15066	1	25158	1	15000	25000	miss	0
38	55	Picture	ITI	1281729	0	1	25824	1	0	next	other	0
38	56	Sound	Practice	1292470	0	1			0		other	0
38	56	Picture	response	1307553	15083	1	3499	1	15000	25000	incorrect	82
38	56	Response	1	1310857	18386	0
38	57	Picture	ITI	1321049	0	1	27990	1	0	next	other	0
38	58	Sound	Practice	1333860	0	1			0		other	0
38	58	Picture	response	1349039	15179	1	2666	1	15000	25000	incorrect	86
38	58	Response	2	1351576	17716	0
38	59	Picture	ITI	1361701	0	1	29490	1	0	next	other	0
38	60	Sound	Practice	1376083	0	1			0		other	0
38	60	Picture	response	1391191	15109	1	2999	1	15000	25000	incorrect	90
38	60	Response	1	1394056	17973	0
38	61	Picture	ITI	1404187	0	1	29990	1	0	next	other	0
38	62	Sound	Practice	1419018	0	1			0		other	0
38	62	Picture	response	1434177	15158	1	25158	1	15000	25000	miss	0
38	63	Picture	ITI	1469665	0	1	33822	1	0	next	other	0
38	64	Sound	Practice	1488356	0	1			0		other	0
38	64	Port Input	1	1493393	5037	1
38	64	Port Input	2	1493393	5037	1
38	64	Port Input	1	1494894	6538	1
38	64	Port Input	2	1494894	6538	1
38	64	Port Input	2	1496607	8251	1
38	64	Port Input	1	1496607	8251	1
38	64	Port Input	2	1497663	9307	1
38	64	Port Input	1	1497663	9307	1
38	64	Picture	response	1503486	15130	1	4998	1	15000	25000	incorrect	106
38	64	Port Input	2	1508300	19944	1
38	64	Response	4	1508300	19944	1
38	65	Picture	ITI	1518481	0	1	30490	1	0	next	other	0
38	66	Sound	Practice	1533783	0	1			0		other	0
38	66	Picture	response	1548971	15188	1	3832	1	15000	25000	hit	111
38	66	Port Input	1	1552612	18829	1
38	66	Response	3	1552612	18829	1
38	67	Picture	ITI	1562799	0	1	30656	1	0	next	other	0
38	68	Sound	Practice	1578421	0	1			0		other	0
38	68	Picture	response	1593456	15035	1	3499	1	15000	25000	hit	116
38	68	Port Input	1	1596788	18368	1
38	68	Response	3	1596788	18368	1
38	69	Picture	ITI	1606951	0	1	24825	1	0	next	other	0
38	70	Sound	Practice	1621662	0	1			0		other	0
38	70	Picture	response	1631776	10113	1	5998	1	10000	25000	hit	121
38	70	Port Input	2	1637727	16065	1
38	70	Response	4	1637727	16065	1
38	71	Picture	ITI	1647770	0	1	26991	1	0	next	other	0
38	72	Sound	Practice	1664662	0	1			0		other	0
38	72	Picture	response	1674761	10099	1	8330	1	10000	25000	hit	126
38	72	Port Input	2	1683038	18376	1
38	72	Response	4	1683038	18376	1
38	73	Picture	ITI	1693088	0	1	25158	1	0	next	other	0
38	74	Sound	Practice	1708140	0	1			0		other	0
38	74	Picture	response	1718246	10107	1	6331	1	10000	25000	hit	131
38	74	Port Input	2	1724393	16254	1
38	74	Response	4	1724393	16254	1
38	75	Picture	ITI	1734574	0	1	33322	1	0	next	other	0
38	76	Sound	Practice	1752805	0	1			0		other	0
38	76	Picture	response	1767896	15091	1	4998	1	15000	25000	hit	136
38	76	Port Input	1	1772724	19919	1
38	76	Response	3	1772724	19919	1
38	77	Picture	ITI	1782891	0	1	29657	1	0	next	other	0
38	78	Sound	Practice	1802502	0	1			0		other	0
38	78	Picture	response	1812547	10045	1	6831	1	10000	25000	hit	141
38	78	Port Input	2	1819233	16731	1
38	78	Response	4	1819233	16731	1
38	78A	Port Input	1	1826681	7447	1
38	78A	Port Input	2	1826681	7447	1
38	79	Picture	ITI	1829375	0	1	28657	1	0	next	other	0
38	79	Port Input	1	1831626	2251	1
38	79	Port Input	2	1831626	2251	1
38	79	Response	3	1831626	2251	1
38	79	Response	4	1831626	2251	1
38	79	Port Input	2	1831846	2471	1
38	79	Response	4	1831846	2471	1
38	79	Port Input	1	1831847	2472	1
38	79	Port Input	2	1831847	2472	1
38	79	Response	3	1831847	2472	1
38	79	Response	4	1831847	2472	1
38	80	Sound	Practice	1847966	0	1			0		other	0
38	80	Picture	response	1858032	10065	1	9830	1	10000	25000	hit	158
38	80	Port Input	2	1867689	19722	1
38	80	Response	4	1867689	19722	1
38	80A	Port Input	1	1869605	1915	1
38	81	Picture	ITI	1877858	0	1	23159	1	0	next	other	0
38	82	Sound	Practice	1890950	0	1			0		other	0
38	82	Picture	response	1901017	10067	1	8331	1	10000	25000	hit	164
38	82	Port Input	2	1909148	18198	1
38	82	Response	4	1909148	18198	1
38	83	Picture	ITI	1919178	0	1	25658	1	0	next	other	0
38	84	Sound	Practice	1934679	0	1			0		other	0
38	84	Picture	response	1944836	10156	1	8664	1	10000	25000	hit	169
38	84	Port Input	2	1953439	18760	1
38	84	Response	4	1953439	18760	1
38	85	Picture	ITI	1963496	0	1	31656	1	0	next	other	0
38	86	Sound	Practice	1980047	0	1			0		other	0
38	86	Picture	response	1995152	15104	1	3332	1	15000	25000	hit	174
38	86	Port Input	1	1998303	18256	1
38	86	Response	3	1998303	18256	1
38	87	Picture	ITI	2008481	0	1	29657	1	0	next	other	0
38	88	Sound	Practice	2027992	0	1			0		other	0
38	88	Picture	response	2038137	10145	1	5831	1	10000	25000	hit	179
38	88	Port Input	2	2043812	15820	1
38	88	Response	4	2043812	15820	1
38	89	Picture	ITI	2053965	0	1	29823	1	0	next	other	0
38	90	Sound	Practice	2073716	0	1			0		other	0
38	90	Picture	response	2083788	10072	1	7497	1	10000	25000	hit	184
38	90	Port Input	2	2091185	17469	1
38	90	Response	4	2091185	17469	1
38	91	Picture	ITI	2101282	0	1	29657	1	0	next	other	0
38	92	Sound	Practice	2115764	0	1			0		other	0
38	92	Picture	response	2130939	15175	1	6331	1	15000	25000	hit	189
38	92	Port Input	1	2137194	21431	1
38	92	Response	3	2137194	21431	1
38	93	Picture	ITI	2147266	0	1	33155	1	0	next	other	0
38	94	Sound	Practice	2165268	0	1			0		other	0
38	94	Picture	response	2180422	15154	1	5998	1	15000	25000	hit	194
38	94	Port Input	1	2186348	21080	1
38	94	Response	3	2186348	21080	1
38	95	Picture	ITI	2196416	0	1	27324	1	0	next	other	0
38	96	Sound	Practice	2213708	0	1			0		other	0
38	96	Picture	response	2223740	10033	1	5498	1	10000	25000	hit	199
38	96	Port Input	2	2229036	15328	1
38	96	Response	4	2229036	15328	1
38	96A	Port Input	1	2230749	1712	1
38	97	Picture	ITI	2239068	0	1	20993	1	0	next	other	0
38	98	Sound	Practice	2249950	0	1			0		other	0
38	98	Picture	response	2260061	10111	1	5165	1	10000	25000	hit	205
38	98	Port Input	2	2265133	15183	1
38	98	Response	4	2265133	15183	1
38	98A	Port Input	1	2266711	1578	1
38	98A	Port Input	1	2266719	1585	1
38	98A	Port Input	1	2266918	1785	1
38	99	Picture	ITI	2275223	0	1	27990	1	0	next	other	0
38	100	Sound	Practice	2293154	0	1			0		other	0
38	100	Picture	response	2303213	10059	1	6998	1	10000	25000	hit	213
38	100	Port Input	2	2310080	16926	1
38	100	Response	4	2310080	16926	1
38	101	Picture	Break	2320207	0	1	17827	1	0	next	other	0
38	101	Response	1	2337884	17677	0
38	102	Picture	Instruction	2338035	0	1	22159	1	0	next	other	0
38	102	Response	1	2360044	22009	0
38	103	Picture	ITI	2360194	0	1	15162	1	0	next	other	0
38	104	Picture	ITI	2375355	0	1	32156	1	0	next	other	0
38	104	Response	1	2391243	15888	0
38	105	Sound	test	2392416	0	1			0		other	0
38	105	Picture	response	2407511	15094	1	4332	1	15000	25000	incorrect	224
38	105	Port Input	1	2411666	19250	1
38	105	Response	3	2411666	19250	1
38	106	Picture	ITI	2412842	0	1	31156	1	0	next	other	0
38	107	Sound	test	2431584	0	1			0		other	0
38	107	Picture	response	2443998	12415	1	3999	1	12250	25000	incorrect	229
38	107	Port Input	1	2447847	16263	1
38	107	Response	3	2447847	16263	1
38	108	Picture	ITI	2448830	0	1	25325	1	0	next	other	0
38	109	Sound	test	2460021	0	1			0		other	0
38	109	Picture	response	2474155	14133	1	3999	1	14020	25000	incorrect	234
38	109	Port Input	1	2478082	18061	1
38	109	Response	3	2478082	18061	1
38	110	Picture	ITI	2479153	0	1	30989	1	0	next	other	0
38	111	Sound	test	2497704	0	1			0		other	0
38	111	Picture	response	2510142	12438	1	4332	1	12250	25000	incorrect	239
38	111	Port Input	1	2514336	16631	1
38	111	Response	3	2514336	16631	1
38	112	Picture	ITI	2515307	0	1	25491	1	0	next	other	0
38	113	Sound	test	2529289	0	1			0		other	0
38	113	Picture	response	2540799	11510	1	12163	1	11450	25000	incorrect	244
38	113	Port Input	2	2552848	23560	1
38	113	Response	4	2552848	23560	1
38	114	Picture	ITI	2553794	0	1	22992	1	0	next	other	0
38	115	Sound	test	2566016	0	1			0		other	0
38	115	Picture	response	2576786	10771	1	6831	1	10700	25000	incorrect	249
38	115	Port Input	2	2583563	17547	1
38	115	Response	4	2583563	17547	1
38	116	Picture	ITI	2584617	0	1	29990	1	0	next	other	0
38	117	Sound	test	2602208	0	1			0		other	0
38	117	Picture	response	2614607	12399	1	20160	1	12250	25000	incorrect	254
38	117	Port Input	1	2634632	32424	1
38	117	Response	3	2634632	32424	1
38	118	Picture	ITI	2635600	0	1	28823	1	0	next	other	0
38	119	Sound	test	2652111	0	1			0		other	0
38	119	Picture	response	2664423	12312	1	15328	1	12250	25000	incorrect	259
38	119	Port Input	1	2679621	27510	1
38	119	Response	3	2679621	27510	1
38	120	Picture	ITI	2680584	0	1	30156	1	0	next	other	0
38	121	Sound	test	2697456	0	1			0		other	0
38	121	Picture	response	2710741	13285	1	16161	1	13100	25000	incorrect	264
38	121	Port Input	1	2726713	29257	1
38	121	Response	3	2726713	29257	1
38	122	Picture	ITI	2727735	0	1	31822	1	0	next	other	0
38	123	Sound	test	2747236	0	1			0		other	0
38	123	Picture	response	2759557	12321	1	18994	1	12250	25000	incorrect	269
38	123	Port Input	1	2778511	31275	1
38	123	Response	3	2778511	31275	1
38	124	Picture	ITI	2779550	0	1	28157	1	0	next	other	0
38	125	Sound	test	2797562	0	1			0		other	0
38	125	Picture	response	2807708	10146	1	8164	1	10000	25000	incorrect	274
38	125	Port Input	2	2815701	18139	1
38	125	Response	4	2815701	18139	1
38	125A	Port Input	1	2815943	241	1
38	125A	Port Input	1	2815944	242	1
38	126	Picture	ITI	2816704	0	1	27657	1	0	next	other	0
38	127	Sound	test	2833476	0	1			0		other	0
38	127	Picture	response	2844362	10886	1	6664	1	10700	25000	incorrect	281
38	127	Port Input	1	2850851	17375	1
38	127	Response	3	2850851	17375	1
38	128	Picture	ITI	2852026	0	1	23492	1	0	next	other	0
38	129	Sound	test	2864777	0	1			0		other	0
38	129	Picture	response	2875518	10741	1	10663	1	10700	25000	incorrect	286
38	129	Port Input	1	2886032	21255	1
38	129	Response	3	2886032	21255	1
38	130	Picture	ITI	2887014	0	1	25158	1	0	next	other	0
38	131	Sound	test	2902115	0	1			0		other	0
38	131	Picture	response	2912172	10057	1	12996	1	10000	25000	incorrect	291
38	131	Port Input	2	2924961	22846	1
38	131	Response	4	2924961	22846	1
38	132	Picture	ITI	2926001	0	1	28823	1	0	next	other	0
38	133	Sound	test	2944072	0	1			0		other	0
38	133	Picture	response	2954824	10752	1	8164	1	10700	25000	incorrect	296
38	133	Port Input	2	2962932	18861	1
38	133	Response	4	2962932	18861	1
38	134	Picture	ITI	2963988	0	1	23992	1	0	next	other	0
38	135	Sound	test	2976479	0	1			0		other	0
38	135	Picture	response	2987979	11501	1	13995	1	11450	25000	incorrect	301
38	135	Port Input	2	3001924	25445	1
38	135	Response	4	3001924	25445	1
38	136	Picture	ITI	3002974	0	1	23825	1	0	next	other	0
38	137	Sound	test	3013665	0	1			0		other	0
38	137	Picture	response	3026799	13134	1	4332	1	13100	25000	incorrect	306
38	137	Port Input	1	3030972	17307	1
38	137	Response	3	3030972	17307	1
38	138	Picture	ITI	3032131	0	1	26658	1	0	next	other	0
38	139	Sound	test	3043602	0	1			0		other	0
38	139	Picture	response	3058788	15186	1	3166	1	15000	25000	incorrect	311
38	139	Port Input	1	3061843	18241	1
38	139	Response	3	3061843	18241	1
38	140	Picture	ITI	3062787	0	1	29823	1	0	next	other	0
38	141	Sound	test	3082508	0	1			0		other	0
38	141	Picture	response	3092610	10102	1	7664	1	10000	25000	incorrect	316
38	141	Port Input	2	3100220	17712	1
38	141	Response	4	3100220	17712	1
38	142	Picture	ITI	3101274	0	1	29157	1	0	next	other	0
38	143	Sound	test	3115355	0	1			0		other	0
38	143	Picture	response	3130431	15075	1	4998	1	15000	25000	incorrect	321
38	143	Port Input	1	3135245	19890	1
38	143	Response	3	3135245	19890	1
38	144	Picture	ITI	3136429	0	1	22992	1	0	next	other	0
38	145	Sound	test	3148650	0	1			0		other	0
38	145	Picture	response	3159421	10771	1	8997	1	10700	25000	incorrect	326
38	145	Port Input	1	3168354	19704	1
38	145	Response	3	3168354	19704	1
38	146	Picture	ITI	3169417	0	1	31323	1	0	next	other	0
38	147	Sound	test	3188349	0	1			0		other	0
38	147	Picture	response	3200740	12391	1	8664	1	12250	25000	incorrect	331
38	147	Port Input	2	3209262	20913	1
38	147	Response	4	3209262	20913	1
38	148	Picture	ITI	3210403	0	1	31823	1	0	next	other	0
38	149	Sound	test	3227185	0	1			0		other	0
38	149	Picture	response	3242226	15041	1	6331	1	15000	25000	incorrect	336
38	149	Port Input	1	3248451	21267	1
38	149	Response	3	3248451	21267	1
38	150	Picture	ITI	3249557	0	1	22492	1	0	next	other	0
38	151	Sound	test	3261918	0	1			0		other	0
38	151	Picture	response	3272049	10131	1	7831	1	10000	25000	incorrect	341
38	151	Port Input	2	3279790	17872	1
38	151	Response	4	3279790	17872	1
38	152	Picture	ITI	3280879	0	1	23659	1	0	next	other	0
38	153	Sound	test	3293810	0	1			0		other	0
38	153	Picture	response	3304538	10727	1	5331	1	10700	25000	incorrect	346
38	153	Port Input	1	3309745	15934	1
38	153	Response	3	3309745	15934	1
38	154	Picture	ITI	3310869	0	1	22992	1	0	next	other	0
38	155	Sound	test	3322970	0	1			0		other	0
38	155	Picture	response	3333861	10891	1	7331	1	10700	25000	incorrect	351
38	155	Port Input	2	3341011	18041	1
38	155	Response	4	3341011	18041	1
38	156	Picture	ITI	3342025	0	1	24658	1	0	next	other	0
38	157	Sound	test	3355196	0	1			0		other	0
38	157	Picture	response	3366683	11487	1	13662	1	11450	25000	incorrect	356
38	157	Port Input	1	3380169	24973	1
38	157	Response	3	3380169	24973	1
38	158	Picture	ITI	3381178	0	1	23659	1	0	next	other	0
38	159	Sound	test	3394740	0	1			0		other	0
38	159	Picture	response	3404837	10097	1	10163	1	10000	25000	incorrect	361
38	159	Port Input	2	3414819	20080	1
38	159	Response	4	3414819	20080	1
38	160	Picture	ITI	3415833	0	1	22992	1	0	next	other	0
38	161	Sound	test	3426474	0	1			0		other	0
38	161	Picture	response	3438825	12351	1	7664	1	12250	25000	incorrect	366
38	161	Port Input	1	3446387	19913	1
38	161	Response	3	3446387	19913	1
38	162	Picture	ITI	3447489	0	1	30323	1	0	next	other	0
38	163	Sound	test	3462700	0	1			0		other	0
38	163	Picture	response	3477812	15112	1	4332	1	15000	25000	incorrect	371
38	163	Port Input	1	3482099	19399	1
38	163	Response	3	3482099	19399	1
38	164	Picture	ITI	3483144	0	1	29823	1	0	next	other	0
38	165	Sound	test	3501485	0	1			0		other	0
38	165	Picture	response	3512967	11482	1	8997	1	11450	25000	incorrect	376
38	165	Port Input	2	3521841	20356	1
38	165	Response	4	3521841	20356	1
38	166	Picture	ITI	3522797	0	1	29990	1	0	next	other	0
38	167	Sound	test	3538648	0	1			0		other	0
38	167	Picture	response	3552786	14139	1	12829	1	14020	25000	incorrect	381
38	167	Port Input	1	3565413	26766	1
38	167	Response	3	3565413	26766	1
38	168	Picture	ITI	3566448	0	1	30823	1	0	next	other	0
38	169	Sound	test	3584050	0	1			0		other	0
38	169	Picture	response	3597271	13222	1	19993	1	13100	25000	incorrect	386
38	169	Port Input	2	3617107	33058	1
38	169	Response	4	3617107	33058	1
38	170	Picture	ITI	3618097	0	1	30323	1	0	next	other	0
38	171	Sound	test	3634219	0	1			0		other	0
38	171	Picture	response	3648420	14202	1	5998	1	14020	25000	incorrect	391
38	171	Port Input	1	3654235	20017	1
38	171	Response	3	3654235	20017	1
38	172	Picture	ITI	3655251	0	1	30656	1	0	next	other	0
38	173	Sound	test	3671703	0	1			0		other	0
38	173	Picture	response	3685908	14205	1	6331	1	14020	25000	incorrect	396
38	173	Port Input	1	3692061	20358	1
38	173	Response	3	3692061	20358	1
38	174	Picture	ITI	3693072	0	1	26158	1	0	next	other	0
38	175	Sound	test	3706023	0	1			0		other	0
38	175	Picture	response	3719230	13206	1	5998	1	13100	25000	incorrect	401
38	175	Port Input	1	3725076	19053	1
38	175	Response	3	3725076	19053	1
38	176	Picture	ITI	3726227	0	1	32489	1	0	next	other	0
38	177	Sound	test	3744648	0	1			0		other	0
38	177	Picture	response	3758716	14068	1	3999	1	14020	25000	incorrect	406
38	177	Port Input	1	3762579	17931	1
38	177	Response	3	3762579	17931	1
38	178	Picture	ITI	3763714	0	1	21826	1	0	next	other	0
38	179	Sound	test	3774746	0	1			0		other	0
38	179	Picture	response	3785540	10795	1	11163	1	10700	25000	incorrect	411
38	179	Port Input	1	3796500	21755	1
38	179	Response	3	3796500	21755	1
38	180	Picture	ITI	3797536	0	1	25325	1	0	next	other	0
38	181	Sound	test	3808767	0	1			0		other	0
38	181	Picture	response	3822861	14093	1	19993	1	14020	25000	incorrect	416
38	181	Port Input	2	3842770	34002	1
38	181	Response	4	3842770	34002	1
38	182	Picture	ITI	3843854	0	1	33155	1	0	next	other	0
38	183	Sound	test	3863845	0	1			0		other	0
38	183	Picture	response	3877009	13164	1	25158	1	13100	25000	miss	0
38	183	Port Input	1	3902220	38375	1
38	183	Response	3	3902220	38375	1
38	184	Picture	ITI	3902334	0	1	33655	1	0	next	other	0
38	184	Port Input	1	3920420	18086	1
38	184	Response	3	3920420	18086	1
38	185	Sound	test	3921885	0	1			0		other	0
38	185	Picture	response	3935989	14104	1	5332	1	14020	25000	incorrect	428
38	185	Port Input	1	3941274	19390	1
38	185	Response	3	3941274	19390	1
38	186	Picture	ITI	3942320	0	1	25491	1	0	next	other	0
38	187	Sound	test	3952691	0	1			0		other	0
38	187	Picture	response	3967811	15120	1	5998	1	15000	25000	incorrect	433
38	187	Port Input	1	3973655	20964	1
38	187	Response	3	3973655	20964	1
38	188	Picture	ITI	3974809	0	1	29323	1	0	next	other	0
38	189	Sound	test	3994050	0	1			0		other	0
38	189	Picture	response	4004132	10082	1	16661	1	10000	25000	incorrect	438
38	189	Port Input	1	4020643	26592	1
38	189	Response	3	4020643	26592	1
38	190	Picture	ITI	4021793	0	1	25325	1	0	next	other	0
38	191	Sound	test	4037014	0	1			0		other	0
38	191	Picture	response	4047118	10103	1	7164	1	10000	25000	incorrect	443
38	191	Port Input	2	4054147	17133	1
38	191	Response	4	4054147	17133	1
38	191A	Port Input	1	4054969	821	1
38	192	Picture	ITI	4055281	0	1	30656	1	0	next	other	0
38	193	Sound	test	4071733	0	1			0		other	0
38	193	Picture	response	4085938	14205	1	4498	1	14020	25000	incorrect	449
38	193	Port Input	1	4090307	18574	1
38	193	Response	3	4090307	18574	1
38	194	Picture	ITI	4091269	0	1	26491	1	0	next	other	0
38	195	Sound	test	4104540	0	1			0		other	0
38	195	Picture	response	4117760	13220	1	4665	1	13100	25000	incorrect	454
38	195	Port Input	1	4122240	17699	1
38	195	Response	3	4122240	17699	1
38	196	Picture	ITI	4123258	0	1	28990	1	0	next	other	0
38	197	Sound	test	4138179	0	1			0		other	0
38	197	Picture	response	4152248	14069	1	4998	1	14020	25000	incorrect	459
38	197	Port Input	1	4157171	18991	1
38	197	Response	3	4157171	18991	1
38	198	Picture	ITI	4158246	0	1	29823	1	0	next	other	0
38	199	Sound	test	4174798	0	1			0		other	0
38	199	Picture	response	4188069	13272	1	4665	1	13100	25000	incorrect	464
38	199	Port Input	2	4192529	17731	1
38	199	Response	4	4192529	17731	1
38	199A	Port Input	1	4193383	854	1
38	200	Picture	ITI	4193568	0	1	23159	1	0	next	other	0
38	201	Sound	test	4205939	0	1			0		other	0
38	201	Picture	response	4216726	10787	1	6998	1	10700	25000	incorrect	470
38	201	Port Input	2	4223576	17638	1
38	201	Response	4	4223576	17638	1
38	202	Picture	ITI	4224557	0	1	21659	1	0	next	other	0
38	203	Sound	test	4236058	0	1			0		other	0
38	203	Picture	response	4246216	10158	1	7164	1	10000	25000	incorrect	475
38	203	Port Input	2	4253198	17139	1
38	203	Response	4	4253198	17139	1
38	204	Picture	ITI	4254214	0	1	29323	1	0	next	other	0
38	205	Sound	test	4272725	0	1			0		other	0
38	205	Picture	response	4283537	10812	1	9663	1	10700	25000	incorrect	481
38	205	Port Input	1	4293096	20371	1
38	205	Port Input	2	4293096	20371	1
38	205	Response	3	4293096	20371	1
38	206	Picture	ITI	4294200	0	1	32822	1	0	next	other	0
38	207	Sound	test	4313751	0	1			0		other	0
38	207	Picture	response	4327022	13271	1	15661	1	13100	25000	incorrect	486
38	207	Port Input	2	4342592	28841	1
38	207	Response	4	4342592	28841	1
38	207A	Port Input	1	4342763	171	1
38	208	Picture	ITI	4343683	0	1	30490	1	0	next	other	0
38	209	Sound	test	4361804	0	1			0		other	0
38	209	Port Input	1	4367222	5418	1
38	209	Port Input	2	4367222	5418	1
38	209	Picture	response	4374173	12368	1	6664	1	12250	25000	incorrect	494
38	209	Port Input	2	4380688	18884	1
38	209	Response	4	4380688	18884	1
38	209A	Port Input	1	4381433	743	1
38	209A	Port Input	1	4381451	762	1
38	210	Picture	ITI	4381670	0	1	22492	1	0	next	other	0
38	211	Sound	test	4392551	0	1			0		other	0
38	211	Picture	response	4404162	11611	1	15328	1	11450	25000	incorrect	502
38	211	Port Input	1	4419333	26782	1
38	211	Port Input	2	4419333	26782	1
38	211	Response	3	4419333	26782	1
38	211A	Port Input	1	4419359	25	1
38	211A	Port Input	2	4419359	25	1
38	212	Picture	ITI	4420490	0	1	27990	1	0	next	other	0
38	213	Sound	test	4438341	0	1			0		other	0
38	213	Picture	response	4448481	10139	1	7664	1	10000	25000	incorrect	509
38	213	Port Input	2	4455954	17613	1
38	213	Response	4	4455954	17613	1
38	213A	Port Input	1	4456579	624	1
38	214	Picture	ITI	4456978	0	1	31323	1	0	next	other	0
38	215	Sound	test	4475109	0	1			0		other	0
38	215	Picture	response	4488300	13191	1	9663	1	13100	25000	incorrect	515
38	215	Port Input	1	4497778	22669	1
38	215	Response	3	4497778	22669	1
38	216	Picture	ITI	4498797	0	1	29157	1	0	next	other	0
38	217	Sound	test	4517898	0	1			0		other	0
38	217	Picture	response	4527953	10055	1	9663	1	10000	25000	incorrect	520
38	217	Port Input	2	4537446	19549	1
38	217	Response	4	4537446	19549	1
38	217A	Port Input	1	4538419	972	1
38	218	Picture	ITI	4538616	0	1	30323	1	0	next	other	0
38	219	Sound	test	4553888	0	1			0		other	0
38	219	Picture	response	4568939	15052	1	6998	1	15000	25000	incorrect	526
38	219	Port Input	1	4575761	21874	1
38	219	Response	3	4575761	21874	1
38	220	Picture	ITI	4576770	0	1	33489	1	0	next	other	0
38	221	Sound	test	4596161	0	1			0		other	0
38	221	Picture	response	4610259	14097	1	8330	1	14020	25000	incorrect	531
38	221	Port Input	1	4618460	22298	1
38	221	Response	3	4618460	22298	1
38	222	Picture	ITI	4619589	0	1	30156	1	0	next	other	0
38	223	Sound	test	4634710	0	1			0		other	0
38	223	Picture	response	4649745	15035	1	10996	1	15000	25000	incorrect	536
38	223	Port Input	1	4660689	25979	1
38	223	Response	3	4660689	25979	1
38	224	Picture	ITI	4661741	0	1	28990	1	0	next	other	0
38	225	Sound	test	4679222	0	1			0		other	0
38	225	Picture	response	4690731	11509	1	6831	1	11450	25000	incorrect	541
38	225	Port Input	2	4697422	18200	1
38	225	Response	4	4697422	18200	1
38	226	Picture	ITI	4698395	0	1	34988	1	0	next	other	0
38	227	Sound	test	4718236	0	1			0		other	0
38	227	Picture	response	4733383	15147	1	4165	1	15000	25000	incorrect	546
38	227	Port Input	1	4737403	19166	1
38	227	Response	3	4737403	19166	1
38	228	Picture	ITI	4738381	0	1	32322	1	0	next	other	0
38	229	Sound	test	4755513	0	1			0		other	0
38	229	Picture	response	4770704	15191	1	4998	1	15000	25000	incorrect	551
38	229	Port Input	1	4775645	20132	1
38	229	Response	3	4775645	20132	1
38	230	Picture	ITI	4776702	0	1	27657	1	0	next	other	0
38	231	Sound	test	4791113	0	1			0		other	0
38	231	Picture	response	4804359	13246	1	5332	1	13100	25000	incorrect	556
38	231	Port Input	1	4809587	18474	1
38	231	Response	3	4809587	18474	1
38	232	Picture	ITI	4810690	0	1	25158	1	0	next	other	0
38	233	Sound	test	4822581	0	1			0		other	0
38	233	Picture	response	4835848	13267	1	4499	1	13100	25000	incorrect	561
38	233	Port Input	1	4840166	17584	1
38	233	Response	3	4840166	17584	1
38	234	Picture	ITI	4841180	0	1	26824	1	0	next	other	0
38	235	Sound	test	4855661	0	1			0		other	0
38	235	Picture	response	4868004	12343	1	13829	1	12250	25000	incorrect	567
38	235	Port Input	1	4881741	26080	1
38	235	Port Input	2	4881741	26080	1
38	235	Response	3	4881741	26080	1
38	236	Picture	ITI	4882832	0	1	32489	1	0	next	other	0
38	237	Sound	test	4900213	0	1			0		other	0
38	237	Picture	response	4915321	15108	1	4332	1	15000	25000	incorrect	572
38	237	Port Input	1	4919482	19269	1
38	237	Response	3	4919482	19269	1
38	238	Picture	ITI	4920486	0	1	29990	1	0	next	other	0
38	239	Sound	test	4938147	0	1			0		other	0
38	239	Picture	response	4950476	12328	1	9830	1	12250	25000	incorrect	577
38	239	Port Input	1	4960244	22096	1
38	239	Response	3	4960244	22096	1
38	240	Picture	ITI	4961305	0	1	24825	1	0	next	other	0
38	241	Sound	test	4974587	0	1			0		other	0
38	241	Picture	response	4986130	11544	1	11996	1	11450	25000	incorrect	582
38	241	Port Input	1	4998017	23430	1
38	241	Response	3	4998017	23430	1
38	242	Picture	ITI	4998959	0	1	28823	1	0	next	other	0
38	243	Sound	test	5016920	0	1			0		other	0
38	243	Picture	response	5027783	10862	1	14328	1	10700	25000	incorrect	588
38	243	Port Input	1	5041944	25023	1
38	243	Port Input	2	5041944	25023	1
38	243	Response	3	5041944	25023	1
38	244	Picture	ITI	5043111	0	1	25491	1	0	next	other	0
38	245	Sound	test	5057122	0	1			0		other	0
38	245	Picture	response	5068602	11480	1	10830	1	11450	25000	incorrect	594
38	245	Port Input	1	5079245	22124	1
38	245	Port Input	2	5079245	22124	1
38	245	Response	3	5079245	22124	1
38	246	Picture	ITI	5080265	0	1	30490	1	0	next	other	0
38	247	Sound	test	5099206	0	1			0		other	0
38	247	Picture	response	5110754	11548	1	13662	1	11450	25000	incorrect	600
38	247	Port Input	1	5124354	25148	1
38	247	Port Input	2	5124354	25148	1
38	247	Response	3	5124354	25148	1
38	248	Picture	ITI	5125416	0	1	28490	1	0	next	other	0
38	249	Sound	test	5142407	0	1			0		other	0
38	249	Picture	response	5153906	11499	1	14828	1	11450	25000	incorrect	606
38	249	Port Input	1	5168543	26135	1
38	249	Port Input	2	5168543	26135	1
38	249	Response	3	5168543	26135	1
38	249A	Port Input	1	5168544	1	2
38	249A	Port Input	2	5168544	1	2
38	249A	Port Input	1	5168552	9	1
38	249A	Port Input	2	5168552	9	1
38	249A	Port Input	1	5168780	236	1
38	249A	Port Input	2	5168780	236	1
38	250	Picture	ITI	5169568	0	1	32822	1	0	next	other	0
38	251	Sound	test	5187319	0	1			0		other	0
38	251	Picture	response	5202390	15071	1	6498	1	15000	25000	incorrect	617
38	251	Port Input	1	5208770	21451	1
38	251	Response	3	5208770	21451	1
38	252	Picture	ITI	5209887	0	1	28490	1	0	next	other	0
38	253	Sound	test	5225948	0	1			0		other	0
38	253	Picture	response	5238377	12429	1	7331	1	12250	25000	incorrect	622
38	253	Port Input	1	5245502	19554	1
38	253	Response	3	5245502	19554	1
38	254	Picture	ITI	5246541	0	1	22826	1	0	next	other	0
38	255	Sound	test	5256972	0	1			0		other	0
38	255	Picture	response	5269367	12394	1	10830	1	12250	25000	incorrect	627
38	255	Port Input	1	5280080	23107	1
38	255	Response	3	5280080	23107	1
38	256	Picture	ITI	5281196	0	1	25491	1	0	next	other	0
38	257	Sound	test	5293497	0	1			0		other	0
38	257	Picture	response	5306687	13190	1	18827	1	13100	25000	incorrect	633
38	257	Port Input	1	5325357	31860	1
38	257	Port Input	2	5325357	31860	1
38	257	Response	3	5325357	31860	1
38	258	Picture	ITI	5326347	0	1	24991	1	0	next	other	0
38	259	Sound	test	5341209	0	1			0		other	0
38	259	Picture	response	5351339	10130	1	8830	1	10000	25000	incorrect	638
38	259	Port Input	2	5360020	18812	1
38	259	Response	4	5360020	18812	1
38	260	Picture	ITI	5361002	0	1	23492	1	0	next	other	0
38	261	Sound	test	5374403	0	1			0		other	0
38	261	Picture	response	5384494	10091	1	10163	1	10000	25000	incorrect	644
38	261	Port Input	1	5394616	20212	1
38	261	Port Input	2	5394616	20212	1
38	261	Response	3	5394616	20212	1
38	262	Picture	ITI	5395657	0	1	31156	1	0	next	other	0
38	263	Sound	test	5412618	0	2			0		other	0
38	263	Picture	response	5426813	14195	1	6664	1	14020	25000	incorrect	649
38	263	Port Input	1	5433402	20783	1
38	263	Response	3	5433402	20783	1
38	264	Picture	ITI	5434477	0	1	25491	1	0	next	other	0
38	265	Sound	test	5446819	0	1			0		other	0
38	265	Picture	response	5459968	13150	1	13162	1	13100	25000	incorrect	655
38	265	Port Input	1	5472953	26134	1
38	265	Port Input	2	5472953	26134	1
38	265	Response	3	5472953	26134	1
38	266	Picture	ITI	5473964	0	1	23159	1	0	next	other	0
38	267	Sound	test	5487065	0	1			0		other	0
38	267	Picture	response	5497122	10057	1	12163	1	10000	25000	incorrect	660
38	267	Port Input	2	5509147	22082	1
38	267	Response	4	5509147	22082	1
38	268	Picture	ITI	5510285	0	1	22326	1	0	next	other	0
38	269	Sound	test	5521786	0	1			0		other	0
38	269	Picture	response	5532610	10824	1	7164	1	10700	25000	incorrect	665
38	269	Port Input	2	5539663	17878	1
38	269	Response	4	5539663	17878	1
38	269A	Port Input	1	5539872	208	1
38	269A	Port Input	1	5540094	430	1
38	270	Picture	ITI	5540774	0	1	32322	1	0	next	other	0
38	271	Sound	test	5560765	0	1			0		other	0
38	271	Picture	response	5573096	12331	1	11663	1	12250	25000	incorrect	672
38	271	Port Input	1	5584590	23824	1
38	271	Response	3	5584590	23824	1
38	272	Picture	ITI	5585592	0	1	25825	1	0	next	other	0
38	273	Sound	test	5597223	0	1			0		other	0
38	273	Picture	response	5611417	14193	1	5831	1	14020	25000	incorrect	677
38	273	Port Input	1	5617064	19840	1
38	273	Response	3	5617064	19840	1
38	274	Picture	ITI	5618081	0	1	27824	1	0	next	other	0
38	275	Sound	test	5633602	0	1			0		other	0
38	275	Picture	response	5645905	12303	1	8164	1	12250	25000	incorrect	682
38	275	Port Input	1	5653973	20371	1
38	275	Response	3	5653973	20371	1
38	276	Picture	ITI	5655068	0	1	32989	1	0	next	other	0
38	277	Sound	test	5672960	0	1			0		other	0
38	277	Picture	response	5688057	15098	1	3166	1	15000	25000	incorrect	687
38	277	Port Input	1	5691028	18069	1
38	277	Response	3	5691028	18069	1
38	278	Picture	ITI	5692056	0	1	25158	1	0	next	other	0
38	279	Sound	test	5707057	0	1			0		other	0
38	279	Picture	response	5717214	10157	1	13995	1	10000	25000	incorrect	693
38	279	Port Input	1	5731148	24091	1
38	279	Port Input	2	5731148	24091	1
38	279	Response	3	5731148	24091	1
38	279A	Port Input	1	5731475	326	1
38	279A	Port Input	2	5731475	326	1
38	279A	Port Input	1	5731551	402	1
38	279A	Port Input	2	5731551	402	1
38	279A	Port Input	1	5731555	406	1
38	279A	Port Input	2	5731555	406	1
38	279A	Port Input	1	5731563	414	1
38	279A	Port Input	2	5731563	414	1
38	280	Picture	ITI	5732209	0	1	34155	1	0	next	other	0
38	281	Sound	test	5751210	0	1			0		other	0
38	281	Picture	response	5766364	15153	1	4665	1	15000	25000	incorrect	706
38	281	Port Input	1	5770969	19759	1
38	281	Response	3	5770969	19759	1
38	282	Picture	ITI	5772028	0	1	32322	1	0	next	other	0
38	283	Sound	test	5789210	0	1			0		other	0
38	283	Picture	response	5804351	15141	1	3999	1	15000	25000	incorrect	711
38	283	Port Input	1	5808285	19075	1
38	283	Response	3	5808285	19075	1
38	284	Picture	ITI	5809349	0	1	29490	1	0	next	other	0
38	285	Sound	test	5828650	0	1			0		other	0
38	285	Picture	response	5838839	10189	1	11829	1	10000	25000	incorrect	717
38	285	Port Input	1	5850620	21969	1
38	285	Port Input	2	5850620	21969	1
38	285	Response	3	5850620	21969	1
38	286	Picture	ITI	5851668	0	1	27824	1	0	next	other	0
38	287	Sound	test	5868689	0	1			0		other	0
38	287	Picture	response	5879492	10803	1	16994	1	10700	25000	incorrect	723
38	287	Port Input	1	5896328	27639	1
38	287	Port Input	2	5896328	27639	1
38	287	Response	3	5896328	27639	1
38	288	Picture	ITI	5897486	0	1	29657	1	0	next	other	0
38	289	Sound	test	5914837	0	1			0		other	0
38	289	Picture	response	5927142	12305	1	25158	1	12250	25000	miss	0
38	290	Picture	ITI	5952467	0	1	24658	1	0	next	other	0
38	290	Port Input	1	5952492	25	1
38	290	Port Input	2	5952492	25	1
38	290	Response	3	5952492	25	1
38	290	Response	4	5952492	25	1
38	290	Port Input	2	5959962	7495	1
38	290	Response	4	5959962	7495	1
38	290	Port Input	1	5961426	8959	1
38	290	Response	3	5961426	8959	1
38	290	Port Input	1	5961837	9371	1
38	290	Port Input	2	5961837	9371	1
38	290	Response	3	5961837	9371	1
38	290	Response	4	5961837	9371	1
38	291	Sound	test	5965488	0	1			0		other	0
38	291	Picture	response	5977125	11637	1	6498	1	11450	25000	incorrect	743
38	291	Port Input	1	5983430	17942	1
38	291	Response	3	5983430	17942	1
38	292	Picture	ITI	5984456	0	1	22159	1	0	next	other	0
38	293	Sound	test	5996497	0	1			0		other	0
38	293	Picture	response	6006615	10118	1	4499	1	10000	25000	incorrect	748
38	293	Port Input	1	6011052	14555	1
38	293	Response	3	6011052	14555	1
38	294	Picture	ITI	6012113	0	1	23825	1	0	next	other	0
38	295	Sound	test	6025144	0	1			0		other	0
38	295	Picture	response	6035938	10794	1	6664	1	10700	25000	incorrect	753
38	295	Port Input	1	6042464	17320	1
38	295	Response	3	6042464	17320	1
38	296	Picture	ITI	6043436	0	1	30823	1	0	next	other	0
38	297	Sound	test	6062727	0	1			0		other	0
38	297	Picture	response	6074259	11532	1	5831	1	11450	25000	incorrect	758
38	297	Port Input	1	6079946	17219	1
38	297	Response	3	6079946	17219	1
38	298	Picture	ITI	6081090	0	1	27157	1	0	next	other	0
38	299	Sound	test	6098211	0	1			0		other	0
38	299	Picture	response	6108247	10036	1	7331	1	10000	25000	incorrect	763
38	299	Port Input	2	6115429	17218	1
38	299	Response	4	6115429	17218	1
38	299A	Port Input	1	6115783	354	1
38	300	Picture	ITI	6116577	0	1	27324	1	0	next	other	0
38	301	Sound	test	6133859	0	1			0		other	0
38	301	Picture	response	6143901	10043	1	14662	1	10000	25000	incorrect	769
38	301	Port Input	2	6158408	24550	1
38	301	Response	4	6158408	24550	1
38	302	Picture	ITI	6159563	0	1	28157	1	0	next	other	0
38	302	Port Input	2	6159626	64	1
38	302	Response	4	6159626	64	1
38	303	Sound	test	6176234	0	1			0		other	0
38	303	Picture	response	6187720	11486	1	9164	1	11450	25000	incorrect	776
38	303	Port Input	1	6196765	20531	1
38	303	Response	3	6196765	20531	1
38	304	Picture	ITI	6197883	0	1	26491	1	0	next	other	0
38	305	Sound	test	6212884	0	1			0		other	0
38	305	Picture	response	6224374	11490	1	9663	1	11450	25000	incorrect	781
38	305	Port Input	1	6233882	20998	1
38	305	Response	3	6233882	20998	1
38	306	Picture	ITI	6234870	0	1	32322	1	0	next	other	0
38	307	Sound	test	6252162	0	1			0		other	0
38	307	Picture	response	6267193	15031	1	8664	1	15000	25000	incorrect	786
38	307	Port Input	1	6275779	23617	1
38	307	Response	3	6275779	23617	1
38	308	Picture	ITI	6276856	0	1	24825	1	0	next	other	0
38	309	Sound	test	6287477	0	1			0		other	0
38	309	Picture	response	6301681	14204	1	5998	1	14020	25000	incorrect	791
38	309	Port Input	1	6307576	20099	1
38	309	Response	3	6307576	20099	1
38	310	Picture	ITI	6308679	0	1	28990	1	0	next	other	0
38	311	Sound	test	6323550	0	1			0		other	0
38	311	Picture	response	6337669	14119	1	20993	1	14020	25000	incorrect	797
38	311	Port Input	1	6358501	34951	1
38	311	Port Input	2	6358501	34951	1
38	311	Response	3	6358501	34951	1
38	312	Picture	ITI	6359494	0	1	30989	1	0	next	other	0
38	313	Sound	test	6375356	0	1			0		other	0
38	313	Picture	response	6390484	15128	1	4499	1	15000	25000	incorrect	802
38	313	Port Input	1	6394930	19575	1
38	313	Response	3	6394930	19575	1
38	314	Picture	ITI	6395982	0	1	29323	1	0	next	other	0
38	314	Port Input	1	6400354	4372	1
38	314	Port Input	2	6400354	4372	1
38	314	Response	3	6400354	4372	1
38	314	Response	4	6400354	4372	1
38	314	Port Input	1	6400835	4853	1
38	314	Port Input	2	6400835	4853	1
38	314	Response	3	6400835	4853	1
38	314	Response	4	6400835	4853	1
38	315	Sound	test	6410163	0	1			0		other	0
38	315	Picture	response	6425305	15142	1	3166	1	15000	25000	incorrect	815
38	315	Port Input	1	6428310	18147	1
38	315	Response	3	6428310	18147	1
38	316	Picture	ITI	6429471	0	1	27657	1	0	next	other	0
38	317	Sound	test	6443062	0	1			0		other	0
38	317	Picture	response	6457128	14066	1	3499	1	14020	25000	incorrect	820
38	317	Port Input	1	6460430	17368	1
38	317	Response	3	6460430	17368	1
38	318	Picture	ITI	6461460	0	1	34821	1	0	next	other	0
38	319	Sound	test	6481211	0	1			0		other	0
38	319	Picture	response	6496281	15070	1	3832	1	15000	25000	incorrect	825
38	319	Port Input	1	6500026	18815	1
38	319	Response	3	6500026	18815	1
38	320	Picture	ITI	6501113	0	1	32489	1	0	next	other	0
38	321	Sound	test	6518564	0	1			0		other	0
38	321	Picture	response	6533602	15038	1	333	1	15000	25000	incorrect	830
38	321	Port Input	1	6533864	15300	1
38	321	Response	3	6533864	15300	1
38	322	Picture	ITI	6534935	0	1	29490	1	0	next	other	0
38	323	Sound	test	6551146	0	1			0		other	0
38	323	Picture	response	6564424	13279	1	2166	1	13100	25000	incorrect	835
38	323	Port Input	1	6566494	15348	1
38	323	Response	3	6566494	15348	1
38	324	Picture	ITI	6567423	0	1	24158	1	0	next	other	0
38	325	Sound	test	6578335	0	1			0		other	0
38	325	Picture	response	6591582	13247	1	3166	1	13100	25000	incorrect	840
38	325	Port Input	1	6594553	16219	1
38	325	Response	3	6594553	16219	1
38	326	Picture	ITI	6595580	0	1	26991	1	0	next	other	0
38	327	Sound	test	6610932	0	1			0		other	0
38	327	Picture	response	6622571	11640	1	3832	1	11450	25000	incorrect	845
38	327	Port Input	1	6626340	15408	1
38	327	Response	3	6626340	15408	1
38	328	Picture	ITI	6627403	0	1	21826	1	0	next	other	0
38	329	Sound	test	6639084	0	1			0		other	0
38	329	Picture	response	6649229	10145	1	9164	1	10000	25000	incorrect	850
38	329	Port Input	2	6658231	19147	1
38	329	Response	4	6658231	19147	1
38	330	Picture	ITI	6659225	0	1	26158	1	0	next	other	0
38	331	Sound	test	6674607	0	1			0		other	0
38	331	Picture	response	6685383	10777	1	5831	1	10700	25000	incorrect	855
38	331	Port Input	2	6691059	16453	1
38	331	Response	4	6691059	16453	1
38	332	Picture	ITI	6692048	0	1	22159	1	0	next	other	0
38	333	Sound	test	6704109	0	1			0		other	0
38	333	Picture	response	6714207	10098	1	5498	1	10000	25000	incorrect	860
38	333	Port Input	2	6719514	15405	1
38	333	Response	4	6719514	15405	1
38	336	Response	1	6742709	2011	0
38	337	Port Input	2	6760423	9729	1
38	337	Response	4	6760423	9729	1
38	455	Picture	resume	7930291	0	1	25491	1	0	next	other	0
38	455	Response	1	7933894	3603	0
38	455	Port Input	1	7954381	24090	1
38	455	Response	3	7954381	24090	1
38	456	Picture	ITI	7955783	0	1	10163	1	0	next	other	0
38	457	Picture	ITI	7965946	0	1	25658	1	0	next	other	0
38	458	Sound	test	7977497	0	1			0		other	0
38	458	Picture	response	7991604	14107	1	4332	1	14020	25000	incorrect	873
38	458	Port Input	1	7995841	18344	1
38	458	Response	3	7995841	18344	1
38	459	Picture	ITI	7996935	0	1	29490	1	0	next	other	0
38	460	Sound	test	8014796	0	1			0		other	0
38	460	Picture	response	8026425	11629	1	10163	1	11450	25000	incorrect	878
38	460	Port Input	1	8036467	21671	1
38	460	Response	3	8036467	21671	1
38	461	Picture	ITI	8037588	0	1	25825	1	0	next	other	0
38	462	Sound	test	8051789	0	1			0		other	0
38	462	Picture	response	8063413	11623	1	7664	1	11450	25000	incorrect	883
38	462	Port Input	1	8070961	19172	1
38	462	Response	3	8070961	19172	1
38	463	Picture	ITI	8072076	0	1	25491	1	0	next	other	0
38	464	Sound	test	8083407	0	1			0		other	0
38	464	Picture	response	8097567	14160	1	5498	1	14020	25000	incorrect	888
38	464	Port Input	1	8102862	19455	1
38	464	Response	3	8102862	19455	1
38	465	Picture	ITI	8103899	0	1	30490	1	0	next	other	0
38	466	Sound	test	8123600	0	1			0		other	0
38	466	Picture	response	8134388	10788	1	3999	1	10700	25000	incorrect	893
38	466	Port Input	1	8138252	14652	1
38	466	Response	3	8138252	14652	1
38	467	Picture	ITI	8139220	0	1	34488	1	0	next	other	0
38	468	Sound	test	8158541	0	1			0		other	0
38	468	Picture	response	8173708	15167	1	10496	1	15000	25000	incorrect	898
38	468	Port Input	1	8184084	25543	1
38	468	Response	3	8184084	25543	1
38	469	Picture	ITI	8185204	0	1	25491	1	0	next	other	0
38	470	Sound	test	8196636	0	1			0		other	0
38	470	Picture	response	8210696	14060	1	8164	1	14020	25000	incorrect	903
38	470	Port Input	1	8218807	22171	1
38	470	Response	3	8218807	22171	1
38	471	Picture	ITI	8219859	0	1	26158	1	0	next	other	0
38	472	Sound	test	8235930	0	1			0		other	0
38	472	Picture	response	8246017	10086	1	21659	1	10000	25000	incorrect	908
38	472	Port Input	2	8267482	31551	1
38	472	Response	4	8267482	31551	1
38	473	Picture	ITI	8268509	0	1	28324	1	0	next	other	0
38	474	Sound	test	8281680	0	1			0		other	0
38	474	Picture	response	8296833	15152	1	16994	1	15000	25000	incorrect	913
38	474	Port Input	1	8313710	32029	1
38	474	Response	3	8313710	32029	1
38	475	Picture	ITI	8314827	0	1	20326	1	0	next	other	0
38	476	Sound	test	8325068	0	1			0		other	0
38	476	Picture	response	8335153	10085	1	24325	1	10000	25000	incorrect	918
38	476	Port Input	2	8359417	34349	1
38	476	Response	4	8359417	34349	1
38	477	Picture	ITI	8360478	0	1	28990	1	0	next	other	0
38	478	Sound	test	8377049	0	1			0		other	0
38	478	Picture	response	8389468	12419	1	18660	1	12250	25000	incorrect	923
38	478	Port Input	1	8407977	30928	1
38	478	Response	3	8407977	30928	1
38	479	Picture	ITI	8409128	0	1	26658	1	0	next	other	0
38	479	Port Input	1	8412123	2996	1
38	479	Port Input	2	8412123	2996	1
38	479	Response	3	8412123	2996	1
38	479	Response	4	8412123	2996	1
38	480	Sound	test	8423359	0	1			0		other	0
38	480	Picture	response	8435785	12426	1	25158	1	12250	25000	miss	0
38	481	Picture	ITI	8461110	0	1	33988	1	0	next	other	0
38	482	Sound	test	8480931	0	1			0		other	0
38	482	Picture	response	8495098	14167	1	25158	1	14020	25000	miss	0
38	483	Picture	ITI	8520423	0	1	34655	1	0	next	other	0
38	484	Sound	test	8540014	0	1			0		other	0
38	484	Picture	response	8555078	15064	1	25158	1	15000	25000	miss	0
38	485	Picture	ITI	8580403	0	1	25824	1	0	next	other	0
38	486	Sound	test	8596144	0	1			0		other	0
38	486	Picture	response	8606227	10083	1	25158	1	10000	25000	miss	0
38	487	Picture	ITI	8631552	0	1	27657	1	0	next	other	0
38	488	Sound	test	8644083	0	1			0		other	0
38	488	Picture	response	8659209	15126	1	25158	1	15000	25000	miss	0
38	489	Picture	ITI	8684534	0	1	34322	1	0	next	other	0
38	490	Sound	test	8703745	0	1			0		other	0
38	490	Picture	response	8718855	15110	1	25158	1	15000	25000	miss	0
38	491	Picture	ITI	8744180	0	1	25991	1	0	next	other	0
38	492	Sound	test	8758641	0	1			0		other	0
38	492	Picture	response	8770171	11530	1	25158	1	11450	25000	miss	0
38	493	Picture	ITI	8795496	0	1	27491	1	0	next	other	0
38	494	Sound	test	8807827	0	1			0		other	0
38	494	Picture	response	8822986	15159	1	25158	1	15000	25000	miss	0
38	495	Picture	ITI	8848311	0	1	27824	1	0	next	other	0
38	496	Sound	test	8864522	0	1			0		other	0
38	496	Picture	response	8876135	11613	1	25158	1	11450	25000	miss	0
38	497	Picture	ITI	8901460	0	1	25991	1	0	next	other	0
38	498	Sound	test	8915911	0	1			0		other	0
38	498	Picture	response	8927451	11540	1	25158	1	11450	25000	miss	0
38	499	Picture	ITI	8952776	0	1	24325	1	0	next	other	0
38	500	Sound	test	8964787	0	1			0		other	0
38	500	Picture	response	8977100	12314	1	25158	1	12250	25000	miss	0
38	501	Picture	ITI	9002425	0	1	28657	1	0	next	other	0
38	502	Sound	test	9017916	0	1			0		other	0
38	502	Picture	response	9031082	13166	1	25158	1	13100	25000	miss	0
38	503	Picture	ITI	9056407	0	1	29990	1	0	next	other	0
38	504	Sound	test	9073188	0	1			0		other	0
38	504	Picture	response	9086396	13208	1	25158	1	13100	25000	miss	0
38	505	Picture	ITI	9111721	0	1	31489	1	0	next	other	0
38	506	Sound	test	9129152	0	1			0		other	0
38	506	Picture	response	9143210	14058	1	24492	1	14020	25000	incorrect	972
38	506	Port Input	1	9167564	38412	1
38	506	Port Input	2	9167564	38412	1
38	506	Response	3	9167564	38412	1
38	507	Picture	ITI	9168702	0	1	30989	1	0	next	other	0
38	507	Port Input	1	9168938	236	1
38	507	Port Input	2	9168938	236	1
38	507	Response	3	9168938	236	1
38	507	Response	4	9168938	236	1
38	507	Port Input	1	9171667	2966	1
38	507	Port Input	2	9171667	2966	1
38	507	Response	3	9171667	2966	1
38	507	Response	4	9171667	2966	1
38	507	Port Input	1	9174727	6026	1
38	507	Port Input	2	9174727	6026	1
38	507	Response	3	9174727	6026	1
38	507	Response	4	9174727	6026	1
38	508	Sound	test	9188073	0	1			0		other	0
38	508	Port Input	1	9196079	8005	1
38	508	Port Input	2	9196079	8005	1
38	508	Port Input	1	9196089	8015	1
38	508	Port Input	2	9196089	8015	1
38	508	Picture	response	9199691	11618	1	25158	1	11450	25000	miss	0
38	509	Picture	ITI	9225016	0	1	26491	1	0	next	other	0
38	510	Sound	test	9239957	0	1			0		other	0
38	510	Port Input	1	9249161	9204	1
38	510	Port Input	2	9249161	9204	1
38	510	Port Input	1	9249169	9212	1
38	510	Port Input	2	9249169	9212	1
38	510	Port Input	1	9250101	10144	1
38	510	Port Input	2	9250101	10144	1
38	510	Port Input	1	9250190	10233	1
38	510	Port Input	2	9250190	10233	1
38	510	Port Input	1	9250197	10240	1
38	510	Port Input	2	9250197	10240	1
38	510	Port Input	1	9251257	11300	1
38	510	Port Input	2	9251257	11300	1
38	510	Picture	response	9251507	11550	1	14495	1	11450	25000	incorrect	1009
38	510	Port Input	1	9265817	25860	1
38	510	Port Input	2	9265817	25860	1
38	510	Response	3	9265817	25860	1
38	510A	Port Input	1	9265953	135	1
38	510A	Port Input	2	9265953	135	1
38	511	Picture	ITI	9266835	0	1	32489	1	0	next	other	0
38	512	Sound	test	9284176	0	1			0		other	0
38	512	Picture	response	9299324	15148	1	25158	1	15000	25000	miss	0
38	513	Picture	ITI	9324648	0	1	34322	1	0	next	other	0
38	514	Sound	test	9343790	0	1			0		other	0
38	514	Picture	response	9358970	15180	1	25158	1	15000	25000	miss	0
38	515	Picture	ITI	9384295	0	1	31489	1	0	next	other	0
38	515	Port Input	1	9392244	7949	1
38	515	Port Input	2	9392244	7949	1
38	515	Response	3	9392244	7949	1
38	515	Response	4	9392244	7949	1
38	515	Port Input	1	9392435	8141	1
38	515	Port Input	2	9392435	8141	1
38	515	Response	3	9392435	8141	1
38	515	Response	4	9392435	8141	1
38	516	Sound	test	9400606	0	1			0		other	0
38	516	Picture	response	9415784	15178	1	25158	1	15000	25000	miss	0
38	517	Picture	ITI	9441109	0	1	20160	1	0	next	other	0
38	518	Sound	test	9451190	0	1			0		other	0
38	518	Picture	response	9461268	10079	1	25158	1	10000	25000	miss	0
38	519	Picture	ITI	9486593	0	1	29990	1	0	next	other	0
38	520	Sound	test	9506504	0	1			0		other	0
38	520	Picture	response	9516583	10079	1	25158	1	10000	25000	miss	0
38	521	Picture	ITI	9541908	0	1	30490	1	0	next	other	0
38	522	Sound	test	9559119	0	1			0		other	0
38	522	Picture	response	9572397	13278	1	25158	1	13100	25000	miss	0
38	523	Picture	ITI	9597722	0	1	30823	1	0	next	other	0
38	524	Sound	test	9615393	0	1			0		other	0
38	524	Port Input	2	9622219	6826	1
38	524	Port Input	1	9622219	6826	1
38	524	Port Input	1	9623573	8179	1
38	524	Port Input	2	9623573	8179	1
38	524	Port Input	2	9625163	9770	1
38	524	Port Input	1	9625352	9959	1
38	524	Port Input	1	9626171	10778	1
38	524	Picture	response	9628545	13152	1	500	1	13100	25000	incorrect	1049
38	524	Port Input	1	9628928	13535	1
38	524	Response	3	9628928	13535	1
38	524A	Port Input	1	9629016	87	1
38	525	Picture	ITI	9629878	0	1	29490	1	0	next	other	0
38	525	Port Input	1	9639524	9647	1
38	525	Port Input	2	9639524	9647	1
38	525	Response	3	9639524	9647	1
38	525	Response	4	9639524	9647	1
38	525	Port Input	1	9639739	9862	1
38	525	Port Input	2	9639739	9862	1
38	525	Response	3	9639739	9862	1
38	525	Response	4	9639739	9862	1
38	525	Port Input	1	9639945	10067	1
38	525	Port Input	2	9639945	10067	1
38	525	Response	3	9639945	10067	1
38	525	Response	4	9639945	10067	1
38	525	Port Input	1	9640021	10144	1
38	525	Port Input	2	9640021	10144	1
38	525	Response	3	9640021	10144	1
38	525	Response	4	9640021	10144	1
38	525	Port Input	1	9640120	10243	1
38	525	Port Input	2	9640120	10243	1
38	525	Response	3	9640120	10243	1
38	525	Response	4	9640120	10243	1
38	525	Port Input	1	9640235	10357	1
38	525	Port Input	2	9640235	10357	1
38	525	Response	3	9640235	10357	1
38	525	Response	4	9640235	10357	1
38	525	Port Input	1	9640320	10443	1
38	525	Port Input	2	9640320	10443	1
38	525	Response	3	9640320	10443	1
38	525	Response	4	9640320	10443	1
38	525	Port Input	1	9640520	10642	1
38	525	Port Input	2	9640520	10642	1
38	525	Response	3	9640520	10642	1
38	525	Response	4	9640520	10642	1
38	526	Sound	test	9645319	0	1			0		other	0
38	526	Picture	response	9659367	14049	1	15401	1	14020	25000	miss	0
38	526	Quit		9668993	23674	NA


{
   "app": "Presentation Version 20.2 Build 07.25.18",
   "device": "LENOVO 10A8S1PC00",
   "experiment": "{772213B2-5F0F-4A35-9C2F-36954700C7EA}",
   "os": "Windows 7 64 bit",
   "package": "",
   "parameters": {
      "configuration": "Default configuration"
   },
   "scenario": "Timing Task with Dynanometer.sce",
   "subject": "38",
   "timestamp": "2019/03/09 02:22:25 GMT"
}
