Scenario - Timing Task
Logfile written - 03/08/2019 09:34:56

Subject	Trial	Event Type	Code	Time	TTime	Uncertainty	Duration	Uncertainty	ReqTime	ReqDur	Stim Type	Pair Index

39	1	Picture	Instruction	500	0	1	32989	1	0	next	other	0
39	1	Response	1	28322	27822	0
39	2	Picture	ITI	33488	0	1	10996	1	0	next	other	0
39	3	Sound	Stimuli	43504	0	797			0		other	0
39	4	Picture	Feedback	74141	0	1	20160	1	0	next	other	0
39	5	Picture	ITI	94301	0	1	10163	1	0	next	other	0
39	6	Sound	Stimuli	104302	0	1			0		other	0
39	7	Picture	Feedback	139452	0	1	20160	1	0	next	other	0
39	8	Picture	ITI	159612	0	1	10163	1	0	next	other	0
39	9	Sound	Stimuli	169613	0	1			0		other	0
39	10	Picture	Feedback	199598	0	1	20160	1	0	next	other	0
39	11	Picture	ITI	219758	0	1	10163	1	0	next	other	0
39	12	Sound	Stimuli	229760	0	1			0		other	0
39	13	Picture	Feedback	264909	0	1	20160	1	0	next	other	0
39	14	Picture	ITI	285069	0	1	10163	1	0	next	other	0
39	15	Sound	Stimuli	295070	0	1			0		other	0
39	16	Picture	Feedback	325222	0	1	20160	1	0	next	other	0
39	17	Picture	ITI	345382	0	1	10163	1	0	next	other	0
39	18	Sound	Stimuli	355383	0	1			0		other	0
39	19	Picture	Feedback	390533	0	1	20160	1	0	next	other	0
39	20	Picture	ITI	410693	0	1	10163	1	0	next	other	0
39	21	Sound	Stimuli	420694	0	1			0		other	0
39	22	Picture	Feedback	450846	0	1	20160	1	0	next	other	0
39	23	Picture	ITI	471006	0	1	10163	1	0	next	other	0
39	24	Sound	Stimuli	481007	0	1			0		other	0
39	25	Picture	Feedback	516157	0	1	20160	1	0	next	other	0
39	26	Picture	ITI	536317	0	1	10163	1	0	next	other	0
39	27	Sound	Stimuli	546318	0	1			0		other	0
39	28	Picture	Feedback	576303	0	1	20160	1	0	next	other	0
39	29	Picture	ITI	596463	0	1	10163	1	0	next	other	0
39	30	Sound	Stimuli	606464	0	1			0		other	0
39	31	Picture	Feedback	641614	0	1	20160	1	0	next	other	0
39	32	Picture	End_Block	661774	0	1	42652	1	0	next	other	0
39	32	Response	1	704234	42460	0
39	33	Picture	ITI	704426	0	1	10163	1	0	next	other	0
39	34	Picture	Break	714589	0	1	17327	1	0	next	other	0
39	34	Response	1	731753	17164	0
39	35	Picture	ITI	731916	0	1	10163	1	0	next	other	0
39	36	Picture	Instruction	742080	0	1	57147	1	0	next	other	0
39	36	Response	1	794072	51992	0
39	37	Picture	ITI	799227	0	1	25658	1	0	next	other	0
39	38	Sound	Practice	814698	0	1			0		other	0
39	38	Picture	response	824885	10186	1	8830	1	10000	25000	hit	45
39	38	Port Input	1	833634	18935	1
39	38	Response	3	833634	18935	1
39	39	Picture	ITI	843712	0	1	33155	1	0	next	other	0
39	40	Sound	Practice	861693	0	1			0		other	0
39	40	Picture	response	876867	15174	1	7164	1	15000	25000	hit	50
39	40	Port Input	2	883827	22134	1
39	40	Response	4	883827	22134	1
39	41	Picture	ITI	893861	0	1	28324	1	0	next	other	0
39	42	Sound	Practice	912073	0	1			0		other	0
39	42	Picture	response	922185	10112	1	13329	1	10000	25000	hit	55
39	42	Port Input	1	935447	23375	1
39	42	Response	3	935447	23375	1
39	43	Picture	ITI	945510	0	1	26324	1	0	next	other	0
39	44	Sound	Practice	956732	0	1			0		other	0
39	44	Picture	response	971835	15103	1	5498	1	15000	25000	hit	60
39	44	Port Input	2	977291	20559	1
39	44	Response	4	977291	20559	1
39	45	Picture	ITI	987329	0	1	31156	1	0	next	other	0
39	46	Sound	Practice	1003351	0	1			0		other	0
39	46	Picture	response	1018485	15135	1	3665	1	15000	25000	hit	65
39	46	Port Input	2	1022102	18751	1
39	46	Response	4	1022102	18751	1
39	47	Picture	ITI	1032147	0	1	25325	1	0	next	other	0
39	48	Sound	Practice	1047409	0	1			0		other	0
39	48	Picture	response	1057472	10063	1	5498	1	10000	25000	hit	70
39	48	Port Input	1	1062800	15392	1
39	48	Response	3	1062800	15392	1
39	49	Picture	ITI	1072967	0	1	24825	1	0	next	other	0
39	50	Sound	Practice	1087608	0	1			0		other	0
39	50	Picture	response	1097792	10183	1	6998	1	10000	25000	hit	75
39	50	Port Input	1	1104706	17098	1
39	50	Response	3	1104706	17098	1
39	51	Picture	ITI	1114786	0	1	29823	1	0	next	other	0
39	52	Sound	Practice	1129497	0	1			0		other	0
39	52	Picture	response	1144609	15112	1	8330	1	15000	25000	incorrect	80
39	52	Port Input	1	1152745	23248	1
39	52	Response	3	1152745	23248	1
39	53	Picture	ITI	1162936	0	1	26491	1	0	next	other	0
39	54	Sound	Practice	1179267	0	1			0		other	0
39	54	Picture	response	1189427	10160	1	5331	1	10000	25000	hit	85
39	54	Port Input	1	1194620	15352	1
39	54	Response	3	1194620	15352	1
39	55	Picture	ITI	1204755	0	1	34322	1	0	next	other	0
39	56	Sound	Practice	1224016	0	1			0		other	0
39	56	Picture	response	1239077	15060	1	3665	1	15000	25000	hit	90
39	56	Port Input	2	1242679	18663	1
39	56	Response	4	1242679	18663	1
39	57	Picture	ITI	1252739	0	1	33322	1	0	next	other	0
39	58	Sound	Practice	1270900	0	1			0		other	0
39	58	Picture	response	1286061	15161	1	6664	1	15000	25000	hit	95
39	58	Port Input	2	1292644	21744	1
39	58	Response	4	1292644	21744	1
39	59	Picture	ITI	1302722	0	1	29490	1	0	next	other	0
39	60	Sound	Practice	1322173	0	1			0		other	0
39	60	Picture	response	1332212	10039	1	10163	1	10000	25000	hit	100
39	60	Port Input	1	1342202	20029	1
39	60	Response	3	1342202	20029	1
39	61	Picture	ITI	1352371	0	1	29323	1	0	next	other	0
39	62	Sound	Practice	1371573	0	1			0		other	0
39	62	Picture	response	1381695	10122	1	7664	1	10000	25000	hit	105
39	62	Port Input	1	1389314	17741	1
39	62	Response	3	1389314	17741	1
39	63	Picture	ITI	1399355	0	1	29323	1	0	next	other	0
39	64	Sound	Practice	1413507	0	1			0		other	0
39	64	Picture	response	1428679	15172	1	4332	1	15000	25000	hit	110
39	64	Port Input	2	1432896	19390	1
39	64	Response	4	1432896	19390	1
39	65	Picture	ITI	1443007	0	1	28324	1	0	next	other	0
39	66	Sound	Practice	1461268	0	1			0		other	0
39	66	Picture	response	1471331	10062	1	5498	1	10000	25000	hit	115
39	66	Port Input	1	1476697	15429	1
39	66	Response	3	1476697	15429	1
39	67	Picture	ITI	1486825	0	1	29657	1	0	next	other	0
39	68	Sound	Practice	1506297	0	1			0		other	0
39	68	Picture	response	1516482	10185	1	5831	1	10000	25000	hit	120
39	68	Port Input	1	1522164	15867	1
39	68	Response	3	1522164	15867	1
39	69	Picture	ITI	1532310	0	1	26324	1	0	next	other	0
39	70	Sound	Practice	1548591	0	1			0		other	0
39	70	Picture	response	1558634	10043	1	5498	1	10000	25000	hit	125
39	70	Port Input	1	1563997	15406	1
39	70	Response	3	1563997	15406	1
39	71	Picture	ITI	1574129	0	1	22659	1	0	next	other	0
39	72	Sound	Practice	1586650	0	1			0		other	0
39	72	Picture	response	1596788	10138	1	4832	1	10000	25000	hit	130
39	72	Port Input	1	1601499	14849	1
39	72	Response	3	1601499	14849	1
39	73	Picture	ITI	1611616	0	1	25991	1	0	next	other	0
39	74	Sound	Practice	1627537	0	1			0		other	0
39	74	Picture	response	1637607	10070	1	4998	1	10000	25000	hit	135
39	74	Port Input	1	1642468	14931	1
39	74	Response	3	1642468	14931	1
39	75	Picture	ITI	1652602	0	1	33655	1	0	next	other	0
39	76	Sound	Practice	1671214	0	1			0		other	0
39	76	Picture	response	1686257	15044	1	6664	1	15000	25000	hit	140
39	76	Port Input	2	1692725	21511	1
39	76	Response	4	1692725	21511	1
39	77	Picture	ITI	1702752	0	1	20660	1	0	next	other	0
39	78	Sound	Practice	1713233	0	1			0		other	0
39	78	Picture	response	1723411	10178	1	4665	1	10000	25000	hit	145
39	78	Port Input	1	1727915	14682	1
39	78	Response	3	1727915	14682	1
39	79	Picture	ITI	1738073	0	1	33655	1	0	next	other	0
39	80	Sound	Practice	1756624	0	1			0		other	0
39	80	Picture	response	1771728	15104	1	4498	1	15000	25000	hit	150
39	80	Port Input	2	1776120	19496	1
39	80	Response	4	1776120	19496	1
39	81	Picture	ITI	1786223	0	1	27324	1	0	next	other	0
39	82	Sound	Practice	1803424	0	1			0		other	0
39	82	Picture	response	1813547	10123	1	5331	1	10000	25000	hit	155
39	82	Port Input	1	1818745	15320	1
39	82	Response	3	1818745	15320	1
39	83	Picture	ITI	1828875	0	1	22992	1	0	next	other	0
39	84	Sound	Practice	1841837	0	1			0		other	0
39	84	Picture	response	1851867	10031	1	5332	1	10000	25000	hit	160
39	84	Port Input	1	1857132	15295	1
39	84	Response	3	1857132	15295	1
39	85	Picture	ITI	1867195	0	1	29990	1	0	next	other	0
39	86	Sound	Practice	1882047	0	1			0		other	0
39	86	Picture	response	1897185	15138	1	4332	1	15000	25000	hit	165
39	86	Port Input	2	1901474	19428	1
39	86	Response	4	1901474	19428	1
39	87	Picture	Break	1911514	0	1	13495	1	0	next	other	0
39	87	Response	1	1924858	13345	1
39	88	Picture	Instruction	1925009	0	1	25658	1	0	next	other	0
39	88	Response	1	1950538	25529	0
39	89	Picture	ITI	1950667	0	1	15162	1	0	next	other	0
39	90	Picture	ITI	1965828	0	1	30989	1	0	next	other	0
39	91	Sound	test	1981630	0	1			0		other	0
39	91	Picture	response	1996818	15188	1	3832	1	15000	25000	incorrect	175
39	91	Port Input	2	2000550	18920	1
39	91	Response	4	2000550	18920	1
39	92	Picture	ITI	2001650	0	1	22659	1	0	next	other	0
39	93	Sound	test	2012791	0	1			0		other	0
39	93	Picture	response	2024308	11518	1	11996	1	11450	25000	incorrect	180
39	93	Port Input	1	2036261	23470	1
39	93	Response	3	2036261	23470	1
39	94	Picture	ITI	2037304	0	1	31156	1	0	next	other	0
39	95	Sound	test	2054345	0	1			0		other	0
39	95	Picture	response	2068460	14115	1	10496	1	14020	25000	incorrect	185
39	95	Port Input	1	2078917	24571	1
39	95	Response	3	2078917	24571	1
39	96	Picture	ITI	2079956	0	1	27990	1	0	next	other	0
39	97	Sound	test	2094767	0	1			0		other	0
39	97	Picture	response	2107947	13179	1	7164	1	13100	25000	incorrect	190
39	97	Port Input	1	2114909	20142	1
39	97	Response	3	2114909	20142	1
39	98	Picture	ITI	2115944	0	1	25658	1	0	next	other	0
39	99	Sound	test	2129965	0	1			0		other	0
39	99	Picture	response	2141602	11637	1	7164	1	11450	25000	incorrect	195
39	99	Port Input	1	2148611	18646	1
39	99	Response	3	2148611	18646	1
39	100	Picture	ITI	2149599	0	1	30823	1	0	next	other	0
39	101	Sound	test	2165280	0	1			0		other	0
39	101	Picture	response	2180422	15142	1	5165	1	15000	25000	incorrect	200
39	101	Port Input	2	2185405	20125	1
39	101	Response	4	2185405	20125	1
39	102	Picture	ITI	2186420	0	1	31989	1	0	next	other	0
39	103	Sound	test	2204311	0	1			0		other	0
39	103	Picture	response	2218409	14098	1	13995	1	14020	25000	incorrect	205
39	103	Port Input	2	2232277	27966	1
39	103	Response	4	2232277	27966	1
39	104	Picture	ITI	2233404	0	1	25491	1	0	next	other	0
39	105	Sound	test	2246485	0	1			0		other	0
39	105	Picture	response	2258895	12410	1	7831	1	12250	25000	incorrect	210
39	105	Port Input	1	2266604	20119	1
39	105	Response	3	2266604	20119	1
39	106	Picture	ITI	2267559	0	1	29990	1	0	next	other	0
39	107	Sound	test	2285940	0	1			0		other	0
39	107	Picture	response	2297548	11608	1	10663	1	11450	25000	incorrect	215
39	107	Port Input	1	2308094	22154	1
39	107	Response	3	2308094	22154	1
39	108	Picture	ITI	2309211	0	1	28823	1	0	next	other	0
39	109	Sound	test	2327182	0	1			0		other	0
39	109	Picture	response	2338035	10852	1	5831	1	10700	25000	incorrect	220
39	109	Port Input	1	2343732	16550	1
39	109	Response	3	2343732	16550	1
39	110	Picture	ITI	2344699	0	1	23492	1	0	next	other	0
39	111	Sound	test	2358110	0	1			0		other	0
39	111	Picture	response	2368191	10081	1	5998	1	10000	25000	incorrect	225
39	111	Port Input	1	2374081	15971	1
39	111	Response	3	2374081	15971	1
39	112	Picture	ITI	2375189	0	1	28990	1	0	next	other	0
39	113	Sound	test	2394010	0	1			0		other	0
39	113	Picture	response	2404179	10169	1	5332	1	10000	25000	incorrect	230
39	113	Port Input	1	2409376	15366	1
39	113	Response	3	2409376	15366	1
39	114	Picture	ITI	2410510	0	1	30656	1	0	next	other	0
39	115	Sound	test	2426991	0	1			0		other	0
39	115	Picture	response	2441166	14175	1	11996	1	14020	25000	incorrect	235
39	115	Port Input	2	2453011	26020	1
39	115	Response	4	2453011	26020	1
39	116	Picture	ITI	2453995	0	1	29323	1	0	next	other	0
39	117	Sound	test	2471036	0	1			0		other	0
39	117	Picture	response	2483318	12282	1	5998	1	12250	25000	incorrect	240
39	117	Port Input	1	2489232	18196	1
39	117	Response	3	2489232	18196	1
39	118	Picture	ITI	2490316	0	1	23992	1	0	next	other	0
39	119	Sound	test	2502727	0	1			0		other	0
39	119	Picture	response	2514308	11581	1	5998	1	11450	25000	incorrect	245
39	119	Port Input	1	2520165	17437	1
39	119	Response	3	2520165	17437	1
39	120	Picture	ITI	2521305	0	1	32822	1	0	next	other	0
39	121	Sound	test	2540847	0	1			0		other	0
39	121	Picture	response	2554127	13281	1	5998	1	13100	25000	incorrect	250
39	121	Port Input	1	2559957	19111	1
39	121	Response	3	2559957	19111	1
39	122	Picture	ITI	2560958	0	1	30490	1	0	next	other	0
39	123	Sound	test	2576360	0	1			0		other	0
39	123	Picture	response	2591448	15088	1	9830	1	15000	25000	incorrect	255
39	123	Port Input	2	2601114	24754	1
39	123	Response	4	2601114	24754	1
39	124	Picture	ITI	2602111	0	1	28157	1	0	next	other	0
39	125	Sound	test	2616132	0	1			0		other	0
39	125	Picture	response	2630268	14136	1	12829	1	14020	25000	incorrect	260
39	125	Port Input	2	2642947	26815	1
39	125	Response	4	2642947	26815	1
39	126	Picture	ITI	2644097	0	1	25991	1	0	next	other	0
39	127	Sound	test	2659248	0	1			0		other	0
39	127	Picture	response	2670088	10840	1	5831	1	10700	25000	incorrect	265
39	127	Port Input	1	2675795	16547	1
39	127	Response	3	2675795	16547	1
39	128	Picture	ITI	2676919	0	1	25991	1	0	next	other	0
39	129	Sound	test	2692130	0	1			0		other	0
39	129	Picture	response	2702910	10780	1	5831	1	10700	25000	incorrect	270
39	129	Port Input	1	2708633	16502	1
39	129	Response	3	2708633	16502	1
39	130	Picture	ITI	2709741	0	1	27990	1	0	next	other	0
39	131	Sound	test	2727642	0	1			0		other	0
39	131	Picture	response	2737731	10089	1	5831	1	10000	25000	incorrect	275
39	131	Port Input	1	2743376	15734	1
39	131	Response	3	2743376	15734	1
39	132	Picture	ITI	2744396	0	1	27824	1	0	next	other	0
39	133	Sound	test	2762177	0	1			0		other	0
39	133	Picture	response	2772220	10043	1	6165	1	10000	25000	incorrect	280
39	133	Port Input	1	2778244	16067	1
39	133	Response	3	2778244	16067	1
39	134	Picture	ITI	2779384	0	1	26658	1	0	next	other	0
39	135	Sound	test	2795285	0	1			0		other	0
39	135	Picture	response	2806041	10756	1	6331	1	10700	25000	incorrect	285
39	135	Port Input	1	2812227	16942	1
39	135	Response	3	2812227	16942	1
39	136	Picture	ITI	2813206	0	1	20160	1	0	next	other	0
39	137	Sound	test	2823317	0	1			0		other	0
39	137	Picture	response	2833365	10049	1	6331	1	10000	25000	incorrect	290
39	137	Port Input	1	2839578	16261	1
39	137	Response	3	2839578	16261	1
39	138	Picture	ITI	2840696	0	1	30989	1	0	next	other	0
39	139	Sound	test	2856648	0	1			0		other	0
39	139	Picture	response	2871686	15038	1	14662	1	15000	25000	incorrect	295
39	139	Port Input	1	2886148	29500	1
39	139	Response	3	2886148	29500	1
39	140	Picture	ITI	2887180	0	1	28823	1	0	next	other	0
39	141	Sound	test	2902812	0	1			0		other	0
39	141	Picture	response	2916004	13192	1	5498	1	13100	25000	incorrect	300
39	141	Port Input	2	2921359	18548	1
39	141	Response	4	2921359	18548	1
39	142	Picture	ITI	2922502	0	1	26158	1	0	next	other	0
39	143	Sound	test	2937143	0	1			0		other	0
39	143	Picture	response	2948659	11516	1	6664	1	11450	25000	incorrect	305
39	143	Port Input	1	2955218	18075	1
39	143	Response	3	2955218	18075	1
39	144	Picture	ITI	2956157	0	1	28157	1	0	next	other	0
39	145	Sound	test	2971088	0	1			0		other	0
39	145	Picture	response	2984314	13226	1	10663	1	13100	25000	incorrect	310
39	145	Port Input	1	2994875	23787	1
39	145	Response	3	2994875	23787	1
39	146	Picture	ITI	2995977	0	1	29990	1	0	next	other	0
39	147	Sound	test	3015128	0	1			0		other	0
39	147	Picture	response	3025966	10839	1	6498	1	10700	25000	incorrect	315
39	147	Port Input	1	3032304	17176	1
39	147	Response	3	3032304	17176	1
39	148	Picture	ITI	3033297	0	1	29657	1	0	next	other	0
39	149	Sound	test	3049768	0	1			0		other	0
39	149	Picture	response	3062954	13185	1	8664	1	13100	25000	incorrect	320
39	149	Port Input	1	3071482	21714	1
39	149	Response	3	3071482	21714	1
39	150	Picture	ITI	3072450	0	1	27491	1	0	next	other	0
39	151	Sound	test	3085892	0	1			0		other	0
39	151	Picture	response	3099941	14049	1	7497	1	14020	25000	incorrect	325
39	151	Port Input	2	3107381	21489	1
39	151	Response	4	3107381	21489	1
39	152	Picture	ITI	3108438	0	1	30323	1	0	next	other	0
39	153	Sound	test	3127150	0	1			0		other	0
39	153	Picture	response	3138761	11612	1	6331	1	11450	25000	incorrect	330
39	153	Port Input	1	3144966	17817	1
39	153	Response	3	3144966	17817	1
39	154	Picture	ITI	3146092	0	1	29657	1	0	next	other	0
39	155	Sound	test	3161673	0	1			0		other	0
39	155	Picture	response	3175749	14075	1	11496	1	14020	25000	incorrect	335
39	155	Port Input	1	3187091	25418	1
39	155	Response	3	3187091	25418	1
39	156	Picture	ITI	3188078	0	1	30989	1	0	next	other	0
39	157	Sound	test	3204039	0	1			0		other	0
39	157	Picture	response	3219067	15028	1	5331	1	15000	25000	incorrect	340
39	157	Port Input	2	3224302	20263	1
39	157	Response	4	3224302	20263	1
39	158	Picture	ITI	3225398	0	1	24492	1	0	next	other	0
39	159	Sound	test	3239059	0	1			0		other	0
39	159	Picture	response	3249890	10830	1	5165	1	10700	25000	incorrect	345
39	159	Port Input	1	3254890	15831	1
39	159	Response	3	3254890	15831	1
39	160	Picture	ITI	3255888	0	1	27491	1	0	next	other	0
39	161	Sound	test	3269309	0	1			0		other	0
39	161	Picture	response	3283378	14069	1	7997	1	14020	25000	incorrect	350
39	161	Port Input	1	3291278	21969	1
39	161	Response	3	3291278	21969	1
39	162	Picture	ITI	3292375	0	1	30989	1	0	next	other	0
39	163	Sound	test	3308327	0	1			0		other	0
39	163	Picture	response	3323365	15038	1	11829	1	15000	25000	incorrect	355
39	163	Port Input	2	3335059	26732	1
39	163	Response	4	3335059	26732	1
39	164	Picture	ITI	3336194	0	1	26491	1	0	next	other	0
39	165	Sound	test	3349475	0	1			0		other	0
39	165	Picture	response	3362685	13210	1	6165	1	13100	25000	incorrect	360
39	165	Port Input	1	3368750	19275	1
39	165	Response	3	3368750	19275	1
39	166	Picture	ITI	3369849	0	1	21993	1	0	next	other	0
39	167	Sound	test	3380250	0	1			0		other	0
39	167	Picture	response	3391841	11591	1	5831	1	11450	25000	incorrect	365
39	167	Port Input	1	3397600	17350	1
39	167	Response	3	3397600	17350	1
39	168	Picture	ITI	3398672	0	1	33155	1	0	next	other	0
39	169	Sound	test	3416754	0	1			0		other	0
39	169	Picture	response	3431828	15074	1	8830	1	15000	25000	incorrect	370
39	169	Port Input	2	3440568	23815	1
39	169	Response	4	3440568	23815	1
39	170	Picture	ITI	3441658	0	1	30656	1	0	next	other	0
39	171	Sound	test	3459989	0	1			0		other	0
39	171	Picture	response	3472314	12325	1	5998	1	12250	25000	incorrect	375
39	171	Port Input	1	3478154	18165	1
39	171	Response	3	3478154	18165	1
39	172	Picture	ITI	3479145	0	1	33155	1	0	next	other	0
39	173	Sound	test	3498206	0	1			0		other	0
39	173	Picture	response	3512300	14094	1	6331	1	14020	25000	incorrect	380
39	173	Port Input	1	3518561	20354	1
39	173	Response	3	3518561	20354	1
39	174	Picture	ITI	3519631	0	1	27657	1	0	next	other	0
39	175	Sound	test	3534042	0	1			0		other	0
39	175	Picture	response	3547288	13246	1	6498	1	13100	25000	incorrect	385
39	175	Port Input	1	3553647	19605	1
39	175	Response	3	3553647	19605	1
39	176	Picture	ITI	3554786	0	1	30656	1	0	next	other	0
39	177	Sound	test	3571287	0	1			0		other	0
39	177	Picture	response	3585442	14155	1	9164	1	14020	25000	incorrect	390
39	177	Port Input	1	3594460	23173	1
39	177	Response	3	3594460	23173	1
39	178	Picture	ITI	3595438	0	1	25491	1	0	next	other	0
39	179	Sound	test	3608510	0	1			0		other	0
39	179	Picture	response	3620930	12420	1	10496	1	12250	25000	incorrect	395
39	179	Port Input	1	3631223	22713	1
39	179	Response	3	3631223	22713	1
39	180	Picture	ITI	3632259	0	1	27824	1	0	next	other	0
39	181	Sound	test	3644961	0	1			0		other	0
39	181	Picture	response	3660083	15123	1	5498	1	15000	25000	incorrect	400
39	181	Port Input	2	3665456	20495	1
39	181	Response	4	3665456	20495	1
39	182	Picture	ITI	3666581	0	1	26491	1	0	next	other	0
39	183	Sound	test	3678912	0	1			0		other	0
39	183	Picture	response	3693072	14160	1	8330	1	14020	25000	incorrect	405
39	183	Port Input	1	3701230	22318	1
39	183	Response	3	3701230	22318	1
39	184	Picture	ITI	3702402	0	1	21826	1	0	next	other	0
39	185	Sound	test	3712723	0	1			0		other	0
39	185	Picture	response	3724228	11505	1	5998	1	11450	25000	incorrect	410
39	185	Port Input	1	3730090	17367	1
39	185	Response	3	3730090	17367	1
39	186	Picture	ITI	3731059	0	1	25158	1	0	next	other	0
39	187	Sound	test	3745450	0	1			0		other	0
39	187	Picture	response	3756217	10767	1	6664	1	10700	25000	incorrect	415
39	187	Port Input	1	3762824	17374	1
39	187	Response	3	3762824	17374	1
39	188	Picture	ITI	3763881	0	1	20660	1	0	next	other	0
39	189	Sound	test	3774373	0	1			0		other	0
39	189	Picture	response	3784541	10168	1	11163	1	10000	25000	incorrect	420
39	189	Port Input	1	3795599	21226	1
39	189	Response	3	3795599	21226	1
39	190	Picture	ITI	3796703	0	1	22492	1	0	next	other	0
39	191	Sound	test	3808324	0	1			0		other	0
39	191	Picture	response	3819195	10871	1	5998	1	10700	25000	incorrect	425
39	191	Port Input	1	3825053	16729	1
39	191	Response	3	3825053	16729	1
39	192	Picture	ITI	3826193	0	1	24658	1	0	next	other	0
39	193	Sound	test	3840824	0	1			0		other	0
39	193	Picture	response	3850851	10027	1	6498	1	10000	25000	incorrect	430
39	193	Port Input	1	3857172	16348	1
39	193	Response	3	3857172	16348	1
39	194	Picture	ITI	3858182	0	1	26658	1	0	next	other	0
39	195	Sound	test	3873993	0	1			0		other	0
39	195	Picture	response	3884840	10846	1	6831	1	10700	25000	incorrect	435
39	195	Port Input	1	3891624	17630	1
39	195	Response	3	3891624	17630	1
39	196	Picture	ITI	3892670	0	1	24825	1	0	next	other	0
39	197	Sound	test	3904352	0	1			0		other	0
39	197	Picture	response	3917495	13144	1	10496	1	13100	25000	incorrect	440
39	197	Port Input	1	3927856	23504	1
39	197	Response	3	3927856	23504	1
39	198	Picture	ITI	3928991	0	1	24658	1	0	next	other	0
39	199	Sound	test	3941332	0	1			0		other	0
39	199	Picture	response	3953649	12317	1	5665	1	12250	25000	incorrect	445
39	199	Port Input	1	3959194	17862	1
39	199	Response	3	3959194	17862	1
39	200	Picture	ITI	3960147	0	1	29323	1	0	next	other	0
39	201	Sound	test	3979389	0	1			0		other	0
39	201	Picture	response	3989471	10082	1	5998	1	10000	25000	incorrect	450
39	201	Port Input	1	3995395	16006	1
39	201	Response	3	3995395	16006	1
39	202	Picture	ITI	3996468	0	1	27324	1	0	next	other	0
39	203	Sound	test	4011509	0	1			0		other	0
39	203	Picture	response	4023792	12283	1	16328	1	12250	25000	incorrect	455
39	203	Port Input	1	4039987	28477	1
39	203	Response	3	4039987	28477	1
39	204	Picture	ITI	4040953	0	1	30656	1	0	next	other	0
39	205	Sound	test	4056584	0	1			0		other	0
39	205	Picture	response	4071609	15025	1	7664	1	15000	25000	incorrect	460
39	205	Port Input	1	4079228	22643	1
39	205	Response	3	4079228	22643	1
39	206	Picture	ITI	4080273	0	1	23492	1	0	next	other	0
39	207	Sound	test	4090624	0	1			0		other	0
39	207	Picture	response	4103765	13141	1	7164	1	13100	25000	incorrect	465
39	207	Port Input	1	4110743	20119	1
39	207	Response	3	4110743	20119	1
39	208	Picture	ITI	4111762	0	1	21659	1	0	next	other	0
39	209	Sound	test	4123353	0	1			0		other	0
39	209	Picture	response	4133421	10068	1	5665	1	10000	25000	incorrect	470
39	209	Port Input	1	4138969	15615	1
39	209	Response	3	4138969	15615	1
39	210	Picture	ITI	4140086	0	1	23825	1	0	next	other	0
39	211	Sound	test	4152277	0	1			0		other	0
39	211	Picture	response	4163911	11634	1	7164	1	11450	25000	incorrect	475
39	211	Port Input	1	4170953	18676	1
39	211	Response	3	4170953	18676	1
39	212	Picture	ITI	4172075	0	1	28657	1	0	next	other	0
39	213	Sound	test	4185666	0	2			0		other	0
39	213	Picture	response	4200732	15066	1	5498	1	15000	25000	incorrect	480
39	213	Port Input	2	4206154	20488	1
39	213	Response	4	4206154	20488	1
39	214	Picture	ITI	4207230	0	1	32489	1	0	next	other	0
39	215	Sound	test	4225611	0	1			0		other	0
39	215	Picture	response	4239718	14108	1	6831	1	14020	25000	incorrect	485
39	215	Port Input	2	4246352	20742	1
39	215	Response	4	4246352	20742	1
39	216	Picture	ITI	4247383	0	1	21326	1	0	next	other	0
39	217	Sound	test	4257844	0	1			0		other	0
39	217	Picture	response	4268709	10865	1	6331	1	10700	25000	incorrect	490
39	217	Port Input	1	4274848	17005	1
39	217	Response	3	4274848	17005	1
39	218	Picture	ITI	4275873	0	1	25491	1	0	next	other	0
39	219	Sound	test	4291214	0	1			0		other	0
39	219	Picture	response	4301364	10150	1	9330	1	10000	25000	incorrect	495
39	219	Port Input	1	4310581	19367	1
39	219	Response	3	4310581	19367	1
39	220	Picture	ITI	4311694	0	1	27157	1	0	next	other	0
39	221	Sound	test	4325685	0	1			0		other	0
39	221	Picture	response	4338851	13166	1	7831	1	13100	25000	incorrect	500
39	221	Port Input	1	4346490	20805	1
39	221	Response	3	4346490	20805	1
39	222	Picture	ITI	4347515	0	1	23492	1	0	next	other	0
39	223	Sound	test	4358576	0	1			0		other	0
39	223	Picture	response	4371007	12431	1	8331	1	12250	25000	incorrect	505
39	223	Port Input	1	4379234	20657	1
39	223	Response	3	4379234	20657	1
39	224	Picture	ITI	4380337	0	1	29490	1	0	next	other	0
39	225	Sound	test	4399759	0	1			0		other	0
39	225	Picture	response	4409827	10069	1	5998	1	10000	25000	incorrect	510
39	225	Port Input	1	4415757	15998	1
39	225	Response	3	4415757	15998	1
39	226	Picture	ITI	4416825	0	1	28157	1	0	next	other	0
39	227	Sound	test	4429846	0	1			0		other	0
39	227	Picture	response	4444982	15136	1	7331	1	15000	25000	incorrect	515
39	227	Port Input	2	4452124	22278	1
39	227	Response	4	4452124	22278	1
39	228	Picture	ITI	4453146	0	1	27657	1	0	next	other	0
39	229	Sound	test	4470767	0	1			0		other	0
39	229	Picture	response	4480803	10036	1	5831	1	10000	25000	incorrect	520
39	229	Port Input	1	4486524	15757	1
39	229	Response	3	4486524	15757	1
39	230	Picture	ITI	4487634	0	1	20160	1	0	next	other	0
39	231	Sound	test	4497646	0	1			0		other	0
39	231	Picture	response	4507794	10148	1	6664	1	10000	25000	incorrect	525
39	231	Port Input	1	4514312	16666	1
39	231	Response	3	4514312	16666	1
39	232	Picture	ITI	4515458	0	1	24825	1	0	next	other	0
39	233	Sound	test	4529399	0	1			0		other	0
39	233	Picture	response	4540282	10884	1	10163	1	10700	25000	incorrect	530
39	233	Port Input	1	4550398	20999	1
39	233	Response	3	4550398	20999	1
39	234	Picture	ITI	4551445	0	1	34655	1	0	next	other	0
39	235	Sound	test	4570977	0	1			0		other	0
39	235	Picture	response	4586100	15124	1	5998	1	15000	25000	incorrect	535
39	235	Port Input	2	4591950	20973	1
39	235	Response	4	4591950	20973	1
39	236	Picture	ITI	4592931	0	1	27990	1	0	next	other	0
39	237	Sound	test	4610792	0	1			0		other	0
39	237	Picture	response	4620922	10129	1	6498	1	10000	25000	incorrect	540
39	237	Port Input	1	4627234	16442	1
39	237	Response	3	4627234	16442	1
39	238	Picture	ITI	4628252	0	1	28990	1	0	next	other	0
39	239	Sound	test	4643134	0	1			0		other	0
39	239	Picture	response	4657243	14109	1	6831	1	14020	25000	incorrect	545
39	239	Port Input	2	4663987	20853	1
39	239	Response	4	4663987	20853	1
39	240	Picture	ITI	4665073	0	1	24158	1	0	next	other	0
39	241	Sound	test	4678414	0	1			0		other	0
39	241	Picture	response	4689232	10817	1	7331	1	10700	25000	incorrect	550
39	241	Port Input	1	4696523	18108	1
39	241	Response	3	4696523	18108	1
39	242	Picture	ITI	4697562	0	1	21159	1	0	next	other	0
39	243	Sound	test	4708573	0	1			0		other	0
39	243	Picture	response	4718722	10148	1	6331	1	10000	25000	incorrect	555
39	243	Port Input	1	4724863	16289	1
39	243	Response	3	4724863	16289	1
39	244	Picture	ITI	4725886	0	1	23992	1	0	next	other	0
39	245	Sound	test	4737577	0	1			0		other	0
39	245	Picture	response	4749878	12301	1	10496	1	12250	25000	incorrect	560
39	245	Port Input	1	4760282	22705	1
39	245	Response	3	4760282	22705	1
39	246	Picture	ITI	4761374	0	1	31656	1	0	next	other	0
39	247	Sound	test	4780615	0	1			0		other	0
39	247	Picture	response	4793029	12415	1	9830	1	12250	25000	incorrect	565
39	247	Port Input	1	4802730	22115	1
39	247	Response	3	4802730	22115	1
39	248	Picture	ITI	4803859	0	1	28324	1	0	next	other	0
39	249	Sound	test	4820640	0	1			0		other	0
39	249	Picture	response	4832183	11542	1	7497	1	11450	25000	incorrect	570
39	249	Port Input	1	4839503	18863	1
39	249	Response	3	4839503	18863	1
39	250	Picture	ITI	4840680	0	1	22159	1	0	next	other	0
39	251	Sound	test	4852711	0	1			0		other	0
39	251	Picture	response	4862839	10128	1	5665	1	10000	25000	incorrect	575
39	251	Port Input	1	4868426	15715	1
39	251	Response	3	4868426	15715	1
39	252	Picture	ITI	4869503	0	1	32655	1	0	next	other	0
39	253	Sound	test	4887965	0	1			0		other	0
39	253	Picture	response	4902159	14194	1	7997	1	14020	25000	incorrect	580
39	253	Port Input	2	4909968	22003	1
39	253	Response	4	4909968	22003	1
39	254	Picture	ITI	4910989	0	1	28157	1	0	next	other	0
39	255	Sound	test	4924071	0	1			0		other	0
39	255	Picture	response	4939146	15076	1	6831	1	15000	25000	incorrect	585
39	255	Port Input	2	4945835	21765	1
39	255	Response	4	4945835	21765	1
39	256	Picture	ITI	4946977	0	1	26158	1	0	next	other	0
39	257	Sound	test	4960848	0	1			0		other	0
39	257	Picture	response	4973135	12286	1	6331	1	12250	25000	incorrect	590
39	257	Port Input	1	4979422	18574	1
39	257	Response	3	4979422	18574	1
39	258	Picture	ITI	4980465	0	1	25824	1	0	next	other	0
39	259	Sound	test	4994757	0	1			0		other	0
39	259	Picture	response	5006290	11533	1	6331	1	11450	25000	incorrect	595
39	259	Port Input	1	5012541	17784	1
39	259	Response	3	5012541	17784	1
39	260	Picture	ITI	5013621	0	1	24992	1	0	next	other	0
39	261	Sound	test	5025362	0	1			0		other	0
39	261	Picture	response	5038612	13250	1	13495	1	13100	25000	incorrect	600
39	261	Port Input	1	5051949	26587	1
39	261	Response	3	5051949	26587	1
39	262	Picture	ITI	5052941	0	1	23159	1	0	next	other	0
39	263	Sound	test	5063702	0	1			0		other	0
39	263	Picture	response	5076099	12398	1	8330	1	12250	25000	incorrect	605
39	263	Port Input	1	5084297	20595	1
39	263	Response	3	5084297	20595	1
39	264	Picture	ITI	5085263	0	1	27990	1	0	next	other	0
39	265	Sound	test	5100934	0	1			0		other	0
39	265	Picture	response	5113253	12319	1	11663	1	12250	25000	incorrect	610
39	265	Port Input	1	5124818	23884	1
39	265	Response	3	5124818	23884	1
39	266	Picture	ITI	5125916	0	1	26491	1	0	next	other	0
39	267	Sound	test	5137347	0	1			0		other	0
39	267	Picture	response	5152407	15060	1	4832	1	15000	25000	incorrect	615
39	267	Port Input	2	5157094	19747	1
39	267	Response	4	5157094	19747	1
39	268	Picture	ITI	5158071	0	1	31489	1	0	next	other	0
39	269	Sound	test	5177923	0	1			0		other	0
39	269	Picture	response	5189561	11638	1	6664	1	11450	25000	incorrect	620
39	269	Port Input	1	5196178	18256	1
39	269	Response	3	5196178	18256	1
39	270	Picture	ITI	5197225	0	1	27824	1	0	next	other	0
39	271	Sound	test	5212716	0	1			0		other	0
39	271	Picture	response	5225049	12333	1	6664	1	12250	25000	incorrect	625
39	271	Port Input	1	5231567	18851	1
39	271	Response	3	5231567	18851	1
39	272	Picture	ITI	5232546	0	1	30323	1	0	next	other	0
39	273	Sound	test	5247837	0	1			0		other	0
39	273	Picture	response	5262869	15032	1	11829	1	15000	25000	incorrect	630
39	273	Port Input	1	5274649	26812	1
39	273	Response	3	5274649	26812	1
39	274	Picture	ITI	5275698	0	1	27324	1	0	next	other	0
39	275	Sound	test	5291389	0	1			0		other	0
39	275	Picture	response	5303022	11633	1	6664	1	11450	25000	incorrect	635
39	275	Port Input	1	5309590	18201	1
39	275	Response	3	5309590	18201	1
39	276	Picture	ITI	5310686	0	1	25158	1	0	next	other	0
39	277	Sound	test	5325067	0	1			0		other	0
39	277	Picture	response	5335844	10777	1	6498	1	10700	25000	incorrect	640
39	277	Port Input	1	5342220	17153	1
39	277	Response	3	5342220	17153	1
39	278	Picture	ITI	5343342	0	1	29990	1	0	next	other	0
39	279	Sound	test	5360083	0	1			0		other	0
39	279	Picture	response	5373331	13249	1	6998	1	13100	25000	incorrect	645
39	279	Port Input	1	5380180	20097	1
39	279	Response	3	5380180	20097	1
39	280	Picture	ITI	5381162	0	1	30656	1	0	next	other	0
39	281	Sound	test	5400303	0	1			0		other	0
39	281	Picture	response	5411818	11515	1	5998	1	11450	25000	incorrect	650
39	281	Port Input	1	5417640	17337	1
39	281	Response	3	5417640	17337	1
39	282	Picture	ITI	5418649	0	1	30823	1	0	next	other	0
39	283	Sound	test	5435420	0	1			0		other	0
39	283	Picture	response	5449472	14052	1	6331	1	14020	25000	incorrect	655
39	283	Port Input	1	5455653	20232	1
39	283	Response	3	5455653	20232	1
39	284	Picture	ITI	5456636	0	1	28824	1	0	next	other	0
39	285	Sound	test	5473967	0	1			0		other	0
39	285	Picture	response	5485460	11492	1	5998	1	11450	25000	incorrect	660
39	285	Port Input	1	5491374	17407	1
39	285	Response	3	5491374	17407	1
39	286	Picture	ITI	5492457	0	1	24825	1	0	next	other	0
39	287	Sound	test	5504848	0	1			0		other	0
39	287	Picture	response	5517282	12434	1	9830	1	12250	25000	incorrect	665
39	287	Port Input	1	5526940	22091	1
39	287	Response	3	5526940	22091	1
39	288	Picture	ITI	5527945	0	1	21493	1	0	next	other	0
39	289	Sound	test	5539406	0	1			0		other	0
39	289	Picture	response	5549438	10031	1	5831	1	10000	25000	incorrect	670
39	289	Port Input	1	5555176	15769	1
39	289	Response	3	5555176	15769	1
39	290	Picture	ITI	5556269	0	1	25158	1	0	next	other	0
39	291	Sound	test	5570570	0	1			0		other	0
39	291	Picture	response	5581427	10857	1	5665	1	10700	25000	incorrect	675
39	291	Port Input	1	5586993	16423	1
39	291	Response	3	5586993	16423	1
39	292	Picture	ITI	5588091	0	1	27157	1	0	next	other	0
39	293	Sound	test	5600093	0	1			0		other	0
39	293	Picture	response	5615249	15156	1	11829	1	15000	25000	incorrect	680
39	293	Port Input	1	5626994	26901	1
39	293	Response	3	5626994	26901	1
39	294	Picture	ITI	5628078	0	1	26491	1	0	next	other	0
39	295	Sound	test	5644419	0	1			0		other	0
39	295	Picture	response	5654569	10150	1	5498	1	10000	25000	incorrect	685
39	295	Port Input	1	5659956	15538	1
39	295	Response	3	5659956	15538	1
39	296	Picture	ITI	5661066	0	1	29323	1	0	next	other	0
39	297	Sound	test	5675288	0	1			0		other	0
39	297	Picture	response	5690390	15102	1	7497	1	15000	25000	incorrect	690
39	297	Port Input	1	5697823	22535	1
39	297	Response	3	5697823	22535	1
39	298	Picture	ITI	5698887	0	1	34988	1	0	next	other	0
39	299	Sound	test	5718728	0	1			0		other	0
39	299	Picture	response	5733875	15147	1	8331	1	15000	25000	incorrect	695
39	299	Port Input	2	5742040	23312	1
39	299	Response	4	5742040	23312	1
39	300	Picture	ITI	5743038	0	1	21159	1	0	next	other	0
39	301	Sound	test	5754070	0	1			0		other	0
39	301	Picture	response	5764198	10128	1	5831	1	10000	25000	incorrect	700
39	301	Port Input	1	5769933	15863	1
39	301	Response	3	5769933	15863	1
39	302	Picture	ITI	5771029	0	1	30323	1	0	next	other	0
39	303	Sound	test	5788070	0	1			0		other	0
39	303	Picture	response	5801352	13282	1	6664	1	13100	25000	incorrect	705
39	303	Port Input	1	5807914	19844	1
39	303	Response	3	5807914	19844	1
39	304	Picture	ITI	5809016	0	1	30156	1	0	next	other	0
39	305	Sound	test	5825037	0	1			0		other	0
39	305	Picture	response	5839172	14135	1	12829	1	14020	25000	incorrect	710
39	305	Port Input	1	5851840	26802	1
39	305	Response	3	5851840	26802	1
39	306	Picture	ITI	5852834	0	1	29823	1	0	next	other	0
39	307	Sound	test	5869485	0	1			0		other	0
39	307	Picture	response	5882657	13172	1	13662	1	13100	25000	incorrect	715
39	307	Port Input	1	5896130	26645	1
39	307	Response	3	5896130	26645	1
39	308	Picture	ITI	5897152	0	1	22492	1	0	next	other	0
39	309	Sound	test	5909604	0	1			0		other	0
39	309	Picture	response	5919645	10041	1	5831	1	10000	25000	incorrect	720
39	309	Port Input	1	5925417	15814	1
39	309	Response	3	5925417	15814	1
39	310	Picture	ITI	5926476	0	1	33655	1	0	next	other	0
39	311	Sound	test	5945007	0	1			0		other	0
39	311	Picture	response	5960131	15124	1	10996	1	15000	25000	incorrect	725
39	311	Port Input	1	5971051	26044	1
39	311	Response	3	5971051	26044	1
39	312	Picture	ITI	5972127	0	1	32989	1	0	next	other	0
39	313	Sound	test	5991948	0	1			0		other	0
39	313	Picture	response	6005116	13168	1	15661	1	13100	25000	incorrect	730
39	313	Port Input	2	6020734	28786	1
39	313	Response	4	6020734	28786	1
39	314	Picture	ITI	6021776	0	1	23325	1	0	next	other	0
39	315	Sound	test	6034248	0	1			0		other	0
39	315	Picture	response	6045102	10854	1	6331	1	10700	25000	incorrect	735
39	315	Port Input	1	6051302	17054	1
39	315	Response	3	6051302	17054	1
39	316	Picture	ITI	6052433	0	1	23159	1	0	next	other	0
39	317	Sound	test	6063234	0	1			0		other	0
39	317	Picture	response	6075591	12358	1	7331	1	12250	25000	incorrect	740
39	317	Port Input	1	6082766	19532	1
39	317	Response	3	6082766	19532	1
39	318	Picture	ITI	6083755	0	1	32822	1	0	next	other	0
39	319	Sound	test	6101457	0	1			0		other	0
39	319	Picture	response	6116577	15121	1	9497	1	15000	25000	incorrect	745
39	319	Port Input	1	6125931	24475	1
39	319	Response	3	6125931	24475	1
39	441	Picture	resume	7336661	0	1	19160	1	0	next	other	0
39	441	Port Input	2	7354431	17770	1
39	441	Response	4	7354431	17770	1
39	442	Picture	ITI	7355821	0	1	10163	1	0	next	other	0
39	443	Picture	ITI	7365984	0	1	26158	1	0	next	other	0
39	444	Sound	test	7381965	0	1			0		other	0
39	444	Picture	response	7392142	10176	1	6831	1	10000	25000	incorrect	754
39	444	Port Input	1	7398794	16829	1
39	444	Response	3	7398794	16829	1
39	445	Picture	ITI	7399806	0	1	25325	1	0	next	other	0
39	446	Sound	test	7414947	0	1			0		other	0
39	446	Picture	response	7425131	10183	1	5332	1	10000	25000	incorrect	759
39	446	Port Input	1	7430372	15425	1
39	446	Response	3	7430372	15425	1
39	447	Picture	ITI	7431462	0	1	31323	1	0	next	other	0
39	448	Sound	test	7451293	0	1			0		other	0
39	448	Picture	response	7462784	11491	1	5831	1	11450	25000	incorrect	764
39	448	Port Input	1	7468530	17237	1
39	448	Response	3	7468530	17237	1
39	449	Picture	ITI	7469615	0	1	27491	1	0	next	other	0
39	450	Sound	test	7481987	0	1			0		other	0
39	450	Picture	response	7497106	15119	1	13829	1	15000	25000	incorrect	769
39	450	Port Input	2	7510748	28762	1
39	450	Response	4	7510748	28762	1
39	451	Picture	ITI	7511768	0	1	29823	1	0	next	other	0
39	452	Sound	test	7527449	0	1			0		other	0
39	452	Picture	response	7541591	14142	1	6664	1	14020	25000	incorrect	774
39	452	Port Input	2	7548178	20729	1
39	452	Response	4	7548178	20729	1
39	453	Picture	ITI	7549255	0	1	27324	1	0	next	other	0
39	454	Sound	test	7565756	0	1			0		other	0
39	454	Picture	response	7576579	10823	1	5998	1	10700	25000	incorrect	779
39	454	Port Input	1	7582410	16654	1
39	454	Response	3	7582410	16654	1
39	455	Picture	ITI	7583576	0	1	32489	1	0	next	other	0
39	456	Sound	test	7601918	0	1			0		other	0
39	456	Picture	response	7616065	14148	1	6165	1	14020	25000	incorrect	784
39	456	Port Input	1	7622151	20233	1
39	456	Response	3	7622151	20233	1
39	457	Picture	ITI	7623230	0	1	30323	1	0	next	other	0
39	458	Sound	test	7640411	0	1			0		other	0
39	458	Picture	response	7653553	13142	1	6165	1	13100	25000	incorrect	789
39	458	Port Input	1	7659611	19201	1
39	458	Response	3	7659611	19201	1
39	459	Picture	ITI	7660717	0	1	25991	1	0	next	other	0
39	460	Sound	test	7675068	0	1			0		other	0
39	460	Picture	response	7686708	11640	1	4998	1	11450	25000	incorrect	794
39	460	Port Input	1	7691658	16590	1
39	460	Response	3	7691658	16590	1
39	461	Picture	ITI	7692706	0	1	25491	1	0	next	other	0
39	462	Sound	test	7705887	0	1			0		other	0
39	462	Picture	response	7718197	12310	1	4998	1	12250	25000	incorrect	799
39	462	Port Input	1	7723153	17266	1
39	462	Response	3	7723153	17266	1
39	463	Picture	ITI	7724195	0	1	29657	1	0	next	other	0
39	464	Sound	test	7742226	0	1			0		other	0
39	464	Picture	response	7753852	11625	1	5831	1	11450	25000	incorrect	804
39	464	Port Input	1	7759593	17366	1
39	464	Response	3	7759593	17366	1
39	465	Picture	ITI	7760516	0	1	26158	1	0	next	other	0
39	466	Sound	test	7774307	0	1			0		other	0
39	466	Picture	response	7786674	12366	1	5332	1	12250	25000	incorrect	809
39	466	Port Input	1	7791806	17499	1
39	466	Response	3	7791806	17499	1
39	467	Picture	ITI	7792838	0	1	26491	1	0	next	other	0
39	468	Sound	test	7807019	0	1			0		other	0
39	468	Picture	response	7819329	12310	1	6664	1	12250	25000	incorrect	814
39	468	Port Input	1	7825820	18801	1
39	468	Response	3	7825820	18801	1
39	469	Picture	ITI	7826827	0	1	22159	1	0	next	other	0
39	470	Sound	test	7838818	0	1			0		other	0
39	470	Picture	response	7848986	10168	1	4998	1	10000	25000	incorrect	819
39	470	Port Input	1	7853879	15061	1
39	470	Response	3	7853879	15061	1
39	471	Picture	ITI	7854984	0	1	26991	1	0	next	other	0
39	472	Sound	test	7867895	0	1			0		other	0
39	472	Picture	response	7881974	14080	1	6331	1	14020	25000	incorrect	824
39	472	Port Input	1	7888143	20248	1
39	472	Response	3	7888143	20248	1
39	473	Picture	ITI	7889139	0	1	27990	1	0	next	other	0
39	474	Sound	test	7905540	0	1			0		other	0
39	474	Picture	response	7917129	11589	1	5831	1	11450	25000	incorrect	829
39	474	Port Input	1	7922865	17325	1
39	474	Response	3	7922865	17325	1
39	475	Picture	ITI	7923960	0	1	20160	1	0	next	other	0
39	476	Sound	test	7934041	0	1			0		other	0
39	476	Picture	response	7944120	10079	1	5331	1	10000	25000	incorrect	834
39	476	Port Input	1	7949269	15227	1
39	476	Response	3	7949269	15227	1
39	477	Picture	ITI	7950285	0	1	27157	1	0	next	other	0
39	478	Sound	test	7965166	0	1			0		other	0
39	478	Picture	response	7977442	12276	1	5332	1	12250	25000	incorrect	839
39	478	Port Input	1	7982575	17409	1
39	478	Response	3	7982575	17409	1
39	479	Picture	ITI	7983606	0	1	33489	1	0	next	other	0
39	480	Sound	test	8002938	0	1			0		other	0
39	480	Picture	response	8017095	14157	1	5998	1	14020	25000	incorrect	844
39	480	Port Input	1	8022888	19950	1
39	480	Response	3	8022888	19950	1
39	481	Picture	ITI	8023926	0	1	24658	1	0	next	other	0
39	482	Sound	test	8035347	0	1			0		other	0
39	482	Picture	response	8048584	13237	1	5498	1	13100	25000	incorrect	849
39	482	Port Input	1	8053977	18630	1
39	482	Response	3	8053977	18630	1
39	483	Picture	ITI	8055082	0	1	27324	1	0	next	other	0
39	484	Sound	test	8067353	0	1			0		other	0
39	484	Picture	response	8082406	15053	1	5498	1	15000	25000	incorrect	854
39	484	Port Input	1	8087835	20482	1
39	484	Response	3	8087835	20482	1
39	485	Picture	ITI	8088904	0	1	26824	1	0	next	other	0
39	486	Sound	test	8104095	0	1			0		other	0
39	486	Picture	response	8115728	11633	1	5498	1	11450	25000	incorrect	859
39	486	Port Input	1	8121048	16952	1
39	486	Response	3	8121048	16952	1
39	487	Picture	ITI	8122059	0	1	29657	1	0	next	other	0
39	488	Sound	test	8138521	0	1			0		other	0
39	488	Picture	response	8151716	13195	1	5332	1	13100	25000	incorrect	864
39	488	Port Input	1	8156946	18426	1
39	488	Response	3	8156946	18426	1
39	489	Picture	ITI	8158047	0	1	31156	1	0	next	other	0
39	490	Sound	test	8174148	0	1			0		other	0
39	490	Picture	response	8189203	15055	1	5998	1	15000	25000	incorrect	869
39	490	Port Input	1	8195021	20873	1
39	490	Response	3	8195021	20873	1
39	491	Picture	ITI	8196034	0	1	33322	1	0	next	other	0
39	492	Sound	test	8215175	0	1			0		other	0
39	492	Picture	response	8229356	14181	1	6165	1	14020	25000	incorrect	874
39	492	Port Input	1	8235449	20273	1
39	492	Response	3	8235449	20273	1
39	493	Picture	ITI	8236520	0	1	29823	1	0	next	other	0
39	494	Sound	test	8252161	0	1			0		other	0
39	494	Picture	response	8266343	14182	1	5831	1	14020	25000	incorrect	879
39	494	Port Input	2	8271982	19821	1
39	494	Response	4	8271982	19821	1
39	495	Picture	ITI	8273008	0	1	26491	1	0	next	other	0
39	496	Sound	test	8284399	0	1			0		other	0
39	496	Picture	response	8299499	15100	1	5331	1	15000	25000	incorrect	884
39	496	Port Input	2	8304737	20338	1
39	496	Response	4	8304737	20338	1
39	497	Picture	ITI	8305830	0	1	29490	1	0	next	other	0
39	498	Sound	test	8320171	0	1			0		other	0
39	498	Picture	response	8335320	15149	1	6331	1	15000	25000	incorrect	889
39	498	Port Input	2	8341604	21433	1
39	498	Response	4	8341604	21433	1
39	499	Picture	ITI	8342650	0	1	27990	1	0	next	other	0
39	500	Sound	test	8358202	0	1			0		other	0
39	500	Picture	response	8370641	12439	1	7831	1	12250	25000	incorrect	894
39	500	Port Input	1	8378315	20113	1
39	500	Response	3	8378315	20113	1
39	501	Picture	ITI	8379471	0	1	24325	1	0	next	other	0
39	502	Sound	test	8391413	0	1			0		other	0
39	502	Picture	response	8403796	12384	1	5998	1	12250	25000	incorrect	899
39	502	Port Input	1	8409695	18282	1
39	502	Response	3	8409695	18282	1
39	503	Picture	ITI	8410794	0	1	26991	1	0	next	other	0
39	504	Sound	test	8426945	0	1			0		other	0
39	504	Picture	response	8437785	10840	1	9164	1	10700	25000	incorrect	904
39	504	Port Input	1	8446885	19940	1
39	504	Response	3	8446885	19940	1
39	505	Picture	ITI	8447948	0	1	31489	1	0	next	other	0
39	506	Sound	test	8467139	0	1			0		other	0
39	506	Picture	response	8479437	12298	1	4998	1	12250	25000	incorrect	909
39	506	Port Input	1	8484272	17133	1
39	506	Response	3	8484272	17133	1
39	507	Picture	ITI	8485268	0	1	28657	1	0	next	other	0
39	508	Sound	test	8498840	0	1			0		other	0
39	508	Picture	response	8513925	15086	1	7164	1	15000	25000	incorrect	914
39	508	Port Input	2	8520993	22154	1
39	508	Response	4	8520993	22154	1
39	509	Picture	ITI	8522089	0	1	32989	1	0	next	other	0
39	510	Sound	test	8540050	0	1			0		other	0
39	510	Picture	response	8555078	15027	1	5332	1	15000	25000	incorrect	919
39	510	Port Input	2	8560265	20215	1
39	510	Response	4	8560265	20215	1
39	511	Picture	ITI	8561243	0	1	24492	1	0	next	other	0
39	512	Sound	test	8574864	0	1			0		other	0
39	512	Picture	response	8585734	10870	1	5332	1	10700	25000	incorrect	924
39	512	Port Input	1	8590927	16063	1
39	512	Response	3	8590927	16063	1
39	513	Picture	ITI	8592065	0	1	23159	1	0	next	other	0
39	514	Sound	test	8604466	0	1			0		other	0
39	514	Picture	response	8615224	10758	1	5498	1	10700	25000	incorrect	929
39	514	Port Input	1	8620558	16092	1
39	514	Response	3	8620558	16092	1
39	515	Picture	ITI	8621555	0	1	21826	1	0	next	other	0
39	516	Sound	test	8633256	0	1			0		other	0
39	516	Picture	response	8643381	10125	1	4998	1	10000	25000	incorrect	934
39	516	Port Input	1	8648211	14955	1
39	516	Response	3	8648211	14955	1
39	517	Picture	ITI	8649212	0	1	24825	1	0	next	other	0
39	518	Sound	test	8663954	0	1			0		other	0
39	518	Picture	response	8674037	10084	1	4665	1	10000	25000	incorrect	939
39	518	Port Input	1	8678529	14576	1
39	518	Response	3	8678529	14576	1
39	519	Picture	ITI	8679535	0	1	30490	1	0	next	other	0
39	520	Sound	test	8699217	0	1			0		other	0
39	520	Picture	response	8710025	10808	1	4998	1	10700	25000	incorrect	944
39	520	Port Input	1	8714917	15700	1
39	520	Response	3	8714917	15700	1
39	521	Picture	ITI	8716023	0	1	24658	1	0	next	other	0
39	522	Sound	test	8727494	0	1			0		other	0
39	522	Picture	response	8740681	13187	1	4998	1	13100	25000	incorrect	949
39	522	Port Input	1	8745548	18054	1
39	522	Response	3	8745548	18054	1
39	523	Picture	ITI	8746513	0	1	29990	1	0	next	other	0
39	524	Sound	test	8765644	0	1			0		other	0
39	524	Picture	response	8776502	10859	1	4832	1	10700	25000	incorrect	954
39	524	Port Input	1	8781259	15615	1
39	524	Response	3	8781259	15615	1
39	525	Picture	ITI	8782334	0	1	28157	1	0	next	other	0
39	526	Sound	test	8796345	0	1			0		other	0
39	526	Picture	response	8810491	14146	1	7664	1	14020	25000	incorrect	959
39	526	Port Input	1	8817949	21604	1
39	526	Response	3	8817949	21604	1
39	527	Picture	ITI	8818988	0	1	29323	1	0	next	other	0
39	528	Sound	test	8838219	0	1			0		other	0
39	528	Picture	response	8848311	10092	1	5498	1	10000	25000	incorrect	964
39	528	Port Input	1	8853650	15431	1
39	528	Response	3	8853650	15431	1
39	529	Picture	ITI	8854642	0	1	31156	1	0	next	other	0
39	530	Sound	test	8872524	0	1			0		other	0
39	530	Picture	response	8885798	13275	1	9830	1	13100	25000	incorrect	969
39	530	Port Input	1	8895473	22949	1
39	530	Response	3	8895473	22949	1
39	531	Picture	ITI	8896461	0	1	24992	1	0	next	other	0
39	532	Sound	test	8910673	0	1			0		other	0
39	532	Picture	response	8921453	10780	1	5498	1	10700	25000	incorrect	974
39	532	Port Input	1	8926832	16159	1
39	532	Response	3	8926832	16159	1
39	533	Picture	ITI	8927951	0	1	27657	1	0	next	other	0
39	534	Sound	test	8943182	0	1			0		other	0
39	534	Picture	response	8955608	12426	1	6331	1	12250	25000	incorrect	979
39	534	Port Input	1	8961804	18622	1
39	534	Response	3	8961804	18622	1
39	535	Picture	ITI	8962939	0	1	20660	1	0	next	other	0
39	536	Sound	test	8973490	0	1			0		other	0
39	536	Picture	response	8983598	10108	1	4998	1	10000	25000	incorrect	984
39	536	Port Input	1	8988447	14957	1
39	536	Response	3	8988447	14957	1
39	537	Picture	ITI	8989430	0	1	32322	1	0	next	other	0
39	538	Sound	test	9008591	0	1			0		other	0
39	538	Picture	response	9021752	13161	1	6331	1	13100	25000	incorrect	989
39	538	Port Input	1	9028021	19430	1
39	538	Response	3	9028021	19430	1
39	539	Picture	ITI	9029083	0	1	33322	1	0	next	other	0
39	540	Sound	test	9048264	0	1			0		other	0
39	540	Picture	response	9062405	14141	1	7164	1	14020	25000	incorrect	994
39	540	Port Input	2	9069365	21101	1
39	540	Response	4	9069365	21101	1
39	541	Picture	ITI	9070402	0	1	25658	1	0	next	other	0
39	542	Sound	test	9080953	0	1			0		other	0
39	542	Picture	response	9096060	15107	1	6498	1	15000	25000	incorrect	999
39	542	Port Input	2	9102411	21458	1
39	542	Response	4	9102411	21458	1
39	543	Picture	ITI	9103557	0	1	20826	1	0	next	other	0
39	544	Sound	test	9113569	0	1			0		other	0
39	544	Picture	response	9124383	10815	1	9164	1	10700	25000	incorrect	1004
39	544	Port Input	1	9133447	19879	1
39	544	Response	3	9133447	19879	1
39	545	Picture	ITI	9134547	0	1	29657	1	0	next	other	0
39	546	Sound	test	9153458	0	1			0		other	0
39	546	Picture	response	9164203	10745	1	4998	1	10700	25000	incorrect	1009
39	546	Port Input	1	9169138	15680	1
39	546	Response	3	9169138	15680	1
39	547	Picture	ITI	9170201	0	1	28157	1	0	next	other	0
39	548	Sound	test	9186732	0	1			0		other	0
39	548	Picture	response	9198358	11626	1	4998	1	11450	25000	incorrect	1014
39	548	Port Input	1	9203267	16534	1
39	548	Response	3	9203267	16534	1
39	549	Picture	ITI	9204356	0	1	34322	1	0	next	other	0
39	550	Sound	test	9223597	0	1			0		other	0
39	550	Picture	response	9238678	15080	1	6331	1	15000	25000	incorrect	1019
39	550	Port Input	2	9244892	21294	1
39	550	Response	4	9244892	21294	1
39	551	Picture	ITI	9246009	0	1	29323	1	0	next	other	0
39	552	Sound	test	9260200	0	1			0		other	0
39	552	Picture	response	9275332	15132	1	5998	1	15000	25000	incorrect	1024
39	552	Port Input	2	9281259	21059	1
39	552	Response	4	9281259	21059	1
39	553	Picture	ITI	9282330	0	1	26158	1	0	next	other	0
39	554	Sound	test	9296851	0	1			0		other	0
39	554	Picture	response	9308487	11637	1	6831	1	11450	25000	incorrect	1029
39	554	Port Input	1	9315190	18339	1
39	554	Response	3	9315190	18339	1
39	555	Picture	ITI	9316318	0	1	22826	1	0	next	other	0
39	556	Sound	test	9326859	0	1			0		other	0
39	556	Picture	response	9339143	12284	1	6331	1	12250	25000	incorrect	1034
39	556	Port Input	1	9345321	18462	1
39	556	Response	3	9345321	18462	1
39	557	Picture	ITI	9346308	0	1	28657	1	0	next	other	0
39	558	Sound	test	9363349	0	1			0		other	0
39	558	Picture	response	9374965	11616	1	7664	1	11450	25000	incorrect	1039
39	558	Port Input	1	9382583	19234	1
39	558	Response	3	9382583	19234	1
39	559	Picture	ITI	9383628	0	1	31822	1	0	next	other	0
39	560	Sound	test	9400290	0	1			0		other	0
39	560	Picture	response	9415451	15161	1	5498	1	15000	25000	incorrect	1044
39	560	Port Input	2	9420887	20597	1
39	560	Response	4	9420887	20597	1
39	561	Picture	ITI	9421949	0	1	29823	1	0	next	other	0
39	562	Sound	test	9436610	0	1			0		other	0
39	562	Picture	response	9451772	15162	1	5498	1	15000	25000	incorrect	1049
39	562	Port Input	2	9457140	20530	1
39	562	Response	4	9457140	20530	1
39	563	Picture	ITI	9458103	0	1	24158	1	0	next	other	0
39	564	Sound	test	9469094	0	1			0		other	0
39	564	Picture	response	9482261	13167	1	6331	1	13100	25000	incorrect	1054
39	564	Port Input	1	9488468	19374	1
39	564	Response	3	9488468	19374	1
39	565	Picture	ITI	9489425	0	1	25491	1	0	next	other	0
39	566	Sound	test	9500757	0	1			0		other	0
39	566	Picture	response	9514917	14160	1	5665	1	14020	25000	incorrect	1059
39	566	Port Input	2	9520525	19768	1
39	566	Response	4	9520525	19768	1
39	567	Picture	ITI	9521581	0	1	25491	1	0	next	other	0
39	568	Sound	test	9533852	0	1			0		other	0
39	568	Picture	response	9547072	13220	1	7164	1	13100	25000	incorrect	1064
39	568	Port Input	1	9554174	20322	1
39	568	Response	3	9554174	20322	1
39	569	Picture	ITI	9555236	0	1	24325	1	0	next	other	0
39	570	Sound	test	9565468	0	1			0		other	0
39	570	Picture	response	9579561	14094	1	5331	1	14020	25000	incorrect	1069
39	570	Port Input	2	9584711	19244	1
39	570	Response	4	9584711	19244	1
39	571	Picture	ITI	9585726	0	1	22659	1	0	next	other	0
39	572	Sound	test	9597497	0	1			0		other	0
39	572	Picture	response	9608385	10888	1	10163	1	10700	25000	incorrect	1074
39	572	Port Input	1	9618392	20895	1
39	572	Response	3	9618392	20895	1
39	573	Picture	ITI	9619548	0	1	22826	1	0	next	other	0
39	574	Sound	test	9632249	0	1			0		other	0
39	574	Picture	response	9642373	10124	1	6331	1	10000	25000	incorrect	1079
39	574	Port Input	1	9648513	16264	1
39	574	Response	3	9648513	16264	1
39	575	Picture	ITI	9649537	0	1	33489	1	0	next	other	0
39	576	Sound	test	9667899	0	1			0		other	0
39	576	Picture	response	9683026	15127	1	5665	1	15000	25000	incorrect	1084
39	576	Port Input	2	9688597	20698	1
39	576	Response	4	9688597	20698	1
39	577	Picture	ITI	9689690	0	1	30656	1	0	next	other	0
39	578	Sound	test	9707202	0	1			0		other	0
39	578	Picture	response	9720347	13145	1	6664	1	13100	25000	incorrect	1089
39	578	Port Input	1	9726859	19657	1
39	578	Response	3	9726859	19657	1
39	579	Picture	ITI	9727844	0	1	27990	1	0	next	other	0
39	580	Sound	test	9745705	0	1			0		other	0
39	580	Picture	response	9755834	10129	1	4998	1	10000	25000	incorrect	1094
39	580	Port Input	1	9760748	15043	1
39	580	Response	3	9760748	15043	1
39	581	Picture	ITI	9761832	0	1	21826	1	0	next	other	0
39	582	Sound	test	9773574	0	1			0		other	0
39	582	Picture	response	9783658	10085	1	5831	1	10000	25000	incorrect	1099
39	582	Port Input	1	9789328	15754	1
39	582	Response	3	9789328	15754	1
39	583	Picture	ITI	9790323	0	1	29323	1	0	next	other	0
39	584	Sound	test	9804594	0	1			0		other	0
39	584	Picture	response	9819646	15052	1	5831	1	15000	25000	incorrect	1104
39	584	Port Input	2	9825278	20685	1
39	584	Response	4	9825278	20685	1
39	585	Picture	ITI	9826310	0	1	32822	1	0	next	other	0
39	586	Sound	test	9844092	0	1			0		other	0
39	586	Picture	response	9859133	15041	1	7497	1	15000	25000	incorrect	1109
39	586	Port Input	2	9866560	22468	1
39	586	Response	4	9866560	22468	1
39	587	Picture	ITI	9867630	0	1	29490	1	0	next	other	0
39	588	Sound	test	9882001	0	1			0		other	0
39	588	Picture	response	9897120	15119	1	5831	1	15000	25000	incorrect	1114
39	588	Port Input	2	9902896	20895	1
39	588	Response	4	9902896	20895	1
39	589	Picture	ITI	9903951	0	1	24658	1	0	next	other	0
39	590	Sound	test	9914542	0	1			0		other	0
39	590	Picture	response	9928609	14067	1	7664	1	14020	25000	incorrect	1119
39	590	Port Input	2	9936129	21588	1
39	590	Response	4	9936129	21588	1
39	591	Picture	ITI	9937106	0	1	29490	1	0	next	other	0
39	592	Sound	test	9953337	0	1			0		other	0
39	592	Picture	response	9966596	13259	1	10663	1	13100	25000	incorrect	1124
39	592	Port Input	2	9977150	23813	1
39	592	Response	4	9977150	23813	1
39	593	Picture	ITI	9978092	0	1	25658	1	0	next	other	0
39	594	Sound	test	9993614	0	1			0		other	0
39	594	Picture	response	10003750	10136	1	5998	1	10000	25000	incorrect	1129
39	594	Port Input	1	10009572	15958	1
39	594	Response	3	10009572	15958	1
39	595	Picture	ITI	10010747	0	1	24658	1	0	next	other	0
39	596	Sound	test	10025349	0	1			0		other	0
39	596	Picture	response	10035406	10057	1	6998	1	10000	25000	incorrect	1134
39	596	Port Input	1	10042274	16925	1
39	596	Response	3	10042274	16925	1
39	597	Picture	ITI	10043403	0	1	25325	1	0	next	other	0
39	598	Sound	test	10054544	0	1			0		other	0
39	598	Picture	response	10068728	14183	1	14328	1	14020	25000	incorrect	1139
39	598	Port Input	1	10082983	28439	1
39	598	Response	3	10082983	28439	1
39	599	Picture	ITI	10084056	0	1	30323	1	0	next	other	0
39	600	Sound	test	10099237	0	1			0		other	0
39	600	Picture	response	10114379	15142	1	4998	1	15000	25000	incorrect	1144
39	600	Port Input	2	10119329	20092	1
39	600	Response	4	10119329	20092	1
39	601	Picture	ITI	10120377	0	1	24492	1	0	next	other	0
39	602	Sound	test	10132448	0	1			0		other	0
39	602	Picture	response	10144868	12420	1	5998	1	12250	25000	incorrect	1149
39	602	Port Input	1	10150803	18355	1
39	602	Response	3	10150803	18355	1
39	603	Picture	ITI	10151866	0	1	24991	1	0	next	other	0
39	604	Sound	test	10165327	0	1			0		other	0
39	604	Picture	response	10176857	11530	1	6165	1	11450	25000	incorrect	1154
39	604	Port Input	1	10182860	17533	1
39	604	Response	3	10182860	17533	1
39	605	Picture	ITI	10183855	0	1	21826	1	0	next	other	0
39	606	Sound	test	10194156	0	1			0		other	0
39	606	Picture	response	10205681	11525	1	6831	1	11450	25000	incorrect	1159
39	606	Port Input	1	10212335	18179	1
39	606	Response	3	10212335	18179	1
39	607	Picture	ITI	10213345	0	1	29823	1	0	next	other	0
39	608	Sound	test	10230866	0	1			0		other	0
39	608	Picture	response	10243168	12302	1	6165	1	12250	25000	incorrect	1164
39	608	Port Input	1	10249139	18273	1
39	608	Response	3	10249139	18273	1
39	609	Picture	ITI	10250166	0	1	30323	1	0	next	other	0
39	610	Sound	test	10266427	0	1			0		other	0
39	610	Picture	response	10280489	14062	1	6331	1	14020	25000	incorrect	1169
39	610	Port Input	1	10286714	20288	1
39	610	Response	3	10286714	20288	1
39	611	Picture	ITI	10287819	0	1	26658	1	0	next	other	0
39	612	Sound	test	10304401	0	1			0		other	0
39	612	Picture	response	10314477	10076	1	6498	1	10000	25000	incorrect	1174
39	612	Port Input	1	10320802	16401	1
39	612	Response	3	10320802	16401	1
39	613	Picture	ITI	10321808	0	1	25658	1	0	next	other	0
39	614	Sound	test	10334239	0	1			0		other	0
39	614	Picture	response	10347466	13227	1	6165	1	13100	25000	incorrect	1179
39	614	Port Input	1	10353473	19234	1
39	614	Response	3	10353473	19234	1
39	615	Picture	ITI	10354630	0	1	29157	1	0	next	other	0
39	616	Sound	test	10371451	0	1			0		other	0
39	616	Picture	response	10383787	12335	1	5331	1	12250	25000	incorrect	1184
39	616	Port Input	1	10389059	17608	1
39	616	Response	3	10389059	17608	1
39	617	Picture	ITI	10390118	0	1	26658	1	0	next	other	0
39	618	Sound	test	10406019	0	1			0		other	0
39	618	Picture	response	10416775	10756	1	5665	1	10700	25000	incorrect	1189
39	618	Port Input	1	10422292	16273	1
39	618	Response	3	10422292	16273	1
39	619	Picture	ITI	10423440	0	1	20326	1	0	next	other	0
39	620	Sound	test	10433591	0	2			0		other	0
39	620	Picture	response	10443766	10175	1	5332	1	10000	25000	incorrect	1194
39	620	Port Input	1	10449029	15438	1
39	620	Response	3	10449029	15438	1
39	621	Picture	ITI	10450097	0	1	29490	1	0	next	other	0
39	622	Sound	test	10466309	0	1			0		other	0
39	622	Picture	response	10479587	13279	1	5831	1	13100	25000	incorrect	1199
39	622	Port Input	1	10485261	18952	1
39	622	Response	3	10485261	18952	1
39	623	Picture	ITI	10486418	0	1	29490	1	0	next	other	0
39	624	Sound	test	10500760	0	1			0		other	0
39	624	Picture	response	10515908	15149	1	6498	1	15000	25000	incorrect	1204
39	624	Port Input	1	10522326	21566	1
39	624	Response	3	10522326	21566	1
39	625	Picture	ITI	10523406	0	1	25658	1	0	next	other	0
39	626	Sound	test	10537517	0	1			0		other	0
39	626	Picture	response	10549064	11547	1	5165	1	11450	25000	incorrect	1209
39	626	Port Input	1	10554174	16658	1
39	626	Response	3	10554174	16658	1
39	627	Picture	ITI	10555228	0	1	26491	1	0	next	other	0
39	628	Sound	test	10567599	0	1			0		other	0
39	628	Picture	response	10581719	14120	1	9497	1	14020	25000	incorrect	1214
39	628	Port Input	1	10591073	23473	1
39	628	Response	3	10591073	23473	1
39	629	Picture	ITI	10592216	0	1	29157	1	0	next	other	0
39	630	Sound	test	10611277	0	1			0		other	0
39	630	Picture	response	10621372	10095	1	5831	1	10000	25000	incorrect	1219
39	630	Port Input	1	10627044	15767	1
39	630	Response	3	10627044	15767	1
39	631	Picture	ITI	10628037	0	1	26824	1	0	next	other	0
39	632	Sound	test	10642448	0	1			0		other	0
39	632	Picture	response	10654861	12413	1	5498	1	12250	25000	incorrect	1224
39	632	Port Input	1	10660173	17726	1
39	632	Response	3	10660173	17726	1
39	633	Picture	ITI	10661192	0	1	30323	1	0	next	other	0
39	634	Sound	test	10676453	0	1			0		other	0
39	634	Picture	response	10691515	15062	1	6498	1	15000	25000	incorrect	1229
39	634	Port Input	1	10697884	21431	1
39	634	Response	3	10697884	21431	1
39	635	Picture	ITI	10699012	0	1	28823	1	0	next	other	0
39	636	Sound	test	10715404	0	1			0		other	0
39	636	Picture	response	10727836	12432	1	5831	1	12250	25000	incorrect	1234
39	636	Port Input	1	10733605	18202	1
39	636	Response	3	10733605	18202	1
39	637	Picture	ITI	10734667	0	1	25325	1	0	next	other	0
39	638	Sound	test	10749958	0	1			0		other	0
39	638	Picture	response	10759992	10033	1	10663	1	10000	25000	incorrect	1239
39	638	Port Input	1	10770566	20608	1
39	638	Response	3	10770566	20608	1
39	639	Picture	ITI	10771654	0	1	26324	1	0	next	other	0
39	640	Sound	test	10787905	0	1			0		other	0
39	640	Picture	response	10797979	10073	1	6331	1	10000	25000	incorrect	1244
39	640	Port Input	1	10804237	16331	1
39	640	Response	3	10804237	16331	1
39	641	Picture	ITI	10805309	0	1	26324	1	0	next	other	0
39	642	Sound	test	10821491	0	1			0		other	0
39	642	Picture	response	10831634	10143	1	5498	1	10000	25000	incorrect	1249
39	642	Port Input	1	10837002	15511	1
39	642	Response	3	10837002	15511	1
39	643	Picture	ITI	10838132	0	1	28990	1	0	next	other	0
39	644	Sound	test	10855553	0	1			0		other	0
39	644	Picture	response	10867122	11569	1	5498	1	11450	25000	incorrect	1254
39	644	Port Input	1	10872453	16900	1
39	644	Response	3	10872453	16900	1
39	645	Picture	ITI	10873619	0	1	26658	1	0	next	other	0
39	646	Sound	test	10890111	0	1			0		other	0
39	646	Picture	response	10900277	10166	1	4998	1	10000	25000	incorrect	1259
39	646	Port Input	1	10905072	14961	1
39	646	Response	3	10905072	14961	1
39	647	Picture	ITI	10906108	0	1	21993	1	0	next	other	0
39	648	Sound	test	10916549	0	1			0		other	0
39	648	Picture	response	10928101	11551	1	5498	1	11450	25000	incorrect	1264
39	648	Port Input	1	10933422	16873	1
39	648	Response	3	10933422	16873	1
39	649	Picture	ITI	10934432	0	1	27990	1	0	next	other	0
39	650	Sound	test	10949203	0	1			0		other	0
39	650	Picture	response	10962422	13219	1	5498	1	13100	25000	incorrect	1269
39	650	Port Input	1	10967759	18556	1
39	650	Response	3	10967759	18556	1
39	651	Picture	ITI	10968920	0	1	22992	1	0	next	other	0
39	652	Sound	test	10980371	0	1			0		other	0
39	652	Picture	response	10991912	11541	1	5332	1	11450	25000	incorrect	1274
39	652	Port Input	1	10997192	16821	1
39	652	Response	3	10997192	16821	1
39	653	Picture	ITI	10998244	0	1	25658	1	0	next	other	0
39	654	Sound	test	11008765	0	1			0		other	0
39	654	Picture	response	11023901	15137	1	6664	1	15000	25000	incorrect	1279
39	654	Port Input	1	11030374	21609	1
39	654	Response	3	11030374	21609	1
39	655	Picture	ITI	11031399	0	1	26824	1	0	next	other	0
39	656	Sound	test	11044110	0	1			0		other	0
39	656	Picture	response	11058223	14113	1	8664	1	14020	25000	incorrect	1284
39	656	Port Input	1	11066783	22673	1
39	656	Response	3	11066783	22673	1
39	657	Picture	ITI	11067886	0	1	31489	1	0	next	other	0
39	658	Sound	test	11086968	0	1			0		other	0
39	658	Picture	response	11099376	12408	1	5998	1	12250	25000	incorrect	1289
39	658	Port Input	1	11105316	18348	1
39	658	Response	3	11105316	18348	1
39	659	Picture	ITI	11106373	0	1	28324	1	0	next	other	0
39	660	Sound	test	11123905	0	1			0		other	0
39	660	Picture	response	11134697	10792	1	5831	1	10700	25000	incorrect	1294
39	660	Port Input	1	11140402	16498	1
39	660	Response	3	11140402	16498	1
39	661	Picture	ITI	11141528	0	1	30989	1	0	next	other	0
39	662	Sound	test	11159389	0	1			0		other	0
39	662	Picture	response	11172517	13128	1	6998	1	13100	25000	incorrect	1299
39	662	Port Input	1	11179351	19962	1
39	662	Response	3	11179351	19962	1
39	663	Picture	ITI	11180515	0	1	28657	1	0	next	other	0
39	664	Sound	test	11197696	0	1			0		other	0
39	664	Picture	response	11209171	11476	1	5831	1	11450	25000	incorrect	1304
39	664	Port Input	1	11214907	17211	1
39	664	Response	3	11214907	17211	1
39	665	Picture	ITI	11216002	0	1	23825	1	0	next	other	0
39	666	Sound	test	11228944	0	1			0		other	0
39	666	Picture	response	11239828	10884	1	10496	1	10700	25000	incorrect	1309
39	666	Port Input	1	11250181	21237	1
39	666	Response	3	11250181	21237	1
39	667	Picture	ITI	11251324	0	1	23492	1	0	next	other	0
39	668	Sound	test	11264005	0	1			0		other	0
39	668	Picture	response	11274816	10811	1	5998	1	10700	25000	incorrect	1314
39	668	Port Input	1	11280686	16681	1
39	668	Response	3	11280686	16681	1
39	669	Picture	ITI	11281813	0	1	29823	1	0	next	other	0
39	670	Sound	test	11300825	0	1			0		other	0
39	670	Picture	response	11311636	10812	1	5665	1	10700	25000	incorrect	1319
39	670	Port Input	1	11317137	16312	1
39	670	Response	3	11317137	16312	1
39	671	Picture	ITI	11318134	0	1	29323	1	0	next	other	0
39	672	Sound	test	11334265	0	1			0		other	0
39	672	Picture	response	11347458	13192	1	17994	1	13100	25000	incorrect	1324
39	672	Port Input	1	11365352	31087	1
39	672	Response	3	11365352	31087	1
39	673	Picture	ITI	11366451	0	1	20160	1	0	next	other	0
39	674	Picture	Instruction	11386611	0	1	135469	1	0	next	other	0
39	674	Quit		11516258	129648	NA


{
   "app": "Presentation Version 20.2 Build 07.25.18",
   "device": "LENOVO 10A8S1PC00",
   "experiment": "{772213B2-5F0F-4A35-9C2F-36954700C7EA}",
   "os": "Windows 7 64 bit",
   "package": "",
   "parameters": {
      "configuration": "Default configuration"
   },
   "scenario": "Timing Task with Dynanometer.sce",
   "subject": "39",
   "timestamp": "2019/03/08 01:15:42 GMT"
}
