Scenario - Timing Task
Logfile written - 03/14/2019 14:26:57

Subject	Trial	Event Type	Code	Time	TTime	Uncertainty	Duration	Uncertainty	ReqTime	ReqDur	Stim Type	Pair Index

40	1	Picture	Instruction	500	0	1	417853	1	0	next	other	0
40	1	Response	1	413197	412697	0
40	2	Picture	ITI	418353	0	1	10830	1	0	next	other	0
40	3	Sound	Stimuli	428363	0	697			0		other	0
40	4	Picture	Feedback	459005	0	1	20160	1	0	next	other	0
40	5	Picture	ITI	479165	0	1	10163	1	0	next	other	0
40	6	Sound	Stimuli	489166	0	1			0		other	0
40	7	Picture	Feedback	524316	0	1	20160	1	0	next	other	0
40	8	Picture	ITI	544475	0	1	10163	1	0	next	other	0
40	9	Sound	Stimuli	554477	0	1			0		other	0
40	10	Picture	Feedback	584461	0	1	20160	1	0	next	other	0
40	11	Picture	ITI	604621	0	1	10163	1	0	next	other	0
40	12	Sound	Stimuli	614622	0	1			0		other	0
40	13	Picture	Feedback	649772	0	1	20160	1	0	next	other	0
40	14	Picture	ITI	669931	0	1	10163	1	0	next	other	0
40	15	Sound	Stimuli	679933	0	1			0		other	0
40	16	Picture	Feedback	710084	0	1	20160	1	0	next	other	0
40	17	Picture	ITI	730244	0	1	10163	1	0	next	other	0
40	18	Sound	Stimuli	740245	0	1			0		other	0
40	19	Picture	Feedback	775394	0	1	20160	1	0	next	other	0
40	20	Picture	ITI	795554	0	1	10163	1	0	next	other	0
40	21	Sound	Stimuli	805555	0	1			0		other	0
40	22	Picture	Feedback	835540	0	1	20160	1	0	next	other	0
40	23	Picture	ITI	855700	0	1	10163	1	0	next	other	0
40	23	Response	1	856147	448	0
40	24	Sound	Stimuli	865701	0	1			0		other	0
40	25	Picture	Feedback	900684	0	1	20160	1	0	next	other	0
40	26	Picture	ITI	920843	0	1	10163	1	0	next	other	0
40	27	Sound	Stimuli	930845	0	1			0		other	0
40	28	Picture	Feedback	960996	0	1	20160	1	0	next	other	0
40	29	Picture	ITI	981156	0	1	10163	1	0	next	other	0
40	30	Sound	Stimuli	991157	0	1			0		other	0
40	31	Picture	Feedback	1026140	0	1	20160	1	0	next	other	0
40	32	Picture	End_Block	1046299	0	1	30989	1	0	next	other	0
40	32	Response	1	1077103	30803	0
40	33	Picture	ITI	1077289	0	1	10163	1	0	next	other	0
40	34	Picture	Break	1087452	0	1	16661	1	0	next	other	0
40	34	Response	1	1103982	16530	0
40	35	Picture	ITI	1104112	0	1	10163	1	0	next	other	0
40	36	Picture	Instruction	1114276	0	1	66977	1	0	next	other	0
40	36	Response	1	1176220	61945	0
40	37	Picture	ITI	1181252	0	1	29156	1	0	next	other	0
40	38	Sound	Practice	1195333	0	1			0		other	0
40	38	Picture	response	1210408	15075	1	3332	1	15000	25000	hit	46
40	38	Port Input	1	1213644	18311	1
40	38	Response	3	1213644	18311	1
40	39	Picture	ITI	1223737	0	1	20659	1	0	next	other	0
40	40	Sound	Practice	1234289	0	1			0		other	0
40	40	Picture	response	1244397	10108	1	7164	1	10000	25000	hit	51
40	40	Port Input	2	1251429	17140	1
40	40	Response	4	1251429	17140	1
40	41	Picture	ITI	1261557	0	1	32988	1	0	next	other	0
40	42	Sound	Practice	1279449	0	1			0		other	0
40	42	Picture	response	1294546	15097	1	2333	1	15000	25000	hit	56
40	42	Port Input	1	1296814	17365	1
40	42	Response	3	1296814	17365	1
40	43	Picture	ITI	1306875	0	1	22992	1	0	next	other	0
40	44	Sound	Practice	1319746	0	1			0		other	0
40	44	Picture	response	1329867	10121	1	14995	1	10000	25000	hit	61
40	44	Port Input	2	1344781	25035	1
40	44	Response	4	1344781	25035	1
40	45	Picture	ITI	1354858	0	1	29656	1	0	next	other	0
40	46	Sound	Practice	1369359	0	1			0		other	0
40	46	Picture	response	1384514	15155	1	3665	1	15000	25000	hit	66
40	46	Port Input	1	1388021	18662	1
40	46	Response	3	1388021	18662	1
40	47	Picture	ITI	1398176	0	1	23159	1	0	next	other	0
40	48	Sound	Practice	1411217	0	1			0		other	0
40	48	Picture	response	1421334	10117	1	4665	1	10000	25000	hit	71
40	48	Port Input	2	1425837	14619	1
40	48	Response	4	1425837	14619	1
40	49	Picture	ITI	1435996	0	1	25324	1	0	next	other	0
40	50	Sound	Practice	1451257	0	1			0		other	0
40	50	Picture	response	1461320	10063	1	5665	1	10000	25000	hit	76
40	50	Port Input	2	1466932	15675	1
40	50	Response	4	1466932	15675	1
40	51	Picture	ITI	1476982	0	1	31322	1	0	next	other	0
40	52	Sound	Practice	1493223	0	1			0		other	0
40	52	Picture	response	1508304	15081	1	1833	1	15000	25000	hit	81
40	52	Port Input	1	1509943	16720	1
40	52	Response	3	1509943	16720	1
40	53	Picture	ITI	1520133	0	1	27824	1	0	next	other	0
40	54	Sound	Practice	1537905	0	1			0		other	0
40	54	Picture	response	1547957	10052	1	5831	1	10000	25000	hit	86
40	54	Port Input	2	1553589	15685	1
40	54	Response	4	1553589	15685	1
40	55	Picture	ITI	1563618	0	1	31989	1	0	next	other	0
40	56	Sound	Practice	1580479	0	1			0		other	0
40	56	Picture	response	1595607	15127	1	2832	1	15000	25000	hit	91
40	56	Port Input	1	1598381	17901	1
40	56	Response	3	1598381	17901	1
40	57	Picture	ITI	1608435	0	1	34988	1	0	next	other	0
40	58	Sound	Practice	1628247	0	1			0		other	0
40	58	Picture	response	1643423	15176	1	6331	1	15000	25000	incorrect	96
40	58	Port Input	2	1649555	21308	1
40	58	Response	4	1649555	21308	1
40	59	Picture	ITI	1659584	0	1	31156	1	0	next	other	0
40	60	Sound	Practice	1675596	0	1			0		other	0
40	60	Picture	response	1690740	15144	1	6498	1	15000	25000	incorrect	101
40	60	Port Input	2	1697126	21530	1
40	60	Response	4	1697126	21530	1
40	61	Picture	ITI	1707234	0	1	28323	1	0	next	other	0
40	62	Sound	Practice	1725376	0	1			0		other	0
40	62	Picture	response	1735558	10182	1	5831	1	10000	25000	hit	106
40	62	Port Input	2	1741314	15938	1
40	62	Response	4	1741314	15938	1
40	63	Picture	ITI	1751385	0	1	27157	1	0	next	other	0
40	64	Sound	Practice	1768477	0	1			0		other	0
40	64	Picture	response	1778542	10066	1	9830	1	10000	25000	hit	111
40	64	Port Input	2	1788219	19742	1
40	64	Response	4	1788219	19742	1
40	65	Picture	ITI	1798369	0	1	20326	1	0	next	other	0
40	66	Sound	Practice	1808640	0	1			0		other	0
40	66	Picture	response	1818695	10055	1	16161	1	10000	25000	hit	116
40	66	Port Input	2	1834770	26129	1
40	66	Response	4	1834770	26129	1
40	67	Picture	ITI	1844853	0	1	29156	1	0	next	other	0
40	68	Sound	Practice	1863904	0	1			0		other	0
40	68	Picture	response	1874009	10105	1	6498	1	10000	25000	hit	121
40	68	Port Input	2	1880394	16490	1
40	68	Response	4	1880394	16490	1
40	69	Picture	ITI	1890503	0	1	29656	1	0	next	other	0
40	70	Sound	Practice	1905005	0	1			0		other	0
40	70	Picture	response	1920159	15155	1	5831	1	15000	25000	incorrect	126
40	70	Port Input	2	1925904	20899	1
40	70	Response	4	1925904	20899	1
40	71	Picture	ITI	1935987	0	1	26324	1	0	next	other	0
40	72	Sound	Practice	1947179	0	1			0		other	0
40	72	Picture	response	1962311	15133	1	20826	1	15000	25000	incorrect	131
40	72	Port Input	2	1983023	35844	1
40	72	Response	4	1983023	35844	1
40	73	Picture	ITI	1993134	0	1	33488	1	0	next	other	0
40	74	Sound	Practice	2011495	0	1			0		other	0
40	74	Picture	response	2026622	15127	1	6998	1	15000	25000	hit	136
40	74	Port Input	1	2033436	21941	1
40	74	Response	3	2033436	21941	1
40	75	Picture	ITI	2043616	0	1	22159	1	0	next	other	0
40	76	Sound	Practice	2055638	0	1			0		other	0
40	76	Picture	response	2065775	10137	1	4832	1	10000	25000	hit	141
40	76	Port Input	2	2070502	14865	1
40	76	Response	4	2070502	14865	1
40	77	Picture	ITI	2080603	0	1	26824	1	0	next	other	0
40	78	Sound	Practice	2092345	0	1			0		other	0
40	78	Picture	response	2107427	15082	1	6498	1	15000	25000	incorrect	146
40	78	Port Input	2	2113826	21481	1
40	78	Response	4	2113826	21481	1
40	79	Picture	ITI	2123921	0	1	29656	1	0	next	other	0
40	80	Sound	Practice	2138413	0	1			0		other	0
40	80	Picture	response	2153578	15165	1	8497	1	15000	25000	hit	151
40	80	Port Input	1	2161886	23473	1
40	80	Response	3	2161886	23473	1
40	81	Picture	ITI	2172071	0	1	31822	1	0	next	other	0
40	82	Sound	Practice	2188773	0	1			0		other	0
40	82	Picture	response	2203893	15121	1	11829	1	15000	25000	incorrect	156
40	82	Port Input	2	2215548	26776	1
40	82	Response	4	2215548	26776	1
40	83	Picture	ITI	2225719	0	1	29656	1	0	next	other	0
40	84	Sound	Practice	2245300	0	1			0		other	0
40	84	Picture	response	2255375	10075	1	6331	1	10000	25000	incorrect	161
40	84	Port Input	1	2261537	16237	1
40	84	Response	3	2261537	16237	1
40	85	Picture	ITI	2271703	0	1	33488	1	0	next	other	0
40	85	Port Input	2	2274073	2370	1
40	85	Response	4	2274073	2370	1
40	86	Sound	Practice	2290044	0	1			0		other	0
40	86	Picture	response	2305191	15147	1	5498	1	15000	25000	incorrect	168
40	86	Port Input	2	2310566	20522	1
40	86	Response	4	2310566	20522	1
40	87	Picture	ITI	2320686	0	1	30156	1	0	next	other	0
40	88	Sound	Practice	2335767	0	1			0		other	0
40	88	Picture	response	2350842	15075	1	14495	1	15000	25000	incorrect	173
40	88	Port Input	2	2365134	29367	1
40	88	Response	4	2365134	29367	1
40	89	Picture	ITI	2375166	0	1	26491	1	0	next	other	0
40	90	Sound	Practice	2391468	0	1			0		other	0
40	90	Picture	response	2401657	10189	1	4998	1	10000	25000	hit	178
40	90	Port Input	2	2406562	15094	1
40	90	Response	4	2406562	15094	1
40	91	Picture	ITI	2416652	0	1	28490	1	0	next	other	0
40	92	Sound	Practice	2435003	0	1			0		other	0
40	92	Picture	response	2445142	10139	1	4332	1	10000	25000	hit	183
40	92	Port Input	2	2449344	14341	1
40	92	Response	4	2449344	14341	1
40	93	Picture	ITI	2459470	0	1	24658	1	0	next	other	0
40	94	Sound	Practice	2473942	0	1			0		other	0
40	94	Picture	response	2484128	10187	1	4832	1	10000	25000	hit	188
40	94	Port Input	2	2488773	14832	1
40	94	Response	4	2488773	14832	1
40	95	Picture	ITI	2498956	0	1	32822	1	0	next	other	0
40	96	Sound	Practice	2516588	0	1			0		other	0
40	96	Picture	response	2531778	15190	1	7664	1	15000	25000	incorrect	193
40	96	Port Input	2	2539395	22808	1
40	96	Response	4	2539395	22808	1
40	97	Picture	ITI	2549439	0	1	26491	1	0	next	other	0
40	98	Sound	Practice	2565810	0	1			0		other	0
40	98	Picture	response	2575929	10119	1	5498	1	10000	25000	hit	198
40	98	Port Input	2	2581303	15492	1
40	98	Response	4	2581303	15492	1
40	99	Picture	ITI	2591424	0	1	28657	1	0	next	other	0
40	100	Sound	Practice	2605045	0	1			0		other	0
40	100	Picture	response	2620081	15035	1	2999	1	15000	25000	hit	203
40	100	Port Input	1	2622960	17915	1
40	100	Response	3	2622960	17915	1
40	101	Picture	ITI	2633076	0	1	25324	1	0	next	other	0
40	102	Sound	Practice	2643217	0	1			0		other	0
40	102	Picture	response	2658400	15183	1	2499	1	15000	25000	hit	208
40	102	Port Input	1	2660755	17537	1
40	102	Response	3	2660755	17537	1
40	103	Picture	ITI	2670896	0	1	30489	1	0	next	other	0
40	104	Sound	Practice	2686317	0	1			0		other	0
40	104	Picture	response	2701385	15068	1	4332	1	15000	25000	hit	213
40	104	Port Input	1	2705650	19333	1
40	104	Response	3	2705650	19333	1
40	105	Picture	ITI	2715714	0	1	28323	1	0	next	other	0
40	106	Sound	Practice	2728895	0	1			0		other	0
40	106	Picture	response	2744037	15142	1	6331	1	15000	25000	incorrect	218
40	106	Port Input	2	2750212	21317	1
40	106	Response	4	2750212	21317	1
40	107	Picture	ITI	2760365	0	1	26491	1	0	next	other	0
40	108	Sound	Practice	2771816	0	1			0		other	0
40	108	Picture	response	2786855	15039	1	2666	1	15000	25000	hit	223
40	108	Port Input	1	2789465	17648	1
40	108	Response	3	2789465	17648	1
40	109	Picture	ITI	2799518	0	1	25658	1	0	next	other	0
40	110	Sound	Practice	2815010	0	1			0		other	0
40	110	Picture	response	2825175	10166	1	11329	1	10000	25000	hit	228
40	110	Port Input	2	2836453	21443	1
40	110	Response	4	2836453	21443	1
40	111	Picture	ITI	2846501	0	1	26991	1	0	next	other	0
40	112	Sound	Practice	2858373	0	1			0		other	0
40	112	Picture	response	2873492	15119	1	6498	1	15000	25000	incorrect	233
40	112	Port Input	2	2879828	21455	1
40	112	Response	4	2879828	21455	1
40	113	Picture	ITI	2889986	0	1	24158	1	0	next	other	0
40	114	Sound	Practice	2903977	0	1			0		other	0
40	114	Picture	response	2914144	10167	1	6831	1	10000	25000	hit	238
40	114	Port Input	2	2920934	16956	1
40	114	Response	4	2920934	16956	1
40	115	Picture	ITI	2930971	0	1	27490	1	0	next	other	0
40	116	Sound	Practice	2943373	0	1			0		other	0
40	116	Picture	response	2958462	15089	1	4165	1	15000	25000	hit	243
40	116	Port Input	1	2962581	19208	1
40	116	Response	3	2962581	19208	1
40	117	Picture	ITI	2972624	0	1	20493	1	0	next	other	0
40	118	Sound	Practice	2982985	0	1			0		other	0
40	118	Picture	response	2993116	10131	1	6331	1	10000	25000	hit	248
40	118	Port Input	2	2999376	16390	1
40	118	Response	4	2999376	16390	1
40	119	Picture	ITI	3009444	0	1	30822	1	0	next	other	0
40	120	Sound	Practice	3025135	0	1			0		other	0
40	120	Picture	response	3040266	15131	1	10996	1	15000	25000	incorrect	253
40	120	Port Input	2	3051153	26018	1
40	120	Response	4	3051153	26018	1
40	121	Picture	ITI	3061259	0	1	34321	1	0	next	other	0
40	122	Sound	Practice	3080491	0	1			0		other	0
40	122	Picture	response	3095580	15090	1	6831	1	15000	25000	hit	258
40	122	Port Input	1	3102285	21795	1
40	122	Response	3	3102285	21795	1
40	123	Picture	ITI	3112408	0	1	21826	1	0	next	other	0
40	124	Sound	Practice	3124199	0	1			0		other	0
40	124	Picture	response	3134233	10034	1	7497	1	10000	25000	incorrect	263
40	124	Port Input	1	3141642	17442	1
40	124	Response	3	3141642	17442	1
40	125	Picture	ITI	3151727	0	1	27157	1	0	next	other	0
40	126	Sound	Practice	3168759	0	1			0		other	0
40	126	Picture	response	3178885	10126	1	5165	1	10000	25000	hit	268
40	126	Port Input	2	3183924	15165	1
40	126	Response	4	3183924	15165	1
40	127	Picture	ITI	3194046	0	1	27324	1	0	next	other	0
40	128	Sound	Practice	3211247	0	1			0		other	0
40	128	Picture	response	3221370	10122	1	5831	1	10000	25000	hit	273
40	128	Port Input	2	3227080	15833	1
40	128	Response	4	3227080	15833	1
40	129	Picture	ITI	3237197	0	1	20493	1	0	next	other	0
40	130	Sound	Practice	3247509	0	1			0		other	0
40	130	Picture	response	3257690	10181	1	4665	1	10000	25000	hit	278
40	130	Port Input	2	3262261	14753	1
40	130	Response	4	3262261	14753	1
40	131	Picture	ITI	3272352	0	1	30989	1	0	next	other	0
40	132	Sound	Practice	3288183	0	1			0		other	0
40	132	Picture	response	3303341	15158	1	3166	1	15000	25000	incorrect	283
40	132	Port Input	2	3306355	18172	1
40	132	Response	4	3306355	18172	1
40	133	Picture	ITI	3316503	0	1	32155	1	0	next	other	0
40	134	Sound	Practice	3333484	0	1			0		other	0
40	134	Picture	response	3348658	15174	1	2499	1	15000	25000	hit	288
40	134	Port Input	1	3351011	17527	1
40	134	Response	3	3351011	17527	1
40	135	Picture	ITI	3361154	0	1	29156	1	0	next	other	0
40	136	Sound	Practice	3380255	0	1			0		other	0
40	136	Picture	response	3390310	10055	1	6498	1	10000	25000	hit	293
40	136	Port Input	2	3396656	16401	1
40	136	Response	4	3396656	16401	1
40	137	Picture	ITI	3406805	0	1	29823	1	0	next	other	0
40	138	Sound	Practice	3426476	0	1			0		other	0
40	138	Picture	response	3436627	10151	1	11663	1	10000	25000	hit	298
40	138	Port Input	2	3448204	21729	1
40	138	Response	4	3448204	21729	1
40	139	Picture	ITI	3458286	0	1	33488	1	0	next	other	0
40	140	Sound	Practice	3476648	0	1			0		other	0
40	140	Picture	response	3491775	15127	1	4332	1	15000	25000	hit	303
40	140	Port Input	1	3496026	19377	1
40	140	Response	3	3496026	19377	1
40	141	Picture	ITI	3506103	0	1	29656	1	0	next	other	0
40	142	Sound	Practice	3525625	0	1			0		other	0
40	142	Picture	response	3535759	10135	1	5331	1	10000	25000	hit	308
40	142	Port Input	2	3541015	15390	1
40	142	Response	4	3541015	15390	1
40	143	Picture	ITI	3551087	0	1	25158	1	0	next	other	0
40	144	Sound	Practice	3566149	0	1			0		other	0
40	144	Picture	response	3576245	10096	1	6165	1	10000	25000	hit	313
40	144	Port Input	2	3582360	16211	1
40	144	Response	4	3582360	16211	1
40	145	Picture	ITI	3592406	0	1	26991	1	0	next	other	0
40	146	Sound	Practice	3604348	0	1			0		other	0
40	146	Picture	response	3619397	15049	1	3332	1	15000	25000	incorrect	318
40	146	Port Input	2	3622590	18243	1
40	146	Response	4	3622590	18243	1
40	147	Picture	ITI	3632725	0	1	25824	1	0	next	other	0
40	148	Sound	Practice	3643417	0	1			0		other	0
40	148	Picture	response	3658550	15133	1	9997	1	15000	25000	incorrect	323
40	148	Port Input	2	3668350	24933	1
40	148	Response	4	3668350	24933	1
40	149	Picture	ITI	3678543	0	1	29323	1	0	next	other	0
40	150	Sound	Practice	3697804	0	1			0		other	0
40	150	Picture	response	3707866	10062	1	6664	1	10000	25000	hit	328
40	150	Port Input	2	3714464	16660	1
40	150	Response	4	3714464	16660	1
40	151	Picture	ITI	3724526	0	1	23992	1	0	next	other	0
40	152	Sound	Practice	3738438	0	1			0		other	0
40	152	Picture	response	3748518	10080	1	4665	1	10000	25000	hit	333
40	152	Port Input	2	3753133	14695	1
40	152	Response	4	3753133	14695	1
40	153	Picture	ITI	3763180	0	1	29156	1	0	next	other	0
40	154	Sound	Practice	3777261	0	1			0		other	0
40	154	Picture	response	3792336	15075	1	2499	1	15000	25000	hit	338
40	154	Port Input	1	3794634	17373	1
40	154	Response	3	3794634	17373	1
40	155	Picture	ITI	3804665	0	1	26824	1	0	next	other	0
40	156	Sound	Practice	3816376	0	1			0		other	0
40	156	Picture	response	3831489	15112	1	4665	1	15000	25000	hit	343
40	156	Port Input	1	3836052	19675	1
40	156	Response	3	3836052	19675	1
40	157	Picture	ITI	3846150	0	1	21492	1	0	next	other	0
40	158	Sound	Practice	3857472	0	1			0		other	0
40	158	Picture	response	3867643	10171	1	8497	1	10000	25000	hit	348
40	158	Port Input	2	3876064	18592	1
40	158	Response	4	3876064	18592	1
40	159	Picture	ITI	3886136	0	1	25158	1	0	next	other	0
40	160	Sound	Practice	3901238	0	1			0		other	0
40	160	Picture	response	3911294	10056	1	6331	1	10000	25000	hit	353
40	160	Port Input	2	3917430	16192	1
40	160	Response	4	3917430	16192	1
40	161	Picture	ITI	3927622	0	1	23492	1	0	next	other	0
40	162	Sound	Practice	3941033	0	1			0		other	0
40	162	Picture	response	3951114	10080	1	5165	1	10000	25000	hit	358
40	162	Port Input	2	3956203	15170	1
40	162	Response	4	3956203	15170	1
40	163	Picture	ITI	3966275	0	1	24658	1	0	next	other	0
40	164	Sound	Practice	3980846	0	1			0		other	0
40	164	Picture	response	3990933	10087	1	5831	1	10000	25000	hit	363
40	164	Port Input	2	3996653	15806	1
40	164	Response	4	3996653	15806	1
40	165	Picture	ITI	4006761	0	1	20659	1	0	next	other	0
40	166	Sound	Practice	4017242	0	1			0		other	0
40	166	Picture	response	4027420	10178	1	8997	1	10000	25000	hit	368
40	166	Port Input	2	4036363	19121	1
40	166	Response	4	4036363	19121	1
40	167	Picture	ITI	4046413	0	1	22659	1	0	next	other	0
40	168	Sound	Practice	4058975	0	1			0		other	0
40	168	Picture	response	4069072	10097	1	3832	1	10000	25000	hit	373
40	168	Port Input	2	4072846	13871	1
40	168	Response	4	4072846	13871	1
40	169	Picture	ITI	4082901	0	1	34321	1	0	next	other	0
40	170	Sound	Practice	4102122	0	1			0		other	0
40	170	Picture	response	4117222	15100	1	5331	1	15000	25000	hit	378
40	170	Port Input	1	4122447	20325	1
40	170	Response	3	4122447	20325	1
40	171	Picture	ITI	4132550	0	1	20993	1	0	next	other	0
40	172	Sound	Practice	4143431	0	1			0		other	0
40	172	Picture	response	4153543	10111	1	5165	1	10000	25000	hit	383
40	172	Port Input	2	4158628	15197	1
40	172	Response	4	4158628	15197	1
40	173	Picture	Break	4168704	0	1	21492	1	0	next	other	0
40	173	Response	1	4189994	21290	0
40	174	Picture	Instruction	4190196	0	1	24658	1	0	next	other	0
40	174	Response	1	4214794	24598	0
40	175	Picture	ITI	4214854	0	1	15161	1	0	next	other	0
40	176	Picture	ITI	4230016	0	1	30323	1	0	next	other	0
40	177	Sound	test	4246137	0	1			0		other	0
40	177	Picture	response	4260338	14201	1	7331	1	14020	25000	incorrect	393
40	177	Port Input	2	4267566	21429	1
40	177	Response	4	4267566	21429	1
40	178	Picture	ITI	4268669	0	1	26491	1	0	next	other	0
40	179	Sound	test	4283670	0	1			0		other	0
40	179	Picture	response	4295160	11489	1	2999	1	11450	25000	incorrect	398
40	179	Port Input	2	4298104	14433	1
40	179	Response	4	4298104	14433	1
40	180	Picture	ITI	4299158	0	1	26657	1	0	next	other	0
40	181	Sound	test	4315699	0	1			0		other	0
40	181	Picture	response	4325815	10116	1	4332	1	10000	25000	incorrect	403
40	181	Port Input	1	4330078	14379	1
40	181	Response	3	4330078	14379	1
40	182	Picture	ITI	4331147	0	1	26657	1	0	next	other	0
40	183	Sound	test	4345518	0	1			0		other	0
40	183	Picture	response	4357804	12286	1	3499	1	12250	25000	incorrect	408
40	183	Port Input	1	4361261	15743	1
40	183	Response	3	4361261	15743	1
40	184	Picture	ITI	4362303	0	1	27824	1	0	next	other	0
40	185	Sound	test	4376904	0	1			0		other	0
40	185	Picture	response	4390126	13222	1	10163	1	13100	25000	incorrect	413
40	185	Port Input	1	4400180	23276	1
40	185	Response	3	4400180	23276	1
40	186	Picture	ITI	4401289	0	1	24991	1	0	next	other	0
40	187	Sound	test	4415530	0	1			0		other	0
40	187	Picture	response	4426280	10750	1	6498	1	10700	25000	incorrect	418
40	187	Port Input	2	4432592	17062	1
40	187	Response	4	4432592	17062	1
40	188	Picture	ITI	4433611	0	1	28990	1	0	next	other	0
40	189	Sound	test	4452523	0	1			0		other	0
40	189	Picture	response	4462601	10078	1	5498	1	10000	25000	incorrect	423
40	189	Port Input	2	4467929	15407	1
40	189	Response	4	4467929	15407	1
40	190	Picture	ITI	4469099	0	1	26157	1	0	next	other	0
40	191	Sound	test	4482010	0	1			0		other	0
40	191	Port Input	2	4494771	12761	1
40	191	Picture	response	4495256	13246	1	10496	1	13100	25000	incorrect	429
40	191	Port Input	2	4505682	23673	1
40	191	Response	4	4505682	23673	1
40	192	Picture	ITI	4506752	0	1	24325	1	0	next	other	0
40	193	Sound	test	4517843	0	1			0		other	0
40	193	Picture	response	4531077	13234	1	1333	1	13100	25000	incorrect	434
40	193	Port Input	1	4532232	14389	1
40	193	Response	3	4532232	14389	1
40	194	Picture	ITI	4533409	0	1	27490	1	0	next	other	0
40	195	Sound	test	4550171	0	1			0		other	0
40	195	Picture	response	4560900	10729	1	6165	1	10700	25000	incorrect	439
40	195	Port Input	2	4567018	16847	1
40	195	Response	4	4567018	16847	1
40	196	Picture	ITI	4568064	0	1	25991	1	0	next	other	0
40	197	Sound	test	4578885	0	1			0		other	0
40	197	Picture	response	4594055	15170	1	7831	1	15000	25000	incorrect	444
40	197	Port Input	1	4601835	22950	1
40	197	Response	3	4601835	22950	1
40	198	Picture	ITI	4602885	0	1	30989	1	0	next	other	0
40	199	Sound	test	4618776	0	1			0		other	0
40	199	Picture	response	4633874	15098	1	6331	1	15000	25000	incorrect	449
40	199	Port Input	1	4640119	21343	1
40	199	Response	3	4640119	21343	1
40	200	Picture	ITI	4641205	0	1	28823	1	0	next	other	0
40	201	Sound	test	4654886	0	1			0		other	0
40	201	Picture	response	4670028	15142	1	4165	1	15000	25000	incorrect	454
40	201	Port Input	1	4674020	19133	1
40	201	Response	3	4674020	19133	1
40	202	Picture	ITI	4675026	0	1	30823	1	0	next	other	0
40	203	Sound	test	4693558	0	1			0		other	0
40	203	Picture	response	4705849	12291	1	4498	1	12250	25000	incorrect	459
40	203	Port Input	2	4710284	16726	1
40	203	Response	4	4710284	16726	1
40	204	Picture	ITI	4711347	0	1	29823	1	0	next	other	0
40	205	Sound	test	4729589	0	1			0		other	0
40	205	Picture	response	4741170	11581	1	12662	1	11450	25000	incorrect	464
40	205	Port Input	2	4753659	24070	1
40	205	Response	4	4753659	24070	1
40	206	Picture	ITI	4754665	0	1	25158	1	0	next	other	0
40	207	Sound	test	4764716	0	1			0		other	0
40	207	Picture	response	4779823	15107	1	3999	1	15000	25000	incorrect	469
40	207	Port Input	1	4783645	18929	1
40	207	Response	3	4783645	18929	1
40	208	Picture	ITI	4784654	0	1	25491	1	0	next	other	0
40	209	Sound	test	4798646	0	1			0		other	0
40	209	Picture	response	4810145	11500	1	7331	1	11450	25000	incorrect	474
40	209	Port Input	2	4817421	18775	1
40	209	Response	4	4817421	18775	1
40	210	Picture	ITI	4818476	0	1	20993	1	0	next	other	0
40	211	Sound	test	4829297	0	1			0		other	0
40	211	Picture	response	4839469	10171	1	5498	1	10000	25000	incorrect	479
40	211	Port Input	2	4844918	15621	1
40	211	Response	4	4844918	15621	1
40	212	Picture	ITI	4845966	0	1	32489	1	0	next	other	0
40	213	Sound	test	4863298	0	1			0		other	0
40	213	Picture	response	4878455	15157	1	1000	1	15000	25000	incorrect	484
40	213	Port Input	2	4879308	16010	1
40	213	Response	4	4879308	16010	1
40	214	Picture	ITI	4880288	0	1	25991	1	0	next	other	0
40	215	Sound	test	4895459	0	1			0		other	0
40	215	Picture	response	4906278	10820	1	4665	1	10700	25000	incorrect	489
40	215	Port Input	2	4910741	15282	1
40	215	Response	4	4910741	15282	1
40	216	Picture	ITI	4911777	0	1	24991	1	0	next	other	0
40	217	Sound	test	4925258	0	1			0		other	0
40	217	Picture	response	4936768	11510	1	8330	1	11450	25000	incorrect	494
40	217	Port Input	2	4945006	19748	1
40	217	Response	4	4945006	19748	1
40	218	Picture	ITI	4946098	0	1	23492	1	0	next	other	0
40	219	Sound	test	4958819	0	1			0		other	0
40	219	Picture	response	4969590	10771	1	6831	1	10700	25000	incorrect	499
40	219	Port Input	2	4976366	17547	1
40	219	Response	4	4976366	17547	1
40	220	Picture	ITI	4977420	0	1	29323	1	0	next	other	0
40	221	Sound	test	4996583	0	1			0		other	0
40	221	Picture	response	5006743	10161	1	5998	1	10000	25000	incorrect	504
40	221	Port Input	2	5012558	15975	1
40	221	Response	4	5012558	15975	1
40	222	Picture	ITI	5013574	0	1	26990	1	0	next	other	0
40	223	Sound	test	5028925	0	1			0		other	0
40	223	Picture	response	5040565	11639	1	10996	1	11450	25000	incorrect	509
40	223	Port Input	2	5051362	22437	1
40	223	Response	4	5051362	22437	1
40	224	Picture	ITI	5052394	0	1	30989	1	0	next	other	0
40	225	Sound	test	5070945	0	1			0		other	0
40	225	Picture	response	5083383	12438	1	5498	1	12250	25000	incorrect	514
40	225	Port Input	2	5088834	17889	1
40	225	Response	4	5088834	17889	1
40	226	Picture	ITI	5089881	0	1	26324	1	0	next	other	0
40	227	Sound	test	5101042	0	1			0		other	0
40	227	Picture	response	5116205	15163	1	3166	1	15000	25000	incorrect	519
40	227	Port Input	1	5119289	18247	1
40	227	Response	3	5119289	18247	1
40	228	Picture	ITI	5120370	0	1	32322	1	0	next	other	0
40	229	Sound	test	5140291	0	1			0		other	0
40	229	Picture	response	5152692	12401	1	12829	1	12250	25000	incorrect	524
40	229	Port Input	2	5165423	25132	1
40	229	Response	4	5165423	25132	1
40	230	Picture	ITI	5166521	0	1	29656	1	0	next	other	0
40	231	Sound	test	5184662	0	1			0		other	0
40	231	Picture	response	5196177	11515	1	5331	1	11450	25000	incorrect	529
40	231	Port Input	2	5201323	16661	1
40	231	Response	4	5201323	16661	1
40	232	Picture	ITI	5202341	0	1	27824	1	0	next	other	0
40	233	Sound	test	5215963	0	1			0		other	0
40	233	Picture	response	5230165	14202	1	13162	1	14020	25000	incorrect	534
40	233	Port Input	1	5243272	27309	1
40	233	Response	3	5243272	27309	1
40	234	Picture	ITI	5244327	0	1	29323	1	0	next	other	0
40	235	Sound	test	5263528	0	1			0		other	0
40	235	Picture	response	5273650	10122	1	6498	1	10000	25000	incorrect	539
40	235	Port Input	2	5279994	16466	1
40	235	Response	4	5279994	16466	1
40	236	Picture	ITI	5280980	0	1	27990	1	0	next	other	0
40	237	Sound	test	5293832	0	1			0		other	0
40	237	Picture	response	5308971	15139	1	2999	1	15000	25000	incorrect	544
40	237	Port Input	1	5311781	17949	1
40	237	Response	3	5311781	17949	1
40	238	Picture	ITI	5312803	0	1	34988	1	0	next	other	0
40	239	Sound	test	5332734	0	1			0		other	0
40	239	Picture	response	5347790	15056	1	2832	1	15000	25000	incorrect	549
40	239	Port Input	1	5350513	17779	1
40	239	Response	3	5350513	17779	1
40	240	Picture	ITI	5351622	0	1	29990	1	0	next	other	0
40	241	Sound	test	5367553	0	1			0		other	0
40	241	Picture	response	5381612	14058	1	4498	1	14020	25000	incorrect	554
40	241	Port Input	1	5386007	18453	1
40	241	Response	3	5386007	18453	1
40	242	Picture	ITI	5386943	0	1	25658	1	0	next	other	0
40	243	Sound	test	5399364	0	1			0		other	0
40	243	Picture	response	5412601	13236	1	7664	1	13100	25000	incorrect	559
40	243	Port Input	1	5420136	20772	1
40	243	Response	3	5420136	20772	1
40	244	Picture	ITI	5421264	0	1	29989	1	0	next	other	0
40	245	Sound	test	5441096	0	1			0		other	0
40	245	Picture	response	5451254	10158	1	6498	1	10000	25000	incorrect	564
40	245	Port Input	2	5457567	16471	1
40	245	Response	4	5457567	16471	1
40	246	Picture	ITI	5458585	0	1	29656	1	0	next	other	0
40	247	Sound	test	5475926	0	1			0		other	0
40	247	Picture	response	5488241	12315	1	7497	1	12250	25000	incorrect	569
40	247	Port Input	2	5495538	19612	1
40	247	Response	4	5495538	19612	1
40	248	Picture	ITI	5496571	0	1	32155	1	0	next	other	0
40	249	Sound	test	5514543	0	1			0		other	0
40	249	Picture	response	5528727	14184	1	2499	1	14020	25000	incorrect	574
40	249	Port Input	1	5531167	16625	1
40	249	Response	3	5531167	16625	1
40	250	Picture	ITI	5532225	0	1	21992	1	0	next	other	0
40	251	Sound	test	5542727	0	1			0		other	0
40	251	Picture	response	5554218	11491	1	4498	1	11450	25000	incorrect	579
40	251	Port Input	2	5558665	15938	1
40	251	Response	4	5558665	15938	1
40	252	Picture	ITI	5559716	0	1	29323	1	0	next	other	0
40	253	Sound	test	5573907	0	1			0		other	0
40	253	Picture	response	5589039	15132	1	3832	1	15000	25000	incorrect	584
40	253	Port Input	1	5592742	18835	1
40	253	Response	3	5592742	18835	1
40	254	Picture	ITI	5593871	0	1	27990	1	0	next	other	0
40	255	Sound	test	5606742	0	1			0		other	0
40	255	Picture	response	5621861	15119	1	3665	1	15000	25000	incorrect	589
40	255	Port Input	1	5625435	18694	1
40	255	Response	3	5625435	18694	1
40	256	Picture	ITI	5626526	0	1	31656	1	0	next	other	0
40	257	Sound	test	5645047	0	1			0		other	0
40	257	Picture	response	5658181	13134	1	7664	1	13100	25000	incorrect	594
40	257	Port Input	2	5665729	20682	1
40	257	Response	4	5665729	20682	1
40	258	Picture	ITI	5666845	0	1	31322	1	0	next	other	0
40	259	Sound	test	5685026	0	1			0		other	0
40	259	Picture	response	5698167	13141	1	6165	1	13100	25000	incorrect	599
40	259	Port Input	2	5704190	19164	1
40	259	Response	4	5704190	19164	1
40	260	Picture	ITI	5705165	0	1	29656	1	0	next	other	0
40	261	Sound	test	5719696	0	1			0		other	0
40	261	Picture	response	5734821	15125	1	5331	1	15000	25000	incorrect	604
40	261	Port Input	1	5740027	20331	1
40	261	Response	3	5740027	20331	1
40	262	Picture	ITI	5741152	0	1	24658	1	0	next	other	0
40	263	Sound	test	5755734	0	1			0		other	0
40	263	Picture	response	5765810	10077	1	4832	1	10000	25000	incorrect	609
40	263	Port Input	1	5770440	14706	1
40	263	Response	3	5770440	14706	1
40	264	Picture	ITI	5771475	0	1	23492	1	0	next	other	0
40	265	Sound	test	5784926	0	1			0		other	0
40	265	Picture	response	5794967	10040	1	8330	1	10000	25000	incorrect	614
40	265	Port Input	2	5803206	18280	1
40	265	Response	4	5803206	18280	1
40	266	Picture	ITI	5804297	0	1	28323	1	0	next	other	0
40	267	Sound	test	5818438	0	1			0		other	0
40	267	Picture	response	5832620	14182	1	5331	1	14020	25000	incorrect	619
40	267	Port Input	2	5837835	19397	1
40	267	Response	4	5837835	19397	1
40	268	Picture	ITI	5838951	0	1	28823	1	0	next	other	0
40	269	Sound	test	5856893	0	1			0		other	0
40	269	Picture	response	5867774	10882	1	5831	1	10700	25000	incorrect	624
40	269	Port Input	2	5873402	16509	1
40	269	Response	4	5873402	16509	1
40	270	Picture	ITI	5874439	0	1	27824	1	0	next	other	0
40	271	Sound	test	5887110	0	1			0		other	0
40	271	Picture	response	5902262	15152	1	6331	1	15000	25000	incorrect	629
40	271	Port Input	2	5908458	21348	1
40	271	Response	4	5908458	21348	1
40	272	Picture	ITI	5909427	0	1	22326	1	0	next	other	0
40	273	Sound	test	5920218	0	1			0		other	0
40	273	Picture	response	5931752	11534	1	7831	1	11450	25000	incorrect	634
40	273	Port Input	2	5939506	19288	1
40	273	Response	4	5939506	19288	1
40	274	Picture	ITI	5940582	0	1	22992	1	0	next	other	0
40	275	Sound	test	5952004	0	1			0		other	0
40	275	Picture	response	5963574	11571	1	10163	1	11450	25000	incorrect	639
40	275	Port Input	2	5973625	21622	1
40	275	Response	4	5973625	21622	1
40	276	Picture	ITI	5974737	0	1	25324	1	0	next	other	0
40	277	Sound	test	5986808	0	1			0		other	0
40	277	Picture	response	6000061	13253	1	6331	1	13100	25000	incorrect	644
40	277	Port Input	2	6006329	19520	1
40	277	Response	4	6006329	19520	1
40	278	Picture	ITI	6007392	0	1	32155	1	0	next	other	0
40	279	Sound	test	6024473	0	1			0		other	0
40	279	Picture	response	6039548	15074	1	15828	1	15000	25000	incorrect	649
40	279	Port Input	1	6055316	30843	1
40	279	Response	3	6055316	30843	1
40	280	Picture	ITI	6056375	0	1	25658	1	0	next	other	0
40	281	Sound	test	6071946	0	1			0		other	0
40	281	Picture	response	6082033	10086	1	12995	1	10000	25000	incorrect	654
40	281	Port Input	2	6094828	22882	1
40	281	Response	4	6094828	22882	1
40	282	Picture	ITI	6095861	0	1	27324	1	0	next	other	0
40	283	Sound	test	6110002	0	1			0		other	0
40	283	Picture	response	6123185	13182	1	7497	1	13100	25000	incorrect	659
40	283	Port Input	2	6130603	20601	1
40	283	Response	4	6130603	20601	1
40	284	Picture	ITI	6131682	0	1	32655	1	0	next	other	0
40	285	Sound	test	6150253	0	1			0		other	0
40	285	Picture	response	6164337	14084	1	5498	1	14020	25000	incorrect	664
40	285	Port Input	2	6169720	19467	1
40	285	Response	4	6169720	19467	1
40	286	Picture	ITI	6170835	0	1	29823	1	0	next	other	0
40	287	Sound	test	6185516	0	1			0		other	0
40	287	Picture	response	6200658	15142	1	14828	1	15000	25000	incorrect	669
40	287	Port Input	1	6215282	29766	1
40	287	Response	3	6215282	29766	1
40	288	Picture	ITI	6216319	0	1	22659	1	0	next	other	0
40	289	Sound	test	6227440	0	1			0		other	0
40	289	Picture	response	6238978	11538	1	9330	1	11450	25000	incorrect	674
40	289	Port Input	2	6248162	20722	1
40	289	Response	4	6248162	20722	1
40	290	Picture	ITI	6249141	0	1	23992	1	0	next	other	0
40	291	Sound	test	6263062	0	1			0		other	0
40	291	Picture	response	6273132	10070	1	6165	1	10000	25000	incorrect	679
40	291	Port Input	2	6279220	16159	1
40	291	Response	4	6279220	16159	1
40	292	Picture	ITI	6280296	0	1	33155	1	0	next	other	0
40	293	Sound	test	6298378	0	1			0		other	0
40	293	Picture	response	6313451	15074	1	14495	1	15000	25000	incorrect	684
40	293	Port Input	1	6327791	29414	1
40	293	Response	3	6327791	29414	1
40	294	Picture	ITI	6328946	0	1	23992	1	0	next	other	0
40	295	Sound	test	6342097	0	1			0		other	0
40	295	Picture	response	6352938	10840	1	5831	1	10700	25000	incorrect	689
40	295	Port Input	2	6358662	16565	1
40	295	Response	4	6358662	16565	1
40	296	Picture	ITI	6359769	0	1	29490	1	0	next	other	0
40	297	Sound	test	6376970	0	1			0		other	0
40	297	Picture	response	6389258	12288	1	6664	1	12250	25000	incorrect	694
40	297	Port Input	2	6395738	18768	1
40	297	Response	4	6395738	18768	1
40	298	Picture	ITI	6396756	0	1	25658	1	0	next	other	0
40	299	Sound	test	6410117	0	1			0		other	0
40	299	Picture	response	6422413	12296	1	3999	1	12250	25000	incorrect	699
40	299	Port Input	2	6426286	16170	1
40	299	Response	4	6426286	16170	1
40	300	Picture	ITI	6427411	0	1	27490	1	0	next	other	0
40	301	Sound	test	6444733	0	1			0		other	0
40	301	Picture	response	6454902	10169	1	5498	1	10000	25000	incorrect	704
40	301	Port Input	2	6460291	15558	1
40	301	Response	4	6460291	15558	1
40	302	Picture	ITI	6461400	0	1	23159	1	0	next	other	0
40	303	Sound	test	6472121	0	1			0		other	0
40	303	Picture	response	6484558	12437	1	8330	1	12250	25000	incorrect	709
40	303	Port Input	2	6492713	20592	1
40	303	Response	4	6492713	20592	1
40	304	Picture	ITI	6493721	0	1	31822	1	0	next	other	0
40	305	Sound	test	6513123	0	1			0		other	0
40	305	Picture	response	6525544	12421	1	7331	1	12250	25000	incorrect	714
40	305	Port Input	2	6532757	19634	1
40	305	Response	4	6532757	19634	1
40	306	Picture	ITI	6533707	0	1	26991	1	0	next	other	0
40	307	Sound	test	6550619	0	1			0		other	0
40	307	Picture	response	6560698	10079	1	10163	1	10000	25000	incorrect	719
40	307	Port Input	2	6570718	20099	1
40	307	Response	4	6570718	20099	1
40	308	Picture	ITI	6571861	0	1	25658	1	0	next	other	0
40	309	Sound	test	6582352	0	1			0		other	0
40	309	Picture	response	6597518	15166	1	11663	1	15000	25000	incorrect	724
40	309	Port Input	2	6609033	26681	1
40	309	Response	4	6609033	26681	1
40	310	Picture	ITI	6610014	0	1	24491	1	0	next	other	0
40	311	Sound	test	6621245	0	1			0		other	0
40	311	Picture	response	6634505	13260	1	6831	1	13100	25000	incorrect	729
40	311	Port Input	2	6641184	19939	1
40	311	Response	4	6641184	19939	1
40	312	Picture	ITI	6642336	0	1	24825	1	0	next	other	0
40	313	Sound	test	6653077	0	1			0		other	0
40	313	Picture	response	6667161	14083	1	3999	1	14020	25000	incorrect	734
40	313	Port Input	1	6670983	17905	1
40	313	Response	3	6670983	17905	1
40	314	Picture	ITI	6672159	0	1	26157	1	0	next	other	0
40	315	Sound	test	6688220	0	1			0		other	0
40	315	Picture	response	6698316	10096	1	9663	1	10000	25000	incorrect	739
40	315	Port Input	2	6707851	19630	1
40	315	Response	4	6707851	19630	1
40	316	Picture	ITI	6708813	0	1	24825	1	0	next	other	0
40	317	Sound	test	6719534	0	1			0		other	0
40	317	Picture	response	6733637	14103	1	12995	1	14020	25000	incorrect	744
40	317	Port Input	2	6746562	27028	1
40	317	Response	4	6746562	27028	1
40	318	Picture	ITI	6747632	0	1	32655	1	0	next	other	0
40	319	Sound	test	6766234	0	1			0		other	0
40	319	Picture	response	6780288	14054	1	5998	1	14020	25000	incorrect	749
40	319	Port Input	2	6786168	19934	1
40	319	Response	4	6786168	19934	1
40	320	Picture	ITI	6787119	0	1	31822	1	0	next	other	0
40	321	Sound	test	6806650	0	1			0		other	0
40	321	Picture	response	6818941	12291	1	5998	1	12250	25000	incorrect	754
40	321	Port Input	2	6824806	18156	1
40	321	Response	4	6824806	18156	1
40	322	Picture	ITI	6825938	0	1	23325	1	0	next	other	0
40	323	Sound	test	6836059	0	1			0		other	0
40	323	Picture	response	6849263	13204	1	24658	1	13100	25000	incorrect	759
40	323	Port Input	1	6873741	37681	1
40	323	Response	3	6873741	37681	1
40	324	Picture	ITI	6874754	0	1	23492	1	0	next	other	0
40	325	Sound	test	6885876	0	1			0		other	0
40	325	Picture	response	6898246	12371	1	3332	1	12250	25000	incorrect	764
40	325	Port Input	1	6901488	15612	1
40	325	Response	3	6901488	15612	1
40	326	Picture	ITI	6902578	0	1	30823	1	0	next	other	0
40	327	Sound	test	6919199	0	1			0		other	0
40	327	Picture	response	6933401	14201	1	16161	1	14020	25000	incorrect	769
40	327	Port Input	1	6949507	30308	1
40	327	Response	3	6949507	30308	1
40	328	Picture	ITI	6950561	0	1	26990	1	0	next	other	0
40	329	Sound	test	6966672	0	1			0		other	0
40	329	Picture	response	6977552	10879	1	6664	1	10700	25000	incorrect	774
40	329	Port Input	2	6984043	17370	1
40	329	Response	4	6984043	17370	1
40	330	Picture	ITI	6985049	0	1	22159	1	0	next	other	0
40	331	Sound	test	6997170	0	1			0		other	0
40	331	Picture	response	7007208	10038	1	8164	1	10000	25000	incorrect	779
40	331	Port Input	2	7015309	18139	1
40	331	Response	4	7015309	18139	1
40	332	Picture	ITI	7016371	0	1	26991	1	0	next	other	0
40	333	Sound	test	7029303	0	1			0		other	0
40	333	Picture	response	7043362	14059	1	9164	1	14020	25000	incorrect	784
40	333	Port Input	1	7052344	23041	1
40	333	Response	3	7052344	23041	1
40	334	Picture	ITI	7053358	0	1	26491	1	0	next	other	0
40	335	Sound	test	7069710	0	1			0		other	0
40	335	Picture	response	7079849	10140	1	6664	1	10000	25000	incorrect	789
40	335	Port Input	2	7086411	16701	1
40	335	Response	4	7086411	16701	1
40	336	Picture	ITI	7087513	0	1	28157	1	0	next	other	0
40	337	Sound	test	7104095	0	1			0		other	0
40	337	Picture	response	7115670	11575	1	6331	1	11450	25000	incorrect	794
40	337	Port Input	2	7121925	17831	1
40	337	Response	4	7121925	17831	1
40	338	Picture	ITI	7123001	0	1	23325	1	0	next	other	0
40	339	Sound	test	7135592	0	1			0		other	0
40	339	Picture	response	7146326	10734	1	4832	1	10700	25000	incorrect	799
40	339	Port Input	2	7151057	15465	1
40	339	Response	4	7151057	15465	1
40	340	Picture	ITI	7152157	0	1	34988	1	0	next	other	0
40	341	Sound	test	7172108	0	1			0		other	0
40	341	Picture	response	7187145	15036	1	5831	1	15000	25000	incorrect	804
40	341	Port Input	1	7192861	20752	1
40	341	Response	3	7192861	20752	1
40	342	Picture	ITI	7193809	0	1	22992	1	0	next	other	0
40	343	Sound	test	7204390	0	1			0		other	0
40	343	Picture	response	7216801	12411	1	5498	1	12250	25000	incorrect	809
40	343	Port Input	2	7222118	17727	1
40	343	Response	4	7222118	17727	1
40	344	Picture	ITI	7223132	0	1	34654	1	0	next	other	0
40	345	Sound	test	7242614	0	1			0		other	0
40	345	Picture	response	7257787	15173	1	10663	1	15000	25000	incorrect	814
40	345	Port Input	2	7268325	25711	1
40	345	Response	4	7268325	25711	1
40	346	Picture	ITI	7269449	0	1	26157	1	0	next	other	0
40	347	Sound	test	7282361	0	1			0		other	0
40	347	Picture	response	7295607	13246	1	15161	1	13100	25000	incorrect	819
40	347	Port Input	1	7310607	28246	1
40	347	Response	3	7310607	28246	1
40	348	Picture	ITI	7311601	0	1	25824	1	0	next	other	0
40	349	Sound	test	7326552	0	1			0		other	0
40	349	Picture	response	7337426	10873	1	9497	1	10700	25000	incorrect	824
40	349	Port Input	2	7346881	20329	1
40	349	Response	4	7346881	20329	1
40	350	Picture	ITI	7347922	0	1	31322	1	0	next	other	0
40	351	Sound	test	7367713	0	1			0		other	0
40	351	Picture	response	7379244	11531	1	5831	1	11450	25000	incorrect	829
40	351	Port Input	2	7384988	17275	1
40	351	Response	4	7384988	17275	1
40	352	Picture	ITI	7386075	0	1	29656	1	0	next	other	0
40	353	Sound	test	7400586	0	1			0		other	0
40	353	Picture	response	7415731	15145	1	8497	1	15000	25000	incorrect	834
40	353	Port Input	1	7424095	23508	1
40	353	Response	3	7424095	23508	1
40	354	Picture	ITI	7425228	0	1	25658	1	0	next	other	0
40	355	Sound	test	7438489	0	1			0		other	0
40	355	Picture	response	7450886	12396	1	5831	1	12250	25000	incorrect	839
40	355	Port Input	1	7456600	18111	1
40	355	Response	3	7456600	18111	1
40	356	Picture	ITI	7457717	0	1	22659	1	0	next	other	0
40	357	Sound	test	7469618	0	1			0		other	0
40	357	Picture	response	7480375	10757	1	6331	1	10700	25000	incorrect	844
40	357	Port Input	2	7486513	16895	1
40	357	Response	4	7486513	16895	1
40	358	Picture	ITI	7487540	0	1	21326	1	0	next	other	0
40	359	Sound	test	7498741	0	1			0		other	0
40	359	Picture	response	7508865	10125	1	13995	1	10000	25000	incorrect	849
40	359	Port Input	2	7522788	24047	1
40	359	Response	4	7522788	24047	1
40	360	Picture	ITI	7523860	0	1	26657	1	0	next	other	0
40	361	Sound	test	7539781	0	1			0		other	0
40	361	Picture	response	7550517	10736	1	10163	1	10700	25000	incorrect	854
40	361	Port Input	2	7560593	20811	1
40	361	Response	4	7560593	20811	1
40	362	Picture	ITI	7561680	0	1	29156	1	0	next	other	0
40	363	Sound	test	7576711	0	1			0		other	0
40	363	Picture	response	7590837	14125	1	4332	1	14020	25000	incorrect	859
40	363	Port Input	2	7595035	18323	1
40	363	Response	4	7595035	18323	1
40	364	Picture	ITI	7596001	0	1	27990	1	0	next	other	0
40	365	Sound	test	7613843	0	1			0		other	0
40	365	Picture	response	7623992	10149	1	5498	1	10000	25000	incorrect	864
40	365	Port Input	2	7629373	15530	1
40	365	Response	4	7629373	15530	1
40	366	Picture	ITI	7630489	0	1	29323	1	0	next	other	0
40	367	Sound	test	7645741	0	1			0		other	0
40	367	Picture	response	7659812	14072	1	10163	1	14020	25000	incorrect	869
40	367	Port Input	2	7669801	24061	1
40	367	Response	4	7669801	24061	1
40	368	Picture	ITI	7670809	0	1	24158	1	0	next	other	0
40	369	Sound	test	7684850	0	1			0		other	0
40	369	Picture	response	7694967	10117	1	6498	1	10000	25000	incorrect	874
40	369	Port Input	2	7701297	16447	1
40	369	Response	4	7701297	16447	1
40	370	Picture	ITI	7702298	0	1	30489	1	0	next	other	0
40	371	Sound	test	7721229	0	1			0		other	0
40	371	Picture	response	7732787	11558	1	8997	1	11450	25000	incorrect	879
40	371	Port Input	2	7741611	20382	1
40	371	Response	4	7741611	20382	1
40	372	Picture	ITI	7742617	0	1	27824	1	0	next	other	0
40	373	Sound	test	7759668	0	1			0		other	0
40	373	Picture	response	7770440	10772	1	4832	1	10700	25000	incorrect	884
40	373	Port Input	2	7775210	15542	1
40	373	Response	4	7775210	15542	1
40	374	Picture	ITI	7776272	0	1	29323	1	0	next	other	0
40	375	Sound	test	7794053	0	1			0		other	0
40	375	Picture	response	7805595	11542	1	5831	1	11450	25000	incorrect	889
40	375	Port Input	2	7811286	17234	1
40	375	Response	4	7811286	17234	1
40	376	Picture	ITI	7812426	0	1	25324	1	0	next	other	0
40	377	Sound	test	7823617	0	1			0		other	0
40	377	Picture	response	7837750	14133	1	12662	1	14020	25000	incorrect	894
40	377	Port Input	1	7850362	26745	1
40	377	Response	3	7850362	26745	1
40	378	Picture	ITI	7851412	0	1	21826	1	0	next	other	0
40	379	Sound	test	7862413	0	1			0		other	0
40	379	Picture	response	7873237	10824	1	7164	1	10700	25000	incorrect	899
40	379	Port Input	2	7880212	17799	1
40	379	Response	4	7880212	17799	1
40	380	Picture	ITI	7881235	0	1	24325	1	0	next	other	0
40	381	Sound	test	7893226	0	1			0		other	0
40	381	Picture	response	7905560	12334	1	11496	1	12250	25000	incorrect	904
40	381	Port Input	2	7917007	23781	1
40	381	Response	4	7917007	23781	1
40	382	Picture	ITI	7918055	0	1	26491	1	0	next	other	0
40	383	Sound	test	7930347	0	1			0		other	0
40	383	Picture	response	7944546	14199	1	21159	1	14020	25000	incorrect	909
40	383	Port Input	1	7965547	35200	1
40	383	Response	3	7965547	35200	1
40	384	Picture	ITI	7966538	0	1	21992	1	0	next	other	0
40	385	Sound	test	7976909	0	1			0		other	0
40	385	Picture	response	7988530	11621	1	7831	1	11450	25000	incorrect	914
40	385	Port Input	2	7996282	19373	1
40	385	Response	4	7996282	19373	1
40	386	Picture	ITI	7997361	0	1	26157	1	0	next	other	0
40	387	Sound	test	8012632	0	1			0		other	0
40	387	Picture	response	8023518	10886	1	7664	1	10700	25000	incorrect	919
40	387	Port Input	2	8030984	18353	1
40	387	Response	4	8030984	18353	1
40	388	Picture	ITI	8032015	0	1	28823	1	0	next	other	0
40	389	Sound	test	8047676	0	1			0		other	0
40	389	Picture	response	8060838	13162	1	3499	1	13100	25000	incorrect	924
40	389	Port Input	1	8064292	16615	1
40	389	Response	3	8064292	16615	1
40	390	Picture	ITI	8065337	0	1	30823	1	0	next	other	0
40	391	Sound	test	8082878	0	1			0		other	0
40	391	Picture	response	8096159	13281	1	3665	1	13100	25000	incorrect	929
40	391	Port Input	1	8099712	16834	1
40	391	Response	3	8099712	16834	1
40	392	Picture	ITI	8100824	0	1	21659	1	0	next	other	0
40	393	Sound	test	8111646	0	1			0		other	0
40	393	Picture	response	8122483	10838	1	5665	1	10700	25000	incorrect	934
40	393	Port Input	2	8128095	16449	1
40	393	Response	4	8128095	16449	1
40	394	Picture	ITI	8129148	0	1	28157	1	0	next	other	0
40	395	Sound	test	8147189	0	1			0		other	0
40	395	Picture	response	8157305	10116	1	6998	1	10000	25000	incorrect	939
40	395	Port Input	2	8164161	16972	1
40	395	Response	4	8164161	16972	1
40	396	Picture	ITI	8165302	0	1	25824	1	0	next	other	0
40	397	Sound	test	8180943	0	1			0		other	0
40	397	Picture	response	8191126	10183	1	6831	1	10000	25000	incorrect	944
40	397	Port Input	2	8197874	16931	1
40	397	Response	4	8197874	16931	1
40	398	Picture	ITI	8198957	0	1	32155	1	0	next	other	0
40	399	Sound	test	8217908	0	1			0		other	0
40	399	Picture	response	8231112	13204	1	10663	1	13100	25000	incorrect	949
40	399	Port Input	1	8241655	23748	1
40	399	Response	3	8241655	23748	1
40	400	Picture	ITI	8242775	0	1	28657	1	0	next	other	0
40	401	Sound	test	8258196	0	1			0		other	0
40	401	Picture	response	8271431	13235	1	4165	1	13100	25000	incorrect	954
40	401	Port Input	1	8275431	17235	1
40	401	Response	3	8275431	17235	1
40	402	Picture	ITI	8276429	0	1	23658	1	0	next	other	0
40	403	Sound	test	8287751	0	1			0		other	0
40	403	Picture	response	8300088	12337	1	7164	1	12250	25000	incorrect	959
40	403	Port Input	2	8307197	19447	1
40	403	Response	4	8307197	19447	1
40	404	Picture	ITI	8308252	0	1	25324	1	0	next	other	0
40	405	Sound	test	8318483	0	1			0		other	0
40	405	Picture	response	8333576	15093	1	4998	1	15000	25000	incorrect	964
40	405	Port Input	1	8338474	19991	1
40	405	Response	3	8338474	19991	1
40	527	Picture	resume	9549150	0	1	18494	1	0	next	other	0
40	527	Port Input	1	9566246	17096	1
40	527	Response	3	9566246	17096	1
40	528	Picture	ITI	9567643	0	1	10163	1	0	next	other	0
40	529	Picture	ITI	9577806	0	1	20659	1	0	next	other	0
40	530	Sound	test	9588397	0	1			0		other	0
40	530	Picture	response	9598466	10068	1	8830	1	10000	25000	incorrect	973
40	530	Port Input	2	9607195	18798	1
40	530	Response	4	9607195	18798	1
40	531	Picture	ITI	9608295	0	1	27990	1	0	next	other	0
40	532	Sound	test	9622147	0	1			0		other	0
40	532	Picture	response	9636286	14139	1	3499	1	14020	25000	incorrect	978
40	532	Port Input	1	9639659	17512	1
40	532	Response	3	9639659	17512	1
40	533	Picture	ITI	9640784	0	1	27990	1	0	next	other	0
40	534	Sound	test	9655505	0	1			0		other	0
40	534	Picture	response	9668774	13269	1	3166	1	13100	25000	incorrect	983
40	534	Port Input	1	9671831	16326	1
40	534	Response	3	9671831	16326	1
40	535	Picture	ITI	9672939	0	1	26657	1	0	next	other	0
40	536	Sound	test	9688831	0	1			0		other	0
40	536	Picture	response	9699597	10766	1	6831	1	10700	25000	incorrect	988
40	536	Port Input	1	9706356	17526	1
40	536	Response	3	9706356	17526	1
40	537	Picture	ITI	9707427	0	1	25824	1	0	next	other	0
40	538	Sound	test	9720089	0	1			0		other	0
40	538	Picture	response	9733252	13163	1	3832	1	13100	25000	incorrect	993
40	538	Port Input	1	9737019	16930	1
40	538	Response	3	9737019	16930	1
40	539	Picture	ITI	9738083	0	1	26657	1	0	next	other	0
40	540	Sound	test	9754645	0	1			0		other	0
40	540	Picture	response	9764741	10096	1	8664	1	10000	25000	incorrect	998
40	540	Port Input	2	9773273	18628	1
40	540	Response	4	9773273	18628	1
40	541	Picture	ITI	9774404	0	1	26657	1	0	next	other	0
40	542	Sound	test	9790305	0	1			0		other	0
40	542	Picture	response	9801061	10756	1	10996	1	10700	25000	incorrect	1003
40	542	Port Input	2	9811983	21678	1
40	542	Response	4	9811983	21678	1
40	543	Picture	ITI	9813057	0	1	25491	1	0	next	other	0
40	544	Sound	test	9828498	0	1			0		other	0
40	544	Picture	response	9838548	10050	1	5498	1	10000	25000	incorrect	1008
40	544	Port Input	2	9843895	15397	1
40	544	Response	4	9843895	15397	1
40	545	Picture	ITI	9845046	0	1	27324	1	0	next	other	0
40	546	Sound	test	9861637	0	1			0		other	0
40	546	Picture	response	9872369	10732	1	13829	1	10700	25000	incorrect	1013
40	546	Port Input	2	9886115	24478	1
40	546	Response	4	9886115	24478	1
40	547	Picture	ITI	9887198	0	1	29656	1	0	next	other	0
40	548	Sound	test	9901709	0	1			0		other	0
40	548	Picture	response	9916854	15145	1	15495	1	15000	25000	incorrect	1018
40	548	Port Input	1	9932270	30561	1
40	548	Response	3	9932270	30561	1
40	549	Picture	ITI	9933348	0	1	26158	1	0	next	other	0
40	550	Sound	test	9948669	0	1			0		other	0
40	550	Picture	response	9959506	10836	1	7164	1	10700	25000	incorrect	1023
40	550	Port Input	2	9966566	17897	1
40	550	Response	4	9966566	17897	1
40	551	Picture	ITI	9967669	0	1	26824	1	0	next	other	0
40	552	Sound	test	9982961	0	1			0		other	0
40	552	Picture	response	9994493	11533	1	4498	1	11450	25000	incorrect	1028
40	552	Port Input	2	9998811	15851	1
40	552	Response	4	9998811	15851	1
40	553	Picture	ITI	9999825	0	1	27157	1	0	next	other	0
40	554	Sound	test	10016136	0	1			0		other	0
40	554	Picture	response	10026982	10846	1	5998	1	10700	25000	incorrect	1033
40	554	Port Input	2	10032774	16638	1
40	554	Response	4	10032774	16638	1
40	555	Picture	ITI	10033813	0	1	23658	1	0	next	other	0
40	556	Sound	test	10045034	0	1			0		other	0
40	556	Picture	response	10057471	12437	1	5331	1	12250	25000	incorrect	1038
40	556	Port Input	2	10062677	17643	1
40	556	Response	4	10062677	17643	1
40	557	Picture	ITI	10063802	0	1	23658	1	0	next	other	0
40	558	Sound	test	10076703	0	1			0		other	0
40	558	Picture	response	10087461	10757	1	4832	1	10700	25000	incorrect	1043
40	558	Port Input	2	10092163	15459	1
40	558	Response	4	10092163	15459	1
40	559	Picture	ITI	10093292	0	1	26324	1	0	next	other	0
40	560	Sound	test	10106463	0	1			0		other	0
40	560	Picture	response	10119616	13153	1	8330	1	13100	25000	incorrect	1048
40	560	Port Input	1	10127896	21433	1
40	560	Response	3	10127896	21433	1
40	561	Picture	ITI	10128946	0	1	26991	1	0	next	other	0
40	562	Sound	test	10144457	0	1			0		other	0
40	562	Picture	response	10155937	11479	1	9330	1	11450	25000	incorrect	1053
40	562	Port Input	2	10165107	20650	1
40	562	Response	4	10165107	20650	1
40	563	Picture	ITI	10166100	0	1	29823	1	0	next	other	0
40	564	Sound	test	10184341	0	1			0		other	0
40	564	Picture	response	10195923	11582	1	8330	1	11450	25000	incorrect	1058
40	564	Port Input	2	10204214	19873	1
40	564	Response	4	10204214	19873	1
40	565	Picture	ITI	10205253	0	1	34321	1	0	next	other	0
40	566	Sound	test	10224544	0	1			0		other	0
40	566	Port Input	2	10239166	14622	1
40	566	Picture	response	10239574	15030	1	6498	1	15000	25000	incorrect	1064
40	566	Port Input	1	10245933	21389	1
40	566	Response	3	10245933	21389	1
40	567	Picture	ITI	10246905	0	1	23658	1	0	next	other	0
40	568	Sound	test	10258926	0	1			0		other	0
40	568	Picture	response	10270563	11637	1	6664	1	11450	25000	incorrect	1069
40	568	Port Input	2	10277106	18180	1
40	568	Response	4	10277106	18180	1
40	569	Picture	ITI	10278227	0	1	32822	1	0	next	other	0
40	570	Sound	test	10296858	0	1			0		other	0
40	570	Picture	response	10311049	14191	1	6664	1	14020	25000	incorrect	1074
40	570	Port Input	2	10317545	20687	1
40	570	Response	4	10317545	20687	1
40	571	Picture	ITI	10318713	0	1	29156	1	0	next	other	0
40	572	Sound	test	10333744	0	1			0		other	0
40	572	Picture	response	10347869	14125	1	5332	1	14020	25000	incorrect	1079
40	572	Port Input	1	10353049	19305	1
40	572	Response	3	10353049	19305	1
40	573	Picture	ITI	10354200	0	1	32489	1	0	next	other	0
40	574	Sound	test	10371532	0	1			0		other	0
40	574	Picture	response	10386689	15157	1	11663	1	15000	25000	incorrect	1084
40	574	Port Input	1	10398226	26694	1
40	574	Response	3	10398226	26694	1
40	575	Picture	ITI	10399185	0	1	28823	1	0	next	other	0
40	576	Sound	test	10412876	0	1			0		other	0
40	576	Picture	response	10428008	15132	1	7831	1	15000	25000	incorrect	1089
40	576	Port Input	1	10435729	22853	1
40	576	Response	3	10435729	22853	1
40	577	Picture	ITI	10436671	0	1	25491	1	0	next	other	0
40	578	Sound	test	10449783	0	1			0		other	0
40	578	Picture	response	10462163	12380	1	3499	1	12250	25000	incorrect	1094
40	578	Port Input	1	10465486	15703	1
40	578	Response	3	10465486	15703	1
40	579	Picture	ITI	10466494	0	1	29323	1	0	next	other	0
40	580	Sound	test	10484996	0	1			0		other	0
40	580	Picture	response	10495817	10822	1	4998	1	10700	25000	incorrect	1099
40	580	Port Input	2	10500719	15723	1
40	580	Response	4	10500719	15723	1
40	581	Picture	ITI	10501815	0	1	22825	1	0	next	other	0
40	582	Sound	test	10514527	0	1			0		other	0
40	582	Picture	response	10524641	10114	1	4332	1	10000	25000	incorrect	1104
40	582	Port Input	1	10528872	14346	1
40	582	Response	3	10528872	14346	1
40	583	Picture	ITI	10529972	0	1	23992	1	0	next	other	0
40	584	Sound	test	10540774	0	1			0		other	0
40	584	Picture	response	10553964	13190	1	7331	1	13100	25000	incorrect	1109
40	584	Port Input	2	10561232	20457	1
40	584	Response	4	10561232	20457	1
40	585	Picture	ITI	10562294	0	1	27990	1	0	next	other	0
40	586	Sound	test	10578725	0	1			0		other	0
40	586	Picture	response	10590284	11559	1	6831	1	11450	25000	incorrect	1114
40	586	Port Input	2	10597048	18323	1
40	586	Response	4	10597048	18323	1
40	587	Picture	ITI	10598115	0	1	20993	1	0	next	other	0
40	588	Sound	test	10608306	0	1			0		other	0
40	588	Picture	response	10619108	10801	1	6165	1	10700	25000	incorrect	1119
40	588	Port Input	2	10625097	16791	1
40	588	Response	4	10625097	16791	1
40	589	Picture	ITI	10626105	0	1	33655	1	0	next	other	0
40	590	Sound	test	10644686	0	1			0		other	0
40	590	Picture	response	10659760	15074	1	4832	1	15000	25000	incorrect	1124
40	590	Port Input	1	10664506	19819	1
40	590	Response	3	10664506	19819	1
40	591	Picture	ITI	10665591	0	1	29823	1	0	next	other	0
40	592	Sound	test	10683912	0	1			0		other	0
40	592	Picture	response	10695414	11502	1	8330	1	11450	25000	incorrect	1129
40	592	Port Input	1	10703539	19627	1
40	592	Response	3	10703539	19627	1
40	593	Picture	ITI	10704578	0	1	28157	1	0	next	other	0
40	594	Sound	test	10722639	0	1			0		other	0
40	594	Picture	response	10732734	10096	1	11329	1	10000	25000	incorrect	1134
40	594	Port Input	1	10743895	21256	1
40	594	Response	3	10743895	21256	1
40	595	Picture	ITI	10744897	0	1	30989	1	0	next	other	0
40	596	Sound	test	10760748	0	1			0		other	0
40	596	Picture	response	10775886	15138	1	17161	1	15000	25000	incorrect	1139
40	596	Port Input	1	10792913	32165	1
40	596	Response	3	10792913	32165	1
40	597	Picture	ITI	10793880	0	1	22825	1	0	next	other	0
40	598	Sound	test	10806631	0	1			0		other	0
40	598	Picture	response	10816705	10074	1	6498	1	10000	25000	incorrect	1144
40	598	Port Input	2	10823076	16445	1
40	598	Response	4	10823076	16445	1
40	599	Picture	ITI	10824202	0	1	30823	1	0	next	other	0
40	600	Sound	test	10842643	0	1			0		other	0
40	600	Picture	response	10855025	12381	1	12162	1	12250	25000	incorrect	1149
40	600	Port Input	2	10867107	24464	1
40	600	Response	4	10867107	24464	1
40	601	Picture	ITI	10868187	0	1	29490	1	0	next	other	0
40	602	Sound	test	10884508	0	1			0		other	0
40	602	Picture	response	10897676	13168	1	4665	1	13100	25000	incorrect	1154
40	602	Port Input	2	10902226	17718	1
40	602	Response	4	10902226	17718	1
40	603	Picture	ITI	10903175	0	1	28490	1	0	next	other	0
40	604	Sound	test	10920156	0	1			0		other	0
40	604	Picture	response	10931664	11508	1	6331	1	11450	25000	incorrect	1159
40	604	Port Input	2	10937907	17751	1
40	604	Response	4	10937907	17751	1
40	605	Picture	ITI	10938995	0	1	29156	1	0	next	other	0
40	606	Sound	test	10954027	0	1			0		other	0
40	606	Picture	response	10968152	14125	1	4998	1	14020	25000	incorrect	1164
40	606	Port Input	2	10972953	18926	1
40	606	Response	4	10972953	18926	1
40	607	Picture	ITI	10973983	0	1	27824	1	0	next	other	0
40	608	Sound	test	10990314	0	1			0		other	0
40	608	Picture	response	11001807	11492	1	4165	1	11450	25000	incorrect	1169
40	608	Port Input	2	11005906	15592	1
40	608	Response	4	11005906	15592	1
40	609	Picture	ITI	11006971	0	1	27157	1	0	next	other	0
40	610	Sound	test	11023343	0	1			0		other	0
40	610	Picture	response	11034129	10786	1	3999	1	10700	25000	incorrect	1174
40	610	Port Input	2	11037995	14652	1
40	610	Response	4	11037995	14652	1
40	611	Picture	ITI	11038960	0	1	28323	1	0	next	other	0
40	612	Sound	test	11054911	0	1			0		other	0
40	612	Picture	response	11067284	12372	1	5331	1	12250	25000	incorrect	1179
40	612	Port Input	2	11072499	17588	1
40	612	Response	4	11072499	17588	1
40	613	Picture	ITI	11073448	0	1	26491	1	0	next	other	0
40	614	Sound	test	11089779	0	1			0		other	0
40	614	Picture	response	11099939	10159	1	6331	1	10000	25000	incorrect	1184
40	614	Port Input	2	11106192	16412	1
40	614	Response	4	11106192	16412	1
40	615	Picture	ITI	11107270	0	1	22492	1	0	next	other	0
40	616	Sound	test	11118901	0	1			0		other	0
40	616	Picture	response	11129762	10861	1	4998	1	10700	25000	incorrect	1189
40	616	Port Input	2	11134647	15746	1
40	616	Response	4	11134647	15746	1
40	617	Picture	ITI	11135760	0	1	21326	1	0	next	other	0
40	618	Sound	test	11146261	0	1			0		other	0
40	618	Picture	response	11157085	10825	1	4165	1	10700	25000	incorrect	1194
40	618	Port Input	2	11161124	14863	1
40	618	Response	4	11161124	14863	1
40	619	Picture	ITI	11162250	0	1	29490	1	0	next	other	0
40	620	Sound	test	11176661	0	1			0		other	0
40	620	Picture	response	11191740	15078	1	2333	1	15000	25000	incorrect	1199
40	620	Port Input	2	11193869	17207	1
40	620	Response	4	11193869	17207	1
40	621	Picture	ITI	11194905	0	1	28157	1	0	next	other	0
40	622	Sound	test	11209017	0	1			0		other	0
40	622	Picture	response	11223062	14046	1	10163	1	14020	25000	incorrect	1204
40	622	Port Input	1	11233131	24115	1
40	622	Response	3	11233131	24115	1
40	623	Picture	ITI	11234225	0	1	25491	1	0	next	other	0
40	624	Sound	test	11246506	0	1			0		other	0
40	624	Picture	response	11259716	13210	1	6498	1	13100	25000	incorrect	1209
40	624	Port Input	2	11266022	19516	1
40	624	Response	4	11266022	19516	1
40	625	Picture	ITI	11267047	0	1	28157	1	0	next	other	0
40	626	Sound	test	11283578	0	1			0		other	0
40	626	Picture	response	11295204	11625	1	6831	1	11450	25000	incorrect	1214
40	626	Port Input	2	11301890	18312	1
40	626	Response	4	11301890	18312	1
40	627	Picture	ITI	11302868	0	1	30489	1	0	next	other	0
40	628	Sound	test	11319269	0	1			0		other	0
40	628	Picture	response	11333357	14088	1	4665	1	14020	25000	incorrect	1219
40	628	Port Input	1	11337884	18615	1
40	628	Response	3	11337884	18615	1
40	629	Picture	ITI	11338855	0	1	31322	1	0	next	other	0
40	630	Sound	test	11356886	0	1			0		other	0
40	630	Picture	response	11370177	13291	1	8164	1	13100	25000	incorrect	1224
40	630	Port Input	2	11378167	21280	1
40	630	Response	4	11378167	21280	1
40	631	Picture	ITI	11379174	0	1	34654	1	0	next	other	0
40	632	Sound	test	11398795	0	1			0		other	0
40	632	Picture	response	11413829	15033	1	12162	1	15000	25000	incorrect	1229
40	632	Port Input	2	11425821	27026	1
40	632	Response	4	11425821	27026	1
40	633	Picture	ITI	11426991	0	1	27490	1	0	next	other	0
40	634	Sound	test	11441342	0	1			0		other	0
40	634	Picture	response	11454481	13139	1	5331	1	13100	25000	incorrect	1234
40	634	Port Input	1	11459763	18421	1
40	634	Response	3	11459763	18421	1
40	635	Picture	ITI	11460812	0	1	25991	1	0	next	other	0
40	636	Sound	test	11476074	0	1			0		other	0
40	636	Picture	response	11486803	10730	1	5998	1	10700	25000	incorrect	1239
40	636	Port Input	1	11492727	16653	1
40	636	Response	3	11492727	16653	1
40	637	Picture	ITI	11493801	0	1	22659	1	0	next	other	0
40	638	Sound	test	11506282	0	1			0		other	0
40	638	Picture	response	11516459	10177	1	7497	1	10000	25000	incorrect	1244
40	638	Port Input	1	11523868	17586	1
40	638	Response	3	11523868	17586	1
40	639	Picture	ITI	11524956	0	1	26157	1	0	next	other	0
40	640	Sound	test	11537848	0	1			0		other	0
40	640	Picture	response	11551114	13266	1	13662	1	13100	25000	incorrect	1249
40	640	Port Input	1	11564661	26814	1
40	640	Response	3	11564661	26814	1
40	641	Picture	ITI	11565775	0	1	31656	1	0	next	other	0
40	642	Sound	test	11582317	0	1			0		other	0
40	642	Picture	response	11597431	15114	1	3665	1	15000	25000	incorrect	1254
40	642	Port Input	1	11601030	18713	1
40	642	Response	3	11601030	18713	1
40	643	Picture	ITI	11602096	0	1	29656	1	0	next	other	0
40	644	Sound	test	11621717	0	1			0		other	0
40	644	Picture	response	11631752	10035	1	5665	1	10000	25000	incorrect	1259
40	644	Port Input	1	11637314	15597	1
40	644	Response	3	11637314	15597	1
40	645	Picture	ITI	11638417	0	1	23658	1	0	next	other	0
40	646	Sound	test	11651208	0	1			0		other	0
40	646	Picture	response	11662075	10867	1	4332	1	10700	25000	incorrect	1264
40	646	Port Input	1	11666363	15155	1
40	646	Response	3	11666363	15155	1
40	647	Picture	ITI	11667406	0	1	28490	1	0	next	other	0
40	648	Sound	test	11683558	0	1			0		other	0
40	648	Picture	response	11695896	12339	1	3499	1	12250	25000	incorrect	1269
40	648	Port Input	1	11699347	15790	1
40	648	Response	3	11699347	15790	1
40	649	Picture	ITI	11700395	0	1	24991	1	0	next	other	0
40	650	Sound	test	11711246	0	1			0		other	0
40	650	Picture	response	11725386	14140	1	1000	1	14020	25000	incorrect	1274
40	650	Port Input	1	11726345	15099	1
40	650	Response	3	11726345	15099	1
40	651	Picture	ITI	11727385	0	1	28823	1	0	next	other	0
40	652	Sound	test	11743787	0	1			0		other	0
40	652	Picture	response	11756209	12422	1	8997	1	12250	25000	incorrect	1279
40	652	Port Input	2	11765025	21238	1
40	652	Response	4	11765025	21238	1
40	653	Picture	ITI	11766038	0	1	32155	1	0	next	other	0
40	654	Sound	test	11784040	0	1			0		other	0
40	654	Picture	response	11798194	14154	1	4832	1	14020	25000	incorrect	1284
40	654	Port Input	1	11802913	18873	1
40	654	Response	3	11802913	18873	1
40	655	Picture	ITI	11804025	0	1	31156	1	0	next	other	0
40	656	Sound	test	11820046	0	1			0		other	0
40	656	Picture	response	11835181	15134	1	7164	1	15000	25000	incorrect	1289
40	656	Port Input	1	11842186	22140	1
40	656	Response	3	11842186	22140	1
40	657	Picture	ITI	11843178	0	1	27490	1	0	next	other	0
40	658	Sound	test	11856610	0	1			0		other	0
40	658	Picture	response	11870668	14059	1	4498	1	14020	25000	incorrect	1294
40	658	Port Input	1	11874972	18363	1
40	658	Response	3	11874972	18363	1
40	659	Picture	ITI	11876000	0	1	27157	1	0	next	other	0
40	660	Sound	test	11890781	0	1			0		other	0
40	660	Picture	response	11903157	12376	1	3499	1	12250	25000	incorrect	1299
40	660	Port Input	1	11906520	15739	1
40	660	Response	3	11906520	15739	1
40	661	Picture	ITI	11907655	0	1	25824	1	0	next	other	0
40	662	Sound	test	11922627	0	1			0		other	0
40	662	Picture	response	11933480	10853	1	7997	1	10700	25000	incorrect	1304
40	662	Port Input	2	11941431	18804	1
40	662	Response	4	11941431	18804	1
40	663	Picture	ITI	11942477	0	1	27157	1	0	next	other	0
40	664	Sound	test	11958068	0	1			0		other	0
40	664	Picture	response	11969634	11566	1	5165	1	11450	25000	incorrect	1309
40	664	Port Input	2	11974613	16545	1
40	664	Response	4	11974613	16545	1
40	665	Picture	ITI	11975798	0	1	24991	1	0	next	other	0
40	666	Sound	test	11990649	0	1			0		other	0
40	666	Picture	response	12000789	10140	1	4665	1	10000	25000	incorrect	1314
40	666	Port Input	2	12005327	14678	1
40	666	Response	4	12005327	14678	1
40	667	Picture	ITI	12006454	0	1	25158	1	0	next	other	0
40	668	Sound	test	12019235	0	1			0		other	0
40	668	Picture	response	12031612	12377	1	2166	1	12250	25000	incorrect	1319
40	668	Port Input	2	12033657	14422	1
40	668	Response	4	12033657	14422	1
40	669	Picture	ITI	12034777	0	1	31989	1	0	next	other	0
40	670	Sound	test	12051639	0	1			0		other	0
40	670	Picture	response	12066766	15127	1	4165	1	15000	25000	incorrect	1324
40	670	Port Input	1	12070775	19136	1
40	670	Response	3	12070775	19136	1
40	671	Picture	ITI	12071764	0	1	25158	1	0	next	other	0
40	672	Sound	test	12081816	0	1			0		other	0
40	672	Picture	response	12096922	15107	1	8330	1	15000	25000	incorrect	1329
40	672	Port Input	2	12105113	23297	1
40	672	Response	4	12105113	23297	1
40	673	Picture	ITI	12106252	0	1	29490	1	0	next	other	0
40	674	Sound	test	12124914	0	1			0		other	0
40	674	Picture	response	12135742	10828	1	8830	1	10700	25000	incorrect	1334
40	674	Port Input	2	12144511	19597	1
40	674	Response	4	12144511	19597	1
40	675	Picture	ITI	12145572	0	1	24158	1	0	next	other	0
40	676	Sound	test	12159593	0	1			0		other	0
40	676	Picture	response	12169730	10137	1	7497	1	10000	25000	incorrect	1339
40	676	Port Input	2	12177027	17434	1
40	676	Response	4	12177027	17434	1
40	677	Picture	ITI	12178061	0	1	27490	1	0	next	other	0
40	678	Sound	test	12192402	0	1			0		other	0
40	678	Picture	response	12205551	13149	1	8830	1	13100	25000	incorrect	1344
40	678	Port Input	2	12214332	21930	1
40	678	Response	4	12214332	21930	1
40	679	Picture	ITI	12215381	0	1	25491	1	0	next	other	0
40	680	Sound	test	12228572	0	1			0		other	0
40	680	Picture	response	12240872	12300	1	4165	1	12250	25000	incorrect	1349
40	680	Port Input	2	12244953	16381	1
40	680	Response	4	12244953	16381	1
40	681	Picture	ITI	12246037	0	1	26991	1	0	next	other	0
40	682	Sound	test	12257878	0	1			0		other	0
40	682	Picture	response	12273027	15149	1	7497	1	15000	25000	incorrect	1354
40	682	Port Input	1	12280447	22569	1
40	682	Response	3	12280447	22569	1
40	683	Picture	ITI	12281524	0	1	27824	1	0	next	other	0
40	683	Port Input	1	12281696	172	1
40	683	Response	3	12281696	172	1
40	684	Sound	test	12295246	0	1			0		other	0
40	684	Picture	response	12309348	14102	1	7331	1	14020	25000	incorrect	1361
40	684	Port Input	2	12316523	21278	1
40	684	Response	4	12316523	21278	1
40	685	Picture	ITI	12317678	0	1	28823	1	0	next	other	0
40	686	Sound	test	12336339	0	1			0		other	0
40	686	Picture	response	12346501	10162	1	7664	1	10000	25000	incorrect	1366
40	686	Port Input	2	12353995	17656	1
40	686	Response	4	12353995	17656	1
40	687	Picture	ITI	12354998	0	1	24991	1	0	next	other	0
40	688	Sound	test	12369840	0	1			0		other	0
40	688	Picture	response	12379990	10150	1	4998	1	10000	25000	incorrect	1371
40	688	Port Input	2	12384845	15005	1
40	688	Response	4	12384845	15005	1
40	689	Picture	ITI	12385988	0	1	28490	1	0	next	other	0
40	690	Sound	test	12400409	0	1			0		other	0
40	690	Picture	response	12414478	14069	1	5665	1	14020	25000	incorrect	1376
40	690	Port Input	2	12420005	19596	1
40	690	Response	4	12420005	19596	1
40	691	Picture	ITI	12421142	0	1	20493	1	0	next	other	0
40	692	Sound	test	12431463	0	1			0		other	0
40	692	Picture	response	12441635	10172	1	4998	1	10000	25000	incorrect	1381
40	692	Port Input	2	12446576	15113	1
40	692	Response	4	12446576	15113	1
40	693	Picture	ITI	12447633	0	1	22825	1	0	next	other	0
40	694	Sound	test	12458944	0	1			0		other	0
40	694	Picture	response	12470458	11514	1	2832	1	11450	25000	incorrect	1386
40	694	Port Input	2	12473136	14192	1
40	694	Response	4	12473136	14192	1
40	695	Picture	ITI	12474123	0	1	28490	1	0	next	other	0
40	696	Sound	test	12489475	0	1			0		other	0
40	696	Picture	response	12502613	13139	1	4165	1	13100	25000	incorrect	1391
40	696	Port Input	2	12506693	17219	1
40	696	Response	4	12506693	17219	1
40	697	Picture	ITI	12507778	0	1	34655	1	0	next	other	0
40	698	Sound	test	12527269	0	1			0		other	0
40	698	Picture	response	12542433	15163	1	5331	1	15000	25000	incorrect	1396
40	698	Port Input	1	12547674	20404	1
40	698	Response	3	12547674	20404	1
40	699	Picture	ITI	12548764	0	1	28323	1	0	next	other	0
40	700	Sound	test	12565605	0	1			0		other	0
40	700	Picture	response	12577087	11482	1	3999	1	11450	25000	incorrect	1401
40	700	Port Input	2	12580981	15376	1
40	700	Response	4	12580981	15376	1
40	701	Picture	ITI	12581919	0	1	33655	1	0	next	other	0
40	702	Sound	test	12600410	0	1			0		other	0
40	702	Picture	response	12615574	15164	1	2999	1	15000	25000	incorrect	1406
40	702	Port Input	1	12618474	18063	1
40	702	Response	3	12618474	18063	1
40	703	Picture	ITI	12619572	0	1	30489	1	0	next	other	0
40	704	Sound	test	12635874	0	1			0		other	0
40	704	Picture	response	12650062	14188	1	2666	1	14020	25000	incorrect	1411
40	704	Port Input	2	12652593	16719	1
40	704	Response	4	12652593	16719	1
40	705	Picture	ITI	12653727	0	1	25325	1	0	next	other	0
40	706	Sound	test	12666648	0	1			0		other	0
40	706	Picture	response	12679051	12403	1	6831	1	12250	25000	incorrect	1416
40	706	Port Input	2	12685765	19116	1
40	706	Response	4	12685765	19116	1
40	707	Picture	ITI	12686715	0	1	25491	1	0	next	other	0
40	708	Sound	test	12698127	0	1			0		other	0
40	708	Picture	response	12712206	14080	1	4332	1	14020	25000	incorrect	1421
40	708	Port Input	2	12716448	18321	1
40	708	Response	4	12716448	18321	1
40	709	Picture	ITI	12717538	0	1	23325	1	0	next	other	0
40	710	Sound	test	12728549	0	1			0		other	0
40	710	Picture	response	12740863	12314	1	6164	1	12250	25000	incorrect	1426
40	710	Port Input	2	12746902	18353	1
40	710	Response	4	12746902	18353	1
40	711	Picture	ITI	12748027	0	1	24991	1	0	next	other	0
40	712	Sound	test	12761428	0	1			0		other	0
40	712	Picture	response	12773018	11590	1	3665	1	11450	25000	incorrect	1431
40	712	Port Input	2	12776555	15126	1
40	712	Response	4	12776555	15126	1
40	713	Picture	ITI	12777517	0	1	27324	1	0	next	other	0
40	714	Sound	test	12793319	0	2			0		other	0
40	714	Picture	response	12804841	11522	1	9830	1	11450	25000	incorrect	1436
40	714	Port Input	2	12814516	21197	1
40	714	Response	4	12814516	21197	1
40	715	Picture	ITI	12815670	0	1	23159	1	0	next	other	0
40	716	Sound	test	12826521	0	1			0		other	0
40	716	Picture	response	12838829	12307	1	3832	1	12250	25000	incorrect	1441
40	716	Port Input	2	12842576	16054	1
40	716	Response	4	12842576	16054	1
40	717	Picture	ITI	12843660	0	1	25824	1	0	next	other	0
40	718	Sound	test	12854392	0	1			0		other	0
40	718	Picture	response	12869485	15093	1	8164	1	15000	25000	incorrect	1446
40	718	Port Input	2	12877580	23188	1
40	718	Response	4	12877580	23188	1
40	719	Picture	ITI	12878648	0	1	22659	1	0	next	other	0
40	720	Sound	test	12891169	0	1			0		other	0
40	720	Picture	response	12901307	10137	1	10830	1	10000	25000	incorrect	1451
40	720	Port Input	2	12912095	20925	1
40	720	Response	4	12912095	20925	1
40	721	Picture	ITI	12913136	0	1	25824	1	0	next	other	0
40	722	Sound	test	12927467	0	1			0		other	0
40	722	Picture	response	12938960	11493	1	7997	1	11450	25000	incorrect	1456
40	722	Port Input	2	12946755	19288	1
40	722	Response	4	12946755	19288	1
40	723	Picture	ITI	12947790	0	1	26324	1	0	next	other	0
40	724	Sound	test	12958962	0	1			0		other	0
40	724	Picture	response	12974115	15153	1	9497	1	15000	25000	incorrect	1461
40	724	Port Input	2	12983446	24484	1
40	724	Response	4	12983446	24484	1
40	725	Picture	ITI	12984444	0	1	30822	1	0	next	other	0
40	726	Sound	test	13000126	0	1			0		other	0
40	726	Picture	response	13015267	15141	1	4498	1	15000	25000	incorrect	1466
40	726	Port Input	2	13019575	19449	1
40	726	Response	4	13019575	19449	1
40	727	Picture	ITI	13020598	0	1	24991	1	0	next	other	0
40	728	Sound	test	13035550	0	1			0		other	0
40	728	Picture	response	13045589	10040	1	8830	1	10000	25000	incorrect	1471
40	728	Port Input	2	13054215	18665	1
40	728	Response	4	13054215	18665	1
40	729	Picture	ITI	13055253	0	1	28990	1	0	next	other	0
40	730	Sound	test	13074194	0	1			0		other	0
40	730	Picture	response	13084243	10049	1	6664	1	10000	25000	incorrect	1476
40	730	Port Input	2	13090708	16514	1
40	730	Response	4	13090708	16514	1
40	731	Picture	ITI	13091740	0	1	25324	1	0	next	other	0
40	732	Sound	test	13103781	0	1			0		other	0
40	732	Picture	response	13117064	13283	1	6165	1	13100	25000	incorrect	1481
40	732	Port Input	2	13123026	19245	1
40	732	Response	4	13123026	19245	1
40	733	Picture	ITI	13124062	0	1	25658	1	0	next	other	0
40	734	Sound	test	13134553	0	1			0		other	0
40	734	Picture	response	13149720	15166	1	7497	1	15000	25000	incorrect	1486
40	734	Port Input	1	13157135	22581	1
40	734	Response	3	13157135	22581	1
40	735	Picture	ITI	13158217	0	1	28157	1	0	next	other	0
40	736	Sound	test	13173138	0	1			0		other	0
40	736	Picture	response	13186373	13235	1	3665	1	13100	25000	incorrect	1491
40	736	Port Input	2	13189911	16773	1
40	736	Response	4	13189911	16773	1
40	737	Picture	ITI	13191039	0	1	28990	1	0	next	other	0
40	738	Sound	test	13205840	0	1			0		other	0
40	738	Picture	response	13220028	14189	1	5998	1	14020	25000	incorrect	1496
40	738	Port Input	2	13225883	20043	1
40	738	Response	4	13225883	20043	1
40	739	Picture	ITI	13227026	0	1	26824	1	0	next	other	0
40	740	Sound	test	13241457	0	1			0		other	0
40	740	Picture	response	13253850	12393	1	7497	1	12250	25000	incorrect	1501
40	740	Port Input	2	13261273	19815	1
40	740	Response	4	13261273	19815	1
40	741	Picture	ITI	13262347	0	1	28323	1	0	next	other	0
40	742	Sound	test	13278368	0	1			0		other	0
40	742	Picture	response	13290670	12302	1	5998	1	12250	25000	incorrect	1506
40	742	Port Input	2	13296620	18252	1
40	742	Response	4	13296620	18252	1
40	743	Picture	ITI	13297668	0	1	23159	1	0	next	other	0
40	744	Sound	test	13310779	0	1			0		other	0
40	744	Picture	response	13320826	10047	1	8330	1	10000	25000	incorrect	1511
40	744	Port Input	2	13328970	18191	1
40	744	Response	4	13328970	18191	1
40	745	Picture	ITI	13329990	0	1	23492	1	0	next	other	0
40	746	Sound	test	13343381	0	1			0		other	0
40	746	Picture	response	13353481	10100	1	4998	1	10000	25000	incorrect	1516
40	746	Port Input	2	13358403	15023	1
40	746	Response	4	13358403	15023	1
40	747	Picture	ITI	13359479	0	1	28823	1	0	next	other	0
40	748	Sound	test	13375101	0	1			0		other	0
40	748	Picture	response	13388303	13202	1	7497	1	13100	25000	incorrect	1521
40	748	Port Input	2	13395667	20567	1
40	748	Response	4	13395667	20567	1
40	749	Picture	ITI	13396633	0	1	31322	1	0	next	other	0
40	750	Sound	test	13415594	0	1			0		other	0
40	750	Picture	response	13427955	12361	1	11329	1	12250	25000	incorrect	1526
40	750	Port Input	1	13439167	23573	1
40	750	Response	3	13439167	23573	1
40	751	Picture	ITI	13440118	0	1	29323	1	0	next	other	0
40	752	Sound	test	13455249	0	1			0		other	0
40	752	Picture	response	13469441	14192	1	19826	1	14020	25000	incorrect	1531
40	752	Port Input	2	13489112	33863	1
40	752	Response	4	13489112	33863	1
40	753	Picture	ITI	13490100	0	1	26158	1	0	next	other	0
40	754	Sound	test	13501141	0	1			0		other	0
40	754	Picture	response	13516258	15116	1	4498	1	15000	25000	incorrect	1536
40	754	Port Input	1	13520639	19498	1
40	754	Response	3	13520639	19498	1
40	755	Picture	ITI	13521756	0	1	27657	1	0	next	other	0
40	756	Sound	test	13536197	0	1			0		other	0
40	756	Picture	response	13549413	13216	1	1499	1	13100	25000	incorrect	1541
40	756	Port Input	2	13550802	14605	1
40	756	Response	4	13550802	14605	1
40	757	Picture	ITI	13551912	0	1	24991	1	0	next	other	0
40	758	Sound	test	13566753	0	1			0		other	0
40	758	Picture	response	13576903	10150	1	11496	1	10000	25000	incorrect	1546
40	758	Port Input	2	13588274	21520	1
40	758	Response	4	13588274	21520	1
40	759	Picture	ITI	13589399	0	1	20160	1	0	next	other	0
40	760	Picture	Instruction	13609558	0	1	337539	1	0	next	other	0
40	760	Quit		13941622	332064	NA


{
   "app": "Presentation Version 20.2 Build 07.25.18",
   "device": "LENOVO 10A8S1PC00",
   "experiment": "{772213B2-5F0F-4A35-9C2F-36954700C7EA}",
   "os": "Windows 7 64 bit",
   "package": "",
   "parameters": {
      "configuration": "Default configuration"
   },
   "scenario": "Timing Task with Dynanometer.sce",
   "subject": "40",
   "timestamp": "2019/03/14 06:03:39 GMT"
}
