Scenario - Timing Task
Logfile written - 03/13/2019 17:56:42

Subject	Trial	Event Type	Code	Time	TTime	Uncertainty	Duration	Uncertainty	ReqTime	ReqDur	Stim Type	Pair Index

41	1	Picture	Instruction	500	0	1	7164	1	0	next	other	0
41	1	Response	1	2487	1988	0
41	2	Picture	ITI	7664	0	1	10496	1	0	next	other	0
41	3	Sound	Stimuli	17673	0	384			0		other	0
41	4	Picture	Feedback	47983	0	1	20160	1	0	next	other	0
41	5	Picture	ITI	68143	0	1	10163	1	0	next	other	0
41	6	Sound	Stimuli	78144	0	1			0		other	0
41	7	Picture	Feedback	113294	0	1	20160	1	0	next	other	0
41	8	Picture	ITI	133454	0	1	10163	1	0	next	other	0
41	9	Sound	Stimuli	143456	0	1			0		other	0
41	10	Picture	Feedback	173607	0	1	20160	1	0	next	other	0
41	11	Picture	ITI	193767	0	1	10163	1	0	next	other	0
41	12	Sound	Stimuli	203768	0	1			0		other	0
41	13	Picture	Feedback	238918	0	1	20160	1	0	next	other	0
41	14	Picture	ITI	259078	0	1	10163	1	0	next	other	0
41	15	Sound	Stimuli	269079	0	1			0		other	0
41	16	Picture	Feedback	299064	0	1	20160	1	0	next	other	0
41	17	Picture	ITI	319224	0	1	10163	1	0	next	other	0
41	18	Sound	Stimuli	329225	0	1			0		other	0
41	19	Picture	Feedback	364375	0	1	20160	1	0	next	other	0
41	20	Picture	ITI	384535	0	1	10163	1	0	next	other	0
41	21	Sound	Stimuli	394536	0	1			0		other	0
41	22	Picture	Feedback	424688	0	1	20160	1	0	next	other	0
41	22	Response	3	429364	4675	1
41	23	Picture	ITI	444848	0	1	10163	1	0	next	other	0
41	24	Sound	Stimuli	454850	0	1			0		other	0
41	25	Picture	Feedback	489999	0	1	20160	1	0	next	other	0
41	26	Picture	ITI	510159	0	1	10163	1	0	next	other	0
41	27	Sound	Stimuli	520160	0	1			0		other	0
41	28	Picture	Feedback	550312	0	1	20160	1	0	next	other	0
41	29	Picture	ITI	570472	0	1	10163	1	0	next	other	0
41	30	Sound	Stimuli	580473	0	1			0		other	0
41	31	Picture	Feedback	615456	0	1	20160	1	0	next	other	0
41	31	Port Input	1	615947	491	1
41	31	Response	3	615947	491	1
41	32	Picture	End_Block	635616	0	1	24825	1	0	next	other	0
41	32	Response	1	660319	24703	0
41	33	Picture	ITI	660441	0	1	10163	1	0	next	other	0
41	34	Picture	Break	670604	0	1	13329	1	0	next	other	0
41	34	Response	1	683759	13155	0
41	35	Picture	ITI	683933	0	1	10163	1	0	next	other	0
41	36	Picture	Instruction	694096	0	1	8497	1	0	next	other	0
41	36	Response	1	697519	3423	0
41	37	Picture	ITI	702593	0	1	27657	1	0	next	other	0
41	38	Sound	Practice	715105	0	1			0		other	0
41	38	Picture	response	730250	15146	1	3665	1	15000	25000	hit	48
41	38	Port Input	2	733759	18655	1
41	38	Response	4	733759	18655	1
41	39	Picture	ITI	743912	0	1	20493	1	0	next	other	0
41	40	Sound	Practice	754374	0	1			0		other	0
41	40	Picture	response	764405	10032	1	4165	1	10000	25000	hit	53
41	40	Port Input	1	768504	14131	1
41	40	Response	3	768504	14131	1
41	41	Picture	ITI	778567	0	1	26824	1	0	next	other	0
41	42	Sound	Practice	795339	0	1			0		other	0
41	42	Picture	response	805391	10053	1	6331	1	10000	25000	hit	58
41	42	Port Input	1	811642	16303	1
41	42	Response	3	811642	16303	1
41	43	Picture	ITI	821719	0	1	25491	1	0	next	other	0
41	44	Sound	Practice	832151	0	1			0		other	0
41	44	Picture	response	847210	15060	1	3665	1	15000	25000	hit	63
41	44	Port Input	2	850833	18682	1
41	44	Response	4	850833	18682	1
41	45	Picture	ITI	860872	0	1	26324	1	0	next	other	0
41	46	Sound	Practice	872034	0	1			0		other	0
41	46	Picture	response	887197	15163	1	4165	1	15000	25000	hit	68
41	46	Port Input	2	891252	19218	1
41	46	Response	4	891252	19218	1
41	47	Picture	ITI	901359	0	1	31156	1	0	next	other	0
41	48	Sound	Practice	917400	0	1			0		other	0
41	48	Picture	response	932515	15115	1	5665	1	15000	25000	hit	73
41	48	Port Input	2	938044	20644	1
41	48	Response	4	938044	20644	1
41	49	Picture	ITI	948176	0	1	26991	1	0	next	other	0
41	50	Sound	Practice	960087	0	1			0		other	0
41	50	Picture	response	975167	15079	1	7164	1	15000	25000	hit	78
41	50	Port Input	2	982149	22062	1
41	50	Response	4	982149	22062	1
41	51	Picture	ITI	992328	0	1	31822	1	0	next	other	0
41	52	Sound	Practice	1009019	0	1			0		other	0
41	52	Picture	response	1024150	15131	1	3832	1	15000	25000	hit	83
41	52	Port Input	2	1027858	18839	1
41	52	Response	4	1027858	18839	1
41	53	Picture	ITI	1037979	0	1	34322	1	0	next	other	0
41	54	Sound	Practice	1057160	0	1			0		other	0
41	54	Picture	response	1072300	15140	1	4332	1	15000	25000	hit	88
41	54	Port Input	2	1076440	19280	1
41	54	Response	4	1076440	19280	1
41	55	Picture	ITI	1086629	0	1	29323	1	0	next	other	0
41	56	Sound	Practice	1100820	0	1			0		other	0
41	56	Picture	response	1115952	15132	1	3665	1	15000	25000	hit	93
41	56	Port Input	2	1119515	18695	1
41	56	Response	4	1119515	18695	1
41	57	Picture	ITI	1129614	0	1	23492	1	0	next	other	0
41	58	Sound	Practice	1142935	0	1			0		other	0
41	58	Picture	response	1153106	10171	1	4832	1	10000	25000	hit	98
41	58	Port Input	1	1157800	14865	1
41	58	Response	3	1157800	14865	1
41	59	Picture	ITI	1167934	0	1	22992	1	0	next	other	0
41	60	Sound	Practice	1180766	0	1			0		other	0
41	60	Picture	response	1190926	10161	1	4998	1	10000	25000	hit	103
41	60	Port Input	1	1195731	14966	1
41	60	Response	3	1195731	14966	1
41	61	Picture	ITI	1205921	0	1	26991	1	0	next	other	0
41	62	Sound	Practice	1217783	0	1			0		other	0
41	62	Picture	response	1232912	15129	1	3665	1	15000	25000	hit	108
41	62	Port Input	2	1236494	18712	1
41	62	Response	4	1236494	18712	1
41	63	Picture	ITI	1246574	0	1	28324	1	0	next	other	0
41	64	Sound	Practice	1259745	0	1			0		other	0
41	64	Picture	response	1274898	15152	1	6664	1	15000	25000	hit	113
41	64	Port Input	2	1281464	21719	1
41	64	Response	4	1281464	21719	1
41	65	Picture	ITI	1291559	0	1	29990	1	0	next	other	0
41	66	Sound	Practice	1306370	0	1			0		other	0
41	66	Picture	response	1321548	15178	1	4832	1	15000	25000	hit	118
41	66	Port Input	2	1326329	19959	1
41	66	Response	4	1326329	19959	1
41	67	Picture	ITI	1336377	0	1	20826	1	0	next	other	0
41	68	Sound	Practice	1347068	0	1			0		other	0
41	68	Picture	response	1357203	10135	1	9497	1	10000	25000	hit	123
41	68	Port Input	1	1366520	19452	1
41	68	Response	3	1366520	19452	1
41	69	Picture	ITI	1376696	0	1	27157	1	0	next	other	0
41	70	Sound	Practice	1393748	0	1			0		other	0
41	70	Picture	response	1403854	10106	1	4998	1	10000	25000	hit	128
41	70	Port Input	1	1408668	14920	1
41	70	Response	3	1408668	14920	1
41	71	Picture	ITI	1418849	0	1	23325	1	0	next	other	0
41	72	Sound	Practice	1431990	0	1			0		other	0
41	72	Picture	response	1442174	10184	1	5998	1	10000	25000	hit	133
41	72	Port Input	1	1447973	15983	1
41	72	Response	3	1447973	15983	1
41	73	Picture	ITI	1458002	0	1	27491	1	0	next	other	0
41	74	Sound	Practice	1475463	0	1			0		other	0
41	74	Picture	response	1485492	10029	1	5165	1	10000	25000	hit	138
41	74	Port Input	1	1490610	15147	1
41	74	Response	3	1490610	15147	1
41	75	Picture	ITI	1500654	0	1	29157	1	0	next	other	0
41	76	Sound	Practice	1514635	0	1			0		other	0
41	76	Picture	response	1529811	15175	1	2499	1	15000	25000	incorrect	143
41	76	Port Input	1	1532196	17561	1
41	76	Response	3	1532196	17561	1
41	77	Picture	ITI	1542306	0	1	31156	1	0	next	other	0
41	78	Sound	Practice	1558388	0	1			0		other	0
41	78	Picture	response	1573462	15075	1	3832	1	15000	25000	hit	148
41	78	Port Input	2	1577197	18809	1
41	78	Response	4	1577197	18809	1
41	79	Picture	ITI	1587291	0	1	32322	1	0	next	other	0
41	80	Sound	Practice	1604582	0	1			0		other	0
41	80	Picture	response	1619613	15031	1	3832	1	15000	25000	hit	153
41	80	Port Input	2	1623343	18760	1
41	80	Response	4	1623343	18760	1
41	81	Picture	ITI	1633442	0	1	29323	1	0	next	other	0
41	82	Sound	Practice	1647663	0	1			0		other	0
41	82	Picture	response	1662765	15102	1	3166	1	15000	25000	hit	158
41	82	Port Input	2	1665886	18223	1
41	82	Response	4	1665886	18223	1
41	83	Picture	ITI	1675927	0	1	23992	1	0	next	other	0
41	84	Sound	Practice	1689869	0	1			0		other	0
41	84	Picture	response	1699919	10050	1	5831	1	10000	25000	hit	163
41	84	Port Input	1	1705567	15698	1
41	84	Response	3	1705567	15698	1
41	85	Picture	ITI	1715747	0	1	22492	1	0	next	other	0
41	86	Sound	Practice	1728069	0	1			0		other	0
41	86	Picture	response	1738239	10171	1	8497	1	10000	25000	hit	168
41	86	Port Input	1	1746694	18626	1
41	86	Response	3	1746694	18626	1
41	87	Picture	Break	1756733	0	1	20993	1	0	next	other	0
41	87	Response	1	1777585	20852	0
41	88	Picture	Instruction	1777726	0	1	19160	1	0	next	other	0
41	88	Response	1	1796785	19059	0
41	89	Picture	ITI	1796886	0	1	15161	1	0	next	other	0
41	90	Picture	ITI	1812048	0	1	31822	1	0	next	other	0
41	90	Response	1	1830145	18097	0
41	91	Sound	test	1830629	0	1			0		other	0
41	91	Picture	response	1843870	13241	1	6498	1	13100	25000	incorrect	179
41	91	Port Input	1	1850190	19560	1
41	91	Response	3	1850190	19560	1
41	92	Picture	ITI	1851201	0	1	28657	1	0	next	other	0
41	93	Sound	test	1869762	0	1			0		other	0
41	93	Picture	response	1879858	10096	1	6331	1	10000	25000	incorrect	184
41	93	Port Input	1	1886142	16380	1
41	93	Response	3	1886142	16380	1
41	94	Picture	ITI	1887189	0	1	32156	1	0	next	other	0
41	95	Sound	test	1906990	0	1			0		other	0
41	95	Picture	response	1919344	12354	1	4998	1	12250	25000	incorrect	189
41	95	Port Input	1	1924167	17177	1
41	95	Response	3	1924167	17177	1
41	96	Picture	ITI	1925176	0	1	21826	1	0	next	other	0
41	97	Sound	test	1935497	0	1			0		other	0
41	97	Picture	response	1947002	11505	1	3332	1	11450	25000	incorrect	194
41	97	Port Input	1	1950270	14773	1
41	97	Response	3	1950270	14773	1
41	98	Picture	ITI	1951333	0	1	28157	1	0	next	other	0
41	99	Sound	test	1965395	0	1			0		other	0
41	99	Picture	response	1979490	14096	1	10830	1	14020	25000	incorrect	199
41	99	Port Input	1	1990148	24753	1
41	99	Response	3	1990148	24753	1
41	100	Picture	ITI	1991153	0	1	21993	1	0	next	other	0
41	101	Sound	test	2003074	0	1			0		other	0
41	101	Picture	response	2013146	10071	1	3832	1	10000	25000	incorrect	204
41	101	Port Input	1	2016844	13770	1
41	101	Response	3	2016844	13770	1
41	102	Picture	ITI	2017977	0	1	30989	1	0	next	other	0
41	103	Sound	test	2037329	0	1			0		other	0
41	103	Picture	response	2048967	11638	1	8164	1	11450	25000	incorrect	209
41	103	Port Input	1	2057024	19696	1
41	103	Response	3	2057024	19696	1
41	104	Picture	ITI	2058130	0	1	33489	1	0	next	other	0
41	105	Sound	test	2076431	0	1			0		other	0
41	105	Picture	response	2091619	15187	1	3166	1	15000	25000	incorrect	214
41	105	Port Input	2	2094716	18284	1
41	105	Response	4	2094716	18284	1
41	106	Picture	ITI	2095784	0	1	26324	1	0	next	other	0
41	107	Sound	test	2111985	0	1			0		other	0
41	107	Picture	response	2122108	10123	1	5831	1	10000	25000	incorrect	219
41	107	Port Input	1	2127784	15799	1
41	107	Response	3	2127784	15799	1
41	108	Picture	ITI	2128773	0	1	27824	1	0	next	other	0
41	109	Sound	test	2146444	0	1			0		other	0
41	109	Picture	response	2156597	10153	1	3832	1	10000	25000	incorrect	224
41	109	Port Input	1	2160364	13920	1
41	109	Response	3	2160364	13920	1
41	110	Picture	ITI	2161428	0	1	22492	1	0	next	other	0
41	111	Sound	test	2172289	0	1			0		other	0
41	111	Picture	response	2183921	11631	1	3999	1	11450	25000	incorrect	229
41	111	Port Input	1	2187737	15447	1
41	111	Response	3	2187737	15447	1
41	112	Picture	ITI	2188752	0	1	26158	1	0	next	other	0
41	113	Sound	test	2204024	0	2			0		other	0
41	113	Picture	response	2214910	10886	1	1999	1	10700	25000	incorrect	234
41	113	Port Input	1	2216838	12815	1
41	113	Response	3	2216838	12815	1
41	114	Picture	ITI	2217909	0	1	25158	1	0	next	other	0
41	115	Sound	test	2231500	0	1			0		other	0
41	115	Picture	response	2243067	11567	1	3999	1	11450	25000	incorrect	239
41	115	Port Input	1	2246929	15429	1
41	115	Response	3	2246929	15429	1
41	116	Picture	ITI	2248065	0	1	30656	1	0	next	other	0
41	117	Sound	test	2267167	0	1			0		other	0
41	117	Picture	response	2278722	11555	1	4332	1	11450	25000	incorrect	244
41	117	Port Input	1	2282976	15809	1
41	117	Response	3	2282976	15809	1
41	118	Picture	ITI	2284053	0	1	27491	1	0	next	other	0
41	119	Sound	test	2298384	0	1			0		other	0
41	119	Picture	response	2311544	13159	1	3499	1	13100	25000	incorrect	249
41	119	Port Input	2	2314930	16545	1
41	119	Response	4	2314930	16545	1
41	120	Picture	ITI	2316042	0	1	28490	1	0	next	other	0
41	121	Sound	test	2330394	0	1			0		other	0
41	121	Picture	response	2344532	14139	1	3665	1	14020	25000	incorrect	254
41	121	Port Input	2	2348071	17678	1
41	121	Response	4	2348071	17678	1
41	122	Picture	ITI	2349031	0	1	21493	1	0	next	other	0
41	123	Sound	test	2360412	0	1			0		other	0
41	123	Picture	response	2370524	10112	1	4498	1	10000	25000	incorrect	259
41	123	Port Input	1	2374966	14554	1
41	123	Response	3	2374966	14554	1
41	124	Picture	ITI	2376022	0	1	28990	1	0	next	other	0
41	125	Sound	test	2390943	0	1			0		other	0
41	125	Picture	response	2405012	14069	1	2999	1	14020	25000	incorrect	264
41	125	Port Input	2	2407961	17018	1
41	125	Response	4	2407961	17018	1
41	126	Picture	ITI	2409010	0	1	30156	1	0	next	other	0
41	127	Sound	test	2424112	0	1			0		other	0
41	127	Picture	response	2439167	15055	1	3166	1	15000	25000	incorrect	269
41	127	Port Input	2	2442175	18063	1
41	127	Response	4	2442175	18063	1
41	128	Picture	ITI	2443165	0	1	24991	1	0	next	other	0
41	129	Sound	test	2458007	0	1			0		other	0
41	129	Picture	response	2468157	10150	1	7164	1	10000	25000	incorrect	274
41	129	Port Input	1	2475275	17268	1
41	129	Response	3	2475275	17268	1
41	130	Picture	ITI	2476321	0	1	21659	1	0	next	other	0
41	131	Sound	test	2487172	0	1			0		other	0
41	131	Picture	response	2497980	10808	1	4332	1	10700	25000	incorrect	279
41	131	Port Input	1	2502252	15080	1
41	131	Response	3	2502252	15080	1
41	132	Picture	ITI	2503312	0	1	23825	1	0	next	other	0
41	133	Sound	test	2514793	0	1			0		other	0
41	133	Picture	response	2527137	12344	1	4498	1	12250	25000	incorrect	284
41	133	Port Input	1	2531573	16780	1
41	133	Response	3	2531573	16780	1
41	134	Picture	ITI	2532635	0	1	22492	1	0	next	other	0
41	135	Sound	test	2545016	0	1			0		other	0
41	135	Picture	response	2555127	10111	1	3999	1	10000	25000	incorrect	289
41	135	Port Input	1	2558956	13940	1
41	135	Response	3	2558956	13940	1
41	136	Picture	ITI	2559959	0	1	29823	1	0	next	other	0
41	137	Sound	test	2575590	0	1			0		other	0
41	137	Picture	response	2589782	14192	1	5331	1	14020	25000	incorrect	294
41	137	Port Input	1	2594992	19402	1
41	137	Response	3	2594992	19402	1
41	138	Picture	ITI	2595947	0	1	28990	1	0	next	other	0
41	139	Sound	test	2609808	0	1			0		other	0
41	139	Picture	response	2624937	15129	1	3499	1	15000	25000	incorrect	299
41	139	Port Input	2	2628269	18461	1
41	139	Response	4	2628269	18461	1
41	140	Picture	ITI	2629268	0	1	25491	1	0	next	other	0
41	141	Sound	test	2644580	0	1			0		other	0
41	141	Picture	response	2654760	10180	1	5998	1	10000	25000	incorrect	304
41	141	Port Input	1	2660671	16091	1
41	141	Response	3	2660671	16091	1
41	142	Picture	ITI	2661757	0	1	29823	1	0	next	other	0
41	143	Sound	test	2676419	0	1			0		other	0
41	143	Picture	response	2691581	15161	1	4165	1	15000	25000	incorrect	309
41	143	Port Input	2	2695551	19132	1
41	143	Response	4	2695551	19132	1
41	144	Picture	ITI	2696579	0	1	29657	1	0	next	other	0
41	145	Sound	test	2715440	0	1			0		other	0
41	145	Picture	response	2726235	10795	1	4832	1	10700	25000	incorrect	314
41	145	Port Input	1	2730879	15439	1
41	145	Response	3	2730879	15439	1
41	146	Picture	ITI	2731900	0	1	25158	1	0	next	other	0
41	147	Sound	test	2746301	0	1			0		other	0
41	147	Picture	response	2757058	10757	1	5331	1	10700	25000	incorrect	319
41	147	Port Input	1	2762230	15928	1
41	147	Response	3	2762230	15928	1
41	148	Picture	ITI	2763223	0	1	26324	1	0	next	other	0
41	149	Sound	test	2774464	0	1			0		other	0
41	149	Picture	response	2789547	15083	1	3832	1	15000	25000	incorrect	324
41	149	Port Input	1	2793247	18783	1
41	149	Response	3	2793247	18783	1
41	150	Picture	ITI	2794212	0	1	25491	1	0	next	other	0
41	151	Sound	test	2806533	0	1			0		other	0
41	151	Picture	response	2819703	13170	1	3999	1	13100	25000	incorrect	329
41	151	Port Input	1	2823609	17075	1
41	151	Response	3	2823609	17075	1
41	152	Picture	ITI	2824702	0	1	25658	1	0	next	other	0
41	153	Sound	test	2835283	0	1			0		other	0
41	153	Picture	response	2850360	15077	1	3499	1	15000	25000	incorrect	334
41	153	Port Input	2	2853803	18520	1
41	153	Response	4	2853803	18520	1
41	154	Picture	ITI	2854858	0	1	24158	1	0	next	other	0
41	155	Sound	test	2868859	0	1			0		other	0
41	155	Picture	response	2879016	10157	1	5498	1	10000	25000	incorrect	339
41	155	Port Input	1	2884383	15524	1
41	155	Response	3	2884383	15524	1
41	156	Picture	ITI	2885348	0	1	28490	1	0	next	other	0
41	157	Sound	test	2898699	0	1			0		other	0
41	157	Picture	response	2913838	15139	1	4165	1	15000	25000	incorrect	344
41	157	Port Input	1	2917941	19243	1
41	157	Response	3	2917941	19243	1
41	158	Picture	ITI	2919003	0	1	28490	1	0	next	other	0
41	159	Sound	test	2936014	0	1			0		other	0
41	159	Picture	response	2947493	11479	1	4498	1	11450	25000	incorrect	349
41	159	Port Input	1	2951926	15912	1
41	159	Response	3	2951926	15912	1
41	160	Picture	ITI	2952991	0	1	28824	1	0	next	other	0
41	161	Sound	test	2969442	0	1			0		other	0
41	161	Picture	response	2981815	12372	1	3832	1	12250	25000	incorrect	354
41	161	Port Input	1	2985536	16094	1
41	161	Response	3	2985536	16094	1
41	162	Picture	ITI	2986646	0	1	27491	1	0	next	other	0
41	163	Sound	test	2999978	0	1			0		other	0
41	163	Picture	response	3014137	14159	1	4165	1	14020	25000	incorrect	359
41	163	Port Input	1	3018126	18148	1
41	163	Response	3	3018126	18148	1
41	164	Picture	ITI	3019135	0	1	25825	1	0	next	other	0
41	165	Sound	test	3032667	0	1			0		other	0
41	165	Picture	response	3044960	12293	1	4165	1	12250	25000	incorrect	364
41	165	Port Input	1	3049018	16352	1
41	165	Response	3	3049018	16352	1
41	166	Picture	ITI	3050125	0	1	23825	1	0	next	other	0
41	167	Sound	test	3060666	0	1			0		other	0
41	167	Picture	response	3073950	13284	1	4332	1	13100	25000	incorrect	369
41	167	Port Input	1	3078141	17475	1
41	167	Response	3	3078141	17475	1
41	168	Picture	ITI	3079115	0	1	24492	1	0	next	other	0
41	169	Sound	test	3092736	0	1			0		other	0
41	169	Picture	response	3103606	10870	1	4832	1	10700	25000	incorrect	374
41	169	Port Input	1	3108315	15579	1
41	169	Response	3	3108315	15579	1
41	170	Picture	ITI	3109438	0	1	27491	1	0	next	other	0
41	171	Sound	test	3122789	0	1			0		other	0
41	171	Picture	response	3136928	14139	1	6498	1	14020	25000	incorrect	379
41	171	Port Input	1	3143237	20448	1
41	171	Response	3	3143237	20448	1
41	172	Picture	ITI	3144259	0	1	23992	1	0	next	other	0
41	173	Sound	test	3157481	0	1			0		other	0
41	173	Picture	response	3168251	10771	1	3999	1	10700	25000	incorrect	384
41	173	Port Input	1	3172140	14660	1
41	173	Response	3	3172140	14660	1
41	174	Picture	ITI	3173249	0	1	26324	1	0	next	other	0
41	175	Sound	test	3184451	0	1			0		other	0
41	175	Picture	response	3199574	15123	1	4165	1	15000	25000	incorrect	389
41	175	Port Input	1	3203574	19124	1
41	175	Response	3	3203574	19124	1
41	176	Picture	ITI	3204572	0	1	23325	1	0	next	other	0
41	177	Sound	test	3216273	0	1			0		other	0
41	177	Picture	response	3227897	11624	1	5665	1	11450	25000	incorrect	394
41	177	Port Input	1	3233488	17215	1
41	177	Response	3	3233488	17215	1
41	178	Picture	ITI	3234562	0	1	31656	1	0	next	other	0
41	179	Sound	test	3251163	0	1			0		other	0
41	179	Picture	response	3266218	15055	1	2499	1	15000	25000	incorrect	399
41	179	Port Input	2	3268576	17413	1
41	179	Response	4	3268576	17413	1
41	180	Picture	ITI	3269550	0	1	28490	1	0	next	other	0
41	181	Sound	test	3282941	0	1			0		other	0
41	181	Picture	response	3298040	15099	1	3166	1	15000	25000	incorrect	404
41	181	Port Input	2	3301104	18163	1
41	181	Response	4	3301104	18163	1
41	182	Picture	ITI	3302205	0	1	27157	1	0	next	other	0
41	183	Sound	test	3316197	0	1			0		other	0
41	183	Picture	response	3329363	13166	1	5332	1	13100	25000	incorrect	409
41	183	Port Input	1	3334609	18413	1
41	183	Response	3	3334609	18413	1
41	184	Picture	ITI	3335694	0	1	28823	1	0	next	other	0
41	185	Sound	test	3351325	0	1			0		other	0
41	185	Picture	response	3364517	13192	1	3499	1	13100	25000	incorrect	414
41	185	Port Input	2	3367938	16613	1
41	185	Response	4	3367938	16613	1
41	186	Picture	ITI	3369016	0	1	24325	1	0	next	other	0
41	187	Sound	test	3381837	0	1			0		other	0
41	187	Picture	response	3393341	11504	1	3665	1	11450	25000	incorrect	419
41	187	Port Input	1	3396863	15026	1
41	187	Response	3	3396863	15026	1
41	188	Picture	ITI	3397839	0	1	28490	1	0	next	other	0
41	189	Sound	test	3414851	0	1			0		other	0
41	189	Picture	response	3426330	11479	1	4165	1	11450	25000	incorrect	424
41	189	Port Input	1	3430369	15518	1
41	189	Response	3	3430369	15518	1
41	190	Picture	ITI	3431328	0	1	21826	1	0	next	other	0
41	191	Sound	test	3443059	0	1			0		other	0
41	191	Picture	response	3453154	10095	1	3665	1	10000	25000	incorrect	429
41	191	Port Input	1	3456649	13590	1
41	191	Response	3	3456649	13590	1
41	192	Picture	ITI	3457652	0	1	30490	1	0	next	other	0
41	193	Sound	test	3475743	0	1			0		other	0
41	193	Picture	response	3488142	12398	1	4498	1	12250	25000	incorrect	434
41	193	Port Input	1	3492497	16754	1
41	193	Response	3	3492497	16754	1
41	194	Picture	ITI	3493640	0	1	27324	1	0	next	other	0
41	195	Sound	test	3505921	0	1			0		other	0
41	195	Picture	response	3520964	15043	1	3999	1	15000	25000	incorrect	439
41	195	Port Input	2	3524868	18947	1
41	195	Response	4	3524868	18947	1
41	196	Picture	ITI	3525962	0	1	25825	1	0	next	other	0
41	197	Sound	test	3539393	0	1			0		other	0
41	197	Picture	response	3551787	12393	1	4165	1	12250	25000	incorrect	444
41	197	Port Input	1	3555771	16378	1
41	197	Response	3	3555771	16378	1
41	198	Picture	ITI	3556785	0	1	28823	1	0	next	other	0
41	199	Sound	test	3575426	0	1			0		other	0
41	199	Picture	response	3585609	10182	1	5332	1	10000	25000	incorrect	449
41	199	Port Input	1	3590756	15329	1
41	199	Response	3	3590756	15329	1
41	200	Picture	ITI	3591773	0	1	27657	1	0	next	other	0
41	201	Sound	test	3609374	0	1			0		other	0
41	201	Picture	response	3619430	10056	1	3999	1	10000	25000	incorrect	454
41	201	Port Input	1	3623293	13919	1
41	201	Response	3	3623293	13919	1
41	202	Picture	ITI	3624429	0	1	22492	1	0	next	other	0
41	203	Sound	test	3635330	0	1			0		other	0
41	203	Picture	response	3646921	11591	1	3665	1	11450	25000	incorrect	459
41	203	Port Input	1	3650500	15170	1
41	203	Response	3	3650500	15170	1
41	204	Picture	ITI	3651586	0	1	26491	1	0	next	other	0
41	205	Sound	test	3664897	0	1			0		other	0
41	205	Picture	response	3678077	13180	1	5831	1	13100	25000	incorrect	464
41	205	Port Input	1	3683777	18880	1
41	205	Response	3	3683777	18880	1
41	206	Picture	ITI	3684741	0	1	32322	1	0	next	other	0
41	207	Sound	test	3702853	0	1			0		other	0
41	207	Picture	response	3717064	14211	1	5332	1	14020	25000	incorrect	469
41	207	Port Input	2	3722239	19386	1
41	207	Response	4	3722239	19386	1
41	208	Picture	ITI	3723228	0	1	25658	1	0	next	other	0
41	209	Sound	test	3735719	0	1			0		other	0
41	209	Picture	response	3748886	13167	1	4665	1	13100	25000	incorrect	474
41	209	Port Input	1	3753423	17703	1
41	209	Response	3	3753423	17703	1
41	210	Picture	ITI	3754551	0	1	25991	1	0	next	other	0
41	211	Sound	test	3769812	0	1			0		other	0
41	211	Picture	response	3780542	10730	1	6831	1	10700	25000	incorrect	479
41	211	Port Input	1	3787189	17377	1
41	211	Response	3	3787189	17377	1
41	212	Picture	ITI	3788206	0	1	27324	1	0	next	other	0
41	213	Sound	test	3804697	0	1			0		other	0
41	213	Picture	response	3815530	10833	1	5498	1	10700	25000	incorrect	484
41	213	Port Input	1	3820934	16237	1
41	213	Response	3	3820934	16237	1
41	214	Picture	ITI	3822028	0	1	27491	1	0	next	other	0
41	215	Sound	test	3835419	0	1			0		other	0
41	215	Picture	response	3849518	14099	1	4165	1	14020	25000	incorrect	489
41	215	Port Input	1	3853514	18095	1
41	215	Response	3	3853514	18095	1
41	216	Picture	ITI	3854517	0	1	24992	1	0	next	other	0
41	217	Sound	test	3868618	0	1			0		other	0
41	217	Picture	response	3879508	10890	1	8330	1	10700	25000	incorrect	494
41	217	Port Input	1	3887738	19120	1
41	217	Response	3	3887738	19120	1
41	218	Picture	ITI	3888838	0	1	28824	1	0	next	other	0
41	219	Sound	test	3902610	0	1			0		other	0
41	219	Picture	response	3917662	15052	1	4498	1	15000	25000	incorrect	499
41	219	Port Input	1	3922056	19447	1
41	219	Response	3	3922056	19447	1
41	220	Picture	ITI	3922993	0	1	24991	1	0	next	other	0
41	221	Sound	test	3933844	0	1			0		other	0
41	221	Picture	response	3947985	14140	1	3166	1	14020	25000	incorrect	504
41	221	Port Input	2	3950960	17115	1
41	221	Response	4	3950960	17115	1
41	222	Picture	ITI	3951983	0	1	29490	1	0	next	other	0
41	223	Sound	test	3966425	0	1			0		other	0
41	223	Picture	response	3981473	15049	1	3166	1	15000	25000	incorrect	509
41	223	Port Input	2	3984507	18083	1
41	223	Response	4	3984507	18083	1
41	224	Picture	ITI	3985639	0	1	27491	1	0	next	other	0
41	225	Sound	test	4001500	0	1			0		other	0
41	225	Picture	response	4013129	11629	1	6831	1	11450	25000	incorrect	514
41	225	Port Input	1	4019815	18315	1
41	225	Response	3	4019815	18315	1
41	226	Picture	ITI	4020960	0	1	28823	1	0	next	other	0
41	227	Sound	test	4034611	0	1			0		other	0
41	227	Picture	response	4049783	15172	1	4332	1	15000	25000	incorrect	519
41	227	Port Input	2	4054018	19407	1
41	227	Response	4	4054018	19407	1
41	228	Picture	ITI	4055115	0	1	27990	1	0	next	other	0
41	229	Sound	test	4067936	0	1			0		other	0
41	229	Picture	response	4083105	15169	1	3665	1	15000	25000	incorrect	524
41	229	Port Input	2	4086650	18713	1
41	229	Response	4	4086650	18713	1
41	230	Picture	ITI	4087604	0	1	27824	1	0	next	other	0
41	231	Sound	test	4102226	0	1			0		other	0
41	231	Picture	response	4115428	13201	1	5998	1	13100	25000	incorrect	529
41	231	Port Input	1	4121311	19085	1
41	231	Response	3	4121311	19085	1
41	232	Picture	ITI	4122425	0	1	22326	1	0	next	other	0
41	233	Sound	test	4134656	0	1			0		other	0
41	233	Picture	response	4144751	10094	1	6498	1	10000	25000	incorrect	534
41	233	Port Input	1	4151069	16412	1
41	233	Response	3	4151069	16412	1
41	234	Picture	ITI	4152082	0	1	34821	1	0	next	other	0
41	235	Sound	test	4171843	0	1			0		other	0
41	235	Picture	response	4186903	15060	1	3832	1	15000	25000	incorrect	539
41	235	Port Input	2	4190666	18823	1
41	235	Response	4	4190666	18823	1
41	236	Picture	ITI	4191735	0	1	24158	1	0	next	other	0
41	237	Sound	test	4203606	0	1			0		other	0
41	237	Picture	response	4215893	12287	1	6998	1	12250	25000	incorrect	544
41	237	Port Input	1	4222777	19170	1
41	237	Response	3	4222777	19170	1
41	238	Picture	ITI	4223891	0	1	23659	1	0	next	other	0
41	239	Sound	test	4235132	0	1			0		other	0
41	239	Picture	response	4247549	12417	1	4332	1	12250	25000	incorrect	549
41	239	Port Input	2	4251701	16569	1
41	239	Response	4	4251701	16569	1
41	240	Picture	ITI	4252714	0	1	29990	1	0	next	other	0
41	241	Sound	test	4272555	0	1			0		other	0
41	241	Picture	response	4282704	10148	1	4998	1	10000	25000	incorrect	554
41	241	Port Input	1	4287633	15078	1
41	241	Response	3	4287633	15078	1
41	242	Picture	ITI	4288702	0	1	31823	1	0	next	other	0
41	243	Sound	test	4308163	0	1			0		other	0
41	243	Picture	response	4320524	12361	1	4498	1	12250	25000	incorrect	559
41	243	Port Input	1	4324835	16672	1
41	243	Response	3	4324835	16672	1
41	244	Picture	ITI	4325856	0	1	24991	1	0	next	other	0
41	245	Sound	test	4336797	0	1			0		other	0
41	245	Picture	response	4350847	14050	1	3499	1	14020	25000	incorrect	564
41	245	Port Input	2	4354176	17380	1
41	245	Response	4	4354176	17380	1
41	246	Picture	ITI	4355346	0	1	26824	1	0	next	other	0
41	247	Sound	test	4370677	0	1			0		other	0
41	247	Picture	response	4382170	11493	1	3332	1	11450	25000	incorrect	569
41	247	Port Input	1	4385444	14767	1
41	247	Response	3	4385444	14767	1
41	248	Picture	ITI	4386502	0	1	26491	1	0	next	other	0
41	249	Sound	test	4400593	0	1			0		other	0
41	249	Picture	response	4412993	12400	1	4665	1	12250	25000	incorrect	574
41	249	Port Input	1	4417492	16899	1
41	249	Response	3	4417492	16899	1
41	250	Picture	ITI	4418657	0	1	21993	1	0	next	other	0
41	251	Sound	test	4430619	0	1			0		other	0
41	251	Picture	response	4440650	10031	1	4998	1	10000	25000	incorrect	579
41	251	Port Input	1	4445459	14840	1
41	251	Response	3	4445459	14840	1
41	252	Picture	ITI	4446481	0	1	25491	1	0	next	other	0
41	253	Sound	test	4457812	0	1			0		other	0
41	253	Picture	response	4471972	14160	1	5665	1	14020	25000	incorrect	584
41	253	Port Input	1	4477517	19705	1
41	253	Response	3	4477517	19705	1
41	254	Picture	ITI	4478637	0	1	32822	1	0	next	other	0
41	255	Sound	test	4498268	0	1			0		other	0
41	255	Picture	response	4511459	13191	1	3665	1	13100	25000	incorrect	589
41	255	Port Input	1	4514969	16701	1
41	255	Response	3	4514969	16701	1
41	256	Picture	ITI	4516124	0	1	20493	1	0	next	other	0
41	257	Sound	test	4526565	0	1			0		other	0
41	257	Picture	response	4536617	10052	1	9330	1	10000	25000	incorrect	594
41	257	Port Input	1	4545831	19265	1
41	257	Response	3	4545831	19265	1
41	258	Picture	ITI	4546947	0	1	23659	1	0	next	other	0
41	259	Sound	test	4559038	0	1			0		other	0
41	259	Picture	response	4570605	11567	1	4499	1	11450	25000	incorrect	599
41	259	Port Input	2	4574995	15957	1
41	259	Response	4	4574995	15957	1
41	260	Picture	ITI	4576104	0	1	29490	1	0	next	other	0
41	261	Sound	test	4593195	0	2			0		other	0
41	261	Picture	response	4605594	12399	1	5165	1	12250	25000	incorrect	604
41	261	Port Input	1	4610687	17492	1
41	261	Response	3	4610687	17492	1
41	262	Picture	ITI	4611758	0	1	34155	1	0	next	other	0
41	263	Sound	test	4630789	0	1			0		other	0
41	263	Picture	response	4645913	15124	1	4332	1	15000	25000	incorrect	609
41	263	Port Input	2	4650045	19256	1
41	263	Response	4	4650045	19256	1
41	264	Picture	ITI	4651078	0	1	33655	1	0	next	other	0
41	265	Sound	test	4669649	0	1			0		other	0
41	265	Picture	response	4684733	15084	1	3166	1	15000	25000	incorrect	614
41	265	Port Input	2	4687705	18056	1
41	265	Response	4	4687705	18056	1
41	266	Picture	ITI	4688732	0	1	28490	1	0	next	other	0
41	267	Sound	test	4703043	0	1			0		other	0
41	267	Picture	response	4717222	14179	1	3832	1	14020	25000	incorrect	619
41	267	Port Input	2	4720972	17929	1
41	267	Response	4	4720972	17929	1
41	268	Picture	ITI	4722054	0	1	28490	1	0	next	other	0
41	269	Sound	test	4739795	0	1			0		other	0
41	269	Picture	response	4750544	10749	1	6664	1	10700	25000	incorrect	624
41	269	Port Input	1	4757153	17358	1
41	269	Response	3	4757153	17358	1
41	270	Picture	ITI	4758208	0	1	26158	1	0	next	other	0
41	271	Sound	test	4770309	0	1			0		other	0
41	271	Picture	response	4784366	14057	1	4498	1	14020	25000	incorrect	629
41	271	Port Input	2	4788806	18497	1
41	271	Response	4	4788806	18497	1
41	272	Picture	ITI	4789864	0	1	29990	1	0	next	other	0
41	273	Sound	test	4807475	0	1			0		other	0
41	273	Picture	response	4819854	12379	1	4165	1	12250	25000	incorrect	634
41	273	Port Input	2	4823895	16419	1
41	273	Response	4	4823895	16419	1
41	274	Picture	ITI	4825019	0	1	25825	1	0	next	other	0
41	275	Sound	test	4838420	0	1			0		other	0
41	275	Picture	response	4850843	12423	1	3665	1	12250	25000	incorrect	639
41	275	Port Input	2	4854319	15899	1
41	275	Response	4	4854319	15899	1
41	276	Picture	ITI	4855342	0	1	27491	1	0	next	other	0
41	277	Sound	test	4872053	0	1			0		other	0
41	277	Picture	response	4882832	10779	1	5332	1	10700	25000	incorrect	644
41	277	Port Input	2	4888095	16042	1
41	277	Response	4	4888095	16042	1
41	278	Picture	ITI	4889163	0	1	25825	1	0	next	other	0
41	279	Sound	test	4904955	0	1			0		other	0
41	279	Picture	response	4914988	10033	1	9663	1	10000	25000	incorrect	649
41	279	Port Input	1	4924579	19624	1
41	279	Response	3	4924579	19624	1
41	280	Picture	ITI	4925651	0	1	21659	1	0	next	other	0
41	281	Sound	test	4936572	0	1			0		other	0
41	281	Picture	response	4947310	10738	1	5831	1	10700	25000	incorrect	654
41	281	Port Input	1	4952962	16390	1
41	281	Response	3	4952962	16390	1
41	282	Picture	ITI	4954141	0	1	29823	1	0	next	other	0
41	283	Sound	test	4973172	0	1			0		other	0
41	283	Picture	response	4983964	10792	1	4332	1	10700	25000	incorrect	659
41	283	Port Input	1	4988186	15014	1
41	283	Response	3	4988186	15014	1
41	284	Picture	ITI	4989296	0	1	30490	1	0	next	other	0
41	285	Sound	test	5005597	0	1			0		other	0
41	285	Picture	response	5019785	14188	1	2999	1	14020	25000	incorrect	664
41	285	Port Input	1	5022619	17022	1
41	285	Response	3	5022619	17022	1
41	286	Picture	ITI	5023617	0	1	32655	1	0	next	other	0
41	287	Sound	test	5042099	0	1			0		other	0
41	287	Picture	response	5056273	14174	1	3332	1	14020	25000	incorrect	669
41	287	Port Input	1	5059529	17431	1
41	287	Response	3	5059529	17431	1
41	288	Picture	ITI	5060605	0	1	30323	1	0	next	other	0
41	289	Sound	test	5080056	0	1			0		other	0
41	289	Picture	response	5090928	10872	1	4832	1	10700	25000	incorrect	674
41	289	Port Input	1	5095586	15530	1
41	289	Response	3	5095586	15530	1
41	290	Picture	ITI	5096592	0	1	30656	1	0	next	other	0
41	291	Sound	test	5115624	0	1			0		other	0
41	291	Picture	response	5127249	11625	1	5498	1	11450	25000	incorrect	679
41	291	Port Input	1	5132601	16977	1
41	291	Response	3	5132601	16977	1
41	292	Picture	ITI	5133746	0	1	21992	1	0	next	other	0
41	293	Sound	test	5144848	0	1			0		other	0
41	293	Picture	response	5155739	10891	1	3832	1	10700	25000	incorrect	684
41	293	Port Input	1	5159464	14617	1
41	293	Response	3	5159464	14617	1
41	294	Picture	ITI	5160571	0	1	26991	1	0	next	other	0
41	295	Sound	test	5176072	0	1			0		other	0
41	295	Picture	response	5187561	11490	1	4165	1	11450	25000	incorrect	689
41	295	Port Input	1	5191585	15513	1
41	295	Response	3	5191585	15513	1
41	296	Picture	ITI	5192726	0	1	24658	1	0	next	other	0
41	297	Sound	test	5204218	0	1			0		other	0
41	297	Picture	response	5217385	13167	1	3999	1	13100	25000	incorrect	694
41	297	Port Input	1	5221270	17052	1
41	297	Response	3	5221270	17052	1
41	298	Picture	ITI	5222383	0	1	27157	1	0	next	other	0
41	299	Sound	test	5237104	0	1			0		other	0
41	299	Picture	response	5249540	12436	1	4165	1	12250	25000	incorrect	699
41	299	Port Input	1	5253537	16433	1
41	299	Response	3	5253537	16433	1
41	300	Picture	ITI	5254539	0	1	28324	1	0	next	other	0
41	301	Sound	test	5270550	0	1			0		other	0
41	301	Picture	response	5282862	12312	1	3665	1	12250	25000	incorrect	704
41	301	Port Input	1	5286366	15816	1
41	301	Response	3	5286366	15816	1
41	302	Picture	ITI	5287527	0	1	28657	1	0	next	other	0
41	303	Sound	test	5306118	0	1			0		other	0
41	303	Picture	response	5316184	10066	1	4332	1	10000	25000	incorrect	709
41	303	Port Input	1	5320424	14306	1
41	303	Response	3	5320424	14306	1
41	304	Picture	ITI	5321516	0	1	25325	1	0	next	other	0
41	305	Sound	test	5331657	0	1			0		other	0
41	305	Picture	response	5346840	15183	1	3665	1	15000	25000	incorrect	714
41	305	Port Input	2	5350338	18681	1
41	305	Response	4	5350338	18681	1
41	306	Picture	ITI	5351339	0	1	28990	1	0	next	other	0
41	307	Sound	test	5367130	0	1			0		other	0
41	307	Picture	response	5380329	13199	1	3999	1	13100	25000	incorrect	719
41	307	Port Input	1	5384177	17047	1
41	307	Response	3	5384177	17047	1
41	308	Picture	ITI	5385327	0	1	28823	1	0	next	other	0
41	309	Sound	test	5400928	0	1			0		other	0
41	309	Picture	response	5414151	13222	1	5332	1	13100	25000	incorrect	724
41	309	Port Input	2	5419401	18472	1
41	309	Response	4	5419401	18472	1
41	310	Picture	ITI	5420482	0	1	23992	1	0	next	other	0
41	311	Sound	test	5434413	0	1			0		other	0
41	311	Picture	response	5444474	10061	1	4832	1	10000	25000	incorrect	729
41	311	Port Input	1	5449106	14693	1
41	311	Response	3	5449106	14693	1
41	312	Picture	ITI	5450138	0	1	23492	1	0	next	other	0
41	313	Sound	test	5460460	0	1			0		other	0
41	313	Picture	response	5473630	13171	1	5831	1	13100	25000	incorrect	734
41	313	Port Input	1	5479260	18800	1
41	313	Response	3	5479260	18800	1
41	314	Picture	ITI	5480295	0	1	29657	1	0	next	other	0
41	315	Sound	test	5494826	0	1			0		other	0
41	315	Picture	response	5509951	15125	1	8664	1	15000	25000	incorrect	739
41	315	Port Input	2	5518451	23625	1
41	315	Response	4	5518451	23625	1
41	316	Picture	ITI	5519448	0	1	22659	1	0	next	other	0
41	317	Sound	test	5531949	0	1			0		other	0
41	317	Picture	response	5542107	10158	1	4332	1	10000	25000	incorrect	744
41	317	Port Input	1	5546334	14385	1
41	317	Response	3	5546334	14385	1
41	318	Picture	ITI	5547439	0	1	28657	1	0	next	other	0
41	319	Sound	test	5562850	0	1			0		other	0
41	319	Picture	response	5576095	13246	1	6165	1	13100	25000	incorrect	749
41	319	Port Input	1	5582120	19271	1
41	319	Response	3	5582120	19271	1
41	323	Response	1	5615858	2608	0
41	323	Response	1	5619217	5968	0
41	441	Picture	resume	6792846	0	1	38320	1	0	next	other	0
41	441	Port Input	1	6829755	36908	1
41	441	Response	3	6829755	36908	1
41	442	Picture	ITI	6831167	0	1	10163	1	0	next	other	0
41	443	Picture	ITI	6841330	0	1	31989	1	0	next	other	0
41	444	Sound	test	6858181	0	1			0		other	0
41	444	Picture	response	6873319	15138	1	6998	1	15000	25000	incorrect	760
41	444	Port Input	2	6880201	22020	1
41	444	Response	4	6880201	22020	1
41	445	Picture	ITI	6881316	0	1	28157	1	0	next	other	0
41	446	Sound	test	6898668	0	1			0		other	0
41	446	Picture	response	6909473	10805	1	5332	1	10700	25000	incorrect	765
41	446	Port Input	1	6914686	16018	1
41	446	Response	3	6914686	16018	1
41	447	Picture	ITI	6915804	0	1	21992	1	0	next	other	0
41	448	Sound	test	6927666	0	1			0		other	0
41	448	Picture	response	6937797	10131	1	4165	1	10000	25000	incorrect	770
41	448	Port Input	1	6941809	14144	1
41	448	Response	3	6941809	14144	1
41	449	Picture	ITI	6942795	0	1	33988	1	0	next	other	0
41	450	Sound	test	6961667	0	1			0		other	0
41	450	Picture	response	6976784	15117	1	4165	1	15000	25000	incorrect	775
41	450	Port Input	2	6980782	19115	1
41	450	Response	4	6980782	19115	1
41	451	Picture	ITI	6981782	0	1	34988	1	0	next	other	0
41	452	Sound	test	7001743	0	1			0		other	0
41	452	Picture	response	7016770	15027	1	4998	1	15000	25000	incorrect	780
41	452	Port Input	2	7021670	19927	1
41	452	Response	4	7021670	19927	1
41	453	Picture	ITI	7022768	0	1	24158	1	0	next	other	0
41	454	Sound	test	7033789	0	1			0		other	0
41	454	Picture	response	7046926	13137	1	5665	1	13100	25000	incorrect	785
41	454	Port Input	2	7052469	18680	1
41	454	Response	4	7052469	18680	1
41	455	Picture	ITI	7053591	0	1	33155	1	0	next	other	0
41	456	Sound	test	7071562	0	1			0		other	0
41	456	Picture	response	7086746	15184	1	3832	1	15000	25000	incorrect	790
41	456	Port Input	2	7090389	18827	1
41	456	Response	4	7090389	18827	1
41	457	Picture	ITI	7091411	0	1	23159	1	0	next	other	0
41	458	Sound	test	7103802	0	1			0		other	0
41	458	Picture	response	7114570	10767	1	10496	1	10700	25000	incorrect	795
41	458	Port Input	2	7124999	21197	1
41	458	Response	4	7124999	21197	1
41	459	Picture	ITI	7126066	0	1	24991	1	0	next	other	0
41	460	Sound	test	7140997	0	1			0		other	0
41	460	Picture	response	7151057	10060	1	8164	1	10000	25000	incorrect	800
41	460	Port Input	1	7159078	18080	1
41	460	Response	3	7159078	18080	1
41	461	Picture	ITI	7160221	0	1	23825	1	0	next	other	0
41	462	Sound	test	7172422	0	1			0		other	0
41	462	Picture	response	7184046	11624	1	12829	1	11450	25000	incorrect	805
41	462	Port Input	1	7196686	24264	1
41	462	Response	3	7196686	24264	1
41	463	Picture	ITI	7197708	0	1	28490	1	0	next	other	0
41	464	Sound	test	7216009	0	1			0		other	0
41	464	Picture	response	7226198	10189	1	8497	1	10000	25000	incorrect	810
41	464	Port Input	1	7234586	18577	1
41	464	Response	3	7234586	18577	1
41	465	Picture	ITI	7235695	0	1	30656	1	0	next	other	0
41	466	Sound	test	7251186	0	1			0		other	0
41	466	Picture	response	7266351	15165	1	3332	1	15000	25000	incorrect	815
41	466	Port Input	1	7269581	18394	1
41	466	Response	3	7269581	18394	1
41	467	Picture	ITI	7270683	0	1	28990	1	0	next	other	0
41	468	Sound	test	7285485	0	1			0		other	0
41	468	Picture	response	7299673	14189	1	3499	1	14020	25000	incorrect	820
41	468	Port Input	2	7303056	17571	1
41	468	Response	4	7303056	17571	1
41	469	Picture	ITI	7304172	0	1	30156	1	0	next	other	0
41	470	Sound	test	7321103	0	1			0		other	0
41	470	Picture	response	7334328	13225	1	3999	1	13100	25000	incorrect	825
41	470	Port Input	1	7338269	17166	1
41	470	Response	3	7338269	17166	1
41	471	Picture	ITI	7339326	0	1	33489	1	0	next	other	0
41	472	Sound	test	7358738	0	1			0		other	0
41	472	Picture	response	7372815	14077	1	5498	1	14020	25000	incorrect	830
41	472	Port Input	1	7378116	19378	1
41	472	Response	3	7378116	19378	1
41	473	Picture	ITI	7379146	0	1	26158	1	0	next	other	0
41	474	Sound	test	7392157	0	1			0		other	0
41	474	Picture	response	7405304	13147	1	4498	1	13100	25000	incorrect	835
41	474	Port Input	2	7409634	17476	1
41	474	Response	4	7409634	17476	1
41	475	Picture	ITI	7410802	0	1	31989	1	0	next	other	0
41	476	Sound	test	7428663	0	1			0		other	0
41	476	Picture	response	7442791	14128	1	4998	1	14020	25000	incorrect	840
41	476	Port Input	2	7447617	18953	1
41	476	Response	4	7447617	18953	1
41	477	Picture	ITI	7448623	0	1	20326	1	0	next	other	0
41	478	Sound	test	7458854	0	1			0		other	0
41	478	Picture	response	7468949	10095	1	6498	1	10000	25000	incorrect	845
41	478	Port Input	1	7475344	16490	1
41	478	Response	3	7475344	16490	1
41	479	Picture	ITI	7476446	0	1	29656	1	0	next	other	0
41	480	Sound	test	7492878	0	1			0		other	0
41	480	Picture	response	7506103	13225	1	5165	1	13100	25000	incorrect	850
41	480	Port Input	1	7511193	18315	1
41	480	Response	3	7511193	18315	1
41	481	Picture	ITI	7512267	0	1	31489	1	0	next	other	0
41	482	Sound	test	7531449	0	1			0		other	0
41	482	Picture	response	7543757	12308	1	6664	1	12250	25000	incorrect	855
41	482	Port Input	1	7550363	18914	1
41	482	Response	3	7550363	18914	1
41	483	Picture	ITI	7551421	0	1	22659	1	0	next	other	0
41	484	Sound	test	7562572	0	1			0		other	0
41	484	Picture	response	7574080	11508	1	4998	1	11450	25000	incorrect	860
41	484	Port Input	1	7578975	16403	1
41	484	Response	3	7578975	16403	1
41	485	Picture	ITI	7580078	0	1	26158	1	0	next	other	0
41	486	Sound	test	7595399	0	1			0		other	0
41	486	Picture	response	7606235	10836	1	6165	1	10700	25000	incorrect	865
41	486	Port Input	1	7612294	16895	1
41	486	Response	3	7612294	16895	1
41	487	Picture	ITI	7613400	0	1	24658	1	0	next	other	0
41	488	Sound	test	7626501	0	1			0		other	0
41	488	Picture	response	7638058	11557	1	5498	1	11450	25000	incorrect	870
41	488	Port Input	1	7643416	16915	1
41	488	Response	3	7643416	16915	1
41	489	Picture	ITI	7644389	0	1	26824	1	0	next	other	0
41	490	Sound	test	7660410	0	1			0		other	0
41	490	Picture	response	7671213	10803	1	5332	1	10700	25000	incorrect	875
41	490	Port Input	1	7676474	16064	1
41	490	Response	3	7676474	16064	1
41	491	Picture	ITI	7677544	0	1	25491	1	0	next	other	0
41	492	Sound	test	7687936	0	1			0		other	0
41	492	Picture	response	7703036	15100	1	4332	1	15000	25000	incorrect	880
41	492	Port Input	2	7707242	19306	1
41	492	Response	4	7707242	19306	1
41	493	Picture	ITI	7708367	0	1	33322	1	0	next	other	0
41	494	Sound	test	7726648	0	1			0		other	0
41	494	Picture	response	7741689	15041	1	8664	1	15000	25000	incorrect	885
41	494	Port Input	1	7750233	23585	1
41	494	Response	3	7750233	23585	1
41	495	Picture	ITI	7751352	0	1	32655	1	0	next	other	0
41	496	Sound	test	7769874	0	1			0		other	0
41	496	Picture	response	7784008	14134	1	4998	1	14020	25000	incorrect	890
41	496	Port Input	2	7788883	19009	1
41	496	Response	4	7788883	19009	1
41	497	Picture	ITI	7790006	0	1	32822	1	0	next	other	0
41	498	Sound	test	7809627	0	1			0		other	0
41	498	Picture	response	7822828	13201	1	5498	1	13100	25000	incorrect	895
41	498	Port Input	1	7828209	18582	1
41	498	Response	3	7828209	18582	1
41	499	Picture	ITI	7829159	0	1	26658	1	0	next	other	0
41	500	Sound	test	7843380	0	1			0		other	0
41	500	Picture	response	7855817	12436	1	4498	1	12250	25000	incorrect	900
41	500	Port Input	1	7860268	16887	1
41	500	Response	3	7860268	16887	1
41	501	Picture	ITI	7861315	0	1	32655	1	0	next	other	0
41	502	Sound	test	7879766	0	1			0		other	0
41	502	Picture	response	7893970	14204	1	6664	1	14020	25000	incorrect	905
41	502	Port Input	1	7900469	20703	1
41	502	Response	3	7900469	20703	1
41	503	Picture	ITI	7901468	0	1	30656	1	0	next	other	0
41	504	Sound	test	7916999	0	1			0		other	0
41	504	Picture	response	7932124	15125	1	4332	1	15000	25000	incorrect	910
41	504	Port Input	2	7936391	19392	1
41	504	Response	4	7936391	19392	1
41	505	Picture	ITI	7937456	0	1	27157	1	0	next	other	0
41	506	Sound	test	7952207	0	1			0		other	0
41	506	Picture	response	7964613	12406	1	5165	1	12250	25000	incorrect	915
41	506	Port Input	1	7969720	17513	1
41	506	Response	3	7969720	17513	1
41	507	Picture	ITI	7970778	0	1	33822	1	0	next	other	0
41	508	Sound	test	7989459	0	1			0		other	0
41	508	Picture	response	8004599	15141	1	3832	1	15000	25000	incorrect	920
41	508	Port Input	1	8008296	18838	1
41	508	Response	3	8008296	18838	1
41	509	Picture	ITI	8009264	0	1	30823	1	0	next	other	0
41	510	Sound	test	8025936	0	1			0		other	0
41	510	Picture	response	8040087	14152	1	7331	1	14020	25000	incorrect	925
41	510	Port Input	1	8047300	21364	1
41	510	Response	3	8047300	21364	1
41	511	Picture	ITI	8048251	0	1	24991	1	0	next	other	0
41	512	Sound	test	8063112	0	1			0		other	0
41	512	Picture	response	8073242	10130	1	3999	1	10000	25000	incorrect	930
41	512	Port Input	1	8077120	14008	1
41	512	Response	3	8077120	14008	1
41	513	Picture	ITI	8078074	0	1	21993	1	0	next	other	0
41	514	Sound	test	8089215	0	1			0		other	0
41	514	Picture	response	8100067	10851	1	3999	1	10700	25000	incorrect	935
41	514	Port Input	1	8103963	14747	1
41	514	Response	3	8103963	14747	1
41	515	Picture	ITI	8105065	0	1	25824	1	0	next	other	0
41	516	Sound	test	8116696	0	1			0		other	0
41	516	Picture	response	8130889	14193	1	4498	1	14020	25000	incorrect	940
41	516	Port Input	1	8135282	18586	1
41	516	Response	3	8135282	18586	1
41	517	Picture	ITI	8136388	0	1	26824	1	0	next	other	0
41	518	Sound	test	8151639	0	1			0		other	0
41	518	Picture	response	8163212	11573	1	4998	1	11450	25000	incorrect	945
41	518	Port Input	1	8168007	16368	1
41	518	Response	3	8168007	16368	1
41	519	Picture	ITI	8169043	0	1	22159	1	0	next	other	0
41	520	Sound	test	8179664	0	1			0		other	0
41	520	Picture	response	8191202	11538	1	4832	1	11450	25000	incorrect	950
41	520	Port Input	1	8195943	16279	1
41	520	Response	3	8195943	16279	1
41	521	Picture	ITI	8197034	0	1	32989	1	0	next	other	0
41	522	Sound	test	8214905	0	1			0		other	0
41	522	Picture	response	8230022	15117	1	7164	1	15000	25000	incorrect	955
41	522	Port Input	2	8237102	22197	1
41	522	Response	4	8237102	22197	1
41	523	Picture	ITI	8238186	0	1	32156	1	0	next	other	0
41	524	Sound	test	8258017	0	1			0		other	0
41	524	Picture	response	8270342	12324	1	12163	1	12250	25000	incorrect	960
41	524	Port Input	1	8282321	24304	1
41	524	Response	3	8282321	24304	1
41	525	Picture	ITI	8283504	0	1	29990	1	0	next	other	0
41	526	Sound	test	8301115	0	1			0		other	0
41	526	Picture	response	8313494	12378	1	4998	1	12250	25000	incorrect	965
41	526	Port Input	1	8318306	17190	1
41	526	Response	3	8318306	17190	1
41	527	Picture	ITI	8319325	0	1	26658	1	0	next	other	0
41	528	Sound	test	8335836	0	1			0		other	0
41	528	Picture	response	8345983	10146	1	4998	1	10000	25000	incorrect	970
41	528	Port Input	1	8350791	14955	1
41	528	Response	3	8350791	14955	1
41	529	Picture	ITI	8351814	0	1	31656	1	0	next	other	0
41	530	Sound	test	8370265	0	1			0		other	0
41	530	Picture	response	8383470	13205	1	4499	1	13100	25000	incorrect	975
41	530	Port Input	1	8387827	17562	1
41	530	Response	3	8387827	17562	1
41	531	Picture	ITI	8388968	0	1	23325	1	0	next	other	0
41	532	Sound	test	8401419	0	1			0		other	0
41	532	Picture	response	8412293	10874	1	4832	1	10700	25000	incorrect	980
41	532	Port Input	1	8416991	15572	1
41	532	Response	3	8416991	15572	1
41	533	Picture	ITI	8417958	0	1	29657	1	0	next	other	0
41	534	Sound	test	8434479	0	1			0		other	0
41	534	Picture	response	8447615	13135	1	4998	1	13100	25000	incorrect	985
41	534	Port Input	1	8452424	17944	1
41	534	Response	3	8452424	17944	1
41	535	Picture	ITI	8453446	0	1	27824	1	0	next	other	0
41	536	Sound	test	8471187	0	1			0		other	0
41	536	Picture	response	8481270	10083	1	11829	1	10000	25000	incorrect	990
41	536	Port Input	1	8493041	21854	1
41	536	Response	3	8493041	21854	1
41	537	Picture	ITI	8494099	0	1	23825	1	0	next	other	0
41	538	Sound	test	8507820	0	1			0		other	0
41	538	Picture	response	8517924	10104	1	6331	1	10000	25000	incorrect	995
41	538	Port Input	1	8524215	16395	1
41	538	Response	3	8524215	16395	1
41	539	Picture	ITI	8525255	0	1	26824	1	0	next	other	0
41	540	Sound	test	8537966	0	1			0		other	0
41	540	Picture	response	8552079	14113	1	5165	1	14020	25000	incorrect	1000
41	540	Port Input	2	8557065	19099	1
41	540	Response	4	8557065	19099	1
41	541	Picture	ITI	8558077	0	1	20993	1	0	next	other	0
41	542	Sound	test	8568278	0	1			0		other	0
41	542	Picture	response	8579070	10792	1	5831	1	10700	25000	incorrect	1005
41	542	Port Input	1	8584813	16535	1
41	542	Response	3	8584813	16535	1
41	543	Picture	ITI	8585901	0	1	27990	1	0	next	other	0
41	544	Sound	test	8601462	0	1			0		other	0
41	544	Picture	response	8613891	12429	1	19493	1	12250	25000	incorrect	1010
41	544	Port Input	1	8633344	31882	1
41	544	Response	3	8633344	31882	1
41	545	Picture	ITI	8634384	0	1	29490	1	0	next	other	0
41	546	Sound	test	8653775	0	1			0		other	0
41	546	Picture	response	8663874	10099	1	3832	1	10000	25000	incorrect	1015
41	546	Port Input	1	8667620	13845	1
41	546	Response	3	8667620	13845	1
41	547	Picture	ITI	8668706	0	1	26158	1	0	next	other	0
41	548	Sound	test	8684677	0	1			0		other	0
41	548	Picture	response	8694864	10186	1	4498	1	10000	25000	incorrect	1020
41	548	Port Input	1	8699304	14627	1
41	548	Response	3	8699304	14627	1
41	549	Picture	ITI	8700362	0	1	31156	1	0	next	other	0
41	550	Sound	test	8719083	0	1			0		other	0
41	550	Picture	response	8731518	12435	1	3999	1	12250	25000	incorrect	1025
41	550	Port Input	1	8735382	16299	1
41	550	Response	3	8735382	16299	1
41	551	Picture	ITI	8736349	0	1	23159	1	0	next	other	0
41	552	Sound	test	8748021	0	1			0		other	0
41	552	Picture	response	8759508	11488	1	4498	1	11450	25000	incorrect	1030
41	552	Port Input	1	8763870	15849	1
41	552	Response	3	8763870	15849	1
41	553	Picture	ITI	8764840	0	1	22992	1	0	next	other	0
41	554	Sound	test	8776971	0	1			0		other	0
41	554	Picture	response	8787832	10861	1	3499	1	10700	25000	incorrect	1035
41	554	Port Input	1	8791253	14283	1
41	554	Response	3	8791253	14283	1
41	555	Picture	ITI	8792330	0	1	30323	1	0	next	other	0
41	556	Sound	test	8811771	0	1			0		other	0
41	556	Picture	response	8822653	10882	1	4332	1	10700	25000	incorrect	1040
41	556	Port Input	1	8826811	15039	1
41	556	Response	3	8826811	15039	1
41	557	Picture	ITI	8827985	0	1	21826	1	0	next	other	0
41	558	Sound	test	8838236	0	1			0		other	0
41	558	Picture	response	8849811	11575	1	4165	1	11450	25000	incorrect	1045
41	558	Port Input	1	8853788	15552	1
41	558	Response	3	8853788	15552	1
41	559	Picture	ITI	8854809	0	1	31989	1	0	next	other	0
41	560	Sound	test	8874480	0	1			0		other	0
41	560	Picture	response	8886798	12318	1	3832	1	12250	25000	incorrect	1050
41	560	Port Input	1	8890470	15990	1
41	560	Response	3	8890470	15990	1
41	561	Picture	ITI	8891463	0	1	29990	1	0	next	other	0
41	562	Sound	test	8910574	0	1			0		other	0
41	562	Picture	response	8921453	10879	1	6664	1	10700	25000	incorrect	1055
41	562	Port Input	1	8928037	17463	1
41	562	Response	3	8928037	17463	1
41	563	Picture	ITI	8929117	0	1	23825	1	0	next	other	0
41	564	Sound	test	8942138	0	1			0		other	0
41	564	Picture	response	8952942	10804	1	4665	1	10700	25000	incorrect	1060
41	564	Port Input	1	8957409	15271	1
41	564	Response	3	8957409	15271	1
41	565	Picture	ITI	8958440	0	1	22992	1	0	next	other	0
41	566	Sound	test	8970681	0	1			0		other	0
41	566	Picture	response	8981432	10751	1	8664	1	10700	25000	incorrect	1065
41	566	Port Input	1	8990030	19349	1
41	566	Response	3	8990030	19349	1
41	567	Picture	ITI	8991096	0	1	22159	1	0	next	other	0
41	568	Sound	test	9003087	0	1			0		other	0
41	568	Picture	response	9013255	10168	1	4832	1	10000	25000	incorrect	1070
41	568	Port Input	1	9018039	14952	1
41	568	Response	3	9018039	14952	1
41	569	Picture	ITI	9019086	0	1	30323	1	0	next	other	0
41	570	Sound	test	9036177	0	1			0		other	0
41	570	Picture	response	9049409	13232	1	7831	1	13100	25000	incorrect	1075
41	570	Port Input	1	9057053	20875	1
41	570	Response	3	9057053	20875	1
41	571	Picture	ITI	9058073	0	1	23825	1	0	next	other	0
41	572	Sound	test	9069524	0	1			0		other	0
41	572	Picture	response	9081898	12374	1	5998	1	12250	25000	incorrect	1080
41	572	Port Input	1	9087748	18224	1
41	572	Response	3	9087748	18224	1
41	573	Picture	ITI	9088896	0	1	26491	1	0	next	other	0
41	574	Sound	test	9100267	0	1			0		other	0
41	574	Picture	response	9115387	15120	1	3832	1	15000	25000	incorrect	1085
41	574	Port Input	2	9119109	18842	1
41	574	Response	4	9119109	18842	1
41	575	Picture	ITI	9120052	0	1	27824	1	0	next	other	0
41	576	Sound	test	9137703	0	1			0		other	0
41	576	Picture	response	9147875	10173	1	4832	1	10000	25000	incorrect	1090
41	576	Port Input	1	9152573	14870	1
41	576	Response	3	9152573	14870	1
41	577	Picture	ITI	9153540	0	1	29323	1	0	next	other	0
41	578	Sound	test	9172051	0	1			0		other	0
41	578	Picture	response	9182864	10812	1	4332	1	10700	25000	incorrect	1095
41	578	Port Input	1	9187110	15058	1
41	578	Response	3	9187110	15058	1
41	579	Picture	ITI	9188195	0	1	32489	1	0	next	other	0
41	580	Sound	test	9205566	0	1			0		other	0
41	580	Picture	response	9220684	15118	1	3665	1	15000	25000	incorrect	1100
41	580	Port Input	2	9224208	18642	1
41	580	Response	4	9224208	18642	1
41	581	Picture	ITI	9225349	0	1	25491	1	0	next	other	0
41	582	Sound	test	9240790	0	1			0		other	0
41	582	Picture	response	9250840	10050	1	4498	1	10000	25000	incorrect	1105
41	582	Port Input	1	9255184	14394	1
41	582	Response	3	9255184	14394	1
41	583	Picture	ITI	9256172	0	1	29823	1	0	next	other	0
41	584	Sound	test	9274363	0	1			0		other	0
41	584	Picture	response	9285995	11632	1	7664	1	11450	25000	incorrect	1110
41	584	Port Input	1	9293480	19117	1
41	584	Response	3	9293480	19117	1
41	585	Picture	ITI	9294492	0	1	34655	1	0	next	other	0
41	586	Sound	test	9313983	0	1			0		other	0
41	586	Picture	response	9329147	15164	1	5498	1	15000	25000	incorrect	1115
41	586	Port Input	1	9334535	20551	1
41	586	Response	3	9334535	20551	1
41	587	Picture	ITI	9335645	0	1	24325	1	0	next	other	0
41	588	Sound	test	9349876	0	1			0		other	0
41	588	Picture	response	9359970	10094	1	8497	1	10000	25000	incorrect	1120
41	588	Port Input	1	9368342	18466	1
41	588	Response	3	9368342	18466	1
41	589	Picture	ITI	9369466	0	1	21826	1	0	next	other	0
41	590	Sound	test	9379778	0	1			0		other	0
41	590	Picture	response	9391292	11515	1	6998	1	11450	25000	incorrect	1125
41	590	Port Input	1	9398121	18343	1
41	590	Response	3	9398121	18343	1
41	591	Picture	ITI	9399290	0	1	24158	1	0	next	other	0
41	592	Sound	test	9411941	0	1			0		other	0
41	592	Picture	response	9423448	11507	1	12163	1	11450	25000	incorrect	1130
41	592	Port Input	1	9435542	23601	1
41	592	Response	3	9435542	23601	1
41	593	Picture	ITI	9436610	0	1	33489	1	0	next	other	0
41	594	Sound	test	9454992	0	1			0		other	0
41	594	Picture	response	9470099	15107	1	12829	1	15000	25000	incorrect	1135
41	594	Port Input	1	9482771	27779	1
41	594	Response	3	9482771	27779	1
41	595	Picture	ITI	9483761	0	1	32156	1	0	next	other	0
41	596	Sound	test	9503492	0	1			0		other	0
41	596	Picture	response	9515916	12424	1	6998	1	12250	25000	incorrect	1140
41	596	Port Input	1	9522743	19251	1
41	596	Response	3	9522743	19251	1
41	597	Picture	ITI	9523747	0	1	30989	1	0	next	other	0
41	598	Sound	test	9540529	0	1			0		other	0
41	598	Picture	response	9554737	14207	1	4332	1	14020	25000	incorrect	1145
41	598	Port Input	1	9558904	18375	1
41	598	Response	3	9558904	18375	1
41	599	Picture	ITI	9560068	0	1	27157	1	0	next	other	0
41	600	Sound	test	9575719	0	1			0		other	0
41	600	Picture	response	9587225	11506	1	7331	1	11450	25000	incorrect	1150
41	600	Port Input	1	9594430	18711	1
41	600	Response	3	9594430	18711	1
41	601	Picture	ITI	9595556	0	1	23492	1	0	next	other	0
41	602	Sound	test	9606737	0	1			0		other	0
41	602	Picture	response	9619048	12311	1	3999	1	12250	25000	incorrect	1155
41	602	Port Input	1	9622990	16253	1
41	602	Response	3	9622990	16253	1
41	603	Picture	ITI	9624046	0	1	23159	1	0	next	other	0
41	604	Sound	test	9635597	0	1			0		other	0
41	604	Picture	response	9647205	11607	1	6331	1	11450	25000	incorrect	1160
41	604	Port Input	1	9653435	17838	1
41	604	Response	3	9653435	17838	1
41	605	Picture	ITI	9654536	0	1	27491	1	0	next	other	0
41	606	Sound	test	9667817	0	1			0		other	0
41	606	Picture	response	9682026	14209	1	3332	1	14020	25000	incorrect	1165
41	606	Port Input	1	9685234	17417	1
41	606	Response	3	9685234	17417	1
41	607	Picture	ITI	9686358	0	1	27324	1	0	next	other	0
41	608	Sound	test	9703539	0	1			0		other	0
41	608	Picture	response	9713682	10143	1	4332	1	10000	25000	incorrect	1170
41	608	Port Input	1	9717948	14409	1
41	608	Response	3	9717948	14409	1
41	609	Picture	ITI	9719014	0	1	26491	1	0	next	other	0
41	610	Sound	test	9732275	0	1			0		other	0
41	610	Picture	response	9745505	13230	1	3999	1	13100	25000	incorrect	1175
41	610	Port Input	1	9749393	17118	1
41	610	Response	3	9749393	17118	1
41	611	Picture	ITI	9750336	0	1	31156	1	0	next	other	0
41	612	Sound	test	9767408	0	1			0		other	0
41	612	Picture	response	9781492	14085	1	3999	1	14020	25000	incorrect	1180
41	612	Port Input	1	9785440	18032	1
41	612	Response	3	9785440	18032	1
41	613	Picture	ITI	9786491	0	1	27157	1	0	next	other	0
41	614	Sound	test	9799572	0	1			0		other	0
41	614	Picture	response	9813648	14076	1	5998	1	14020	25000	incorrect	1185
41	614	Port Input	2	9819591	20019	1
41	614	Response	4	9819591	20019	1
41	615	Picture	ITI	9820646	0	1	28324	1	0	next	other	0
41	616	Sound	test	9838887	0	1			0		other	0
41	616	Picture	response	9848969	10082	1	3999	1	10000	25000	incorrect	1190
41	616	Port Input	1	9852889	14002	1
41	616	Response	3	9852889	14002	1
41	617	Picture	ITI	9853968	0	1	26324	1	0	next	other	0
41	618	Sound	test	9868729	0	1			0		other	0
41	618	Picture	response	9880292	11563	1	3832	1	11450	25000	incorrect	1195
41	618	Port Input	1	9884000	15271	1
41	618	Response	3	9884000	15271	1
41	619	Picture	ITI	9884957	0	1	29157	1	0	next	other	0
41	620	Sound	test	9900988	0	1			0		other	0
41	620	Picture	response	9914114	13125	1	4665	1	13100	25000	incorrect	1200
41	620	Port Input	1	9918641	17653	1
41	620	Response	3	9918641	17653	1
41	621	Picture	ITI	9919778	0	1	29323	1	0	next	other	0
41	622	Sound	test	9934910	0	1			0		other	0
41	622	Picture	response	9949102	14192	1	3499	1	14020	25000	incorrect	1205
41	622	Port Input	1	9952491	17581	1
41	622	Response	3	9952491	17581	1
41	623	Picture	ITI	9953434	0	1	29490	1	0	next	other	0
41	624	Sound	test	9970615	0	1			0		other	0
41	624	Picture	response	9982924	12309	1	6831	1	12250	25000	incorrect	1210
41	624	Port Input	1	9989683	19068	1
41	624	Response	3	9989683	19068	1
41	625	Picture	ITI	9990754	0	1	30490	1	0	next	other	0
41	626	Sound	test	10006185	0	1			0		other	0
41	626	Picture	response	10021244	15058	1	6998	1	15000	25000	incorrect	1215
41	626	Port Input	1	10028155	21970	1
41	626	Response	3	10028155	21970	1
41	627	Picture	ITI	10029241	0	1	31989	1	0	next	other	0
41	628	Sound	test	10048922	0	1			0		other	0
41	628	Picture	response	10061230	12308	1	5165	1	12250	25000	incorrect	1220
41	628	Port Input	1	10066212	17289	1
41	628	Response	3	10066212	17289	1
41	629	Picture	ITI	10067228	0	1	27990	1	0	next	other	0
41	630	Sound	test	10080159	0	1			0		other	0
41	630	Picture	response	10095219	15059	1	3499	1	15000	25000	incorrect	1225
41	630	Port Input	2	10098603	18444	1
41	630	Response	4	10098603	18444	1
41	631	Picture	ITI	10099717	0	1	21493	1	0	next	other	0
41	632	Sound	test	10111088	0	1			0		other	0
41	632	Picture	response	10121210	10121	1	5165	1	10000	25000	incorrect	1230
41	632	Port Input	1	10126310	15222	1
41	632	Response	3	10126310	15222	1
41	633	Picture	ITI	10127374	0	1	30989	1	0	next	other	0
41	634	Sound	test	10145146	0	1			0		other	0
41	634	Picture	response	10158364	13218	1	4165	1	13100	25000	incorrect	1235
41	634	Port Input	1	10162398	17253	1
41	634	Response	3	10162398	17253	1
41	635	Picture	ITI	10163529	0	1	30656	1	0	next	other	0
41	636	Sound	test	10180130	0	1			0		other	0
41	636	Picture	response	10194185	14055	1	2832	1	14020	25000	incorrect	1240
41	636	Port Input	1	10196821	16691	1
41	636	Response	3	10196821	16691	1
41	637	Picture	ITI	10197850	0	1	29157	1	0	next	other	0
41	638	Sound	test	10216851	0	1			0		other	0
41	638	Picture	response	10227007	10156	1	3999	1	10000	25000	incorrect	1245
41	638	Port Input	1	10230962	14110	1
41	638	Response	3	10230962	14110	1
41	639	Picture	ITI	10232005	0	1	27824	1	0	next	other	0
41	640	Sound	test	10248286	0	1			0		other	0
41	640	Picture	response	10259829	11543	1	4665	1	11450	25000	incorrect	1250
41	640	Port Input	1	10264447	16161	1
41	640	Response	3	10264447	16161	1
41	641	Picture	ITI	10265494	0	1	32322	1	0	next	other	0
41	642	Sound	test	10282645	0	1			0		other	0
41	642	Picture	response	10297816	15171	1	3332	1	15000	25000	incorrect	1255
41	642	Port Input	1	10300983	18338	1
41	642	Response	3	10300983	18338	1
41	643	Picture	ITI	10301981	0	1	24492	1	0	next	other	0
41	644	Sound	test	10314942	0	1			0		other	0
41	644	Picture	response	10326473	11530	1	4998	1	11450	25000	incorrect	1260
41	644	Port Input	1	10331355	16413	1
41	644	Response	3	10331355	16413	1
41	645	Picture	ITI	10332471	0	1	29323	1	0	next	other	0
41	646	Sound	test	10348562	0	1			0		other	0
41	646	Picture	response	10361794	13232	1	5498	1	13100	25000	incorrect	1265
41	646	Port Input	1	10367131	18569	1
41	646	Response	3	10367131	18569	1
41	647	Picture	ITI	10368125	0	1	31323	1	0	next	other	0
41	648	Sound	test	10385357	0	1			0		other	0
41	648	Picture	response	10399448	14091	1	5998	1	14020	25000	incorrect	1270
41	648	Port Input	1	10405270	19914	1
41	648	Response	3	10405270	19914	1
41	649	Picture	ITI	10406279	0	1	23325	1	0	next	other	0
41	650	Sound	test	10418860	0	1			0		other	0
41	650	Picture	response	10429604	10744	1	6331	1	10700	25000	incorrect	1275
41	650	Port Input	1	10435872	17011	1
41	650	Response	3	10435872	17011	1
41	651	Picture	ITI	10436935	0	1	30490	1	0	next	other	0
41	652	Sound	test	10454276	0	1			0		other	0
41	652	Picture	response	10467425	13148	1	4832	1	13100	25000	incorrect	1280
41	652	Port Input	1	10472168	17892	1
41	652	Response	3	10472168	17892	1
41	653	Picture	ITI	10473256	0	1	24158	1	0	next	other	0
41	654	Sound	test	10487287	0	1			0		other	0
41	654	Picture	response	10497415	10127	1	5998	1	10000	25000	incorrect	1285
41	654	Port Input	1	10503290	16002	1
41	654	Response	3	10503290	16002	1
41	655	Picture	ITI	10504246	0	1	24492	1	0	next	other	0
41	656	Sound	test	10517877	0	1			0		other	0
41	656	Picture	response	10528737	10860	1	4332	1	10700	25000	incorrect	1290
41	656	Port Input	1	10533027	15150	1
41	656	Response	3	10533027	15150	1
41	657	Picture	ITI	10534069	0	1	23325	1	0	next	other	0
41	658	Sound	test	10544240	0	1			0		other	0
41	658	Picture	response	10557394	13154	1	3999	1	13100	25000	incorrect	1295
41	658	Port Input	1	10561306	17066	1
41	658	Response	3	10561306	17066	1
41	659	Picture	ITI	10562392	0	1	27324	1	0	next	other	0
41	660	Sound	test	10574684	0	1			0		other	0
41	660	Picture	response	10589716	15033	1	3665	1	15000	25000	incorrect	1300
41	660	Port Input	1	10593333	18650	1
41	660	Response	3	10593333	18650	1
41	661	Picture	ITI	10594381	0	1	26991	1	0	next	other	0
41	662	Sound	test	10606193	0	1			0		other	0
41	662	Picture	response	10621372	15179	1	8164	1	15000	25000	incorrect	1305
41	662	Port Input	1	10629411	23219	1
41	662	Response	3	10629411	23219	1
41	663	Picture	ITI	10630536	0	1	29490	1	0	next	other	0
41	664	Sound	test	10647637	0	1			0		other	0
41	664	Picture	response	10660026	12389	1	3499	1	12250	25000	incorrect	1310
41	664	Port Input	1	10663469	15832	1
41	664	Response	3	10663469	15832	1
41	665	Picture	ITI	10664524	0	1	32156	1	0	next	other	0
41	666	Sound	test	10684335	0	1			0		other	0
41	666	Picture	response	10696680	12344	1	4332	1	12250	25000	incorrect	1315
41	666	Port Input	1	10700963	16628	1
41	666	Response	3	10700963	16628	1
41	667	Picture	ITI	10702011	0	1	21159	1	0	next	other	0
41	668	Sound	test	10713083	0	1			0		other	0
41	668	Picture	response	10723171	10088	1	6165	1	10000	25000	incorrect	1320
41	668	Port Input	1	10729211	16129	1
41	668	Response	3	10729211	16129	1
41	669	Picture	ITI	10730335	0	1	31822	1	0	next	other	0
41	670	Sound	test	10747086	0	1			0		other	0
41	670	Picture	response	10762157	15071	1	4332	1	15000	25000	incorrect	1325
41	670	Port Input	2	10766393	19306	1
41	670	Response	4	10766393	19306	1
41	671	Picture	ITI	10767489	0	1	28490	1	0	next	other	0
41	672	Sound	test	10782730	0	1			0		other	0
41	672	Picture	response	10795979	13249	1	3665	1	13100	25000	incorrect	1330
41	672	Port Input	1	10799576	16846	1
41	672	Response	3	10799576	16846	1
41	673	Picture	ITI	10800644	0	1	20160	1	0	next	other	0
41	674	Picture	Instruction	10820804	0	1	141569	1	0	next	other	0
41	674	Quit		10956831	136027	NA


{
   "app": "Presentation Version 20.2 Build 07.25.18",
   "device": "LENOVO 10A8S1PC00",
   "experiment": "{772213B2-5F0F-4A35-9C2F-36954700C7EA}",
   "os": "Windows 7 64 bit",
   "package": "",
   "parameters": {
      "configuration": "Default configuration"
   },
   "scenario": "Timing Task with Dynanometer.sce",
   "subject": "41",
   "timestamp": "2019/03/13 09:38:24 GMT"
}
