Scenario - Timing Task
Logfile written - 03/10/2019 11:59:54

Subject	Trial	Event Type	Code	Time	TTime	Uncertainty	Duration	Uncertainty	ReqTime	ReqDur	Stim Type	Pair Index

7	1	Picture	Instruction	333	0	1	295066	1	0	next	other	0
7	1	Response	1	290330	289997	0
7	2	Picture	ITI	295399	0	1	10496	1	0	next	other	0
7	3	Sound	Stimuli	305415	0	400			0		other	0
7	4	Picture	Feedback	335885	0	1	20160	1	0	next	other	0
7	5	Picture	ITI	356045	0	1	10163	1	0	next	other	0
7	6	Sound	Stimuli	366046	0	1			0		other	0
7	7	Picture	Feedback	401029	0	1	20160	1	0	next	other	0
7	8	Picture	ITI	421189	0	1	10163	1	0	next	other	0
7	9	Sound	Stimuli	431191	0	1			0		other	0
7	10	Picture	Feedback	461342	0	1	20160	1	0	next	other	0
7	11	Picture	ITI	481502	0	1	10163	1	0	next	other	0
7	11	Response	4	485498	3996	1
7	12	Sound	Stimuli	491503	0	1			0		other	0
7	13	Picture	Feedback	526653	0	1	20160	1	0	next	other	0
7	13	Response	3	530164	3511	1
7	13	Response	4	530164	3511	1
7	14	Picture	ITI	546813	0	1	10163	1	0	next	other	0
7	15	Sound	Stimuli	556814	0	1			0		other	0
7	16	Picture	Feedback	586966	0	1	20160	1	0	next	other	0
7	17	Picture	ITI	607126	0	1	10163	1	0	next	other	0
7	18	Sound	Stimuli	617127	0	1			0		other	0
7	19	Picture	Feedback	652277	0	1	20160	1	0	next	other	0
7	19	Response	4	659934	7657	1
7	19	Response	3	660286	8009	1
7	19	Response	4	660286	8009	1
7	19	Response	3	661310	9033	1
7	19	Response	4	661310	9033	1
7	19	Response	3	663006	10729	1
7	19	Response	4	663006	10729	1
7	19	Response	3	663007	10730	1
7	19	Response	3	668003	15726	1
7	19	Response	4	668003	15726	1
7	20	Picture	ITI	672437	0	1	10163	1	0	next	other	0
7	21	Sound	Stimuli	682438	0	1			0		other	0
7	22	Picture	Feedback	712423	0	1	20160	1	0	next	other	0
7	23	Picture	ITI	732583	0	1	10163	1	0	next	other	0
7	24	Sound	Stimuli	742584	0	1			0		other	0
7	25	Picture	Feedback	777734	0	1	20160	1	0	next	other	0
7	26	Picture	ITI	797894	0	1	10163	1	0	next	other	0
7	27	Sound	Stimuli	807895	0	1			0		other	0
7	28	Picture	Feedback	838047	0	1	20160	1	0	next	other	0
7	29	Picture	ITI	858207	0	1	10163	1	0	next	other	0
7	30	Sound	Stimuli	868208	0	1			0		other	0
7	30	Port Input	2	887949	19741	1
7	31	Picture	Feedback	903358	0	1	20160	1	0	next	other	0
7	32	Picture	End_Block	923518	0	1	36321	1	0	next	other	0
7	32	Response	1	959682	36164	0
7	33	Picture	ITI	959839	0	1	10163	1	0	next	other	0
7	34	Picture	Break	970002	0	1	25158	1	0	next	other	0
7	34	Response	1	995121	25119	0
7	35	Picture	ITI	995160	0	1	10163	1	0	next	other	0
7	36	Picture	Instruction	1005323	0	1	50483	1	0	next	other	0
7	36	Response	1	1050720	45397	0
7	37	Picture	ITI	1055806	0	1	20826	1	0	next	other	0
7	38	Sound	Practice	1066567	0	1			0		other	0
7	38	Picture	response	1076632	10065	1	10330	1	10000	25000	hit	59
7	38	Port Input	1	1086825	20257	1
7	38	Response	3	1086825	20257	1
7	39	Picture	ITI	1096958	0	1	27990	1	0	next	other	0
7	40	Sound	Practice	1114760	0	1			0		other	0
7	40	Picture	response	1124949	10189	1	9164	1	10000	25000	hit	64
7	40	Port Input	1	1133917	19157	1
7	40	Response	3	1133917	19157	1
7	41	Picture	ITI	1144109	0	1	29490	1	0	next	other	0
7	42	Sound	Practice	1158490	0	1			0		other	0
7	42	Picture	response	1173599	15109	1	10496	1	15000	25000	incorrect	69
7	42	Port Input	1	1184029	25539	1
7	42	Response	3	1184029	25539	1
7	43	Picture	ITI	1194092	0	1	27324	1	0	next	other	0
7	44	Sound	Practice	1211333	0	1			0		other	0
7	44	Picture	response	1221416	10083	1	8497	1	10000	25000	hit	74
7	44	Port Input	1	1229768	18434	1
7	44	Response	3	1229768	18434	1
7	45	Picture	ITI	1239910	0	1	29823	1	0	next	other	0
7	46	Sound	Practice	1259691	0	1			0		other	0
7	46	Picture	response	1269733	10042	1	25158	1	10000	25000	miss	0
7	47	Picture	ITI	1305221	0	1	25491	1	0	next	other	0
7	48	Sound	Practice	1320612	0	1			0		other	0
7	48	Picture	response	1330712	10100	1	10330	1	10000	25000	incorrect	82
7	48	Port Input	2	1340862	20250	1
7	48	Response	4	1340862	20250	1
7	49	Picture	ITI	1351038	0	1	25158	1	0	next	other	0
7	50	Sound	Practice	1366051	0	2			0		other	0
7	50	Picture	response	1376196	10146	1	7831	1	10000	25000	hit	87
7	50	Port Input	1	1383852	17801	1
7	50	Response	3	1383852	17801	1
7	51	Picture	ITI	1394024	0	1	20826	1	0	next	other	0
7	52	Sound	Practice	1404745	0	1			0		other	0
7	52	Picture	response	1414850	10105	1	8830	1	10000	25000	hit	92
7	52	Port Input	1	1423563	18817	1
7	52	Response	3	1423563	18817	1
7	53	Picture	ITI	1433677	0	1	22826	1	0	next	other	0
7	54	Sound	Practice	1446358	0	1			0		other	0
7	54	Picture	response	1456502	10144	1	6331	1	10000	25000	hit	97
7	54	Port Input	1	1462638	16280	1
7	54	Response	3	1462638	16280	1
7	55	Picture	ITI	1472830	0	1	30156	1	0	next	other	0
7	56	Sound	Practice	1487832	0	1			0		other	0
7	56	Picture	response	1502986	15155	1	4665	1	15000	25000	hit	102
7	56	Port Input	2	1507523	19692	1
7	56	Response	4	1507523	19692	1
7	57	Picture	ITI	1517648	0	1	31822	1	0	next	other	0
7	58	Sound	Practice	1534440	0	1			0		other	0
7	58	Picture	response	1549471	15031	1	6165	1	15000	25000	hit	107
7	58	Port Input	2	1555438	20999	1
7	58	Response	4	1555438	20999	1
7	59	Picture	ITI	1565465	0	1	28157	1	0	next	other	0
7	60	Sound	Practice	1583507	0	1			0		other	0
7	60	Picture	response	1593622	10116	1	6498	1	10000	25000	hit	112
7	60	Port Input	1	1600011	16505	1
7	60	Response	3	1600011	16505	1
7	61	Picture	ITI	1610117	0	1	23992	1	0	next	other	0
7	62	Sound	Practice	1623928	0	1			0		other	0
7	62	Picture	response	1634108	10180	1	6331	1	10000	25000	hit	117
7	62	Port Input	1	1640242	16314	1
7	62	Response	3	1640242	16314	1
7	63	Picture	ITI	1650270	0	1	25825	1	0	next	other	0
7	64	Sound	Practice	1660931	0	1			0		other	0
7	64	Picture	response	1676094	15163	1	6498	1	15000	25000	hit	122
7	64	Port Input	2	1682441	21510	1
7	64	Response	4	1682441	21510	1
7	65	Picture	ITI	1692588	0	1	27990	1	0	next	other	0
7	66	Sound	Practice	1705470	0	1			0		other	0
7	66	Picture	response	1720579	15109	1	4998	1	15000	25000	hit	127
7	66	Port Input	2	1725452	19983	1
7	66	Response	4	1725452	19983	1
7	67	Picture	ITI	1735574	0	1	34155	1	0	next	other	0
7	68	Sound	Practice	1754675	0	1			0		other	0
7	68	Picture	response	1769729	15054	1	4498	1	15000	25000	hit	132
7	68	Port Input	2	1774107	19432	1
7	68	Response	4	1774107	19432	1
7	69	Picture	ITI	1784224	0	1	22159	1	0	next	other	0
7	70	Sound	Practice	1796355	0	1			0		other	0
7	70	Picture	response	1806383	10028	1	5665	1	10000	25000	hit	137
7	70	Port Input	1	1811985	15630	1
7	70	Response	3	1811985	15630	1
7	71	Picture	ITI	1822044	0	1	29657	1	0	next	other	0
7	72	Sound	Practice	1836566	0	1			0		other	0
7	72	Picture	response	1851701	15135	1	4998	1	15000	25000	hit	142
7	72	Port Input	2	1856506	19940	1
7	72	Response	4	1856506	19940	1
7	73	Picture	ITI	1866696	0	1	29490	1	0	next	other	0
7	74	Sound	Practice	1886017	0	1			0		other	0
7	74	Picture	response	1896186	10168	1	4665	1	10000	25000	hit	147
7	74	Port Input	1	1900704	14687	1
7	74	Response	3	1900704	14687	1
7	75	Picture	ITI	1910847	0	1	25325	1	0	next	other	0
7	76	Sound	Practice	1921089	0	1			0		other	0
7	76	Picture	response	1936172	15083	1	3832	1	15000	25000	hit	152
7	76	Port Input	2	1939956	18868	1
7	76	Response	4	1939956	18868	1
7	77	Picture	ITI	1950000	0	1	26158	1	0	next	other	0
7	78	Sound	Practice	1966012	0	1			0		other	0
7	78	Picture	response	1976158	10146	1	7497	1	10000	25000	hit	157
7	78	Port Input	1	1983540	17528	1
7	78	Response	3	1983540	17528	1
7	79	Picture	ITI	1993652	0	1	34655	1	0	next	other	0
7	80	Sound	Practice	2013164	0	1			0		other	0
7	80	Picture	response	2028307	15143	1	4332	1	15000	25000	hit	162
7	80	Port Input	2	2032507	19343	1
7	80	Response	4	2032507	19343	1
7	81	Picture	ITI	2042636	0	1	22492	1	0	next	other	0
7	82	Sound	Practice	2054937	0	1			0		other	0
7	82	Picture	response	2065128	10191	1	4165	1	10000	25000	hit	167
7	82	Port Input	1	2069135	14199	1
7	82	Response	3	2069135	14199	1
7	83	Picture	ITI	2079290	0	1	30656	1	0	next	other	0
7	84	Sound	Practice	2094781	0	1			0		other	0
7	84	Picture	response	2109946	15165	1	4498	1	15000	25000	hit	172
7	84	Port Input	2	2114281	19500	1
7	84	Response	4	2114281	19500	1
7	85	Picture	ITI	2124441	0	1	34155	1	0	next	other	0
7	86	Sound	Practice	2143542	0	1			0		other	0
7	86	Picture	response	2158596	15054	1	4498	1	15000	25000	incorrect	177
7	86	Port Input	1	2162967	19424	1
7	86	Response	3	2162967	19424	1
7	87	Picture	Break	2173091	0	1	15661	1	0	next	other	0
7	87	Response	1	2188546	15455	0
7	88	Picture	Instruction	2188752	0	1	26491	1	0	next	other	0
7	88	Response	1	2215106	26353	0
7	89	Picture	ITI	2215243	0	1	15162	1	0	next	other	0
7	90	Picture	ITI	2230405	0	1	26824	1	0	next	other	0
7	91	Sound	test	2245606	0	1			0		other	0
7	91	Picture	response	2257229	11623	1	4498	1	11450	25000	incorrect	187
7	91	Port Input	1	2261670	16064	1
7	91	Response	3	2261670	16064	1
7	92	Picture	ITI	2262727	0	1	30989	1	0	next	other	0
7	93	Sound	test	2280478	0	1			0		other	0
7	93	Picture	response	2293716	13238	1	4498	1	13100	25000	incorrect	192
7	93	Port Input	2	2298060	17581	1
7	93	Response	4	2298060	17581	1
7	94	Picture	ITI	2299215	0	1	32822	1	0	next	other	0
7	95	Sound	test	2317896	0	1			0		other	0
7	95	Picture	response	2332037	14141	1	4998	1	14020	25000	incorrect	197
7	95	Port Input	2	2336833	18937	1
7	95	Response	4	2336833	18937	1
7	96	Picture	ITI	2337868	0	1	31156	1	0	next	other	0
7	97	Sound	test	2355839	0	1			0		other	0
7	97	Picture	response	2369024	13185	1	9997	1	13100	25000	incorrect	202
7	97	Port Input	2	2378824	22985	1
7	97	Response	4	2378824	22985	1
7	98	Picture	ITI	2379854	0	1	24658	1	0	next	other	0
7	99	Sound	test	2394445	0	1			0		other	0
7	99	Picture	response	2404512	10067	1	5332	1	10000	25000	incorrect	207
7	99	Port Input	1	2409758	15313	1
7	99	Response	3	2409758	15313	1
7	100	Picture	ITI	2410843	0	1	27657	1	0	next	other	0
7	101	Sound	test	2426064	0	1			0		other	0
7	101	Picture	response	2438500	12436	1	5998	1	12250	25000	incorrect	212
7	101	Port Input	2	2444293	18229	1
7	101	Response	4	2444293	18229	1
7	102	Picture	ITI	2445331	0	1	21159	1	0	next	other	0
7	103	Sound	test	2456433	0	1			0		other	0
7	103	Picture	response	2466491	10058	1	5831	1	10000	25000	incorrect	217
7	103	Port Input	1	2472260	15827	1
7	103	Response	3	2472260	15827	1
7	104	Picture	ITI	2473322	0	1	26158	1	0	next	other	0
7	105	Sound	test	2487933	0	1			0		other	0
7	105	Picture	response	2499479	11547	1	4998	1	11450	25000	incorrect	222
7	105	Port Input	1	2504338	16405	1
7	105	Response	3	2504338	16405	1
7	106	Picture	ITI	2505311	0	1	31156	1	0	next	other	0
7	107	Sound	test	2523302	0	1			0		other	0
7	107	Picture	response	2536467	13165	1	5165	1	13100	25000	incorrect	227
7	107	Port Input	2	2541581	18279	1
7	107	Response	4	2541581	18279	1
7	108	Picture	ITI	2542631	0	1	29323	1	0	next	other	0
7	109	Sound	test	2560413	0	1			0		other	0
7	109	Picture	response	2571955	11542	1	10496	1	11450	25000	incorrect	232
7	109	Port Input	1	2582406	21993	1
7	109	Response	3	2582406	21993	1
7	110	Picture	ITI	2583451	0	1	27324	1	0	next	other	0
7	111	Sound	test	2598432	0	1			0		other	0
7	111	Picture	response	2610775	12343	1	4498	1	12250	25000	incorrect	237
7	111	Port Input	1	2615182	16751	1
7	111	Response	3	2615182	16751	1
7	112	Picture	ITI	2616273	0	1	29657	1	0	next	other	0
7	113	Sound	test	2635154	0	1			0		other	0
7	113	Picture	response	2645929	10775	1	5498	1	10700	25000	incorrect	242
7	113	Port Input	1	2651364	16209	1
7	113	Response	3	2651364	16209	1
7	114	Picture	ITI	2652427	0	1	26158	1	0	next	other	0
7	115	Sound	test	2664398	0	1			0		other	0
7	115	Picture	response	2678585	14187	1	7997	1	14020	25000	incorrect	247
7	115	Port Input	2	2686483	22084	1
7	115	Response	4	2686483	22084	1
7	116	Picture	ITI	2687582	0	1	26824	1	0	next	other	0
7	117	Sound	test	2704333	0	1			0		other	0
7	117	Picture	response	2714406	10073	1	5165	1	10000	25000	incorrect	252
7	117	Port Input	1	2719384	15051	1
7	117	Response	3	2719384	15051	1
7	118	Picture	ITI	2720404	0	1	31989	1	0	next	other	0
7	119	Sound	test	2739165	0	1			0		other	0
7	119	Picture	response	2752393	13228	1	5498	1	13100	25000	incorrect	257
7	119	Port Input	2	2757699	18534	1
7	119	Response	4	2757699	18534	1
7	120	Picture	ITI	2758724	0	1	33155	1	0	next	other	0
7	121	Sound	test	2776736	0	1			0		other	0
7	121	Picture	response	2791880	15144	1	3832	1	15000	25000	incorrect	262
7	121	Port Input	2	2795630	18894	1
7	121	Response	4	2795630	18894	1
7	122	Picture	ITI	2796711	0	1	26824	1	0	next	other	0
7	123	Sound	test	2809392	0	1			0		other	0
7	123	Picture	response	2823535	14143	1	4332	1	14020	25000	incorrect	267
7	123	Port Input	2	2827688	18295	1
7	123	Response	4	2827688	18295	1
7	124	Picture	ITI	2828700	0	1	30156	1	0	next	other	0
7	125	Sound	test	2848102	0	1			0		other	0
7	125	Picture	response	2858857	10755	1	4498	1	10700	25000	incorrect	272
7	125	Port Input	1	2863306	15205	1
7	125	Response	3	2863306	15205	1
7	126	Picture	ITI	2864355	0	1	25658	1	0	next	other	0
7	127	Sound	test	2876726	0	1			0		other	0
7	127	Picture	response	2890013	13287	1	5165	1	13100	25000	incorrect	277
7	127	Port Input	1	2894990	18263	1
7	127	Response	3	2894990	18263	1
7	128	Picture	ITI	2896011	0	1	23659	1	0	next	other	0
7	129	Sound	test	2906412	0	1			0		other	0
7	129	Picture	response	2919669	13257	1	5998	1	13100	25000	incorrect	282
7	129	Port Input	2	2925527	19116	1
7	129	Response	4	2925527	19116	1
7	130	Picture	ITI	2926500	0	1	28824	1	0	next	other	0
7	131	Sound	test	2940222	0	1			0		other	0
7	131	Picture	response	2955324	15102	1	4665	1	15000	25000	incorrect	287
7	131	Port Input	2	2959949	19727	1
7	131	Response	4	2959949	19727	1
7	132	Picture	ITI	2960989	0	1	29490	1	0	next	other	0
7	133	Sound	test	2979750	0	1			0		other	0
7	133	Picture	response	2990478	10729	1	4498	1	10700	25000	incorrect	292
7	133	Port Input	1	2994891	15141	1
7	133	Response	3	2994891	15141	1
7	134	Picture	ITI	2995977	0	1	23992	1	0	next	other	0
7	135	Sound	test	3009838	0	1			0		other	0
7	135	Picture	response	3019968	10131	1	5332	1	10000	25000	incorrect	297
7	135	Port Input	1	3025095	15258	1
7	135	Response	3	3025095	15258	1
7	136	Picture	ITI	3026133	0	1	27824	1	0	next	other	0
7	137	Sound	test	3038894	0	1			0		other	0
7	137	Picture	response	3053957	15063	1	3999	1	15000	25000	incorrect	302
7	137	Port Input	2	3057830	18936	1
7	137	Response	4	3057830	18936	1
7	138	Picture	ITI	3058788	0	1	23159	1	0	next	other	0
7	139	Sound	test	3071120	0	1			0		other	0
7	139	Picture	response	3081947	10828	1	4832	1	10700	25000	incorrect	307
7	139	Port Input	1	3086702	15583	1
7	139	Response	3	3086702	15583	1
7	140	Picture	ITI	3087779	0	1	27157	1	0	next	other	0
7	141	Sound	test	3102540	0	1			0		other	0
7	141	Picture	response	3114936	12396	1	7164	1	12250	25000	incorrect	312
7	141	Port Input	1	3121915	19375	1
7	141	Response	3	3121915	19375	1
7	142	Picture	ITI	3122933	0	1	21826	1	0	next	other	0
7	143	Sound	test	3134684	0	1			0		other	0
7	143	Picture	response	3144759	10075	1	5332	1	10000	25000	incorrect	317
7	143	Port Input	1	3150037	15353	1
7	143	Response	3	3150037	15353	1
7	144	Picture	ITI	3151090	0	1	30323	1	0	next	other	0
7	145	Sound	test	3169061	0	1			0		other	0
7	145	Picture	response	3181413	12352	1	4998	1	12250	25000	incorrect	322
7	145	Port Input	2	3186354	17292	1
7	145	Response	4	3186354	17292	1
7	146	Picture	ITI	3187411	0	1	25491	1	0	next	other	0
7	147	Sound	test	3201392	0	1			0		other	0
7	147	Picture	response	3212902	11510	1	4998	1	11450	25000	incorrect	327
7	147	Port Input	1	3217735	16342	1
7	147	Response	3	3217735	16342	1
7	148	Picture	ITI	3218734	0	1	29490	1	0	next	other	0
7	149	Sound	test	3235905	0	1			0		other	0
7	149	Picture	response	3248224	12319	1	8664	1	12250	25000	incorrect	332
7	149	Port Input	2	3256790	20884	1
7	149	Response	4	3256790	20884	1
7	150	Picture	ITI	3257887	0	1	32489	1	0	next	other	0
7	151	Sound	test	3276308	0	1			0		other	0
7	151	Picture	response	3290376	14068	1	4832	1	14020	25000	incorrect	337
7	151	Port Input	2	3295147	18838	1
7	151	Response	4	3295147	18838	1
7	152	Picture	ITI	3296207	0	1	22992	1	0	next	other	0
7	153	Sound	test	3307679	0	1			0		other	0
7	153	Picture	response	3319200	11521	1	5998	1	11450	25000	incorrect	342
7	153	Port Input	1	3325049	17371	1
7	153	Response	3	3325049	17371	1
7	154	Picture	ITI	3326197	0	1	28657	1	0	next	other	0
7	155	Sound	test	3344068	0	1			0		other	0
7	155	Picture	response	3354854	10786	1	5998	1	10700	25000	incorrect	347
7	155	Port Input	1	3360658	16590	1
7	155	Response	3	3360658	16590	1
7	156	Picture	ITI	3361685	0	1	27324	1	0	next	other	0
7	157	Sound	test	3378276	0	1			0		other	0
7	157	Picture	response	3389009	10733	1	4998	1	10700	25000	incorrect	352
7	157	Port Input	1	3393924	15647	1
7	157	Response	3	3393924	15647	1
7	158	Picture	ITI	3395007	0	1	27157	1	0	next	other	0
7	159	Sound	test	3411418	0	1			0		other	0
7	159	Picture	response	3422164	10746	1	5831	1	10700	25000	incorrect	357
7	159	Port Input	1	3427814	16396	1
7	159	Response	3	3427814	16396	1
7	160	Picture	ITI	3428829	0	1	23825	1	0	next	other	0
7	161	Sound	test	3439520	0	1			0		other	0
7	161	Picture	response	3452654	13134	1	7164	1	13100	25000	incorrect	362
7	161	Port Input	1	3459685	20165	1
7	161	Response	3	3459685	20165	1
7	162	Picture	ITI	3460818	0	1	29157	1	0	next	other	0
7	163	Sound	test	3475779	0	1			0		other	0
7	163	Picture	response	3489975	14196	1	4332	1	14020	25000	incorrect	367
7	163	Port Input	2	3494127	18348	1
7	163	Response	4	3494127	18348	1
7	164	Picture	ITI	3495139	0	1	28657	1	0	next	other	0
7	165	Sound	test	3508711	0	1			0		other	0
7	165	Picture	response	3523796	15086	1	7164	1	15000	25000	incorrect	372
7	165	Port Input	2	3530901	22191	1
7	165	Response	4	3530901	22191	1
7	166	Picture	ITI	3531960	0	1	28823	1	0	next	other	0
7	167	Sound	test	3546691	0	1			0		other	0
7	167	Picture	response	3560784	14092	1	15162	1	14020	25000	incorrect	377
7	167	Port Input	2	3575776	29085	1
7	167	Response	4	3575776	29085	1
7	168	Picture	ITI	3576778	0	1	32322	1	0	next	other	0
7	169	Sound	test	3594909	0	1			0		other	0
7	169	Picture	response	3609100	14191	1	4832	1	14020	25000	incorrect	382
7	169	Port Input	1	3613790	18881	1
7	169	Response	3	3613790	18881	1
7	170	Picture	ITI	3614932	0	1	26324	1	0	next	other	0
7	171	Sound	test	3629673	0	1			0		other	0
7	171	Picture	response	3641256	11583	1	4665	1	11450	25000	incorrect	387
7	171	Port Input	1	3645723	16050	1
7	171	Response	3	3645723	16050	1
7	172	Picture	ITI	3646754	0	1	25158	1	0	next	other	0
7	173	Sound	test	3661036	0	1			0		other	0
7	173	Picture	response	3671912	10877	1	4332	1	10700	25000	incorrect	392
7	173	Port Input	1	3676167	15132	1
7	173	Response	3	3676167	15132	1
7	174	Picture	ITI	3677244	0	1	33489	1	0	next	other	0
7	175	Sound	test	3696685	0	1			0		other	0
7	175	Picture	response	3710732	14047	1	4498	1	14020	25000	incorrect	397
7	175	Port Input	2	3715076	18391	1
7	175	Response	4	3715076	18391	1
7	176	Picture	ITI	3716231	0	1	31156	1	0	next	other	0
7	177	Sound	test	3732232	0	1			0		other	0
7	177	Picture	response	3747387	15155	1	5998	1	15000	25000	incorrect	402
7	177	Port Input	2	3753235	21004	1
7	177	Response	4	3753235	21004	1
7	178	Picture	ITI	3754218	0	1	29657	1	0	next	other	0
7	179	Sound	test	3771599	0	1			0		other	0
7	179	Picture	response	3783874	12275	1	4332	1	12250	25000	incorrect	407
7	179	Port Input	1	3788042	16443	1
7	179	Response	3	3788042	16443	1
7	180	Picture	ITI	3789206	0	1	32322	1	0	next	other	0
7	181	Sound	test	3806487	0	1			0		other	0
7	181	Picture	response	3821528	15041	1	4332	1	15000	25000	incorrect	412
7	181	Port Input	1	3825733	19246	1
7	181	Response	3	3825733	19246	1
7	182	Picture	ITI	3826693	0	1	22826	1	0	next	other	0
7	183	Sound	test	3837104	0	1			0		other	0
7	183	Picture	response	3849518	12414	1	5332	1	12250	25000	incorrect	417
7	183	Port Input	1	3854740	17636	1
7	183	Response	3	3854740	17636	1
7	184	Picture	ITI	3855683	0	1	32322	1	0	next	other	0
7	185	Sound	test	3873904	0	1			0		other	0
7	185	Picture	response	3888005	14101	1	5332	1	14020	25000	incorrect	422
7	185	Port Input	2	3893222	19318	1
7	185	Response	4	3893222	19318	1
7	186	Picture	ITI	3894170	0	1	32656	1	0	next	other	0
7	187	Sound	test	3911751	0	1			0		other	0
7	187	Picture	response	3926825	15074	1	5165	1	15000	25000	incorrect	427
7	187	Port Input	2	3931808	20057	1
7	187	Response	4	3931808	20057	1
7	188	Picture	ITI	3932823	0	1	29990	1	0	next	other	0
7	189	Sound	test	3950434	0	1			0		other	0
7	189	Picture	response	3962813	12379	1	5165	1	12250	25000	incorrect	432
7	189	Port Input	1	3967917	17482	1
7	189	Response	3	3967917	17482	1
7	190	Picture	ITI	3968978	0	1	25158	1	0	next	other	0
7	191	Sound	test	3984109	0	1			0		other	0
7	191	Picture	response	3994136	10027	1	8830	1	10000	25000	incorrect	437
7	191	Port Input	1	4002796	18688	1
7	191	Response	3	4002796	18688	1
7	192	Picture	ITI	4003799	0	1	20160	1	0	next	other	0
7	193	Sound	test	4013870	0	1			0		other	0
7	193	Picture	response	4023959	10089	1	3999	1	10000	25000	incorrect	442
7	193	Port Input	1	4027774	13904	1
7	193	Response	3	4027774	13904	1
7	194	Picture	ITI	4028790	0	1	22659	1	0	next	other	0
7	195	Sound	test	4040572	0	1			0		other	0
7	195	Picture	response	4051449	10878	1	3999	1	10700	25000	incorrect	447
7	195	Port Input	1	4055324	14752	1
7	195	Response	3	4055324	14752	1
7	196	Picture	ITI	4056281	0	1	24325	1	0	next	other	0
7	197	Sound	test	4070482	0	1			0		other	0
7	197	Picture	response	4080606	10124	1	4498	1	10000	25000	incorrect	452
7	197	Port Input	1	4084956	14474	1
7	197	Response	3	4084956	14474	1
7	198	Picture	ITI	4086104	0	1	23992	1	0	next	other	0
7	199	Sound	test	4100025	0	1			0		other	0
7	199	Picture	response	4110096	10071	1	4165	1	10000	25000	incorrect	457
7	199	Port Input	1	4114130	14104	1
7	199	Response	3	4114130	14104	1
7	200	Picture	ITI	4115094	0	1	24658	1	0	next	other	0
7	201	Sound	test	4129726	0	1			0		other	0
7	201	Picture	response	4139753	10027	1	5332	1	10000	25000	incorrect	462
7	201	Port Input	1	4145001	15275	1
7	201	Response	3	4145001	15275	1
7	202	Picture	ITI	4146084	0	1	29490	1	0	next	other	0
7	203	Sound	test	4165485	0	1			0		other	0
7	203	Picture	response	4175574	10089	1	5665	1	10000	25000	incorrect	467
7	203	Port Input	1	4181151	15666	1
7	203	Response	3	4181151	15666	1
7	204	Picture	ITI	4182238	0	1	22992	1	0	next	other	0
7	205	Sound	test	4192789	0	1			0		other	0
7	205	Picture	response	4205230	12441	1	8997	1	12250	25000	incorrect	472
7	205	Port Input	2	4214136	21346	1
7	205	Response	4	4214136	21346	1
7	206	Picture	ITI	4215227	0	1	22159	1	0	next	other	0
7	207	Sound	test	4227358	0	1			0		other	0
7	207	Picture	response	4237386	10028	1	4832	1	10000	25000	incorrect	477
7	207	Port Input	1	4242143	14785	1
7	207	Response	3	4242143	14785	1
7	208	Picture	ITI	4243217	0	1	26158	1	0	next	other	0
7	209	Sound	test	4258628	0	1			0		other	0
7	209	Picture	response	4269375	10746	1	5332	1	10700	25000	incorrect	482
7	209	Port Input	1	4274545	15916	1
7	209	Response	3	4274545	15916	1
7	210	Picture	ITI	4275706	0	1	32322	1	0	next	other	0
7	211	Sound	test	4293847	0	1			0		other	0
7	211	Picture	response	4308028	14181	1	4998	1	14020	25000	incorrect	487
7	211	Port Input	2	4312892	19044	1
7	211	Response	4	4312892	19044	1
7	212	Picture	ITI	4313860	0	1	29323	1	0	next	other	0
7	213	Sound	test	4329941	0	1			0		other	0
7	213	Picture	response	4343183	13242	1	7331	1	13100	25000	incorrect	492
7	213	Port Input	2	4350395	20454	1
7	213	Response	4	4350395	20454	1
7	214	Picture	ITI	4351514	0	1	28157	1	0	next	other	0
7	215	Sound	test	4365555	0	1			0		other	0
7	215	Picture	response	4379671	14116	1	4165	1	14020	25000	incorrect	497
7	215	Port Input	2	4383692	18137	1
7	215	Response	4	4383692	18137	1
7	216	Picture	ITI	4384669	0	1	28324	1	0	next	other	0
7	217	Sound	test	4402960	0	1			0		other	0
7	217	Picture	response	4412993	10032	1	5998	1	10000	25000	incorrect	502
7	217	Port Input	1	4418842	15882	1
7	217	Response	3	4418842	15882	1
7	218	Picture	ITI	4419990	0	1	26658	1	0	next	other	0
7	219	Sound	test	4435861	0	1			0		other	0
7	219	Picture	response	4446648	10786	1	4498	1	10700	25000	incorrect	507
7	219	Port Input	1	4450984	15122	1
7	219	Response	3	4450984	15122	1
7	220	Picture	ITI	4451979	0	1	34488	1	0	next	other	0
7	221	Sound	test	4471401	0	1			0		other	0
7	221	Picture	response	4486467	15067	1	8664	1	15000	25000	incorrect	512
7	221	Port Input	2	4494942	23541	1
7	221	Response	4	4494942	23541	1
7	222	Picture	ITI	4495964	0	1	23492	1	0	next	other	0
7	223	Sound	test	4507825	0	1			0		other	0
7	223	Picture	response	4519456	11631	1	10163	1	11450	25000	incorrect	517
7	223	Port Input	1	4529541	21715	1
7	223	Response	3	4529541	21715	1
7	224	Picture	ITI	4530619	0	1	22826	1	0	next	other	0
7	225	Sound	test	4541901	0	1			0		other	0
7	225	Picture	response	4553445	11544	1	9997	1	11450	25000	incorrect	522
7	225	Port Input	1	4563254	21353	1
7	225	Response	3	4563254	21353	1
7	226	Picture	ITI	4564274	0	1	32322	1	0	next	other	0
7	227	Sound	test	4582406	0	1			0		other	0
7	227	Picture	response	4596597	14191	1	5665	1	14020	25000	incorrect	527
7	227	Port Input	2	4602205	19799	1
7	227	Response	4	4602205	19799	1
7	228	Picture	ITI	4603261	0	1	27491	1	0	next	other	0
7	229	Sound	test	4615562	0	1			0		other	0
7	229	Picture	response	4630752	15189	1	4665	1	15000	25000	incorrect	532
7	229	Port Input	2	4635252	19690	1
7	229	Response	4	4635252	19690	1
7	230	Picture	ITI	4636416	0	1	30989	1	0	next	other	0
7	231	Sound	test	4652228	0	1			0		other	0
7	231	Picture	response	4667406	15178	1	4332	1	15000	25000	incorrect	537
7	231	Port Input	2	4671693	19466	1
7	231	Response	4	4671693	19466	1
7	232	Picture	ITI	4672737	0	1	29823	1	0	next	other	0
7	233	Sound	test	4689328	0	1			0		other	0
7	233	Picture	response	4702560	13232	1	15661	1	13100	25000	incorrect	542
7	233	Port Input	2	4718047	28718	1
7	233	Response	4	4718047	28718	1
7	234	Picture	ITI	4719055	0	1	29657	1	0	next	other	0
7	235	Sound	test	4733526	0	1			0		other	0
7	235	Picture	response	4748711	15185	1	4998	1	15000	25000	incorrect	547
7	235	Port Input	2	4753561	20036	1
7	235	Response	4	4753561	20036	1
7	236	Picture	ITI	4754709	0	1	26491	1	0	next	other	0
7	237	Sound	test	4766030	0	1			0		other	0
7	237	Picture	response	4781200	15170	1	3999	1	15000	25000	incorrect	552
7	237	Port Input	2	4785036	19006	1
7	237	Response	4	4785036	19006	1
7	238	Picture	ITI	4786198	0	1	28823	1	0	next	other	0
7	239	Sound	test	4804180	0	1			0		other	0
7	239	Picture	response	4815022	10842	1	12996	1	10700	25000	incorrect	557
7	239	Port Input	2	4827829	23649	1
7	239	Response	4	4827829	23649	1
7	240	Picture	ITI	4829017	0	1	25491	1	0	next	other	0
7	241	Sound	test	4841258	0	1			0		other	0
7	241	Picture	response	4854508	13250	1	5332	1	13100	25000	incorrect	562
7	241	Port Input	1	4859700	18441	1
7	241	Response	3	4859700	18441	1
7	242	Picture	ITI	4860673	0	1	25491	1	0	next	other	0
7	243	Sound	test	4876114	0	1			0		other	0
7	243	Picture	response	4886164	10050	1	5665	1	10000	25000	incorrect	567
7	243	Port Input	1	4891726	15612	1
7	243	Response	3	4891726	15612	1
7	244	Picture	ITI	4892829	0	1	28157	1	0	next	other	0
7	245	Sound	test	4908581	0	1			0		other	0
7	245	Picture	response	4920986	12405	1	5165	1	12250	25000	incorrect	572
7	245	Port Input	1	4925960	17379	1
7	245	Response	3	4925960	17379	1
7	246	Picture	ITI	4926984	0	1	28324	1	0	next	other	0
7	247	Sound	test	4941165	0	1			0		other	0
7	247	Picture	response	4955307	14142	1	11496	1	14020	25000	incorrect	577
7	247	Port Input	2	4966733	25568	1
7	247	Response	4	4966733	25568	1
7	248	Picture	ITI	4967803	0	1	23325	1	0	next	other	0
7	249	Sound	test	4979494	0	2			0		other	0
7	249	Picture	response	4991128	11634	1	8497	1	11450	25000	incorrect	582
7	249	Port Input	2	4999551	20057	1
7	249	Response	4	4999551	20057	1
7	250	Picture	ITI	5000625	0	1	24325	1	0	next	other	0
7	251	Sound	test	5010816	0	1			0		other	0
7	251	Picture	response	5024950	14134	1	4332	1	14020	25000	incorrect	587
7	251	Port Input	2	5029225	18408	1
7	251	Response	4	5029225	18408	1
7	252	Picture	ITI	5030282	0	1	28657	1	0	next	other	0
7	253	Sound	test	5048113	0	1			0		other	0
7	253	Picture	response	5058939	10826	1	8997	1	10700	25000	incorrect	592
7	253	Port Input	1	5067822	19708	1
7	253	Response	3	5067822	19708	1
7	254	Picture	ITI	5068769	0	1	29157	1	0	next	other	0
7	255	Sound	test	5085610	0	1			0		other	0
7	255	Picture	response	5097925	12315	1	6831	1	12250	25000	incorrect	597
7	255	Port Input	2	5104658	19049	1
7	255	Response	4	5104658	19049	1
7	256	Picture	ITI	5105756	0	1	30989	1	0	next	other	0
7	257	Sound	test	5124327	0	1			0		other	0
7	257	Picture	response	5136745	12418	1	4665	1	12250	25000	incorrect	602
7	257	Port Input	1	5141371	17043	1
7	257	Response	3	5141371	17043	1
7	258	Picture	ITI	5142410	0	1	24991	1	0	next	other	0
7	259	Sound	test	5157291	0	1			0		other	0
7	259	Picture	response	5167402	10110	1	7164	1	10000	25000	incorrect	607
7	259	Port Input	1	5174459	17168	1
7	259	Response	3	5174459	17168	1
7	260	Picture	ITI	5175565	0	1	25491	1	0	next	other	0
7	261	Sound	test	5185897	0	1			0		other	0
7	261	Picture	response	5201057	15160	1	4832	1	15000	25000	incorrect	612
7	261	Port Input	1	5205726	19829	1
7	261	Response	3	5205726	19829	1
7	262	Picture	ITI	5206888	0	1	22992	1	0	next	other	0
7	263	Sound	test	5219089	0	1			0		other	0
7	263	Picture	response	5229880	10791	1	6664	1	10700	25000	incorrect	617
7	263	Port Input	1	5236431	17341	1
7	263	Response	3	5236431	17341	1
7	264	Picture	ITI	5237544	0	1	30490	1	0	next	other	0
7	265	Sound	test	5252876	0	1			0		other	0
7	265	Picture	response	5268034	15158	1	6831	1	15000	25000	incorrect	622
7	265	Port Input	2	5274808	21933	1
7	265	Response	4	5274808	21933	1
7	266	Picture	ITI	5275865	0	1	28657	1	0	next	other	0
7	267	Sound	test	5291376	0	1			0		other	0
7	267	Picture	response	5304521	13146	1	4998	1	13100	25000	incorrect	627
7	267	Port Input	1	5309376	18000	1
7	267	Response	3	5309376	18000	1
7	268	Picture	ITI	5310353	0	1	33155	1	0	next	other	0
7	269	Sound	test	5328324	0	1			0		other	0
7	269	Picture	response	5343508	15184	1	4332	1	15000	25000	incorrect	632
7	269	Port Input	2	5347723	19398	1
7	269	Response	4	5347723	19398	1
7	270	Picture	ITI	5348840	0	1	26824	1	0	next	other	0
7	271	Sound	test	5364071	0	1			0		other	0
7	271	Picture	response	5375664	11593	1	7831	1	11450	25000	incorrect	637
7	271	Port Input	1	5383404	19333	1
7	271	Response	3	5383404	19333	1
7	272	Picture	ITI	5384494	0	1	29823	1	0	next	other	0
7	273	Sound	test	5404255	0	1			0		other	0
7	273	Picture	response	5414317	10062	1	6664	1	10000	25000	incorrect	642
7	273	Port Input	1	5420824	16569	1
7	273	Response	3	5420824	16569	1
7	274	Picture	ITI	5421981	0	1	29990	1	0	next	other	0
7	275	Sound	test	5436863	0	1			0		other	0
7	275	Picture	response	5451971	15108	1	4665	1	15000	25000	incorrect	647
7	275	Port Input	2	5456464	19601	1
7	275	Response	4	5456464	19601	1
7	276	Picture	ITI	5457469	0	1	24325	1	0	next	other	0
7	277	Sound	test	5470210	0	1			0		other	0
7	277	Picture	response	5481794	11584	1	4498	1	11450	25000	incorrect	652
7	277	Port Input	1	5486179	15969	1
7	277	Response	3	5486179	15969	1
7	278	Picture	ITI	5487292	0	1	22659	1	0	next	other	0
7	279	Sound	test	5499924	0	1			0		other	0
7	279	Picture	response	5509951	10028	1	5498	1	10000	25000	incorrect	657
7	279	Port Input	1	5515343	15419	1
7	279	Response	3	5515343	15419	1
7	280	Picture	ITI	5516449	0	1	23325	1	0	next	other	0
7	281	Sound	test	5528140	0	1			0		other	0
7	281	Picture	response	5539774	11634	1	3999	1	11450	25000	incorrect	662
7	281	Port Input	1	5543704	15564	1
7	281	Response	3	5543704	15564	1
7	282	Picture	ITI	5544773	0	1	27657	1	0	next	other	0
7	283	Sound	test	5560044	0	1			0		other	0
7	283	Picture	response	5572430	12386	1	9663	1	12250	25000	incorrect	667
7	283	Port Input	1	5581989	21945	1
7	283	Response	3	5581989	21945	1
7	284	Picture	ITI	5583093	0	1	30323	1	0	next	other	0
7	285	Sound	test	5601864	0	1			0		other	0
7	285	Picture	response	5613416	11552	1	5332	1	11450	25000	incorrect	672
7	285	Port Input	1	5618628	16764	1
7	285	Response	3	5618628	16764	1
7	286	Picture	ITI	5619747	0	1	32989	1	0	next	other	0
7	287	Sound	test	5639598	0	1			0		other	0
7	287	Picture	response	5652736	13137	1	5332	1	13100	25000	incorrect	677
7	287	Port Input	1	5657922	18324	1
7	287	Response	3	5657922	18324	1
7	288	Picture	ITI	5659067	0	1	30656	1	0	next	other	0
7	289	Sound	test	5678168	0	1			0		other	0
7	289	Picture	response	5689723	11555	1	10996	1	11450	25000	incorrect	682
7	289	Port Input	1	5700621	22453	1
7	289	Response	3	5700621	22453	1
7	290	Picture	ITI	5701719	0	1	31323	1	0	next	other	0
7	291	Sound	test	5717960	0	1			0		other	0
7	291	Picture	response	5733042	15081	1	4332	1	15000	25000	incorrect	687
7	291	Port Input	2	5737250	19289	1
7	291	Response	4	5737250	19289	1
7	292	Picture	ITI	5738373	0	1	22159	1	0	next	other	0
7	293	Sound	test	5750344	0	1			0		other	0
7	293	Picture	response	5760532	10188	1	5998	1	10000	25000	incorrect	692
7	293	Port Input	1	5766372	16027	1
7	293	Response	3	5766372	16027	1
7	294	Picture	ITI	5767363	0	1	31489	1	0	next	other	0
7	295	Sound	test	5783665	0	1			0		other	0
7	295	Picture	response	5798853	15188	1	4832	1	15000	25000	incorrect	697
7	295	Port Input	2	5803490	19825	1
7	295	Response	4	5803490	19825	1
7	296	Picture	ITI	5804517	0	1	24492	1	0	next	other	0
7	297	Sound	test	5818929	0	1			0		other	0
7	297	Picture	response	5829009	10080	1	12329	1	10000	25000	incorrect	702
7	297	Port Input	1	5841149	22221	1
7	297	Response	3	5841149	22221	1
7	298	Picture	ITI	5842171	0	1	32322	1	0	next	other	0
7	299	Sound	test	5861272	0	1			0		other	0
7	299	Picture	response	5874493	13221	1	5498	1	13100	25000	incorrect	707
7	299	Port Input	2	5879819	18546	1
7	299	Response	4	5879819	18546	1
7	300	Picture	ITI	5880991	0	1	29490	1	0	next	other	0
7	301	Sound	test	5898183	0	1			0		other	0
7	301	Picture	response	5910481	12299	1	10330	1	12250	25000	incorrect	712
7	301	Port Input	2	5920727	22544	1
7	301	Response	4	5920727	22544	1
7	302	Picture	ITI	5921811	0	1	30490	1	0	next	other	0
7	303	Sound	test	5941442	0	1			0		other	0
7	303	Picture	response	5952300	10858	1	4498	1	10700	25000	incorrect	717
7	303	Port Input	1	5956710	15268	1
7	303	Response	3	5956710	15268	1
7	304	Picture	ITI	5957632	0	1	29990	1	0	next	other	0
7	305	Sound	test	5976093	0	1			0		other	0
7	305	Picture	response	5987621	11528	1	7331	1	11450	25000	incorrect	722
7	305	Port Input	1	5994838	18745	1
7	305	Response	3	5994838	18745	1
7	306	Picture	ITI	5995952	0	1	30989	1	0	next	other	0
7	307	Sound	test	6011803	0	1			0		other	0
7	307	Picture	response	6026941	15138	1	3332	1	15000	25000	incorrect	727
7	307	Port Input	2	6030197	18394	1
7	307	Response	4	6030197	18394	1
7	308	Picture	ITI	6031273	0	1	21826	1	0	next	other	0
7	309	Sound	test	6042955	0	1			0		other	0
7	309	Picture	response	6053099	10145	1	4498	1	10000	25000	incorrect	732
7	309	Port Input	1	6057549	14594	1
7	309	Response	3	6057549	14594	1
7	310	Picture	ITI	6058597	0	1	24825	1	0	next	other	0
7	311	Sound	test	6070248	0	1			0		other	0
7	311	Picture	response	6083422	13174	1	5831	1	13100	25000	incorrect	737
7	311	Port Input	2	6089065	18817	1
7	311	Response	4	6089065	18817	1
7	312	Picture	ITI	6090087	0	1	28990	1	0	next	other	0
7	313	Sound	test	6106738	0	1			0		other	0
7	313	Picture	response	6119077	12339	1	5165	1	12250	25000	incorrect	742
7	313	Port Input	1	6124080	17343	1
7	313	Response	3	6124080	17343	1
7	314	Picture	ITI	6125075	0	1	28990	1	0	next	other	0
7	315	Sound	test	6138986	0	1			0		other	0
7	315	Picture	response	6154065	15079	1	6331	1	15000	25000	incorrect	747
7	315	Port Input	2	6160209	21224	1
7	315	Response	4	6160209	21224	1
7	316	Picture	ITI	6161395	0	1	31323	1	0	next	other	0
7	317	Sound	test	6179477	0	1			0		other	0
7	317	Picture	response	6192718	13241	1	4832	1	13100	25000	incorrect	752
7	317	Port Input	1	6197473	17997	1
7	317	Response	3	6197473	17997	1
7	318	Picture	ITI	6198549	0	1	33655	1	0	next	other	0
7	319	Sound	test	6218001	0	1			0		other	0
7	319	Picture	response	6232205	14204	1	4332	1	14020	25000	incorrect	757
7	319	Port Input	2	6236351	18350	1
7	319	Response	4	6236351	18350	1
7	441	Picture	resume	7447123	0	1	60646	1	0	next	other	0
7	441	Port Input	1	7506324	59201	1
7	441	Port Input	2	7506324	59201	1
7	441	Response	3	7506324	59201	1
7	441	Response	4	7506324	59201	1
7	442	Picture	ITI	7507769	0	1	10163	1	0	next	other	0
7	443	Picture	ITI	7517932	0	1	20160	1	0	next	other	0
7	444	Sound	test	7527943	0	1			0		other	0
7	444	Picture	response	7538092	10149	1	8331	1	10000	25000	incorrect	768
7	444	Port Input	1	7546337	18393	1
7	444	Response	3	7546337	18393	1
7	445	Picture	ITI	7547422	0	1	27990	1	0	next	other	0
7	446	Sound	test	7563923	0	1			0		other	0
7	446	Picture	response	7575413	11489	1	7164	1	11450	25000	incorrect	773
7	446	Port Input	2	7582393	18470	1
7	446	Response	4	7582393	18470	1
7	447	Picture	ITI	7583410	0	1	26824	1	0	next	other	0
7	448	Sound	test	7595181	0	1			0		other	0
7	448	Picture	response	7610234	15053	1	3665	1	15000	25000	incorrect	778
7	448	Port Input	2	7613732	18551	1
7	448	Response	4	7613732	18551	1
7	449	Picture	ITI	7614732	0	1	26824	1	0	next	other	0
7	450	Sound	test	7630694	0	1			0		other	0
7	450	Picture	response	7641557	10863	1	4498	1	10700	25000	incorrect	783
7	450	Port Input	1	7645915	15222	1
7	450	Response	3	7645915	15222	1
7	451	Picture	ITI	7646888	0	1	26991	1	0	next	other	0
7	452	Sound	test	7662269	0	1			0		other	0
7	452	Picture	response	7673879	11609	1	7331	1	11450	25000	incorrect	788
7	452	Port Input	2	7681034	18765	1
7	452	Response	4	7681034	18765	1
7	453	Picture	ITI	7682043	0	1	27657	1	0	next	other	0
7	454	Sound	test	7699564	0	1			0		other	0
7	454	Picture	response	7709700	10136	1	6998	1	10000	25000	incorrect	793
7	454	Port Input	1	7716497	16933	1
7	454	Response	3	7716497	16933	1
7	455	Picture	ITI	7717531	0	1	29490	1	0	next	other	0
7	456	Sound	test	7732912	0	1			0		other	0
7	456	Picture	response	7747021	14109	1	25158	1	14020	25000	miss	0
7	457	Picture	ITI	7772345	0	1	25658	1	0	next	other	0
7	457	Port Input	1	7778895	6550	1
7	457	Response	3	7778895	6550	1
7	458	Sound	test	7782956	0	1			0		other	0
7	458	Picture	response	7798003	15047	1	6831	1	15000	25000	incorrect	803
7	458	Port Input	2	7804706	21750	1
7	458	Response	4	7804706	21750	1
7	459	Picture	ITI	7805667	0	1	25158	1	0	next	other	0
7	460	Sound	test	7820788	0	1			0		other	0
7	460	Picture	response	7830825	10037	1	5665	1	10000	25000	incorrect	808
7	460	Port Input	1	7836441	15653	1
7	460	Response	3	7836441	15653	1
7	461	Picture	ITI	7837490	0	1	32489	1	0	next	other	0
7	462	Sound	test	7854941	0	1			0		other	0
7	462	Picture	response	7869979	15038	1	5165	1	15000	25000	incorrect	813
7	462	Port Input	2	7875090	20149	1
7	462	Response	4	7875090	20149	1
7	463	Picture	ITI	7876143	0	1	25658	1	0	next	other	0
7	464	Sound	test	7888564	0	1			0		other	0
7	464	Picture	response	7901801	13237	1	7497	1	13100	25000	incorrect	818
7	464	Port Input	2	7909116	20552	1
7	464	Response	4	7909116	20552	1
7	465	Picture	ITI	7910132	0	1	31822	1	0	next	other	0
7	466	Sound	test	7929603	0	1			0		other	0
7	466	Picture	response	7941954	12351	1	6498	1	12250	25000	incorrect	823
7	466	Port Input	2	7948275	18672	1
7	466	Response	4	7948275	18672	1
7	467	Picture	ITI	7949285	0	1	24158	1	0	next	other	0
7	468	Sound	test	7959346	0	1			0		other	0
7	468	Picture	response	7973443	14097	1	5331	1	14020	25000	incorrect	828
7	468	Port Input	2	7978584	19238	1
7	468	Response	4	7978584	19238	1
7	469	Picture	ITI	7979608	0	1	30156	1	0	next	other	0
7	470	Sound	test	7995649	0	1			0		other	0
7	470	Picture	response	8009764	14115	1	4499	1	14020	25000	incorrect	833
7	470	Port Input	2	8014151	18501	1
7	470	Response	4	8014151	18501	1
7	471	Picture	ITI	8015262	0	1	27491	1	0	next	other	0
7	472	Sound	test	8032683	0	1			0		other	0
7	472	Picture	response	8042753	10069	1	5998	1	10000	25000	incorrect	838
7	472	Port Input	1	8048666	15982	1
7	472	Response	3	8048666	15982	1
7	473	Picture	ITI	8049751	0	1	22992	1	0	next	other	0
7	474	Sound	test	8062622	0	1			0		other	0
7	474	Picture	response	8072743	10121	1	5165	1	10000	25000	incorrect	843
7	474	Port Input	1	8077819	15197	1
7	474	Response	3	8077819	15197	1
7	475	Picture	ITI	8078907	0	1	24658	1	0	next	other	0
7	476	Sound	test	8093408	0	1			0		other	0
7	476	Picture	response	8103565	10157	1	7664	1	10000	25000	incorrect	848
7	476	Port Input	1	8111033	17624	1
7	476	Response	3	8111033	17624	1
7	477	Picture	ITI	8112063	0	1	28324	1	0	next	other	0
7	478	Sound	test	8128794	0	1			0		other	0
7	478	Picture	response	8140386	11592	1	3999	1	11450	25000	incorrect	853
7	478	Port Input	2	8144215	15421	1
7	478	Response	4	8144215	15421	1
7	479	Picture	ITI	8145218	0	1	29490	1	0	next	other	0
7	480	Sound	test	8163969	0	1			0		other	0
7	480	Picture	response	8174708	10739	1	3665	1	10700	25000	incorrect	858
7	480	Port Input	1	8178220	14251	1
7	480	Response	3	8178220	14251	1
7	481	Picture	ITI	8179206	0	1	31323	1	0	next	other	0
7	482	Sound	test	8196328	0	1			0		other	0
7	482	Picture	response	8210529	14201	1	4832	1	14020	25000	incorrect	863
7	482	Port Input	2	8215192	18865	1
7	482	Response	4	8215192	18865	1
7	483	Picture	ITI	8216194	0	1	27990	1	0	next	other	0
7	484	Sound	test	8230065	0	1			0		other	0
7	484	Picture	response	8244184	14119	1	3665	1	14020	25000	incorrect	868
7	484	Port Input	2	8247677	17612	1
7	484	Response	4	8247677	17612	1
7	485	Picture	ITI	8248683	0	1	31656	1	0	next	other	0
7	486	Sound	test	8265254	0	1			0		other	0
7	486	Picture	response	8280338	15085	1	3665	1	15000	25000	incorrect	873
7	486	Port Input	2	8283848	18594	1
7	486	Response	4	8283848	18594	1
7	487	Picture	ITI	8285003	0	1	25158	1	0	next	other	0
7	488	Sound	test	8295045	0	1			0		other	0
7	488	Picture	response	8310162	15117	1	3832	1	15000	25000	incorrect	878
7	488	Port Input	2	8313907	18862	1
7	488	Response	4	8313907	18862	1
7	489	Picture	ITI	8314993	0	1	21659	1	0	next	other	0
7	490	Sound	test	8326464	0	1			0		other	0
7	490	Picture	response	8336653	10188	1	5165	1	10000	25000	incorrect	883
7	490	Port Input	1	8341759	15294	1
7	490	Response	3	8341759	15294	1
7	491	Picture	ITI	8342817	0	1	26491	1	0	next	other	0
7	492	Sound	test	8354278	0	1			0		other	0
7	492	Picture	response	8369308	15030	1	3999	1	15000	25000	incorrect	888
7	492	Port Input	2	8373130	18851	1
7	492	Response	4	8373130	18851	1
7	493	Picture	ITI	8374306	0	1	30490	1	0	next	other	0
7	494	Sound	test	8394048	0	1			0		other	0
7	494	Picture	response	8404796	10748	1	14662	1	10700	25000	incorrect	893
7	494	Port Input	2	8419410	25363	1
7	494	Response	4	8419410	25363	1
7	495	Picture	ITI	8420457	0	1	21159	1	0	next	other	0
7	496	Sound	test	8430819	0	1			0		other	0
7	496	Picture	response	8441617	10798	1	4665	1	10700	25000	incorrect	898
7	496	Port Input	1	8446127	15308	1
7	496	Response	3	8446127	15308	1
7	497	Picture	ITI	8447281	0	1	29657	1	0	next	other	0
7	498	Sound	test	8466843	0	1			0		other	0
7	498	Picture	response	8476938	10095	1	4832	1	10000	25000	incorrect	903
7	498	Port Input	1	8481662	14820	1
7	498	Response	3	8481662	14820	1
7	499	Picture	ITI	8482769	0	1	26824	1	0	next	other	0
7	500	Sound	test	8495491	0	1			0		other	0
7	500	Picture	response	8509593	14103	1	8830	1	14020	25000	incorrect	908
7	500	Port Input	2	8518250	22759	1
7	500	Response	4	8518250	22759	1
7	501	Picture	ITI	8519257	0	1	28324	1	0	next	other	0
7	502	Sound	test	8533508	0	1			0		other	0
7	502	Picture	response	8547580	14072	1	5998	1	14020	25000	incorrect	913
7	502	Port Input	2	8553473	19965	1
7	502	Response	4	8553473	19965	1
7	503	Picture	ITI	8554578	0	1	22659	1	0	next	other	0
7	504	Sound	test	8567199	0	1			0		other	0
7	504	Picture	response	8577237	10038	1	5831	1	10000	25000	incorrect	918
7	504	Port Input	1	8582876	15677	1
7	504	Response	3	8582876	15677	1
7	505	Picture	ITI	8583901	0	1	27491	1	0	next	other	0
7	506	Sound	test	8599843	0	1			0		other	0
7	506	Picture	response	8611392	11549	1	4998	1	11450	25000	incorrect	923
7	506	Port Input	2	8616308	16466	1
7	506	Response	4	8616308	16466	1
7	507	Picture	ITI	8617390	0	1	30156	1	0	next	other	0
7	508	Sound	test	8633481	0	1			0		other	0
7	508	Picture	response	8647546	14065	1	7164	1	14020	25000	incorrect	928
7	508	Port Input	2	8654593	21111	1
7	508	Response	4	8654593	21111	1
7	509	Picture	ITI	8655710	0	1	22826	1	0	next	other	0
7	510	Sound	test	8666101	0	1			0		other	0
7	510	Picture	response	8678536	12434	1	12496	1	12250	25000	incorrect	933
7	510	Port Input	2	8690888	24787	1
7	510	Response	4	8690888	24787	1
7	511	Picture	ITI	8691865	0	1	24658	1	0	next	other	0
7	512	Sound	test	8703346	0	1			0		other	0
7	512	Picture	response	8716523	13177	1	11329	1	13100	25000	incorrect	938
7	512	Port Input	2	8727704	24359	1
7	512	Response	4	8727704	24359	1
7	513	Picture	ITI	8728685	0	1	33988	1	0	next	other	0
7	514	Sound	test	8748577	0	1			0		other	0
7	514	Picture	response	8762674	14097	1	5831	1	14020	25000	incorrect	943
7	514	Port Input	1	8768363	19786	1
7	514	Response	3	8768363	19786	1
7	515	Picture	ITI	8769505	0	1	25325	1	0	next	other	0
7	516	Sound	test	8781576	0	1			0		other	0
7	516	Picture	response	8794829	13253	1	6831	1	13100	25000	incorrect	948
7	516	Port Input	1	8801545	19969	1
7	516	Response	3	8801545	19969	1
7	517	Picture	ITI	8802660	0	1	31323	1	0	next	other	0
7	518	Sound	test	8820851	0	1			0		other	0
7	518	Picture	response	8833983	13131	1	6165	1	13100	25000	incorrect	953
7	518	Port Input	1	8840048	19197	1
7	518	Response	3	8840048	19197	1
7	519	Picture	ITI	8841147	0	1	27324	1	0	next	other	0
7	520	Sound	test	8858358	0	1			0		other	0
7	520	Picture	response	8868471	10113	1	4832	1	10000	25000	incorrect	958
7	520	Port Input	1	8873199	14841	1
7	520	Response	3	8873199	14841	1
7	521	Picture	ITI	8874302	0	1	29657	1	0	next	other	0
7	522	Sound	test	8890673	0	1			0		other	0
7	522	Picture	response	8903959	13285	1	5831	1	13100	25000	incorrect	963
7	522	Port Input	1	8909672	18998	1
7	522	Response	3	8909672	18998	1
7	523	Picture	ITI	8910790	0	1	25824	1	0	next	other	0
7	524	Sound	test	8923461	0	1			0		other	0
7	524	Picture	response	8936614	13153	1	7664	1	13100	25000	incorrect	968
7	524	Port Input	1	8944073	20612	1
7	524	Response	3	8944073	20612	1
7	525	Picture	ITI	8945111	0	1	29990	1	0	next	other	0
7	526	Sound	test	8962723	0	1			0		other	0
7	526	Picture	response	8975101	12379	1	4665	1	12250	25000	incorrect	973
7	526	Port Input	1	8979577	16854	1
7	526	Response	3	8979577	16854	1
7	527	Picture	ITI	8980599	0	1	26991	1	0	next	other	0
7	528	Sound	test	8992451	0	1			0		other	0
7	528	Picture	response	9007590	15139	1	5665	1	15000	25000	incorrect	978
7	528	Port Input	2	9013165	20714	1
7	528	Response	4	9013165	20714	1
7	529	Picture	ITI	9014254	0	1	23492	1	0	next	other	0
7	530	Sound	test	9026136	0	1			0		other	0
7	530	Picture	response	9037746	11611	1	8164	1	11450	25000	incorrect	983
7	530	Port Input	1	9045859	19723	1
7	530	Response	3	9045859	19723	1
7	531	Picture	ITI	9046910	0	1	28157	1	0	next	other	0
7	532	Sound	test	9065021	0	1			0		other	0
7	532	Picture	response	9075067	10046	1	7497	1	10000	25000	incorrect	988
7	532	Port Input	1	9082498	17477	1
7	532	Response	3	9082498	17477	1
7	533	Picture	ITI	9083564	0	1	27157	1	0	next	other	0
7	534	Sound	test	9096635	0	1			0		other	0
7	534	Picture	response	9110722	14086	1	9330	1	14020	25000	incorrect	993
7	534	Port Input	2	9119887	23251	1
7	534	Response	4	9119887	23251	1
7	535	Picture	ITI	9120885	0	1	23325	1	0	next	other	0
7	536	Sound	test	9131796	0	1			0		other	0
7	536	Picture	response	9144210	12414	1	4998	1	12250	25000	incorrect	998
7	536	Port Input	1	9149050	17254	1
7	536	Response	3	9149050	17254	1
7	537	Picture	ITI	9150208	0	1	22492	1	0	next	other	0
7	538	Sound	test	9162669	0	1			0		other	0
7	538	Picture	response	9172700	10031	1	5831	1	10000	25000	incorrect	1003
7	538	Port Input	1	9178328	15659	1
7	538	Response	3	9178328	15659	1
7	539	Picture	ITI	9179365	0	1	22826	1	0	next	other	0
7	540	Sound	test	9190656	0	1			0		other	0
7	540	Picture	response	9202190	11534	1	11496	1	11450	25000	incorrect	1008
7	540	Port Input	1	9213510	22854	1
7	540	Response	3	9213510	22854	1
7	541	Picture	ITI	9214519	0	1	25991	1	0	next	other	0
7	542	Sound	test	9230481	0	1			0		other	0
7	542	Picture	response	9240510	10030	1	4498	1	10000	25000	incorrect	1013
7	542	Port Input	1	9244828	14348	1
7	542	Response	3	9244828	14348	1
7	543	Picture	ITI	9245842	0	1	27657	1	0	next	other	0
7	544	Sound	test	9262644	0	1			0		other	0
7	544	Picture	response	9273499	10856	1	6664	1	10700	25000	incorrect	1018
7	544	Port Input	1	9280020	17377	1
7	544	Response	3	9280020	17377	1
7	545	Picture	ITI	9281163	0	1	25991	1	0	next	other	0
7	546	Sound	test	9292074	0	1			0		other	0
7	546	Picture	response	9307154	15080	1	8664	1	15000	25000	incorrect	1023
7	546	Port Input	2	9315722	23648	1
7	546	Response	4	9315722	23648	1
7	547	Picture	ITI	9316818	0	1	25991	1	0	next	other	0
7	548	Sound	test	9331319	0	1			0		other	0
7	548	Picture	response	9342809	11490	1	4832	1	11450	25000	incorrect	1028
7	548	Port Input	1	9347510	16191	1
7	548	Response	3	9347510	16191	1
7	549	Picture	ITI	9348474	0	1	28990	1	0	next	other	0
7	550	Sound	test	9367435	0	1			0		other	0
7	550	Picture	response	9377464	10029	1	5165	1	10000	25000	incorrect	1033
7	550	Port Input	1	9382441	15006	1
7	550	Response	3	9382441	15006	1
7	551	Picture	ITI	9383462	0	1	25491	1	0	next	other	0
7	552	Sound	test	9397363	0	1			0		other	0
7	552	Picture	response	9408953	11590	1	5998	1	11450	25000	incorrect	1038
7	552	Port Input	1	9414760	17397	1
7	552	Response	3	9414760	17397	1
7	553	Picture	ITI	9415784	0	1	26991	1	0	next	other	0
7	554	Sound	test	9430405	0	1			0		other	0
7	554	Picture	response	9442775	12370	1	3999	1	12250	25000	incorrect	1043
7	554	Port Input	2	9446724	16319	1
7	554	Response	4	9446724	16319	1
7	555	Picture	ITI	9447773	0	1	28990	1	0	next	other	0
7	556	Sound	test	9464394	0	1			0		other	0
7	556	Picture	response	9476763	12369	1	4998	1	12250	25000	incorrect	1048
7	556	Port Input	1	9481718	17324	1
7	556	Response	3	9481718	17324	1
7	557	Picture	ITI	9482761	0	1	26824	1	0	next	other	0
7	558	Sound	test	9497212	0	1			0		other	0
7	558	Picture	response	9509585	12373	1	6165	1	12250	25000	incorrect	1053
7	558	Port Input	2	9515629	18417	1
7	558	Response	4	9515629	18417	1
7	559	Picture	ITI	9516749	0	1	20160	1	0	next	other	0
7	560	Sound	test	9526851	0	1			0		other	0
7	560	Picture	response	9536909	10059	1	3832	1	10000	25000	incorrect	1058
7	560	Port Input	1	9540690	13840	1
7	560	Response	3	9540690	13840	1
7	561	Picture	ITI	9541741	0	1	24325	1	0	next	other	0
7	562	Sound	test	9552782	0	1			0		other	0
7	562	Picture	response	9566066	13284	1	5998	1	13100	25000	incorrect	1063
7	562	Port Input	2	9571905	19123	1
7	562	Response	4	9571905	19123	1
7	563	Picture	ITI	9572897	0	1	25825	1	0	next	other	0
7	564	Sound	test	9585508	0	1			0		other	0
7	564	Picture	response	9598721	13213	1	6498	1	13100	25000	incorrect	1068
7	564	Port Input	2	9605035	19527	1
7	564	Response	4	9605035	19527	1
7	565	Picture	ITI	9606052	0	1	27657	1	0	next	other	0
7	566	Sound	test	9622904	0	1			0		other	0
7	566	Picture	response	9633710	10806	1	5332	1	10700	25000	incorrect	1073
7	566	Port Input	1	9638843	15939	1
7	566	Response	3	9638843	15939	1
7	567	Picture	ITI	9639874	0	1	31656	1	0	next	other	0
7	568	Sound	test	9657395	0	1			0		other	0
7	568	Picture	response	9671530	14135	1	5165	1	14020	25000	incorrect	1078
7	568	Port Input	1	9676502	19107	1
7	568	Response	3	9676502	19107	1
7	569	Picture	ITI	9677528	0	1	28990	1	0	next	other	0
7	570	Sound	test	9695699	0	1			0		other	0
7	570	Picture	response	9706518	10819	1	5665	1	10700	25000	incorrect	1083
7	570	Port Input	1	9712111	16411	1
7	570	Response	3	9712111	16411	1
7	571	Picture	ITI	9713182	0	1	30156	1	0	next	other	0
7	572	Sound	test	9732564	0	1			0		other	0
7	572	Picture	response	9743339	10775	1	5498	1	10700	25000	incorrect	1088
7	572	Port Input	1	9748635	16071	1
7	572	Response	3	9748635	16071	1
7	573	Picture	ITI	9749670	0	1	28657	1	0	next	other	0
7	574	Sound	test	9765971	0	1			0		other	0
7	574	Picture	response	9778327	12356	1	4165	1	12250	25000	incorrect	1093
7	574	Port Input	2	9782307	16336	1
7	574	Response	4	9782307	16336	1
7	575	Picture	ITI	9783325	0	1	31823	1	0	next	other	0
7	576	Sound	test	9800086	0	1			0		other	0
7	576	Picture	response	9815148	15061	1	4332	1	15000	25000	incorrect	1098
7	576	Port Input	2	9819362	19276	1
7	576	Response	4	9819362	19276	1
7	577	Picture	ITI	9820479	0	1	23159	1	0	next	other	0
7	578	Sound	test	9832900	0	1			0		other	0
7	578	Picture	response	9843638	10738	1	4499	1	10700	25000	incorrect	1103
7	578	Port Input	1	9848089	15188	1
7	578	Response	3	9848089	15188	1
7	579	Picture	ITI	9849136	0	1	26491	1	0	next	other	0
7	580	Sound	test	9864117	0	1			0		other	0
7	580	Picture	response	9875627	11510	1	7831	1	11450	25000	incorrect	1108
7	580	Port Input	2	9883291	19174	1
7	580	Response	4	9883291	19174	1
7	581	Picture	ITI	9884291	0	1	30156	1	0	next	other	0
7	582	Sound	test	9902152	0	1			0		other	0
7	582	Picture	response	9914447	12295	1	6331	1	12250	25000	incorrect	1113
7	582	Port Input	1	9920721	18570	1
7	582	Response	3	9920721	18570	1
7	583	Picture	ITI	9921778	0	1	31822	1	0	next	other	0
7	584	Sound	test	9939539	0	1			0		other	0
7	584	Picture	response	9953600	14061	1	3999	1	14020	25000	incorrect	1118
7	584	Port Input	2	9957433	17894	1
7	584	Response	4	9957433	17894	1
7	585	Picture	ITI	9958599	0	1	21493	1	0	next	other	0
7	586	Sound	test	9970050	0	1			0		other	0
7	586	Picture	response	9980091	10041	1	5332	1	10000	25000	incorrect	1123
7	586	Port Input	1	9985254	15204	1
7	586	Response	3	9985254	15204	1
7	587	Picture	ITI	9986256	0	1	26491	1	0	next	other	0
7	588	Sound	test	10001907	0	1			0		other	0
7	588	Picture	response	10012747	10840	1	11329	1	10700	25000	incorrect	1128
7	588	Port Input	2	10023871	21964	1
7	588	Response	4	10023871	21964	1
7	589	Picture	ITI	10024909	0	1	29823	1	0	next	other	0
7	590	Sound	test	10043191	0	1			0		other	0
7	590	Picture	response	10054732	11542	1	21326	1	11450	25000	incorrect	1133
7	590	Port Input	1	10075993	32802	1
7	590	Response	3	10075993	32802	1
7	591	Picture	ITI	10077058	0	1	23159	1	0	next	other	0
7	592	Sound	test	10090099	0	1			0		other	0
7	592	Picture	response	10100217	10118	1	4498	1	10000	25000	incorrect	1138
7	592	Port Input	1	10104625	14526	1
7	592	Response	3	10104625	14526	1
7	593	Picture	ITI	10105715	0	1	29990	1	0	next	other	0
7	594	Sound	test	10121526	0	1			0		other	0
7	594	Picture	response	10135705	14178	1	5165	1	14020	25000	incorrect	1143
7	594	Port Input	2	10140796	19269	1
7	594	Response	4	10140796	19269	1
7	595	Picture	ITI	10141869	0	1	25658	1	0	next	other	0
7	596	Sound	test	10156680	0	1			0		other	0
7	596	Picture	response	10167527	10847	1	5165	1	10700	25000	incorrect	1148
7	596	Port Input	1	10172593	15913	1
7	596	Response	3	10172593	15913	1
7	597	Picture	ITI	10173692	0	1	24492	1	0	next	other	0
7	598	Sound	test	10186583	0	1			0		other	0
7	598	Picture	response	10198183	11600	1	5332	1	11450	25000	incorrect	1153
7	598	Port Input	2	10203464	16881	1
7	598	Response	4	10203464	16881	1
7	599	Picture	ITI	10204515	0	1	24658	1	0	next	other	0
7	600	Sound	test	10217666	0	1			0		other	0
7	600	Picture	response	10229173	11507	1	8164	1	11450	25000	incorrect	1158
7	600	Port Input	2	10237126	19460	1
7	600	Response	4	10237126	19460	1
7	601	Picture	ITI	10238170	0	1	26658	1	0	next	other	0
7	602	Sound	test	10253301	0	1			0		other	0
7	602	Picture	response	10264827	11526	1	4498	1	11450	25000	incorrect	1163
7	602	Port Input	1	10269257	15956	1
7	602	Response	3	10269257	15956	1
7	603	Picture	ITI	10270325	0	1	23659	1	0	next	other	0
7	604	Sound	test	10280707	0	1			0		other	0
7	604	Picture	response	10293984	13277	1	9330	1	13100	25000	incorrect	1168
7	604	Port Input	2	10303168	22461	1
7	604	Response	4	10303168	22461	1
7	605	Picture	ITI	10304147	0	1	29490	1	0	next	other	0
7	606	Sound	test	10320438	0	1			0		other	0
7	606	Picture	response	10333637	13199	1	7331	1	13100	25000	incorrect	1173
7	606	Port Input	2	10340827	20389	1
7	606	Response	4	10340827	20389	1
7	607	Picture	ITI	10341968	0	1	30823	1	0	next	other	0
7	608	Sound	test	10357659	0	1			0		other	0
7	608	Picture	response	10372790	15132	1	6331	1	15000	25000	incorrect	1178
7	608	Port Input	2	10378955	21296	1
7	608	Response	4	10378955	21296	1
7	609	Picture	ITI	10379955	0	1	27657	1	0	next	other	0
7	610	Sound	test	10392536	0	1			0		other	0
7	610	Picture	response	10407612	15076	1	5998	1	15000	25000	incorrect	1183
7	610	Port Input	2	10413481	20945	1
7	610	Response	4	10413481	20945	1
7	611	Picture	ITI	10414443	0	1	32989	1	0	next	other	0
7	612	Sound	test	10434304	0	1			0		other	0
7	612	Picture	response	10447432	13128	1	6831	1	13100	25000	incorrect	1188
7	612	Port Input	1	10454212	19908	1
7	612	Response	3	10454212	19908	1
7	613	Picture	ITI	10455262	0	1	30823	1	0	next	other	0
7	614	Sound	test	10473734	0	1			0		other	0
7	614	Picture	response	10486085	12351	1	6165	1	12250	25000	incorrect	1193
7	614	Port Input	2	10492059	18325	1
7	614	Response	4	10492059	18325	1
7	615	Picture	ITI	10493083	0	1	26991	1	0	next	other	0
7	616	Sound	test	10506814	0	1			0		other	0
7	616	Picture	response	10520073	13259	1	7331	1	13100	25000	incorrect	1198
7	616	Port Input	2	10527261	20447	1
7	616	Response	4	10527261	20447	1
7	617	Picture	ITI	10528237	0	1	24991	1	0	next	other	0
7	618	Sound	test	10542449	0	1			0		other	0
7	618	Picture	response	10553229	10780	1	12496	1	10700	25000	incorrect	1203
7	618	Port Input	2	10565608	23159	1
7	618	Response	4	10565608	23159	1
7	619	Picture	ITI	10566724	0	1	28324	1	0	next	other	0
7	620	Sound	test	10583526	0	1			0		other	0
7	620	Picture	response	10595048	11522	1	7831	1	11450	25000	incorrect	1208
7	620	Port Input	1	10602809	19284	1
7	620	Response	3	10602809	19284	1
7	621	Picture	ITI	10603878	0	1	31323	1	0	next	other	0
7	622	Sound	test	10622809	0	1			0		other	0
7	622	Picture	response	10635201	12391	1	18327	1	12250	25000	incorrect	1213
7	622	Port Input	2	10653473	30664	1
7	622	Response	4	10653473	30664	1
7	623	Picture	ITI	10654528	0	1	25325	1	0	next	other	0
7	624	Sound	test	10665749	0	1			0		other	0
7	624	Picture	response	10679852	14103	1	7497	1	14020	25000	incorrect	1218
7	624	Port Input	1	10687166	21417	1
7	624	Response	3	10687166	21417	1
7	625	Picture	ITI	10688183	0	1	33489	1	0	next	other	0
7	626	Sound	test	10706544	0	1			0		other	0
7	626	Picture	response	10721671	15127	1	5665	1	15000	25000	incorrect	1223
7	626	Port Input	2	10727178	20634	1
7	626	Response	4	10727178	20634	1
7	627	Picture	ITI	10728169	0	1	21659	1	0	next	other	0
7	628	Sound	test	10739090	0	1			0		other	0
7	628	Picture	response	10749828	10738	1	5831	1	10700	25000	incorrect	1228
7	628	Port Input	1	10755571	16481	1
7	628	Response	3	10755571	16481	1
7	629	Picture	ITI	10756659	0	1	21159	1	0	next	other	0
7	630	Sound	test	10767651	0	1			0		other	0
7	630	Picture	response	10777819	10168	1	6165	1	10000	25000	incorrect	1233
7	630	Port Input	1	10783819	16168	1
7	630	Response	3	10783819	16168	1
7	631	Picture	ITI	10784983	0	1	27157	1	0	next	other	0
7	632	Sound	test	10801314	0	1			0		other	0
7	632	Picture	response	10812140	10826	1	5831	1	10700	25000	incorrect	1238
7	632	Port Input	1	10817824	16510	1
7	632	Response	3	10817824	16510	1
7	633	Picture	ITI	10818971	0	1	29657	1	0	next	other	0
7	634	Sound	test	10835433	0	1			0		other	0
7	634	Picture	response	10848628	13195	1	8830	1	13100	25000	incorrect	1243
7	634	Port Input	1	10857295	21862	1
7	634	Response	3	10857295	21862	1
7	635	Picture	ITI	10858291	0	1	27990	1	0	next	other	0
7	636	Sound	test	10871103	0	1			0		other	0
7	636	Picture	response	10886282	15179	1	6831	1	15000	25000	incorrect	1248
7	636	Port Input	2	10893028	21926	1
7	636	Response	4	10893028	21926	1
7	637	Picture	ITI	10894112	0	1	25491	1	0	next	other	0
7	638	Sound	test	10907214	0	1			0		other	0
7	638	Picture	response	10919604	12390	1	22992	1	12250	25000	incorrect	1253
7	638	Port Input	2	10942537	35323	1
7	638	Response	4	10942537	35323	1
7	639	Picture	ITI	10943595	0	1	27824	1	0	next	other	0
7	640	Sound	test	10956307	0	1			0		other	0
7	640	Picture	response	10971419	15113	1	4665	1	15000	25000	incorrect	1258
7	640	Port Input	2	10975958	19652	1
7	640	Response	4	10975958	19652	1
7	641	Picture	ITI	10977084	0	1	27657	1	0	next	other	0
7	642	Sound	test	10994625	0	1			0		other	0
7	642	Picture	response	11004741	10116	1	5165	1	10000	25000	incorrect	1263
7	642	Port Input	1	11009724	15099	1
7	642	Response	3	11009724	15099	1
7	643	Picture	ITI	11010739	0	1	33988	1	0	next	other	0
7	644	Sound	test	11029650	0	1			0		other	0
7	644	Picture	response	11044728	15077	1	3499	1	15000	25000	incorrect	1268
7	644	Port Input	2	11048071	18420	1
7	644	Response	4	11048071	18420	1
7	645	Picture	ITI	11049059	0	1	28657	1	0	next	other	0
7	646	Sound	test	11064491	0	1			0		other	0
7	646	Picture	response	11077716	13226	1	6998	1	13100	25000	incorrect	1273
7	646	Port Input	2	11084616	20126	1
7	646	Response	4	11084616	20126	1
7	647	Picture	ITI	11085714	0	1	24325	1	0	next	other	0
7	648	Sound	test	11097745	0	1			0		other	0
7	648	Picture	response	11110039	12294	1	4832	1	12250	25000	incorrect	1278
7	648	Port Input	1	11114769	17024	1
7	648	Response	3	11114769	17024	1
7	649	Picture	ITI	11115870	0	1	27824	1	0	next	other	0
7	650	Sound	test	11130451	0	1			0		other	0
7	650	Picture	response	11143694	13243	1	5998	1	13100	25000	incorrect	1283
7	650	Port Input	2	11149586	19135	1
7	650	Response	4	11149586	19135	1
7	651	Picture	ITI	11150525	0	1	26991	1	0	next	other	0
7	652	Sound	test	11163436	0	1			0		other	0
7	652	Picture	response	11177516	14080	1	7164	1	14020	25000	incorrect	1288
7	652	Port Input	2	11184487	21051	1
7	652	Response	4	11184487	21051	1
7	653	Picture	ITI	11185513	0	1	29823	1	0	next	other	0
7	654	Sound	test	11204474	0	1			0		other	0
7	654	Picture	response	11215336	10862	1	5831	1	10700	25000	incorrect	1293
7	654	Port Input	1	11221022	16548	1
7	654	Response	3	11221022	16548	1
7	655	Picture	ITI	11222167	0	1	30656	1	0	next	other	0
7	656	Sound	test	11237638	0	1			0		other	0
7	656	Picture	response	11252823	15185	1	5831	1	15000	25000	incorrect	1298
7	656	Port Input	2	11258608	20970	1
7	656	Response	4	11258608	20970	1
7	657	Picture	ITI	11259654	0	1	25658	1	0	next	other	0
7	658	Sound	test	11270225	0	1			0		other	0
7	658	Picture	response	11285312	15087	1	7997	1	15000	25000	incorrect	1303
7	658	Port Input	2	11293238	23013	1
7	658	Response	4	11293238	23013	1
7	659	Picture	ITI	11294309	0	1	32322	1	0	next	other	0
7	660	Sound	test	11311480	0	1			0		other	0
7	660	Picture	response	11326631	15151	1	4665	1	15000	25000	incorrect	1308
7	660	Port Input	2	11331241	19761	1
7	660	Response	4	11331241	19761	1
7	661	Picture	ITI	11332296	0	1	27157	1	0	next	other	0
7	662	Sound	test	11347867	0	1			0		other	0
7	662	Picture	response	11359453	11586	1	4832	1	11450	25000	incorrect	1313
7	662	Port Input	1	11364184	16317	1
7	662	Response	3	11364184	16317	1
7	663	Picture	ITI	11365118	0	1	25325	1	0	next	other	0
7	664	Sound	test	11380299	0	1			0		other	0
7	664	Picture	response	11390443	10143	1	4498	1	10000	25000	incorrect	1318
7	664	Port Input	1	11394858	14558	1
7	664	Response	3	11394858	14558	1
7	665	Picture	ITI	11395941	0	1	25658	1	0	next	other	0
7	666	Sound	test	11409222	0	1			0		other	0
7	666	Picture	response	11421599	12377	1	4498	1	12250	25000	incorrect	1323
7	666	Port Input	2	11425968	16746	1
7	666	Response	4	11425968	16746	1
7	667	Picture	ITI	11426930	0	1	29657	1	0	next	other	0
7	668	Sound	test	11444272	0	1			0		other	0
7	668	Picture	response	11456587	12315	1	4498	1	12250	25000	incorrect	1328
7	668	Port Input	1	11461014	16743	1
7	668	Response	3	11461014	16743	1
7	669	Picture	ITI	11462085	0	1	25491	1	0	next	other	0
7	670	Sound	test	11472436	0	1			0		other	0
7	670	Picture	response	11487576	15140	1	4332	1	15000	25000	incorrect	1333
7	670	Port Input	2	11491833	19397	1
7	670	Response	4	11491833	19397	1
7	671	Picture	ITI	11492908	0	1	25658	1	0	next	other	0
7	672	Sound	test	11503499	0	1			0		other	0
7	672	Picture	response	11518566	15067	1	4665	1	15000	25000	incorrect	1338
7	672	Port Input	2	11523163	19664	1
7	672	Response	4	11523163	19664	1
7	673	Picture	ITI	11524231	0	1	20160	1	0	next	other	0
7	674	Picture	Instruction	11544390	0	1	1720602	1	0	next	other	0
7	674	Quit		13259208	1714818	NA


{
   "app": "Presentation Version 20.2 Build 07.25.18",
   "device": "LENOVO 10A8S1PC00",
   "experiment": "{772213B2-5F0F-4A35-9C2F-36954700C7EA}",
   "os": "Windows 7 64 bit",
   "package": "",
   "parameters": {
      "configuration": "Default configuration"
   },
   "scenario": "Timing Task with Dynanometer.sce",
   "subject": "7",
   "timestamp": "2019/03/10 03:37:46 GMT"
}
