Scenario - Timing Task
Logfile written - 03/11/2019 10:16:57

Subject	Trial	Event Type	Code	Time	TTime	Uncertainty	Duration	Uncertainty	ReqTime	ReqDur	Stim Type	Pair Index

8	1	Picture	Instruction	666	0	1	384036	1	0	next	other	0
8	1	Response	1	379574	378908	0
8	2	Picture	ITI	384702	0	1	10496	1	0	next	other	0
8	3	Sound	Stimuli	394710	0	428			0		other	0
8	4	Picture	Feedback	425188	0	1	20160	1	0	next	other	0
8	4	Response	4	425486	298	1
8	5	Picture	ITI	445348	0	1	10163	1	0	next	other	0
8	6	Sound	Stimuli	455349	0	1			0		other	0
8	7	Picture	Feedback	490499	0	1	20160	1	0	next	other	0
8	8	Picture	ITI	510659	0	1	10163	1	0	next	other	0
8	9	Sound	Stimuli	520660	0	1			0		other	0
8	10	Picture	Feedback	550645	0	1	20160	1	0	next	other	0
8	11	Picture	ITI	570805	0	1	10163	1	0	next	other	0
8	12	Sound	Stimuli	580806	0	1			0		other	0
8	13	Picture	Feedback	615956	0	1	20160	1	0	next	other	0
8	14	Picture	ITI	636116	0	1	10163	1	0	next	other	0
8	15	Sound	Stimuli	646117	0	1			0		other	0
8	16	Picture	Feedback	676269	0	1	20160	1	0	next	other	0
8	16	Response	4	677985	1717	1
8	17	Picture	ITI	696429	0	1	10163	1	0	next	other	0
8	18	Sound	Stimuli	706430	0	1			0		other	0
8	19	Picture	Feedback	741580	0	1	20160	1	0	next	other	0
8	20	Picture	ITI	761740	0	1	10163	1	0	next	other	0
8	21	Sound	Stimuli	771741	0	1			0		other	0
8	22	Picture	Feedback	801893	0	1	20160	1	0	next	other	0
8	23	Picture	ITI	822052	0	1	10163	1	0	next	other	0
8	24	Sound	Stimuli	832054	0	1			0		other	0
8	25	Picture	Feedback	867037	0	1	20160	1	0	next	other	0
8	26	Picture	ITI	887197	0	1	10163	1	0	next	other	0
8	27	Sound	Stimuli	897198	0	1			0		other	0
8	28	Picture	Feedback	927350	0	1	20160	1	0	next	other	0
8	29	Picture	ITI	947510	0	1	10163	1	0	next	other	0
8	30	Sound	Stimuli	957511	0	1			0		other	0
8	30	Port Input	1	978721	21210	1
8	31	Picture	Feedback	992661	0	1	20326	1	0	next	other	0
8	32	Picture	End_Block	1012987	0	1	76640	1	0	next	other	0
8	32	Response	1	1089565	76578	0
8	33	Picture	ITI	1089628	0	1	10163	1	0	next	other	0
8	34	Picture	Break	1099791	0	1	25491	1	0	next	other	0
8	34	Response	1	1125165	25374	0
8	35	Picture	ITI	1125282	0	1	10163	1	0	next	other	0
8	36	Picture	Instruction	1135445	0	1	59480	1	0	next	other	0
8	36	Response	1	1189804	54359	0
8	37	Picture	ITI	1194925	0	1	28823	1	0	next	other	0
8	38	Sound	Practice	1213666	0	1			0		other	0
8	38	Picture	response	1223749	10082	1	8331	1	10000	25000	hit	48
8	38	Port Input	2	1232022	18355	1
8	38	Response	4	1232022	18355	1
8	39	Picture	ITI	1242076	0	1	29823	1	0	next	other	0
8	40	Sound	Practice	1261767	0	1			0		other	0
8	40	Picture	response	1271899	10132	1	7831	1	10000	25000	hit	53
8	40	Port Input	2	1279571	17804	1
8	40	Response	4	1279571	17804	1
8	41	Picture	ITI	1289726	0	1	28823	1	0	next	other	0
8	42	Sound	Practice	1308427	0	1			0		other	0
8	42	Picture	response	1318549	10122	1	5831	1	10000	25000	hit	58
8	42	Port Input	2	1324309	15882	1
8	42	Response	4	1324309	15882	1
8	43	Picture	ITI	1334377	0	1	30490	1	0	next	other	0
8	44	Sound	Practice	1349689	0	1			0		other	0
8	44	Picture	response	1364867	15178	1	5332	1	15000	25000	hit	63
8	44	Port Input	1	1370088	20399	1
8	44	Response	3	1370088	20399	1
8	45	Picture	ITI	1380195	0	1	22492	1	0	next	other	0
8	46	Sound	Practice	1392517	0	1			0		other	0
8	46	Picture	response	1402687	10171	1	6831	1	10000	25000	hit	68
8	46	Port Input	2	1409360	16844	1
8	46	Response	4	1409360	16844	1
8	47	Picture	ITI	1419515	0	1	25158	1	0	next	other	0
8	48	Sound	Practice	1429626	0	1			0		other	0
8	48	Picture	response	1444673	15047	1	4499	1	15000	25000	hit	73
8	48	Port Input	1	1449111	19485	1
8	48	Response	3	1449111	19485	1
8	49	Picture	ITI	1459168	0	1	29490	1	0	next	other	0
8	50	Sound	Practice	1473469	0	1			0		other	0
8	50	Picture	response	1488658	15189	1	4165	1	15000	25000	hit	78
8	50	Port Input	1	1492767	19297	1
8	50	Response	3	1492767	19297	1
8	51	Picture	ITI	1502820	0	1	24158	1	0	next	other	0
8	52	Sound	Practice	1516841	0	1			0		other	0
8	52	Picture	response	1526978	10137	1	5665	1	10000	25000	hit	83
8	52	Port Input	2	1532528	15687	1
8	52	Response	4	1532528	15687	1
8	53	Picture	ITI	1542640	0	1	30323	1	0	next	other	0
8	54	Sound	Practice	1557871	0	1			0		other	0
8	54	Picture	response	1572963	15092	1	3999	1	15000	25000	hit	88
8	54	Port Input	1	1576756	18885	1
8	54	Response	3	1576756	18885	1
8	55	Picture	ITI	1586791	0	1	29823	1	0	next	other	0
8	56	Sound	Practice	1601573	0	1			0		other	0
8	56	Picture	response	1616614	15042	1	4832	1	15000	25000	hit	93
8	56	Port Input	1	1621328	19755	1
8	56	Response	3	1621328	19755	1
8	57	Picture	ITI	1631443	0	1	25658	1	0	next	other	0
8	58	Sound	Practice	1646994	0	1			0		other	0
8	58	Picture	response	1657101	10107	1	5498	1	10000	25000	hit	98
8	58	Port Input	2	1662557	15563	1
8	58	Response	4	1662557	15563	1
8	59	Picture	ITI	1672595	0	1	30490	1	0	next	other	0
8	60	Sound	Practice	1688027	0	1			0		other	0
8	60	Picture	response	1703085	15058	1	4332	1	15000	25000	hit	103
8	60	Port Input	1	1707295	19269	1
8	60	Response	3	1707295	19269	1
8	61	Picture	ITI	1717413	0	1	27657	1	0	next	other	0
8	62	Sound	Practice	1735025	0	1			0		other	0
8	62	Picture	response	1745070	10046	1	6998	1	10000	25000	hit	108
8	62	Port Input	2	1751919	16894	1
8	62	Response	4	1751919	16894	1
8	63	Picture	ITI	1762065	0	1	32322	1	0	next	other	0
8	64	Sound	Practice	1779196	0	1			0		other	0
8	64	Picture	response	1794387	15191	1	8331	1	15000	25000	incorrect	113
8	64	Port Input	2	1802664	23468	1
8	64	Response	4	1802664	23468	1
8	65	Picture	ITI	1812714	0	1	26324	1	0	next	other	0
8	66	Sound	Practice	1828915	0	1			0		other	0
8	66	Picture	response	1839038	10123	1	5831	1	10000	25000	hit	118
8	66	Port Input	2	1844675	15759	1
8	66	Response	4	1844675	15759	1
8	67	Picture	ITI	1854866	0	1	24325	1	0	next	other	0
8	68	Sound	Practice	1869128	0	1			0		other	0
8	68	Picture	response	1879191	10064	1	6165	1	10000	25000	hit	123
8	68	Port Input	2	1885279	16152	1
8	68	Response	4	1885279	16152	1
8	69	Picture	ITI	1895352	0	1	22992	1	0	next	other	0
8	70	Sound	Practice	1908244	0	1			0		other	0
8	70	Picture	response	1918345	10100	1	10496	1	10000	25000	incorrect	128
8	70	Port Input	1	1928778	20534	1
8	70	Response	3	1928778	20534	1
8	71	Picture	ITI	1938838	0	1	34821	1	0	next	other	0
8	72	Sound	Practice	1958579	0	1			0		other	0
8	72	Picture	response	1973659	15080	1	3832	1	15000	25000	hit	133
8	72	Port Input	1	1977306	18727	1
8	72	Response	3	1977306	18727	1
8	73	Picture	ITI	1987488	0	1	23492	1	0	next	other	0
8	74	Sound	Practice	2000829	0	1			0		other	0
8	74	Picture	response	2010980	10151	1	5332	1	10000	25000	hit	138
8	74	Port Input	2	2016162	15333	1
8	74	Response	4	2016162	15333	1
8	75	Picture	ITI	2026308	0	1	22326	1	0	next	other	0
8	76	Sound	Practice	2038499	0	1			0		other	0
8	76	Picture	response	2048633	10134	1	6331	1	10000	25000	hit	143
8	76	Port Input	2	2054809	16310	1
8	76	Response	4	2054809	16310	1
8	77	Picture	ITI	2064961	0	1	20826	1	0	next	other	0
8	78	Sound	Practice	2075613	0	1			0		other	0
8	78	Picture	response	2085787	10175	1	4665	1	10000	25000	hit	148
8	78	Port Input	2	2090385	14773	1
8	78	Response	4	2090385	14773	1
8	79	Picture	ITI	2100449	0	1	34988	1	0	next	other	0
8	80	Sound	Practice	2120280	0	1			0		other	0
8	80	Picture	response	2135437	15157	1	3832	1	15000	25000	hit	153
8	80	Port Input	1	2139215	18935	1
8	80	Response	3	2139215	18935	1
8	81	Picture	ITI	2149266	0	1	21326	1	0	next	other	0
8	82	Sound	Practice	2160537	0	1			0		other	0
8	82	Picture	response	2170592	10055	1	5332	1	10000	25000	hit	158
8	82	Port Input	2	2175728	15191	1
8	82	Response	4	2175728	15191	1
8	83	Picture	ITI	2185920	0	1	23325	1	0	next	other	0
8	84	Sound	Practice	2199141	0	1			0		other	0
8	84	Picture	response	2209245	10104	1	8997	1	10000	25000	hit	163
8	84	Port Input	2	2218113	18972	1
8	84	Response	4	2218113	18972	1
8	85	Picture	ITI	2228239	0	1	20826	1	0	next	other	0
8	86	Sound	Practice	2238950	0	1			0		other	0
8	86	Picture	response	2249065	10115	1	5332	1	10000	25000	hit	168
8	86	Port Input	2	2254220	15270	1
8	86	Response	4	2254220	15270	1
8	87	Picture	Break	2264393	0	1	25158	1	0	next	other	0
8	87	Response	1	2289471	25077	0
8	88	Picture	Instruction	2289551	0	1	27990	1	0	next	other	0
8	88	Response	1	2317389	27838	0
8	89	Picture	ITI	2317542	0	1	15161	1	0	next	other	0
8	90	Picture	ITI	2332703	0	1	26158	1	0	next	other	0
8	91	Sound	test	2347384	0	1			0		other	0
8	91	Picture	response	2358861	11476	1	12329	1	11450	25000	incorrect	178
8	91	Port Input	1	2371068	23684	1
8	91	Response	3	2371068	23684	1
8	92	Picture	ITI	2372190	0	1	28824	1	0	next	other	0
8	93	Sound	test	2386951	0	1			0		other	0
8	93	Picture	response	2401013	14062	1	5332	1	14020	25000	incorrect	183
8	93	Port Input	1	2406186	19235	1
8	93	Response	3	2406186	19235	1
8	94	Picture	ITI	2407178	0	1	31323	1	0	next	other	0
8	95	Sound	test	2425329	0	1			0		other	0
8	95	Picture	response	2438500	13171	1	9663	1	13100	25000	incorrect	188
8	95	Port Input	1	2448113	22784	1
8	95	Response	3	2448113	22784	1
8	96	Picture	ITI	2449163	0	1	29990	1	0	next	other	0
8	97	Sound	test	2464105	0	1			0		other	0
8	97	Picture	response	2479153	15048	1	6331	1	15000	25000	incorrect	193
8	97	Port Input	1	2485344	21240	1
8	97	Response	3	2485344	21240	1
8	98	Picture	ITI	2486484	0	1	27491	1	0	next	other	0
8	99	Sound	test	2498895	0	1			0		other	0
8	99	Picture	response	2513975	15079	1	5831	1	15000	25000	incorrect	198
8	99	Port Input	1	2519681	20786	1
8	99	Response	3	2519681	20786	1
8	100	Picture	ITI	2520806	0	1	26824	1	0	next	other	0
8	101	Sound	test	2536887	0	1			0		other	0
8	101	Picture	response	2547630	10743	1	5332	1	10700	25000	incorrect	203
8	101	Port Input	2	2552811	15924	1
8	101	Response	4	2552811	15924	1
8	102	Picture	ITI	2553794	0	1	28657	1	0	next	other	0
8	103	Sound	test	2570046	0	1			0		other	0
8	103	Picture	response	2582451	12406	1	12163	1	12250	25000	incorrect	208
8	103	Port Input	2	2594457	24411	1
8	103	Response	4	2594457	24411	1
8	104	Picture	ITI	2595613	0	1	28324	1	0	next	other	0
8	105	Sound	test	2613805	0	1			0		other	0
8	105	Picture	response	2623937	10132	1	6664	1	10000	25000	incorrect	213
8	105	Port Input	2	2630491	16686	1
8	105	Response	4	2630491	16686	1
8	106	Picture	ITI	2631601	0	1	30323	1	0	next	other	0
8	107	Sound	test	2646882	0	1			0		other	0
8	107	Picture	response	2661924	15042	1	5165	1	15000	25000	incorrect	218
8	107	Port Input	1	2667004	20122	1
8	107	Response	3	2667004	20122	1
8	108	Picture	ITI	2668089	0	1	26824	1	0	next	other	0
8	109	Sound	test	2683370	0	1			0		other	0
8	109	Picture	response	2694913	11543	1	5998	1	11450	25000	incorrect	223
8	109	Port Input	2	2700727	17357	1
8	109	Response	4	2700727	17357	1
8	110	Picture	ITI	2701744	0	1	26824	1	0	next	other	0
8	111	Sound	test	2717785	0	1			0		other	0
8	111	Picture	response	2728568	10783	1	6831	1	10700	25000	incorrect	228
8	111	Port Input	2	2735199	17414	1
8	111	Response	4	2735199	17414	1
8	112	Picture	ITI	2736232	0	1	32656	1	0	next	other	0
8	113	Sound	test	2755633	0	1			0		other	0
8	113	Picture	response	2768887	13254	1	6331	1	13100	25000	incorrect	233
8	113	Port Input	2	2775106	19473	1
8	113	Response	4	2775106	19473	1
8	114	Picture	ITI	2776218	0	1	25825	1	0	next	other	0
8	115	Sound	test	2788870	0	1			0		other	0
8	115	Picture	response	2802043	13173	1	7164	1	13100	25000	incorrect	238
8	115	Port Input	2	2809027	20157	1
8	115	Response	4	2809027	20157	1
8	116	Picture	ITI	2810040	0	1	29657	1	0	next	other	0
8	117	Sound	test	2827282	0	1			0		other	0
8	117	Picture	response	2839697	12415	1	15828	1	12250	25000	incorrect	243
8	117	Port Input	2	2855462	28180	1
8	117	Response	4	2855462	28180	1
8	118	Picture	ITI	2856524	0	1	27491	1	0	next	other	0
8	119	Sound	test	2870845	0	1			0		other	0
8	119	Picture	response	2884015	13169	1	7331	1	13100	25000	incorrect	248
8	119	Port Input	1	2891194	20349	1
8	119	Response	3	2891194	20349	1
8	120	Picture	ITI	2892179	0	1	25991	1	0	next	other	0
8	121	Sound	test	2903960	0	1			0		other	0
8	121	Picture	response	2918170	14210	1	8330	1	14020	25000	incorrect	253
8	121	Port Input	1	2926426	22466	1
8	121	Response	3	2926426	22466	1
8	122	Picture	ITI	2927500	0	1	25158	1	0	next	other	0
8	123	Sound	test	2942571	0	1			0		other	0
8	123	Picture	response	2952658	10087	1	6998	1	10000	25000	incorrect	258
8	123	Port Input	2	2959462	16891	1
8	123	Response	4	2959462	16891	1
8	124	Picture	ITI	2960489	0	1	26324	1	0	next	other	0
8	125	Sound	test	2976690	0	1			0		other	0
8	125	Picture	response	2986813	10123	1	6831	1	10000	25000	incorrect	263
8	125	Port Input	2	2993445	16755	1
8	125	Response	4	2993445	16755	1
8	126	Picture	ITI	2994477	0	1	29157	1	0	next	other	0
8	127	Sound	test	3008468	0	1			0		other	0
8	127	Picture	response	3023634	15166	1	4998	1	15000	25000	incorrect	268
8	127	Port Input	1	3028552	20084	1
8	127	Response	3	3028552	20084	1
8	128	Picture	ITI	3029632	0	1	26491	1	0	next	other	0
8	129	Sound	test	3045253	0	1			0		other	0
8	129	Picture	response	3056123	10870	1	7664	1	10700	25000	incorrect	273
8	129	Port Input	2	3063670	18417	1
8	129	Response	4	3063670	18417	1
8	130	Picture	ITI	3064786	0	1	26158	1	0	next	other	0
8	131	Sound	test	3077658	0	1			0		other	0
8	131	Picture	response	3090944	13287	1	5831	1	13100	25000	incorrect	278
8	131	Port Input	1	3096602	18944	1
8	131	Response	3	3096602	18944	1
8	132	Picture	ITI	3097609	0	1	29990	1	0	next	other	0
8	133	Sound	test	3115250	0	1			0		other	0
8	133	Picture	response	3127598	12348	1	5998	1	12250	25000	incorrect	283
8	133	Port Input	2	3133531	18282	1
8	133	Response	4	3133531	18282	1
8	134	Picture	ITI	3134596	0	1	33322	1	0	next	other	0
8	135	Sound	test	3153817	0	1			0		other	0
8	135	Picture	response	3167918	14101	1	5998	1	14020	25000	incorrect	288
8	135	Port Input	1	3173824	20007	1
8	135	Response	3	3173824	20007	1
8	136	Picture	ITI	3174915	0	1	30490	1	0	next	other	0
8	137	Sound	test	3192987	0	1			0		other	0
8	137	Picture	response	3205405	12418	1	6831	1	12250	25000	incorrect	293
8	137	Port Input	2	3212055	19068	1
8	137	Response	4	3212055	19068	1
8	138	Picture	ITI	3213069	0	1	24992	1	0	next	other	0
8	139	Sound	test	3227190	0	1			0		other	0
8	139	Picture	response	3238061	10870	1	10663	1	10700	25000	incorrect	298
8	139	Port Input	2	3248547	21356	1
8	139	Response	4	3248547	21356	1
8	140	Picture	ITI	3249557	0	1	23159	1	0	next	other	0
8	141	Sound	test	3262538	0	1			0		other	0
8	141	Picture	response	3272715	10178	1	6831	1	10000	25000	incorrect	303
8	141	Port Input	2	3279490	16952	1
8	141	Response	4	3279490	16952	1
8	142	Picture	ITI	3280546	0	1	27157	1	0	next	other	0
8	143	Sound	test	3292647	0	1			0		other	0
8	143	Picture	response	3307703	15056	1	5831	1	15000	25000	incorrect	308
8	143	Port Input	1	3313389	20742	1
8	143	Response	3	3313389	20742	1
8	144	Picture	ITI	3314368	0	1	23659	1	0	next	other	0
8	145	Sound	test	3325749	0	1			0		other	0
8	145	Picture	response	3338026	12277	1	9663	1	12250	25000	incorrect	313
8	145	Port Input	1	3347529	21780	1
8	145	Response	3	3347529	21780	1
8	146	Picture	ITI	3348689	0	1	29323	1	0	next	other	0
8	147	Sound	test	3367951	0	1			0		other	0
8	147	Picture	response	3378013	10062	1	9497	1	10000	25000	incorrect	318
8	147	Port Input	1	3387425	19475	1
8	147	Response	3	3387425	19475	1
8	148	Picture	ITI	3388509	0	1	30490	1	0	next	other	0
8	149	Sound	test	3404870	0	1			0		other	0
8	149	Picture	response	3418999	14128	1	8164	1	14020	25000	incorrect	323
8	149	Port Input	1	3427020	22150	1
8	149	Response	3	3427020	22150	1
8	150	Picture	ITI	3428162	0	1	26491	1	0	next	other	0
8	151	Sound	test	3442334	0	1			0		other	0
8	151	Picture	response	3454653	12320	1	9330	1	12250	25000	incorrect	328
8	151	Port Input	2	3463814	21481	1
8	151	Response	4	3463814	21481	1
8	152	Picture	ITI	3464816	0	1	20160	1	0	next	other	0
8	153	Sound	test	3474898	0	1			0		other	0
8	153	Picture	response	3484976	10079	1	7664	1	10000	25000	incorrect	333
8	153	Port Input	2	3492550	17652	1
8	153	Response	4	3492550	17652	1
8	154	Picture	ITI	3493640	0	1	21493	1	0	next	other	0
8	155	Sound	test	3505031	0	1			0		other	0
8	155	Picture	response	3515133	10101	1	7164	1	10000	25000	incorrect	338
8	155	Port Input	2	3522181	17150	1
8	155	Response	4	3522181	17150	1
8	156	Picture	ITI	3523296	0	1	30323	1	0	next	other	0
8	157	Sound	test	3541188	0	1			0		other	0
8	157	Picture	response	3553619	12432	1	4998	1	12250	25000	incorrect	343
8	157	Port Input	1	3558486	17298	1
8	157	Response	3	3558486	17298	1
8	158	Picture	ITI	3559451	0	1	26158	1	0	next	other	0
8	159	Sound	test	3570442	0	1			0		other	0
8	159	Picture	response	3585609	15167	1	5498	1	15000	25000	incorrect	348
8	159	Port Input	1	3591011	20569	1
8	159	Response	3	3591011	20569	1
8	160	Picture	ITI	3592106	0	1	25158	1	0	next	other	0
8	161	Sound	test	3607127	0	1			0		other	0
8	161	Picture	response	3617264	10137	1	7331	1	10000	25000	incorrect	353
8	161	Port Input	2	3624536	17408	1
8	161	Response	4	3624536	17408	1
8	162	Picture	ITI	3625595	0	1	31489	1	0	next	other	0
8	163	Sound	test	3644796	0	1			0		other	0
8	163	Picture	response	3657084	12288	1	4832	1	12250	25000	incorrect	358
8	163	Port Input	1	3661819	17023	1
8	163	Response	3	3661819	17023	1
8	164	Picture	ITI	3662915	0	1	32322	1	0	next	other	0
8	165	Sound	test	3682897	0	1			0		other	0
8	165	Picture	response	3695238	12341	1	8330	1	12250	25000	incorrect	363
8	165	Port Input	1	3703507	20610	1
8	165	Response	3	3703507	20610	1
8	166	Picture	ITI	3704568	0	1	27157	1	0	next	other	0
8	167	Sound	test	3717549	0	1			0		other	0
8	167	Picture	response	3731725	14176	1	6165	1	14020	25000	incorrect	368
8	167	Port Input	1	3737792	20243	1
8	167	Response	3	3737792	20243	1
8	168	Picture	ITI	3738890	0	1	34988	1	0	next	other	0
8	169	Sound	test	3758741	0	1			0		other	0
8	169	Picture	response	3773878	15137	1	4998	1	15000	25000	incorrect	373
8	169	Port Input	1	3778782	20041	1
8	169	Response	3	3778782	20041	1
8	170	Picture	ITI	3779876	0	1	34655	1	0	next	other	0
8	171	Sound	test	3799387	0	1			0		other	0
8	171	Picture	response	3814530	15144	1	5498	1	15000	25000	incorrect	378
8	171	Port Input	1	3819886	20499	1
8	171	Response	3	3819886	20499	1
8	172	Picture	ITI	3820862	0	1	25491	1	0	next	other	0
8	173	Sound	test	3833133	0	1			0		other	0
8	173	Picture	response	3846353	13220	1	5998	1	13100	25000	incorrect	383
8	173	Port Input	1	3852151	19019	1
8	173	Response	3	3852151	19019	1
8	174	Picture	ITI	3853184	0	1	28490	1	0	next	other	0
8	175	Sound	test	3866555	0	1			0		other	0
8	175	Picture	response	3881674	15119	1	6498	1	15000	25000	incorrect	388
8	175	Port Input	1	3888008	21453	1
8	175	Response	3	3888008	21453	1
8	176	Picture	ITI	3889005	0	1	29323	1	0	next	other	0
8	177	Sound	test	3907506	0	1			0		other	0
8	177	Picture	response	3918328	10822	1	7164	1	10700	25000	incorrect	393
8	177	Port Input	2	3925396	17890	1
8	177	Response	4	3925396	17890	1
8	178	Picture	ITI	3926492	0	1	26158	1	0	next	other	0
8	179	Sound	test	3940354	0	1			0		other	0
8	179	Picture	response	3952650	12296	1	8830	1	12250	25000	incorrect	398
8	179	Port Input	2	3961347	20993	1
8	179	Response	4	3961347	20993	1
8	180	Picture	ITI	3962480	0	1	32322	1	0	next	other	0
8	181	Sound	test	3980611	0	1			0		other	0
8	181	Picture	response	3994802	14191	1	7831	1	14020	25000	incorrect	403
8	181	Port Input	1	4002514	21903	1
8	181	Response	3	4002514	21903	1
8	182	Picture	ITI	4003466	0	1	30656	1	0	next	other	0
8	183	Sound	test	4022587	0	1			0		other	0
8	183	Picture	response	4034122	11535	1	6998	1	11450	25000	incorrect	408
8	183	Port Input	2	4040922	18334	1
8	183	Response	4	4040922	18334	1
8	184	Picture	ITI	4041953	0	1	25491	1	0	next	other	0
8	185	Sound	test	4054314	0	1			0		other	0
8	185	Picture	response	4067444	13130	1	6331	1	13100	25000	incorrect	413
8	185	Port Input	2	4073572	19258	1
8	185	Response	4	4073572	19258	1
8	186	Picture	ITI	4074608	0	1	26824	1	0	next	other	0
8	187	Sound	test	4091389	0	1			0		other	0
8	187	Picture	response	4101432	10043	1	6998	1	10000	25000	incorrect	418
8	187	Port Input	2	4108263	16874	1
8	187	Response	4	4108263	16874	1
8	188	Picture	ITI	4109263	0	1	28990	1	0	next	other	0
8	189	Sound	test	4125834	0	1			0		other	0
8	189	Picture	response	4138253	12419	1	11163	1	12250	25000	incorrect	423
8	189	Port Input	2	4149274	23439	1
8	189	Response	4	4149274	23439	1
8	190	Picture	ITI	4150249	0	1	29323	1	0	next	other	0
8	191	Sound	test	4168030	0	1			0		other	0
8	191	Picture	response	4179572	11542	1	14495	1	11450	25000	incorrect	428
8	191	Port Input	2	4193876	25846	1
8	191	Response	4	4193876	25846	1
8	192	Picture	ITI	4194900	0	1	31323	1	0	next	other	0
8	193	Sound	test	4214682	0	1			0		other	0
8	193	Picture	response	4226223	11541	1	9164	1	11450	25000	incorrect	433
8	193	Port Input	2	4235324	20643	1
8	193	Response	4	4235324	20643	1
8	194	Picture	ITI	4236386	0	1	28490	1	0	next	other	0
8	195	Sound	test	4253337	0	1			0		other	0
8	195	Picture	response	4264877	11539	1	11996	1	11450	25000	incorrect	438
8	195	Port Input	2	4276814	23477	1
8	195	Response	4	4276814	23477	1
8	196	Picture	ITI	4277872	0	1	31489	1	0	next	other	0
8	197	Sound	test	4295193	0	1			0		other	0
8	197	Picture	response	4309361	14168	1	6331	1	14020	25000	incorrect	443
8	197	Port Input	1	4315503	20310	1
8	197	Response	3	4315503	20310	1
8	198	Picture	ITI	4316526	0	1	33489	1	0	next	other	0
8	199	Sound	test	4335867	0	1			0		other	0
8	199	Picture	response	4350014	14147	1	14495	1	14020	25000	incorrect	448
8	199	Port Input	1	4364374	28508	1
8	199	Response	3	4364374	28508	1
8	200	Picture	ITI	4365342	0	1	25991	1	0	next	other	0
8	201	Sound	test	4376293	0	1			0		other	0
8	201	Picture	response	4391333	15040	1	7164	1	15000	25000	incorrect	453
8	201	Port Input	1	4398420	22126	1
8	201	Response	3	4398420	22126	1
8	202	Picture	ITI	4399497	0	1	27990	1	0	next	other	0
8	203	Sound	test	4413358	0	1			0		other	0
8	203	Picture	response	4427488	14129	1	9164	1	14020	25000	incorrect	458
8	203	Port Input	1	4436536	23178	1
8	203	Response	3	4436536	23178	1
8	204	Picture	ITI	4437651	0	1	30156	1	0	next	other	0
8	205	Sound	test	4452662	0	1			0		other	0
8	205	Picture	response	4467807	15145	1	6831	1	15000	25000	incorrect	463
8	205	Port Input	1	4474569	21907	1
8	205	Response	3	4474569	21907	1
8	206	Picture	ITI	4475638	0	1	21659	1	0	next	other	0
8	207	Sound	test	4487259	0	1			0		other	0
8	207	Picture	response	4497297	10038	1	5998	1	10000	25000	incorrect	468
8	207	Port Input	2	4503232	15973	1
8	207	Response	4	4503232	15973	1
8	208	Picture	ITI	4504295	0	1	25491	1	0	next	other	0
8	209	Sound	test	4518916	0	1			0		other	0
8	209	Picture	response	4529786	10870	1	8497	1	10700	25000	incorrect	473
8	209	Port Input	2	4538183	19267	1
8	209	Response	4	4538183	19267	1
8	210	Picture	ITI	4539283	0	1	26658	1	0	next	other	0
8	211	Sound	test	4551874	0	1			0		other	0
8	211	Picture	response	4565940	14066	1	5331	1	14020	25000	incorrect	478
8	211	Port Input	1	4571146	19272	1
8	211	Response	3	4571146	19272	1
8	212	Picture	ITI	4572272	0	1	20826	1	0	next	other	0
8	213	Sound	test	4582273	0	1			0		other	0
8	213	Picture	response	4593098	10825	1	6831	1	10700	25000	incorrect	483
8	213	Port Input	2	4599788	17515	1
8	213	Response	4	4599788	17515	1
8	214	Picture	ITI	4600762	0	1	26658	1	0	next	other	0
8	215	Sound	test	4612273	0	1			0		other	0
8	215	Picture	response	4627419	15146	1	5165	1	15000	25000	incorrect	488
8	215	Port Input	1	4632542	20269	1
8	215	Response	3	4632542	20269	1
8	216	Picture	ITI	4633584	0	1	30656	1	0	next	other	0
8	217	Sound	test	4653475	0	1			0		other	0
8	217	Picture	response	4664240	10765	1	7664	1	10700	25000	incorrect	493
8	217	Port Input	2	4671742	18266	1
8	217	Response	4	4671742	18266	1
8	218	Picture	ITI	4672737	0	1	32322	1	0	next	other	0
8	219	Sound	test	4689938	0	1			0		other	0
8	219	Picture	response	4705060	15121	1	7831	1	15000	25000	incorrect	498
8	219	Port Input	2	4712690	22751	1
8	219	Response	4	4712690	22751	1
8	220	Picture	ITI	4713723	0	1	33822	1	0	next	other	0
8	221	Sound	test	4732504	0	1			0		other	0
8	221	Picture	response	4747545	15041	1	14328	1	15000	25000	incorrect	503
8	221	Port Input	2	4761697	29192	1
8	221	Response	4	4761697	29192	1
8	222	Picture	ITI	4762706	0	1	30656	1	0	next	other	0
8	223	Sound	test	4778228	0	1			0		other	0
8	223	Picture	response	4793363	15135	1	10996	1	15000	25000	incorrect	508
8	223	Port Input	2	4804248	26021	1
8	223	Response	4	4804248	26021	1
8	224	Picture	ITI	4805359	0	1	22326	1	0	next	other	0
8	225	Sound	test	4817530	0	1			0		other	0
8	225	Picture	response	4827684	10154	1	7331	1	10000	25000	incorrect	513
8	225	Port Input	2	4834973	17443	1
8	225	Response	4	4834973	17443	1
8	226	Picture	ITI	4836015	0	1	25991	1	0	next	other	0
8	227	Sound	test	4850426	0	1			0		other	0
8	227	Picture	response	4862006	11580	1	13329	1	11450	25000	incorrect	518
8	227	Port Input	2	4875171	24745	1
8	227	Response	4	4875171	24745	1
8	228	Picture	ITI	4876168	0	1	31156	1	0	next	other	0
8	229	Sound	test	4892219	0	1			0		other	0
8	229	Picture	response	4907324	15105	1	4832	1	15000	25000	incorrect	523
8	229	Port Input	1	4911955	19736	1
8	229	Response	3	4911955	19736	1
8	230	Picture	ITI	4912988	0	1	32156	1	0	next	other	0
8	231	Sound	test	4931080	0	1			0		other	0
8	231	Picture	response	4945144	14064	1	7831	1	14020	25000	incorrect	528
8	231	Port Input	1	4952830	21751	1
8	231	Response	3	4952830	21751	1
8	232	Picture	ITI	4953974	0	1	25491	1	0	next	other	0
8	233	Sound	test	4968696	0	1			0		other	0
8	233	Picture	response	4979466	10770	1	7497	1	10700	25000	incorrect	533
8	233	Port Input	2	4986793	18097	1
8	233	Response	4	4986793	18097	1
8	234	Picture	ITI	4987796	0	1	27157	1	0	next	other	0
8	235	Sound	test	5003408	0	1			0		other	0
8	235	Picture	response	5014954	11546	1	11663	1	11450	25000	incorrect	538
8	235	Port Input	1	5026429	23021	1
8	235	Response	3	5026429	23021	1
8	236	Picture	ITI	5027449	0	1	24325	1	0	next	other	0
8	237	Sound	test	5041041	0	1			0		other	0
8	237	Picture	response	5051774	10734	1	11996	1	10700	25000	incorrect	543
8	237	Port Input	1	5063713	22672	1
8	237	Response	3	5063713	22672	1
8	238	Picture	ITI	5064770	0	1	26658	1	0	next	other	0
8	239	Sound	test	5081251	0	1			0		other	0
8	239	Picture	response	5091428	10176	1	7331	1	10000	25000	incorrect	548
8	239	Port Input	2	5098643	17392	1
8	239	Response	4	5098643	17392	1
8	240	Picture	ITI	5099758	0	1	30323	1	0	next	other	0
8	241	Sound	test	5115049	0	1			0		other	0
8	241	Picture	response	5130081	15032	1	5165	1	15000	25000	incorrect	553
8	241	Port Input	1	5135166	20117	1
8	241	Response	3	5135166	20117	1
8	242	Picture	ITI	5136246	0	1	28157	1	0	next	other	0
8	243	Sound	test	5150207	0	1			0		other	0
8	243	Picture	response	5164403	14196	1	6165	1	14020	25000	incorrect	558
8	243	Port Input	1	5170472	20265	1
8	243	Response	3	5170472	20265	1
8	244	Picture	ITI	5171567	0	1	25825	1	0	next	other	0
8	245	Sound	test	5187219	0	1			0		other	0
8	245	Picture	response	5197391	10173	1	9330	1	10000	25000	incorrect	563
8	245	Port Input	1	5206537	19318	1
8	245	Response	3	5206537	19318	1
8	246	Picture	ITI	5207555	0	1	26491	1	0	next	other	0
8	247	Sound	test	5223936	0	2			0		other	0
8	247	Picture	response	5234045	10110	1	9997	1	10000	25000	incorrect	568
8	247	Port Input	2	5243862	19926	1
8	247	Response	4	5243862	19926	1
8	248	Picture	ITI	5244875	0	1	29157	1	0	next	other	0
8	249	Sound	test	5263216	0	1			0		other	0
8	249	Picture	response	5274032	10816	1	7831	1	10700	25000	incorrect	573
8	249	Port Input	2	5281697	18481	1
8	249	Response	4	5281697	18481	1
8	250	Picture	ITI	5282696	0	1	22826	1	0	next	other	0
8	251	Sound	test	5293937	0	1			0		other	0
8	251	Picture	response	5305521	11584	1	9663	1	11450	25000	incorrect	578
8	251	Port Input	1	5315014	21077	1
8	251	Response	3	5315014	21077	1
8	252	Picture	ITI	5316184	0	1	23825	1	0	next	other	0
8	253	Sound	test	5326805	0	1			0		other	0
8	253	Picture	response	5340009	13204	1	9830	1	13100	25000	incorrect	583
8	253	Port Input	1	5349653	22848	1
8	253	Response	3	5349653	22848	1
8	254	Picture	ITI	5350672	0	1	25825	1	0	next	other	0
8	255	Sound	test	5364994	0	1			0		other	0
8	255	Picture	response	5376497	11503	1	8830	1	11450	25000	incorrect	588
8	255	Port Input	1	5385146	20152	1
8	255	Response	3	5385146	20152	1
8	256	Picture	ITI	5386160	0	1	30156	1	0	next	other	0
8	257	Sound	test	5402221	0	1			0		other	0
8	257	Picture	response	5416317	14095	1	8164	1	14020	25000	incorrect	593
8	257	Port Input	1	5424418	22196	1
8	257	Response	3	5424418	22196	1
8	258	Picture	ITI	5425480	0	1	26491	1	0	next	other	0
8	259	Sound	test	5440431	0	1			0		other	0
8	259	Picture	response	5451971	11540	1	10163	1	11450	25000	incorrect	598
8	259	Port Input	1	5462045	21613	1
8	259	Response	3	5462045	21613	1
8	260	Picture	ITI	5463134	0	1	25825	1	0	next	other	0
8	261	Sound	test	5478175	0	1			0		other	0
8	261	Picture	response	5488958	10783	1	9497	1	10700	25000	incorrect	603
8	261	Port Input	2	5498350	20174	1
8	261	Response	4	5498350	20174	1
8	262	Picture	ITI	5499455	0	1	25658	1	0	next	other	0
8	263	Sound	test	5513636	0	1			0		other	0
8	263	Picture	response	5525113	11477	1	9330	1	11450	25000	incorrect	608
8	263	Port Input	2	5534290	20654	1
8	263	Response	4	5534290	20654	1
8	264	Picture	ITI	5535276	0	1	22492	1	0	next	other	0
8	265	Sound	test	5546877	0	1			0		other	0
8	265	Picture	response	5557768	10891	1	12829	1	10700	25000	incorrect	613
8	265	Port Input	2	5570418	23541	1
8	265	Response	4	5570418	23541	1
8	266	Picture	ITI	5571430	0	1	27657	1	0	next	other	0
8	267	Sound	test	5584952	0	1			0		other	0
8	267	Picture	response	5599087	14136	1	5998	1	14020	25000	incorrect	618
8	267	Port Input	1	5604880	19928	1
8	267	Response	3	5604880	19928	1
8	268	Picture	ITI	5605918	0	1	21493	1	0	next	other	0
8	269	Sound	test	5617370	0	1			0		other	0
8	269	Picture	response	5627411	10041	1	6331	1	10000	25000	incorrect	623
8	269	Port Input	2	5633636	16266	1
8	269	Response	4	5633636	16266	1
8	270	Picture	ITI	5634742	0	1	31989	1	0	next	other	0
8	271	Sound	test	5651543	0	1			0		other	0
8	271	Picture	response	5666731	15188	1	5332	1	15000	25000	incorrect	628
8	271	Port Input	1	5671888	20345	1
8	271	Response	3	5671888	20345	1
8	272	Picture	ITI	5672896	0	1	29657	1	0	next	other	0
8	273	Sound	test	5689277	0	1			0		other	0
8	273	Picture	response	5702552	13275	1	9164	1	13100	25000	incorrect	633
8	273	Port Input	1	5711576	22300	1
8	273	Response	3	5711576	22300	1
8	274	Picture	ITI	5712549	0	1	23325	1	0	next	other	0
8	275	Sound	test	5725810	0	1			0		other	0
8	275	Picture	response	5735874	10064	1	8164	1	10000	25000	incorrect	638
8	275	Port Input	2	5743915	18105	1
8	275	Response	4	5743915	18105	1
8	276	Picture	ITI	5745038	0	1	31156	1	0	next	other	0
8	277	Sound	test	5763869	0	1			0		other	0
8	277	Picture	response	5776194	12325	1	5165	1	12250	25000	incorrect	643
8	277	Port Input	1	5781302	17433	1
8	277	Response	3	5781302	17433	1
8	278	Picture	ITI	5782358	0	1	23492	1	0	next	other	0
8	279	Sound	test	5794319	0	1			0		other	0
8	279	Picture	response	5805850	11531	1	9497	1	11450	25000	incorrect	648
8	279	Port Input	1	5815306	20986	1
8	279	Response	3	5815306	20986	1
8	280	Picture	ITI	5816347	0	1	21826	1	0	next	other	0
8	281	Sound	test	5826668	0	1			0		other	0
8	281	Picture	response	5838173	11505	1	9997	1	11450	25000	incorrect	653
8	281	Port Input	1	5848029	21361	1
8	281	Response	3	5848029	21361	1
8	282	Picture	ITI	5849169	0	1	25491	1	0	next	other	0
8	283	Sound	test	5863780	0	1			0		other	0
8	283	Picture	response	5874660	10880	1	12829	1	10700	25000	incorrect	658
8	283	Port Input	2	5887301	23521	1
8	283	Response	4	5887301	23521	1
8	284	Picture	ITI	5888322	0	1	27491	1	0	next	other	0
8	285	Sound	test	5902603	0	1			0		other	0
8	285	Picture	response	5915813	13209	1	6831	1	13100	25000	incorrect	663
8	285	Port Input	1	5922586	19982	1
8	285	Response	3	5922586	19982	1
8	286	Picture	ITI	5923643	0	1	24658	1	0	next	other	0
8	287	Sound	test	5935135	0	2			0		other	0
8	287	Picture	response	5948302	13166	1	7831	1	13100	25000	incorrect	668
8	287	Port Input	1	5956079	20944	1
8	287	Response	3	5956079	20944	1
8	288	Picture	ITI	5957132	0	1	28824	1	0	next	other	0
8	289	Sound	test	5975913	0	1			0		other	0
8	289	Picture	response	5985955	10042	1	6664	1	10000	25000	incorrect	673
8	289	Port Input	2	5992530	16617	1
8	289	Response	4	5992530	16617	1
8	290	Picture	ITI	5993619	0	1	29490	1	0	next	other	0
8	291	Sound	test	6010821	0	1			0		other	0
8	291	Picture	response	6023109	12289	1	4665	1	12250	25000	incorrect	678
8	291	Port Input	1	6027731	16910	1
8	291	Response	3	6027731	16910	1
8	292	Picture	ITI	6028774	0	1	27990	1	0	next	other	0
8	293	Sound	test	6043535	0	1			0		other	0
8	293	Picture	response	6056765	13229	1	6664	1	13100	25000	incorrect	683
8	293	Port Input	1	6063286	19751	1
8	293	Response	3	6063286	19751	1
8	294	Picture	ITI	6064262	0	1	25991	1	0	next	other	0
8	295	Sound	test	6080113	0	1			0		other	0
8	295	Picture	response	6090253	10140	1	12496	1	10000	25000	incorrect	688
8	295	Port Input	2	6102662	22549	1
8	295	Response	4	6102662	22549	1
8	296	Picture	ITI	6103748	0	1	23825	1	0	next	other	0
8	297	Sound	test	6117420	0	1			0		other	0
8	297	Picture	response	6127574	10154	1	11996	1	10000	25000	incorrect	693
8	297	Port Input	2	6139488	22068	1
8	297	Response	4	6139488	22068	1
8	298	Picture	ITI	6140569	0	1	29490	1	0	next	other	0
8	299	Sound	test	6154870	0	1			0		other	0
8	299	Picture	response	6170059	15189	1	6831	1	15000	25000	incorrect	698
8	299	Port Input	1	6176834	21963	1
8	299	Response	3	6176834	21963	1
8	300	Picture	ITI	6177890	0	1	24825	1	0	next	other	0
8	301	Sound	test	6190291	0	1			0		other	0
8	301	Picture	response	6202715	12424	1	7831	1	12250	25000	incorrect	703
8	301	Port Input	2	6210473	20182	1
8	301	Response	4	6210473	20182	1
8	302	Picture	ITI	6211545	0	1	20660	1	0	next	other	0
8	303	Sound	test	6222016	0	1			0		other	0
8	303	Picture	response	6232205	10188	1	15995	1	10000	25000	incorrect	708
8	303	Port Input	2	6247996	25980	1
8	303	Response	4	6247996	25980	1
8	304	Picture	ITI	6249032	0	1	23659	1	0	next	other	0
8	305	Sound	test	6259513	0	1			0		other	0
8	305	Picture	response	6272691	13177	1	10330	1	13100	25000	incorrect	713
8	305	Port Input	1	6282822	23309	1
8	305	Response	3	6282822	23309	1
8	306	Picture	ITI	6283854	0	1	26324	1	0	next	other	0
8	307	Sound	test	6299335	0	1			0		other	0
8	307	Picture	response	6310178	10843	1	9497	1	10700	25000	incorrect	718
8	307	Port Input	2	6319492	20157	1
8	307	Response	4	6319492	20157	1
8	308	Picture	ITI	6320674	0	1	26824	1	0	next	other	0
8	309	Sound	test	6332426	0	1			0		other	0
8	309	Picture	response	6347499	15073	1	6165	1	15000	25000	incorrect	723
8	309	Port Input	1	6353568	21143	1
8	309	Response	3	6353568	21143	1
8	310	Picture	ITI	6354663	0	1	22826	1	0	next	other	0
8	311	Sound	test	6365924	0	1			0		other	0
8	311	Picture	response	6377488	11564	1	10996	1	11450	25000	incorrect	728
8	311	Port Input	2	6388384	22460	1
8	311	Response	4	6388384	22460	1
8	312	Picture	ITI	6389484	0	1	28824	1	0	next	other	0
8	313	Sound	test	6405055	0	2			0		other	0
8	313	Picture	response	6418308	13252	1	12996	1	13100	25000	incorrect	733
8	313	Port Input	1	6431123	26068	1
8	313	Response	3	6431123	26068	1
8	314	Picture	ITI	6432136	0	1	29990	1	0	next	other	0
8	315	Sound	test	6447928	0	1			0		other	0
8	315	Picture	response	6462126	14198	1	8997	1	14020	25000	incorrect	738
8	315	Port Input	1	6471031	23103	1
8	315	Response	3	6471031	23103	1
8	316	Picture	ITI	6472123	0	1	27657	1	0	next	other	0
8	317	Sound	test	6487424	0	1			0		other	0
8	317	Picture	response	6499780	12356	1	9330	1	12250	25000	incorrect	743
8	317	Port Input	1	6508908	21484	1
8	317	Response	3	6508908	21484	1
8	318	Picture	ITI	6509943	0	1	24991	1	0	next	other	0
8	319	Sound	test	6521644	0	1			0		other	0
8	319	Picture	response	6534935	13290	1	7664	1	13100	25000	incorrect	748
8	319	Port Input	2	6542432	20788	1
8	319	Response	4	6542432	20788	1
8	329	Port Input	1	6639632	6064	1
8	329	Port Input	2	6639632	6064	1
8	329	Response	3	6639632	6064	1
8	329	Response	4	6639632	6064	1
8	329	Port Input	2	6639633	6066	1
8	329	Response	4	6639633	6066	1
8	329	Port Input	1	6639634	6066	1
8	329	Response	3	6639634	6066	1
8	441	Picture	resume	7753185	0	1	39486	1	0	next	other	0
8	441	Port Input	1	7791298	38113	1
8	441	Response	3	7791298	38113	1
8	442	Picture	ITI	7792672	0	1	10163	1	0	next	other	0
8	443	Picture	ITI	7802835	0	1	31489	1	0	next	other	0
8	444	Sound	test	7819216	0	1			0		other	0
8	444	Picture	response	7834324	15108	1	6498	1	15000	25000	incorrect	765
8	444	Port Input	1	7840690	21474	1
8	444	Response	3	7840690	21474	1
8	445	Picture	ITI	7841821	0	1	22492	1	0	next	other	0
8	446	Sound	test	7851993	0	1			0		other	0
8	446	Picture	response	7864314	12321	1	7331	1	12250	25000	incorrect	770
8	446	Port Input	1	7871539	19547	1
8	446	Response	3	7871539	19547	1
8	447	Picture	ITI	7872644	0	1	27324	1	0	next	other	0
8	448	Sound	test	7889916	0	1			0		other	0
8	448	Picture	response	7899968	10053	1	7664	1	10000	25000	incorrect	775
8	448	Port Input	2	7907542	17627	1
8	448	Response	4	7907542	17627	1
8	449	Picture	ITI	7908632	0	1	27491	1	0	next	other	0
8	450	Sound	test	7921093	0	1			0		other	0
8	450	Picture	response	7936123	15029	1	4832	1	15000	25000	incorrect	780
8	450	Port Input	1	7940869	19776	1
8	450	Response	3	7940869	19776	1
8	451	Picture	ITI	7941954	0	1	28157	1	0	next	other	0
8	452	Sound	test	7957735	0	1			0		other	0
8	452	Picture	response	7970111	12376	1	6664	1	12250	25000	incorrect	785
8	452	Port Input	1	7976674	18939	1
8	452	Response	3	7976674	18939	1
8	453	Picture	ITI	7977608	0	1	27990	1	0	next	other	0
8	454	Sound	test	7991470	0	1			0		other	0
8	454	Picture	response	8005599	14129	1	7497	1	14020	25000	incorrect	790
8	454	Port Input	1	8012937	21468	1
8	454	Response	3	8012937	21468	1
8	455	Picture	ITI	8013929	0	1	32655	1	0	next	other	0
8	456	Sound	test	8033311	0	1			0		other	0
8	456	Picture	response	8046585	13274	1	9830	1	13100	25000	incorrect	795
8	456	Port Input	1	8056239	22928	1
8	456	Response	3	8056239	22928	1
8	457	Picture	ITI	8057248	0	1	26491	1	0	next	other	0
8	458	Sound	test	8072219	0	1			0		other	0
8	458	Picture	response	8083739	11520	1	8830	1	11450	25000	incorrect	800
8	458	Port Input	2	8092418	20199	1
8	458	Response	4	8092418	20199	1
8	459	Picture	ITI	8093402	0	1	28157	1	0	next	other	0
8	460	Sound	test	8106533	0	1			0		other	0
8	460	Picture	response	8121559	15026	1	5498	1	15000	25000	incorrect	805
8	460	Port Input	1	8126912	20378	1
8	460	Response	3	8126912	20378	1
8	461	Picture	ITI	8128057	0	1	25325	1	0	next	other	0
8	462	Sound	test	8141088	0	1			0		other	0
8	462	Picture	response	8153382	12293	1	9164	1	12250	25000	incorrect	810
8	462	Port Input	2	8162342	21253	1
8	462	Response	4	8162342	21253	1
8	463	Picture	ITI	8163378	0	1	24825	1	0	next	other	0
8	464	Sound	test	8174090	0	1			0		other	0
8	464	Picture	response	8188203	14114	1	5498	1	14020	25000	incorrect	815
8	464	Port Input	1	8193597	19507	1
8	464	Response	3	8193597	19507	1
8	465	Picture	ITI	8194701	0	1	23325	1	0	next	other	0
8	466	Sound	test	8204832	0	1			0		other	0
8	466	Picture	response	8218026	13194	1	5998	1	13100	25000	incorrect	820
8	466	Port Input	1	8223873	19041	1
8	466	Response	3	8223873	19041	1
8	467	Picture	ITI	8224857	0	1	21326	1	0	next	other	0
8	468	Sound	test	8236079	0	1			0		other	0
8	468	Picture	response	8246183	10105	1	9164	1	10000	25000	incorrect	825
8	468	Port Input	2	8255202	19123	1
8	468	Response	4	8255202	19123	1
8	469	Picture	ITI	8256347	0	1	32822	1	0	next	other	0
8	470	Sound	test	8275118	0	1			0		other	0
8	470	Picture	response	8289169	14051	1	4832	1	14020	25000	incorrect	830
8	470	Port Input	1	8293901	18783	1
8	470	Response	3	8293901	18783	1
8	471	Picture	ITI	8295000	0	1	31489	1	0	next	other	0
8	472	Sound	test	8314881	0	1			0		other	0
8	472	Picture	response	8326489	11608	1	12829	1	11450	25000	incorrect	835
8	472	Port Input	1	8339243	24362	1
8	472	Response	3	8339243	24362	1
8	473	Picture	ITI	8340318	0	1	23992	1	0	next	other	0
8	474	Sound	test	8352679	0	1			0		other	0
8	474	Picture	response	8364310	11631	1	5831	1	11450	25000	incorrect	840
8	474	Port Input	1	8369967	17288	1
8	474	Response	3	8369967	17288	1
8	475	Picture	ITI	8370974	0	1	26658	1	0	next	other	0
8	476	Sound	test	8385305	0	1			0		other	0
8	476	Picture	response	8397632	12326	1	7331	1	12250	25000	incorrect	845
8	476	Port Input	2	8404877	19571	1
8	476	Response	4	8404877	19571	1
8	477	Picture	ITI	8405962	0	1	22326	1	0	next	other	0
8	478	Sound	test	8418153	0	1			0		other	0
8	478	Picture	response	8428288	10134	1	6498	1	10000	25000	incorrect	850
8	478	Port Input	2	8434674	16521	1
8	478	Response	4	8434674	16521	1
8	479	Picture	ITI	8435785	0	1	32156	1	0	next	other	0
8	480	Sound	test	8452847	0	1			0		other	0
8	480	Picture	response	8467941	15094	1	4498	1	15000	25000	incorrect	855
8	480	Port Input	1	8472395	19548	1
8	480	Response	3	8472395	19548	1
8	481	Picture	ITI	8473439	0	1	25158	1	0	next	other	0
8	482	Sound	test	8483480	0	1			0		other	0
8	482	Picture	response	8498597	15117	1	4832	1	15000	25000	incorrect	860
8	482	Port Input	1	8503380	19899	1
8	482	Response	3	8503380	19899	1
8	483	Picture	ITI	8504429	0	1	30323	1	0	next	other	0
8	484	Sound	test	8519610	0	1			0		other	0
8	484	Picture	response	8534752	15142	1	5332	1	15000	25000	incorrect	865
8	484	Port Input	1	8539986	20377	1
8	484	Response	3	8539986	20377	1
8	485	Picture	ITI	8541083	0	1	26658	1	0	next	other	0
8	486	Sound	test	8553684	0	1			0		other	0
8	486	Picture	response	8567740	14056	1	6331	1	14020	25000	incorrect	870
8	486	Port Input	2	8573949	20265	1
8	486	Response	4	8573949	20265	1
8	487	Picture	ITI	8574905	0	1	23992	1	0	next	other	0
8	488	Sound	test	8588726	0	1			0		other	0
8	488	Picture	response	8598896	10171	1	8164	1	10000	25000	incorrect	875
8	488	Port Input	2	8606953	18227	1
8	488	Response	4	8606953	18227	1
8	489	Picture	ITI	8608060	0	1	23492	1	0	next	other	0
8	490	Sound	test	8620811	0	1			0		other	0
8	490	Picture	response	8631552	10741	1	6831	1	10700	25000	incorrect	880
8	490	Port Input	2	8638343	17532	1
8	490	Response	4	8638343	17532	1
8	491	Picture	ITI	8639382	0	1	25158	1	0	next	other	0
8	492	Sound	test	8653704	0	1			0		other	0
8	492	Picture	response	8664541	10837	1	7664	1	10700	25000	incorrect	885
8	492	Port Input	2	8672056	18352	1
8	492	Response	4	8672056	18352	1
8	493	Picture	ITI	8673038	0	1	28990	1	0	next	other	0
8	494	Sound	test	8688769	0	1			0		other	0
8	494	Picture	response	8702028	13259	1	11996	1	13100	25000	incorrect	890
8	494	Port Input	1	8713910	25141	1
8	494	Response	3	8713910	25141	1
8	495	Picture	ITI	8715023	0	1	24825	1	0	next	other	0
8	496	Sound	test	8728354	0	1			0		other	0
8	496	Picture	response	8739848	11494	1	8664	1	11450	25000	incorrect	895
8	496	Port Input	2	8748403	20048	1
8	496	Response	4	8748403	20048	1
8	497	Picture	ITI	8749512	0	1	25325	1	0	next	other	0
8	498	Sound	test	8764713	0	1			0		other	0
8	498	Picture	response	8774836	10123	1	6165	1	10000	25000	incorrect	900
8	498	Port Input	2	8780897	16184	1
8	498	Response	4	8780897	16184	1
8	499	Picture	ITI	8782000	0	1	25658	1	0	next	other	0
8	500	Sound	test	8797472	0	1			0		other	0
8	500	Picture	response	8807658	10187	1	7664	1	10000	25000	incorrect	905
8	500	Port Input	2	8815151	17679	1
8	500	Response	4	8815151	17679	1
8	501	Picture	ITI	8816155	0	1	33155	1	0	next	other	0
8	502	Sound	test	8834157	0	1			0		other	0
8	502	Picture	response	8849311	15154	1	9997	1	15000	25000	incorrect	910
8	502	Port Input	1	8859150	24993	1
8	502	Response	3	8859150	24993	1
8	503	Picture	ITI	8860140	0	1	34821	1	0	next	other	0
8	504	Sound	test	8879902	0	1			0		other	0
8	504	Picture	response	8894962	15060	1	6831	1	15000	25000	incorrect	915
8	504	Port Input	1	8901607	21706	1
8	504	Response	3	8901607	21706	1
8	505	Picture	ITI	8902626	0	1	27824	1	0	next	other	0
8	506	Sound	test	8920417	0	1			0		other	0
8	506	Picture	response	8930450	10033	1	6664	1	10000	25000	incorrect	920
8	506	Port Input	2	8936965	16548	1
8	506	Response	4	8936965	16548	1
8	507	Picture	ITI	8938114	0	1	32489	1	0	next	other	0
8	508	Sound	test	8956485	0	1			0		other	0
8	508	Picture	response	8970603	14118	1	5665	1	14020	25000	incorrect	925
8	508	Port Input	1	8976227	19742	1
8	508	Response	3	8976227	19742	1
8	509	Picture	ITI	8977267	0	1	33489	1	0	next	other	0
8	510	Sound	test	8996578	0	1			0		other	0
8	510	Picture	response	9010756	14177	1	3999	1	14020	25000	incorrect	930
8	510	Port Input	1	9014655	18077	1
8	510	Response	3	9014655	18077	1
8	511	Picture	ITI	9015587	0	1	29657	1	0	next	other	0
8	512	Sound	test	9032949	0	1			0		other	0
8	512	Picture	response	9045244	12295	1	11829	1	12250	25000	incorrect	935
8	512	Port Input	1	9056915	23967	1
8	512	Response	3	9056915	23967	1
8	513	Picture	ITI	9057906	0	1	25991	1	0	next	other	0
8	514	Sound	test	9073167	0	1			0		other	0
8	514	Picture	response	9083897	10730	1	11163	1	10700	25000	incorrect	940
8	514	Port Input	1	9094938	21771	1
8	514	Response	3	9094938	21771	1
8	515	Picture	ITI	9095893	0	1	27157	1	0	next	other	0
8	516	Sound	test	9107884	0	1			0		other	0
8	516	Picture	response	9123051	15166	1	5165	1	15000	25000	incorrect	945
8	516	Port Input	1	9128046	20162	1
8	516	Response	3	9128046	20162	1
8	517	Picture	ITI	9129049	0	1	30989	1	0	next	other	0
8	518	Sound	test	9148400	0	1			0		other	0
8	518	Picture	response	9160038	11638	1	6498	1	11450	25000	incorrect	950
8	518	Port Input	2	9166361	17961	1
8	518	Response	4	9166361	17961	1
8	519	Picture	ITI	9167369	0	1	22159	1	0	next	other	0
8	520	Sound	test	9178770	0	1			0		other	0
8	520	Picture	response	9189528	10758	1	14495	1	10700	25000	incorrect	955
8	520	Port Input	1	9203831	25061	1
8	520	Response	3	9203831	25061	1
8	521	Picture	ITI	9204856	0	1	33322	1	0	next	other	0
8	522	Sound	test	9223027	0	1			0		other	0
8	522	Picture	response	9238178	15151	1	5498	1	15000	25000	incorrect	960
8	522	Port Input	1	9243593	20566	1
8	522	Response	3	9243593	20566	1
8	523	Picture	ITI	9244676	0	1	27157	1	0	next	other	0
8	524	Sound	test	9257767	0	1			0		other	0
8	524	Picture	response	9271833	14066	1	8330	1	14020	25000	incorrect	965
8	524	Port Input	1	9280085	22318	1
8	524	Response	3	9280085	22318	1
8	525	Picture	ITI	9281163	0	1	26991	1	0	next	other	0
8	526	Sound	test	9293054	0	1			0		other	0
8	526	Picture	response	9308154	15100	1	4665	1	15000	25000	incorrect	970
8	526	Port Input	1	9312673	19618	1
8	526	Response	3	9312673	19618	1
8	527	Picture	ITI	9313819	0	1	25991	1	0	next	other	0
8	528	Sound	test	9329720	0	1			0		other	0
8	528	Picture	response	9339810	10090	1	7664	1	10000	25000	incorrect	975
8	528	Port Input	2	9347291	17571	1
8	528	Response	4	9347291	17571	1
8	529	Picture	ITI	9348307	0	1	27157	1	0	next	other	0
8	530	Sound	test	9365289	0	1			0		other	0
8	530	Picture	response	9375464	10176	1	11163	1	10000	25000	incorrect	980
8	530	Port Input	1	9386563	21274	1
8	530	Response	3	9386563	21274	1
8	531	Picture	ITI	9387627	0	1	25325	1	0	next	other	0
8	532	Sound	test	9402088	0	1			0		other	0
8	532	Picture	response	9412952	10863	1	13995	1	10700	25000	incorrect	985
8	532	Port Input	2	9426793	24704	1
8	532	Response	4	9426793	24704	1
8	533	Picture	ITI	9427780	0	1	34322	1	0	next	other	0
8	534	Sound	test	9446931	0	1			0		other	0
8	534	Picture	response	9462101	15170	1	4998	1	15000	25000	incorrect	990
8	534	Port Input	1	9467054	20123	1
8	534	Response	3	9467054	20123	1
8	535	Picture	ITI	9468099	0	1	30156	1	0	next	other	0
8	536	Sound	test	9484051	0	1			0		other	0
8	536	Picture	response	9498256	14205	1	5332	1	14020	25000	incorrect	995
8	536	Port Input	1	9503505	19454	1
8	536	Response	3	9503505	19454	1
8	537	Picture	ITI	9504587	0	1	29823	1	0	next	other	0
8	538	Sound	test	9523618	0	1			0		other	0
8	538	Picture	response	9534410	10792	1	7331	1	10700	25000	incorrect	1000
8	538	Port Input	2	9541590	17971	1
8	538	Response	4	9541590	17971	1
8	539	Picture	ITI	9542741	0	1	26824	1	0	next	other	0
8	540	Sound	test	9557252	0	1			0		other	0
8	540	Picture	response	9569565	12313	1	8331	1	12250	25000	incorrect	1005
8	540	Port Input	2	9577749	20497	1
8	540	Response	4	9577749	20497	1
8	541	Picture	ITI	9578728	0	1	30156	1	0	next	other	0
8	542	Sound	test	9597350	0	1			0		other	0
8	542	Picture	response	9608885	11535	1	8997	1	11450	25000	incorrect	1010
8	542	Port Input	2	9617749	20400	1
8	542	Response	4	9617749	20400	1
8	543	Picture	ITI	9618715	0	1	25991	1	0	next	other	0
8	544	Sound	test	9630506	0	1			0		other	0
8	544	Picture	response	9644706	14200	1	7331	1	14020	25000	incorrect	1015
8	544	Port Input	1	9651930	21424	1
8	544	Response	3	9651930	21424	1
8	545	Picture	ITI	9653036	0	1	26658	1	0	next	other	0
8	546	Sound	test	9669518	0	1			0		other	0
8	546	Picture	response	9679694	10176	1	8164	1	10000	25000	incorrect	1020
8	546	Port Input	2	9687673	18155	1
8	546	Response	4	9687673	18155	1
8	547	Picture	ITI	9688691	0	1	26491	1	0	next	other	0
8	548	Sound	test	9704992	0	1			0		other	0
8	548	Picture	response	9715182	10190	1	6998	1	10000	25000	incorrect	1025
8	548	Port Input	2	9722062	17070	1
8	548	Response	4	9722062	17070	1
8	549	Picture	ITI	9723179	0	1	30490	1	0	next	other	0
8	550	Sound	test	9742790	0	1			0		other	0
8	550	Picture	response	9753669	10878	1	9164	1	10700	25000	incorrect	1030
8	550	Port Input	2	9762646	19856	1
8	550	Response	4	9762646	19856	1
8	551	Picture	ITI	9763665	0	1	32156	1	0	next	other	0
8	552	Sound	test	9783516	0	1			0		other	0
8	552	Picture	response	9795821	12304	1	9164	1	12250	25000	incorrect	1035
8	552	Port Input	2	9804937	21421	1
8	552	Response	4	9804937	21421	1
8	553	Picture	ITI	9805984	0	1	22659	1	0	next	other	0
8	554	Sound	test	9818485	0	1			0		other	0
8	554	Picture	response	9828643	10158	1	8997	1	10000	25000	incorrect	1040
8	554	Port Input	2	9837483	18998	1
8	554	Response	4	9837483	18998	1
8	555	Picture	ITI	9838639	0	1	30490	1	0	next	other	0
8	556	Sound	test	9855071	0	1			0		other	0
8	556	Picture	response	9869129	14058	1	13495	1	14020	25000	incorrect	1045
8	556	Port Input	1	9882534	27463	1
8	556	Response	3	9882534	27463	1
8	557	Picture	ITI	9883624	0	1	31156	1	0	next	other	0
8	558	Sound	test	9900605	0	1			0		other	0
8	558	Picture	response	9914780	14175	1	9497	1	14020	25000	incorrect	1050
8	558	Port Input	1	9924200	23595	1
8	558	Response	3	9924200	23595	1
8	559	Picture	ITI	9925277	0	1	29323	1	0	next	other	0
8	560	Sound	test	9939478	0	1			0		other	0
8	560	Picture	response	9954600	15122	1	11329	1	15000	25000	incorrect	1055
8	560	Port Input	1	9965857	26379	1
8	560	Response	3	9965857	26379	1
8	561	Picture	ITI	9966929	0	1	23659	1	0	next	other	0
8	562	Sound	test	9978160	0	1			0		other	0
8	562	Picture	response	9990588	12427	1	14162	1	12250	25000	incorrect	1060
8	562	Port Input	1	10004681	26521	1
8	562	Response	3	10004681	26521	1
8	563	Picture	ITI	10005749	0	1	28157	1	0	next	other	0
8	564	Sound	test	10023070	0	1			0		other	0
8	564	Picture	response	10033906	10836	1	8497	1	10700	25000	incorrect	1065
8	564	Port Input	2	10042329	19258	1
8	564	Response	4	10042329	19258	1
8	565	Picture	ITI	10043403	0	1	30823	1	0	next	other	0
8	566	Sound	test	10060034	0	1			0		other	0
8	566	Picture	response	10074226	14192	1	5498	1	14020	25000	incorrect	1070
8	566	Port Input	1	10079654	19620	1
8	566	Response	3	10079654	19620	1
8	567	Picture	ITI	10080724	0	1	24991	1	0	next	other	0
8	568	Sound	test	10094145	0	1			0		other	0
8	568	Picture	response	10105715	11570	1	11996	1	11450	25000	incorrect	1075
8	568	Port Input	1	10117614	23469	1
8	568	Response	3	10117614	23469	1
8	569	Picture	ITI	10118711	0	1	30323	1	0	next	other	0
8	570	Sound	test	10135812	0	1			0		other	0
8	570	Picture	response	10149033	13222	1	8997	1	13100	25000	incorrect	1080
8	570	Port Input	1	10157834	22022	1
8	570	Response	3	10157834	22022	1
8	571	Picture	ITI	10158863	0	1	28823	1	0	next	other	0
8	572	Sound	test	10176135	0	1			0		other	0
8	572	Picture	response	10187687	11552	1	12496	1	11450	25000	incorrect	1085
8	572	Port Input	1	10200125	23990	1
8	572	Response	3	10200125	23990	1
8	573	Picture	ITI	10201182	0	1	26824	1	0	next	other	0
8	574	Sound	test	10217904	0	1			0		other	0
8	574	Picture	response	10228007	10103	1	6664	1	10000	25000	incorrect	1090
8	574	Port Input	2	10234545	16642	1
8	574	Response	4	10234545	16642	1
8	575	Picture	ITI	10235671	0	1	24325	1	0	next	other	0
8	576	Sound	test	10248402	0	1			0		other	0
8	576	Picture	response	10259996	11594	1	10830	1	11450	25000	incorrect	1095
8	576	Port Input	2	10270631	22229	1
8	576	Response	4	10270631	22229	1
8	577	Picture	ITI	10271658	0	1	27324	1	0	next	other	0
8	578	Sound	test	10286640	0	1			0		other	0
8	578	Picture	response	10298982	12343	1	13162	1	12250	25000	incorrect	1100
8	578	Port Input	2	10312100	25461	1
8	578	Response	4	10312100	25461	1
8	579	Picture	ITI	10313144	0	1	21659	1	0	next	other	0
8	580	Sound	test	10323185	0	1			0		other	0
8	580	Picture	response	10334803	11618	1	14495	1	11450	25000	incorrect	1105
8	580	Port Input	2	10349238	26052	1
8	580	Response	4	10349238	26052	1
8	581	Picture	ITI	10350298	0	1	25658	1	0	next	other	0
8	582	Sound	test	10364409	0	1			0		other	0
8	582	Picture	response	10375956	11547	1	8664	1	11450	25000	incorrect	1110
8	582	Port Input	2	10384418	20009	1
8	582	Response	4	10384418	20009	1
8	583	Picture	ITI	10385453	0	1	32656	1	0	next	other	0
8	584	Sound	test	10403074	0	1			0		other	0
8	584	Picture	response	10418108	15034	1	8664	1	15000	25000	incorrect	1115
8	584	Port Input	1	10426626	23552	1
8	584	Response	3	10426626	23552	1
8	585	Picture	ITI	10427605	0	1	31822	1	0	next	other	0
8	586	Sound	test	10446276	0	1			0		other	0
8	586	Picture	response	10459427	13151	1	12329	1	13100	25000	incorrect	1120
8	586	Port Input	1	10471552	25275	1
8	586	Response	3	10471552	25275	1
8	587	Picture	ITI	10472590	0	1	27157	1	0	next	other	0
8	588	Sound	test	10486611	0	1			0		other	0
8	588	Picture	response	10499747	13136	1	13662	1	13100	25000	incorrect	1125
8	588	Port Input	1	10513333	26722	1
8	588	Response	3	10513333	26722	1
8	589	Picture	ITI	10514409	0	1	29823	1	0	next	other	0
8	590	Sound	test	10529110	0	1			0		other	0
8	590	Picture	response	10544232	15122	1	5165	1	15000	25000	incorrect	1130
8	590	Port Input	1	10549336	20226	1
8	590	Response	3	10549336	20226	1
8	591	Picture	ITI	10550396	0	1	29157	1	0	next	other	0
8	592	Sound	test	10566368	0	1			0		other	0
8	592	Picture	response	10579553	13186	1	7164	1	13100	25000	incorrect	1135
8	592	Port Input	2	10586546	20179	1
8	592	Response	4	10586546	20179	1
8	593	Picture	ITI	10587717	0	1	23325	1	0	next	other	0
8	594	Sound	test	10600898	0	1			0		other	0
8	594	Picture	response	10611042	10144	1	6998	1	10000	25000	incorrect	1140
8	594	Port Input	2	10617916	17018	1
8	594	Response	4	10617916	17018	1
8	595	Picture	ITI	10618873	0	1	22992	1	0	next	other	0
8	596	Sound	test	10631724	0	1			0		other	0
8	596	Picture	response	10641865	10141	1	5831	1	10000	25000	incorrect	1145
8	596	Port Input	2	10647547	15823	1
8	596	Response	4	10647547	15823	1
8	597	Picture	ITI	10648696	0	1	20660	1	0	next	other	0
8	598	Sound	test	10659167	0	1			0		other	0
8	598	Picture	response	10669356	10188	1	5831	1	10000	25000	incorrect	1150
8	598	Port Input	2	10675127	15960	1
8	598	Response	4	10675127	15960	1
8	599	Picture	ITI	10676187	0	1	30156	1	0	next	other	0
8	600	Sound	test	10694818	0	1			0		other	0
8	600	Picture	response	10706343	11525	1	12662	1	11450	25000	incorrect	1155
8	600	Port Input	2	10718886	24068	1
8	600	Response	4	10718886	24068	1
8	601	Picture	ITI	10720005	0	1	29823	1	0	next	other	0
8	602	Sound	test	10736596	0	1			0		other	0
8	602	Picture	response	10749828	13232	1	9497	1	13100	25000	incorrect	1160
8	602	Port Input	1	10759189	22593	1
8	602	Response	3	10759189	22593	1
8	603	Picture	ITI	10760325	0	1	21326	1	0	next	other	0
8	604	Sound	test	10771606	0	1			0		other	0
8	604	Picture	response	10781651	10045	1	7831	1	10000	25000	incorrect	1165
8	604	Port Input	2	10789403	17797	1
8	604	Response	4	10789403	17797	1
8	605	Picture	ITI	10790481	0	1	27657	1	0	next	other	0
8	606	Sound	test	10808042	0	1			0		other	0
8	606	Picture	response	10818138	10096	1	8497	1	10000	25000	incorrect	1170
8	606	Port Input	2	10826478	18436	1
8	606	Response	4	10826478	18436	1
8	607	Picture	ITI	10827468	0	1	22492	1	0	next	other	0
8	608	Sound	test	10837650	0	1			0		other	0
8	608	Picture	response	10849961	12311	1	13662	1	12250	25000	incorrect	1175
8	608	Port Input	1	10863522	25873	1
8	608	Response	3	10863522	25873	1
8	609	Picture	ITI	10864622	0	1	27324	1	0	next	other	0
8	610	Sound	test	10879664	0	1			0		other	0
8	610	Picture	response	10891946	12283	1	14162	1	12250	25000	incorrect	1180
8	610	Port Input	2	10906064	26400	1
8	610	Response	4	10906064	26400	1
8	611	Picture	ITI	10907108	0	1	29323	1	0	next	other	0
8	612	Sound	test	10926339	0	1			0		other	0
8	612	Picture	response	10936431	10092	1	9997	1	10000	25000	incorrect	1185
8	612	Port Input	2	10946356	20017	1
8	612	Response	4	10946356	20017	1
8	613	Picture	ITI	10947427	0	1	30490	1	0	next	other	0
8	614	Sound	test	10964729	0	1			0		other	0
8	614	Picture	response	10977917	13188	1	13995	1	13100	25000	incorrect	1190
8	614	Port Input	1	10991823	27094	1
8	614	Response	3	10991823	27094	1
8	615	Picture	ITI	10992912	0	1	29157	1	0	next	other	0
8	616	Sound	test	11006983	0	1			0		other	0
8	616	Picture	response	11022069	15085	1	6664	1	15000	25000	incorrect	1195
8	616	Port Input	1	11028606	21623	1
8	616	Response	3	11028606	21623	1
8	617	Picture	ITI	11029733	0	1	27990	1	0	next	other	0
8	618	Sound	test	11046134	0	1			0		other	0
8	618	Picture	response	11057723	11589	1	10663	1	11450	25000	incorrect	1200
8	618	Port Input	1	11068326	22192	1
8	618	Response	3	11068326	22192	1
8	619	Picture	ITI	11069386	0	1	31323	1	0	next	other	0
8	620	Sound	test	11087577	0	1			0		other	0
8	620	Picture	response	11100709	13131	1	15828	1	13100	25000	incorrect	1205
8	620	Port Input	2	11116354	28777	1
8	620	Response	4	11116354	28777	1
8	621	Picture	ITI	11117369	0	1	25825	1	0	next	other	0
8	622	Sound	test	11132391	0	1			0		other	0
8	622	Picture	response	11143194	10803	1	6831	1	10700	25000	incorrect	1210
8	622	Port Input	2	11149921	17530	1
8	622	Response	4	11149921	17530	1
8	623	Picture	ITI	11151025	0	1	32989	1	0	next	other	0
8	624	Sound	test	11170726	0	1			0		other	0
8	624	Picture	response	11184013	13287	1	11163	1	13100	25000	incorrect	1215
8	624	Port Input	1	11194971	24245	1
8	624	Response	3	11194971	24245	1
8	625	Picture	ITI	11196009	0	1	23492	1	0	next	other	0
8	626	Sound	test	11207890	0	1			0		other	0
8	626	Picture	response	11219501	11611	1	12662	1	11450	25000	incorrect	1220
8	626	Port Input	1	11231963	24073	1
8	626	Response	3	11231963	24073	1
8	627	Picture	ITI	11232997	0	1	32989	1	0	next	other	0
8	628	Sound	test	11251828	0	1			0		other	0
8	628	Picture	response	11265985	14157	1	8997	1	14020	25000	incorrect	1225
8	628	Port Input	1	11274785	22958	1
8	628	Response	3	11274785	22958	1
8	629	Picture	ITI	11275815	0	1	25991	1	0	next	other	0
8	630	Sound	test	11289387	0	1			0		other	0
8	630	Picture	response	11301806	12420	1	11829	1	12250	25000	incorrect	1230
8	630	Port Input	1	11313474	24088	1
8	630	Response	3	11313474	24088	1
8	631	Picture	ITI	11314469	0	1	26158	1	0	next	other	0
8	632	Sound	test	11329870	0	1			0		other	0
8	632	Picture	response	11340627	10757	1	12662	1	10700	25000	incorrect	1235
8	632	Port Input	1	11353163	23293	1
8	632	Response	3	11353163	23293	1
8	633	Picture	ITI	11354289	0	1	29657	1	0	next	other	0
8	634	Sound	test	11371590	0	1			0		other	0
8	634	Picture	response	11383945	12355	1	10996	1	12250	25000	incorrect	1240
8	634	Port Input	1	11394736	23146	1
8	634	Response	3	11394736	23146	1
8	635	Picture	ITI	11395774	0	1	29657	1	0	next	other	0
8	636	Sound	test	11414676	0	1			0		other	0
8	636	Picture	response	11425431	10755	1	7831	1	10700	25000	incorrect	1245
8	636	Port Input	2	11433154	18479	1
8	636	Response	4	11433154	18479	1
8	637	Picture	ITI	11434261	0	1	28324	1	0	next	other	0
8	638	Sound	test	11451773	0	1			0		other	0
8	638	Picture	response	11462585	10812	1	9497	1	10700	25000	incorrect	1250
8	638	Port Input	1	11471989	20216	1
8	638	Response	3	11471989	20216	1
8	639	Picture	ITI	11473081	0	1	28657	1	0	next	other	0
8	640	Sound	test	11490213	0	1			0		other	0
8	640	Picture	response	11501738	11526	1	10330	1	11450	25000	incorrect	1255
8	640	Port Input	2	11511865	21652	1
8	640	Response	4	11511865	21652	1
8	641	Picture	ITI	11512901	0	1	25658	1	0	next	other	0
8	642	Sound	test	11523432	0	1			0		other	0
8	642	Picture	response	11538559	15127	1	6165	1	15000	25000	incorrect	1260
8	642	Port Input	1	11544557	21124	1
8	642	Response	3	11544557	21124	1
8	643	Picture	ITI	11545723	0	1	26824	1	0	next	other	0
8	644	Sound	test	11558444	0	1			0		other	0
8	644	Picture	response	11572547	14103	1	11829	1	14020	25000	incorrect	1265
8	644	Port Input	1	11584193	25749	1
8	644	Response	3	11584193	25749	1
8	645	Picture	ITI	11585210	0	1	27491	1	0	next	other	0
8	646	Sound	test	11599491	0	1			0		other	0
8	646	Picture	response	11612700	13209	1	8997	1	13100	25000	incorrect	1270
8	646	Port Input	1	11621560	22069	1
8	646	Response	3	11621560	22069	1
8	647	Picture	ITI	11622697	0	1	28990	1	0	next	other	0
8	648	Sound	test	11639318	0	1			0		other	0
8	648	Picture	response	11651687	12369	1	12829	1	12250	25000	incorrect	1275
8	648	Port Input	1	11664361	25043	1
8	648	Response	3	11664361	25043	1
8	649	Picture	ITI	11665516	0	1	30156	1	0	next	other	0
8	650	Sound	test	11681607	0	1			0		other	0
8	650	Picture	response	11695672	14065	1	9830	1	14020	25000	incorrect	1280
8	650	Port Input	1	11705341	23734	1
8	650	Response	3	11705341	23734	1
8	651	Picture	ITI	11706502	0	1	25491	1	0	next	other	0
8	652	Sound	test	11721823	0	1			0		other	0
8	652	Picture	response	11731993	10170	1	5998	1	10000	25000	incorrect	1285
8	652	Port Input	2	11737898	16075	1
8	652	Response	4	11737898	16075	1
8	653	Picture	ITI	11738990	0	1	30490	1	0	next	other	0
8	654	Sound	test	11756322	0	1			0		other	0
8	654	Picture	response	11769480	13158	1	15328	1	13100	25000	incorrect	1290
8	654	Port Input	2	11784666	28344	1
8	654	Response	4	11784666	28344	1
8	655	Picture	ITI	11785808	0	1	34988	1	0	next	other	0
8	656	Sound	test	11805619	0	1			0		other	0
8	656	Picture	response	11820796	15177	1	7331	1	15000	25000	incorrect	1295
8	656	Port Input	1	11827936	22317	1
8	656	Response	3	11827936	22317	1
8	657	Picture	ITI	11828960	0	1	29157	1	0	next	other	0
8	658	Sound	test	11842951	0	1			0		other	0
8	658	Picture	response	11858116	15166	1	7164	1	15000	25000	incorrect	1300
8	658	Port Input	1	11865146	22195	1
8	658	Response	3	11865146	22195	1
8	659	Picture	ITI	11866280	0	1	27491	1	0	next	other	0
8	660	Sound	test	11882962	0	1			0		other	0
8	660	Picture	response	11893771	10809	1	6831	1	10700	25000	incorrect	1305
8	660	Port Input	2	11900493	17532	1
8	660	Response	4	11900493	17532	1
8	661	Picture	ITI	11901602	0	1	30490	1	0	next	other	0
8	662	Sound	test	11917043	0	1			0		other	0
8	662	Picture	response	11932091	15048	1	7997	1	15000	25000	incorrect	1310
8	662	Port Input	1	11940047	23004	1
8	662	Response	3	11940047	23004	1
8	663	Picture	ITI	11941088	0	1	29157	1	0	next	other	0
8	664	Sound	test	11957819	0	1			0		other	0
8	664	Picture	response	11970245	12425	1	6998	1	12250	25000	incorrect	1315
8	664	Port Input	2	11977122	19302	1
8	664	Response	4	11977122	19302	1
8	665	Picture	ITI	11978075	0	1	24658	1	0	next	other	0
8	666	Sound	test	11991857	0	1			0		other	0
8	666	Picture	response	12002734	10877	1	8497	1	10700	25000	incorrect	1320
8	666	Port Input	2	12011126	19269	1
8	666	Response	4	12011126	19269	1
8	667	Picture	ITI	12012064	0	1	28823	1	0	next	other	0
8	668	Sound	test	12027675	0	1			0		other	0
8	668	Picture	response	12040887	13212	1	9164	1	13100	25000	incorrect	1325
8	668	Port Input	2	12049939	22264	1
8	668	Response	4	12049939	22264	1
8	669	Picture	ITI	12051051	0	1	26658	1	0	next	other	0
8	670	Sound	test	12064452	0	1			0		other	0
8	670	Picture	response	12077708	13256	1	9497	1	13100	25000	incorrect	1330
8	670	Port Input	2	12087046	22594	1
8	670	Response	4	12087046	22594	1
8	671	Picture	ITI	12088205	0	1	22826	1	0	next	other	0
8	672	Sound	test	12100166	0	1			0		other	0
8	672	Picture	response	12111030	10864	1	7331	1	10700	25000	incorrect	1335
8	672	Port Input	2	12118249	18083	1
8	672	Response	4	12118249	18083	1
8	673	Picture	ITI	12119361	0	1	20160	1	0	next	other	0
8	674	Picture	Instruction	12139520	0	1	546865	1	0	next	other	0
8	674	Quit		12680860	541340	NA


{
   "app": "Presentation Version 20.2 Build 07.25.18",
   "device": "LENOVO 10A8S1PC00",
   "experiment": "{772213B2-5F0F-4A35-9C2F-36954700C7EA}",
   "os": "Windows 7 64 bit",
   "package": "",
   "parameters": {
      "configuration": "Default configuration"
   },
   "scenario": "Timing Task with Dynanometer.sce",
   "subject": "8",
   "timestamp": "2019/03/11 01:55:46 GMT"
}
