Scenario - Timing Task
Logfile written - 03/13/2019 17:37:45

Subject	Trial	Event Type	Code	Time	TTime	Uncertainty	Duration	Uncertainty	ReqTime	ReqDur	Stim Type	Pair Index

99	1	Picture	Instruction	666	0	1	10330	1	0	next	other	0
99	1	Response	1	5888	5222	0
99	1	Response	1	9008	8342	0
99	2	Picture	ITI	10996	0	1	10497	1	0	next	other	0
99	3	Sound	Stimuli	21011	0	401			0		other	0
99	4	Picture	Feedback	51316	0	1	20160	1	0	next	other	0
99	5	Picture	ITI	71475	0	1	10163	1	0	next	other	0
99	6	Sound	Stimuli	81477	0	1			0		other	0
99	7	Picture	Feedback	116460	0	1	20160	1	0	next	other	0
99	8	Picture	ITI	136620	0	1	10163	1	0	next	other	0
99	9	Sound	Stimuli	146621	0	1			0		other	0
99	10	Picture	Feedback	176773	0	1	20160	1	0	next	other	0
99	11	Picture	ITI	196933	0	1	10163	1	0	next	other	0
99	12	Sound	Stimuli	206934	0	1			0		other	0
99	13	Picture	Feedback	241917	0	1	20160	1	0	next	other	0
99	14	Picture	ITI	262077	0	1	10163	1	0	next	other	0
99	15	Sound	Stimuli	272078	0	1			0		other	0
99	16	Picture	Feedback	302063	0	1	20160	1	0	next	other	0
99	17	Picture	ITI	322223	0	1	10163	1	0	next	other	0
99	18	Sound	Stimuli	332224	0	1			0		other	0
99	19	Picture	Feedback	367208	0	1	20160	1	0	next	other	0
99	20	Picture	ITI	387368	0	1	10163	1	0	next	other	0
99	21	Sound	Stimuli	397369	0	1			0		other	0
99	22	Picture	Feedback	427354	0	1	20160	1	0	next	other	0
99	23	Picture	ITI	447514	0	1	10163	1	0	next	other	0
99	24	Sound	Stimuli	457515	0	1			0		other	0
99	25	Picture	Feedback	492665	0	1	20160	1	0	next	other	0
99	25	Response	1	507482	14818	0
99	26	Picture	ITI	512825	0	1	10163	1	0	next	other	0
99	27	Sound	Stimuli	522826	0	1			0		other	0
99	28	Picture	Feedback	552811	0	1	20160	1	0	next	other	0
99	29	Picture	ITI	572971	0	1	10163	1	0	next	other	0
99	30	Sound	Stimuli	582972	0	1			0		other	0
99	31	Picture	Feedback	617955	0	1	20160	1	0	next	other	0
99	32	Picture	End_Block	638115	0	1	6831	1	0	next	other	0
99	32	Response	1	644841	6725	0
99	33	Picture	ITI	644946	0	1	10163	1	0	next	other	0
99	34	Picture	Break	655109	0	1	5998	1	0	next	other	0
99	34	Response	1	661080	5971	0
99	35	Picture	ITI	661107	0	1	10163	1	0	next	other	0
99	36	Picture	Instruction	671271	0	1	21659	1	0	next	other	0
99	36	Response	1	687800	16529	0
99	37	Picture	ITI	692930	0	1	31822	1	0	next	other	0
99	37	Response	1	694520	1590	1
99	38	Sound	Practice	709651	0	1			0		other	0
99	38	Picture	response	724752	15101	1	4332	1	15000	25000	hit	48
99	38	Port Input	2	728952	19301	1
99	38	Response	4	728952	19301	1
99	39	Picture	ITI	739081	0	1	29990	1	0	next	other	0
99	40	Sound	Practice	753962	0	2			0		other	0
99	40	Picture	response	769070	15108	1	4998	1	15000	25000	hit	53
99	40	Port Input	2	773890	19928	1
99	40	Response	4	773890	19928	1
99	40A	Quit		783239	9348	NA


{
   "app": "Presentation Version 20.2 Build 07.25.18",
   "device": "LENOVO 10A8S1PC00",
   "experiment": "{772213B2-5F0F-4A35-9C2F-36954700C7EA}",
   "os": "Windows 7 64 bit",
   "package": "",
   "parameters": {
      "configuration": "Default configuration"
   },
   "scenario": "Timing Task with Dynanometer.sce",
   "subject": "99",
   "timestamp": "2019/03/13 09:36:26 GMT"
}
