Scenario - Timing Task
Logfile written - 03/18/2019 12:37:45

Subject	Trial	Event Type	Code	Time	TTime	Uncertainty	Duration	Uncertainty	ReqTime	ReqDur	Stim Type	Pair Index

999	1	Picture	Instruction	1666	0	1	694921	1	0	next	other	0
999	1	Response	1	691320	689655	0
999	1	Response	1	693400	691734	0
999	1	Response	1	695160	693494	0
999	2	Picture	ITI	696586	0	1	10829	1	0	next	other	0
999	2	Response	1	698440	1854	0
999	2	Response	1	700440	3853	1
999	2	Response	1	704840	8253	0
999	3	Sound	Stimuli	706603	0	775			0		other	0
999	4	Picture	Feedback	737239	0	1	12164	1	0	next	other	0
999	4	Quit		744279	7040	NA


{
   "app": "Presentation Version 20.2 Build 07.25.18",
   "device": "LENOVO 10A8S1PC00",
   "experiment": "{772213B2-5F0F-4A35-9C2F-36954700C7EA}",
   "os": "Windows 7 64 bit",
   "package": "",
   "parameters": {
      "configuration": "Default configuration"
   },
   "scenario": "Timing Task with Dynanometer.sce",
   "subject": "999",
   "timestamp": "2019/03/18 04:36:26 GMT"
}
